[2022-11-08T00:07:29.688+0000] {processor.py:154} INFO - Started process (PID=26119) to work on /opt/airflow/dags/my_dag.py
[2022-11-08T00:07:29.693+0000] {processor.py:756} INFO - Processing file /opt/airflow/dags/my_dag.py for tasks to queue
[2022-11-08T00:07:29.702+0000] {logging_mixin.py:120} INFO - [2022-11-08T00:07:29.702+0000] {dagbag.py:537} INFO - Filling up the DagBag from /opt/airflow/dags/my_dag.py
[2022-11-08T00:07:29.730+0000] {processor.py:766} INFO - DAG(s) dict_keys(['my_dag']) retrieved from /opt/airflow/dags/my_dag.py
[2022-11-08T00:07:29.775+0000] {logging_mixin.py:120} INFO - [2022-11-08T00:07:29.774+0000] {dag.py:2585} INFO - Sync 1 DAGs
[2022-11-08T00:07:29.799+0000] {logging_mixin.py:120} INFO - [2022-11-08T00:07:29.799+0000] {dag.py:3340} INFO - Setting next_dagrun for my_dag to 2022-11-08T00:00:00+00:00, run_after=2022-11-09T00:00:00+00:00
[2022-11-08T00:07:29.818+0000] {processor.py:176} INFO - Processing /opt/airflow/dags/my_dag.py took 0.132 seconds
[2022-11-08T00:23:48.669+0000] {processor.py:154} INFO - Started process (PID=26166) to work on /opt/airflow/dags/my_dag.py
[2022-11-08T00:23:48.669+0000] {processor.py:756} INFO - Processing file /opt/airflow/dags/my_dag.py for tasks to queue
[2022-11-08T00:23:48.670+0000] {logging_mixin.py:120} INFO - [2022-11-08T00:23:48.670+0000] {dagbag.py:537} INFO - Filling up the DagBag from /opt/airflow/dags/my_dag.py
[2022-11-08T00:23:48.696+0000] {processor.py:766} INFO - DAG(s) dict_keys(['my_dag']) retrieved from /opt/airflow/dags/my_dag.py
[2022-11-08T00:23:48.736+0000] {logging_mixin.py:120} INFO - [2022-11-08T00:23:48.736+0000] {dag.py:2585} INFO - Sync 1 DAGs
[2022-11-08T00:23:48.752+0000] {logging_mixin.py:120} INFO - [2022-11-08T00:23:48.752+0000] {dag.py:3340} INFO - Setting next_dagrun for my_dag to 2022-11-08T00:00:00+00:00, run_after=2022-11-09T00:00:00+00:00
[2022-11-08T00:23:48.790+0000] {processor.py:176} INFO - Processing /opt/airflow/dags/my_dag.py took 0.124 seconds
[2022-11-08T00:54:49.269+0000] {processor.py:154} INFO - Started process (PID=26212) to work on /opt/airflow/dags/my_dag.py
[2022-11-08T00:54:49.281+0000] {processor.py:756} INFO - Processing file /opt/airflow/dags/my_dag.py for tasks to queue
[2022-11-08T00:54:49.282+0000] {logging_mixin.py:120} INFO - [2022-11-08T00:54:49.282+0000] {dagbag.py:537} INFO - Filling up the DagBag from /opt/airflow/dags/my_dag.py
[2022-11-08T00:54:49.308+0000] {processor.py:766} INFO - DAG(s) dict_keys(['my_dag']) retrieved from /opt/airflow/dags/my_dag.py
[2022-11-08T00:54:49.372+0000] {logging_mixin.py:120} INFO - [2022-11-08T00:54:49.372+0000] {dag.py:2585} INFO - Sync 1 DAGs
[2022-11-08T00:54:49.395+0000] {logging_mixin.py:120} INFO - [2022-11-08T00:54:49.395+0000] {dag.py:3340} INFO - Setting next_dagrun for my_dag to 2022-11-08T00:00:00+00:00, run_after=2022-11-09T00:00:00+00:00
[2022-11-08T00:54:49.425+0000] {processor.py:176} INFO - Processing /opt/airflow/dags/my_dag.py took 0.159 seconds
[2022-11-08T01:29:17.386+0000] {processor.py:154} INFO - Started process (PID=26258) to work on /opt/airflow/dags/my_dag.py
[2022-11-08T01:29:17.386+0000] {processor.py:756} INFO - Processing file /opt/airflow/dags/my_dag.py for tasks to queue
[2022-11-08T01:29:17.397+0000] {logging_mixin.py:120} INFO - [2022-11-08T01:29:17.397+0000] {dagbag.py:537} INFO - Filling up the DagBag from /opt/airflow/dags/my_dag.py
[2022-11-08T01:29:17.425+0000] {processor.py:766} INFO - DAG(s) dict_keys(['my_dag']) retrieved from /opt/airflow/dags/my_dag.py
[2022-11-08T01:29:17.492+0000] {logging_mixin.py:120} INFO - [2022-11-08T01:29:17.492+0000] {dag.py:2585} INFO - Sync 1 DAGs
[2022-11-08T01:29:17.517+0000] {logging_mixin.py:120} INFO - [2022-11-08T01:29:17.517+0000] {dag.py:3340} INFO - Setting next_dagrun for my_dag to 2022-11-08T00:00:00+00:00, run_after=2022-11-09T00:00:00+00:00
[2022-11-08T01:29:17.541+0000] {processor.py:176} INFO - Processing /opt/airflow/dags/my_dag.py took 0.157 seconds
[2022-11-08T02:03:32.140+0000] {processor.py:154} INFO - Started process (PID=26304) to work on /opt/airflow/dags/my_dag.py
[2022-11-08T02:03:32.140+0000] {processor.py:756} INFO - Processing file /opt/airflow/dags/my_dag.py for tasks to queue
[2022-11-08T02:03:32.141+0000] {logging_mixin.py:120} INFO - [2022-11-08T02:03:32.141+0000] {dagbag.py:537} INFO - Filling up the DagBag from /opt/airflow/dags/my_dag.py
[2022-11-08T02:03:32.156+0000] {processor.py:766} INFO - DAG(s) dict_keys(['my_dag']) retrieved from /opt/airflow/dags/my_dag.py
[2022-11-08T02:03:32.176+0000] {logging_mixin.py:120} INFO - [2022-11-08T02:03:32.176+0000] {dag.py:2585} INFO - Sync 1 DAGs
[2022-11-08T02:03:32.189+0000] {logging_mixin.py:120} INFO - [2022-11-08T02:03:32.189+0000] {dag.py:3340} INFO - Setting next_dagrun for my_dag to 2022-11-08T00:00:00+00:00, run_after=2022-11-09T00:00:00+00:00
[2022-11-08T02:03:32.199+0000] {processor.py:176} INFO - Processing /opt/airflow/dags/my_dag.py took 0.061 seconds
[2022-11-08T02:04:39.518+0000] {processor.py:154} INFO - Started process (PID=26351) to work on /opt/airflow/dags/my_dag.py
[2022-11-08T02:04:39.518+0000] {processor.py:756} INFO - Processing file /opt/airflow/dags/my_dag.py for tasks to queue
[2022-11-08T02:04:39.519+0000] {logging_mixin.py:120} INFO - [2022-11-08T02:04:39.519+0000] {dagbag.py:537} INFO - Filling up the DagBag from /opt/airflow/dags/my_dag.py
[2022-11-08T02:04:39.538+0000] {processor.py:766} INFO - DAG(s) dict_keys(['my_dag']) retrieved from /opt/airflow/dags/my_dag.py
[2022-11-08T02:04:39.560+0000] {logging_mixin.py:120} INFO - [2022-11-08T02:04:39.560+0000] {dag.py:2585} INFO - Sync 1 DAGs
[2022-11-08T02:04:39.574+0000] {logging_mixin.py:120} INFO - [2022-11-08T02:04:39.574+0000] {dag.py:3340} INFO - Setting next_dagrun for my_dag to 2022-11-08T00:00:00+00:00, run_after=2022-11-09T00:00:00+00:00
[2022-11-08T02:04:39.585+0000] {processor.py:176} INFO - Processing /opt/airflow/dags/my_dag.py took 0.070 seconds
[2022-11-08T02:05:10.405+0000] {processor.py:154} INFO - Started process (PID=26412) to work on /opt/airflow/dags/my_dag.py
[2022-11-08T02:05:10.406+0000] {processor.py:756} INFO - Processing file /opt/airflow/dags/my_dag.py for tasks to queue
[2022-11-08T02:05:10.407+0000] {logging_mixin.py:120} INFO - [2022-11-08T02:05:10.407+0000] {dagbag.py:537} INFO - Filling up the DagBag from /opt/airflow/dags/my_dag.py
[2022-11-08T02:05:10.453+0000] {processor.py:766} INFO - DAG(s) dict_keys(['my_dag']) retrieved from /opt/airflow/dags/my_dag.py
[2022-11-08T02:05:10.476+0000] {logging_mixin.py:120} INFO - [2022-11-08T02:05:10.476+0000] {dag.py:2585} INFO - Sync 1 DAGs
[2022-11-08T02:05:10.490+0000] {logging_mixin.py:120} INFO - [2022-11-08T02:05:10.490+0000] {dag.py:3340} INFO - Setting next_dagrun for my_dag to 2022-11-08T00:00:00+00:00, run_after=2022-11-09T00:00:00+00:00
[2022-11-08T02:05:10.500+0000] {processor.py:176} INFO - Processing /opt/airflow/dags/my_dag.py took 0.102 seconds
[2022-11-08T02:05:41.491+0000] {processor.py:154} INFO - Started process (PID=26478) to work on /opt/airflow/dags/my_dag.py
[2022-11-08T02:05:41.493+0000] {processor.py:756} INFO - Processing file /opt/airflow/dags/my_dag.py for tasks to queue
[2022-11-08T02:05:41.494+0000] {logging_mixin.py:120} INFO - [2022-11-08T02:05:41.494+0000] {dagbag.py:537} INFO - Filling up the DagBag from /opt/airflow/dags/my_dag.py
[2022-11-08T02:05:41.524+0000] {processor.py:766} INFO - DAG(s) dict_keys(['my_dag']) retrieved from /opt/airflow/dags/my_dag.py
[2022-11-08T02:05:41.547+0000] {logging_mixin.py:120} INFO - [2022-11-08T02:05:41.547+0000] {dag.py:2585} INFO - Sync 1 DAGs
[2022-11-08T02:05:41.561+0000] {logging_mixin.py:120} INFO - [2022-11-08T02:05:41.561+0000] {dag.py:3340} INFO - Setting next_dagrun for my_dag to 2022-11-08T00:00:00+00:00, run_after=2022-11-09T00:00:00+00:00
[2022-11-08T02:05:41.570+0000] {processor.py:176} INFO - Processing /opt/airflow/dags/my_dag.py took 0.086 seconds
[2022-11-08T02:21:21.193+0000] {processor.py:154} INFO - Started process (PID=26525) to work on /opt/airflow/dags/my_dag.py
[2022-11-08T02:21:21.194+0000] {processor.py:756} INFO - Processing file /opt/airflow/dags/my_dag.py for tasks to queue
[2022-11-08T02:21:21.194+0000] {logging_mixin.py:120} INFO - [2022-11-08T02:21:21.194+0000] {dagbag.py:537} INFO - Filling up the DagBag from /opt/airflow/dags/my_dag.py
[2022-11-08T02:21:21.217+0000] {processor.py:766} INFO - DAG(s) dict_keys(['my_dag']) retrieved from /opt/airflow/dags/my_dag.py
[2022-11-08T02:21:21.239+0000] {logging_mixin.py:120} INFO - [2022-11-08T02:21:21.239+0000] {dag.py:2585} INFO - Sync 1 DAGs
[2022-11-08T02:21:21.254+0000] {logging_mixin.py:120} INFO - [2022-11-08T02:21:21.253+0000] {dag.py:3340} INFO - Setting next_dagrun for my_dag to 2022-11-08T00:00:00+00:00, run_after=2022-11-09T00:00:00+00:00
[2022-11-08T02:21:21.264+0000] {processor.py:176} INFO - Processing /opt/airflow/dags/my_dag.py took 0.073 seconds
[2022-11-08T02:24:36.777+0000] {processor.py:154} INFO - Started process (PID=26573) to work on /opt/airflow/dags/my_dag.py
[2022-11-08T02:24:36.778+0000] {processor.py:756} INFO - Processing file /opt/airflow/dags/my_dag.py for tasks to queue
[2022-11-08T02:24:36.779+0000] {logging_mixin.py:120} INFO - [2022-11-08T02:24:36.779+0000] {dagbag.py:537} INFO - Filling up the DagBag from /opt/airflow/dags/my_dag.py
[2022-11-08T02:24:36.796+0000] {processor.py:766} INFO - DAG(s) dict_keys(['my_dag']) retrieved from /opt/airflow/dags/my_dag.py
[2022-11-08T02:24:36.822+0000] {logging_mixin.py:120} INFO - [2022-11-08T02:24:36.822+0000] {dag.py:2585} INFO - Sync 1 DAGs
[2022-11-08T02:24:36.837+0000] {logging_mixin.py:120} INFO - [2022-11-08T02:24:36.837+0000] {dag.py:3340} INFO - Setting next_dagrun for my_dag to 2022-11-08T00:00:00+00:00, run_after=2022-11-09T00:00:00+00:00
[2022-11-08T02:24:36.846+0000] {processor.py:176} INFO - Processing /opt/airflow/dags/my_dag.py took 0.071 seconds
[2022-11-08T02:57:39.189+0000] {processor.py:154} INFO - Started process (PID=26622) to work on /opt/airflow/dags/my_dag.py
[2022-11-08T02:57:39.189+0000] {processor.py:756} INFO - Processing file /opt/airflow/dags/my_dag.py for tasks to queue
[2022-11-08T02:57:39.190+0000] {logging_mixin.py:120} INFO - [2022-11-08T02:57:39.190+0000] {dagbag.py:537} INFO - Filling up the DagBag from /opt/airflow/dags/my_dag.py
[2022-11-08T02:57:39.204+0000] {processor.py:766} INFO - DAG(s) dict_keys(['my_dag']) retrieved from /opt/airflow/dags/my_dag.py
[2022-11-08T02:57:39.224+0000] {logging_mixin.py:120} INFO - [2022-11-08T02:57:39.224+0000] {dag.py:2585} INFO - Sync 1 DAGs
[2022-11-08T02:57:39.238+0000] {logging_mixin.py:120} INFO - [2022-11-08T02:57:39.238+0000] {dag.py:3340} INFO - Setting next_dagrun for my_dag to 2022-11-08T00:00:00+00:00, run_after=2022-11-09T00:00:00+00:00
[2022-11-08T02:57:39.248+0000] {processor.py:176} INFO - Processing /opt/airflow/dags/my_dag.py took 0.061 seconds
[2022-11-08T02:59:38.108+0000] {processor.py:154} INFO - Started process (PID=26669) to work on /opt/airflow/dags/my_dag.py
[2022-11-08T02:59:38.110+0000] {processor.py:756} INFO - Processing file /opt/airflow/dags/my_dag.py for tasks to queue
[2022-11-08T02:59:38.111+0000] {logging_mixin.py:120} INFO - [2022-11-08T02:59:38.111+0000] {dagbag.py:537} INFO - Filling up the DagBag from /opt/airflow/dags/my_dag.py
[2022-11-08T02:59:38.137+0000] {processor.py:766} INFO - DAG(s) dict_keys(['my_dag']) retrieved from /opt/airflow/dags/my_dag.py
[2022-11-08T02:59:38.159+0000] {logging_mixin.py:120} INFO - [2022-11-08T02:59:38.159+0000] {dag.py:2585} INFO - Sync 1 DAGs
[2022-11-08T02:59:38.179+0000] {logging_mixin.py:120} INFO - [2022-11-08T02:59:38.179+0000] {dag.py:3340} INFO - Setting next_dagrun for my_dag to 2022-11-08T00:00:00+00:00, run_after=2022-11-09T00:00:00+00:00
[2022-11-08T02:59:38.192+0000] {processor.py:176} INFO - Processing /opt/airflow/dags/my_dag.py took 0.088 seconds
[2022-11-08T03:14:52.960+0000] {processor.py:154} INFO - Started process (PID=26716) to work on /opt/airflow/dags/my_dag.py
[2022-11-08T03:14:52.961+0000] {processor.py:756} INFO - Processing file /opt/airflow/dags/my_dag.py for tasks to queue
[2022-11-08T03:14:52.961+0000] {logging_mixin.py:120} INFO - [2022-11-08T03:14:52.961+0000] {dagbag.py:537} INFO - Filling up the DagBag from /opt/airflow/dags/my_dag.py
[2022-11-08T03:14:52.985+0000] {processor.py:766} INFO - DAG(s) dict_keys(['my_dag']) retrieved from /opt/airflow/dags/my_dag.py
[2022-11-08T03:14:53.037+0000] {logging_mixin.py:120} INFO - [2022-11-08T03:14:53.037+0000] {dag.py:2585} INFO - Sync 1 DAGs
[2022-11-08T03:14:53.056+0000] {logging_mixin.py:120} INFO - [2022-11-08T03:14:53.056+0000] {dag.py:3340} INFO - Setting next_dagrun for my_dag to 2022-11-08T00:00:00+00:00, run_after=2022-11-09T00:00:00+00:00
[2022-11-08T03:14:53.069+0000] {processor.py:176} INFO - Processing /opt/airflow/dags/my_dag.py took 0.111 seconds
[2022-11-08T03:21:59.378+0000] {processor.py:154} INFO - Started process (PID=26762) to work on /opt/airflow/dags/my_dag.py
[2022-11-08T03:21:59.379+0000] {processor.py:756} INFO - Processing file /opt/airflow/dags/my_dag.py for tasks to queue
[2022-11-08T03:21:59.380+0000] {logging_mixin.py:120} INFO - [2022-11-08T03:21:59.380+0000] {dagbag.py:537} INFO - Filling up the DagBag from /opt/airflow/dags/my_dag.py
[2022-11-08T03:21:59.395+0000] {processor.py:766} INFO - DAG(s) dict_keys(['my_dag']) retrieved from /opt/airflow/dags/my_dag.py
[2022-11-08T03:21:59.417+0000] {logging_mixin.py:120} INFO - [2022-11-08T03:21:59.417+0000] {dag.py:2585} INFO - Sync 1 DAGs
[2022-11-08T03:21:59.431+0000] {logging_mixin.py:120} INFO - [2022-11-08T03:21:59.431+0000] {dag.py:3340} INFO - Setting next_dagrun for my_dag to 2022-11-08T00:00:00+00:00, run_after=2022-11-09T00:00:00+00:00
[2022-11-08T03:21:59.442+0000] {processor.py:176} INFO - Processing /opt/airflow/dags/my_dag.py took 0.066 seconds
[2022-11-08T03:50:20.957+0000] {processor.py:154} INFO - Started process (PID=26820) to work on /opt/airflow/dags/my_dag.py
[2022-11-08T03:50:20.963+0000] {processor.py:756} INFO - Processing file /opt/airflow/dags/my_dag.py for tasks to queue
[2022-11-08T03:50:20.965+0000] {logging_mixin.py:120} INFO - [2022-11-08T03:50:20.965+0000] {dagbag.py:537} INFO - Filling up the DagBag from /opt/airflow/dags/my_dag.py
[2022-11-08T03:50:21.005+0000] {processor.py:766} INFO - DAG(s) dict_keys(['my_dag']) retrieved from /opt/airflow/dags/my_dag.py
[2022-11-08T03:50:21.070+0000] {logging_mixin.py:120} INFO - [2022-11-08T03:50:21.070+0000] {dag.py:2585} INFO - Sync 1 DAGs
[2022-11-08T03:50:21.120+0000] {logging_mixin.py:120} INFO - [2022-11-08T03:50:21.120+0000] {dag.py:3340} INFO - Setting next_dagrun for my_dag to 2022-11-08T00:00:00+00:00, run_after=2022-11-09T00:00:00+00:00
[2022-11-08T03:50:21.156+0000] {processor.py:176} INFO - Processing /opt/airflow/dags/my_dag.py took 0.204 seconds
[2022-11-08T04:05:34.386+0000] {processor.py:154} INFO - Started process (PID=26866) to work on /opt/airflow/dags/my_dag.py
[2022-11-08T04:05:34.386+0000] {processor.py:756} INFO - Processing file /opt/airflow/dags/my_dag.py for tasks to queue
[2022-11-08T04:05:34.387+0000] {logging_mixin.py:120} INFO - [2022-11-08T04:05:34.387+0000] {dagbag.py:537} INFO - Filling up the DagBag from /opt/airflow/dags/my_dag.py
[2022-11-08T04:05:34.400+0000] {processor.py:766} INFO - DAG(s) dict_keys(['my_dag']) retrieved from /opt/airflow/dags/my_dag.py
[2022-11-08T04:05:34.429+0000] {logging_mixin.py:120} INFO - [2022-11-08T04:05:34.429+0000] {dag.py:2585} INFO - Sync 1 DAGs
[2022-11-08T04:05:34.442+0000] {logging_mixin.py:120} INFO - [2022-11-08T04:05:34.442+0000] {dag.py:3340} INFO - Setting next_dagrun for my_dag to 2022-11-08T00:00:00+00:00, run_after=2022-11-09T00:00:00+00:00
[2022-11-08T04:05:34.450+0000] {processor.py:176} INFO - Processing /opt/airflow/dags/my_dag.py took 0.067 seconds
[2022-11-08T04:38:52.136+0000] {processor.py:154} INFO - Started process (PID=26903) to work on /opt/airflow/dags/my_dag.py
[2022-11-08T04:38:52.137+0000] {processor.py:756} INFO - Processing file /opt/airflow/dags/my_dag.py for tasks to queue
[2022-11-08T04:38:52.138+0000] {logging_mixin.py:120} INFO - [2022-11-08T04:38:52.138+0000] {dagbag.py:537} INFO - Filling up the DagBag from /opt/airflow/dags/my_dag.py
[2022-11-08T04:38:52.152+0000] {processor.py:766} INFO - DAG(s) dict_keys(['my_dag']) retrieved from /opt/airflow/dags/my_dag.py
[2022-11-08T04:38:52.172+0000] {logging_mixin.py:120} INFO - [2022-11-08T04:38:52.172+0000] {dag.py:2585} INFO - Sync 1 DAGs
[2022-11-08T04:38:52.185+0000] {logging_mixin.py:120} INFO - [2022-11-08T04:38:52.185+0000] {dag.py:3340} INFO - Setting next_dagrun for my_dag to 2022-11-08T00:00:00+00:00, run_after=2022-11-09T00:00:00+00:00
[2022-11-08T04:38:52.195+0000] {processor.py:176} INFO - Processing /opt/airflow/dags/my_dag.py took 0.062 seconds
[2022-11-08T05:10:13.836+0000] {processor.py:154} INFO - Started process (PID=26949) to work on /opt/airflow/dags/my_dag.py
[2022-11-08T05:10:13.843+0000] {processor.py:756} INFO - Processing file /opt/airflow/dags/my_dag.py for tasks to queue
[2022-11-08T05:10:13.844+0000] {logging_mixin.py:120} INFO - [2022-11-08T05:10:13.844+0000] {dagbag.py:537} INFO - Filling up the DagBag from /opt/airflow/dags/my_dag.py
[2022-11-08T05:10:13.873+0000] {processor.py:766} INFO - DAG(s) dict_keys(['my_dag']) retrieved from /opt/airflow/dags/my_dag.py
[2022-11-08T05:10:13.915+0000] {logging_mixin.py:120} INFO - [2022-11-08T05:10:13.915+0000] {dag.py:2585} INFO - Sync 1 DAGs
[2022-11-08T05:10:13.933+0000] {logging_mixin.py:120} INFO - [2022-11-08T05:10:13.933+0000] {dag.py:3340} INFO - Setting next_dagrun for my_dag to 2022-11-08T00:00:00+00:00, run_after=2022-11-09T00:00:00+00:00
[2022-11-08T05:10:13.944+0000] {processor.py:176} INFO - Processing /opt/airflow/dags/my_dag.py took 0.111 seconds
[2022-11-08T05:43:11.621+0000] {processor.py:154} INFO - Started process (PID=26995) to work on /opt/airflow/dags/my_dag.py
[2022-11-08T05:43:11.632+0000] {processor.py:756} INFO - Processing file /opt/airflow/dags/my_dag.py for tasks to queue
[2022-11-08T05:43:11.632+0000] {logging_mixin.py:120} INFO - [2022-11-08T05:43:11.632+0000] {dagbag.py:537} INFO - Filling up the DagBag from /opt/airflow/dags/my_dag.py
[2022-11-08T05:43:11.653+0000] {processor.py:766} INFO - DAG(s) dict_keys(['my_dag']) retrieved from /opt/airflow/dags/my_dag.py
[2022-11-08T05:43:11.683+0000] {logging_mixin.py:120} INFO - [2022-11-08T05:43:11.683+0000] {dag.py:2585} INFO - Sync 1 DAGs
[2022-11-08T05:43:11.698+0000] {logging_mixin.py:120} INFO - [2022-11-08T05:43:11.698+0000] {dag.py:3340} INFO - Setting next_dagrun for my_dag to 2022-11-08T00:00:00+00:00, run_after=2022-11-09T00:00:00+00:00
[2022-11-08T05:43:11.707+0000] {processor.py:176} INFO - Processing /opt/airflow/dags/my_dag.py took 0.090 seconds
[2022-11-08T05:59:10.772+0000] {processor.py:154} INFO - Started process (PID=27041) to work on /opt/airflow/dags/my_dag.py
[2022-11-08T05:59:10.779+0000] {processor.py:756} INFO - Processing file /opt/airflow/dags/my_dag.py for tasks to queue
[2022-11-08T05:59:10.779+0000] {logging_mixin.py:120} INFO - [2022-11-08T05:59:10.779+0000] {dagbag.py:537} INFO - Filling up the DagBag from /opt/airflow/dags/my_dag.py
[2022-11-08T05:59:10.811+0000] {processor.py:766} INFO - DAG(s) dict_keys(['my_dag']) retrieved from /opt/airflow/dags/my_dag.py
[2022-11-08T05:59:10.859+0000] {logging_mixin.py:120} INFO - [2022-11-08T05:59:10.859+0000] {dag.py:2585} INFO - Sync 1 DAGs
[2022-11-08T05:59:10.886+0000] {logging_mixin.py:120} INFO - [2022-11-08T05:59:10.886+0000] {dag.py:3340} INFO - Setting next_dagrun for my_dag to 2022-11-08T00:00:00+00:00, run_after=2022-11-09T00:00:00+00:00
[2022-11-08T05:59:10.908+0000] {processor.py:176} INFO - Processing /opt/airflow/dags/my_dag.py took 0.145 seconds
[2022-11-08T06:30:26.176+0000] {processor.py:154} INFO - Started process (PID=27087) to work on /opt/airflow/dags/my_dag.py
[2022-11-08T06:30:26.177+0000] {processor.py:756} INFO - Processing file /opt/airflow/dags/my_dag.py for tasks to queue
[2022-11-08T06:30:26.178+0000] {logging_mixin.py:120} INFO - [2022-11-08T06:30:26.178+0000] {dagbag.py:537} INFO - Filling up the DagBag from /opt/airflow/dags/my_dag.py
[2022-11-08T06:30:26.194+0000] {processor.py:766} INFO - DAG(s) dict_keys(['my_dag']) retrieved from /opt/airflow/dags/my_dag.py
[2022-11-08T06:30:26.215+0000] {logging_mixin.py:120} INFO - [2022-11-08T06:30:26.215+0000] {dag.py:2585} INFO - Sync 1 DAGs
[2022-11-08T06:30:26.230+0000] {logging_mixin.py:120} INFO - [2022-11-08T06:30:26.230+0000] {dag.py:3340} INFO - Setting next_dagrun for my_dag to 2022-11-08T00:00:00+00:00, run_after=2022-11-09T00:00:00+00:00
[2022-11-08T06:30:26.243+0000] {processor.py:176} INFO - Processing /opt/airflow/dags/my_dag.py took 0.068 seconds
[2022-11-08T07:03:25.242+0000] {processor.py:154} INFO - Started process (PID=27134) to work on /opt/airflow/dags/my_dag.py
[2022-11-08T07:03:25.242+0000] {processor.py:756} INFO - Processing file /opt/airflow/dags/my_dag.py for tasks to queue
[2022-11-08T07:03:25.243+0000] {logging_mixin.py:120} INFO - [2022-11-08T07:03:25.243+0000] {dagbag.py:537} INFO - Filling up the DagBag from /opt/airflow/dags/my_dag.py
[2022-11-08T07:03:25.257+0000] {processor.py:766} INFO - DAG(s) dict_keys(['my_dag']) retrieved from /opt/airflow/dags/my_dag.py
[2022-11-08T07:03:25.278+0000] {logging_mixin.py:120} INFO - [2022-11-08T07:03:25.278+0000] {dag.py:2585} INFO - Sync 1 DAGs
[2022-11-08T07:03:25.292+0000] {logging_mixin.py:120} INFO - [2022-11-08T07:03:25.292+0000] {dag.py:3340} INFO - Setting next_dagrun for my_dag to 2022-11-08T00:00:00+00:00, run_after=2022-11-09T00:00:00+00:00
[2022-11-08T07:03:25.303+0000] {processor.py:176} INFO - Processing /opt/airflow/dags/my_dag.py took 0.062 seconds
[2022-11-08T07:35:03.947+0000] {processor.py:154} INFO - Started process (PID=27179) to work on /opt/airflow/dags/my_dag.py
[2022-11-08T07:35:03.949+0000] {processor.py:756} INFO - Processing file /opt/airflow/dags/my_dag.py for tasks to queue
[2022-11-08T07:35:03.956+0000] {logging_mixin.py:120} INFO - [2022-11-08T07:35:03.956+0000] {dagbag.py:537} INFO - Filling up the DagBag from /opt/airflow/dags/my_dag.py
[2022-11-08T07:35:03.980+0000] {processor.py:766} INFO - DAG(s) dict_keys(['my_dag']) retrieved from /opt/airflow/dags/my_dag.py
[2022-11-08T07:35:04.068+0000] {logging_mixin.py:120} INFO - [2022-11-08T07:35:04.068+0000] {dag.py:2585} INFO - Sync 1 DAGs
[2022-11-08T07:35:04.100+0000] {logging_mixin.py:120} INFO - [2022-11-08T07:35:04.100+0000] {dag.py:3340} INFO - Setting next_dagrun for my_dag to 2022-11-08T00:00:00+00:00, run_after=2022-11-09T00:00:00+00:00
[2022-11-08T07:35:04.115+0000] {processor.py:176} INFO - Processing /opt/airflow/dags/my_dag.py took 0.182 seconds
[2022-11-08T08:09:16.906+0000] {processor.py:154} INFO - Started process (PID=27225) to work on /opt/airflow/dags/my_dag.py
[2022-11-08T08:09:16.906+0000] {processor.py:756} INFO - Processing file /opt/airflow/dags/my_dag.py for tasks to queue
[2022-11-08T08:09:16.907+0000] {logging_mixin.py:120} INFO - [2022-11-08T08:09:16.907+0000] {dagbag.py:537} INFO - Filling up the DagBag from /opt/airflow/dags/my_dag.py
[2022-11-08T08:09:16.936+0000] {processor.py:766} INFO - DAG(s) dict_keys(['my_dag']) retrieved from /opt/airflow/dags/my_dag.py
[2022-11-08T08:09:17.018+0000] {logging_mixin.py:120} INFO - [2022-11-08T08:09:17.018+0000] {dag.py:2585} INFO - Sync 1 DAGs
[2022-11-08T08:09:17.047+0000] {logging_mixin.py:120} INFO - [2022-11-08T08:09:17.047+0000] {dag.py:3340} INFO - Setting next_dagrun for my_dag to 2022-11-08T00:00:00+00:00, run_after=2022-11-09T00:00:00+00:00
[2022-11-08T08:09:17.089+0000] {processor.py:176} INFO - Processing /opt/airflow/dags/my_dag.py took 0.186 seconds
[2022-11-08T08:41:54.580+0000] {processor.py:154} INFO - Started process (PID=27273) to work on /opt/airflow/dags/my_dag.py
[2022-11-08T08:41:54.581+0000] {processor.py:756} INFO - Processing file /opt/airflow/dags/my_dag.py for tasks to queue
[2022-11-08T08:41:54.582+0000] {logging_mixin.py:120} INFO - [2022-11-08T08:41:54.582+0000] {dagbag.py:537} INFO - Filling up the DagBag from /opt/airflow/dags/my_dag.py
[2022-11-08T08:41:54.616+0000] {processor.py:766} INFO - DAG(s) dict_keys(['my_dag']) retrieved from /opt/airflow/dags/my_dag.py
[2022-11-08T08:41:54.675+0000] {logging_mixin.py:120} INFO - [2022-11-08T08:41:54.675+0000] {dag.py:2585} INFO - Sync 1 DAGs
[2022-11-08T08:41:54.697+0000] {logging_mixin.py:120} INFO - [2022-11-08T08:41:54.697+0000] {dag.py:3340} INFO - Setting next_dagrun for my_dag to 2022-11-08T00:00:00+00:00, run_after=2022-11-09T00:00:00+00:00
[2022-11-08T08:41:54.718+0000] {processor.py:176} INFO - Processing /opt/airflow/dags/my_dag.py took 0.141 seconds
[2022-11-08T08:58:36.546+0000] {processor.py:154} INFO - Started process (PID=27323) to work on /opt/airflow/dags/my_dag.py
[2022-11-08T08:58:36.547+0000] {processor.py:756} INFO - Processing file /opt/airflow/dags/my_dag.py for tasks to queue
[2022-11-08T08:58:36.547+0000] {logging_mixin.py:120} INFO - [2022-11-08T08:58:36.547+0000] {dagbag.py:537} INFO - Filling up the DagBag from /opt/airflow/dags/my_dag.py
[2022-11-08T08:58:36.563+0000] {processor.py:766} INFO - DAG(s) dict_keys(['my_dag']) retrieved from /opt/airflow/dags/my_dag.py
[2022-11-08T08:58:36.585+0000] {logging_mixin.py:120} INFO - [2022-11-08T08:58:36.585+0000] {dag.py:2585} INFO - Sync 1 DAGs
[2022-11-08T08:58:36.599+0000] {logging_mixin.py:120} INFO - [2022-11-08T08:58:36.599+0000] {dag.py:3340} INFO - Setting next_dagrun for my_dag to 2022-11-08T00:00:00+00:00, run_after=2022-11-09T00:00:00+00:00
[2022-11-08T08:58:36.609+0000] {processor.py:176} INFO - Processing /opt/airflow/dags/my_dag.py took 0.064 seconds
[2022-11-08T09:32:28.164+0000] {processor.py:154} INFO - Started process (PID=27370) to work on /opt/airflow/dags/my_dag.py
[2022-11-08T09:32:28.164+0000] {processor.py:756} INFO - Processing file /opt/airflow/dags/my_dag.py for tasks to queue
[2022-11-08T09:32:28.165+0000] {logging_mixin.py:120} INFO - [2022-11-08T09:32:28.165+0000] {dagbag.py:537} INFO - Filling up the DagBag from /opt/airflow/dags/my_dag.py
[2022-11-08T09:32:28.179+0000] {processor.py:766} INFO - DAG(s) dict_keys(['my_dag']) retrieved from /opt/airflow/dags/my_dag.py
[2022-11-08T09:32:28.200+0000] {logging_mixin.py:120} INFO - [2022-11-08T09:32:28.200+0000] {dag.py:2585} INFO - Sync 1 DAGs
[2022-11-08T09:32:28.214+0000] {logging_mixin.py:120} INFO - [2022-11-08T09:32:28.214+0000] {dag.py:3340} INFO - Setting next_dagrun for my_dag to 2022-11-08T00:00:00+00:00, run_after=2022-11-09T00:00:00+00:00
[2022-11-08T09:32:28.224+0000] {processor.py:176} INFO - Processing /opt/airflow/dags/my_dag.py took 0.063 seconds
[2022-11-08T10:06:24.982+0000] {processor.py:154} INFO - Started process (PID=27418) to work on /opt/airflow/dags/my_dag.py
[2022-11-08T10:06:24.982+0000] {processor.py:756} INFO - Processing file /opt/airflow/dags/my_dag.py for tasks to queue
[2022-11-08T10:06:24.983+0000] {logging_mixin.py:120} INFO - [2022-11-08T10:06:24.983+0000] {dagbag.py:537} INFO - Filling up the DagBag from /opt/airflow/dags/my_dag.py
[2022-11-08T10:06:25.017+0000] {processor.py:766} INFO - DAG(s) dict_keys(['my_dag']) retrieved from /opt/airflow/dags/my_dag.py
[2022-11-08T10:06:25.060+0000] {logging_mixin.py:120} INFO - [2022-11-08T10:06:25.059+0000] {dag.py:2585} INFO - Sync 1 DAGs
[2022-11-08T10:06:25.085+0000] {logging_mixin.py:120} INFO - [2022-11-08T10:06:25.085+0000] {dag.py:3340} INFO - Setting next_dagrun for my_dag to 2022-11-08T00:00:00+00:00, run_after=2022-11-09T00:00:00+00:00
[2022-11-08T10:06:25.109+0000] {processor.py:176} INFO - Processing /opt/airflow/dags/my_dag.py took 0.132 seconds
[2022-11-08T10:39:12.685+0000] {processor.py:154} INFO - Started process (PID=27466) to work on /opt/airflow/dags/my_dag.py
[2022-11-08T10:39:12.686+0000] {processor.py:756} INFO - Processing file /opt/airflow/dags/my_dag.py for tasks to queue
[2022-11-08T10:39:12.687+0000] {logging_mixin.py:120} INFO - [2022-11-08T10:39:12.687+0000] {dagbag.py:537} INFO - Filling up the DagBag from /opt/airflow/dags/my_dag.py
[2022-11-08T10:39:12.711+0000] {processor.py:766} INFO - DAG(s) dict_keys(['my_dag']) retrieved from /opt/airflow/dags/my_dag.py
[2022-11-08T10:39:12.749+0000] {logging_mixin.py:120} INFO - [2022-11-08T10:39:12.749+0000] {dag.py:2585} INFO - Sync 1 DAGs
[2022-11-08T10:39:12.773+0000] {logging_mixin.py:120} INFO - [2022-11-08T10:39:12.773+0000] {dag.py:3340} INFO - Setting next_dagrun for my_dag to 2022-11-08T00:00:00+00:00, run_after=2022-11-09T00:00:00+00:00
[2022-11-08T10:39:12.785+0000] {processor.py:176} INFO - Processing /opt/airflow/dags/my_dag.py took 0.105 seconds
[2022-11-08T11:11:40.556+0000] {processor.py:154} INFO - Started process (PID=27508) to work on /opt/airflow/dags/my_dag.py
[2022-11-08T11:11:40.557+0000] {processor.py:756} INFO - Processing file /opt/airflow/dags/my_dag.py for tasks to queue
[2022-11-08T11:11:40.558+0000] {logging_mixin.py:120} INFO - [2022-11-08T11:11:40.558+0000] {dagbag.py:537} INFO - Filling up the DagBag from /opt/airflow/dags/my_dag.py
[2022-11-08T11:11:40.588+0000] {processor.py:766} INFO - DAG(s) dict_keys(['my_dag']) retrieved from /opt/airflow/dags/my_dag.py
[2022-11-08T11:11:40.674+0000] {logging_mixin.py:120} INFO - [2022-11-08T11:11:40.674+0000] {dag.py:2585} INFO - Sync 1 DAGs
[2022-11-08T11:11:40.715+0000] {logging_mixin.py:120} INFO - [2022-11-08T11:11:40.715+0000] {dag.py:3340} INFO - Setting next_dagrun for my_dag to 2022-11-08T00:00:00+00:00, run_after=2022-11-09T00:00:00+00:00
[2022-11-08T11:11:40.736+0000] {processor.py:176} INFO - Processing /opt/airflow/dags/my_dag.py took 0.184 seconds
[2022-11-08T11:44:04.383+0000] {processor.py:154} INFO - Started process (PID=27552) to work on /opt/airflow/dags/my_dag.py
[2022-11-08T11:44:04.384+0000] {processor.py:756} INFO - Processing file /opt/airflow/dags/my_dag.py for tasks to queue
[2022-11-08T11:44:04.384+0000] {logging_mixin.py:120} INFO - [2022-11-08T11:44:04.384+0000] {dagbag.py:537} INFO - Filling up the DagBag from /opt/airflow/dags/my_dag.py
[2022-11-08T11:44:04.402+0000] {processor.py:766} INFO - DAG(s) dict_keys(['my_dag']) retrieved from /opt/airflow/dags/my_dag.py
[2022-11-08T11:44:04.424+0000] {logging_mixin.py:120} INFO - [2022-11-08T11:44:04.424+0000] {dag.py:2585} INFO - Sync 1 DAGs
[2022-11-08T11:44:04.439+0000] {logging_mixin.py:120} INFO - [2022-11-08T11:44:04.439+0000] {dag.py:3340} INFO - Setting next_dagrun for my_dag to 2022-11-08T00:00:00+00:00, run_after=2022-11-09T00:00:00+00:00
[2022-11-08T11:44:04.449+0000] {processor.py:176} INFO - Processing /opt/airflow/dags/my_dag.py took 0.069 seconds
[2022-11-08T11:44:34.702+0000] {processor.py:154} INFO - Started process (PID=27618) to work on /opt/airflow/dags/my_dag.py
[2022-11-08T11:44:34.704+0000] {processor.py:756} INFO - Processing file /opt/airflow/dags/my_dag.py for tasks to queue
[2022-11-08T11:44:34.706+0000] {logging_mixin.py:120} INFO - [2022-11-08T11:44:34.706+0000] {dagbag.py:537} INFO - Filling up the DagBag from /opt/airflow/dags/my_dag.py
[2022-11-08T11:44:34.736+0000] {processor.py:766} INFO - DAG(s) dict_keys(['my_dag']) retrieved from /opt/airflow/dags/my_dag.py
[2022-11-08T11:44:34.764+0000] {logging_mixin.py:120} INFO - [2022-11-08T11:44:34.764+0000] {dag.py:2585} INFO - Sync 1 DAGs
[2022-11-08T11:44:34.782+0000] {logging_mixin.py:120} INFO - [2022-11-08T11:44:34.782+0000] {dag.py:3340} INFO - Setting next_dagrun for my_dag to 2022-11-08T00:00:00+00:00, run_after=2022-11-09T00:00:00+00:00
[2022-11-08T11:44:34.794+0000] {processor.py:176} INFO - Processing /opt/airflow/dags/my_dag.py took 0.099 seconds
[2022-11-08T11:45:05.628+0000] {processor.py:154} INFO - Started process (PID=27682) to work on /opt/airflow/dags/my_dag.py
[2022-11-08T11:45:05.630+0000] {processor.py:756} INFO - Processing file /opt/airflow/dags/my_dag.py for tasks to queue
[2022-11-08T11:45:05.631+0000] {logging_mixin.py:120} INFO - [2022-11-08T11:45:05.631+0000] {dagbag.py:537} INFO - Filling up the DagBag from /opt/airflow/dags/my_dag.py
[2022-11-08T11:45:05.657+0000] {processor.py:766} INFO - DAG(s) dict_keys(['my_dag']) retrieved from /opt/airflow/dags/my_dag.py
[2022-11-08T11:45:05.681+0000] {logging_mixin.py:120} INFO - [2022-11-08T11:45:05.681+0000] {dag.py:2585} INFO - Sync 1 DAGs
[2022-11-08T11:45:05.696+0000] {logging_mixin.py:120} INFO - [2022-11-08T11:45:05.696+0000] {dag.py:3340} INFO - Setting next_dagrun for my_dag to 2022-11-08T00:00:00+00:00, run_after=2022-11-09T00:00:00+00:00
[2022-11-08T11:45:05.706+0000] {processor.py:176} INFO - Processing /opt/airflow/dags/my_dag.py took 0.083 seconds
[2022-11-08T11:45:36.668+0000] {processor.py:154} INFO - Started process (PID=27752) to work on /opt/airflow/dags/my_dag.py
[2022-11-08T11:45:36.670+0000] {processor.py:756} INFO - Processing file /opt/airflow/dags/my_dag.py for tasks to queue
[2022-11-08T11:45:36.671+0000] {logging_mixin.py:120} INFO - [2022-11-08T11:45:36.670+0000] {dagbag.py:537} INFO - Filling up the DagBag from /opt/airflow/dags/my_dag.py
[2022-11-08T11:45:36.696+0000] {processor.py:766} INFO - DAG(s) dict_keys(['my_dag']) retrieved from /opt/airflow/dags/my_dag.py
[2022-11-08T11:45:36.721+0000] {logging_mixin.py:120} INFO - [2022-11-08T11:45:36.721+0000] {dag.py:2585} INFO - Sync 1 DAGs
[2022-11-08T11:45:36.734+0000] {logging_mixin.py:120} INFO - [2022-11-08T11:45:36.734+0000] {dag.py:3340} INFO - Setting next_dagrun for my_dag to 2022-11-08T00:00:00+00:00, run_after=2022-11-09T00:00:00+00:00
[2022-11-08T11:45:36.744+0000] {processor.py:176} INFO - Processing /opt/airflow/dags/my_dag.py took 0.080 seconds
[2022-11-08T11:46:07.521+0000] {processor.py:154} INFO - Started process (PID=27819) to work on /opt/airflow/dags/my_dag.py
[2022-11-08T11:46:07.523+0000] {processor.py:756} INFO - Processing file /opt/airflow/dags/my_dag.py for tasks to queue
[2022-11-08T11:46:07.524+0000] {logging_mixin.py:120} INFO - [2022-11-08T11:46:07.524+0000] {dagbag.py:537} INFO - Filling up the DagBag from /opt/airflow/dags/my_dag.py
[2022-11-08T11:46:07.551+0000] {processor.py:766} INFO - DAG(s) dict_keys(['my_dag']) retrieved from /opt/airflow/dags/my_dag.py
[2022-11-08T11:46:07.575+0000] {logging_mixin.py:120} INFO - [2022-11-08T11:46:07.575+0000] {dag.py:2585} INFO - Sync 1 DAGs
[2022-11-08T11:46:07.589+0000] {logging_mixin.py:120} INFO - [2022-11-08T11:46:07.589+0000] {dag.py:3340} INFO - Setting next_dagrun for my_dag to 2022-11-08T00:00:00+00:00, run_after=2022-11-09T00:00:00+00:00
[2022-11-08T11:46:07.601+0000] {processor.py:176} INFO - Processing /opt/airflow/dags/my_dag.py took 0.085 seconds
[2022-11-08T11:46:38.622+0000] {processor.py:154} INFO - Started process (PID=27887) to work on /opt/airflow/dags/my_dag.py
[2022-11-08T11:46:38.623+0000] {processor.py:756} INFO - Processing file /opt/airflow/dags/my_dag.py for tasks to queue
[2022-11-08T11:46:38.624+0000] {logging_mixin.py:120} INFO - [2022-11-08T11:46:38.624+0000] {dagbag.py:537} INFO - Filling up the DagBag from /opt/airflow/dags/my_dag.py
[2022-11-08T11:46:38.642+0000] {processor.py:766} INFO - DAG(s) dict_keys(['my_dag']) retrieved from /opt/airflow/dags/my_dag.py
[2022-11-08T11:46:38.683+0000] {logging_mixin.py:120} INFO - [2022-11-08T11:46:38.683+0000] {dag.py:2585} INFO - Sync 1 DAGs
[2022-11-08T11:46:38.699+0000] {logging_mixin.py:120} INFO - [2022-11-08T11:46:38.699+0000] {dag.py:3340} INFO - Setting next_dagrun for my_dag to 2022-11-08T00:00:00+00:00, run_after=2022-11-09T00:00:00+00:00
[2022-11-08T11:46:38.709+0000] {processor.py:176} INFO - Processing /opt/airflow/dags/my_dag.py took 0.091 seconds
[2022-11-08T11:47:09.305+0000] {processor.py:154} INFO - Started process (PID=27944) to work on /opt/airflow/dags/my_dag.py
[2022-11-08T11:47:09.306+0000] {processor.py:756} INFO - Processing file /opt/airflow/dags/my_dag.py for tasks to queue
[2022-11-08T11:47:09.307+0000] {logging_mixin.py:120} INFO - [2022-11-08T11:47:09.307+0000] {dagbag.py:537} INFO - Filling up the DagBag from /opt/airflow/dags/my_dag.py
[2022-11-08T11:47:09.334+0000] {processor.py:766} INFO - DAG(s) dict_keys(['my_dag']) retrieved from /opt/airflow/dags/my_dag.py
[2022-11-08T11:47:09.357+0000] {logging_mixin.py:120} INFO - [2022-11-08T11:47:09.357+0000] {dag.py:2585} INFO - Sync 1 DAGs
[2022-11-08T11:47:09.371+0000] {logging_mixin.py:120} INFO - [2022-11-08T11:47:09.371+0000] {dag.py:3340} INFO - Setting next_dagrun for my_dag to 2022-11-08T00:00:00+00:00, run_after=2022-11-09T00:00:00+00:00
[2022-11-08T11:47:09.381+0000] {processor.py:176} INFO - Processing /opt/airflow/dags/my_dag.py took 0.082 seconds
[2022-11-08T11:47:40.273+0000] {processor.py:154} INFO - Started process (PID=28012) to work on /opt/airflow/dags/my_dag.py
[2022-11-08T11:47:40.275+0000] {processor.py:756} INFO - Processing file /opt/airflow/dags/my_dag.py for tasks to queue
[2022-11-08T11:47:40.276+0000] {logging_mixin.py:120} INFO - [2022-11-08T11:47:40.276+0000] {dagbag.py:537} INFO - Filling up the DagBag from /opt/airflow/dags/my_dag.py
[2022-11-08T11:47:40.300+0000] {processor.py:766} INFO - DAG(s) dict_keys(['my_dag']) retrieved from /opt/airflow/dags/my_dag.py
[2022-11-08T11:47:40.325+0000] {logging_mixin.py:120} INFO - [2022-11-08T11:47:40.325+0000] {dag.py:2585} INFO - Sync 1 DAGs
[2022-11-08T11:47:40.338+0000] {logging_mixin.py:120} INFO - [2022-11-08T11:47:40.338+0000] {dag.py:3340} INFO - Setting next_dagrun for my_dag to 2022-11-08T00:00:00+00:00, run_after=2022-11-09T00:00:00+00:00
[2022-11-08T11:47:40.347+0000] {processor.py:176} INFO - Processing /opt/airflow/dags/my_dag.py took 0.080 seconds
[2022-11-08T11:48:11.215+0000] {processor.py:154} INFO - Started process (PID=28078) to work on /opt/airflow/dags/my_dag.py
[2022-11-08T11:48:11.216+0000] {processor.py:756} INFO - Processing file /opt/airflow/dags/my_dag.py for tasks to queue
[2022-11-08T11:48:11.217+0000] {logging_mixin.py:120} INFO - [2022-11-08T11:48:11.217+0000] {dagbag.py:537} INFO - Filling up the DagBag from /opt/airflow/dags/my_dag.py
[2022-11-08T11:48:11.246+0000] {processor.py:766} INFO - DAG(s) dict_keys(['my_dag']) retrieved from /opt/airflow/dags/my_dag.py
[2022-11-08T11:48:11.270+0000] {logging_mixin.py:120} INFO - [2022-11-08T11:48:11.269+0000] {dag.py:2585} INFO - Sync 1 DAGs
[2022-11-08T11:48:11.283+0000] {logging_mixin.py:120} INFO - [2022-11-08T11:48:11.283+0000] {dag.py:3340} INFO - Setting next_dagrun for my_dag to 2022-11-08T00:00:00+00:00, run_after=2022-11-09T00:00:00+00:00
[2022-11-08T11:48:11.293+0000] {processor.py:176} INFO - Processing /opt/airflow/dags/my_dag.py took 0.083 seconds
[2022-11-08T11:48:42.156+0000] {processor.py:154} INFO - Started process (PID=28145) to work on /opt/airflow/dags/my_dag.py
[2022-11-08T11:48:42.158+0000] {processor.py:756} INFO - Processing file /opt/airflow/dags/my_dag.py for tasks to queue
[2022-11-08T11:48:42.159+0000] {logging_mixin.py:120} INFO - [2022-11-08T11:48:42.159+0000] {dagbag.py:537} INFO - Filling up the DagBag from /opt/airflow/dags/my_dag.py
[2022-11-08T11:48:42.184+0000] {processor.py:766} INFO - DAG(s) dict_keys(['my_dag']) retrieved from /opt/airflow/dags/my_dag.py
[2022-11-08T11:48:42.208+0000] {logging_mixin.py:120} INFO - [2022-11-08T11:48:42.208+0000] {dag.py:2585} INFO - Sync 1 DAGs
[2022-11-08T11:48:42.222+0000] {logging_mixin.py:120} INFO - [2022-11-08T11:48:42.222+0000] {dag.py:3340} INFO - Setting next_dagrun for my_dag to 2022-11-08T00:00:00+00:00, run_after=2022-11-09T00:00:00+00:00
[2022-11-08T11:48:42.232+0000] {processor.py:176} INFO - Processing /opt/airflow/dags/my_dag.py took 0.081 seconds
[2022-11-08T11:49:13.093+0000] {processor.py:154} INFO - Started process (PID=28212) to work on /opt/airflow/dags/my_dag.py
[2022-11-08T11:49:13.095+0000] {processor.py:756} INFO - Processing file /opt/airflow/dags/my_dag.py for tasks to queue
[2022-11-08T11:49:13.095+0000] {logging_mixin.py:120} INFO - [2022-11-08T11:49:13.095+0000] {dagbag.py:537} INFO - Filling up the DagBag from /opt/airflow/dags/my_dag.py
[2022-11-08T11:49:13.120+0000] {processor.py:766} INFO - DAG(s) dict_keys(['my_dag']) retrieved from /opt/airflow/dags/my_dag.py
[2022-11-08T11:49:13.143+0000] {logging_mixin.py:120} INFO - [2022-11-08T11:49:13.143+0000] {dag.py:2585} INFO - Sync 1 DAGs
[2022-11-08T11:49:13.156+0000] {logging_mixin.py:120} INFO - [2022-11-08T11:49:13.156+0000] {dag.py:3340} INFO - Setting next_dagrun for my_dag to 2022-11-08T00:00:00+00:00, run_after=2022-11-09T00:00:00+00:00
[2022-11-08T11:49:13.166+0000] {processor.py:176} INFO - Processing /opt/airflow/dags/my_dag.py took 0.077 seconds
[2022-11-08T11:49:43.977+0000] {processor.py:154} INFO - Started process (PID=28279) to work on /opt/airflow/dags/my_dag.py
[2022-11-08T11:49:43.979+0000] {processor.py:756} INFO - Processing file /opt/airflow/dags/my_dag.py for tasks to queue
[2022-11-08T11:49:43.979+0000] {logging_mixin.py:120} INFO - [2022-11-08T11:49:43.979+0000] {dagbag.py:537} INFO - Filling up the DagBag from /opt/airflow/dags/my_dag.py
[2022-11-08T11:49:44.006+0000] {processor.py:766} INFO - DAG(s) dict_keys(['my_dag']) retrieved from /opt/airflow/dags/my_dag.py
[2022-11-08T11:49:44.031+0000] {logging_mixin.py:120} INFO - [2022-11-08T11:49:44.031+0000] {dag.py:2585} INFO - Sync 1 DAGs
[2022-11-08T11:49:44.046+0000] {logging_mixin.py:120} INFO - [2022-11-08T11:49:44.046+0000] {dag.py:3340} INFO - Setting next_dagrun for my_dag to 2022-11-08T00:00:00+00:00, run_after=2022-11-09T00:00:00+00:00
[2022-11-08T11:49:44.057+0000] {processor.py:176} INFO - Processing /opt/airflow/dags/my_dag.py took 0.087 seconds
[2022-11-08T11:50:14.951+0000] {processor.py:154} INFO - Started process (PID=28345) to work on /opt/airflow/dags/my_dag.py
[2022-11-08T11:50:14.952+0000] {processor.py:756} INFO - Processing file /opt/airflow/dags/my_dag.py for tasks to queue
[2022-11-08T11:50:14.954+0000] {logging_mixin.py:120} INFO - [2022-11-08T11:50:14.953+0000] {dagbag.py:537} INFO - Filling up the DagBag from /opt/airflow/dags/my_dag.py
[2022-11-08T11:50:14.974+0000] {processor.py:766} INFO - DAG(s) dict_keys(['my_dag']) retrieved from /opt/airflow/dags/my_dag.py
[2022-11-08T11:50:14.999+0000] {logging_mixin.py:120} INFO - [2022-11-08T11:50:14.998+0000] {dag.py:2585} INFO - Sync 1 DAGs
[2022-11-08T11:50:15.012+0000] {logging_mixin.py:120} INFO - [2022-11-08T11:50:15.012+0000] {dag.py:3340} INFO - Setting next_dagrun for my_dag to 2022-11-08T00:00:00+00:00, run_after=2022-11-09T00:00:00+00:00
[2022-11-08T11:50:15.023+0000] {processor.py:176} INFO - Processing /opt/airflow/dags/my_dag.py took 0.078 seconds
[2022-11-08T11:50:45.682+0000] {processor.py:154} INFO - Started process (PID=28411) to work on /opt/airflow/dags/my_dag.py
[2022-11-08T11:50:45.683+0000] {processor.py:756} INFO - Processing file /opt/airflow/dags/my_dag.py for tasks to queue
[2022-11-08T11:50:45.684+0000] {logging_mixin.py:120} INFO - [2022-11-08T11:50:45.684+0000] {dagbag.py:537} INFO - Filling up the DagBag from /opt/airflow/dags/my_dag.py
[2022-11-08T11:50:45.706+0000] {processor.py:766} INFO - DAG(s) dict_keys(['my_dag']) retrieved from /opt/airflow/dags/my_dag.py
[2022-11-08T11:50:45.739+0000] {logging_mixin.py:120} INFO - [2022-11-08T11:50:45.739+0000] {dag.py:2585} INFO - Sync 1 DAGs
[2022-11-08T11:50:45.764+0000] {logging_mixin.py:120} INFO - [2022-11-08T11:50:45.764+0000] {dag.py:3340} INFO - Setting next_dagrun for my_dag to 2022-11-08T00:00:00+00:00, run_after=2022-11-09T00:00:00+00:00
[2022-11-08T11:50:45.776+0000] {processor.py:176} INFO - Processing /opt/airflow/dags/my_dag.py took 0.098 seconds
[2022-11-08T11:51:16.764+0000] {processor.py:154} INFO - Started process (PID=28479) to work on /opt/airflow/dags/my_dag.py
[2022-11-08T11:51:16.765+0000] {processor.py:756} INFO - Processing file /opt/airflow/dags/my_dag.py for tasks to queue
[2022-11-08T11:51:16.765+0000] {logging_mixin.py:120} INFO - [2022-11-08T11:51:16.765+0000] {dagbag.py:537} INFO - Filling up the DagBag from /opt/airflow/dags/my_dag.py
[2022-11-08T11:51:16.781+0000] {processor.py:766} INFO - DAG(s) dict_keys(['my_dag']) retrieved from /opt/airflow/dags/my_dag.py
[2022-11-08T11:51:16.803+0000] {logging_mixin.py:120} INFO - [2022-11-08T11:51:16.803+0000] {dag.py:2585} INFO - Sync 1 DAGs
[2022-11-08T11:51:16.816+0000] {logging_mixin.py:120} INFO - [2022-11-08T11:51:16.816+0000] {dag.py:3340} INFO - Setting next_dagrun for my_dag to 2022-11-08T00:00:00+00:00, run_after=2022-11-09T00:00:00+00:00
[2022-11-08T11:51:16.826+0000] {processor.py:176} INFO - Processing /opt/airflow/dags/my_dag.py took 0.064 seconds
[2022-11-08T11:51:46.927+0000] {processor.py:154} INFO - Started process (PID=28536) to work on /opt/airflow/dags/my_dag.py
[2022-11-08T11:51:46.929+0000] {processor.py:756} INFO - Processing file /opt/airflow/dags/my_dag.py for tasks to queue
[2022-11-08T11:51:46.930+0000] {logging_mixin.py:120} INFO - [2022-11-08T11:51:46.930+0000] {dagbag.py:537} INFO - Filling up the DagBag from /opt/airflow/dags/my_dag.py
[2022-11-08T11:51:46.951+0000] {processor.py:766} INFO - DAG(s) dict_keys(['my_dag']) retrieved from /opt/airflow/dags/my_dag.py
[2022-11-08T11:51:46.976+0000] {logging_mixin.py:120} INFO - [2022-11-08T11:51:46.976+0000] {dag.py:2585} INFO - Sync 1 DAGs
[2022-11-08T11:51:46.990+0000] {logging_mixin.py:120} INFO - [2022-11-08T11:51:46.990+0000] {dag.py:3340} INFO - Setting next_dagrun for my_dag to 2022-11-08T00:00:00+00:00, run_after=2022-11-09T00:00:00+00:00
[2022-11-08T11:51:46.999+0000] {processor.py:176} INFO - Processing /opt/airflow/dags/my_dag.py took 0.079 seconds
[2022-11-08T11:52:17.859+0000] {processor.py:154} INFO - Started process (PID=28606) to work on /opt/airflow/dags/my_dag.py
[2022-11-08T11:52:17.860+0000] {processor.py:756} INFO - Processing file /opt/airflow/dags/my_dag.py for tasks to queue
[2022-11-08T11:52:17.861+0000] {logging_mixin.py:120} INFO - [2022-11-08T11:52:17.861+0000] {dagbag.py:537} INFO - Filling up the DagBag from /opt/airflow/dags/my_dag.py
[2022-11-08T11:52:17.884+0000] {processor.py:766} INFO - DAG(s) dict_keys(['my_dag']) retrieved from /opt/airflow/dags/my_dag.py
[2022-11-08T11:52:17.907+0000] {logging_mixin.py:120} INFO - [2022-11-08T11:52:17.907+0000] {dag.py:2585} INFO - Sync 1 DAGs
[2022-11-08T11:52:17.921+0000] {logging_mixin.py:120} INFO - [2022-11-08T11:52:17.921+0000] {dag.py:3340} INFO - Setting next_dagrun for my_dag to 2022-11-08T00:00:00+00:00, run_after=2022-11-09T00:00:00+00:00
[2022-11-08T11:52:17.932+0000] {processor.py:176} INFO - Processing /opt/airflow/dags/my_dag.py took 0.079 seconds
[2022-11-08T11:52:48.624+0000] {processor.py:154} INFO - Started process (PID=28672) to work on /opt/airflow/dags/my_dag.py
[2022-11-08T11:52:48.625+0000] {processor.py:756} INFO - Processing file /opt/airflow/dags/my_dag.py for tasks to queue
[2022-11-08T11:52:48.626+0000] {logging_mixin.py:120} INFO - [2022-11-08T11:52:48.626+0000] {dagbag.py:537} INFO - Filling up the DagBag from /opt/airflow/dags/my_dag.py
[2022-11-08T11:52:48.652+0000] {processor.py:766} INFO - DAG(s) dict_keys(['my_dag']) retrieved from /opt/airflow/dags/my_dag.py
[2022-11-08T11:52:48.675+0000] {logging_mixin.py:120} INFO - [2022-11-08T11:52:48.675+0000] {dag.py:2585} INFO - Sync 1 DAGs
[2022-11-08T11:52:48.690+0000] {logging_mixin.py:120} INFO - [2022-11-08T11:52:48.690+0000] {dag.py:3340} INFO - Setting next_dagrun for my_dag to 2022-11-08T00:00:00+00:00, run_after=2022-11-09T00:00:00+00:00
[2022-11-08T11:52:48.700+0000] {processor.py:176} INFO - Processing /opt/airflow/dags/my_dag.py took 0.083 seconds
[2022-11-08T11:53:19.394+0000] {processor.py:154} INFO - Started process (PID=28739) to work on /opt/airflow/dags/my_dag.py
[2022-11-08T11:53:19.395+0000] {processor.py:756} INFO - Processing file /opt/airflow/dags/my_dag.py for tasks to queue
[2022-11-08T11:53:19.396+0000] {logging_mixin.py:120} INFO - [2022-11-08T11:53:19.396+0000] {dagbag.py:537} INFO - Filling up the DagBag from /opt/airflow/dags/my_dag.py
[2022-11-08T11:53:19.418+0000] {processor.py:766} INFO - DAG(s) dict_keys(['my_dag']) retrieved from /opt/airflow/dags/my_dag.py
[2022-11-08T11:53:19.441+0000] {logging_mixin.py:120} INFO - [2022-11-08T11:53:19.441+0000] {dag.py:2585} INFO - Sync 1 DAGs
[2022-11-08T11:53:19.454+0000] {logging_mixin.py:120} INFO - [2022-11-08T11:53:19.454+0000] {dag.py:3340} INFO - Setting next_dagrun for my_dag to 2022-11-08T00:00:00+00:00, run_after=2022-11-09T00:00:00+00:00
[2022-11-08T11:53:19.464+0000] {processor.py:176} INFO - Processing /opt/airflow/dags/my_dag.py took 0.074 seconds
[2022-11-08T11:53:50.369+0000] {processor.py:154} INFO - Started process (PID=28806) to work on /opt/airflow/dags/my_dag.py
[2022-11-08T11:53:50.370+0000] {processor.py:756} INFO - Processing file /opt/airflow/dags/my_dag.py for tasks to queue
[2022-11-08T11:53:50.371+0000] {logging_mixin.py:120} INFO - [2022-11-08T11:53:50.371+0000] {dagbag.py:537} INFO - Filling up the DagBag from /opt/airflow/dags/my_dag.py
[2022-11-08T11:53:50.390+0000] {processor.py:766} INFO - DAG(s) dict_keys(['my_dag']) retrieved from /opt/airflow/dags/my_dag.py
[2022-11-08T11:53:50.413+0000] {logging_mixin.py:120} INFO - [2022-11-08T11:53:50.413+0000] {dag.py:2585} INFO - Sync 1 DAGs
[2022-11-08T11:53:50.426+0000] {logging_mixin.py:120} INFO - [2022-11-08T11:53:50.425+0000] {dag.py:3340} INFO - Setting next_dagrun for my_dag to 2022-11-08T00:00:00+00:00, run_after=2022-11-09T00:00:00+00:00
[2022-11-08T11:53:50.436+0000] {processor.py:176} INFO - Processing /opt/airflow/dags/my_dag.py took 0.073 seconds
[2022-11-08T12:01:03.215+0000] {processor.py:154} INFO - Started process (PID=28853) to work on /opt/airflow/dags/my_dag.py
[2022-11-08T12:01:03.216+0000] {processor.py:756} INFO - Processing file /opt/airflow/dags/my_dag.py for tasks to queue
[2022-11-08T12:01:03.216+0000] {logging_mixin.py:120} INFO - [2022-11-08T12:01:03.216+0000] {dagbag.py:537} INFO - Filling up the DagBag from /opt/airflow/dags/my_dag.py
[2022-11-08T12:01:03.230+0000] {processor.py:766} INFO - DAG(s) dict_keys(['my_dag']) retrieved from /opt/airflow/dags/my_dag.py
[2022-11-08T12:01:03.251+0000] {logging_mixin.py:120} INFO - [2022-11-08T12:01:03.251+0000] {dag.py:2585} INFO - Sync 1 DAGs
[2022-11-08T12:01:03.264+0000] {logging_mixin.py:120} INFO - [2022-11-08T12:01:03.264+0000] {dag.py:3340} INFO - Setting next_dagrun for my_dag to 2022-11-08T00:00:00+00:00, run_after=2022-11-09T00:00:00+00:00
[2022-11-08T12:01:03.275+0000] {processor.py:176} INFO - Processing /opt/airflow/dags/my_dag.py took 0.062 seconds
[2022-11-08T12:04:04.804+0000] {processor.py:154} INFO - Started process (PID=28901) to work on /opt/airflow/dags/my_dag.py
[2022-11-08T12:04:04.807+0000] {processor.py:756} INFO - Processing file /opt/airflow/dags/my_dag.py for tasks to queue
[2022-11-08T12:04:04.808+0000] {logging_mixin.py:120} INFO - [2022-11-08T12:04:04.808+0000] {dagbag.py:537} INFO - Filling up the DagBag from /opt/airflow/dags/my_dag.py
[2022-11-08T12:04:04.855+0000] {processor.py:766} INFO - DAG(s) dict_keys(['my_dag']) retrieved from /opt/airflow/dags/my_dag.py
[2022-11-08T12:04:04.902+0000] {logging_mixin.py:120} INFO - [2022-11-08T12:04:04.902+0000] {dag.py:2585} INFO - Sync 1 DAGs
[2022-11-08T12:04:04.921+0000] {logging_mixin.py:120} INFO - [2022-11-08T12:04:04.921+0000] {dag.py:3340} INFO - Setting next_dagrun for my_dag to 2022-11-08T00:00:00+00:00, run_after=2022-11-09T00:00:00+00:00
[2022-11-08T12:04:04.931+0000] {processor.py:176} INFO - Processing /opt/airflow/dags/my_dag.py took 0.132 seconds
[2022-11-08T12:20:23.216+0000] {processor.py:154} INFO - Started process (PID=28948) to work on /opt/airflow/dags/my_dag.py
[2022-11-08T12:20:23.227+0000] {processor.py:756} INFO - Processing file /opt/airflow/dags/my_dag.py for tasks to queue
[2022-11-08T12:20:23.227+0000] {logging_mixin.py:120} INFO - [2022-11-08T12:20:23.227+0000] {dagbag.py:537} INFO - Filling up the DagBag from /opt/airflow/dags/my_dag.py
[2022-11-08T12:20:23.254+0000] {processor.py:766} INFO - DAG(s) dict_keys(['my_dag']) retrieved from /opt/airflow/dags/my_dag.py
[2022-11-08T12:20:23.309+0000] {logging_mixin.py:120} INFO - [2022-11-08T12:20:23.309+0000] {dag.py:2585} INFO - Sync 1 DAGs
[2022-11-08T12:20:23.339+0000] {logging_mixin.py:120} INFO - [2022-11-08T12:20:23.338+0000] {dag.py:3340} INFO - Setting next_dagrun for my_dag to 2022-11-08T00:00:00+00:00, run_after=2022-11-09T00:00:00+00:00
[2022-11-08T12:20:23.352+0000] {processor.py:176} INFO - Processing /opt/airflow/dags/my_dag.py took 0.138 seconds
[2022-11-08T12:37:49.438+0000] {processor.py:154} INFO - Started process (PID=28997) to work on /opt/airflow/dags/my_dag.py
[2022-11-08T12:37:49.439+0000] {processor.py:756} INFO - Processing file /opt/airflow/dags/my_dag.py for tasks to queue
[2022-11-08T12:37:49.439+0000] {logging_mixin.py:120} INFO - [2022-11-08T12:37:49.439+0000] {dagbag.py:537} INFO - Filling up the DagBag from /opt/airflow/dags/my_dag.py
[2022-11-08T12:37:49.456+0000] {processor.py:766} INFO - DAG(s) dict_keys(['my_dag']) retrieved from /opt/airflow/dags/my_dag.py
[2022-11-08T12:37:49.477+0000] {logging_mixin.py:120} INFO - [2022-11-08T12:37:49.477+0000] {dag.py:2585} INFO - Sync 1 DAGs
[2022-11-08T12:37:49.490+0000] {logging_mixin.py:120} INFO - [2022-11-08T12:37:49.490+0000] {dag.py:3340} INFO - Setting next_dagrun for my_dag to 2022-11-08T00:00:00+00:00, run_after=2022-11-09T00:00:00+00:00
[2022-11-08T12:37:49.500+0000] {processor.py:176} INFO - Processing /opt/airflow/dags/my_dag.py took 0.065 seconds
[2022-11-08T12:52:59.681+0000] {processor.py:154} INFO - Started process (PID=29044) to work on /opt/airflow/dags/my_dag.py
[2022-11-08T12:52:59.681+0000] {processor.py:756} INFO - Processing file /opt/airflow/dags/my_dag.py for tasks to queue
[2022-11-08T12:52:59.683+0000] {logging_mixin.py:120} INFO - [2022-11-08T12:52:59.683+0000] {dagbag.py:537} INFO - Filling up the DagBag from /opt/airflow/dags/my_dag.py
[2022-11-08T12:52:59.699+0000] {processor.py:766} INFO - DAG(s) dict_keys(['my_dag']) retrieved from /opt/airflow/dags/my_dag.py
[2022-11-08T12:52:59.739+0000] {logging_mixin.py:120} INFO - [2022-11-08T12:52:59.739+0000] {dag.py:2585} INFO - Sync 1 DAGs
[2022-11-08T12:52:59.767+0000] {logging_mixin.py:120} INFO - [2022-11-08T12:52:59.767+0000] {dag.py:3340} INFO - Setting next_dagrun for my_dag to 2022-11-08T00:00:00+00:00, run_after=2022-11-09T00:00:00+00:00
[2022-11-08T12:52:59.797+0000] {processor.py:176} INFO - Processing /opt/airflow/dags/my_dag.py took 0.118 seconds
[2022-11-08T12:54:08.379+0000] {processor.py:154} INFO - Started process (PID=29101) to work on /opt/airflow/dags/my_dag.py
[2022-11-08T12:54:08.379+0000] {processor.py:756} INFO - Processing file /opt/airflow/dags/my_dag.py for tasks to queue
[2022-11-08T12:54:08.380+0000] {logging_mixin.py:120} INFO - [2022-11-08T12:54:08.380+0000] {dagbag.py:537} INFO - Filling up the DagBag from /opt/airflow/dags/my_dag.py
[2022-11-08T12:54:08.397+0000] {processor.py:766} INFO - DAG(s) dict_keys(['my_dag']) retrieved from /opt/airflow/dags/my_dag.py
[2022-11-08T12:54:08.418+0000] {logging_mixin.py:120} INFO - [2022-11-08T12:54:08.418+0000] {dag.py:2585} INFO - Sync 1 DAGs
[2022-11-08T12:54:08.432+0000] {logging_mixin.py:120} INFO - [2022-11-08T12:54:08.432+0000] {dag.py:3340} INFO - Setting next_dagrun for my_dag to 2022-11-08T00:00:00+00:00, run_after=2022-11-09T00:00:00+00:00
[2022-11-08T12:54:08.444+0000] {processor.py:176} INFO - Processing /opt/airflow/dags/my_dag.py took 0.067 seconds
[2022-11-08T12:54:38.491+0000] {processor.py:154} INFO - Started process (PID=29171) to work on /opt/airflow/dags/my_dag.py
[2022-11-08T12:54:38.492+0000] {processor.py:756} INFO - Processing file /opt/airflow/dags/my_dag.py for tasks to queue
[2022-11-08T12:54:38.493+0000] {logging_mixin.py:120} INFO - [2022-11-08T12:54:38.493+0000] {dagbag.py:537} INFO - Filling up the DagBag from /opt/airflow/dags/my_dag.py
[2022-11-08T12:54:38.528+0000] {processor.py:766} INFO - DAG(s) dict_keys(['my_dag']) retrieved from /opt/airflow/dags/my_dag.py
[2022-11-08T12:54:38.551+0000] {logging_mixin.py:120} INFO - [2022-11-08T12:54:38.550+0000] {dag.py:2585} INFO - Sync 1 DAGs
[2022-11-08T12:54:38.565+0000] {logging_mixin.py:120} INFO - [2022-11-08T12:54:38.565+0000] {dag.py:3340} INFO - Setting next_dagrun for my_dag to 2022-11-08T00:00:00+00:00, run_after=2022-11-09T00:00:00+00:00
[2022-11-08T12:54:38.574+0000] {processor.py:176} INFO - Processing /opt/airflow/dags/my_dag.py took 0.088 seconds
[2022-11-08T12:55:39.828+0000] {processor.py:154} INFO - Started process (PID=29218) to work on /opt/airflow/dags/my_dag.py
[2022-11-08T12:55:39.829+0000] {processor.py:756} INFO - Processing file /opt/airflow/dags/my_dag.py for tasks to queue
[2022-11-08T12:55:39.830+0000] {logging_mixin.py:120} INFO - [2022-11-08T12:55:39.830+0000] {dagbag.py:537} INFO - Filling up the DagBag from /opt/airflow/dags/my_dag.py
[2022-11-08T12:55:39.850+0000] {processor.py:766} INFO - DAG(s) dict_keys(['my_dag']) retrieved from /opt/airflow/dags/my_dag.py
[2022-11-08T12:55:39.872+0000] {logging_mixin.py:120} INFO - [2022-11-08T12:55:39.872+0000] {dag.py:2585} INFO - Sync 1 DAGs
[2022-11-08T12:55:39.886+0000] {logging_mixin.py:120} INFO - [2022-11-08T12:55:39.886+0000] {dag.py:3340} INFO - Setting next_dagrun for my_dag to 2022-11-08T00:00:00+00:00, run_after=2022-11-09T00:00:00+00:00
[2022-11-08T12:55:39.896+0000] {processor.py:176} INFO - Processing /opt/airflow/dags/my_dag.py took 0.073 seconds
[2022-11-08T13:11:51.022+0000] {processor.py:154} INFO - Started process (PID=29265) to work on /opt/airflow/dags/my_dag.py
[2022-11-08T13:11:51.030+0000] {processor.py:756} INFO - Processing file /opt/airflow/dags/my_dag.py for tasks to queue
[2022-11-08T13:11:51.040+0000] {logging_mixin.py:120} INFO - [2022-11-08T13:11:51.040+0000] {dagbag.py:537} INFO - Filling up the DagBag from /opt/airflow/dags/my_dag.py
[2022-11-08T13:11:51.099+0000] {processor.py:766} INFO - DAG(s) dict_keys(['my_dag']) retrieved from /opt/airflow/dags/my_dag.py
[2022-11-08T13:11:51.145+0000] {logging_mixin.py:120} INFO - [2022-11-08T13:11:51.145+0000] {dag.py:2585} INFO - Sync 1 DAGs
[2022-11-08T13:11:51.180+0000] {logging_mixin.py:120} INFO - [2022-11-08T13:11:51.180+0000] {dag.py:3340} INFO - Setting next_dagrun for my_dag to 2022-11-08T00:00:00+00:00, run_after=2022-11-09T00:00:00+00:00
[2022-11-08T13:11:51.191+0000] {processor.py:176} INFO - Processing /opt/airflow/dags/my_dag.py took 0.171 seconds
[2022-11-08T13:25:00.393+0000] {processor.py:154} INFO - Started process (PID=29302) to work on /opt/airflow/dags/my_dag.py
[2022-11-08T13:25:00.394+0000] {processor.py:756} INFO - Processing file /opt/airflow/dags/my_dag.py for tasks to queue
[2022-11-08T13:25:00.395+0000] {logging_mixin.py:120} INFO - [2022-11-08T13:25:00.395+0000] {dagbag.py:537} INFO - Filling up the DagBag from /opt/airflow/dags/my_dag.py
[2022-11-08T13:25:00.409+0000] {processor.py:766} INFO - DAG(s) dict_keys(['my_dag']) retrieved from /opt/airflow/dags/my_dag.py
[2022-11-08T13:25:00.429+0000] {logging_mixin.py:120} INFO - [2022-11-08T13:25:00.429+0000] {dag.py:2585} INFO - Sync 1 DAGs
[2022-11-08T13:25:00.443+0000] {logging_mixin.py:120} INFO - [2022-11-08T13:25:00.443+0000] {dag.py:3340} INFO - Setting next_dagrun for my_dag to 2022-11-08T00:00:00+00:00, run_after=2022-11-09T00:00:00+00:00
[2022-11-08T13:25:00.453+0000] {processor.py:176} INFO - Processing /opt/airflow/dags/my_dag.py took 0.062 seconds
[2022-11-08T13:26:05.893+0000] {processor.py:154} INFO - Started process (PID=29348) to work on /opt/airflow/dags/my_dag.py
[2022-11-08T13:26:05.893+0000] {processor.py:756} INFO - Processing file /opt/airflow/dags/my_dag.py for tasks to queue
[2022-11-08T13:26:05.894+0000] {logging_mixin.py:120} INFO - [2022-11-08T13:26:05.894+0000] {dagbag.py:537} INFO - Filling up the DagBag from /opt/airflow/dags/my_dag.py
[2022-11-08T13:26:05.910+0000] {processor.py:766} INFO - DAG(s) dict_keys(['my_dag']) retrieved from /opt/airflow/dags/my_dag.py
[2022-11-08T13:26:05.932+0000] {logging_mixin.py:120} INFO - [2022-11-08T13:26:05.931+0000] {dag.py:2585} INFO - Sync 1 DAGs
[2022-11-08T13:26:05.945+0000] {logging_mixin.py:120} INFO - [2022-11-08T13:26:05.945+0000] {dag.py:3340} INFO - Setting next_dagrun for my_dag to 2022-11-08T00:00:00+00:00, run_after=2022-11-09T00:00:00+00:00
[2022-11-08T13:26:05.956+0000] {processor.py:176} INFO - Processing /opt/airflow/dags/my_dag.py took 0.065 seconds
[2022-11-08T13:59:20.090+0000] {processor.py:154} INFO - Started process (PID=29395) to work on /opt/airflow/dags/my_dag.py
[2022-11-08T13:59:20.091+0000] {processor.py:756} INFO - Processing file /opt/airflow/dags/my_dag.py for tasks to queue
[2022-11-08T13:59:20.092+0000] {logging_mixin.py:120} INFO - [2022-11-08T13:59:20.092+0000] {dagbag.py:537} INFO - Filling up the DagBag from /opt/airflow/dags/my_dag.py
[2022-11-08T13:59:20.120+0000] {processor.py:766} INFO - DAG(s) dict_keys(['my_dag']) retrieved from /opt/airflow/dags/my_dag.py
[2022-11-08T13:59:20.199+0000] {logging_mixin.py:120} INFO - [2022-11-08T13:59:20.199+0000] {dag.py:2585} INFO - Sync 1 DAGs
[2022-11-08T13:59:20.223+0000] {logging_mixin.py:120} INFO - [2022-11-08T13:59:20.222+0000] {dag.py:3340} INFO - Setting next_dagrun for my_dag to 2022-11-08T00:00:00+00:00, run_after=2022-11-09T00:00:00+00:00
[2022-11-08T13:59:20.282+0000] {processor.py:176} INFO - Processing /opt/airflow/dags/my_dag.py took 0.194 seconds
[2022-11-08T14:33:33.796+0000] {processor.py:154} INFO - Started process (PID=29441) to work on /opt/airflow/dags/my_dag.py
[2022-11-08T14:33:33.796+0000] {processor.py:756} INFO - Processing file /opt/airflow/dags/my_dag.py for tasks to queue
[2022-11-08T14:33:33.797+0000] {logging_mixin.py:120} INFO - [2022-11-08T14:33:33.797+0000] {dagbag.py:537} INFO - Filling up the DagBag from /opt/airflow/dags/my_dag.py
[2022-11-08T14:33:33.810+0000] {processor.py:766} INFO - DAG(s) dict_keys(['my_dag']) retrieved from /opt/airflow/dags/my_dag.py
[2022-11-08T14:33:33.831+0000] {logging_mixin.py:120} INFO - [2022-11-08T14:33:33.831+0000] {dag.py:2585} INFO - Sync 1 DAGs
[2022-11-08T14:33:33.844+0000] {logging_mixin.py:120} INFO - [2022-11-08T14:33:33.844+0000] {dag.py:3340} INFO - Setting next_dagrun for my_dag to 2022-11-08T00:00:00+00:00, run_after=2022-11-09T00:00:00+00:00
[2022-11-08T14:33:33.856+0000] {processor.py:176} INFO - Processing /opt/airflow/dags/my_dag.py took 0.062 seconds
[2022-11-08T15:05:59.229+0000] {processor.py:154} INFO - Started process (PID=29488) to work on /opt/airflow/dags/my_dag.py
[2022-11-08T15:05:59.229+0000] {processor.py:756} INFO - Processing file /opt/airflow/dags/my_dag.py for tasks to queue
[2022-11-08T15:05:59.230+0000] {logging_mixin.py:120} INFO - [2022-11-08T15:05:59.230+0000] {dagbag.py:537} INFO - Filling up the DagBag from /opt/airflow/dags/my_dag.py
[2022-11-08T15:05:59.260+0000] {processor.py:766} INFO - DAG(s) dict_keys(['my_dag']) retrieved from /opt/airflow/dags/my_dag.py
[2022-11-08T15:05:59.330+0000] {logging_mixin.py:120} INFO - [2022-11-08T15:05:59.329+0000] {dag.py:2585} INFO - Sync 1 DAGs
[2022-11-08T15:05:59.353+0000] {logging_mixin.py:120} INFO - [2022-11-08T15:05:59.353+0000] {dag.py:3340} INFO - Setting next_dagrun for my_dag to 2022-11-08T00:00:00+00:00, run_after=2022-11-09T00:00:00+00:00
[2022-11-08T15:05:59.390+0000] {processor.py:176} INFO - Processing /opt/airflow/dags/my_dag.py took 0.164 seconds
[2022-11-08T15:41:09.712+0000] {processor.py:154} INFO - Started process (PID=29534) to work on /opt/airflow/dags/my_dag.py
[2022-11-08T15:41:09.713+0000] {processor.py:756} INFO - Processing file /opt/airflow/dags/my_dag.py for tasks to queue
[2022-11-08T15:41:09.713+0000] {logging_mixin.py:120} INFO - [2022-11-08T15:41:09.713+0000] {dagbag.py:537} INFO - Filling up the DagBag from /opt/airflow/dags/my_dag.py
[2022-11-08T15:41:09.728+0000] {processor.py:766} INFO - DAG(s) dict_keys(['my_dag']) retrieved from /opt/airflow/dags/my_dag.py
[2022-11-08T15:41:09.749+0000] {logging_mixin.py:120} INFO - [2022-11-08T15:41:09.749+0000] {dag.py:2585} INFO - Sync 1 DAGs
[2022-11-08T15:41:09.763+0000] {logging_mixin.py:120} INFO - [2022-11-08T15:41:09.763+0000] {dag.py:3340} INFO - Setting next_dagrun for my_dag to 2022-11-08T00:00:00+00:00, run_after=2022-11-09T00:00:00+00:00
[2022-11-08T15:41:09.772+0000] {processor.py:176} INFO - Processing /opt/airflow/dags/my_dag.py took 0.061 seconds
[2022-11-08T15:59:07.065+0000] {processor.py:154} INFO - Started process (PID=29583) to work on /opt/airflow/dags/my_dag.py
[2022-11-08T15:59:07.076+0000] {processor.py:756} INFO - Processing file /opt/airflow/dags/my_dag.py for tasks to queue
[2022-11-08T15:59:07.076+0000] {logging_mixin.py:120} INFO - [2022-11-08T15:59:07.076+0000] {dagbag.py:537} INFO - Filling up the DagBag from /opt/airflow/dags/my_dag.py
[2022-11-08T15:59:07.111+0000] {processor.py:766} INFO - DAG(s) dict_keys(['my_dag']) retrieved from /opt/airflow/dags/my_dag.py
[2022-11-08T15:59:07.143+0000] {logging_mixin.py:120} INFO - [2022-11-08T15:59:07.143+0000] {dag.py:2585} INFO - Sync 1 DAGs
[2022-11-08T15:59:07.170+0000] {logging_mixin.py:120} INFO - [2022-11-08T15:59:07.170+0000] {dag.py:3340} INFO - Setting next_dagrun for my_dag to 2022-11-08T00:00:00+00:00, run_after=2022-11-09T00:00:00+00:00
[2022-11-08T15:59:07.194+0000] {processor.py:176} INFO - Processing /opt/airflow/dags/my_dag.py took 0.131 seconds
[2022-11-08T16:14:41.551+0000] {processor.py:154} INFO - Started process (PID=29630) to work on /opt/airflow/dags/my_dag.py
[2022-11-08T16:14:41.552+0000] {processor.py:756} INFO - Processing file /opt/airflow/dags/my_dag.py for tasks to queue
[2022-11-08T16:14:41.552+0000] {logging_mixin.py:120} INFO - [2022-11-08T16:14:41.552+0000] {dagbag.py:537} INFO - Filling up the DagBag from /opt/airflow/dags/my_dag.py
[2022-11-08T16:14:41.567+0000] {processor.py:766} INFO - DAG(s) dict_keys(['my_dag']) retrieved from /opt/airflow/dags/my_dag.py
[2022-11-08T16:14:41.588+0000] {logging_mixin.py:120} INFO - [2022-11-08T16:14:41.587+0000] {dag.py:2585} INFO - Sync 1 DAGs
[2022-11-08T16:14:41.601+0000] {logging_mixin.py:120} INFO - [2022-11-08T16:14:41.600+0000] {dag.py:3340} INFO - Setting next_dagrun for my_dag to 2022-11-08T00:00:00+00:00, run_after=2022-11-09T00:00:00+00:00
[2022-11-08T16:14:41.611+0000] {processor.py:176} INFO - Processing /opt/airflow/dags/my_dag.py took 0.062 seconds
[2022-11-08T16:32:33.059+0000] {processor.py:154} INFO - Started process (PID=29687) to work on /opt/airflow/dags/my_dag.py
[2022-11-08T16:32:33.060+0000] {processor.py:756} INFO - Processing file /opt/airflow/dags/my_dag.py for tasks to queue
[2022-11-08T16:32:33.060+0000] {logging_mixin.py:120} INFO - [2022-11-08T16:32:33.060+0000] {dagbag.py:537} INFO - Filling up the DagBag from /opt/airflow/dags/my_dag.py
[2022-11-08T16:32:33.078+0000] {processor.py:766} INFO - DAG(s) dict_keys(['my_dag']) retrieved from /opt/airflow/dags/my_dag.py
[2022-11-08T16:32:33.100+0000] {logging_mixin.py:120} INFO - [2022-11-08T16:32:33.100+0000] {dag.py:2585} INFO - Sync 1 DAGs
[2022-11-08T16:32:33.116+0000] {logging_mixin.py:120} INFO - [2022-11-08T16:32:33.116+0000] {dag.py:3340} INFO - Setting next_dagrun for my_dag to 2022-11-08T00:00:00+00:00, run_after=2022-11-09T00:00:00+00:00
[2022-11-08T16:32:33.126+0000] {processor.py:176} INFO - Processing /opt/airflow/dags/my_dag.py took 0.070 seconds
[2022-11-08T16:47:44.685+0000] {processor.py:154} INFO - Started process (PID=29734) to work on /opt/airflow/dags/my_dag.py
[2022-11-08T16:47:44.687+0000] {processor.py:756} INFO - Processing file /opt/airflow/dags/my_dag.py for tasks to queue
[2022-11-08T16:47:44.688+0000] {logging_mixin.py:120} INFO - [2022-11-08T16:47:44.688+0000] {dagbag.py:537} INFO - Filling up the DagBag from /opt/airflow/dags/my_dag.py
[2022-11-08T16:47:44.726+0000] {processor.py:766} INFO - DAG(s) dict_keys(['my_dag']) retrieved from /opt/airflow/dags/my_dag.py
[2022-11-08T16:47:44.768+0000] {logging_mixin.py:120} INFO - [2022-11-08T16:47:44.768+0000] {dag.py:2585} INFO - Sync 1 DAGs
[2022-11-08T16:47:44.785+0000] {logging_mixin.py:120} INFO - [2022-11-08T16:47:44.785+0000] {dag.py:3340} INFO - Setting next_dagrun for my_dag to 2022-11-08T00:00:00+00:00, run_after=2022-11-09T00:00:00+00:00
[2022-11-08T16:47:44.800+0000] {processor.py:176} INFO - Processing /opt/airflow/dags/my_dag.py took 0.125 seconds
[2022-11-08T17:19:51.423+0000] {processor.py:154} INFO - Started process (PID=29781) to work on /opt/airflow/dags/my_dag.py
[2022-11-08T17:19:51.424+0000] {processor.py:756} INFO - Processing file /opt/airflow/dags/my_dag.py for tasks to queue
[2022-11-08T17:19:51.424+0000] {logging_mixin.py:120} INFO - [2022-11-08T17:19:51.424+0000] {dagbag.py:537} INFO - Filling up the DagBag from /opt/airflow/dags/my_dag.py
[2022-11-08T17:19:51.467+0000] {processor.py:766} INFO - DAG(s) dict_keys(['my_dag']) retrieved from /opt/airflow/dags/my_dag.py
[2022-11-08T17:19:51.538+0000] {logging_mixin.py:120} INFO - [2022-11-08T17:19:51.538+0000] {dag.py:2585} INFO - Sync 1 DAGs
[2022-11-08T17:19:51.564+0000] {logging_mixin.py:120} INFO - [2022-11-08T17:19:51.564+0000] {dag.py:3340} INFO - Setting next_dagrun for my_dag to 2022-11-08T00:00:00+00:00, run_after=2022-11-09T00:00:00+00:00
[2022-11-08T17:19:51.611+0000] {processor.py:176} INFO - Processing /opt/airflow/dags/my_dag.py took 0.189 seconds
[2022-11-08T17:54:02.560+0000] {processor.py:154} INFO - Started process (PID=29828) to work on /opt/airflow/dags/my_dag.py
[2022-11-08T17:54:02.561+0000] {processor.py:756} INFO - Processing file /opt/airflow/dags/my_dag.py for tasks to queue
[2022-11-08T17:54:02.562+0000] {logging_mixin.py:120} INFO - [2022-11-08T17:54:02.562+0000] {dagbag.py:537} INFO - Filling up the DagBag from /opt/airflow/dags/my_dag.py
[2022-11-08T17:54:02.577+0000] {processor.py:766} INFO - DAG(s) dict_keys(['my_dag']) retrieved from /opt/airflow/dags/my_dag.py
[2022-11-08T17:54:02.598+0000] {logging_mixin.py:120} INFO - [2022-11-08T17:54:02.598+0000] {dag.py:2585} INFO - Sync 1 DAGs
[2022-11-08T17:54:02.611+0000] {logging_mixin.py:120} INFO - [2022-11-08T17:54:02.611+0000] {dag.py:3340} INFO - Setting next_dagrun for my_dag to 2022-11-08T00:00:00+00:00, run_after=2022-11-09T00:00:00+00:00
[2022-11-08T17:54:02.620+0000] {processor.py:176} INFO - Processing /opt/airflow/dags/my_dag.py took 0.062 seconds
[2022-11-08T18:10:18.229+0000] {processor.py:154} INFO - Started process (PID=29872) to work on /opt/airflow/dags/my_dag.py
[2022-11-08T18:10:18.229+0000] {processor.py:756} INFO - Processing file /opt/airflow/dags/my_dag.py for tasks to queue
[2022-11-08T18:10:18.230+0000] {logging_mixin.py:120} INFO - [2022-11-08T18:10:18.230+0000] {dagbag.py:537} INFO - Filling up the DagBag from /opt/airflow/dags/my_dag.py
[2022-11-08T18:10:18.246+0000] {processor.py:766} INFO - DAG(s) dict_keys(['my_dag']) retrieved from /opt/airflow/dags/my_dag.py
[2022-11-08T18:10:18.266+0000] {logging_mixin.py:120} INFO - [2022-11-08T18:10:18.266+0000] {dag.py:2585} INFO - Sync 1 DAGs
[2022-11-08T18:10:18.279+0000] {logging_mixin.py:120} INFO - [2022-11-08T18:10:18.279+0000] {dag.py:3340} INFO - Setting next_dagrun for my_dag to 2022-11-08T00:00:00+00:00, run_after=2022-11-09T00:00:00+00:00
[2022-11-08T18:10:18.290+0000] {processor.py:176} INFO - Processing /opt/airflow/dags/my_dag.py took 0.064 seconds
[2022-11-08T18:17:29.260+0000] {processor.py:154} INFO - Started process (PID=29934) to work on /opt/airflow/dags/my_dag.py
[2022-11-08T18:17:29.260+0000] {processor.py:756} INFO - Processing file /opt/airflow/dags/my_dag.py for tasks to queue
[2022-11-08T18:17:29.261+0000] {logging_mixin.py:120} INFO - [2022-11-08T18:17:29.261+0000] {dagbag.py:537} INFO - Filling up the DagBag from /opt/airflow/dags/my_dag.py
[2022-11-08T18:17:29.278+0000] {processor.py:766} INFO - DAG(s) dict_keys(['my_dag']) retrieved from /opt/airflow/dags/my_dag.py
[2022-11-08T18:17:29.299+0000] {logging_mixin.py:120} INFO - [2022-11-08T18:17:29.299+0000] {dag.py:2585} INFO - Sync 1 DAGs
[2022-11-08T18:17:29.313+0000] {logging_mixin.py:120} INFO - [2022-11-08T18:17:29.313+0000] {dag.py:3340} INFO - Setting next_dagrun for my_dag to 2022-11-08T00:00:00+00:00, run_after=2022-11-09T00:00:00+00:00
[2022-11-08T18:17:29.323+0000] {processor.py:176} INFO - Processing /opt/airflow/dags/my_dag.py took 0.066 seconds
[2022-11-08T18:33:04.544+0000] {processor.py:154} INFO - Started process (PID=29979) to work on /opt/airflow/dags/my_dag.py
[2022-11-08T18:33:04.544+0000] {processor.py:756} INFO - Processing file /opt/airflow/dags/my_dag.py for tasks to queue
[2022-11-08T18:33:04.545+0000] {logging_mixin.py:120} INFO - [2022-11-08T18:33:04.545+0000] {dagbag.py:537} INFO - Filling up the DagBag from /opt/airflow/dags/my_dag.py
[2022-11-08T18:33:04.559+0000] {processor.py:766} INFO - DAG(s) dict_keys(['my_dag']) retrieved from /opt/airflow/dags/my_dag.py
[2022-11-08T18:33:04.584+0000] {logging_mixin.py:120} INFO - [2022-11-08T18:33:04.584+0000] {dag.py:2585} INFO - Sync 1 DAGs
[2022-11-08T18:33:04.610+0000] {logging_mixin.py:120} INFO - [2022-11-08T18:33:04.610+0000] {dag.py:3340} INFO - Setting next_dagrun for my_dag to 2022-11-08T00:00:00+00:00, run_after=2022-11-09T00:00:00+00:00
[2022-11-08T18:33:04.624+0000] {processor.py:176} INFO - Processing /opt/airflow/dags/my_dag.py took 0.083 seconds
[2022-11-08T19:06:51.045+0000] {processor.py:154} INFO - Started process (PID=30028) to work on /opt/airflow/dags/my_dag.py
[2022-11-08T19:06:51.046+0000] {processor.py:756} INFO - Processing file /opt/airflow/dags/my_dag.py for tasks to queue
[2022-11-08T19:06:51.047+0000] {logging_mixin.py:120} INFO - [2022-11-08T19:06:51.047+0000] {dagbag.py:537} INFO - Filling up the DagBag from /opt/airflow/dags/my_dag.py
[2022-11-08T19:06:51.064+0000] {processor.py:766} INFO - DAG(s) dict_keys(['my_dag']) retrieved from /opt/airflow/dags/my_dag.py
[2022-11-08T19:06:51.086+0000] {logging_mixin.py:120} INFO - [2022-11-08T19:06:51.086+0000] {dag.py:2585} INFO - Sync 1 DAGs
[2022-11-08T19:06:51.100+0000] {logging_mixin.py:120} INFO - [2022-11-08T19:06:51.100+0000] {dag.py:3340} INFO - Setting next_dagrun for my_dag to 2022-11-08T00:00:00+00:00, run_after=2022-11-09T00:00:00+00:00
[2022-11-08T19:06:51.110+0000] {processor.py:176} INFO - Processing /opt/airflow/dags/my_dag.py took 0.068 seconds
[2022-11-08T19:16:52.322+0000] {processor.py:154} INFO - Started process (PID=30075) to work on /opt/airflow/dags/my_dag.py
[2022-11-08T19:16:52.322+0000] {processor.py:756} INFO - Processing file /opt/airflow/dags/my_dag.py for tasks to queue
[2022-11-08T19:16:52.323+0000] {logging_mixin.py:120} INFO - [2022-11-08T19:16:52.323+0000] {dagbag.py:537} INFO - Filling up the DagBag from /opt/airflow/dags/my_dag.py
[2022-11-08T19:16:52.338+0000] {processor.py:766} INFO - DAG(s) dict_keys(['my_dag']) retrieved from /opt/airflow/dags/my_dag.py
[2022-11-08T19:16:52.359+0000] {logging_mixin.py:120} INFO - [2022-11-08T19:16:52.359+0000] {dag.py:2585} INFO - Sync 1 DAGs
[2022-11-08T19:16:52.372+0000] {logging_mixin.py:120} INFO - [2022-11-08T19:16:52.372+0000] {dag.py:3340} INFO - Setting next_dagrun for my_dag to 2022-11-08T00:00:00+00:00, run_after=2022-11-09T00:00:00+00:00
[2022-11-08T19:16:52.381+0000] {processor.py:176} INFO - Processing /opt/airflow/dags/my_dag.py took 0.062 seconds
[2022-11-08T19:17:45.480+0000] {processor.py:154} INFO - Started process (PID=30122) to work on /opt/airflow/dags/my_dag.py
[2022-11-08T19:17:45.480+0000] {processor.py:756} INFO - Processing file /opt/airflow/dags/my_dag.py for tasks to queue
[2022-11-08T19:17:45.481+0000] {logging_mixin.py:120} INFO - [2022-11-08T19:17:45.481+0000] {dagbag.py:537} INFO - Filling up the DagBag from /opt/airflow/dags/my_dag.py
[2022-11-08T19:17:45.497+0000] {processor.py:766} INFO - DAG(s) dict_keys(['my_dag']) retrieved from /opt/airflow/dags/my_dag.py
[2022-11-08T19:17:45.517+0000] {logging_mixin.py:120} INFO - [2022-11-08T19:17:45.517+0000] {dag.py:2585} INFO - Sync 1 DAGs
[2022-11-08T19:17:45.530+0000] {logging_mixin.py:120} INFO - [2022-11-08T19:17:45.530+0000] {dag.py:3340} INFO - Setting next_dagrun for my_dag to 2022-11-08T00:00:00+00:00, run_after=2022-11-09T00:00:00+00:00
[2022-11-08T19:17:45.540+0000] {processor.py:176} INFO - Processing /opt/airflow/dags/my_dag.py took 0.062 seconds
[2022-11-08T19:51:54.077+0000] {processor.py:154} INFO - Started process (PID=30169) to work on /opt/airflow/dags/my_dag.py
[2022-11-08T19:51:54.078+0000] {processor.py:756} INFO - Processing file /opt/airflow/dags/my_dag.py for tasks to queue
[2022-11-08T19:51:54.078+0000] {logging_mixin.py:120} INFO - [2022-11-08T19:51:54.078+0000] {dagbag.py:537} INFO - Filling up the DagBag from /opt/airflow/dags/my_dag.py
[2022-11-08T19:51:54.094+0000] {processor.py:766} INFO - DAG(s) dict_keys(['my_dag']) retrieved from /opt/airflow/dags/my_dag.py
[2022-11-08T19:51:54.114+0000] {logging_mixin.py:120} INFO - [2022-11-08T19:51:54.114+0000] {dag.py:2585} INFO - Sync 1 DAGs
[2022-11-08T19:51:54.128+0000] {logging_mixin.py:120} INFO - [2022-11-08T19:51:54.128+0000] {dag.py:3340} INFO - Setting next_dagrun for my_dag to 2022-11-08T00:00:00+00:00, run_after=2022-11-09T00:00:00+00:00
[2022-11-08T19:51:54.138+0000] {processor.py:176} INFO - Processing /opt/airflow/dags/my_dag.py took 0.063 seconds
[2022-11-08T20:24:02.615+0000] {processor.py:154} INFO - Started process (PID=30216) to work on /opt/airflow/dags/my_dag.py
[2022-11-08T20:24:02.616+0000] {processor.py:756} INFO - Processing file /opt/airflow/dags/my_dag.py for tasks to queue
[2022-11-08T20:24:02.616+0000] {logging_mixin.py:120} INFO - [2022-11-08T20:24:02.616+0000] {dagbag.py:537} INFO - Filling up the DagBag from /opt/airflow/dags/my_dag.py
[2022-11-08T20:24:02.634+0000] {processor.py:766} INFO - DAG(s) dict_keys(['my_dag']) retrieved from /opt/airflow/dags/my_dag.py
[2022-11-08T20:24:02.656+0000] {logging_mixin.py:120} INFO - [2022-11-08T20:24:02.656+0000] {dag.py:2585} INFO - Sync 1 DAGs
[2022-11-08T20:24:02.670+0000] {logging_mixin.py:120} INFO - [2022-11-08T20:24:02.670+0000] {dag.py:3340} INFO - Setting next_dagrun for my_dag to 2022-11-08T00:00:00+00:00, run_after=2022-11-09T00:00:00+00:00
[2022-11-08T20:24:02.681+0000] {processor.py:176} INFO - Processing /opt/airflow/dags/my_dag.py took 0.068 seconds
[2022-11-08T20:27:46.102+0000] {processor.py:154} INFO - Started process (PID=30263) to work on /opt/airflow/dags/my_dag.py
[2022-11-08T20:27:46.103+0000] {processor.py:756} INFO - Processing file /opt/airflow/dags/my_dag.py for tasks to queue
[2022-11-08T20:27:46.105+0000] {logging_mixin.py:120} INFO - [2022-11-08T20:27:46.104+0000] {dagbag.py:537} INFO - Filling up the DagBag from /opt/airflow/dags/my_dag.py
[2022-11-08T20:27:46.129+0000] {processor.py:766} INFO - DAG(s) dict_keys(['my_dag']) retrieved from /opt/airflow/dags/my_dag.py
[2022-11-08T20:27:46.153+0000] {logging_mixin.py:120} INFO - [2022-11-08T20:27:46.153+0000] {dag.py:2585} INFO - Sync 1 DAGs
[2022-11-08T20:27:46.167+0000] {logging_mixin.py:120} INFO - [2022-11-08T20:27:46.167+0000] {dag.py:3340} INFO - Setting next_dagrun for my_dag to 2022-11-08T00:00:00+00:00, run_after=2022-11-09T00:00:00+00:00
[2022-11-08T20:27:46.177+0000] {processor.py:176} INFO - Processing /opt/airflow/dags/my_dag.py took 0.080 seconds
[2022-11-08T20:59:19.607+0000] {processor.py:154} INFO - Started process (PID=30309) to work on /opt/airflow/dags/my_dag.py
[2022-11-08T20:59:19.609+0000] {processor.py:756} INFO - Processing file /opt/airflow/dags/my_dag.py for tasks to queue
[2022-11-08T20:59:19.610+0000] {logging_mixin.py:120} INFO - [2022-11-08T20:59:19.610+0000] {dagbag.py:537} INFO - Filling up the DagBag from /opt/airflow/dags/my_dag.py
[2022-11-08T20:59:19.623+0000] {processor.py:766} INFO - DAG(s) dict_keys(['my_dag']) retrieved from /opt/airflow/dags/my_dag.py
[2022-11-08T20:59:19.643+0000] {logging_mixin.py:120} INFO - [2022-11-08T20:59:19.643+0000] {dag.py:2585} INFO - Sync 1 DAGs
[2022-11-08T20:59:19.656+0000] {logging_mixin.py:120} INFO - [2022-11-08T20:59:19.656+0000] {dag.py:3340} INFO - Setting next_dagrun for my_dag to 2022-11-08T00:00:00+00:00, run_after=2022-11-09T00:00:00+00:00
[2022-11-08T20:59:19.666+0000] {processor.py:176} INFO - Processing /opt/airflow/dags/my_dag.py took 0.063 seconds
[2022-11-08T21:15:03.690+0000] {processor.py:154} INFO - Started process (PID=30357) to work on /opt/airflow/dags/my_dag.py
[2022-11-08T21:15:03.694+0000] {processor.py:756} INFO - Processing file /opt/airflow/dags/my_dag.py for tasks to queue
[2022-11-08T21:15:03.701+0000] {logging_mixin.py:120} INFO - [2022-11-08T21:15:03.701+0000] {dagbag.py:537} INFO - Filling up the DagBag from /opt/airflow/dags/my_dag.py
[2022-11-08T21:15:03.802+0000] {processor.py:766} INFO - DAG(s) dict_keys(['my_dag']) retrieved from /opt/airflow/dags/my_dag.py
[2022-11-08T21:15:03.878+0000] {logging_mixin.py:120} INFO - [2022-11-08T21:15:03.878+0000] {dag.py:2585} INFO - Sync 1 DAGs
[2022-11-08T21:15:03.910+0000] {logging_mixin.py:120} INFO - [2022-11-08T21:15:03.908+0000] {dag.py:3340} INFO - Setting next_dagrun for my_dag to 2022-11-08T00:00:00+00:00, run_after=2022-11-09T00:00:00+00:00
[2022-11-08T21:15:03.950+0000] {processor.py:176} INFO - Processing /opt/airflow/dags/my_dag.py took 0.268 seconds
[2022-11-08T21:33:41.289+0000] {processor.py:154} INFO - Started process (PID=30405) to work on /opt/airflow/dags/my_dag.py
[2022-11-08T21:33:41.290+0000] {processor.py:756} INFO - Processing file /opt/airflow/dags/my_dag.py for tasks to queue
[2022-11-08T21:33:41.290+0000] {logging_mixin.py:120} INFO - [2022-11-08T21:33:41.290+0000] {dagbag.py:537} INFO - Filling up the DagBag from /opt/airflow/dags/my_dag.py
[2022-11-08T21:33:41.304+0000] {processor.py:766} INFO - DAG(s) dict_keys(['my_dag']) retrieved from /opt/airflow/dags/my_dag.py
[2022-11-08T21:33:41.324+0000] {logging_mixin.py:120} INFO - [2022-11-08T21:33:41.324+0000] {dag.py:2585} INFO - Sync 1 DAGs
[2022-11-08T21:33:41.338+0000] {logging_mixin.py:120} INFO - [2022-11-08T21:33:41.338+0000] {dag.py:3340} INFO - Setting next_dagrun for my_dag to 2022-11-08T00:00:00+00:00, run_after=2022-11-09T00:00:00+00:00
[2022-11-08T21:33:41.349+0000] {processor.py:176} INFO - Processing /opt/airflow/dags/my_dag.py took 0.062 seconds
[2022-11-08T21:51:24.319+0000] {processor.py:154} INFO - Started process (PID=30442) to work on /opt/airflow/dags/my_dag.py
[2022-11-08T21:51:24.320+0000] {processor.py:756} INFO - Processing file /opt/airflow/dags/my_dag.py for tasks to queue
[2022-11-08T21:51:24.322+0000] {logging_mixin.py:120} INFO - [2022-11-08T21:51:24.322+0000] {dagbag.py:537} INFO - Filling up the DagBag from /opt/airflow/dags/my_dag.py
[2022-11-08T21:51:24.339+0000] {processor.py:766} INFO - DAG(s) dict_keys(['my_dag']) retrieved from /opt/airflow/dags/my_dag.py
[2022-11-08T21:51:24.360+0000] {logging_mixin.py:120} INFO - [2022-11-08T21:51:24.360+0000] {dag.py:2585} INFO - Sync 1 DAGs
[2022-11-08T21:51:24.374+0000] {logging_mixin.py:120} INFO - [2022-11-08T21:51:24.373+0000] {dag.py:3340} INFO - Setting next_dagrun for my_dag to 2022-11-08T00:00:00+00:00, run_after=2022-11-09T00:00:00+00:00
[2022-11-08T21:51:24.384+0000] {processor.py:176} INFO - Processing /opt/airflow/dags/my_dag.py took 0.067 seconds
[2022-11-08T22:25:04.571+0000] {processor.py:154} INFO - Started process (PID=30489) to work on /opt/airflow/dags/my_dag.py
[2022-11-08T22:25:04.576+0000] {processor.py:756} INFO - Processing file /opt/airflow/dags/my_dag.py for tasks to queue
[2022-11-08T22:25:04.577+0000] {logging_mixin.py:120} INFO - [2022-11-08T22:25:04.577+0000] {dagbag.py:537} INFO - Filling up the DagBag from /opt/airflow/dags/my_dag.py
[2022-11-08T22:25:04.619+0000] {processor.py:766} INFO - DAG(s) dict_keys(['my_dag']) retrieved from /opt/airflow/dags/my_dag.py
[2022-11-08T22:25:04.705+0000] {logging_mixin.py:120} INFO - [2022-11-08T22:25:04.705+0000] {dag.py:2585} INFO - Sync 1 DAGs
[2022-11-08T22:25:04.720+0000] {logging_mixin.py:120} INFO - [2022-11-08T22:25:04.720+0000] {dag.py:3340} INFO - Setting next_dagrun for my_dag to 2022-11-08T00:00:00+00:00, run_after=2022-11-09T00:00:00+00:00
[2022-11-08T22:25:04.736+0000] {processor.py:176} INFO - Processing /opt/airflow/dags/my_dag.py took 0.169 seconds
[2022-11-08T22:59:34.918+0000] {processor.py:154} INFO - Started process (PID=30538) to work on /opt/airflow/dags/my_dag.py
[2022-11-08T22:59:34.919+0000] {processor.py:756} INFO - Processing file /opt/airflow/dags/my_dag.py for tasks to queue
[2022-11-08T22:59:34.919+0000] {logging_mixin.py:120} INFO - [2022-11-08T22:59:34.919+0000] {dagbag.py:537} INFO - Filling up the DagBag from /opt/airflow/dags/my_dag.py
[2022-11-08T22:59:34.938+0000] {processor.py:766} INFO - DAG(s) dict_keys(['my_dag']) retrieved from /opt/airflow/dags/my_dag.py
[2022-11-08T22:59:34.964+0000] {logging_mixin.py:120} INFO - [2022-11-08T22:59:34.964+0000] {dag.py:2585} INFO - Sync 1 DAGs
[2022-11-08T22:59:34.981+0000] {logging_mixin.py:120} INFO - [2022-11-08T22:59:34.980+0000] {dag.py:3340} INFO - Setting next_dagrun for my_dag to 2022-11-08T00:00:00+00:00, run_after=2022-11-09T00:00:00+00:00
[2022-11-08T22:59:34.991+0000] {processor.py:176} INFO - Processing /opt/airflow/dags/my_dag.py took 0.076 seconds
[2022-11-08T23:11:36.741+0000] {processor.py:154} INFO - Started process (PID=30585) to work on /opt/airflow/dags/my_dag.py
[2022-11-08T23:11:36.742+0000] {processor.py:756} INFO - Processing file /opt/airflow/dags/my_dag.py for tasks to queue
[2022-11-08T23:11:36.742+0000] {logging_mixin.py:120} INFO - [2022-11-08T23:11:36.742+0000] {dagbag.py:537} INFO - Filling up the DagBag from /opt/airflow/dags/my_dag.py
[2022-11-08T23:11:36.761+0000] {processor.py:766} INFO - DAG(s) dict_keys(['my_dag']) retrieved from /opt/airflow/dags/my_dag.py
[2022-11-08T23:11:36.790+0000] {logging_mixin.py:120} INFO - [2022-11-08T23:11:36.790+0000] {dag.py:2585} INFO - Sync 1 DAGs
[2022-11-08T23:11:36.811+0000] {logging_mixin.py:120} INFO - [2022-11-08T23:11:36.811+0000] {dag.py:3340} INFO - Setting next_dagrun for my_dag to 2022-11-08T00:00:00+00:00, run_after=2022-11-09T00:00:00+00:00
[2022-11-08T23:11:36.844+0000] {processor.py:176} INFO - Processing /opt/airflow/dags/my_dag.py took 0.105 seconds
[2022-11-08T23:44:59.599+0000] {processor.py:154} INFO - Started process (PID=30634) to work on /opt/airflow/dags/my_dag.py
[2022-11-08T23:44:59.600+0000] {processor.py:756} INFO - Processing file /opt/airflow/dags/my_dag.py for tasks to queue
[2022-11-08T23:44:59.601+0000] {logging_mixin.py:120} INFO - [2022-11-08T23:44:59.601+0000] {dagbag.py:537} INFO - Filling up the DagBag from /opt/airflow/dags/my_dag.py
[2022-11-08T23:44:59.617+0000] {processor.py:766} INFO - DAG(s) dict_keys(['my_dag']) retrieved from /opt/airflow/dags/my_dag.py
[2022-11-08T23:44:59.638+0000] {logging_mixin.py:120} INFO - [2022-11-08T23:44:59.638+0000] {dag.py:2585} INFO - Sync 1 DAGs
[2022-11-08T23:44:59.652+0000] {logging_mixin.py:120} INFO - [2022-11-08T23:44:59.652+0000] {dag.py:3340} INFO - Setting next_dagrun for my_dag to 2022-11-08T00:00:00+00:00, run_after=2022-11-09T00:00:00+00:00
[2022-11-08T23:44:59.663+0000] {processor.py:176} INFO - Processing /opt/airflow/dags/my_dag.py took 0.067 seconds
