[2022-11-07T04:59:16.597+0000] {taskinstance.py:1165} INFO - Dependencies all met for <TaskInstance: my_dag.training_model_C manual__2022-11-07T04:59:15.785214+00:00 [queued]>
[2022-11-07T04:59:16.603+0000] {taskinstance.py:1165} INFO - Dependencies all met for <TaskInstance: my_dag.training_model_C manual__2022-11-07T04:59:15.785214+00:00 [queued]>
[2022-11-07T04:59:16.603+0000] {taskinstance.py:1362} INFO - 
--------------------------------------------------------------------------------
[2022-11-07T04:59:16.603+0000] {taskinstance.py:1363} INFO - Starting attempt 1 of 1
[2022-11-07T04:59:16.603+0000] {taskinstance.py:1364} INFO - 
--------------------------------------------------------------------------------
[2022-11-07T04:59:16.610+0000] {taskinstance.py:1383} INFO - Executing <Task(PythonOperator): training_model_C> on 2022-11-07 04:59:15.785214+00:00
[2022-11-07T04:59:16.612+0000] {standard_task_runner.py:55} INFO - Started process 759 to run task
[2022-11-07T04:59:16.615+0000] {standard_task_runner.py:82} INFO - Running: ['***', 'tasks', 'run', 'my_dag', 'training_model_C', 'manual__2022-11-07T04:59:15.785214+00:00', '--job-id', '165', '--raw', '--subdir', 'DAGS_FOLDER/my_dag.py', '--cfg-path', '/tmp/tmpedxulzki']
[2022-11-07T04:59:16.615+0000] {standard_task_runner.py:83} INFO - Job 165: Subtask training_model_C
[2022-11-07T04:59:16.649+0000] {task_command.py:376} INFO - Running <TaskInstance: my_dag.training_model_C manual__2022-11-07T04:59:15.785214+00:00 [running]> on host 65bebd3e66a2
[2022-11-07T04:59:16.695+0000] {taskinstance.py:1592} INFO - Exporting the following env vars:
AIRFLOW_CTX_DAG_OWNER=***
AIRFLOW_CTX_DAG_ID=my_dag
AIRFLOW_CTX_TASK_ID=training_model_C
AIRFLOW_CTX_EXECUTION_DATE=2022-11-07T04:59:15.785214+00:00
AIRFLOW_CTX_TRY_NUMBER=1
AIRFLOW_CTX_DAG_RUN_ID=manual__2022-11-07T04:59:15.785214+00:00
[2022-11-07T04:59:16.695+0000] {python.py:177} INFO - Done. Returned value was: 10
[2022-11-07T04:59:16.707+0000] {taskinstance.py:1406} INFO - Marking task as SUCCESS. dag_id=my_dag, task_id=training_model_C, execution_date=20221107T045915, start_date=20221107T045916, end_date=20221107T045916
[2022-11-07T04:59:16.746+0000] {local_task_job.py:164} INFO - Task exited with return code 0
[2022-11-07T04:59:16.762+0000] {local_task_job.py:273} INFO - 0 downstream tasks scheduled from follow-on schedule check
