[2022-11-08T00:07:30.949+0000] {taskinstance.py:1165} INFO - Dependencies all met for <TaskInstance: my_dag.choose_best_model scheduled__2022-11-07T00:00:00+00:00 [queued]>
[2022-11-08T00:07:30.956+0000] {taskinstance.py:1165} INFO - Dependencies all met for <TaskInstance: my_dag.choose_best_model scheduled__2022-11-07T00:00:00+00:00 [queued]>
[2022-11-08T00:07:30.956+0000] {taskinstance.py:1362} INFO - 
--------------------------------------------------------------------------------
[2022-11-08T00:07:30.956+0000] {taskinstance.py:1363} INFO - Starting attempt 1 of 1
[2022-11-08T00:07:30.956+0000] {taskinstance.py:1364} INFO - 
--------------------------------------------------------------------------------
[2022-11-08T00:07:30.967+0000] {taskinstance.py:1383} INFO - Executing <Task(BranchPythonOperator): choose_best_model> on 2022-11-07 00:00:00+00:00
[2022-11-08T00:07:30.969+0000] {standard_task_runner.py:55} INFO - Started process 25127 to run task
[2022-11-08T00:07:30.971+0000] {standard_task_runner.py:82} INFO - Running: ['***', 'tasks', 'run', 'my_dag', 'choose_best_model', 'scheduled__2022-11-07T00:00:00+00:00', '--job-id', '172', '--raw', '--subdir', 'DAGS_FOLDER/my_dag.py', '--cfg-path', '/tmp/tmp_nlvo_4q']
[2022-11-08T00:07:30.973+0000] {standard_task_runner.py:83} INFO - Job 172: Subtask choose_best_model
[2022-11-08T00:07:31.018+0000] {task_command.py:376} INFO - Running <TaskInstance: my_dag.choose_best_model scheduled__2022-11-07T00:00:00+00:00 [running]> on host 65bebd3e66a2
[2022-11-08T00:07:31.068+0000] {taskinstance.py:1592} INFO - Exporting the following env vars:
AIRFLOW_CTX_DAG_OWNER=***
AIRFLOW_CTX_DAG_ID=my_dag
AIRFLOW_CTX_TASK_ID=choose_best_model
AIRFLOW_CTX_EXECUTION_DATE=2022-11-07T00:00:00+00:00
AIRFLOW_CTX_TRY_NUMBER=1
AIRFLOW_CTX_DAG_RUN_ID=scheduled__2022-11-07T00:00:00+00:00
[2022-11-08T00:07:31.073+0000] {python.py:177} INFO - Done. Returned value was: inaccurate
[2022-11-08T00:07:31.073+0000] {skipmixin.py:155} INFO - Following branch inaccurate
[2022-11-08T00:07:31.074+0000] {skipmixin.py:190} INFO - Skipping tasks ['accurate']
[2022-11-08T00:07:31.102+0000] {taskinstance.py:1406} INFO - Marking task as SUCCESS. dag_id=my_dag, task_id=choose_best_model, execution_date=20221107T000000, start_date=20221108T000730, end_date=20221108T000731
[2022-11-08T00:07:31.146+0000] {local_task_job.py:164} INFO - Task exited with return code 0
[2022-11-08T00:07:31.171+0000] {local_task_job.py:273} INFO - 1 downstream tasks scheduled from follow-on schedule check
