[2022-11-09T00:11:59.601+0000] {taskinstance.py:1165} INFO - Dependencies all met for <TaskInstance: my_dag.training_model_B scheduled__2022-11-08T00:00:00+00:00 [queued]>
[2022-11-09T00:11:59.609+0000] {taskinstance.py:1165} INFO - Dependencies all met for <TaskInstance: my_dag.training_model_B scheduled__2022-11-08T00:00:00+00:00 [queued]>
[2022-11-09T00:11:59.609+0000] {taskinstance.py:1362} INFO - 
--------------------------------------------------------------------------------
[2022-11-09T00:11:59.610+0000] {taskinstance.py:1363} INFO - Starting attempt 1 of 1
[2022-11-09T00:11:59.610+0000] {taskinstance.py:1364} INFO - 
--------------------------------------------------------------------------------
[2022-11-09T00:11:59.618+0000] {taskinstance.py:1383} INFO - Executing <Task(PythonOperator): training_model_B> on 2022-11-08 00:00:00+00:00
[2022-11-09T00:11:59.620+0000] {standard_task_runner.py:55} INFO - Started process 26573 to run task
[2022-11-09T00:11:59.622+0000] {standard_task_runner.py:82} INFO - Running: ['***', 'tasks', 'run', 'my_dag', 'training_model_B', 'scheduled__2022-11-08T00:00:00+00:00', '--job-id', '174', '--raw', '--subdir', 'DAGS_FOLDER/my_dag.py', '--cfg-path', '/tmp/tmpyqpr0zbj']
[2022-11-09T00:11:59.623+0000] {standard_task_runner.py:83} INFO - Job 174: Subtask training_model_B
[2022-11-09T00:11:59.698+0000] {task_command.py:376} INFO - Running <TaskInstance: my_dag.training_model_B scheduled__2022-11-08T00:00:00+00:00 [running]> on host 65bebd3e66a2
[2022-11-09T00:11:59.751+0000] {taskinstance.py:1592} INFO - Exporting the following env vars:
AIRFLOW_CTX_DAG_OWNER=***
AIRFLOW_CTX_DAG_ID=my_dag
AIRFLOW_CTX_TASK_ID=training_model_B
AIRFLOW_CTX_EXECUTION_DATE=2022-11-08T00:00:00+00:00
AIRFLOW_CTX_TRY_NUMBER=1
AIRFLOW_CTX_DAG_RUN_ID=scheduled__2022-11-08T00:00:00+00:00
[2022-11-09T00:11:59.752+0000] {python.py:177} INFO - Done. Returned value was: 8
[2022-11-09T00:11:59.781+0000] {taskinstance.py:1406} INFO - Marking task as SUCCESS. dag_id=my_dag, task_id=training_model_B, execution_date=20221108T000000, start_date=20221109T001159, end_date=20221109T001159
[2022-11-09T00:11:59.796+0000] {local_task_job.py:164} INFO - Task exited with return code 0
[2022-11-09T00:11:59.829+0000] {local_task_job.py:273} INFO - 0 downstream tasks scheduled from follow-on schedule check
