[2022-11-20T12:59:15.583+0000] {taskinstance.py:1165} INFO - Dependencies all met for <TaskInstance: my_dag.choose_best_model scheduled__2022-11-09T00:00:00+00:00 [queued]>
[2022-11-20T12:59:15.599+0000] {taskinstance.py:1165} INFO - Dependencies all met for <TaskInstance: my_dag.choose_best_model scheduled__2022-11-09T00:00:00+00:00 [queued]>
[2022-11-20T12:59:15.599+0000] {taskinstance.py:1362} INFO - 
--------------------------------------------------------------------------------
[2022-11-20T12:59:15.599+0000] {taskinstance.py:1363} INFO - Starting attempt 1 of 1
[2022-11-20T12:59:15.600+0000] {taskinstance.py:1364} INFO - 
--------------------------------------------------------------------------------
[2022-11-20T12:59:15.618+0000] {taskinstance.py:1383} INFO - Executing <Task(BranchPythonOperator): choose_best_model> on 2022-11-09 00:00:00+00:00
[2022-11-20T12:59:15.620+0000] {standard_task_runner.py:55} INFO - Started process 75 to run task
[2022-11-20T12:59:15.625+0000] {standard_task_runner.py:82} INFO - Running: ['***', 'tasks', 'run', 'my_dag', 'choose_best_model', 'scheduled__2022-11-09T00:00:00+00:00', '--job-id', '187', '--raw', '--subdir', 'DAGS_FOLDER/my_dag.py', '--cfg-path', '/tmp/tmpmec1is6x']
[2022-11-20T12:59:15.633+0000] {standard_task_runner.py:83} INFO - Job 187: Subtask choose_best_model
[2022-11-20T12:59:15.763+0000] {task_command.py:376} INFO - Running <TaskInstance: my_dag.choose_best_model scheduled__2022-11-09T00:00:00+00:00 [running]> on host 65bebd3e66a2
[2022-11-20T12:59:15.866+0000] {taskinstance.py:1592} INFO - Exporting the following env vars:
AIRFLOW_CTX_DAG_OWNER=***
AIRFLOW_CTX_DAG_ID=my_dag
AIRFLOW_CTX_TASK_ID=choose_best_model
AIRFLOW_CTX_EXECUTION_DATE=2022-11-09T00:00:00+00:00
AIRFLOW_CTX_TRY_NUMBER=1
AIRFLOW_CTX_DAG_RUN_ID=scheduled__2022-11-09T00:00:00+00:00
[2022-11-20T12:59:15.894+0000] {python.py:177} INFO - Done. Returned value was: inaccurate
[2022-11-20T12:59:15.895+0000] {skipmixin.py:155} INFO - Following branch inaccurate
[2022-11-20T12:59:15.895+0000] {skipmixin.py:190} INFO - Skipping tasks ['accurate']
[2022-11-20T12:59:15.944+0000] {taskinstance.py:1406} INFO - Marking task as SUCCESS. dag_id=my_dag, task_id=choose_best_model, execution_date=20221109T000000, start_date=20221120T125915, end_date=20221120T125915
[2022-11-20T12:59:15.997+0000] {local_task_job.py:164} INFO - Task exited with return code 0
[2022-11-20T12:59:16.032+0000] {local_task_job.py:273} INFO - 1 downstream tasks scheduled from follow-on schedule check
