[2022-11-09T00:12:00.835+0000] {taskinstance.py:1165} INFO - Dependencies all met for <TaskInstance: my_dag.choose_best_model scheduled__2022-11-08T00:00:00+00:00 [queued]>
[2022-11-09T00:12:00.842+0000] {taskinstance.py:1165} INFO - Dependencies all met for <TaskInstance: my_dag.choose_best_model scheduled__2022-11-08T00:00:00+00:00 [queued]>
[2022-11-09T00:12:00.843+0000] {taskinstance.py:1362} INFO - 
--------------------------------------------------------------------------------
[2022-11-09T00:12:00.843+0000] {taskinstance.py:1363} INFO - Starting attempt 1 of 1
[2022-11-09T00:12:00.843+0000] {taskinstance.py:1364} INFO - 
--------------------------------------------------------------------------------
[2022-11-09T00:12:00.851+0000] {taskinstance.py:1383} INFO - Executing <Task(BranchPythonOperator): choose_best_model> on 2022-11-08 00:00:00+00:00
[2022-11-09T00:12:00.854+0000] {standard_task_runner.py:55} INFO - Started process 26577 to run task
[2022-11-09T00:12:00.856+0000] {standard_task_runner.py:82} INFO - Running: ['***', 'tasks', 'run', 'my_dag', 'choose_best_model', 'scheduled__2022-11-08T00:00:00+00:00', '--job-id', '177', '--raw', '--subdir', 'DAGS_FOLDER/my_dag.py', '--cfg-path', '/tmp/tmpvdl86z7t']
[2022-11-09T00:12:00.866+0000] {standard_task_runner.py:83} INFO - Job 177: Subtask choose_best_model
[2022-11-09T00:12:00.927+0000] {task_command.py:376} INFO - Running <TaskInstance: my_dag.choose_best_model scheduled__2022-11-08T00:00:00+00:00 [running]> on host 65bebd3e66a2
[2022-11-09T00:12:00.965+0000] {taskinstance.py:1592} INFO - Exporting the following env vars:
AIRFLOW_CTX_DAG_OWNER=***
AIRFLOW_CTX_DAG_ID=my_dag
AIRFLOW_CTX_TASK_ID=choose_best_model
AIRFLOW_CTX_EXECUTION_DATE=2022-11-08T00:00:00+00:00
AIRFLOW_CTX_TRY_NUMBER=1
AIRFLOW_CTX_DAG_RUN_ID=scheduled__2022-11-08T00:00:00+00:00
[2022-11-09T00:12:00.971+0000] {python.py:177} INFO - Done. Returned value was: inaccurate
[2022-11-09T00:12:00.971+0000] {skipmixin.py:155} INFO - Following branch inaccurate
[2022-11-09T00:12:00.971+0000] {skipmixin.py:190} INFO - Skipping tasks ['accurate']
[2022-11-09T00:12:00.996+0000] {taskinstance.py:1406} INFO - Marking task as SUCCESS. dag_id=my_dag, task_id=choose_best_model, execution_date=20221108T000000, start_date=20221109T001200, end_date=20221109T001200
[2022-11-09T00:12:01.032+0000] {local_task_job.py:164} INFO - Task exited with return code 0
[2022-11-09T00:12:01.059+0000] {local_task_job.py:273} INFO - 1 downstream tasks scheduled from follow-on schedule check
