[2022-11-07T04:59:17.744+0000] {taskinstance.py:1165} INFO - Dependencies all met for <TaskInstance: my_dag.choose_best_model manual__2022-11-07T04:59:15.785214+00:00 [queued]>
[2022-11-07T04:59:17.749+0000] {taskinstance.py:1165} INFO - Dependencies all met for <TaskInstance: my_dag.choose_best_model manual__2022-11-07T04:59:15.785214+00:00 [queued]>
[2022-11-07T04:59:17.749+0000] {taskinstance.py:1362} INFO - 
--------------------------------------------------------------------------------
[2022-11-07T04:59:17.749+0000] {taskinstance.py:1363} INFO - Starting attempt 1 of 1
[2022-11-07T04:59:17.749+0000] {taskinstance.py:1364} INFO - 
--------------------------------------------------------------------------------
[2022-11-07T04:59:17.756+0000] {taskinstance.py:1383} INFO - Executing <Task(BranchPythonOperator): choose_best_model> on 2022-11-07 04:59:15.785214+00:00
[2022-11-07T04:59:17.758+0000] {standard_task_runner.py:55} INFO - Started process 762 to run task
[2022-11-07T04:59:17.760+0000] {standard_task_runner.py:82} INFO - Running: ['***', 'tasks', 'run', 'my_dag', 'choose_best_model', 'manual__2022-11-07T04:59:15.785214+00:00', '--job-id', '167', '--raw', '--subdir', 'DAGS_FOLDER/my_dag.py', '--cfg-path', '/tmp/tmpnmqe4qtf']
[2022-11-07T04:59:17.761+0000] {standard_task_runner.py:83} INFO - Job 167: Subtask choose_best_model
[2022-11-07T04:59:17.790+0000] {task_command.py:376} INFO - Running <TaskInstance: my_dag.choose_best_model manual__2022-11-07T04:59:15.785214+00:00 [running]> on host 65bebd3e66a2
[2022-11-07T04:59:17.823+0000] {taskinstance.py:1592} INFO - Exporting the following env vars:
AIRFLOW_CTX_DAG_OWNER=***
AIRFLOW_CTX_DAG_ID=my_dag
AIRFLOW_CTX_TASK_ID=choose_best_model
AIRFLOW_CTX_EXECUTION_DATE=2022-11-07T04:59:15.785214+00:00
AIRFLOW_CTX_TRY_NUMBER=1
AIRFLOW_CTX_DAG_RUN_ID=manual__2022-11-07T04:59:15.785214+00:00
[2022-11-07T04:59:17.828+0000] {python.py:177} INFO - Done. Returned value was: accurate
[2022-11-07T04:59:17.828+0000] {skipmixin.py:155} INFO - Following branch accurate
[2022-11-07T04:59:17.829+0000] {skipmixin.py:190} INFO - Skipping tasks ['inaccurate']
[2022-11-07T04:59:17.846+0000] {taskinstance.py:1406} INFO - Marking task as SUCCESS. dag_id=my_dag, task_id=choose_best_model, execution_date=20221107T045915, start_date=20221107T045917, end_date=20221107T045917
[2022-11-07T04:59:17.893+0000] {local_task_job.py:164} INFO - Task exited with return code 0
[2022-11-07T04:59:17.909+0000] {local_task_job.py:273} INFO - 1 downstream tasks scheduled from follow-on schedule check
