[2022-11-09T00:12:00.817+0000] {processor.py:154} INFO - Started process (PID=30703) to work on /home/airflow/.local/lib/python3.7/site-packages/airflow/example_dags/example_bash_operator.py
[2022-11-09T00:12:00.826+0000] {processor.py:756} INFO - Processing file /home/airflow/.local/lib/python3.7/site-packages/airflow/example_dags/example_bash_operator.py for tasks to queue
[2022-11-09T00:12:00.827+0000] {logging_mixin.py:120} INFO - [2022-11-09T00:12:00.827+0000] {dagbag.py:537} INFO - Filling up the DagBag from /home/airflow/.local/lib/python3.7/site-packages/airflow/example_dags/example_bash_operator.py
[2022-11-09T00:12:00.857+0000] {processor.py:766} INFO - DAG(s) dict_keys(['example_bash_operator']) retrieved from /home/airflow/.local/lib/python3.7/site-packages/airflow/example_dags/example_bash_operator.py
[2022-11-09T00:12:00.909+0000] {logging_mixin.py:120} INFO - [2022-11-09T00:12:00.909+0000] {dag.py:2585} INFO - Sync 1 DAGs
[2022-11-09T00:12:00.939+0000] {logging_mixin.py:120} INFO - [2022-11-09T00:12:00.939+0000] {dag.py:3340} INFO - Setting next_dagrun for example_bash_operator to 2022-11-08T00:00:00+00:00, run_after=2022-11-09T00:00:00+00:00
[2022-11-09T00:12:00.962+0000] {processor.py:176} INFO - Processing /home/airflow/.local/lib/python3.7/site-packages/airflow/example_dags/example_bash_operator.py took 0.148 seconds
[2022-11-09T00:27:34.060+0000] {processor.py:154} INFO - Started process (PID=30750) to work on /home/airflow/.local/lib/python3.7/site-packages/airflow/example_dags/example_bash_operator.py
[2022-11-09T00:27:34.061+0000] {processor.py:756} INFO - Processing file /home/airflow/.local/lib/python3.7/site-packages/airflow/example_dags/example_bash_operator.py for tasks to queue
[2022-11-09T00:27:34.062+0000] {logging_mixin.py:120} INFO - [2022-11-09T00:27:34.062+0000] {dagbag.py:537} INFO - Filling up the DagBag from /home/airflow/.local/lib/python3.7/site-packages/airflow/example_dags/example_bash_operator.py
[2022-11-09T00:27:34.083+0000] {processor.py:766} INFO - DAG(s) dict_keys(['example_bash_operator']) retrieved from /home/airflow/.local/lib/python3.7/site-packages/airflow/example_dags/example_bash_operator.py
[2022-11-09T00:27:34.122+0000] {logging_mixin.py:120} INFO - [2022-11-09T00:27:34.122+0000] {dag.py:2585} INFO - Sync 1 DAGs
[2022-11-09T00:27:34.139+0000] {logging_mixin.py:120} INFO - [2022-11-09T00:27:34.139+0000] {dag.py:3340} INFO - Setting next_dagrun for example_bash_operator to 2022-11-08T00:00:00+00:00, run_after=2022-11-09T00:00:00+00:00
[2022-11-09T00:27:34.161+0000] {processor.py:176} INFO - Processing /home/airflow/.local/lib/python3.7/site-packages/airflow/example_dags/example_bash_operator.py took 0.102 seconds
[2022-11-09T01:00:48.323+0000] {processor.py:154} INFO - Started process (PID=30800) to work on /home/airflow/.local/lib/python3.7/site-packages/airflow/example_dags/example_bash_operator.py
[2022-11-09T01:00:48.323+0000] {processor.py:756} INFO - Processing file /home/airflow/.local/lib/python3.7/site-packages/airflow/example_dags/example_bash_operator.py for tasks to queue
[2022-11-09T01:00:48.324+0000] {logging_mixin.py:120} INFO - [2022-11-09T01:00:48.324+0000] {dagbag.py:537} INFO - Filling up the DagBag from /home/airflow/.local/lib/python3.7/site-packages/airflow/example_dags/example_bash_operator.py
[2022-11-09T01:00:48.352+0000] {processor.py:766} INFO - DAG(s) dict_keys(['example_bash_operator']) retrieved from /home/airflow/.local/lib/python3.7/site-packages/airflow/example_dags/example_bash_operator.py
[2022-11-09T01:00:48.393+0000] {logging_mixin.py:120} INFO - [2022-11-09T01:00:48.393+0000] {dag.py:2585} INFO - Sync 1 DAGs
[2022-11-09T01:00:48.430+0000] {logging_mixin.py:120} INFO - [2022-11-09T01:00:48.430+0000] {dag.py:3340} INFO - Setting next_dagrun for example_bash_operator to 2022-11-08T00:00:00+00:00, run_after=2022-11-09T00:00:00+00:00
[2022-11-09T01:00:48.452+0000] {processor.py:176} INFO - Processing /home/airflow/.local/lib/python3.7/site-packages/airflow/example_dags/example_bash_operator.py took 0.131 seconds
[2022-11-09T01:34:43.602+0000] {processor.py:154} INFO - Started process (PID=30848) to work on /home/airflow/.local/lib/python3.7/site-packages/airflow/example_dags/example_bash_operator.py
[2022-11-09T01:34:43.603+0000] {processor.py:756} INFO - Processing file /home/airflow/.local/lib/python3.7/site-packages/airflow/example_dags/example_bash_operator.py for tasks to queue
[2022-11-09T01:34:43.603+0000] {logging_mixin.py:120} INFO - [2022-11-09T01:34:43.603+0000] {dagbag.py:537} INFO - Filling up the DagBag from /home/airflow/.local/lib/python3.7/site-packages/airflow/example_dags/example_bash_operator.py
[2022-11-09T01:34:43.620+0000] {processor.py:766} INFO - DAG(s) dict_keys(['example_bash_operator']) retrieved from /home/airflow/.local/lib/python3.7/site-packages/airflow/example_dags/example_bash_operator.py
[2022-11-09T01:34:44.030+0000] {logging_mixin.py:120} INFO - [2022-11-09T01:34:44.030+0000] {dag.py:2585} INFO - Sync 1 DAGs
[2022-11-09T01:34:44.068+0000] {logging_mixin.py:120} INFO - [2022-11-09T01:34:44.068+0000] {dag.py:3340} INFO - Setting next_dagrun for example_bash_operator to 2022-11-08T00:00:00+00:00, run_after=2022-11-09T00:00:00+00:00
[2022-11-09T01:34:44.142+0000] {processor.py:176} INFO - Processing /home/airflow/.local/lib/python3.7/site-packages/airflow/example_dags/example_bash_operator.py took 0.543 seconds
[2022-11-09T01:50:24.215+0000] {processor.py:154} INFO - Started process (PID=30895) to work on /home/airflow/.local/lib/python3.7/site-packages/airflow/example_dags/example_bash_operator.py
[2022-11-09T01:50:24.226+0000] {processor.py:756} INFO - Processing file /home/airflow/.local/lib/python3.7/site-packages/airflow/example_dags/example_bash_operator.py for tasks to queue
[2022-11-09T01:50:24.227+0000] {logging_mixin.py:120} INFO - [2022-11-09T01:50:24.227+0000] {dagbag.py:537} INFO - Filling up the DagBag from /home/airflow/.local/lib/python3.7/site-packages/airflow/example_dags/example_bash_operator.py
[2022-11-09T01:50:24.249+0000] {processor.py:766} INFO - DAG(s) dict_keys(['example_bash_operator']) retrieved from /home/airflow/.local/lib/python3.7/site-packages/airflow/example_dags/example_bash_operator.py
[2022-11-09T01:50:24.293+0000] {logging_mixin.py:120} INFO - [2022-11-09T01:50:24.293+0000] {dag.py:2585} INFO - Sync 1 DAGs
[2022-11-09T01:50:24.330+0000] {logging_mixin.py:120} INFO - [2022-11-09T01:50:24.329+0000] {dag.py:3340} INFO - Setting next_dagrun for example_bash_operator to 2022-11-08T00:00:00+00:00, run_after=2022-11-09T00:00:00+00:00
[2022-11-09T01:50:24.348+0000] {processor.py:176} INFO - Processing /home/airflow/.local/lib/python3.7/site-packages/airflow/example_dags/example_bash_operator.py took 0.136 seconds
[2022-11-09T01:55:23.471+0000] {processor.py:154} INFO - Started process (PID=30943) to work on /home/airflow/.local/lib/python3.7/site-packages/airflow/example_dags/example_bash_operator.py
[2022-11-09T01:55:23.475+0000] {processor.py:756} INFO - Processing file /home/airflow/.local/lib/python3.7/site-packages/airflow/example_dags/example_bash_operator.py for tasks to queue
[2022-11-09T01:55:23.475+0000] {logging_mixin.py:120} INFO - [2022-11-09T01:55:23.475+0000] {dagbag.py:537} INFO - Filling up the DagBag from /home/airflow/.local/lib/python3.7/site-packages/airflow/example_dags/example_bash_operator.py
[2022-11-09T01:55:23.490+0000] {processor.py:766} INFO - DAG(s) dict_keys(['example_bash_operator']) retrieved from /home/airflow/.local/lib/python3.7/site-packages/airflow/example_dags/example_bash_operator.py
[2022-11-09T01:55:23.542+0000] {logging_mixin.py:120} INFO - [2022-11-09T01:55:23.541+0000] {dag.py:2585} INFO - Sync 1 DAGs
[2022-11-09T01:55:23.568+0000] {logging_mixin.py:120} INFO - [2022-11-09T01:55:23.567+0000] {dag.py:3340} INFO - Setting next_dagrun for example_bash_operator to 2022-11-08T00:00:00+00:00, run_after=2022-11-09T00:00:00+00:00
[2022-11-09T01:55:23.605+0000] {processor.py:176} INFO - Processing /home/airflow/.local/lib/python3.7/site-packages/airflow/example_dags/example_bash_operator.py took 0.137 seconds
[2022-11-09T02:10:48.962+0000] {processor.py:154} INFO - Started process (PID=30990) to work on /home/airflow/.local/lib/python3.7/site-packages/airflow/example_dags/example_bash_operator.py
[2022-11-09T02:10:48.964+0000] {processor.py:756} INFO - Processing file /home/airflow/.local/lib/python3.7/site-packages/airflow/example_dags/example_bash_operator.py for tasks to queue
[2022-11-09T02:10:48.964+0000] {logging_mixin.py:120} INFO - [2022-11-09T02:10:48.964+0000] {dagbag.py:537} INFO - Filling up the DagBag from /home/airflow/.local/lib/python3.7/site-packages/airflow/example_dags/example_bash_operator.py
[2022-11-09T02:10:48.978+0000] {processor.py:766} INFO - DAG(s) dict_keys(['example_bash_operator']) retrieved from /home/airflow/.local/lib/python3.7/site-packages/airflow/example_dags/example_bash_operator.py
[2022-11-09T02:10:49.003+0000] {logging_mixin.py:120} INFO - [2022-11-09T02:10:49.002+0000] {dag.py:2585} INFO - Sync 1 DAGs
[2022-11-09T02:10:49.016+0000] {logging_mixin.py:120} INFO - [2022-11-09T02:10:49.016+0000] {dag.py:3340} INFO - Setting next_dagrun for example_bash_operator to 2022-11-08T00:00:00+00:00, run_after=2022-11-09T00:00:00+00:00
[2022-11-09T02:10:49.028+0000] {processor.py:176} INFO - Processing /home/airflow/.local/lib/python3.7/site-packages/airflow/example_dags/example_bash_operator.py took 0.069 seconds
[2022-11-09T02:26:23.358+0000] {processor.py:154} INFO - Started process (PID=31037) to work on /home/airflow/.local/lib/python3.7/site-packages/airflow/example_dags/example_bash_operator.py
[2022-11-09T02:26:23.360+0000] {processor.py:756} INFO - Processing file /home/airflow/.local/lib/python3.7/site-packages/airflow/example_dags/example_bash_operator.py for tasks to queue
[2022-11-09T02:26:23.362+0000] {logging_mixin.py:120} INFO - [2022-11-09T02:26:23.362+0000] {dagbag.py:537} INFO - Filling up the DagBag from /home/airflow/.local/lib/python3.7/site-packages/airflow/example_dags/example_bash_operator.py
[2022-11-09T02:26:23.387+0000] {processor.py:766} INFO - DAG(s) dict_keys(['example_bash_operator']) retrieved from /home/airflow/.local/lib/python3.7/site-packages/airflow/example_dags/example_bash_operator.py
[2022-11-09T02:26:23.431+0000] {logging_mixin.py:120} INFO - [2022-11-09T02:26:23.431+0000] {dag.py:2585} INFO - Sync 1 DAGs
[2022-11-09T02:26:23.453+0000] {logging_mixin.py:120} INFO - [2022-11-09T02:26:23.453+0000] {dag.py:3340} INFO - Setting next_dagrun for example_bash_operator to 2022-11-08T00:00:00+00:00, run_after=2022-11-09T00:00:00+00:00
[2022-11-09T02:26:23.466+0000] {processor.py:176} INFO - Processing /home/airflow/.local/lib/python3.7/site-packages/airflow/example_dags/example_bash_operator.py took 0.115 seconds
[2022-11-09T02:44:01.055+0000] {processor.py:154} INFO - Started process (PID=31085) to work on /home/airflow/.local/lib/python3.7/site-packages/airflow/example_dags/example_bash_operator.py
[2022-11-09T02:44:01.057+0000] {processor.py:756} INFO - Processing file /home/airflow/.local/lib/python3.7/site-packages/airflow/example_dags/example_bash_operator.py for tasks to queue
[2022-11-09T02:44:01.059+0000] {logging_mixin.py:120} INFO - [2022-11-09T02:44:01.059+0000] {dagbag.py:537} INFO - Filling up the DagBag from /home/airflow/.local/lib/python3.7/site-packages/airflow/example_dags/example_bash_operator.py
[2022-11-09T02:44:01.076+0000] {processor.py:766} INFO - DAG(s) dict_keys(['example_bash_operator']) retrieved from /home/airflow/.local/lib/python3.7/site-packages/airflow/example_dags/example_bash_operator.py
[2022-11-09T02:44:01.119+0000] {logging_mixin.py:120} INFO - [2022-11-09T02:44:01.119+0000] {dag.py:2585} INFO - Sync 1 DAGs
[2022-11-09T02:44:01.133+0000] {logging_mixin.py:120} INFO - [2022-11-09T02:44:01.133+0000] {dag.py:3340} INFO - Setting next_dagrun for example_bash_operator to 2022-11-08T00:00:00+00:00, run_after=2022-11-09T00:00:00+00:00
[2022-11-09T02:44:01.149+0000] {processor.py:176} INFO - Processing /home/airflow/.local/lib/python3.7/site-packages/airflow/example_dags/example_bash_operator.py took 0.096 seconds
[2022-11-09T03:01:02.792+0000] {processor.py:154} INFO - Started process (PID=31144) to work on /home/airflow/.local/lib/python3.7/site-packages/airflow/example_dags/example_bash_operator.py
[2022-11-09T03:01:02.793+0000] {processor.py:756} INFO - Processing file /home/airflow/.local/lib/python3.7/site-packages/airflow/example_dags/example_bash_operator.py for tasks to queue
[2022-11-09T03:01:02.794+0000] {logging_mixin.py:120} INFO - [2022-11-09T03:01:02.794+0000] {dagbag.py:537} INFO - Filling up the DagBag from /home/airflow/.local/lib/python3.7/site-packages/airflow/example_dags/example_bash_operator.py
[2022-11-09T03:01:02.809+0000] {processor.py:766} INFO - DAG(s) dict_keys(['example_bash_operator']) retrieved from /home/airflow/.local/lib/python3.7/site-packages/airflow/example_dags/example_bash_operator.py
[2022-11-09T03:01:02.835+0000] {logging_mixin.py:120} INFO - [2022-11-09T03:01:02.834+0000] {dag.py:2585} INFO - Sync 1 DAGs
[2022-11-09T03:01:02.850+0000] {logging_mixin.py:120} INFO - [2022-11-09T03:01:02.850+0000] {dag.py:3340} INFO - Setting next_dagrun for example_bash_operator to 2022-11-08T00:00:00+00:00, run_after=2022-11-09T00:00:00+00:00
[2022-11-09T03:01:02.864+0000] {processor.py:176} INFO - Processing /home/airflow/.local/lib/python3.7/site-packages/airflow/example_dags/example_bash_operator.py took 0.074 seconds
[2022-11-09T03:03:52.221+0000] {processor.py:154} INFO - Started process (PID=31209) to work on /home/airflow/.local/lib/python3.7/site-packages/airflow/example_dags/example_bash_operator.py
[2022-11-09T03:03:52.222+0000] {processor.py:756} INFO - Processing file /home/airflow/.local/lib/python3.7/site-packages/airflow/example_dags/example_bash_operator.py for tasks to queue
[2022-11-09T03:03:52.229+0000] {logging_mixin.py:120} INFO - [2022-11-09T03:03:52.229+0000] {dagbag.py:537} INFO - Filling up the DagBag from /home/airflow/.local/lib/python3.7/site-packages/airflow/example_dags/example_bash_operator.py
[2022-11-09T03:03:52.247+0000] {processor.py:766} INFO - DAG(s) dict_keys(['example_bash_operator']) retrieved from /home/airflow/.local/lib/python3.7/site-packages/airflow/example_dags/example_bash_operator.py
[2022-11-09T03:03:52.349+0000] {logging_mixin.py:120} INFO - [2022-11-09T03:03:52.349+0000] {dag.py:2585} INFO - Sync 1 DAGs
[2022-11-09T03:03:52.381+0000] {logging_mixin.py:120} INFO - [2022-11-09T03:03:52.381+0000] {dag.py:3340} INFO - Setting next_dagrun for example_bash_operator to 2022-11-08T00:00:00+00:00, run_after=2022-11-09T00:00:00+00:00
[2022-11-09T03:03:52.406+0000] {processor.py:176} INFO - Processing /home/airflow/.local/lib/python3.7/site-packages/airflow/example_dags/example_bash_operator.py took 0.187 seconds
[2022-11-09T03:19:28.183+0000] {processor.py:154} INFO - Started process (PID=31256) to work on /home/airflow/.local/lib/python3.7/site-packages/airflow/example_dags/example_bash_operator.py
[2022-11-09T03:19:28.184+0000] {processor.py:756} INFO - Processing file /home/airflow/.local/lib/python3.7/site-packages/airflow/example_dags/example_bash_operator.py for tasks to queue
[2022-11-09T03:19:28.185+0000] {logging_mixin.py:120} INFO - [2022-11-09T03:19:28.185+0000] {dagbag.py:537} INFO - Filling up the DagBag from /home/airflow/.local/lib/python3.7/site-packages/airflow/example_dags/example_bash_operator.py
[2022-11-09T03:19:28.212+0000] {processor.py:766} INFO - DAG(s) dict_keys(['example_bash_operator']) retrieved from /home/airflow/.local/lib/python3.7/site-packages/airflow/example_dags/example_bash_operator.py
[2022-11-09T03:19:28.261+0000] {logging_mixin.py:120} INFO - [2022-11-09T03:19:28.260+0000] {dag.py:2585} INFO - Sync 1 DAGs
[2022-11-09T03:19:28.277+0000] {logging_mixin.py:120} INFO - [2022-11-09T03:19:28.276+0000] {dag.py:3340} INFO - Setting next_dagrun for example_bash_operator to 2022-11-08T00:00:00+00:00, run_after=2022-11-09T00:00:00+00:00
[2022-11-09T03:19:28.287+0000] {processor.py:176} INFO - Processing /home/airflow/.local/lib/python3.7/site-packages/airflow/example_dags/example_bash_operator.py took 0.105 seconds
[2022-11-09T03:35:52.011+0000] {processor.py:154} INFO - Started process (PID=31314) to work on /home/airflow/.local/lib/python3.7/site-packages/airflow/example_dags/example_bash_operator.py
[2022-11-09T03:35:52.014+0000] {processor.py:756} INFO - Processing file /home/airflow/.local/lib/python3.7/site-packages/airflow/example_dags/example_bash_operator.py for tasks to queue
[2022-11-09T03:35:52.014+0000] {logging_mixin.py:120} INFO - [2022-11-09T03:35:52.014+0000] {dagbag.py:537} INFO - Filling up the DagBag from /home/airflow/.local/lib/python3.7/site-packages/airflow/example_dags/example_bash_operator.py
[2022-11-09T03:35:52.038+0000] {processor.py:766} INFO - DAG(s) dict_keys(['example_bash_operator']) retrieved from /home/airflow/.local/lib/python3.7/site-packages/airflow/example_dags/example_bash_operator.py
[2022-11-09T03:35:52.084+0000] {logging_mixin.py:120} INFO - [2022-11-09T03:35:52.084+0000] {dag.py:2585} INFO - Sync 1 DAGs
[2022-11-09T03:35:52.104+0000] {logging_mixin.py:120} INFO - [2022-11-09T03:35:52.104+0000] {dag.py:3340} INFO - Setting next_dagrun for example_bash_operator to 2022-11-08T00:00:00+00:00, run_after=2022-11-09T00:00:00+00:00
[2022-11-09T03:35:52.119+0000] {processor.py:176} INFO - Processing /home/airflow/.local/lib/python3.7/site-packages/airflow/example_dags/example_bash_operator.py took 0.110 seconds
[2022-11-09T03:58:28.003+0000] {processor.py:154} INFO - Started process (PID=31361) to work on /home/airflow/.local/lib/python3.7/site-packages/airflow/example_dags/example_bash_operator.py
[2022-11-09T03:58:28.004+0000] {processor.py:756} INFO - Processing file /home/airflow/.local/lib/python3.7/site-packages/airflow/example_dags/example_bash_operator.py for tasks to queue
[2022-11-09T03:58:28.005+0000] {logging_mixin.py:120} INFO - [2022-11-09T03:58:28.005+0000] {dagbag.py:537} INFO - Filling up the DagBag from /home/airflow/.local/lib/python3.7/site-packages/airflow/example_dags/example_bash_operator.py
[2022-11-09T03:58:28.030+0000] {processor.py:766} INFO - DAG(s) dict_keys(['example_bash_operator']) retrieved from /home/airflow/.local/lib/python3.7/site-packages/airflow/example_dags/example_bash_operator.py
[2022-11-09T03:58:28.091+0000] {logging_mixin.py:120} INFO - [2022-11-09T03:58:28.091+0000] {dag.py:2585} INFO - Sync 1 DAGs
[2022-11-09T03:58:28.115+0000] {logging_mixin.py:120} INFO - [2022-11-09T03:58:28.115+0000] {dag.py:3340} INFO - Setting next_dagrun for example_bash_operator to 2022-11-08T00:00:00+00:00, run_after=2022-11-09T00:00:00+00:00
[2022-11-09T03:58:28.131+0000] {processor.py:176} INFO - Processing /home/airflow/.local/lib/python3.7/site-packages/airflow/example_dags/example_bash_operator.py took 0.131 seconds
[2022-11-09T03:58:58.814+0000] {processor.py:154} INFO - Started process (PID=31431) to work on /home/airflow/.local/lib/python3.7/site-packages/airflow/example_dags/example_bash_operator.py
[2022-11-09T03:58:58.814+0000] {processor.py:756} INFO - Processing file /home/airflow/.local/lib/python3.7/site-packages/airflow/example_dags/example_bash_operator.py for tasks to queue
[2022-11-09T03:58:58.815+0000] {logging_mixin.py:120} INFO - [2022-11-09T03:58:58.815+0000] {dagbag.py:537} INFO - Filling up the DagBag from /home/airflow/.local/lib/python3.7/site-packages/airflow/example_dags/example_bash_operator.py
[2022-11-09T03:58:58.828+0000] {processor.py:766} INFO - DAG(s) dict_keys(['example_bash_operator']) retrieved from /home/airflow/.local/lib/python3.7/site-packages/airflow/example_dags/example_bash_operator.py
[2022-11-09T03:58:58.869+0000] {logging_mixin.py:120} INFO - [2022-11-09T03:58:58.869+0000] {dag.py:2585} INFO - Sync 1 DAGs
[2022-11-09T03:58:58.884+0000] {logging_mixin.py:120} INFO - [2022-11-09T03:58:58.884+0000] {dag.py:3340} INFO - Setting next_dagrun for example_bash_operator to 2022-11-08T00:00:00+00:00, run_after=2022-11-09T00:00:00+00:00
[2022-11-09T03:58:58.896+0000] {processor.py:176} INFO - Processing /home/airflow/.local/lib/python3.7/site-packages/airflow/example_dags/example_bash_operator.py took 0.084 seconds
[2022-11-09T03:59:29.812+0000] {processor.py:154} INFO - Started process (PID=31503) to work on /home/airflow/.local/lib/python3.7/site-packages/airflow/example_dags/example_bash_operator.py
[2022-11-09T03:59:29.813+0000] {processor.py:756} INFO - Processing file /home/airflow/.local/lib/python3.7/site-packages/airflow/example_dags/example_bash_operator.py for tasks to queue
[2022-11-09T03:59:29.813+0000] {logging_mixin.py:120} INFO - [2022-11-09T03:59:29.813+0000] {dagbag.py:537} INFO - Filling up the DagBag from /home/airflow/.local/lib/python3.7/site-packages/airflow/example_dags/example_bash_operator.py
[2022-11-09T03:59:29.825+0000] {processor.py:766} INFO - DAG(s) dict_keys(['example_bash_operator']) retrieved from /home/airflow/.local/lib/python3.7/site-packages/airflow/example_dags/example_bash_operator.py
[2022-11-09T03:59:29.851+0000] {logging_mixin.py:120} INFO - [2022-11-09T03:59:29.851+0000] {dag.py:2585} INFO - Sync 1 DAGs
[2022-11-09T03:59:29.865+0000] {logging_mixin.py:120} INFO - [2022-11-09T03:59:29.865+0000] {dag.py:3340} INFO - Setting next_dagrun for example_bash_operator to 2022-11-08T00:00:00+00:00, run_after=2022-11-09T00:00:00+00:00
[2022-11-09T03:59:29.875+0000] {processor.py:176} INFO - Processing /home/airflow/.local/lib/python3.7/site-packages/airflow/example_dags/example_bash_operator.py took 0.065 seconds
[2022-11-09T04:00:00.673+0000] {processor.py:154} INFO - Started process (PID=31569) to work on /home/airflow/.local/lib/python3.7/site-packages/airflow/example_dags/example_bash_operator.py
[2022-11-09T04:00:00.674+0000] {processor.py:756} INFO - Processing file /home/airflow/.local/lib/python3.7/site-packages/airflow/example_dags/example_bash_operator.py for tasks to queue
[2022-11-09T04:00:00.674+0000] {logging_mixin.py:120} INFO - [2022-11-09T04:00:00.674+0000] {dagbag.py:537} INFO - Filling up the DagBag from /home/airflow/.local/lib/python3.7/site-packages/airflow/example_dags/example_bash_operator.py
[2022-11-09T04:00:00.687+0000] {processor.py:766} INFO - DAG(s) dict_keys(['example_bash_operator']) retrieved from /home/airflow/.local/lib/python3.7/site-packages/airflow/example_dags/example_bash_operator.py
[2022-11-09T04:00:00.712+0000] {logging_mixin.py:120} INFO - [2022-11-09T04:00:00.712+0000] {dag.py:2585} INFO - Sync 1 DAGs
[2022-11-09T04:00:00.727+0000] {logging_mixin.py:120} INFO - [2022-11-09T04:00:00.727+0000] {dag.py:3340} INFO - Setting next_dagrun for example_bash_operator to 2022-11-08T00:00:00+00:00, run_after=2022-11-09T00:00:00+00:00
[2022-11-09T04:00:00.738+0000] {processor.py:176} INFO - Processing /home/airflow/.local/lib/python3.7/site-packages/airflow/example_dags/example_bash_operator.py took 0.067 seconds
[2022-11-09T04:00:31.565+0000] {processor.py:154} INFO - Started process (PID=31626) to work on /home/airflow/.local/lib/python3.7/site-packages/airflow/example_dags/example_bash_operator.py
[2022-11-09T04:00:31.566+0000] {processor.py:756} INFO - Processing file /home/airflow/.local/lib/python3.7/site-packages/airflow/example_dags/example_bash_operator.py for tasks to queue
[2022-11-09T04:00:31.566+0000] {logging_mixin.py:120} INFO - [2022-11-09T04:00:31.566+0000] {dagbag.py:537} INFO - Filling up the DagBag from /home/airflow/.local/lib/python3.7/site-packages/airflow/example_dags/example_bash_operator.py
[2022-11-09T04:00:31.579+0000] {processor.py:766} INFO - DAG(s) dict_keys(['example_bash_operator']) retrieved from /home/airflow/.local/lib/python3.7/site-packages/airflow/example_dags/example_bash_operator.py
[2022-11-09T04:00:31.604+0000] {logging_mixin.py:120} INFO - [2022-11-09T04:00:31.604+0000] {dag.py:2585} INFO - Sync 1 DAGs
[2022-11-09T04:00:31.619+0000] {logging_mixin.py:120} INFO - [2022-11-09T04:00:31.619+0000] {dag.py:3340} INFO - Setting next_dagrun for example_bash_operator to 2022-11-08T00:00:00+00:00, run_after=2022-11-09T00:00:00+00:00
[2022-11-09T04:00:31.629+0000] {processor.py:176} INFO - Processing /home/airflow/.local/lib/python3.7/site-packages/airflow/example_dags/example_bash_operator.py took 0.065 seconds
[2022-11-09T04:01:01.771+0000] {processor.py:154} INFO - Started process (PID=31691) to work on /home/airflow/.local/lib/python3.7/site-packages/airflow/example_dags/example_bash_operator.py
[2022-11-09T04:01:01.772+0000] {processor.py:756} INFO - Processing file /home/airflow/.local/lib/python3.7/site-packages/airflow/example_dags/example_bash_operator.py for tasks to queue
[2022-11-09T04:01:01.772+0000] {logging_mixin.py:120} INFO - [2022-11-09T04:01:01.772+0000] {dagbag.py:537} INFO - Filling up the DagBag from /home/airflow/.local/lib/python3.7/site-packages/airflow/example_dags/example_bash_operator.py
[2022-11-09T04:01:01.785+0000] {processor.py:766} INFO - DAG(s) dict_keys(['example_bash_operator']) retrieved from /home/airflow/.local/lib/python3.7/site-packages/airflow/example_dags/example_bash_operator.py
[2022-11-09T04:01:01.811+0000] {logging_mixin.py:120} INFO - [2022-11-09T04:01:01.811+0000] {dag.py:2585} INFO - Sync 1 DAGs
[2022-11-09T04:01:01.825+0000] {logging_mixin.py:120} INFO - [2022-11-09T04:01:01.825+0000] {dag.py:3340} INFO - Setting next_dagrun for example_bash_operator to 2022-11-08T00:00:00+00:00, run_after=2022-11-09T00:00:00+00:00
[2022-11-09T04:01:01.835+0000] {processor.py:176} INFO - Processing /home/airflow/.local/lib/python3.7/site-packages/airflow/example_dags/example_bash_operator.py took 0.067 seconds
[2022-11-09T04:01:31.975+0000] {processor.py:154} INFO - Started process (PID=31757) to work on /home/airflow/.local/lib/python3.7/site-packages/airflow/example_dags/example_bash_operator.py
[2022-11-09T04:01:31.975+0000] {processor.py:756} INFO - Processing file /home/airflow/.local/lib/python3.7/site-packages/airflow/example_dags/example_bash_operator.py for tasks to queue
[2022-11-09T04:01:31.976+0000] {logging_mixin.py:120} INFO - [2022-11-09T04:01:31.976+0000] {dagbag.py:537} INFO - Filling up the DagBag from /home/airflow/.local/lib/python3.7/site-packages/airflow/example_dags/example_bash_operator.py
[2022-11-09T04:01:31.988+0000] {processor.py:766} INFO - DAG(s) dict_keys(['example_bash_operator']) retrieved from /home/airflow/.local/lib/python3.7/site-packages/airflow/example_dags/example_bash_operator.py
[2022-11-09T04:01:32.013+0000] {logging_mixin.py:120} INFO - [2022-11-09T04:01:32.012+0000] {dag.py:2585} INFO - Sync 1 DAGs
[2022-11-09T04:01:32.026+0000] {logging_mixin.py:120} INFO - [2022-11-09T04:01:32.026+0000] {dag.py:3340} INFO - Setting next_dagrun for example_bash_operator to 2022-11-08T00:00:00+00:00, run_after=2022-11-09T00:00:00+00:00
[2022-11-09T04:01:32.036+0000] {processor.py:176} INFO - Processing /home/airflow/.local/lib/python3.7/site-packages/airflow/example_dags/example_bash_operator.py took 0.063 seconds
[2022-11-09T04:02:02.131+0000] {processor.py:154} INFO - Started process (PID=31827) to work on /home/airflow/.local/lib/python3.7/site-packages/airflow/example_dags/example_bash_operator.py
[2022-11-09T04:02:02.131+0000] {processor.py:756} INFO - Processing file /home/airflow/.local/lib/python3.7/site-packages/airflow/example_dags/example_bash_operator.py for tasks to queue
[2022-11-09T04:02:02.132+0000] {logging_mixin.py:120} INFO - [2022-11-09T04:02:02.132+0000] {dagbag.py:537} INFO - Filling up the DagBag from /home/airflow/.local/lib/python3.7/site-packages/airflow/example_dags/example_bash_operator.py
[2022-11-09T04:02:02.144+0000] {processor.py:766} INFO - DAG(s) dict_keys(['example_bash_operator']) retrieved from /home/airflow/.local/lib/python3.7/site-packages/airflow/example_dags/example_bash_operator.py
[2022-11-09T04:02:02.168+0000] {logging_mixin.py:120} INFO - [2022-11-09T04:02:02.168+0000] {dag.py:2585} INFO - Sync 1 DAGs
[2022-11-09T04:02:02.183+0000] {logging_mixin.py:120} INFO - [2022-11-09T04:02:02.183+0000] {dag.py:3340} INFO - Setting next_dagrun for example_bash_operator to 2022-11-08T00:00:00+00:00, run_after=2022-11-09T00:00:00+00:00
[2022-11-09T04:02:02.193+0000] {processor.py:176} INFO - Processing /home/airflow/.local/lib/python3.7/site-packages/airflow/example_dags/example_bash_operator.py took 0.065 seconds
[2022-11-09T04:02:32.302+0000] {processor.py:154} INFO - Started process (PID=31895) to work on /home/airflow/.local/lib/python3.7/site-packages/airflow/example_dags/example_bash_operator.py
[2022-11-09T04:02:32.303+0000] {processor.py:756} INFO - Processing file /home/airflow/.local/lib/python3.7/site-packages/airflow/example_dags/example_bash_operator.py for tasks to queue
[2022-11-09T04:02:32.304+0000] {logging_mixin.py:120} INFO - [2022-11-09T04:02:32.304+0000] {dagbag.py:537} INFO - Filling up the DagBag from /home/airflow/.local/lib/python3.7/site-packages/airflow/example_dags/example_bash_operator.py
[2022-11-09T04:02:32.320+0000] {processor.py:766} INFO - DAG(s) dict_keys(['example_bash_operator']) retrieved from /home/airflow/.local/lib/python3.7/site-packages/airflow/example_dags/example_bash_operator.py
[2022-11-09T04:02:32.348+0000] {logging_mixin.py:120} INFO - [2022-11-09T04:02:32.348+0000] {dag.py:2585} INFO - Sync 1 DAGs
[2022-11-09T04:02:32.364+0000] {logging_mixin.py:120} INFO - [2022-11-09T04:02:32.364+0000] {dag.py:3340} INFO - Setting next_dagrun for example_bash_operator to 2022-11-08T00:00:00+00:00, run_after=2022-11-09T00:00:00+00:00
[2022-11-09T04:02:32.374+0000] {processor.py:176} INFO - Processing /home/airflow/.local/lib/python3.7/site-packages/airflow/example_dags/example_bash_operator.py took 0.075 seconds
[2022-11-09T04:03:03.340+0000] {processor.py:154} INFO - Started process (PID=31960) to work on /home/airflow/.local/lib/python3.7/site-packages/airflow/example_dags/example_bash_operator.py
[2022-11-09T04:03:03.340+0000] {processor.py:756} INFO - Processing file /home/airflow/.local/lib/python3.7/site-packages/airflow/example_dags/example_bash_operator.py for tasks to queue
[2022-11-09T04:03:03.341+0000] {logging_mixin.py:120} INFO - [2022-11-09T04:03:03.341+0000] {dagbag.py:537} INFO - Filling up the DagBag from /home/airflow/.local/lib/python3.7/site-packages/airflow/example_dags/example_bash_operator.py
[2022-11-09T04:03:03.353+0000] {processor.py:766} INFO - DAG(s) dict_keys(['example_bash_operator']) retrieved from /home/airflow/.local/lib/python3.7/site-packages/airflow/example_dags/example_bash_operator.py
[2022-11-09T04:03:03.380+0000] {logging_mixin.py:120} INFO - [2022-11-09T04:03:03.380+0000] {dag.py:2585} INFO - Sync 1 DAGs
[2022-11-09T04:03:03.394+0000] {logging_mixin.py:120} INFO - [2022-11-09T04:03:03.394+0000] {dag.py:3340} INFO - Setting next_dagrun for example_bash_operator to 2022-11-08T00:00:00+00:00, run_after=2022-11-09T00:00:00+00:00
[2022-11-09T04:03:03.404+0000] {processor.py:176} INFO - Processing /home/airflow/.local/lib/python3.7/site-packages/airflow/example_dags/example_bash_operator.py took 0.068 seconds
[2022-11-09T04:03:33.520+0000] {processor.py:154} INFO - Started process (PID=32016) to work on /home/airflow/.local/lib/python3.7/site-packages/airflow/example_dags/example_bash_operator.py
[2022-11-09T04:03:33.521+0000] {processor.py:756} INFO - Processing file /home/airflow/.local/lib/python3.7/site-packages/airflow/example_dags/example_bash_operator.py for tasks to queue
[2022-11-09T04:03:33.522+0000] {logging_mixin.py:120} INFO - [2022-11-09T04:03:33.522+0000] {dagbag.py:537} INFO - Filling up the DagBag from /home/airflow/.local/lib/python3.7/site-packages/airflow/example_dags/example_bash_operator.py
[2022-11-09T04:03:33.534+0000] {processor.py:766} INFO - DAG(s) dict_keys(['example_bash_operator']) retrieved from /home/airflow/.local/lib/python3.7/site-packages/airflow/example_dags/example_bash_operator.py
[2022-11-09T04:03:33.560+0000] {logging_mixin.py:120} INFO - [2022-11-09T04:03:33.560+0000] {dag.py:2585} INFO - Sync 1 DAGs
[2022-11-09T04:03:33.574+0000] {logging_mixin.py:120} INFO - [2022-11-09T04:03:33.574+0000] {dag.py:3340} INFO - Setting next_dagrun for example_bash_operator to 2022-11-08T00:00:00+00:00, run_after=2022-11-09T00:00:00+00:00
[2022-11-09T04:03:33.585+0000] {processor.py:176} INFO - Processing /home/airflow/.local/lib/python3.7/site-packages/airflow/example_dags/example_bash_operator.py took 0.068 seconds
[2022-11-09T04:04:04.633+0000] {processor.py:154} INFO - Started process (PID=32085) to work on /home/airflow/.local/lib/python3.7/site-packages/airflow/example_dags/example_bash_operator.py
[2022-11-09T04:04:04.633+0000] {processor.py:756} INFO - Processing file /home/airflow/.local/lib/python3.7/site-packages/airflow/example_dags/example_bash_operator.py for tasks to queue
[2022-11-09T04:04:04.634+0000] {logging_mixin.py:120} INFO - [2022-11-09T04:04:04.634+0000] {dagbag.py:537} INFO - Filling up the DagBag from /home/airflow/.local/lib/python3.7/site-packages/airflow/example_dags/example_bash_operator.py
[2022-11-09T04:04:04.646+0000] {processor.py:766} INFO - DAG(s) dict_keys(['example_bash_operator']) retrieved from /home/airflow/.local/lib/python3.7/site-packages/airflow/example_dags/example_bash_operator.py
[2022-11-09T04:04:04.669+0000] {logging_mixin.py:120} INFO - [2022-11-09T04:04:04.669+0000] {dag.py:2585} INFO - Sync 1 DAGs
[2022-11-09T04:04:04.682+0000] {logging_mixin.py:120} INFO - [2022-11-09T04:04:04.682+0000] {dag.py:3340} INFO - Setting next_dagrun for example_bash_operator to 2022-11-08T00:00:00+00:00, run_after=2022-11-09T00:00:00+00:00
[2022-11-09T04:04:04.693+0000] {processor.py:176} INFO - Processing /home/airflow/.local/lib/python3.7/site-packages/airflow/example_dags/example_bash_operator.py took 0.062 seconds
[2022-11-09T04:04:35.731+0000] {processor.py:154} INFO - Started process (PID=32156) to work on /home/airflow/.local/lib/python3.7/site-packages/airflow/example_dags/example_bash_operator.py
[2022-11-09T04:04:35.732+0000] {processor.py:756} INFO - Processing file /home/airflow/.local/lib/python3.7/site-packages/airflow/example_dags/example_bash_operator.py for tasks to queue
[2022-11-09T04:04:35.732+0000] {logging_mixin.py:120} INFO - [2022-11-09T04:04:35.732+0000] {dagbag.py:537} INFO - Filling up the DagBag from /home/airflow/.local/lib/python3.7/site-packages/airflow/example_dags/example_bash_operator.py
[2022-11-09T04:04:35.745+0000] {processor.py:766} INFO - DAG(s) dict_keys(['example_bash_operator']) retrieved from /home/airflow/.local/lib/python3.7/site-packages/airflow/example_dags/example_bash_operator.py
[2022-11-09T04:04:35.769+0000] {logging_mixin.py:120} INFO - [2022-11-09T04:04:35.769+0000] {dag.py:2585} INFO - Sync 1 DAGs
[2022-11-09T04:04:35.784+0000] {logging_mixin.py:120} INFO - [2022-11-09T04:04:35.784+0000] {dag.py:3340} INFO - Setting next_dagrun for example_bash_operator to 2022-11-08T00:00:00+00:00, run_after=2022-11-09T00:00:00+00:00
[2022-11-09T04:04:35.795+0000] {processor.py:176} INFO - Processing /home/airflow/.local/lib/python3.7/site-packages/airflow/example_dags/example_bash_operator.py took 0.066 seconds
[2022-11-09T04:05:06.746+0000] {processor.py:154} INFO - Started process (PID=32223) to work on /home/airflow/.local/lib/python3.7/site-packages/airflow/example_dags/example_bash_operator.py
[2022-11-09T04:05:06.747+0000] {processor.py:756} INFO - Processing file /home/airflow/.local/lib/python3.7/site-packages/airflow/example_dags/example_bash_operator.py for tasks to queue
[2022-11-09T04:05:06.748+0000] {logging_mixin.py:120} INFO - [2022-11-09T04:05:06.748+0000] {dagbag.py:537} INFO - Filling up the DagBag from /home/airflow/.local/lib/python3.7/site-packages/airflow/example_dags/example_bash_operator.py
[2022-11-09T04:05:06.760+0000] {processor.py:766} INFO - DAG(s) dict_keys(['example_bash_operator']) retrieved from /home/airflow/.local/lib/python3.7/site-packages/airflow/example_dags/example_bash_operator.py
[2022-11-09T04:05:06.786+0000] {logging_mixin.py:120} INFO - [2022-11-09T04:05:06.786+0000] {dag.py:2585} INFO - Sync 1 DAGs
[2022-11-09T04:05:06.800+0000] {logging_mixin.py:120} INFO - [2022-11-09T04:05:06.800+0000] {dag.py:3340} INFO - Setting next_dagrun for example_bash_operator to 2022-11-08T00:00:00+00:00, run_after=2022-11-09T00:00:00+00:00
[2022-11-09T04:05:06.811+0000] {processor.py:176} INFO - Processing /home/airflow/.local/lib/python3.7/site-packages/airflow/example_dags/example_bash_operator.py took 0.067 seconds
[2022-11-09T04:05:37.578+0000] {processor.py:154} INFO - Started process (PID=32288) to work on /home/airflow/.local/lib/python3.7/site-packages/airflow/example_dags/example_bash_operator.py
[2022-11-09T04:05:37.578+0000] {processor.py:756} INFO - Processing file /home/airflow/.local/lib/python3.7/site-packages/airflow/example_dags/example_bash_operator.py for tasks to queue
[2022-11-09T04:05:37.579+0000] {logging_mixin.py:120} INFO - [2022-11-09T04:05:37.579+0000] {dagbag.py:537} INFO - Filling up the DagBag from /home/airflow/.local/lib/python3.7/site-packages/airflow/example_dags/example_bash_operator.py
[2022-11-09T04:05:37.592+0000] {processor.py:766} INFO - DAG(s) dict_keys(['example_bash_operator']) retrieved from /home/airflow/.local/lib/python3.7/site-packages/airflow/example_dags/example_bash_operator.py
[2022-11-09T04:05:37.616+0000] {logging_mixin.py:120} INFO - [2022-11-09T04:05:37.616+0000] {dag.py:2585} INFO - Sync 1 DAGs
[2022-11-09T04:05:37.629+0000] {logging_mixin.py:120} INFO - [2022-11-09T04:05:37.629+0000] {dag.py:3340} INFO - Setting next_dagrun for example_bash_operator to 2022-11-08T00:00:00+00:00, run_after=2022-11-09T00:00:00+00:00
[2022-11-09T04:05:37.639+0000] {processor.py:176} INFO - Processing /home/airflow/.local/lib/python3.7/site-packages/airflow/example_dags/example_bash_operator.py took 0.063 seconds
[2022-11-09T04:06:08.449+0000] {processor.py:154} INFO - Started process (PID=32353) to work on /home/airflow/.local/lib/python3.7/site-packages/airflow/example_dags/example_bash_operator.py
[2022-11-09T04:06:08.450+0000] {processor.py:756} INFO - Processing file /home/airflow/.local/lib/python3.7/site-packages/airflow/example_dags/example_bash_operator.py for tasks to queue
[2022-11-09T04:06:08.450+0000] {logging_mixin.py:120} INFO - [2022-11-09T04:06:08.450+0000] {dagbag.py:537} INFO - Filling up the DagBag from /home/airflow/.local/lib/python3.7/site-packages/airflow/example_dags/example_bash_operator.py
[2022-11-09T04:06:08.463+0000] {processor.py:766} INFO - DAG(s) dict_keys(['example_bash_operator']) retrieved from /home/airflow/.local/lib/python3.7/site-packages/airflow/example_dags/example_bash_operator.py
[2022-11-09T04:06:08.487+0000] {logging_mixin.py:120} INFO - [2022-11-09T04:06:08.487+0000] {dag.py:2585} INFO - Sync 1 DAGs
[2022-11-09T04:06:08.501+0000] {logging_mixin.py:120} INFO - [2022-11-09T04:06:08.501+0000] {dag.py:3340} INFO - Setting next_dagrun for example_bash_operator to 2022-11-08T00:00:00+00:00, run_after=2022-11-09T00:00:00+00:00
[2022-11-09T04:06:08.512+0000] {processor.py:176} INFO - Processing /home/airflow/.local/lib/python3.7/site-packages/airflow/example_dags/example_bash_operator.py took 0.065 seconds
[2022-11-09T04:06:39.310+0000] {processor.py:154} INFO - Started process (PID=32422) to work on /home/airflow/.local/lib/python3.7/site-packages/airflow/example_dags/example_bash_operator.py
[2022-11-09T04:06:39.311+0000] {processor.py:756} INFO - Processing file /home/airflow/.local/lib/python3.7/site-packages/airflow/example_dags/example_bash_operator.py for tasks to queue
[2022-11-09T04:06:39.311+0000] {logging_mixin.py:120} INFO - [2022-11-09T04:06:39.311+0000] {dagbag.py:537} INFO - Filling up the DagBag from /home/airflow/.local/lib/python3.7/site-packages/airflow/example_dags/example_bash_operator.py
[2022-11-09T04:06:39.323+0000] {processor.py:766} INFO - DAG(s) dict_keys(['example_bash_operator']) retrieved from /home/airflow/.local/lib/python3.7/site-packages/airflow/example_dags/example_bash_operator.py
[2022-11-09T04:06:39.348+0000] {logging_mixin.py:120} INFO - [2022-11-09T04:06:39.348+0000] {dag.py:2585} INFO - Sync 1 DAGs
[2022-11-09T04:06:39.363+0000] {logging_mixin.py:120} INFO - [2022-11-09T04:06:39.363+0000] {dag.py:3340} INFO - Setting next_dagrun for example_bash_operator to 2022-11-08T00:00:00+00:00, run_after=2022-11-09T00:00:00+00:00
[2022-11-09T04:06:39.373+0000] {processor.py:176} INFO - Processing /home/airflow/.local/lib/python3.7/site-packages/airflow/example_dags/example_bash_operator.py took 0.064 seconds
[2022-11-09T04:17:39.281+0000] {processor.py:154} INFO - Started process (PID=32481) to work on /home/airflow/.local/lib/python3.7/site-packages/airflow/example_dags/example_bash_operator.py
[2022-11-09T04:17:39.282+0000] {processor.py:756} INFO - Processing file /home/airflow/.local/lib/python3.7/site-packages/airflow/example_dags/example_bash_operator.py for tasks to queue
[2022-11-09T04:17:39.283+0000] {logging_mixin.py:120} INFO - [2022-11-09T04:17:39.283+0000] {dagbag.py:537} INFO - Filling up the DagBag from /home/airflow/.local/lib/python3.7/site-packages/airflow/example_dags/example_bash_operator.py
[2022-11-09T04:17:39.310+0000] {processor.py:766} INFO - DAG(s) dict_keys(['example_bash_operator']) retrieved from /home/airflow/.local/lib/python3.7/site-packages/airflow/example_dags/example_bash_operator.py
[2022-11-09T04:17:39.359+0000] {logging_mixin.py:120} INFO - [2022-11-09T04:17:39.359+0000] {dag.py:2585} INFO - Sync 1 DAGs
[2022-11-09T04:17:39.383+0000] {logging_mixin.py:120} INFO - [2022-11-09T04:17:39.383+0000] {dag.py:3340} INFO - Setting next_dagrun for example_bash_operator to 2022-11-08T00:00:00+00:00, run_after=2022-11-09T00:00:00+00:00
[2022-11-09T04:17:39.408+0000] {processor.py:176} INFO - Processing /home/airflow/.local/lib/python3.7/site-packages/airflow/example_dags/example_bash_operator.py took 0.131 seconds
[2022-11-09T04:18:10.072+0000] {processor.py:154} INFO - Started process (PID=32548) to work on /home/airflow/.local/lib/python3.7/site-packages/airflow/example_dags/example_bash_operator.py
[2022-11-09T04:18:10.072+0000] {processor.py:756} INFO - Processing file /home/airflow/.local/lib/python3.7/site-packages/airflow/example_dags/example_bash_operator.py for tasks to queue
[2022-11-09T04:18:10.073+0000] {logging_mixin.py:120} INFO - [2022-11-09T04:18:10.073+0000] {dagbag.py:537} INFO - Filling up the DagBag from /home/airflow/.local/lib/python3.7/site-packages/airflow/example_dags/example_bash_operator.py
[2022-11-09T04:18:10.085+0000] {processor.py:766} INFO - DAG(s) dict_keys(['example_bash_operator']) retrieved from /home/airflow/.local/lib/python3.7/site-packages/airflow/example_dags/example_bash_operator.py
[2022-11-09T04:18:10.109+0000] {logging_mixin.py:120} INFO - [2022-11-09T04:18:10.109+0000] {dag.py:2585} INFO - Sync 1 DAGs
[2022-11-09T04:18:10.122+0000] {logging_mixin.py:120} INFO - [2022-11-09T04:18:10.122+0000] {dag.py:3340} INFO - Setting next_dagrun for example_bash_operator to 2022-11-08T00:00:00+00:00, run_after=2022-11-09T00:00:00+00:00
[2022-11-09T04:18:10.132+0000] {processor.py:176} INFO - Processing /home/airflow/.local/lib/python3.7/site-packages/airflow/example_dags/example_bash_operator.py took 0.062 seconds
[2022-11-09T04:18:41.143+0000] {processor.py:154} INFO - Started process (PID=32615) to work on /home/airflow/.local/lib/python3.7/site-packages/airflow/example_dags/example_bash_operator.py
[2022-11-09T04:18:41.143+0000] {processor.py:756} INFO - Processing file /home/airflow/.local/lib/python3.7/site-packages/airflow/example_dags/example_bash_operator.py for tasks to queue
[2022-11-09T04:18:41.144+0000] {logging_mixin.py:120} INFO - [2022-11-09T04:18:41.144+0000] {dagbag.py:537} INFO - Filling up the DagBag from /home/airflow/.local/lib/python3.7/site-packages/airflow/example_dags/example_bash_operator.py
[2022-11-09T04:18:41.157+0000] {processor.py:766} INFO - DAG(s) dict_keys(['example_bash_operator']) retrieved from /home/airflow/.local/lib/python3.7/site-packages/airflow/example_dags/example_bash_operator.py
[2022-11-09T04:18:41.202+0000] {logging_mixin.py:120} INFO - [2022-11-09T04:18:41.202+0000] {dag.py:2585} INFO - Sync 1 DAGs
[2022-11-09T04:18:41.217+0000] {logging_mixin.py:120} INFO - [2022-11-09T04:18:41.217+0000] {dag.py:3340} INFO - Setting next_dagrun for example_bash_operator to 2022-11-08T00:00:00+00:00, run_after=2022-11-09T00:00:00+00:00
[2022-11-09T04:18:41.231+0000] {processor.py:176} INFO - Processing /home/airflow/.local/lib/python3.7/site-packages/airflow/example_dags/example_bash_operator.py took 0.090 seconds
[2022-11-09T04:19:12.103+0000] {processor.py:154} INFO - Started process (PID=32681) to work on /home/airflow/.local/lib/python3.7/site-packages/airflow/example_dags/example_bash_operator.py
[2022-11-09T04:19:12.124+0000] {processor.py:756} INFO - Processing file /home/airflow/.local/lib/python3.7/site-packages/airflow/example_dags/example_bash_operator.py for tasks to queue
[2022-11-09T04:19:12.131+0000] {logging_mixin.py:120} INFO - [2022-11-09T04:19:12.131+0000] {dagbag.py:537} INFO - Filling up the DagBag from /home/airflow/.local/lib/python3.7/site-packages/airflow/example_dags/example_bash_operator.py
[2022-11-09T04:19:12.153+0000] {processor.py:766} INFO - DAG(s) dict_keys(['example_bash_operator']) retrieved from /home/airflow/.local/lib/python3.7/site-packages/airflow/example_dags/example_bash_operator.py
[2022-11-09T04:19:12.187+0000] {logging_mixin.py:120} INFO - [2022-11-09T04:19:12.187+0000] {dag.py:2585} INFO - Sync 1 DAGs
[2022-11-09T04:19:12.201+0000] {logging_mixin.py:120} INFO - [2022-11-09T04:19:12.201+0000] {dag.py:3340} INFO - Setting next_dagrun for example_bash_operator to 2022-11-08T00:00:00+00:00, run_after=2022-11-09T00:00:00+00:00
[2022-11-09T04:19:12.214+0000] {processor.py:176} INFO - Processing /home/airflow/.local/lib/python3.7/site-packages/airflow/example_dags/example_bash_operator.py took 0.113 seconds
[2022-11-09T04:19:42.979+0000] {processor.py:154} INFO - Started process (PID=32748) to work on /home/airflow/.local/lib/python3.7/site-packages/airflow/example_dags/example_bash_operator.py
[2022-11-09T04:19:42.980+0000] {processor.py:756} INFO - Processing file /home/airflow/.local/lib/python3.7/site-packages/airflow/example_dags/example_bash_operator.py for tasks to queue
[2022-11-09T04:19:42.980+0000] {logging_mixin.py:120} INFO - [2022-11-09T04:19:42.980+0000] {dagbag.py:537} INFO - Filling up the DagBag from /home/airflow/.local/lib/python3.7/site-packages/airflow/example_dags/example_bash_operator.py
[2022-11-09T04:19:42.993+0000] {processor.py:766} INFO - DAG(s) dict_keys(['example_bash_operator']) retrieved from /home/airflow/.local/lib/python3.7/site-packages/airflow/example_dags/example_bash_operator.py
[2022-11-09T04:19:43.021+0000] {logging_mixin.py:120} INFO - [2022-11-09T04:19:43.021+0000] {dag.py:2585} INFO - Sync 1 DAGs
[2022-11-09T04:19:43.035+0000] {logging_mixin.py:120} INFO - [2022-11-09T04:19:43.035+0000] {dag.py:3340} INFO - Setting next_dagrun for example_bash_operator to 2022-11-08T00:00:00+00:00, run_after=2022-11-09T00:00:00+00:00
[2022-11-09T04:19:43.047+0000] {processor.py:176} INFO - Processing /home/airflow/.local/lib/python3.7/site-packages/airflow/example_dags/example_bash_operator.py took 0.070 seconds
