[2022-11-09T00:12:00.259+0000] {processor.py:154} INFO - Started process (PID=30698) to work on /home/airflow/.local/lib/python3.7/site-packages/airflow/example_dags/example_sla_dag.py
[2022-11-09T00:12:00.260+0000] {processor.py:756} INFO - Processing file /home/airflow/.local/lib/python3.7/site-packages/airflow/example_dags/example_sla_dag.py for tasks to queue
[2022-11-09T00:12:00.261+0000] {logging_mixin.py:120} INFO - [2022-11-09T00:12:00.261+0000] {dagbag.py:537} INFO - Filling up the DagBag from /home/airflow/.local/lib/python3.7/site-packages/airflow/example_dags/example_sla_dag.py
[2022-11-09T00:12:00.279+0000] {processor.py:766} INFO - DAG(s) dict_keys(['example_sla_dag']) retrieved from /home/airflow/.local/lib/python3.7/site-packages/airflow/example_dags/example_sla_dag.py
[2022-11-09T00:12:00.340+0000] {logging_mixin.py:120} INFO - [2022-11-09T00:12:00.340+0000] {dag.py:2585} INFO - Sync 1 DAGs
[2022-11-09T00:12:00.368+0000] {logging_mixin.py:120} INFO - [2022-11-09T00:12:00.367+0000] {dag.py:3340} INFO - Setting next_dagrun for example_sla_dag to 2022-11-09T00:10:00+00:00, run_after=2022-11-09T00:12:00+00:00
[2022-11-09T00:12:00.396+0000] {processor.py:176} INFO - Processing /home/airflow/.local/lib/python3.7/site-packages/airflow/example_dags/example_sla_dag.py took 0.140 seconds
[2022-11-09T00:27:33.733+0000] {processor.py:154} INFO - Started process (PID=30745) to work on /home/airflow/.local/lib/python3.7/site-packages/airflow/example_dags/example_sla_dag.py
[2022-11-09T00:27:33.734+0000] {processor.py:756} INFO - Processing file /home/airflow/.local/lib/python3.7/site-packages/airflow/example_dags/example_sla_dag.py for tasks to queue
[2022-11-09T00:27:33.734+0000] {logging_mixin.py:120} INFO - [2022-11-09T00:27:33.734+0000] {dagbag.py:537} INFO - Filling up the DagBag from /home/airflow/.local/lib/python3.7/site-packages/airflow/example_dags/example_sla_dag.py
[2022-11-09T00:27:33.748+0000] {processor.py:766} INFO - DAG(s) dict_keys(['example_sla_dag']) retrieved from /home/airflow/.local/lib/python3.7/site-packages/airflow/example_dags/example_sla_dag.py
[2022-11-09T00:27:33.774+0000] {logging_mixin.py:120} INFO - [2022-11-09T00:27:33.774+0000] {dag.py:2585} INFO - Sync 1 DAGs
[2022-11-09T00:27:33.790+0000] {logging_mixin.py:120} INFO - [2022-11-09T00:27:33.790+0000] {dag.py:3340} INFO - Setting next_dagrun for example_sla_dag to 2022-11-09T00:24:00+00:00, run_after=2022-11-09T00:26:00+00:00
[2022-11-09T00:27:33.802+0000] {processor.py:176} INFO - Processing /home/airflow/.local/lib/python3.7/site-packages/airflow/example_dags/example_sla_dag.py took 0.072 seconds
[2022-11-09T01:00:47.926+0000] {processor.py:154} INFO - Started process (PID=30795) to work on /home/airflow/.local/lib/python3.7/site-packages/airflow/example_dags/example_sla_dag.py
[2022-11-09T01:00:47.927+0000] {processor.py:756} INFO - Processing file /home/airflow/.local/lib/python3.7/site-packages/airflow/example_dags/example_sla_dag.py for tasks to queue
[2022-11-09T01:00:47.927+0000] {logging_mixin.py:120} INFO - [2022-11-09T01:00:47.927+0000] {dagbag.py:537} INFO - Filling up the DagBag from /home/airflow/.local/lib/python3.7/site-packages/airflow/example_dags/example_sla_dag.py
[2022-11-09T01:00:47.949+0000] {processor.py:766} INFO - DAG(s) dict_keys(['example_sla_dag']) retrieved from /home/airflow/.local/lib/python3.7/site-packages/airflow/example_dags/example_sla_dag.py
[2022-11-09T01:00:47.975+0000] {logging_mixin.py:120} INFO - [2022-11-09T01:00:47.975+0000] {dag.py:2585} INFO - Sync 1 DAGs
[2022-11-09T01:00:47.990+0000] {logging_mixin.py:120} INFO - [2022-11-09T01:00:47.990+0000] {dag.py:3340} INFO - Setting next_dagrun for example_sla_dag to 2022-11-09T00:58:00+00:00, run_after=2022-11-09T01:00:00+00:00
[2022-11-09T01:00:47.999+0000] {processor.py:176} INFO - Processing /home/airflow/.local/lib/python3.7/site-packages/airflow/example_dags/example_sla_dag.py took 0.076 seconds
[2022-11-09T01:34:43.353+0000] {processor.py:154} INFO - Started process (PID=30843) to work on /home/airflow/.local/lib/python3.7/site-packages/airflow/example_dags/example_sla_dag.py
[2022-11-09T01:34:43.354+0000] {processor.py:756} INFO - Processing file /home/airflow/.local/lib/python3.7/site-packages/airflow/example_dags/example_sla_dag.py for tasks to queue
[2022-11-09T01:34:43.354+0000] {logging_mixin.py:120} INFO - [2022-11-09T01:34:43.354+0000] {dagbag.py:537} INFO - Filling up the DagBag from /home/airflow/.local/lib/python3.7/site-packages/airflow/example_dags/example_sla_dag.py
[2022-11-09T01:34:43.369+0000] {processor.py:766} INFO - DAG(s) dict_keys(['example_sla_dag']) retrieved from /home/airflow/.local/lib/python3.7/site-packages/airflow/example_dags/example_sla_dag.py
[2022-11-09T01:34:43.393+0000] {logging_mixin.py:120} INFO - [2022-11-09T01:34:43.393+0000] {dag.py:2585} INFO - Sync 1 DAGs
[2022-11-09T01:34:43.409+0000] {logging_mixin.py:120} INFO - [2022-11-09T01:34:43.409+0000] {dag.py:3340} INFO - Setting next_dagrun for example_sla_dag to 2022-11-09T01:32:00+00:00, run_after=2022-11-09T01:34:00+00:00
[2022-11-09T01:34:43.420+0000] {processor.py:176} INFO - Processing /home/airflow/.local/lib/python3.7/site-packages/airflow/example_dags/example_sla_dag.py took 0.069 seconds
[2022-11-09T01:50:23.906+0000] {processor.py:154} INFO - Started process (PID=30890) to work on /home/airflow/.local/lib/python3.7/site-packages/airflow/example_dags/example_sla_dag.py
[2022-11-09T01:50:23.907+0000] {processor.py:756} INFO - Processing file /home/airflow/.local/lib/python3.7/site-packages/airflow/example_dags/example_sla_dag.py for tasks to queue
[2022-11-09T01:50:23.907+0000] {logging_mixin.py:120} INFO - [2022-11-09T01:50:23.907+0000] {dagbag.py:537} INFO - Filling up the DagBag from /home/airflow/.local/lib/python3.7/site-packages/airflow/example_dags/example_sla_dag.py
[2022-11-09T01:50:23.922+0000] {processor.py:766} INFO - DAG(s) dict_keys(['example_sla_dag']) retrieved from /home/airflow/.local/lib/python3.7/site-packages/airflow/example_dags/example_sla_dag.py
[2022-11-09T01:50:23.945+0000] {logging_mixin.py:120} INFO - [2022-11-09T01:50:23.945+0000] {dag.py:2585} INFO - Sync 1 DAGs
[2022-11-09T01:50:23.962+0000] {logging_mixin.py:120} INFO - [2022-11-09T01:50:23.962+0000] {dag.py:3340} INFO - Setting next_dagrun for example_sla_dag to 2022-11-09T01:48:00+00:00, run_after=2022-11-09T01:50:00+00:00
[2022-11-09T01:50:23.972+0000] {processor.py:176} INFO - Processing /home/airflow/.local/lib/python3.7/site-packages/airflow/example_dags/example_sla_dag.py took 0.068 seconds
[2022-11-09T01:55:23.127+0000] {processor.py:154} INFO - Started process (PID=30938) to work on /home/airflow/.local/lib/python3.7/site-packages/airflow/example_dags/example_sla_dag.py
[2022-11-09T01:55:23.128+0000] {processor.py:756} INFO - Processing file /home/airflow/.local/lib/python3.7/site-packages/airflow/example_dags/example_sla_dag.py for tasks to queue
[2022-11-09T01:55:23.133+0000] {logging_mixin.py:120} INFO - [2022-11-09T01:55:23.133+0000] {dagbag.py:537} INFO - Filling up the DagBag from /home/airflow/.local/lib/python3.7/site-packages/airflow/example_dags/example_sla_dag.py
[2022-11-09T01:55:23.165+0000] {processor.py:766} INFO - DAG(s) dict_keys(['example_sla_dag']) retrieved from /home/airflow/.local/lib/python3.7/site-packages/airflow/example_dags/example_sla_dag.py
[2022-11-09T01:55:23.201+0000] {logging_mixin.py:120} INFO - [2022-11-09T01:55:23.200+0000] {dag.py:2585} INFO - Sync 1 DAGs
[2022-11-09T01:55:23.216+0000] {logging_mixin.py:120} INFO - [2022-11-09T01:55:23.216+0000] {dag.py:3340} INFO - Setting next_dagrun for example_sla_dag to 2022-11-09T01:52:00+00:00, run_after=2022-11-09T01:54:00+00:00
[2022-11-09T01:55:23.226+0000] {processor.py:176} INFO - Processing /home/airflow/.local/lib/python3.7/site-packages/airflow/example_dags/example_sla_dag.py took 0.106 seconds
[2022-11-09T02:10:48.654+0000] {processor.py:154} INFO - Started process (PID=30985) to work on /home/airflow/.local/lib/python3.7/site-packages/airflow/example_dags/example_sla_dag.py
[2022-11-09T02:10:48.655+0000] {processor.py:756} INFO - Processing file /home/airflow/.local/lib/python3.7/site-packages/airflow/example_dags/example_sla_dag.py for tasks to queue
[2022-11-09T02:10:48.655+0000] {logging_mixin.py:120} INFO - [2022-11-09T02:10:48.655+0000] {dagbag.py:537} INFO - Filling up the DagBag from /home/airflow/.local/lib/python3.7/site-packages/airflow/example_dags/example_sla_dag.py
[2022-11-09T02:10:48.681+0000] {processor.py:766} INFO - DAG(s) dict_keys(['example_sla_dag']) retrieved from /home/airflow/.local/lib/python3.7/site-packages/airflow/example_dags/example_sla_dag.py
[2022-11-09T02:10:48.730+0000] {logging_mixin.py:120} INFO - [2022-11-09T02:10:48.730+0000] {dag.py:2585} INFO - Sync 1 DAGs
[2022-11-09T02:10:48.753+0000] {logging_mixin.py:120} INFO - [2022-11-09T02:10:48.753+0000] {dag.py:3340} INFO - Setting next_dagrun for example_sla_dag to 2022-11-09T02:08:00+00:00, run_after=2022-11-09T02:10:00+00:00
[2022-11-09T02:10:48.763+0000] {processor.py:176} INFO - Processing /home/airflow/.local/lib/python3.7/site-packages/airflow/example_dags/example_sla_dag.py took 0.110 seconds
[2022-11-09T02:26:22.888+0000] {processor.py:154} INFO - Started process (PID=31032) to work on /home/airflow/.local/lib/python3.7/site-packages/airflow/example_dags/example_sla_dag.py
[2022-11-09T02:26:22.888+0000] {processor.py:756} INFO - Processing file /home/airflow/.local/lib/python3.7/site-packages/airflow/example_dags/example_sla_dag.py for tasks to queue
[2022-11-09T02:26:22.889+0000] {logging_mixin.py:120} INFO - [2022-11-09T02:26:22.889+0000] {dagbag.py:537} INFO - Filling up the DagBag from /home/airflow/.local/lib/python3.7/site-packages/airflow/example_dags/example_sla_dag.py
[2022-11-09T02:26:22.907+0000] {processor.py:766} INFO - DAG(s) dict_keys(['example_sla_dag']) retrieved from /home/airflow/.local/lib/python3.7/site-packages/airflow/example_dags/example_sla_dag.py
[2022-11-09T02:26:22.951+0000] {logging_mixin.py:120} INFO - [2022-11-09T02:26:22.950+0000] {dag.py:2585} INFO - Sync 1 DAGs
[2022-11-09T02:26:22.979+0000] {logging_mixin.py:120} INFO - [2022-11-09T02:26:22.979+0000] {dag.py:3340} INFO - Setting next_dagrun for example_sla_dag to 2022-11-09T02:24:00+00:00, run_after=2022-11-09T02:26:00+00:00
[2022-11-09T02:26:22.996+0000] {processor.py:176} INFO - Processing /home/airflow/.local/lib/python3.7/site-packages/airflow/example_dags/example_sla_dag.py took 0.110 seconds
[2022-11-09T02:44:00.684+0000] {processor.py:154} INFO - Started process (PID=31080) to work on /home/airflow/.local/lib/python3.7/site-packages/airflow/example_dags/example_sla_dag.py
[2022-11-09T02:44:00.685+0000] {processor.py:756} INFO - Processing file /home/airflow/.local/lib/python3.7/site-packages/airflow/example_dags/example_sla_dag.py for tasks to queue
[2022-11-09T02:44:00.685+0000] {logging_mixin.py:120} INFO - [2022-11-09T02:44:00.685+0000] {dagbag.py:537} INFO - Filling up the DagBag from /home/airflow/.local/lib/python3.7/site-packages/airflow/example_dags/example_sla_dag.py
[2022-11-09T02:44:00.700+0000] {processor.py:766} INFO - DAG(s) dict_keys(['example_sla_dag']) retrieved from /home/airflow/.local/lib/python3.7/site-packages/airflow/example_dags/example_sla_dag.py
[2022-11-09T02:44:00.724+0000] {logging_mixin.py:120} INFO - [2022-11-09T02:44:00.724+0000] {dag.py:2585} INFO - Sync 1 DAGs
[2022-11-09T02:44:00.740+0000] {logging_mixin.py:120} INFO - [2022-11-09T02:44:00.740+0000] {dag.py:3340} INFO - Setting next_dagrun for example_sla_dag to 2022-11-09T02:42:00+00:00, run_after=2022-11-09T02:44:00+00:00
[2022-11-09T02:44:00.749+0000] {processor.py:176} INFO - Processing /home/airflow/.local/lib/python3.7/site-packages/airflow/example_dags/example_sla_dag.py took 0.067 seconds
[2022-11-09T03:01:02.586+0000] {processor.py:154} INFO - Started process (PID=31139) to work on /home/airflow/.local/lib/python3.7/site-packages/airflow/example_dags/example_sla_dag.py
[2022-11-09T03:01:02.587+0000] {processor.py:756} INFO - Processing file /home/airflow/.local/lib/python3.7/site-packages/airflow/example_dags/example_sla_dag.py for tasks to queue
[2022-11-09T03:01:02.588+0000] {logging_mixin.py:120} INFO - [2022-11-09T03:01:02.587+0000] {dagbag.py:537} INFO - Filling up the DagBag from /home/airflow/.local/lib/python3.7/site-packages/airflow/example_dags/example_sla_dag.py
[2022-11-09T03:01:02.602+0000] {processor.py:766} INFO - DAG(s) dict_keys(['example_sla_dag']) retrieved from /home/airflow/.local/lib/python3.7/site-packages/airflow/example_dags/example_sla_dag.py
[2022-11-09T03:01:02.624+0000] {logging_mixin.py:120} INFO - [2022-11-09T03:01:02.624+0000] {dag.py:2585} INFO - Sync 1 DAGs
[2022-11-09T03:01:02.640+0000] {logging_mixin.py:120} INFO - [2022-11-09T03:01:02.640+0000] {dag.py:3340} INFO - Setting next_dagrun for example_sla_dag to 2022-11-09T02:58:00+00:00, run_after=2022-11-09T03:00:00+00:00
[2022-11-09T03:01:02.650+0000] {processor.py:176} INFO - Processing /home/airflow/.local/lib/python3.7/site-packages/airflow/example_dags/example_sla_dag.py took 0.066 seconds
[2022-11-09T03:03:51.754+0000] {processor.py:154} INFO - Started process (PID=31204) to work on /home/airflow/.local/lib/python3.7/site-packages/airflow/example_dags/example_sla_dag.py
[2022-11-09T03:03:51.754+0000] {processor.py:756} INFO - Processing file /home/airflow/.local/lib/python3.7/site-packages/airflow/example_dags/example_sla_dag.py for tasks to queue
[2022-11-09T03:03:51.755+0000] {logging_mixin.py:120} INFO - [2022-11-09T03:03:51.755+0000] {dagbag.py:537} INFO - Filling up the DagBag from /home/airflow/.local/lib/python3.7/site-packages/airflow/example_dags/example_sla_dag.py
[2022-11-09T03:03:51.768+0000] {processor.py:766} INFO - DAG(s) dict_keys(['example_sla_dag']) retrieved from /home/airflow/.local/lib/python3.7/site-packages/airflow/example_dags/example_sla_dag.py
[2022-11-09T03:03:51.805+0000] {logging_mixin.py:120} INFO - [2022-11-09T03:03:51.805+0000] {dag.py:2585} INFO - Sync 1 DAGs
[2022-11-09T03:03:51.826+0000] {logging_mixin.py:120} INFO - [2022-11-09T03:03:51.826+0000] {dag.py:3340} INFO - Setting next_dagrun for example_sla_dag to 2022-11-09T03:00:00+00:00, run_after=2022-11-09T03:02:00+00:00
[2022-11-09T03:03:51.859+0000] {processor.py:176} INFO - Processing /home/airflow/.local/lib/python3.7/site-packages/airflow/example_dags/example_sla_dag.py took 0.107 seconds
[2022-11-09T03:19:27.837+0000] {processor.py:154} INFO - Started process (PID=31251) to work on /home/airflow/.local/lib/python3.7/site-packages/airflow/example_dags/example_sla_dag.py
[2022-11-09T03:19:27.840+0000] {processor.py:756} INFO - Processing file /home/airflow/.local/lib/python3.7/site-packages/airflow/example_dags/example_sla_dag.py for tasks to queue
[2022-11-09T03:19:27.841+0000] {logging_mixin.py:120} INFO - [2022-11-09T03:19:27.841+0000] {dagbag.py:537} INFO - Filling up the DagBag from /home/airflow/.local/lib/python3.7/site-packages/airflow/example_dags/example_sla_dag.py
[2022-11-09T03:19:27.863+0000] {processor.py:766} INFO - DAG(s) dict_keys(['example_sla_dag']) retrieved from /home/airflow/.local/lib/python3.7/site-packages/airflow/example_dags/example_sla_dag.py
[2022-11-09T03:19:27.899+0000] {logging_mixin.py:120} INFO - [2022-11-09T03:19:27.898+0000] {dag.py:2585} INFO - Sync 1 DAGs
[2022-11-09T03:19:27.917+0000] {logging_mixin.py:120} INFO - [2022-11-09T03:19:27.917+0000] {dag.py:3340} INFO - Setting next_dagrun for example_sla_dag to 2022-11-09T03:16:00+00:00, run_after=2022-11-09T03:18:00+00:00
[2022-11-09T03:19:27.942+0000] {processor.py:176} INFO - Processing /home/airflow/.local/lib/python3.7/site-packages/airflow/example_dags/example_sla_dag.py took 0.106 seconds
[2022-11-09T03:35:51.439+0000] {processor.py:154} INFO - Started process (PID=31309) to work on /home/airflow/.local/lib/python3.7/site-packages/airflow/example_dags/example_sla_dag.py
[2022-11-09T03:35:51.441+0000] {processor.py:756} INFO - Processing file /home/airflow/.local/lib/python3.7/site-packages/airflow/example_dags/example_sla_dag.py for tasks to queue
[2022-11-09T03:35:51.441+0000] {logging_mixin.py:120} INFO - [2022-11-09T03:35:51.441+0000] {dagbag.py:537} INFO - Filling up the DagBag from /home/airflow/.local/lib/python3.7/site-packages/airflow/example_dags/example_sla_dag.py
[2022-11-09T03:35:51.464+0000] {processor.py:766} INFO - DAG(s) dict_keys(['example_sla_dag']) retrieved from /home/airflow/.local/lib/python3.7/site-packages/airflow/example_dags/example_sla_dag.py
[2022-11-09T03:35:51.507+0000] {logging_mixin.py:120} INFO - [2022-11-09T03:35:51.507+0000] {dag.py:2585} INFO - Sync 1 DAGs
[2022-11-09T03:35:51.523+0000] {logging_mixin.py:120} INFO - [2022-11-09T03:35:51.523+0000] {dag.py:3340} INFO - Setting next_dagrun for example_sla_dag to 2022-11-09T03:32:00+00:00, run_after=2022-11-09T03:34:00+00:00
[2022-11-09T03:35:51.536+0000] {processor.py:176} INFO - Processing /home/airflow/.local/lib/python3.7/site-packages/airflow/example_dags/example_sla_dag.py took 0.099 seconds
[2022-11-09T03:58:27.423+0000] {processor.py:154} INFO - Started process (PID=31356) to work on /home/airflow/.local/lib/python3.7/site-packages/airflow/example_dags/example_sla_dag.py
[2022-11-09T03:58:27.423+0000] {processor.py:756} INFO - Processing file /home/airflow/.local/lib/python3.7/site-packages/airflow/example_dags/example_sla_dag.py for tasks to queue
[2022-11-09T03:58:27.424+0000] {logging_mixin.py:120} INFO - [2022-11-09T03:58:27.424+0000] {dagbag.py:537} INFO - Filling up the DagBag from /home/airflow/.local/lib/python3.7/site-packages/airflow/example_dags/example_sla_dag.py
[2022-11-09T03:58:27.470+0000] {processor.py:766} INFO - DAG(s) dict_keys(['example_sla_dag']) retrieved from /home/airflow/.local/lib/python3.7/site-packages/airflow/example_dags/example_sla_dag.py
[2022-11-09T03:58:27.507+0000] {logging_mixin.py:120} INFO - [2022-11-09T03:58:27.507+0000] {dag.py:2585} INFO - Sync 1 DAGs
[2022-11-09T03:58:27.528+0000] {logging_mixin.py:120} INFO - [2022-11-09T03:58:27.528+0000] {dag.py:3340} INFO - Setting next_dagrun for example_sla_dag to 2022-11-09T03:56:00+00:00, run_after=2022-11-09T03:58:00+00:00
[2022-11-09T03:58:27.542+0000] {processor.py:176} INFO - Processing /home/airflow/.local/lib/python3.7/site-packages/airflow/example_dags/example_sla_dag.py took 0.125 seconds
[2022-11-09T03:58:57.613+0000] {processor.py:154} INFO - Started process (PID=31426) to work on /home/airflow/.local/lib/python3.7/site-packages/airflow/example_dags/example_sla_dag.py
[2022-11-09T03:58:57.613+0000] {processor.py:756} INFO - Processing file /home/airflow/.local/lib/python3.7/site-packages/airflow/example_dags/example_sla_dag.py for tasks to queue
[2022-11-09T03:58:57.614+0000] {logging_mixin.py:120} INFO - [2022-11-09T03:58:57.614+0000] {dagbag.py:537} INFO - Filling up the DagBag from /home/airflow/.local/lib/python3.7/site-packages/airflow/example_dags/example_sla_dag.py
[2022-11-09T03:58:57.627+0000] {processor.py:766} INFO - DAG(s) dict_keys(['example_sla_dag']) retrieved from /home/airflow/.local/lib/python3.7/site-packages/airflow/example_dags/example_sla_dag.py
[2022-11-09T03:58:57.653+0000] {logging_mixin.py:120} INFO - [2022-11-09T03:58:57.653+0000] {dag.py:2585} INFO - Sync 1 DAGs
[2022-11-09T03:58:57.668+0000] {logging_mixin.py:120} INFO - [2022-11-09T03:58:57.668+0000] {dag.py:3340} INFO - Setting next_dagrun for example_sla_dag to 2022-11-09T03:56:00+00:00, run_after=2022-11-09T03:58:00+00:00
[2022-11-09T03:58:57.679+0000] {processor.py:176} INFO - Processing /home/airflow/.local/lib/python3.7/site-packages/airflow/example_dags/example_sla_dag.py took 0.069 seconds
[2022-11-09T03:59:28.580+0000] {processor.py:154} INFO - Started process (PID=31498) to work on /home/airflow/.local/lib/python3.7/site-packages/airflow/example_dags/example_sla_dag.py
[2022-11-09T03:59:28.580+0000] {processor.py:756} INFO - Processing file /home/airflow/.local/lib/python3.7/site-packages/airflow/example_dags/example_sla_dag.py for tasks to queue
[2022-11-09T03:59:28.581+0000] {logging_mixin.py:120} INFO - [2022-11-09T03:59:28.581+0000] {dagbag.py:537} INFO - Filling up the DagBag from /home/airflow/.local/lib/python3.7/site-packages/airflow/example_dags/example_sla_dag.py
[2022-11-09T03:59:28.593+0000] {processor.py:766} INFO - DAG(s) dict_keys(['example_sla_dag']) retrieved from /home/airflow/.local/lib/python3.7/site-packages/airflow/example_dags/example_sla_dag.py
[2022-11-09T03:59:28.616+0000] {logging_mixin.py:120} INFO - [2022-11-09T03:59:28.615+0000] {dag.py:2585} INFO - Sync 1 DAGs
[2022-11-09T03:59:28.630+0000] {logging_mixin.py:120} INFO - [2022-11-09T03:59:28.630+0000] {dag.py:3340} INFO - Setting next_dagrun for example_sla_dag to 2022-11-09T03:56:00+00:00, run_after=2022-11-09T03:58:00+00:00
[2022-11-09T03:59:28.639+0000] {processor.py:176} INFO - Processing /home/airflow/.local/lib/python3.7/site-packages/airflow/example_dags/example_sla_dag.py took 0.061 seconds
[2022-11-09T03:59:59.436+0000] {processor.py:154} INFO - Started process (PID=31555) to work on /home/airflow/.local/lib/python3.7/site-packages/airflow/example_dags/example_sla_dag.py
[2022-11-09T03:59:59.436+0000] {processor.py:756} INFO - Processing file /home/airflow/.local/lib/python3.7/site-packages/airflow/example_dags/example_sla_dag.py for tasks to queue
[2022-11-09T03:59:59.437+0000] {logging_mixin.py:120} INFO - [2022-11-09T03:59:59.437+0000] {dagbag.py:537} INFO - Filling up the DagBag from /home/airflow/.local/lib/python3.7/site-packages/airflow/example_dags/example_sla_dag.py
[2022-11-09T03:59:59.450+0000] {processor.py:766} INFO - DAG(s) dict_keys(['example_sla_dag']) retrieved from /home/airflow/.local/lib/python3.7/site-packages/airflow/example_dags/example_sla_dag.py
[2022-11-09T03:59:59.472+0000] {logging_mixin.py:120} INFO - [2022-11-09T03:59:59.472+0000] {dag.py:2585} INFO - Sync 1 DAGs
[2022-11-09T03:59:59.487+0000] {logging_mixin.py:120} INFO - [2022-11-09T03:59:59.487+0000] {dag.py:3340} INFO - Setting next_dagrun for example_sla_dag to 2022-11-09T03:56:00+00:00, run_after=2022-11-09T03:58:00+00:00
[2022-11-09T03:59:59.497+0000] {processor.py:176} INFO - Processing /home/airflow/.local/lib/python3.7/site-packages/airflow/example_dags/example_sla_dag.py took 0.063 seconds
[2022-11-09T04:00:30.302+0000] {processor.py:154} INFO - Started process (PID=31621) to work on /home/airflow/.local/lib/python3.7/site-packages/airflow/example_dags/example_sla_dag.py
[2022-11-09T04:00:30.302+0000] {processor.py:756} INFO - Processing file /home/airflow/.local/lib/python3.7/site-packages/airflow/example_dags/example_sla_dag.py for tasks to queue
[2022-11-09T04:00:30.303+0000] {logging_mixin.py:120} INFO - [2022-11-09T04:00:30.302+0000] {dagbag.py:537} INFO - Filling up the DagBag from /home/airflow/.local/lib/python3.7/site-packages/airflow/example_dags/example_sla_dag.py
[2022-11-09T04:00:30.316+0000] {processor.py:766} INFO - DAG(s) dict_keys(['example_sla_dag']) retrieved from /home/airflow/.local/lib/python3.7/site-packages/airflow/example_dags/example_sla_dag.py
[2022-11-09T04:00:30.339+0000] {logging_mixin.py:120} INFO - [2022-11-09T04:00:30.338+0000] {dag.py:2585} INFO - Sync 1 DAGs
[2022-11-09T04:00:30.353+0000] {logging_mixin.py:120} INFO - [2022-11-09T04:00:30.353+0000] {dag.py:3340} INFO - Setting next_dagrun for example_sla_dag to 2022-11-09T03:58:00+00:00, run_after=2022-11-09T04:00:00+00:00
[2022-11-09T04:00:30.363+0000] {processor.py:176} INFO - Processing /home/airflow/.local/lib/python3.7/site-packages/airflow/example_dags/example_sla_dag.py took 0.063 seconds
[2022-11-09T04:01:01.494+0000] {processor.py:154} INFO - Started process (PID=31686) to work on /home/airflow/.local/lib/python3.7/site-packages/airflow/example_dags/example_sla_dag.py
[2022-11-09T04:01:01.495+0000] {processor.py:756} INFO - Processing file /home/airflow/.local/lib/python3.7/site-packages/airflow/example_dags/example_sla_dag.py for tasks to queue
[2022-11-09T04:01:01.495+0000] {logging_mixin.py:120} INFO - [2022-11-09T04:01:01.495+0000] {dagbag.py:537} INFO - Filling up the DagBag from /home/airflow/.local/lib/python3.7/site-packages/airflow/example_dags/example_sla_dag.py
[2022-11-09T04:01:01.509+0000] {processor.py:766} INFO - DAG(s) dict_keys(['example_sla_dag']) retrieved from /home/airflow/.local/lib/python3.7/site-packages/airflow/example_dags/example_sla_dag.py
[2022-11-09T04:01:01.533+0000] {logging_mixin.py:120} INFO - [2022-11-09T04:01:01.533+0000] {dag.py:2585} INFO - Sync 1 DAGs
[2022-11-09T04:01:01.548+0000] {logging_mixin.py:120} INFO - [2022-11-09T04:01:01.548+0000] {dag.py:3340} INFO - Setting next_dagrun for example_sla_dag to 2022-11-09T03:58:00+00:00, run_after=2022-11-09T04:00:00+00:00
[2022-11-09T04:01:01.579+0000] {processor.py:176} INFO - Processing /home/airflow/.local/lib/python3.7/site-packages/airflow/example_dags/example_sla_dag.py took 0.086 seconds
[2022-11-09T04:01:31.738+0000] {processor.py:154} INFO - Started process (PID=31752) to work on /home/airflow/.local/lib/python3.7/site-packages/airflow/example_dags/example_sla_dag.py
[2022-11-09T04:01:31.739+0000] {processor.py:756} INFO - Processing file /home/airflow/.local/lib/python3.7/site-packages/airflow/example_dags/example_sla_dag.py for tasks to queue
[2022-11-09T04:01:31.740+0000] {logging_mixin.py:120} INFO - [2022-11-09T04:01:31.740+0000] {dagbag.py:537} INFO - Filling up the DagBag from /home/airflow/.local/lib/python3.7/site-packages/airflow/example_dags/example_sla_dag.py
[2022-11-09T04:01:31.754+0000] {processor.py:766} INFO - DAG(s) dict_keys(['example_sla_dag']) retrieved from /home/airflow/.local/lib/python3.7/site-packages/airflow/example_dags/example_sla_dag.py
[2022-11-09T04:01:31.778+0000] {logging_mixin.py:120} INFO - [2022-11-09T04:01:31.778+0000] {dag.py:2585} INFO - Sync 1 DAGs
[2022-11-09T04:01:31.792+0000] {logging_mixin.py:120} INFO - [2022-11-09T04:01:31.792+0000] {dag.py:3340} INFO - Setting next_dagrun for example_sla_dag to 2022-11-09T03:58:00+00:00, run_after=2022-11-09T04:00:00+00:00
[2022-11-09T04:01:31.804+0000] {processor.py:176} INFO - Processing /home/airflow/.local/lib/python3.7/site-packages/airflow/example_dags/example_sla_dag.py took 0.067 seconds
[2022-11-09T04:02:01.863+0000] {processor.py:154} INFO - Started process (PID=31822) to work on /home/airflow/.local/lib/python3.7/site-packages/airflow/example_dags/example_sla_dag.py
[2022-11-09T04:02:01.864+0000] {processor.py:756} INFO - Processing file /home/airflow/.local/lib/python3.7/site-packages/airflow/example_dags/example_sla_dag.py for tasks to queue
[2022-11-09T04:02:01.864+0000] {logging_mixin.py:120} INFO - [2022-11-09T04:02:01.864+0000] {dagbag.py:537} INFO - Filling up the DagBag from /home/airflow/.local/lib/python3.7/site-packages/airflow/example_dags/example_sla_dag.py
[2022-11-09T04:02:01.878+0000] {processor.py:766} INFO - DAG(s) dict_keys(['example_sla_dag']) retrieved from /home/airflow/.local/lib/python3.7/site-packages/airflow/example_dags/example_sla_dag.py
[2022-11-09T04:02:01.898+0000] {logging_mixin.py:120} INFO - [2022-11-09T04:02:01.898+0000] {dag.py:2585} INFO - Sync 1 DAGs
[2022-11-09T04:02:01.913+0000] {logging_mixin.py:120} INFO - [2022-11-09T04:02:01.913+0000] {dag.py:3340} INFO - Setting next_dagrun for example_sla_dag to 2022-11-09T04:00:00+00:00, run_after=2022-11-09T04:02:00+00:00
[2022-11-09T04:02:01.952+0000] {processor.py:176} INFO - Processing /home/airflow/.local/lib/python3.7/site-packages/airflow/example_dags/example_sla_dag.py took 0.090 seconds
[2022-11-09T04:02:32.033+0000] {processor.py:154} INFO - Started process (PID=31890) to work on /home/airflow/.local/lib/python3.7/site-packages/airflow/example_dags/example_sla_dag.py
[2022-11-09T04:02:32.033+0000] {processor.py:756} INFO - Processing file /home/airflow/.local/lib/python3.7/site-packages/airflow/example_dags/example_sla_dag.py for tasks to queue
[2022-11-09T04:02:32.034+0000] {logging_mixin.py:120} INFO - [2022-11-09T04:02:32.034+0000] {dagbag.py:537} INFO - Filling up the DagBag from /home/airflow/.local/lib/python3.7/site-packages/airflow/example_dags/example_sla_dag.py
[2022-11-09T04:02:32.046+0000] {processor.py:766} INFO - DAG(s) dict_keys(['example_sla_dag']) retrieved from /home/airflow/.local/lib/python3.7/site-packages/airflow/example_dags/example_sla_dag.py
[2022-11-09T04:02:32.069+0000] {logging_mixin.py:120} INFO - [2022-11-09T04:02:32.069+0000] {dag.py:2585} INFO - Sync 1 DAGs
[2022-11-09T04:02:32.085+0000] {logging_mixin.py:120} INFO - [2022-11-09T04:02:32.085+0000] {dag.py:3340} INFO - Setting next_dagrun for example_sla_dag to 2022-11-09T04:00:00+00:00, run_after=2022-11-09T04:02:00+00:00
[2022-11-09T04:02:32.100+0000] {processor.py:176} INFO - Processing /home/airflow/.local/lib/python3.7/site-packages/airflow/example_dags/example_sla_dag.py took 0.069 seconds
[2022-11-09T04:03:03.030+0000] {processor.py:154} INFO - Started process (PID=31955) to work on /home/airflow/.local/lib/python3.7/site-packages/airflow/example_dags/example_sla_dag.py
[2022-11-09T04:03:03.031+0000] {processor.py:756} INFO - Processing file /home/airflow/.local/lib/python3.7/site-packages/airflow/example_dags/example_sla_dag.py for tasks to queue
[2022-11-09T04:03:03.031+0000] {logging_mixin.py:120} INFO - [2022-11-09T04:03:03.031+0000] {dagbag.py:537} INFO - Filling up the DagBag from /home/airflow/.local/lib/python3.7/site-packages/airflow/example_dags/example_sla_dag.py
[2022-11-09T04:03:03.044+0000] {processor.py:766} INFO - DAG(s) dict_keys(['example_sla_dag']) retrieved from /home/airflow/.local/lib/python3.7/site-packages/airflow/example_dags/example_sla_dag.py
[2022-11-09T04:03:03.066+0000] {logging_mixin.py:120} INFO - [2022-11-09T04:03:03.066+0000] {dag.py:2585} INFO - Sync 1 DAGs
[2022-11-09T04:03:03.080+0000] {logging_mixin.py:120} INFO - [2022-11-09T04:03:03.080+0000] {dag.py:3340} INFO - Setting next_dagrun for example_sla_dag to 2022-11-09T04:00:00+00:00, run_after=2022-11-09T04:02:00+00:00
[2022-11-09T04:03:03.090+0000] {processor.py:176} INFO - Processing /home/airflow/.local/lib/python3.7/site-packages/airflow/example_dags/example_sla_dag.py took 0.062 seconds
[2022-11-09T04:03:33.267+0000] {processor.py:154} INFO - Started process (PID=32011) to work on /home/airflow/.local/lib/python3.7/site-packages/airflow/example_dags/example_sla_dag.py
[2022-11-09T04:03:33.268+0000] {processor.py:756} INFO - Processing file /home/airflow/.local/lib/python3.7/site-packages/airflow/example_dags/example_sla_dag.py for tasks to queue
[2022-11-09T04:03:33.268+0000] {logging_mixin.py:120} INFO - [2022-11-09T04:03:33.268+0000] {dagbag.py:537} INFO - Filling up the DagBag from /home/airflow/.local/lib/python3.7/site-packages/airflow/example_dags/example_sla_dag.py
[2022-11-09T04:03:33.281+0000] {processor.py:766} INFO - DAG(s) dict_keys(['example_sla_dag']) retrieved from /home/airflow/.local/lib/python3.7/site-packages/airflow/example_dags/example_sla_dag.py
[2022-11-09T04:03:33.302+0000] {logging_mixin.py:120} INFO - [2022-11-09T04:03:33.302+0000] {dag.py:2585} INFO - Sync 1 DAGs
[2022-11-09T04:03:33.316+0000] {logging_mixin.py:120} INFO - [2022-11-09T04:03:33.316+0000] {dag.py:3340} INFO - Setting next_dagrun for example_sla_dag to 2022-11-09T04:00:00+00:00, run_after=2022-11-09T04:02:00+00:00
[2022-11-09T04:03:33.327+0000] {processor.py:176} INFO - Processing /home/airflow/.local/lib/python3.7/site-packages/airflow/example_dags/example_sla_dag.py took 0.061 seconds
[2022-11-09T04:04:04.373+0000] {processor.py:154} INFO - Started process (PID=32080) to work on /home/airflow/.local/lib/python3.7/site-packages/airflow/example_dags/example_sla_dag.py
[2022-11-09T04:04:04.374+0000] {processor.py:756} INFO - Processing file /home/airflow/.local/lib/python3.7/site-packages/airflow/example_dags/example_sla_dag.py for tasks to queue
[2022-11-09T04:04:04.374+0000] {logging_mixin.py:120} INFO - [2022-11-09T04:04:04.374+0000] {dagbag.py:537} INFO - Filling up the DagBag from /home/airflow/.local/lib/python3.7/site-packages/airflow/example_dags/example_sla_dag.py
[2022-11-09T04:04:04.388+0000] {processor.py:766} INFO - DAG(s) dict_keys(['example_sla_dag']) retrieved from /home/airflow/.local/lib/python3.7/site-packages/airflow/example_dags/example_sla_dag.py
[2022-11-09T04:04:04.412+0000] {logging_mixin.py:120} INFO - [2022-11-09T04:04:04.412+0000] {dag.py:2585} INFO - Sync 1 DAGs
[2022-11-09T04:04:04.426+0000] {logging_mixin.py:120} INFO - [2022-11-09T04:04:04.426+0000] {dag.py:3340} INFO - Setting next_dagrun for example_sla_dag to 2022-11-09T04:02:00+00:00, run_after=2022-11-09T04:04:00+00:00
[2022-11-09T04:04:04.438+0000] {processor.py:176} INFO - Processing /home/airflow/.local/lib/python3.7/site-packages/airflow/example_dags/example_sla_dag.py took 0.066 seconds
[2022-11-09T04:04:35.450+0000] {processor.py:154} INFO - Started process (PID=32151) to work on /home/airflow/.local/lib/python3.7/site-packages/airflow/example_dags/example_sla_dag.py
[2022-11-09T04:04:35.451+0000] {processor.py:756} INFO - Processing file /home/airflow/.local/lib/python3.7/site-packages/airflow/example_dags/example_sla_dag.py for tasks to queue
[2022-11-09T04:04:35.451+0000] {logging_mixin.py:120} INFO - [2022-11-09T04:04:35.451+0000] {dagbag.py:537} INFO - Filling up the DagBag from /home/airflow/.local/lib/python3.7/site-packages/airflow/example_dags/example_sla_dag.py
[2022-11-09T04:04:35.464+0000] {processor.py:766} INFO - DAG(s) dict_keys(['example_sla_dag']) retrieved from /home/airflow/.local/lib/python3.7/site-packages/airflow/example_dags/example_sla_dag.py
[2022-11-09T04:04:35.525+0000] {logging_mixin.py:120} INFO - [2022-11-09T04:04:35.525+0000] {dag.py:2585} INFO - Sync 1 DAGs
[2022-11-09T04:04:35.542+0000] {logging_mixin.py:120} INFO - [2022-11-09T04:04:35.542+0000] {dag.py:3340} INFO - Setting next_dagrun for example_sla_dag to 2022-11-09T04:02:00+00:00, run_after=2022-11-09T04:04:00+00:00
[2022-11-09T04:04:35.554+0000] {processor.py:176} INFO - Processing /home/airflow/.local/lib/python3.7/site-packages/airflow/example_dags/example_sla_dag.py took 0.106 seconds
[2022-11-09T04:05:06.577+0000] {processor.py:154} INFO - Started process (PID=32218) to work on /home/airflow/.local/lib/python3.7/site-packages/airflow/example_dags/example_sla_dag.py
[2022-11-09T04:05:06.577+0000] {processor.py:756} INFO - Processing file /home/airflow/.local/lib/python3.7/site-packages/airflow/example_dags/example_sla_dag.py for tasks to queue
[2022-11-09T04:05:06.578+0000] {logging_mixin.py:120} INFO - [2022-11-09T04:05:06.578+0000] {dagbag.py:537} INFO - Filling up the DagBag from /home/airflow/.local/lib/python3.7/site-packages/airflow/example_dags/example_sla_dag.py
[2022-11-09T04:05:06.590+0000] {processor.py:766} INFO - DAG(s) dict_keys(['example_sla_dag']) retrieved from /home/airflow/.local/lib/python3.7/site-packages/airflow/example_dags/example_sla_dag.py
[2022-11-09T04:05:06.611+0000] {logging_mixin.py:120} INFO - [2022-11-09T04:05:06.611+0000] {dag.py:2585} INFO - Sync 1 DAGs
[2022-11-09T04:05:06.631+0000] {logging_mixin.py:120} INFO - [2022-11-09T04:05:06.631+0000] {dag.py:3340} INFO - Setting next_dagrun for example_sla_dag to 2022-11-09T04:02:00+00:00, run_after=2022-11-09T04:04:00+00:00
[2022-11-09T04:05:06.640+0000] {processor.py:176} INFO - Processing /home/airflow/.local/lib/python3.7/site-packages/airflow/example_dags/example_sla_dag.py took 0.065 seconds
[2022-11-09T04:05:37.405+0000] {processor.py:154} INFO - Started process (PID=32283) to work on /home/airflow/.local/lib/python3.7/site-packages/airflow/example_dags/example_sla_dag.py
[2022-11-09T04:05:37.406+0000] {processor.py:756} INFO - Processing file /home/airflow/.local/lib/python3.7/site-packages/airflow/example_dags/example_sla_dag.py for tasks to queue
[2022-11-09T04:05:37.406+0000] {logging_mixin.py:120} INFO - [2022-11-09T04:05:37.406+0000] {dagbag.py:537} INFO - Filling up the DagBag from /home/airflow/.local/lib/python3.7/site-packages/airflow/example_dags/example_sla_dag.py
[2022-11-09T04:05:37.419+0000] {processor.py:766} INFO - DAG(s) dict_keys(['example_sla_dag']) retrieved from /home/airflow/.local/lib/python3.7/site-packages/airflow/example_dags/example_sla_dag.py
[2022-11-09T04:05:37.442+0000] {logging_mixin.py:120} INFO - [2022-11-09T04:05:37.442+0000] {dag.py:2585} INFO - Sync 1 DAGs
[2022-11-09T04:05:37.456+0000] {logging_mixin.py:120} INFO - [2022-11-09T04:05:37.456+0000] {dag.py:3340} INFO - Setting next_dagrun for example_sla_dag to 2022-11-09T04:02:00+00:00, run_after=2022-11-09T04:04:00+00:00
[2022-11-09T04:05:37.466+0000] {processor.py:176} INFO - Processing /home/airflow/.local/lib/python3.7/site-packages/airflow/example_dags/example_sla_dag.py took 0.063 seconds
[2022-11-09T04:06:08.206+0000] {processor.py:154} INFO - Started process (PID=32348) to work on /home/airflow/.local/lib/python3.7/site-packages/airflow/example_dags/example_sla_dag.py
[2022-11-09T04:06:08.206+0000] {processor.py:756} INFO - Processing file /home/airflow/.local/lib/python3.7/site-packages/airflow/example_dags/example_sla_dag.py for tasks to queue
[2022-11-09T04:06:08.207+0000] {logging_mixin.py:120} INFO - [2022-11-09T04:06:08.207+0000] {dagbag.py:537} INFO - Filling up the DagBag from /home/airflow/.local/lib/python3.7/site-packages/airflow/example_dags/example_sla_dag.py
[2022-11-09T04:06:08.220+0000] {processor.py:766} INFO - DAG(s) dict_keys(['example_sla_dag']) retrieved from /home/airflow/.local/lib/python3.7/site-packages/airflow/example_dags/example_sla_dag.py
[2022-11-09T04:06:08.243+0000] {logging_mixin.py:120} INFO - [2022-11-09T04:06:08.243+0000] {dag.py:2585} INFO - Sync 1 DAGs
[2022-11-09T04:06:08.259+0000] {logging_mixin.py:120} INFO - [2022-11-09T04:06:08.259+0000] {dag.py:3340} INFO - Setting next_dagrun for example_sla_dag to 2022-11-09T04:04:00+00:00, run_after=2022-11-09T04:06:00+00:00
[2022-11-09T04:06:08.269+0000] {processor.py:176} INFO - Processing /home/airflow/.local/lib/python3.7/site-packages/airflow/example_dags/example_sla_dag.py took 0.065 seconds
[2022-11-09T04:06:39.076+0000] {processor.py:154} INFO - Started process (PID=32417) to work on /home/airflow/.local/lib/python3.7/site-packages/airflow/example_dags/example_sla_dag.py
[2022-11-09T04:06:39.077+0000] {processor.py:756} INFO - Processing file /home/airflow/.local/lib/python3.7/site-packages/airflow/example_dags/example_sla_dag.py for tasks to queue
[2022-11-09T04:06:39.077+0000] {logging_mixin.py:120} INFO - [2022-11-09T04:06:39.077+0000] {dagbag.py:537} INFO - Filling up the DagBag from /home/airflow/.local/lib/python3.7/site-packages/airflow/example_dags/example_sla_dag.py
[2022-11-09T04:06:39.088+0000] {processor.py:766} INFO - DAG(s) dict_keys(['example_sla_dag']) retrieved from /home/airflow/.local/lib/python3.7/site-packages/airflow/example_dags/example_sla_dag.py
[2022-11-09T04:06:39.109+0000] {logging_mixin.py:120} INFO - [2022-11-09T04:06:39.109+0000] {dag.py:2585} INFO - Sync 1 DAGs
[2022-11-09T04:06:39.125+0000] {logging_mixin.py:120} INFO - [2022-11-09T04:06:39.125+0000] {dag.py:3340} INFO - Setting next_dagrun for example_sla_dag to 2022-11-09T04:04:00+00:00, run_after=2022-11-09T04:06:00+00:00
[2022-11-09T04:06:39.136+0000] {processor.py:176} INFO - Processing /home/airflow/.local/lib/python3.7/site-packages/airflow/example_dags/example_sla_dag.py took 0.061 seconds
[2022-11-09T04:17:38.843+0000] {processor.py:154} INFO - Started process (PID=32476) to work on /home/airflow/.local/lib/python3.7/site-packages/airflow/example_dags/example_sla_dag.py
[2022-11-09T04:17:38.849+0000] {processor.py:756} INFO - Processing file /home/airflow/.local/lib/python3.7/site-packages/airflow/example_dags/example_sla_dag.py for tasks to queue
[2022-11-09T04:17:38.850+0000] {logging_mixin.py:120} INFO - [2022-11-09T04:17:38.850+0000] {dagbag.py:537} INFO - Filling up the DagBag from /home/airflow/.local/lib/python3.7/site-packages/airflow/example_dags/example_sla_dag.py
[2022-11-09T04:17:38.874+0000] {processor.py:766} INFO - DAG(s) dict_keys(['example_sla_dag']) retrieved from /home/airflow/.local/lib/python3.7/site-packages/airflow/example_dags/example_sla_dag.py
[2022-11-09T04:17:38.921+0000] {logging_mixin.py:120} INFO - [2022-11-09T04:17:38.921+0000] {dag.py:2585} INFO - Sync 1 DAGs
[2022-11-09T04:17:38.939+0000] {logging_mixin.py:120} INFO - [2022-11-09T04:17:38.939+0000] {dag.py:3340} INFO - Setting next_dagrun for example_sla_dag to 2022-11-09T04:14:00+00:00, run_after=2022-11-09T04:16:00+00:00
[2022-11-09T04:17:38.953+0000] {processor.py:176} INFO - Processing /home/airflow/.local/lib/python3.7/site-packages/airflow/example_dags/example_sla_dag.py took 0.117 seconds
[2022-11-09T04:18:09.845+0000] {processor.py:154} INFO - Started process (PID=32543) to work on /home/airflow/.local/lib/python3.7/site-packages/airflow/example_dags/example_sla_dag.py
[2022-11-09T04:18:09.846+0000] {processor.py:756} INFO - Processing file /home/airflow/.local/lib/python3.7/site-packages/airflow/example_dags/example_sla_dag.py for tasks to queue
[2022-11-09T04:18:09.847+0000] {logging_mixin.py:120} INFO - [2022-11-09T04:18:09.847+0000] {dagbag.py:537} INFO - Filling up the DagBag from /home/airflow/.local/lib/python3.7/site-packages/airflow/example_dags/example_sla_dag.py
[2022-11-09T04:18:09.860+0000] {processor.py:766} INFO - DAG(s) dict_keys(['example_sla_dag']) retrieved from /home/airflow/.local/lib/python3.7/site-packages/airflow/example_dags/example_sla_dag.py
[2022-11-09T04:18:09.880+0000] {logging_mixin.py:120} INFO - [2022-11-09T04:18:09.880+0000] {dag.py:2585} INFO - Sync 1 DAGs
[2022-11-09T04:18:09.894+0000] {logging_mixin.py:120} INFO - [2022-11-09T04:18:09.894+0000] {dag.py:3340} INFO - Setting next_dagrun for example_sla_dag to 2022-11-09T04:16:00+00:00, run_after=2022-11-09T04:18:00+00:00
[2022-11-09T04:18:09.904+0000] {processor.py:176} INFO - Processing /home/airflow/.local/lib/python3.7/site-packages/airflow/example_dags/example_sla_dag.py took 0.061 seconds
[2022-11-09T04:18:39.923+0000] {processor.py:154} INFO - Started process (PID=32610) to work on /home/airflow/.local/lib/python3.7/site-packages/airflow/example_dags/example_sla_dag.py
[2022-11-09T04:18:39.924+0000] {processor.py:756} INFO - Processing file /home/airflow/.local/lib/python3.7/site-packages/airflow/example_dags/example_sla_dag.py for tasks to queue
[2022-11-09T04:18:39.924+0000] {logging_mixin.py:120} INFO - [2022-11-09T04:18:39.924+0000] {dagbag.py:537} INFO - Filling up the DagBag from /home/airflow/.local/lib/python3.7/site-packages/airflow/example_dags/example_sla_dag.py
[2022-11-09T04:18:39.937+0000] {processor.py:766} INFO - DAG(s) dict_keys(['example_sla_dag']) retrieved from /home/airflow/.local/lib/python3.7/site-packages/airflow/example_dags/example_sla_dag.py
[2022-11-09T04:18:39.959+0000] {logging_mixin.py:120} INFO - [2022-11-09T04:18:39.959+0000] {dag.py:2585} INFO - Sync 1 DAGs
[2022-11-09T04:18:39.975+0000] {logging_mixin.py:120} INFO - [2022-11-09T04:18:39.975+0000] {dag.py:3340} INFO - Setting next_dagrun for example_sla_dag to 2022-11-09T04:16:00+00:00, run_after=2022-11-09T04:18:00+00:00
[2022-11-09T04:18:39.988+0000] {processor.py:176} INFO - Processing /home/airflow/.local/lib/python3.7/site-packages/airflow/example_dags/example_sla_dag.py took 0.066 seconds
[2022-11-09T04:19:10.883+0000] {processor.py:154} INFO - Started process (PID=32676) to work on /home/airflow/.local/lib/python3.7/site-packages/airflow/example_dags/example_sla_dag.py
[2022-11-09T04:19:10.884+0000] {processor.py:756} INFO - Processing file /home/airflow/.local/lib/python3.7/site-packages/airflow/example_dags/example_sla_dag.py for tasks to queue
[2022-11-09T04:19:10.885+0000] {logging_mixin.py:120} INFO - [2022-11-09T04:19:10.884+0000] {dagbag.py:537} INFO - Filling up the DagBag from /home/airflow/.local/lib/python3.7/site-packages/airflow/example_dags/example_sla_dag.py
[2022-11-09T04:19:10.898+0000] {processor.py:766} INFO - DAG(s) dict_keys(['example_sla_dag']) retrieved from /home/airflow/.local/lib/python3.7/site-packages/airflow/example_dags/example_sla_dag.py
[2022-11-09T04:19:10.926+0000] {logging_mixin.py:120} INFO - [2022-11-09T04:19:10.926+0000] {dag.py:2585} INFO - Sync 1 DAGs
[2022-11-09T04:19:10.945+0000] {logging_mixin.py:120} INFO - [2022-11-09T04:19:10.945+0000] {dag.py:3340} INFO - Setting next_dagrun for example_sla_dag to 2022-11-09T04:16:00+00:00, run_after=2022-11-09T04:18:00+00:00
[2022-11-09T04:19:10.958+0000] {processor.py:176} INFO - Processing /home/airflow/.local/lib/python3.7/site-packages/airflow/example_dags/example_sla_dag.py took 0.078 seconds
[2022-11-09T04:19:41.780+0000] {processor.py:154} INFO - Started process (PID=32743) to work on /home/airflow/.local/lib/python3.7/site-packages/airflow/example_dags/example_sla_dag.py
[2022-11-09T04:19:41.780+0000] {processor.py:756} INFO - Processing file /home/airflow/.local/lib/python3.7/site-packages/airflow/example_dags/example_sla_dag.py for tasks to queue
[2022-11-09T04:19:41.781+0000] {logging_mixin.py:120} INFO - [2022-11-09T04:19:41.780+0000] {dagbag.py:537} INFO - Filling up the DagBag from /home/airflow/.local/lib/python3.7/site-packages/airflow/example_dags/example_sla_dag.py
[2022-11-09T04:19:41.793+0000] {processor.py:766} INFO - DAG(s) dict_keys(['example_sla_dag']) retrieved from /home/airflow/.local/lib/python3.7/site-packages/airflow/example_dags/example_sla_dag.py
[2022-11-09T04:19:41.816+0000] {logging_mixin.py:120} INFO - [2022-11-09T04:19:41.816+0000] {dag.py:2585} INFO - Sync 1 DAGs
[2022-11-09T04:19:41.831+0000] {logging_mixin.py:120} INFO - [2022-11-09T04:19:41.831+0000] {dag.py:3340} INFO - Setting next_dagrun for example_sla_dag to 2022-11-09T04:16:00+00:00, run_after=2022-11-09T04:18:00+00:00
[2022-11-09T04:19:41.842+0000] {processor.py:176} INFO - Processing /home/airflow/.local/lib/python3.7/site-packages/airflow/example_dags/example_sla_dag.py took 0.065 seconds
