[2022-11-09T00:12:01.805+0000] {processor.py:154} INFO - Started process (PID=30716) to work on /home/airflow/.local/lib/python3.7/site-packages/airflow/example_dags/example_short_circuit_operator.py
[2022-11-09T00:12:01.806+0000] {processor.py:756} INFO - Processing file /home/airflow/.local/lib/python3.7/site-packages/airflow/example_dags/example_short_circuit_operator.py for tasks to queue
[2022-11-09T00:12:01.806+0000] {logging_mixin.py:120} INFO - [2022-11-09T00:12:01.806+0000] {dagbag.py:537} INFO - Filling up the DagBag from /home/airflow/.local/lib/python3.7/site-packages/airflow/example_dags/example_short_circuit_operator.py
[2022-11-09T00:12:01.844+0000] {processor.py:766} INFO - DAG(s) dict_keys(['example_short_circuit_operator']) retrieved from /home/airflow/.local/lib/python3.7/site-packages/airflow/example_dags/example_short_circuit_operator.py
[2022-11-09T00:12:01.918+0000] {logging_mixin.py:120} INFO - [2022-11-09T00:12:01.918+0000] {dag.py:2585} INFO - Sync 1 DAGs
[2022-11-09T00:12:01.946+0000] {logging_mixin.py:120} INFO - [2022-11-09T00:12:01.946+0000] {dag.py:3340} INFO - Setting next_dagrun for example_short_circuit_operator to 2022-11-08T00:12:01.946425+00:00, run_after=2022-11-09T00:12:01.946425+00:00
[2022-11-09T00:12:01.976+0000] {processor.py:176} INFO - Processing /home/airflow/.local/lib/python3.7/site-packages/airflow/example_dags/example_short_circuit_operator.py took 0.175 seconds
[2022-11-09T00:27:35.032+0000] {processor.py:154} INFO - Started process (PID=30763) to work on /home/airflow/.local/lib/python3.7/site-packages/airflow/example_dags/example_short_circuit_operator.py
[2022-11-09T00:27:35.032+0000] {processor.py:756} INFO - Processing file /home/airflow/.local/lib/python3.7/site-packages/airflow/example_dags/example_short_circuit_operator.py for tasks to queue
[2022-11-09T00:27:35.033+0000] {logging_mixin.py:120} INFO - [2022-11-09T00:27:35.033+0000] {dagbag.py:537} INFO - Filling up the DagBag from /home/airflow/.local/lib/python3.7/site-packages/airflow/example_dags/example_short_circuit_operator.py
[2022-11-09T00:27:35.042+0000] {processor.py:766} INFO - DAG(s) dict_keys(['example_short_circuit_operator']) retrieved from /home/airflow/.local/lib/python3.7/site-packages/airflow/example_dags/example_short_circuit_operator.py
[2022-11-09T00:27:35.063+0000] {logging_mixin.py:120} INFO - [2022-11-09T00:27:35.063+0000] {dag.py:2585} INFO - Sync 1 DAGs
[2022-11-09T00:27:35.077+0000] {logging_mixin.py:120} INFO - [2022-11-09T00:27:35.077+0000] {dag.py:3340} INFO - Setting next_dagrun for example_short_circuit_operator to 2022-11-08T00:27:35.077679+00:00, run_after=2022-11-09T00:27:35.077679+00:00
[2022-11-09T00:27:35.086+0000] {processor.py:176} INFO - Processing /home/airflow/.local/lib/python3.7/site-packages/airflow/example_dags/example_short_circuit_operator.py took 0.056 seconds
[2022-11-09T01:00:49.129+0000] {processor.py:154} INFO - Started process (PID=30813) to work on /home/airflow/.local/lib/python3.7/site-packages/airflow/example_dags/example_short_circuit_operator.py
[2022-11-09T01:00:49.129+0000] {processor.py:756} INFO - Processing file /home/airflow/.local/lib/python3.7/site-packages/airflow/example_dags/example_short_circuit_operator.py for tasks to queue
[2022-11-09T01:00:49.130+0000] {logging_mixin.py:120} INFO - [2022-11-09T01:00:49.130+0000] {dagbag.py:537} INFO - Filling up the DagBag from /home/airflow/.local/lib/python3.7/site-packages/airflow/example_dags/example_short_circuit_operator.py
[2022-11-09T01:00:49.142+0000] {processor.py:766} INFO - DAG(s) dict_keys(['example_short_circuit_operator']) retrieved from /home/airflow/.local/lib/python3.7/site-packages/airflow/example_dags/example_short_circuit_operator.py
[2022-11-09T01:00:49.169+0000] {logging_mixin.py:120} INFO - [2022-11-09T01:00:49.169+0000] {dag.py:2585} INFO - Sync 1 DAGs
[2022-11-09T01:00:49.185+0000] {logging_mixin.py:120} INFO - [2022-11-09T01:00:49.185+0000] {dag.py:3340} INFO - Setting next_dagrun for example_short_circuit_operator to 2022-11-08T01:00:49.185684+00:00, run_after=2022-11-09T01:00:49.185684+00:00
[2022-11-09T01:00:49.203+0000] {processor.py:176} INFO - Processing /home/airflow/.local/lib/python3.7/site-packages/airflow/example_dags/example_short_circuit_operator.py took 0.076 seconds
[2022-11-09T01:34:45.188+0000] {processor.py:154} INFO - Started process (PID=30861) to work on /home/airflow/.local/lib/python3.7/site-packages/airflow/example_dags/example_short_circuit_operator.py
[2022-11-09T01:34:45.189+0000] {processor.py:756} INFO - Processing file /home/airflow/.local/lib/python3.7/site-packages/airflow/example_dags/example_short_circuit_operator.py for tasks to queue
[2022-11-09T01:34:45.190+0000] {logging_mixin.py:120} INFO - [2022-11-09T01:34:45.190+0000] {dagbag.py:537} INFO - Filling up the DagBag from /home/airflow/.local/lib/python3.7/site-packages/airflow/example_dags/example_short_circuit_operator.py
[2022-11-09T01:34:45.209+0000] {processor.py:766} INFO - DAG(s) dict_keys(['example_short_circuit_operator']) retrieved from /home/airflow/.local/lib/python3.7/site-packages/airflow/example_dags/example_short_circuit_operator.py
[2022-11-09T01:34:45.290+0000] {logging_mixin.py:120} INFO - [2022-11-09T01:34:45.290+0000] {dag.py:2585} INFO - Sync 1 DAGs
[2022-11-09T01:34:45.314+0000] {logging_mixin.py:120} INFO - [2022-11-09T01:34:45.314+0000] {dag.py:3340} INFO - Setting next_dagrun for example_short_circuit_operator to 2022-11-08T01:34:45.314215+00:00, run_after=2022-11-09T01:34:45.314215+00:00
[2022-11-09T01:34:45.340+0000] {processor.py:176} INFO - Processing /home/airflow/.local/lib/python3.7/site-packages/airflow/example_dags/example_short_circuit_operator.py took 0.154 seconds
[2022-11-09T01:50:25.114+0000] {processor.py:154} INFO - Started process (PID=30908) to work on /home/airflow/.local/lib/python3.7/site-packages/airflow/example_dags/example_short_circuit_operator.py
[2022-11-09T01:50:25.115+0000] {processor.py:756} INFO - Processing file /home/airflow/.local/lib/python3.7/site-packages/airflow/example_dags/example_short_circuit_operator.py for tasks to queue
[2022-11-09T01:50:25.115+0000] {logging_mixin.py:120} INFO - [2022-11-09T01:50:25.115+0000] {dagbag.py:537} INFO - Filling up the DagBag from /home/airflow/.local/lib/python3.7/site-packages/airflow/example_dags/example_short_circuit_operator.py
[2022-11-09T01:50:25.125+0000] {processor.py:766} INFO - DAG(s) dict_keys(['example_short_circuit_operator']) retrieved from /home/airflow/.local/lib/python3.7/site-packages/airflow/example_dags/example_short_circuit_operator.py
[2022-11-09T01:50:25.149+0000] {logging_mixin.py:120} INFO - [2022-11-09T01:50:25.149+0000] {dag.py:2585} INFO - Sync 1 DAGs
[2022-11-09T01:50:25.163+0000] {logging_mixin.py:120} INFO - [2022-11-09T01:50:25.163+0000] {dag.py:3340} INFO - Setting next_dagrun for example_short_circuit_operator to 2022-11-08T01:50:25.163775+00:00, run_after=2022-11-09T01:50:25.163775+00:00
[2022-11-09T01:50:25.174+0000] {processor.py:176} INFO - Processing /home/airflow/.local/lib/python3.7/site-packages/airflow/example_dags/example_short_circuit_operator.py took 0.062 seconds
[2022-11-09T01:55:24.208+0000] {processor.py:154} INFO - Started process (PID=30956) to work on /home/airflow/.local/lib/python3.7/site-packages/airflow/example_dags/example_short_circuit_operator.py
[2022-11-09T01:55:24.209+0000] {processor.py:756} INFO - Processing file /home/airflow/.local/lib/python3.7/site-packages/airflow/example_dags/example_short_circuit_operator.py for tasks to queue
[2022-11-09T01:55:24.215+0000] {logging_mixin.py:120} INFO - [2022-11-09T01:55:24.215+0000] {dagbag.py:537} INFO - Filling up the DagBag from /home/airflow/.local/lib/python3.7/site-packages/airflow/example_dags/example_short_circuit_operator.py
[2022-11-09T01:55:24.235+0000] {processor.py:766} INFO - DAG(s) dict_keys(['example_short_circuit_operator']) retrieved from /home/airflow/.local/lib/python3.7/site-packages/airflow/example_dags/example_short_circuit_operator.py
[2022-11-09T01:55:24.271+0000] {logging_mixin.py:120} INFO - [2022-11-09T01:55:24.271+0000] {dag.py:2585} INFO - Sync 1 DAGs
[2022-11-09T01:55:24.287+0000] {logging_mixin.py:120} INFO - [2022-11-09T01:55:24.287+0000] {dag.py:3340} INFO - Setting next_dagrun for example_short_circuit_operator to 2022-11-08T01:55:24.287121+00:00, run_after=2022-11-09T01:55:24.287121+00:00
[2022-11-09T01:55:24.299+0000] {processor.py:176} INFO - Processing /home/airflow/.local/lib/python3.7/site-packages/airflow/example_dags/example_short_circuit_operator.py took 0.094 seconds
[2022-11-09T02:10:49.888+0000] {processor.py:154} INFO - Started process (PID=31003) to work on /home/airflow/.local/lib/python3.7/site-packages/airflow/example_dags/example_short_circuit_operator.py
[2022-11-09T02:10:49.890+0000] {processor.py:756} INFO - Processing file /home/airflow/.local/lib/python3.7/site-packages/airflow/example_dags/example_short_circuit_operator.py for tasks to queue
[2022-11-09T02:10:49.891+0000] {logging_mixin.py:120} INFO - [2022-11-09T02:10:49.891+0000] {dagbag.py:537} INFO - Filling up the DagBag from /home/airflow/.local/lib/python3.7/site-packages/airflow/example_dags/example_short_circuit_operator.py
[2022-11-09T02:10:49.902+0000] {processor.py:766} INFO - DAG(s) dict_keys(['example_short_circuit_operator']) retrieved from /home/airflow/.local/lib/python3.7/site-packages/airflow/example_dags/example_short_circuit_operator.py
[2022-11-09T02:10:49.953+0000] {logging_mixin.py:120} INFO - [2022-11-09T02:10:49.953+0000] {dag.py:2585} INFO - Sync 1 DAGs
[2022-11-09T02:10:49.974+0000] {logging_mixin.py:120} INFO - [2022-11-09T02:10:49.974+0000] {dag.py:3340} INFO - Setting next_dagrun for example_short_circuit_operator to 2022-11-08T02:10:49.974164+00:00, run_after=2022-11-09T02:10:49.974164+00:00
[2022-11-09T02:10:49.987+0000] {processor.py:176} INFO - Processing /home/airflow/.local/lib/python3.7/site-packages/airflow/example_dags/example_short_circuit_operator.py took 0.101 seconds
[2022-11-09T02:26:24.444+0000] {processor.py:154} INFO - Started process (PID=31050) to work on /home/airflow/.local/lib/python3.7/site-packages/airflow/example_dags/example_short_circuit_operator.py
[2022-11-09T02:26:24.444+0000] {processor.py:756} INFO - Processing file /home/airflow/.local/lib/python3.7/site-packages/airflow/example_dags/example_short_circuit_operator.py for tasks to queue
[2022-11-09T02:26:24.445+0000] {logging_mixin.py:120} INFO - [2022-11-09T02:26:24.445+0000] {dagbag.py:537} INFO - Filling up the DagBag from /home/airflow/.local/lib/python3.7/site-packages/airflow/example_dags/example_short_circuit_operator.py
[2022-11-09T02:26:24.457+0000] {processor.py:766} INFO - DAG(s) dict_keys(['example_short_circuit_operator']) retrieved from /home/airflow/.local/lib/python3.7/site-packages/airflow/example_dags/example_short_circuit_operator.py
[2022-11-09T02:26:24.482+0000] {logging_mixin.py:120} INFO - [2022-11-09T02:26:24.482+0000] {dag.py:2585} INFO - Sync 1 DAGs
[2022-11-09T02:26:24.495+0000] {logging_mixin.py:120} INFO - [2022-11-09T02:26:24.495+0000] {dag.py:3340} INFO - Setting next_dagrun for example_short_circuit_operator to 2022-11-08T02:26:24.495677+00:00, run_after=2022-11-09T02:26:24.495677+00:00
[2022-11-09T02:26:24.505+0000] {processor.py:176} INFO - Processing /home/airflow/.local/lib/python3.7/site-packages/airflow/example_dags/example_short_circuit_operator.py took 0.063 seconds
[2022-11-09T02:44:02.043+0000] {processor.py:154} INFO - Started process (PID=31098) to work on /home/airflow/.local/lib/python3.7/site-packages/airflow/example_dags/example_short_circuit_operator.py
[2022-11-09T02:44:02.043+0000] {processor.py:756} INFO - Processing file /home/airflow/.local/lib/python3.7/site-packages/airflow/example_dags/example_short_circuit_operator.py for tasks to queue
[2022-11-09T02:44:02.044+0000] {logging_mixin.py:120} INFO - [2022-11-09T02:44:02.044+0000] {dagbag.py:537} INFO - Filling up the DagBag from /home/airflow/.local/lib/python3.7/site-packages/airflow/example_dags/example_short_circuit_operator.py
[2022-11-09T02:44:02.067+0000] {processor.py:766} INFO - DAG(s) dict_keys(['example_short_circuit_operator']) retrieved from /home/airflow/.local/lib/python3.7/site-packages/airflow/example_dags/example_short_circuit_operator.py
[2022-11-09T02:44:02.111+0000] {logging_mixin.py:120} INFO - [2022-11-09T02:44:02.111+0000] {dag.py:2585} INFO - Sync 1 DAGs
[2022-11-09T02:44:02.132+0000] {logging_mixin.py:120} INFO - [2022-11-09T02:44:02.132+0000] {dag.py:3340} INFO - Setting next_dagrun for example_short_circuit_operator to 2022-11-08T02:44:02.132194+00:00, run_after=2022-11-09T02:44:02.132194+00:00
[2022-11-09T02:44:02.149+0000] {processor.py:176} INFO - Processing /home/airflow/.local/lib/python3.7/site-packages/airflow/example_dags/example_short_circuit_operator.py took 0.109 seconds
[2022-11-09T03:01:03.537+0000] {processor.py:154} INFO - Started process (PID=31158) to work on /home/airflow/.local/lib/python3.7/site-packages/airflow/example_dags/example_short_circuit_operator.py
[2022-11-09T03:01:03.538+0000] {processor.py:756} INFO - Processing file /home/airflow/.local/lib/python3.7/site-packages/airflow/example_dags/example_short_circuit_operator.py for tasks to queue
[2022-11-09T03:01:03.538+0000] {logging_mixin.py:120} INFO - [2022-11-09T03:01:03.538+0000] {dagbag.py:537} INFO - Filling up the DagBag from /home/airflow/.local/lib/python3.7/site-packages/airflow/example_dags/example_short_circuit_operator.py
[2022-11-09T03:01:03.548+0000] {processor.py:766} INFO - DAG(s) dict_keys(['example_short_circuit_operator']) retrieved from /home/airflow/.local/lib/python3.7/site-packages/airflow/example_dags/example_short_circuit_operator.py
[2022-11-09T03:01:03.574+0000] {logging_mixin.py:120} INFO - [2022-11-09T03:01:03.574+0000] {dag.py:2585} INFO - Sync 1 DAGs
[2022-11-09T03:01:03.590+0000] {logging_mixin.py:120} INFO - [2022-11-09T03:01:03.590+0000] {dag.py:3340} INFO - Setting next_dagrun for example_short_circuit_operator to 2022-11-08T03:01:03.590718+00:00, run_after=2022-11-09T03:01:03.590718+00:00
[2022-11-09T03:01:03.602+0000] {processor.py:176} INFO - Processing /home/airflow/.local/lib/python3.7/site-packages/airflow/example_dags/example_short_circuit_operator.py took 0.067 seconds
[2022-11-09T03:03:53.565+0000] {processor.py:154} INFO - Started process (PID=31222) to work on /home/airflow/.local/lib/python3.7/site-packages/airflow/example_dags/example_short_circuit_operator.py
[2022-11-09T03:03:53.567+0000] {processor.py:756} INFO - Processing file /home/airflow/.local/lib/python3.7/site-packages/airflow/example_dags/example_short_circuit_operator.py for tasks to queue
[2022-11-09T03:03:53.568+0000] {logging_mixin.py:120} INFO - [2022-11-09T03:03:53.568+0000] {dagbag.py:537} INFO - Filling up the DagBag from /home/airflow/.local/lib/python3.7/site-packages/airflow/example_dags/example_short_circuit_operator.py
[2022-11-09T03:03:53.579+0000] {processor.py:766} INFO - DAG(s) dict_keys(['example_short_circuit_operator']) retrieved from /home/airflow/.local/lib/python3.7/site-packages/airflow/example_dags/example_short_circuit_operator.py
[2022-11-09T03:03:53.605+0000] {logging_mixin.py:120} INFO - [2022-11-09T03:03:53.604+0000] {dag.py:2585} INFO - Sync 1 DAGs
[2022-11-09T03:03:53.618+0000] {logging_mixin.py:120} INFO - [2022-11-09T03:03:53.618+0000] {dag.py:3340} INFO - Setting next_dagrun for example_short_circuit_operator to 2022-11-08T03:03:53.618230+00:00, run_after=2022-11-09T03:03:53.618230+00:00
[2022-11-09T03:03:53.638+0000] {processor.py:176} INFO - Processing /home/airflow/.local/lib/python3.7/site-packages/airflow/example_dags/example_short_circuit_operator.py took 0.076 seconds
[2022-11-09T03:19:29.040+0000] {processor.py:154} INFO - Started process (PID=31269) to work on /home/airflow/.local/lib/python3.7/site-packages/airflow/example_dags/example_short_circuit_operator.py
[2022-11-09T03:19:29.040+0000] {processor.py:756} INFO - Processing file /home/airflow/.local/lib/python3.7/site-packages/airflow/example_dags/example_short_circuit_operator.py for tasks to queue
[2022-11-09T03:19:29.040+0000] {logging_mixin.py:120} INFO - [2022-11-09T03:19:29.040+0000] {dagbag.py:537} INFO - Filling up the DagBag from /home/airflow/.local/lib/python3.7/site-packages/airflow/example_dags/example_short_circuit_operator.py
[2022-11-09T03:19:29.054+0000] {processor.py:766} INFO - DAG(s) dict_keys(['example_short_circuit_operator']) retrieved from /home/airflow/.local/lib/python3.7/site-packages/airflow/example_dags/example_short_circuit_operator.py
[2022-11-09T03:19:29.076+0000] {logging_mixin.py:120} INFO - [2022-11-09T03:19:29.076+0000] {dag.py:2585} INFO - Sync 1 DAGs
[2022-11-09T03:19:29.090+0000] {logging_mixin.py:120} INFO - [2022-11-09T03:19:29.090+0000] {dag.py:3340} INFO - Setting next_dagrun for example_short_circuit_operator to 2022-11-08T03:19:29.090508+00:00, run_after=2022-11-09T03:19:29.090508+00:00
[2022-11-09T03:19:29.100+0000] {processor.py:176} INFO - Processing /home/airflow/.local/lib/python3.7/site-packages/airflow/example_dags/example_short_circuit_operator.py took 0.069 seconds
[2022-11-09T03:35:52.784+0000] {processor.py:154} INFO - Started process (PID=31327) to work on /home/airflow/.local/lib/python3.7/site-packages/airflow/example_dags/example_short_circuit_operator.py
[2022-11-09T03:35:52.785+0000] {processor.py:756} INFO - Processing file /home/airflow/.local/lib/python3.7/site-packages/airflow/example_dags/example_short_circuit_operator.py for tasks to queue
[2022-11-09T03:35:52.786+0000] {logging_mixin.py:120} INFO - [2022-11-09T03:35:52.786+0000] {dagbag.py:537} INFO - Filling up the DagBag from /home/airflow/.local/lib/python3.7/site-packages/airflow/example_dags/example_short_circuit_operator.py
[2022-11-09T03:35:52.797+0000] {processor.py:766} INFO - DAG(s) dict_keys(['example_short_circuit_operator']) retrieved from /home/airflow/.local/lib/python3.7/site-packages/airflow/example_dags/example_short_circuit_operator.py
[2022-11-09T03:35:52.820+0000] {logging_mixin.py:120} INFO - [2022-11-09T03:35:52.820+0000] {dag.py:2585} INFO - Sync 1 DAGs
[2022-11-09T03:35:52.833+0000] {logging_mixin.py:120} INFO - [2022-11-09T03:35:52.832+0000] {dag.py:3340} INFO - Setting next_dagrun for example_short_circuit_operator to 2022-11-08T03:35:52.832822+00:00, run_after=2022-11-09T03:35:52.832822+00:00
[2022-11-09T03:35:52.843+0000] {processor.py:176} INFO - Processing /home/airflow/.local/lib/python3.7/site-packages/airflow/example_dags/example_short_circuit_operator.py took 0.061 seconds
[2022-11-09T03:58:29.223+0000] {processor.py:154} INFO - Started process (PID=31374) to work on /home/airflow/.local/lib/python3.7/site-packages/airflow/example_dags/example_short_circuit_operator.py
[2022-11-09T03:58:29.224+0000] {processor.py:756} INFO - Processing file /home/airflow/.local/lib/python3.7/site-packages/airflow/example_dags/example_short_circuit_operator.py for tasks to queue
[2022-11-09T03:58:29.224+0000] {logging_mixin.py:120} INFO - [2022-11-09T03:58:29.224+0000] {dagbag.py:537} INFO - Filling up the DagBag from /home/airflow/.local/lib/python3.7/site-packages/airflow/example_dags/example_short_circuit_operator.py
[2022-11-09T03:58:29.243+0000] {processor.py:766} INFO - DAG(s) dict_keys(['example_short_circuit_operator']) retrieved from /home/airflow/.local/lib/python3.7/site-packages/airflow/example_dags/example_short_circuit_operator.py
[2022-11-09T03:58:29.283+0000] {logging_mixin.py:120} INFO - [2022-11-09T03:58:29.283+0000] {dag.py:2585} INFO - Sync 1 DAGs
[2022-11-09T03:58:29.313+0000] {logging_mixin.py:120} INFO - [2022-11-09T03:58:29.313+0000] {dag.py:3340} INFO - Setting next_dagrun for example_short_circuit_operator to 2022-11-08T03:58:29.313257+00:00, run_after=2022-11-09T03:58:29.313257+00:00
[2022-11-09T03:58:29.334+0000] {processor.py:176} INFO - Processing /home/airflow/.local/lib/python3.7/site-packages/airflow/example_dags/example_short_circuit_operator.py took 0.113 seconds
[2022-11-09T03:58:59.393+0000] {processor.py:154} INFO - Started process (PID=31444) to work on /home/airflow/.local/lib/python3.7/site-packages/airflow/example_dags/example_short_circuit_operator.py
[2022-11-09T03:58:59.393+0000] {processor.py:756} INFO - Processing file /home/airflow/.local/lib/python3.7/site-packages/airflow/example_dags/example_short_circuit_operator.py for tasks to queue
[2022-11-09T03:58:59.394+0000] {logging_mixin.py:120} INFO - [2022-11-09T03:58:59.394+0000] {dagbag.py:537} INFO - Filling up the DagBag from /home/airflow/.local/lib/python3.7/site-packages/airflow/example_dags/example_short_circuit_operator.py
[2022-11-09T03:58:59.404+0000] {processor.py:766} INFO - DAG(s) dict_keys(['example_short_circuit_operator']) retrieved from /home/airflow/.local/lib/python3.7/site-packages/airflow/example_dags/example_short_circuit_operator.py
[2022-11-09T03:58:59.429+0000] {logging_mixin.py:120} INFO - [2022-11-09T03:58:59.429+0000] {dag.py:2585} INFO - Sync 1 DAGs
[2022-11-09T03:58:59.443+0000] {logging_mixin.py:120} INFO - [2022-11-09T03:58:59.443+0000] {dag.py:3340} INFO - Setting next_dagrun for example_short_circuit_operator to 2022-11-08T03:58:59.443545+00:00, run_after=2022-11-09T03:58:59.443545+00:00
[2022-11-09T03:58:59.455+0000] {processor.py:176} INFO - Processing /home/airflow/.local/lib/python3.7/site-packages/airflow/example_dags/example_short_circuit_operator.py took 0.065 seconds
[2022-11-09T03:59:30.337+0000] {processor.py:154} INFO - Started process (PID=31516) to work on /home/airflow/.local/lib/python3.7/site-packages/airflow/example_dags/example_short_circuit_operator.py
[2022-11-09T03:59:30.337+0000] {processor.py:756} INFO - Processing file /home/airflow/.local/lib/python3.7/site-packages/airflow/example_dags/example_short_circuit_operator.py for tasks to queue
[2022-11-09T03:59:30.338+0000] {logging_mixin.py:120} INFO - [2022-11-09T03:59:30.338+0000] {dagbag.py:537} INFO - Filling up the DagBag from /home/airflow/.local/lib/python3.7/site-packages/airflow/example_dags/example_short_circuit_operator.py
[2022-11-09T03:59:30.348+0000] {processor.py:766} INFO - DAG(s) dict_keys(['example_short_circuit_operator']) retrieved from /home/airflow/.local/lib/python3.7/site-packages/airflow/example_dags/example_short_circuit_operator.py
[2022-11-09T03:59:30.376+0000] {logging_mixin.py:120} INFO - [2022-11-09T03:59:30.376+0000] {dag.py:2585} INFO - Sync 1 DAGs
[2022-11-09T03:59:30.389+0000] {logging_mixin.py:120} INFO - [2022-11-09T03:59:30.389+0000] {dag.py:3340} INFO - Setting next_dagrun for example_short_circuit_operator to 2022-11-08T03:59:30.389753+00:00, run_after=2022-11-09T03:59:30.389753+00:00
[2022-11-09T03:59:30.408+0000] {processor.py:176} INFO - Processing /home/airflow/.local/lib/python3.7/site-packages/airflow/example_dags/example_short_circuit_operator.py took 0.073 seconds
[2022-11-09T04:00:01.313+0000] {processor.py:154} INFO - Started process (PID=31582) to work on /home/airflow/.local/lib/python3.7/site-packages/airflow/example_dags/example_short_circuit_operator.py
[2022-11-09T04:00:01.314+0000] {processor.py:756} INFO - Processing file /home/airflow/.local/lib/python3.7/site-packages/airflow/example_dags/example_short_circuit_operator.py for tasks to queue
[2022-11-09T04:00:01.315+0000] {logging_mixin.py:120} INFO - [2022-11-09T04:00:01.315+0000] {dagbag.py:537} INFO - Filling up the DagBag from /home/airflow/.local/lib/python3.7/site-packages/airflow/example_dags/example_short_circuit_operator.py
[2022-11-09T04:00:01.325+0000] {processor.py:766} INFO - DAG(s) dict_keys(['example_short_circuit_operator']) retrieved from /home/airflow/.local/lib/python3.7/site-packages/airflow/example_dags/example_short_circuit_operator.py
[2022-11-09T04:00:01.352+0000] {logging_mixin.py:120} INFO - [2022-11-09T04:00:01.352+0000] {dag.py:2585} INFO - Sync 1 DAGs
[2022-11-09T04:00:01.366+0000] {logging_mixin.py:120} INFO - [2022-11-09T04:00:01.365+0000] {dag.py:3340} INFO - Setting next_dagrun for example_short_circuit_operator to 2022-11-08T04:00:01.365763+00:00, run_after=2022-11-09T04:00:01.365763+00:00
[2022-11-09T04:00:01.380+0000] {processor.py:176} INFO - Processing /home/airflow/.local/lib/python3.7/site-packages/airflow/example_dags/example_short_circuit_operator.py took 0.069 seconds
[2022-11-09T04:00:32.232+0000] {processor.py:154} INFO - Started process (PID=31649) to work on /home/airflow/.local/lib/python3.7/site-packages/airflow/example_dags/example_short_circuit_operator.py
[2022-11-09T04:00:32.232+0000] {processor.py:756} INFO - Processing file /home/airflow/.local/lib/python3.7/site-packages/airflow/example_dags/example_short_circuit_operator.py for tasks to queue
[2022-11-09T04:00:32.233+0000] {logging_mixin.py:120} INFO - [2022-11-09T04:00:32.233+0000] {dagbag.py:537} INFO - Filling up the DagBag from /home/airflow/.local/lib/python3.7/site-packages/airflow/example_dags/example_short_circuit_operator.py
[2022-11-09T04:00:32.243+0000] {processor.py:766} INFO - DAG(s) dict_keys(['example_short_circuit_operator']) retrieved from /home/airflow/.local/lib/python3.7/site-packages/airflow/example_dags/example_short_circuit_operator.py
[2022-11-09T04:00:32.266+0000] {logging_mixin.py:120} INFO - [2022-11-09T04:00:32.266+0000] {dag.py:2585} INFO - Sync 1 DAGs
[2022-11-09T04:00:32.279+0000] {logging_mixin.py:120} INFO - [2022-11-09T04:00:32.279+0000] {dag.py:3340} INFO - Setting next_dagrun for example_short_circuit_operator to 2022-11-08T04:00:32.279540+00:00, run_after=2022-11-09T04:00:32.279540+00:00
[2022-11-09T04:00:32.289+0000] {processor.py:176} INFO - Processing /home/airflow/.local/lib/python3.7/site-packages/airflow/example_dags/example_short_circuit_operator.py took 0.060 seconds
[2022-11-09T04:01:02.451+0000] {processor.py:154} INFO - Started process (PID=31704) to work on /home/airflow/.local/lib/python3.7/site-packages/airflow/example_dags/example_short_circuit_operator.py
[2022-11-09T04:01:02.452+0000] {processor.py:756} INFO - Processing file /home/airflow/.local/lib/python3.7/site-packages/airflow/example_dags/example_short_circuit_operator.py for tasks to queue
[2022-11-09T04:01:02.453+0000] {logging_mixin.py:120} INFO - [2022-11-09T04:01:02.453+0000] {dagbag.py:537} INFO - Filling up the DagBag from /home/airflow/.local/lib/python3.7/site-packages/airflow/example_dags/example_short_circuit_operator.py
[2022-11-09T04:01:02.464+0000] {processor.py:766} INFO - DAG(s) dict_keys(['example_short_circuit_operator']) retrieved from /home/airflow/.local/lib/python3.7/site-packages/airflow/example_dags/example_short_circuit_operator.py
[2022-11-09T04:01:02.489+0000] {logging_mixin.py:120} INFO - [2022-11-09T04:01:02.489+0000] {dag.py:2585} INFO - Sync 1 DAGs
[2022-11-09T04:01:02.503+0000] {logging_mixin.py:120} INFO - [2022-11-09T04:01:02.503+0000] {dag.py:3340} INFO - Setting next_dagrun for example_short_circuit_operator to 2022-11-08T04:01:02.503330+00:00, run_after=2022-11-09T04:01:02.503330+00:00
[2022-11-09T04:01:02.520+0000] {processor.py:176} INFO - Processing /home/airflow/.local/lib/python3.7/site-packages/airflow/example_dags/example_short_circuit_operator.py took 0.071 seconds
[2022-11-09T04:01:32.643+0000] {processor.py:154} INFO - Started process (PID=31770) to work on /home/airflow/.local/lib/python3.7/site-packages/airflow/example_dags/example_short_circuit_operator.py
[2022-11-09T04:01:32.644+0000] {processor.py:756} INFO - Processing file /home/airflow/.local/lib/python3.7/site-packages/airflow/example_dags/example_short_circuit_operator.py for tasks to queue
[2022-11-09T04:01:32.644+0000] {logging_mixin.py:120} INFO - [2022-11-09T04:01:32.644+0000] {dagbag.py:537} INFO - Filling up the DagBag from /home/airflow/.local/lib/python3.7/site-packages/airflow/example_dags/example_short_circuit_operator.py
[2022-11-09T04:01:32.653+0000] {processor.py:766} INFO - DAG(s) dict_keys(['example_short_circuit_operator']) retrieved from /home/airflow/.local/lib/python3.7/site-packages/airflow/example_dags/example_short_circuit_operator.py
[2022-11-09T04:01:32.677+0000] {logging_mixin.py:120} INFO - [2022-11-09T04:01:32.677+0000] {dag.py:2585} INFO - Sync 1 DAGs
[2022-11-09T04:01:32.690+0000] {logging_mixin.py:120} INFO - [2022-11-09T04:01:32.690+0000] {dag.py:3340} INFO - Setting next_dagrun for example_short_circuit_operator to 2022-11-08T04:01:32.690629+00:00, run_after=2022-11-09T04:01:32.690629+00:00
[2022-11-09T04:01:32.701+0000] {processor.py:176} INFO - Processing /home/airflow/.local/lib/python3.7/site-packages/airflow/example_dags/example_short_circuit_operator.py took 0.060 seconds
[2022-11-09T04:02:02.760+0000] {processor.py:154} INFO - Started process (PID=31840) to work on /home/airflow/.local/lib/python3.7/site-packages/airflow/example_dags/example_short_circuit_operator.py
[2022-11-09T04:02:02.760+0000] {processor.py:756} INFO - Processing file /home/airflow/.local/lib/python3.7/site-packages/airflow/example_dags/example_short_circuit_operator.py for tasks to queue
[2022-11-09T04:02:02.761+0000] {logging_mixin.py:120} INFO - [2022-11-09T04:02:02.761+0000] {dagbag.py:537} INFO - Filling up the DagBag from /home/airflow/.local/lib/python3.7/site-packages/airflow/example_dags/example_short_circuit_operator.py
[2022-11-09T04:02:02.770+0000] {processor.py:766} INFO - DAG(s) dict_keys(['example_short_circuit_operator']) retrieved from /home/airflow/.local/lib/python3.7/site-packages/airflow/example_dags/example_short_circuit_operator.py
[2022-11-09T04:02:02.795+0000] {logging_mixin.py:120} INFO - [2022-11-09T04:02:02.795+0000] {dag.py:2585} INFO - Sync 1 DAGs
[2022-11-09T04:02:02.808+0000] {logging_mixin.py:120} INFO - [2022-11-09T04:02:02.808+0000] {dag.py:3340} INFO - Setting next_dagrun for example_short_circuit_operator to 2022-11-08T04:02:02.808733+00:00, run_after=2022-11-09T04:02:02.808733+00:00
[2022-11-09T04:02:02.819+0000] {processor.py:176} INFO - Processing /home/airflow/.local/lib/python3.7/site-packages/airflow/example_dags/example_short_circuit_operator.py took 0.061 seconds
[2022-11-09T04:02:32.882+0000] {processor.py:154} INFO - Started process (PID=31908) to work on /home/airflow/.local/lib/python3.7/site-packages/airflow/example_dags/example_short_circuit_operator.py
[2022-11-09T04:02:32.882+0000] {processor.py:756} INFO - Processing file /home/airflow/.local/lib/python3.7/site-packages/airflow/example_dags/example_short_circuit_operator.py for tasks to queue
[2022-11-09T04:02:32.883+0000] {logging_mixin.py:120} INFO - [2022-11-09T04:02:32.883+0000] {dagbag.py:537} INFO - Filling up the DagBag from /home/airflow/.local/lib/python3.7/site-packages/airflow/example_dags/example_short_circuit_operator.py
[2022-11-09T04:02:32.893+0000] {processor.py:766} INFO - DAG(s) dict_keys(['example_short_circuit_operator']) retrieved from /home/airflow/.local/lib/python3.7/site-packages/airflow/example_dags/example_short_circuit_operator.py
[2022-11-09T04:02:32.951+0000] {logging_mixin.py:120} INFO - [2022-11-09T04:02:32.950+0000] {dag.py:2585} INFO - Sync 1 DAGs
[2022-11-09T04:02:32.967+0000] {logging_mixin.py:120} INFO - [2022-11-09T04:02:32.967+0000] {dag.py:3340} INFO - Setting next_dagrun for example_short_circuit_operator to 2022-11-08T04:02:32.967040+00:00, run_after=2022-11-09T04:02:32.967040+00:00
[2022-11-09T04:02:32.983+0000] {processor.py:176} INFO - Processing /home/airflow/.local/lib/python3.7/site-packages/airflow/example_dags/example_short_circuit_operator.py took 0.104 seconds
[2022-11-09T04:03:04.058+0000] {processor.py:154} INFO - Started process (PID=31973) to work on /home/airflow/.local/lib/python3.7/site-packages/airflow/example_dags/example_short_circuit_operator.py
[2022-11-09T04:03:04.059+0000] {processor.py:756} INFO - Processing file /home/airflow/.local/lib/python3.7/site-packages/airflow/example_dags/example_short_circuit_operator.py for tasks to queue
[2022-11-09T04:03:04.059+0000] {logging_mixin.py:120} INFO - [2022-11-09T04:03:04.059+0000] {dagbag.py:537} INFO - Filling up the DagBag from /home/airflow/.local/lib/python3.7/site-packages/airflow/example_dags/example_short_circuit_operator.py
[2022-11-09T04:03:04.071+0000] {processor.py:766} INFO - DAG(s) dict_keys(['example_short_circuit_operator']) retrieved from /home/airflow/.local/lib/python3.7/site-packages/airflow/example_dags/example_short_circuit_operator.py
[2022-11-09T04:03:04.095+0000] {logging_mixin.py:120} INFO - [2022-11-09T04:03:04.095+0000] {dag.py:2585} INFO - Sync 1 DAGs
[2022-11-09T04:03:04.111+0000] {logging_mixin.py:120} INFO - [2022-11-09T04:03:04.110+0000] {dag.py:3340} INFO - Setting next_dagrun for example_short_circuit_operator to 2022-11-08T04:03:04.110834+00:00, run_after=2022-11-09T04:03:04.110834+00:00
[2022-11-09T04:03:04.121+0000] {processor.py:176} INFO - Processing /home/airflow/.local/lib/python3.7/site-packages/airflow/example_dags/example_short_circuit_operator.py took 0.064 seconds
[2022-11-09T04:03:34.205+0000] {processor.py:154} INFO - Started process (PID=32037) to work on /home/airflow/.local/lib/python3.7/site-packages/airflow/example_dags/example_short_circuit_operator.py
[2022-11-09T04:03:34.210+0000] {processor.py:756} INFO - Processing file /home/airflow/.local/lib/python3.7/site-packages/airflow/example_dags/example_short_circuit_operator.py for tasks to queue
[2022-11-09T04:03:34.210+0000] {logging_mixin.py:120} INFO - [2022-11-09T04:03:34.210+0000] {dagbag.py:537} INFO - Filling up the DagBag from /home/airflow/.local/lib/python3.7/site-packages/airflow/example_dags/example_short_circuit_operator.py
[2022-11-09T04:03:34.220+0000] {processor.py:766} INFO - DAG(s) dict_keys(['example_short_circuit_operator']) retrieved from /home/airflow/.local/lib/python3.7/site-packages/airflow/example_dags/example_short_circuit_operator.py
[2022-11-09T04:03:34.261+0000] {logging_mixin.py:120} INFO - [2022-11-09T04:03:34.261+0000] {dag.py:2585} INFO - Sync 1 DAGs
[2022-11-09T04:03:34.282+0000] {logging_mixin.py:120} INFO - [2022-11-09T04:03:34.282+0000] {dag.py:3340} INFO - Setting next_dagrun for example_short_circuit_operator to 2022-11-08T04:03:34.281971+00:00, run_after=2022-11-09T04:03:34.281971+00:00
[2022-11-09T04:03:34.296+0000] {processor.py:176} INFO - Processing /home/airflow/.local/lib/python3.7/site-packages/airflow/example_dags/example_short_circuit_operator.py took 0.095 seconds
[2022-11-09T04:04:05.258+0000] {processor.py:154} INFO - Started process (PID=32098) to work on /home/airflow/.local/lib/python3.7/site-packages/airflow/example_dags/example_short_circuit_operator.py
[2022-11-09T04:04:05.258+0000] {processor.py:756} INFO - Processing file /home/airflow/.local/lib/python3.7/site-packages/airflow/example_dags/example_short_circuit_operator.py for tasks to queue
[2022-11-09T04:04:05.259+0000] {logging_mixin.py:120} INFO - [2022-11-09T04:04:05.259+0000] {dagbag.py:537} INFO - Filling up the DagBag from /home/airflow/.local/lib/python3.7/site-packages/airflow/example_dags/example_short_circuit_operator.py
[2022-11-09T04:04:05.268+0000] {processor.py:766} INFO - DAG(s) dict_keys(['example_short_circuit_operator']) retrieved from /home/airflow/.local/lib/python3.7/site-packages/airflow/example_dags/example_short_circuit_operator.py
[2022-11-09T04:04:05.289+0000] {logging_mixin.py:120} INFO - [2022-11-09T04:04:05.289+0000] {dag.py:2585} INFO - Sync 1 DAGs
[2022-11-09T04:04:05.302+0000] {logging_mixin.py:120} INFO - [2022-11-09T04:04:05.302+0000] {dag.py:3340} INFO - Setting next_dagrun for example_short_circuit_operator to 2022-11-08T04:04:05.302308+00:00, run_after=2022-11-09T04:04:05.302308+00:00
[2022-11-09T04:04:05.314+0000] {processor.py:176} INFO - Processing /home/airflow/.local/lib/python3.7/site-packages/airflow/example_dags/example_short_circuit_operator.py took 0.059 seconds
[2022-11-09T04:04:36.386+0000] {processor.py:154} INFO - Started process (PID=32169) to work on /home/airflow/.local/lib/python3.7/site-packages/airflow/example_dags/example_short_circuit_operator.py
[2022-11-09T04:04:36.387+0000] {processor.py:756} INFO - Processing file /home/airflow/.local/lib/python3.7/site-packages/airflow/example_dags/example_short_circuit_operator.py for tasks to queue
[2022-11-09T04:04:36.387+0000] {logging_mixin.py:120} INFO - [2022-11-09T04:04:36.387+0000] {dagbag.py:537} INFO - Filling up the DagBag from /home/airflow/.local/lib/python3.7/site-packages/airflow/example_dags/example_short_circuit_operator.py
[2022-11-09T04:04:36.396+0000] {processor.py:766} INFO - DAG(s) dict_keys(['example_short_circuit_operator']) retrieved from /home/airflow/.local/lib/python3.7/site-packages/airflow/example_dags/example_short_circuit_operator.py
[2022-11-09T04:04:36.418+0000] {logging_mixin.py:120} INFO - [2022-11-09T04:04:36.418+0000] {dag.py:2585} INFO - Sync 1 DAGs
[2022-11-09T04:04:36.433+0000] {logging_mixin.py:120} INFO - [2022-11-09T04:04:36.433+0000] {dag.py:3340} INFO - Setting next_dagrun for example_short_circuit_operator to 2022-11-08T04:04:36.433358+00:00, run_after=2022-11-09T04:04:36.433358+00:00
[2022-11-09T04:04:36.444+0000] {processor.py:176} INFO - Processing /home/airflow/.local/lib/python3.7/site-packages/airflow/example_dags/example_short_circuit_operator.py took 0.060 seconds
[2022-11-09T04:05:07.381+0000] {processor.py:154} INFO - Started process (PID=32236) to work on /home/airflow/.local/lib/python3.7/site-packages/airflow/example_dags/example_short_circuit_operator.py
[2022-11-09T04:05:07.382+0000] {processor.py:756} INFO - Processing file /home/airflow/.local/lib/python3.7/site-packages/airflow/example_dags/example_short_circuit_operator.py for tasks to queue
[2022-11-09T04:05:07.382+0000] {logging_mixin.py:120} INFO - [2022-11-09T04:05:07.382+0000] {dagbag.py:537} INFO - Filling up the DagBag from /home/airflow/.local/lib/python3.7/site-packages/airflow/example_dags/example_short_circuit_operator.py
[2022-11-09T04:05:07.392+0000] {processor.py:766} INFO - DAG(s) dict_keys(['example_short_circuit_operator']) retrieved from /home/airflow/.local/lib/python3.7/site-packages/airflow/example_dags/example_short_circuit_operator.py
[2022-11-09T04:05:07.416+0000] {logging_mixin.py:120} INFO - [2022-11-09T04:05:07.416+0000] {dag.py:2585} INFO - Sync 1 DAGs
[2022-11-09T04:05:07.428+0000] {logging_mixin.py:120} INFO - [2022-11-09T04:05:07.428+0000] {dag.py:3340} INFO - Setting next_dagrun for example_short_circuit_operator to 2022-11-08T04:05:07.428784+00:00, run_after=2022-11-09T04:05:07.428784+00:00
[2022-11-09T04:05:07.439+0000] {processor.py:176} INFO - Processing /home/airflow/.local/lib/python3.7/site-packages/airflow/example_dags/example_short_circuit_operator.py took 0.060 seconds
[2022-11-09T04:05:38.147+0000] {processor.py:154} INFO - Started process (PID=32301) to work on /home/airflow/.local/lib/python3.7/site-packages/airflow/example_dags/example_short_circuit_operator.py
[2022-11-09T04:05:38.148+0000] {processor.py:756} INFO - Processing file /home/airflow/.local/lib/python3.7/site-packages/airflow/example_dags/example_short_circuit_operator.py for tasks to queue
[2022-11-09T04:05:38.148+0000] {logging_mixin.py:120} INFO - [2022-11-09T04:05:38.148+0000] {dagbag.py:537} INFO - Filling up the DagBag from /home/airflow/.local/lib/python3.7/site-packages/airflow/example_dags/example_short_circuit_operator.py
[2022-11-09T04:05:38.158+0000] {processor.py:766} INFO - DAG(s) dict_keys(['example_short_circuit_operator']) retrieved from /home/airflow/.local/lib/python3.7/site-packages/airflow/example_dags/example_short_circuit_operator.py
[2022-11-09T04:05:38.181+0000] {logging_mixin.py:120} INFO - [2022-11-09T04:05:38.181+0000] {dag.py:2585} INFO - Sync 1 DAGs
[2022-11-09T04:05:38.195+0000] {logging_mixin.py:120} INFO - [2022-11-09T04:05:38.195+0000] {dag.py:3340} INFO - Setting next_dagrun for example_short_circuit_operator to 2022-11-08T04:05:38.195000+00:00, run_after=2022-11-09T04:05:38.195000+00:00
[2022-11-09T04:05:38.206+0000] {processor.py:176} INFO - Processing /home/airflow/.local/lib/python3.7/site-packages/airflow/example_dags/example_short_circuit_operator.py took 0.060 seconds
[2022-11-09T04:06:08.969+0000] {processor.py:154} INFO - Started process (PID=32366) to work on /home/airflow/.local/lib/python3.7/site-packages/airflow/example_dags/example_short_circuit_operator.py
[2022-11-09T04:06:08.969+0000] {processor.py:756} INFO - Processing file /home/airflow/.local/lib/python3.7/site-packages/airflow/example_dags/example_short_circuit_operator.py for tasks to queue
[2022-11-09T04:06:08.970+0000] {logging_mixin.py:120} INFO - [2022-11-09T04:06:08.970+0000] {dagbag.py:537} INFO - Filling up the DagBag from /home/airflow/.local/lib/python3.7/site-packages/airflow/example_dags/example_short_circuit_operator.py
[2022-11-09T04:06:08.979+0000] {processor.py:766} INFO - DAG(s) dict_keys(['example_short_circuit_operator']) retrieved from /home/airflow/.local/lib/python3.7/site-packages/airflow/example_dags/example_short_circuit_operator.py
[2022-11-09T04:06:09.002+0000] {logging_mixin.py:120} INFO - [2022-11-09T04:06:09.002+0000] {dag.py:2585} INFO - Sync 1 DAGs
[2022-11-09T04:06:09.014+0000] {logging_mixin.py:120} INFO - [2022-11-09T04:06:09.014+0000] {dag.py:3340} INFO - Setting next_dagrun for example_short_circuit_operator to 2022-11-08T04:06:09.014649+00:00, run_after=2022-11-09T04:06:09.014649+00:00
[2022-11-09T04:06:09.026+0000] {processor.py:176} INFO - Processing /home/airflow/.local/lib/python3.7/site-packages/airflow/example_dags/example_short_circuit_operator.py took 0.059 seconds
[2022-11-09T04:06:39.940+0000] {processor.py:154} INFO - Started process (PID=32435) to work on /home/airflow/.local/lib/python3.7/site-packages/airflow/example_dags/example_short_circuit_operator.py
[2022-11-09T04:06:39.941+0000] {processor.py:756} INFO - Processing file /home/airflow/.local/lib/python3.7/site-packages/airflow/example_dags/example_short_circuit_operator.py for tasks to queue
[2022-11-09T04:06:39.941+0000] {logging_mixin.py:120} INFO - [2022-11-09T04:06:39.941+0000] {dagbag.py:537} INFO - Filling up the DagBag from /home/airflow/.local/lib/python3.7/site-packages/airflow/example_dags/example_short_circuit_operator.py
[2022-11-09T04:06:39.951+0000] {processor.py:766} INFO - DAG(s) dict_keys(['example_short_circuit_operator']) retrieved from /home/airflow/.local/lib/python3.7/site-packages/airflow/example_dags/example_short_circuit_operator.py
[2022-11-09T04:06:39.974+0000] {logging_mixin.py:120} INFO - [2022-11-09T04:06:39.974+0000] {dag.py:2585} INFO - Sync 1 DAGs
[2022-11-09T04:06:39.988+0000] {logging_mixin.py:120} INFO - [2022-11-09T04:06:39.988+0000] {dag.py:3340} INFO - Setting next_dagrun for example_short_circuit_operator to 2022-11-08T04:06:39.988092+00:00, run_after=2022-11-09T04:06:39.988092+00:00
[2022-11-09T04:06:40.032+0000] {processor.py:176} INFO - Processing /home/airflow/.local/lib/python3.7/site-packages/airflow/example_dags/example_short_circuit_operator.py took 0.094 seconds
[2022-11-09T04:17:40.505+0000] {processor.py:154} INFO - Started process (PID=32504) to work on /home/airflow/.local/lib/python3.7/site-packages/airflow/example_dags/example_short_circuit_operator.py
[2022-11-09T04:17:40.506+0000] {processor.py:756} INFO - Processing file /home/airflow/.local/lib/python3.7/site-packages/airflow/example_dags/example_short_circuit_operator.py for tasks to queue
[2022-11-09T04:17:40.508+0000] {logging_mixin.py:120} INFO - [2022-11-09T04:17:40.507+0000] {dagbag.py:537} INFO - Filling up the DagBag from /home/airflow/.local/lib/python3.7/site-packages/airflow/example_dags/example_short_circuit_operator.py
[2022-11-09T04:17:40.529+0000] {processor.py:766} INFO - DAG(s) dict_keys(['example_short_circuit_operator']) retrieved from /home/airflow/.local/lib/python3.7/site-packages/airflow/example_dags/example_short_circuit_operator.py
[2022-11-09T04:17:40.589+0000] {logging_mixin.py:120} INFO - [2022-11-09T04:17:40.589+0000] {dag.py:2585} INFO - Sync 1 DAGs
[2022-11-09T04:17:40.618+0000] {logging_mixin.py:120} INFO - [2022-11-09T04:17:40.617+0000] {dag.py:3340} INFO - Setting next_dagrun for example_short_circuit_operator to 2022-11-08T04:17:40.617747+00:00, run_after=2022-11-09T04:17:40.617747+00:00
[2022-11-09T04:17:40.644+0000] {processor.py:176} INFO - Processing /home/airflow/.local/lib/python3.7/site-packages/airflow/example_dags/example_short_circuit_operator.py took 0.141 seconds
[2022-11-09T04:18:10.697+0000] {processor.py:154} INFO - Started process (PID=32561) to work on /home/airflow/.local/lib/python3.7/site-packages/airflow/example_dags/example_short_circuit_operator.py
[2022-11-09T04:18:10.698+0000] {processor.py:756} INFO - Processing file /home/airflow/.local/lib/python3.7/site-packages/airflow/example_dags/example_short_circuit_operator.py for tasks to queue
[2022-11-09T04:18:10.698+0000] {logging_mixin.py:120} INFO - [2022-11-09T04:18:10.698+0000] {dagbag.py:537} INFO - Filling up the DagBag from /home/airflow/.local/lib/python3.7/site-packages/airflow/example_dags/example_short_circuit_operator.py
[2022-11-09T04:18:10.707+0000] {processor.py:766} INFO - DAG(s) dict_keys(['example_short_circuit_operator']) retrieved from /home/airflow/.local/lib/python3.7/site-packages/airflow/example_dags/example_short_circuit_operator.py
[2022-11-09T04:18:10.729+0000] {logging_mixin.py:120} INFO - [2022-11-09T04:18:10.729+0000] {dag.py:2585} INFO - Sync 1 DAGs
[2022-11-09T04:18:10.743+0000] {logging_mixin.py:120} INFO - [2022-11-09T04:18:10.743+0000] {dag.py:3340} INFO - Setting next_dagrun for example_short_circuit_operator to 2022-11-08T04:18:10.742964+00:00, run_after=2022-11-09T04:18:10.742964+00:00
[2022-11-09T04:18:10.753+0000] {processor.py:176} INFO - Processing /home/airflow/.local/lib/python3.7/site-packages/airflow/example_dags/example_short_circuit_operator.py took 0.057 seconds
[2022-11-09T04:18:41.719+0000] {processor.py:154} INFO - Started process (PID=32628) to work on /home/airflow/.local/lib/python3.7/site-packages/airflow/example_dags/example_short_circuit_operator.py
[2022-11-09T04:18:41.719+0000] {processor.py:756} INFO - Processing file /home/airflow/.local/lib/python3.7/site-packages/airflow/example_dags/example_short_circuit_operator.py for tasks to queue
[2022-11-09T04:18:41.720+0000] {logging_mixin.py:120} INFO - [2022-11-09T04:18:41.720+0000] {dagbag.py:537} INFO - Filling up the DagBag from /home/airflow/.local/lib/python3.7/site-packages/airflow/example_dags/example_short_circuit_operator.py
[2022-11-09T04:18:41.729+0000] {processor.py:766} INFO - DAG(s) dict_keys(['example_short_circuit_operator']) retrieved from /home/airflow/.local/lib/python3.7/site-packages/airflow/example_dags/example_short_circuit_operator.py
[2022-11-09T04:18:41.754+0000] {logging_mixin.py:120} INFO - [2022-11-09T04:18:41.754+0000] {dag.py:2585} INFO - Sync 1 DAGs
[2022-11-09T04:18:41.768+0000] {logging_mixin.py:120} INFO - [2022-11-09T04:18:41.768+0000] {dag.py:3340} INFO - Setting next_dagrun for example_short_circuit_operator to 2022-11-08T04:18:41.768213+00:00, run_after=2022-11-09T04:18:41.768213+00:00
[2022-11-09T04:18:41.779+0000] {processor.py:176} INFO - Processing /home/airflow/.local/lib/python3.7/site-packages/airflow/example_dags/example_short_circuit_operator.py took 0.062 seconds
[2022-11-09T04:19:12.830+0000] {processor.py:154} INFO - Started process (PID=32694) to work on /home/airflow/.local/lib/python3.7/site-packages/airflow/example_dags/example_short_circuit_operator.py
[2022-11-09T04:19:12.830+0000] {processor.py:756} INFO - Processing file /home/airflow/.local/lib/python3.7/site-packages/airflow/example_dags/example_short_circuit_operator.py for tasks to queue
[2022-11-09T04:19:12.831+0000] {logging_mixin.py:120} INFO - [2022-11-09T04:19:12.831+0000] {dagbag.py:537} INFO - Filling up the DagBag from /home/airflow/.local/lib/python3.7/site-packages/airflow/example_dags/example_short_circuit_operator.py
[2022-11-09T04:19:12.841+0000] {processor.py:766} INFO - DAG(s) dict_keys(['example_short_circuit_operator']) retrieved from /home/airflow/.local/lib/python3.7/site-packages/airflow/example_dags/example_short_circuit_operator.py
[2022-11-09T04:19:12.864+0000] {logging_mixin.py:120} INFO - [2022-11-09T04:19:12.864+0000] {dag.py:2585} INFO - Sync 1 DAGs
[2022-11-09T04:19:12.880+0000] {logging_mixin.py:120} INFO - [2022-11-09T04:19:12.879+0000] {dag.py:3340} INFO - Setting next_dagrun for example_short_circuit_operator to 2022-11-08T04:19:12.879785+00:00, run_after=2022-11-09T04:19:12.879785+00:00
[2022-11-09T04:19:12.891+0000] {processor.py:176} INFO - Processing /home/airflow/.local/lib/python3.7/site-packages/airflow/example_dags/example_short_circuit_operator.py took 0.064 seconds
[2022-11-09T04:19:43.726+0000] {processor.py:154} INFO - Started process (PID=32761) to work on /home/airflow/.local/lib/python3.7/site-packages/airflow/example_dags/example_short_circuit_operator.py
[2022-11-09T04:19:43.727+0000] {processor.py:756} INFO - Processing file /home/airflow/.local/lib/python3.7/site-packages/airflow/example_dags/example_short_circuit_operator.py for tasks to queue
[2022-11-09T04:19:43.728+0000] {logging_mixin.py:120} INFO - [2022-11-09T04:19:43.728+0000] {dagbag.py:537} INFO - Filling up the DagBag from /home/airflow/.local/lib/python3.7/site-packages/airflow/example_dags/example_short_circuit_operator.py
[2022-11-09T04:19:43.739+0000] {processor.py:766} INFO - DAG(s) dict_keys(['example_short_circuit_operator']) retrieved from /home/airflow/.local/lib/python3.7/site-packages/airflow/example_dags/example_short_circuit_operator.py
[2022-11-09T04:19:43.765+0000] {logging_mixin.py:120} INFO - [2022-11-09T04:19:43.764+0000] {dag.py:2585} INFO - Sync 1 DAGs
[2022-11-09T04:19:43.780+0000] {logging_mixin.py:120} INFO - [2022-11-09T04:19:43.779+0000] {dag.py:3340} INFO - Setting next_dagrun for example_short_circuit_operator to 2022-11-08T04:19:43.779815+00:00, run_after=2022-11-09T04:19:43.779815+00:00
[2022-11-09T04:19:43.791+0000] {processor.py:176} INFO - Processing /home/airflow/.local/lib/python3.7/site-packages/airflow/example_dags/example_short_circuit_operator.py took 0.067 seconds
