[2022-11-09T00:12:00.138+0000] {processor.py:154} INFO - Started process (PID=30697) to work on /home/airflow/.local/lib/python3.7/site-packages/airflow/example_dags/example_kubernetes_executor.py
[2022-11-09T00:12:00.139+0000] {processor.py:756} INFO - Processing file /home/airflow/.local/lib/python3.7/site-packages/airflow/example_dags/example_kubernetes_executor.py for tasks to queue
[2022-11-09T00:12:00.140+0000] {logging_mixin.py:120} INFO - [2022-11-09T00:12:00.140+0000] {dagbag.py:537} INFO - Filling up the DagBag from /home/airflow/.local/lib/python3.7/site-packages/airflow/example_dags/example_kubernetes_executor.py
[2022-11-09T00:12:00.163+0000] {processor.py:766} INFO - DAG(s) dict_keys(['example_kubernetes_executor']) retrieved from /home/airflow/.local/lib/python3.7/site-packages/airflow/example_dags/example_kubernetes_executor.py
[2022-11-09T00:12:00.203+0000] {logging_mixin.py:120} INFO - [2022-11-09T00:12:00.203+0000] {dag.py:2585} INFO - Sync 1 DAGs
[2022-11-09T00:12:00.223+0000] {logging_mixin.py:120} INFO - [2022-11-09T00:12:00.222+0000] {dag.py:3340} INFO - Setting next_dagrun for example_kubernetes_executor to None, run_after=None
[2022-11-09T00:12:00.249+0000] {processor.py:176} INFO - Processing /home/airflow/.local/lib/python3.7/site-packages/airflow/example_dags/example_kubernetes_executor.py took 0.116 seconds
[2022-11-09T00:27:33.694+0000] {processor.py:154} INFO - Started process (PID=30744) to work on /home/airflow/.local/lib/python3.7/site-packages/airflow/example_dags/example_kubernetes_executor.py
[2022-11-09T00:27:33.695+0000] {processor.py:756} INFO - Processing file /home/airflow/.local/lib/python3.7/site-packages/airflow/example_dags/example_kubernetes_executor.py for tasks to queue
[2022-11-09T00:27:33.695+0000] {logging_mixin.py:120} INFO - [2022-11-09T00:27:33.695+0000] {dagbag.py:537} INFO - Filling up the DagBag from /home/airflow/.local/lib/python3.7/site-packages/airflow/example_dags/example_kubernetes_executor.py
[2022-11-09T00:27:33.723+0000] {processor.py:766} INFO - DAG(s) dict_keys(['example_kubernetes_executor']) retrieved from /home/airflow/.local/lib/python3.7/site-packages/airflow/example_dags/example_kubernetes_executor.py
[2022-11-09T00:27:33.775+0000] {logging_mixin.py:120} INFO - [2022-11-09T00:27:33.775+0000] {dag.py:2585} INFO - Sync 1 DAGs
[2022-11-09T00:27:33.796+0000] {logging_mixin.py:120} INFO - [2022-11-09T00:27:33.796+0000] {dag.py:3340} INFO - Setting next_dagrun for example_kubernetes_executor to None, run_after=None
[2022-11-09T00:27:33.812+0000] {processor.py:176} INFO - Processing /home/airflow/.local/lib/python3.7/site-packages/airflow/example_dags/example_kubernetes_executor.py took 0.120 seconds
[2022-11-09T01:00:47.885+0000] {processor.py:154} INFO - Started process (PID=30794) to work on /home/airflow/.local/lib/python3.7/site-packages/airflow/example_dags/example_kubernetes_executor.py
[2022-11-09T01:00:47.886+0000] {processor.py:756} INFO - Processing file /home/airflow/.local/lib/python3.7/site-packages/airflow/example_dags/example_kubernetes_executor.py for tasks to queue
[2022-11-09T01:00:47.889+0000] {logging_mixin.py:120} INFO - [2022-11-09T01:00:47.888+0000] {dagbag.py:537} INFO - Filling up the DagBag from /home/airflow/.local/lib/python3.7/site-packages/airflow/example_dags/example_kubernetes_executor.py
[2022-11-09T01:00:47.922+0000] {processor.py:766} INFO - DAG(s) dict_keys(['example_kubernetes_executor']) retrieved from /home/airflow/.local/lib/python3.7/site-packages/airflow/example_dags/example_kubernetes_executor.py
[2022-11-09T01:00:47.974+0000] {logging_mixin.py:120} INFO - [2022-11-09T01:00:47.974+0000] {dag.py:2585} INFO - Sync 1 DAGs
[2022-11-09T01:00:48.000+0000] {logging_mixin.py:120} INFO - [2022-11-09T01:00:48.000+0000] {dag.py:3340} INFO - Setting next_dagrun for example_kubernetes_executor to None, run_after=None
[2022-11-09T01:00:48.012+0000] {processor.py:176} INFO - Processing /home/airflow/.local/lib/python3.7/site-packages/airflow/example_dags/example_kubernetes_executor.py took 0.130 seconds
[2022-11-09T01:34:43.338+0000] {processor.py:154} INFO - Started process (PID=30842) to work on /home/airflow/.local/lib/python3.7/site-packages/airflow/example_dags/example_kubernetes_executor.py
[2022-11-09T01:34:43.339+0000] {processor.py:756} INFO - Processing file /home/airflow/.local/lib/python3.7/site-packages/airflow/example_dags/example_kubernetes_executor.py for tasks to queue
[2022-11-09T01:34:43.339+0000] {logging_mixin.py:120} INFO - [2022-11-09T01:34:43.339+0000] {dagbag.py:537} INFO - Filling up the DagBag from /home/airflow/.local/lib/python3.7/site-packages/airflow/example_dags/example_kubernetes_executor.py
[2022-11-09T01:34:43.362+0000] {processor.py:766} INFO - DAG(s) dict_keys(['example_kubernetes_executor']) retrieved from /home/airflow/.local/lib/python3.7/site-packages/airflow/example_dags/example_kubernetes_executor.py
[2022-11-09T01:34:43.387+0000] {logging_mixin.py:120} INFO - [2022-11-09T01:34:43.387+0000] {dag.py:2585} INFO - Sync 1 DAGs
[2022-11-09T01:34:43.403+0000] {logging_mixin.py:120} INFO - [2022-11-09T01:34:43.403+0000] {dag.py:3340} INFO - Setting next_dagrun for example_kubernetes_executor to None, run_after=None
[2022-11-09T01:34:43.413+0000] {processor.py:176} INFO - Processing /home/airflow/.local/lib/python3.7/site-packages/airflow/example_dags/example_kubernetes_executor.py took 0.079 seconds
[2022-11-09T01:50:23.867+0000] {processor.py:154} INFO - Started process (PID=30889) to work on /home/airflow/.local/lib/python3.7/site-packages/airflow/example_dags/example_kubernetes_executor.py
[2022-11-09T01:50:23.876+0000] {processor.py:756} INFO - Processing file /home/airflow/.local/lib/python3.7/site-packages/airflow/example_dags/example_kubernetes_executor.py for tasks to queue
[2022-11-09T01:50:23.877+0000] {logging_mixin.py:120} INFO - [2022-11-09T01:50:23.877+0000] {dagbag.py:537} INFO - Filling up the DagBag from /home/airflow/.local/lib/python3.7/site-packages/airflow/example_dags/example_kubernetes_executor.py
[2022-11-09T01:50:23.905+0000] {processor.py:766} INFO - DAG(s) dict_keys(['example_kubernetes_executor']) retrieved from /home/airflow/.local/lib/python3.7/site-packages/airflow/example_dags/example_kubernetes_executor.py
[2022-11-09T01:50:23.950+0000] {logging_mixin.py:120} INFO - [2022-11-09T01:50:23.950+0000] {dag.py:2585} INFO - Sync 1 DAGs
[2022-11-09T01:50:23.972+0000] {logging_mixin.py:120} INFO - [2022-11-09T01:50:23.972+0000] {dag.py:3340} INFO - Setting next_dagrun for example_kubernetes_executor to None, run_after=None
[2022-11-09T01:50:23.998+0000] {processor.py:176} INFO - Processing /home/airflow/.local/lib/python3.7/site-packages/airflow/example_dags/example_kubernetes_executor.py took 0.133 seconds
[2022-11-09T01:55:23.009+0000] {processor.py:154} INFO - Started process (PID=30937) to work on /home/airflow/.local/lib/python3.7/site-packages/airflow/example_dags/example_kubernetes_executor.py
[2022-11-09T01:55:23.010+0000] {processor.py:756} INFO - Processing file /home/airflow/.local/lib/python3.7/site-packages/airflow/example_dags/example_kubernetes_executor.py for tasks to queue
[2022-11-09T01:55:23.011+0000] {logging_mixin.py:120} INFO - [2022-11-09T01:55:23.011+0000] {dagbag.py:537} INFO - Filling up the DagBag from /home/airflow/.local/lib/python3.7/site-packages/airflow/example_dags/example_kubernetes_executor.py
[2022-11-09T01:55:23.039+0000] {processor.py:766} INFO - DAG(s) dict_keys(['example_kubernetes_executor']) retrieved from /home/airflow/.local/lib/python3.7/site-packages/airflow/example_dags/example_kubernetes_executor.py
[2022-11-09T01:55:23.076+0000] {logging_mixin.py:120} INFO - [2022-11-09T01:55:23.076+0000] {dag.py:2585} INFO - Sync 1 DAGs
[2022-11-09T01:55:23.091+0000] {logging_mixin.py:120} INFO - [2022-11-09T01:55:23.091+0000] {dag.py:3340} INFO - Setting next_dagrun for example_kubernetes_executor to None, run_after=None
[2022-11-09T01:55:23.105+0000] {processor.py:176} INFO - Processing /home/airflow/.local/lib/python3.7/site-packages/airflow/example_dags/example_kubernetes_executor.py took 0.101 seconds
[2022-11-09T02:10:48.561+0000] {processor.py:154} INFO - Started process (PID=30984) to work on /home/airflow/.local/lib/python3.7/site-packages/airflow/example_dags/example_kubernetes_executor.py
[2022-11-09T02:10:48.562+0000] {processor.py:756} INFO - Processing file /home/airflow/.local/lib/python3.7/site-packages/airflow/example_dags/example_kubernetes_executor.py for tasks to queue
[2022-11-09T02:10:48.562+0000] {logging_mixin.py:120} INFO - [2022-11-09T02:10:48.562+0000] {dagbag.py:537} INFO - Filling up the DagBag from /home/airflow/.local/lib/python3.7/site-packages/airflow/example_dags/example_kubernetes_executor.py
[2022-11-09T02:10:48.581+0000] {processor.py:766} INFO - DAG(s) dict_keys(['example_kubernetes_executor']) retrieved from /home/airflow/.local/lib/python3.7/site-packages/airflow/example_dags/example_kubernetes_executor.py
[2022-11-09T02:10:48.615+0000] {logging_mixin.py:120} INFO - [2022-11-09T02:10:48.615+0000] {dag.py:2585} INFO - Sync 1 DAGs
[2022-11-09T02:10:48.633+0000] {logging_mixin.py:120} INFO - [2022-11-09T02:10:48.633+0000] {dag.py:3340} INFO - Setting next_dagrun for example_kubernetes_executor to None, run_after=None
[2022-11-09T02:10:48.647+0000] {processor.py:176} INFO - Processing /home/airflow/.local/lib/python3.7/site-packages/airflow/example_dags/example_kubernetes_executor.py took 0.087 seconds
[2022-11-09T02:26:22.829+0000] {processor.py:154} INFO - Started process (PID=31031) to work on /home/airflow/.local/lib/python3.7/site-packages/airflow/example_dags/example_kubernetes_executor.py
[2022-11-09T02:26:22.830+0000] {processor.py:756} INFO - Processing file /home/airflow/.local/lib/python3.7/site-packages/airflow/example_dags/example_kubernetes_executor.py for tasks to queue
[2022-11-09T02:26:22.830+0000] {logging_mixin.py:120} INFO - [2022-11-09T02:26:22.830+0000] {dagbag.py:537} INFO - Filling up the DagBag from /home/airflow/.local/lib/python3.7/site-packages/airflow/example_dags/example_kubernetes_executor.py
[2022-11-09T02:26:22.846+0000] {processor.py:766} INFO - DAG(s) dict_keys(['example_kubernetes_executor']) retrieved from /home/airflow/.local/lib/python3.7/site-packages/airflow/example_dags/example_kubernetes_executor.py
[2022-11-09T02:26:22.873+0000] {logging_mixin.py:120} INFO - [2022-11-09T02:26:22.873+0000] {dag.py:2585} INFO - Sync 1 DAGs
[2022-11-09T02:26:22.887+0000] {logging_mixin.py:120} INFO - [2022-11-09T02:26:22.887+0000] {dag.py:3340} INFO - Setting next_dagrun for example_kubernetes_executor to None, run_after=None
[2022-11-09T02:26:22.918+0000] {processor.py:176} INFO - Processing /home/airflow/.local/lib/python3.7/site-packages/airflow/example_dags/example_kubernetes_executor.py took 0.091 seconds
[2022-11-09T02:44:00.659+0000] {processor.py:154} INFO - Started process (PID=31079) to work on /home/airflow/.local/lib/python3.7/site-packages/airflow/example_dags/example_kubernetes_executor.py
[2022-11-09T02:44:00.660+0000] {processor.py:756} INFO - Processing file /home/airflow/.local/lib/python3.7/site-packages/airflow/example_dags/example_kubernetes_executor.py for tasks to queue
[2022-11-09T02:44:00.660+0000] {logging_mixin.py:120} INFO - [2022-11-09T02:44:00.660+0000] {dagbag.py:537} INFO - Filling up the DagBag from /home/airflow/.local/lib/python3.7/site-packages/airflow/example_dags/example_kubernetes_executor.py
[2022-11-09T02:44:00.678+0000] {processor.py:766} INFO - DAG(s) dict_keys(['example_kubernetes_executor']) retrieved from /home/airflow/.local/lib/python3.7/site-packages/airflow/example_dags/example_kubernetes_executor.py
[2022-11-09T02:44:00.707+0000] {logging_mixin.py:120} INFO - [2022-11-09T02:44:00.707+0000] {dag.py:2585} INFO - Sync 1 DAGs
[2022-11-09T02:44:00.737+0000] {logging_mixin.py:120} INFO - [2022-11-09T02:44:00.737+0000] {dag.py:3340} INFO - Setting next_dagrun for example_kubernetes_executor to None, run_after=None
[2022-11-09T02:44:00.762+0000] {processor.py:176} INFO - Processing /home/airflow/.local/lib/python3.7/site-packages/airflow/example_dags/example_kubernetes_executor.py took 0.105 seconds
[2022-11-09T03:01:02.543+0000] {processor.py:154} INFO - Started process (PID=31138) to work on /home/airflow/.local/lib/python3.7/site-packages/airflow/example_dags/example_kubernetes_executor.py
[2022-11-09T03:01:02.544+0000] {processor.py:756} INFO - Processing file /home/airflow/.local/lib/python3.7/site-packages/airflow/example_dags/example_kubernetes_executor.py for tasks to queue
[2022-11-09T03:01:02.544+0000] {logging_mixin.py:120} INFO - [2022-11-09T03:01:02.544+0000] {dagbag.py:537} INFO - Filling up the DagBag from /home/airflow/.local/lib/python3.7/site-packages/airflow/example_dags/example_kubernetes_executor.py
[2022-11-09T03:01:02.564+0000] {processor.py:766} INFO - DAG(s) dict_keys(['example_kubernetes_executor']) retrieved from /home/airflow/.local/lib/python3.7/site-packages/airflow/example_dags/example_kubernetes_executor.py
[2022-11-09T03:01:02.595+0000] {logging_mixin.py:120} INFO - [2022-11-09T03:01:02.595+0000] {dag.py:2585} INFO - Sync 1 DAGs
[2022-11-09T03:01:02.608+0000] {logging_mixin.py:120} INFO - [2022-11-09T03:01:02.608+0000] {dag.py:3340} INFO - Setting next_dagrun for example_kubernetes_executor to None, run_after=None
[2022-11-09T03:01:02.619+0000] {processor.py:176} INFO - Processing /home/airflow/.local/lib/python3.7/site-packages/airflow/example_dags/example_kubernetes_executor.py took 0.078 seconds
[2022-11-09T03:03:51.727+0000] {processor.py:154} INFO - Started process (PID=31203) to work on /home/airflow/.local/lib/python3.7/site-packages/airflow/example_dags/example_kubernetes_executor.py
[2022-11-09T03:03:51.728+0000] {processor.py:756} INFO - Processing file /home/airflow/.local/lib/python3.7/site-packages/airflow/example_dags/example_kubernetes_executor.py for tasks to queue
[2022-11-09T03:03:51.729+0000] {logging_mixin.py:120} INFO - [2022-11-09T03:03:51.729+0000] {dagbag.py:537} INFO - Filling up the DagBag from /home/airflow/.local/lib/python3.7/site-packages/airflow/example_dags/example_kubernetes_executor.py
[2022-11-09T03:03:51.744+0000] {processor.py:766} INFO - DAG(s) dict_keys(['example_kubernetes_executor']) retrieved from /home/airflow/.local/lib/python3.7/site-packages/airflow/example_dags/example_kubernetes_executor.py
[2022-11-09T03:03:51.768+0000] {logging_mixin.py:120} INFO - [2022-11-09T03:03:51.768+0000] {dag.py:2585} INFO - Sync 1 DAGs
[2022-11-09T03:03:51.782+0000] {logging_mixin.py:120} INFO - [2022-11-09T03:03:51.782+0000] {dag.py:3340} INFO - Setting next_dagrun for example_kubernetes_executor to None, run_after=None
[2022-11-09T03:03:51.795+0000] {processor.py:176} INFO - Processing /home/airflow/.local/lib/python3.7/site-packages/airflow/example_dags/example_kubernetes_executor.py took 0.069 seconds
[2022-11-09T03:19:27.755+0000] {processor.py:154} INFO - Started process (PID=31250) to work on /home/airflow/.local/lib/python3.7/site-packages/airflow/example_dags/example_kubernetes_executor.py
[2022-11-09T03:19:27.763+0000] {processor.py:756} INFO - Processing file /home/airflow/.local/lib/python3.7/site-packages/airflow/example_dags/example_kubernetes_executor.py for tasks to queue
[2022-11-09T03:19:27.763+0000] {logging_mixin.py:120} INFO - [2022-11-09T03:19:27.763+0000] {dagbag.py:537} INFO - Filling up the DagBag from /home/airflow/.local/lib/python3.7/site-packages/airflow/example_dags/example_kubernetes_executor.py
[2022-11-09T03:19:27.796+0000] {processor.py:766} INFO - DAG(s) dict_keys(['example_kubernetes_executor']) retrieved from /home/airflow/.local/lib/python3.7/site-packages/airflow/example_dags/example_kubernetes_executor.py
[2022-11-09T03:19:27.845+0000] {logging_mixin.py:120} INFO - [2022-11-09T03:19:27.845+0000] {dag.py:2585} INFO - Sync 1 DAGs
[2022-11-09T03:19:27.861+0000] {logging_mixin.py:120} INFO - [2022-11-09T03:19:27.861+0000] {dag.py:3340} INFO - Setting next_dagrun for example_kubernetes_executor to None, run_after=None
[2022-11-09T03:19:27.879+0000] {processor.py:176} INFO - Processing /home/airflow/.local/lib/python3.7/site-packages/airflow/example_dags/example_kubernetes_executor.py took 0.126 seconds
[2022-11-09T03:35:51.444+0000] {processor.py:154} INFO - Started process (PID=31308) to work on /home/airflow/.local/lib/python3.7/site-packages/airflow/example_dags/example_kubernetes_executor.py
[2022-11-09T03:35:51.447+0000] {processor.py:756} INFO - Processing file /home/airflow/.local/lib/python3.7/site-packages/airflow/example_dags/example_kubernetes_executor.py for tasks to queue
[2022-11-09T03:35:51.448+0000] {logging_mixin.py:120} INFO - [2022-11-09T03:35:51.448+0000] {dagbag.py:537} INFO - Filling up the DagBag from /home/airflow/.local/lib/python3.7/site-packages/airflow/example_dags/example_kubernetes_executor.py
[2022-11-09T03:35:51.485+0000] {processor.py:766} INFO - DAG(s) dict_keys(['example_kubernetes_executor']) retrieved from /home/airflow/.local/lib/python3.7/site-packages/airflow/example_dags/example_kubernetes_executor.py
[2022-11-09T03:35:51.508+0000] {logging_mixin.py:120} INFO - [2022-11-09T03:35:51.507+0000] {dag.py:2585} INFO - Sync 1 DAGs
[2022-11-09T03:35:51.521+0000] {logging_mixin.py:120} INFO - [2022-11-09T03:35:51.521+0000] {dag.py:3340} INFO - Setting next_dagrun for example_kubernetes_executor to None, run_after=None
[2022-11-09T03:35:51.535+0000] {processor.py:176} INFO - Processing /home/airflow/.local/lib/python3.7/site-packages/airflow/example_dags/example_kubernetes_executor.py took 0.094 seconds
[2022-11-09T03:58:27.286+0000] {processor.py:154} INFO - Started process (PID=31355) to work on /home/airflow/.local/lib/python3.7/site-packages/airflow/example_dags/example_kubernetes_executor.py
[2022-11-09T03:58:27.287+0000] {processor.py:756} INFO - Processing file /home/airflow/.local/lib/python3.7/site-packages/airflow/example_dags/example_kubernetes_executor.py for tasks to queue
[2022-11-09T03:58:27.288+0000] {logging_mixin.py:120} INFO - [2022-11-09T03:58:27.288+0000] {dagbag.py:537} INFO - Filling up the DagBag from /home/airflow/.local/lib/python3.7/site-packages/airflow/example_dags/example_kubernetes_executor.py
[2022-11-09T03:58:27.320+0000] {processor.py:766} INFO - DAG(s) dict_keys(['example_kubernetes_executor']) retrieved from /home/airflow/.local/lib/python3.7/site-packages/airflow/example_dags/example_kubernetes_executor.py
[2022-11-09T03:58:27.352+0000] {logging_mixin.py:120} INFO - [2022-11-09T03:58:27.352+0000] {dag.py:2585} INFO - Sync 1 DAGs
[2022-11-09T03:58:27.370+0000] {logging_mixin.py:120} INFO - [2022-11-09T03:58:27.370+0000] {dag.py:3340} INFO - Setting next_dagrun for example_kubernetes_executor to None, run_after=None
[2022-11-09T03:58:27.383+0000] {processor.py:176} INFO - Processing /home/airflow/.local/lib/python3.7/site-packages/airflow/example_dags/example_kubernetes_executor.py took 0.104 seconds
[2022-11-09T03:58:57.565+0000] {processor.py:154} INFO - Started process (PID=31425) to work on /home/airflow/.local/lib/python3.7/site-packages/airflow/example_dags/example_kubernetes_executor.py
[2022-11-09T03:58:57.565+0000] {processor.py:756} INFO - Processing file /home/airflow/.local/lib/python3.7/site-packages/airflow/example_dags/example_kubernetes_executor.py for tasks to queue
[2022-11-09T03:58:57.567+0000] {logging_mixin.py:120} INFO - [2022-11-09T03:58:57.567+0000] {dagbag.py:537} INFO - Filling up the DagBag from /home/airflow/.local/lib/python3.7/site-packages/airflow/example_dags/example_kubernetes_executor.py
[2022-11-09T03:58:57.584+0000] {processor.py:766} INFO - DAG(s) dict_keys(['example_kubernetes_executor']) retrieved from /home/airflow/.local/lib/python3.7/site-packages/airflow/example_dags/example_kubernetes_executor.py
[2022-11-09T03:58:57.612+0000] {logging_mixin.py:120} INFO - [2022-11-09T03:58:57.612+0000] {dag.py:2585} INFO - Sync 1 DAGs
[2022-11-09T03:58:57.627+0000] {logging_mixin.py:120} INFO - [2022-11-09T03:58:57.627+0000] {dag.py:3340} INFO - Setting next_dagrun for example_kubernetes_executor to None, run_after=None
[2022-11-09T03:58:57.639+0000] {processor.py:176} INFO - Processing /home/airflow/.local/lib/python3.7/site-packages/airflow/example_dags/example_kubernetes_executor.py took 0.076 seconds
[2022-11-09T03:59:28.579+0000] {processor.py:154} INFO - Started process (PID=31497) to work on /home/airflow/.local/lib/python3.7/site-packages/airflow/example_dags/example_kubernetes_executor.py
[2022-11-09T03:59:28.580+0000] {processor.py:756} INFO - Processing file /home/airflow/.local/lib/python3.7/site-packages/airflow/example_dags/example_kubernetes_executor.py for tasks to queue
[2022-11-09T03:59:28.580+0000] {logging_mixin.py:120} INFO - [2022-11-09T03:59:28.580+0000] {dagbag.py:537} INFO - Filling up the DagBag from /home/airflow/.local/lib/python3.7/site-packages/airflow/example_dags/example_kubernetes_executor.py
[2022-11-09T03:59:28.595+0000] {processor.py:766} INFO - DAG(s) dict_keys(['example_kubernetes_executor']) retrieved from /home/airflow/.local/lib/python3.7/site-packages/airflow/example_dags/example_kubernetes_executor.py
[2022-11-09T03:59:28.616+0000] {logging_mixin.py:120} INFO - [2022-11-09T03:59:28.616+0000] {dag.py:2585} INFO - Sync 1 DAGs
[2022-11-09T03:59:28.629+0000] {logging_mixin.py:120} INFO - [2022-11-09T03:59:28.629+0000] {dag.py:3340} INFO - Setting next_dagrun for example_kubernetes_executor to None, run_after=None
[2022-11-09T03:59:28.639+0000] {processor.py:176} INFO - Processing /home/airflow/.local/lib/python3.7/site-packages/airflow/example_dags/example_kubernetes_executor.py took 0.062 seconds
[2022-11-09T03:59:59.424+0000] {processor.py:154} INFO - Started process (PID=31554) to work on /home/airflow/.local/lib/python3.7/site-packages/airflow/example_dags/example_kubernetes_executor.py
[2022-11-09T03:59:59.425+0000] {processor.py:756} INFO - Processing file /home/airflow/.local/lib/python3.7/site-packages/airflow/example_dags/example_kubernetes_executor.py for tasks to queue
[2022-11-09T03:59:59.425+0000] {logging_mixin.py:120} INFO - [2022-11-09T03:59:59.425+0000] {dagbag.py:537} INFO - Filling up the DagBag from /home/airflow/.local/lib/python3.7/site-packages/airflow/example_dags/example_kubernetes_executor.py
[2022-11-09T03:59:59.443+0000] {processor.py:766} INFO - DAG(s) dict_keys(['example_kubernetes_executor']) retrieved from /home/airflow/.local/lib/python3.7/site-packages/airflow/example_dags/example_kubernetes_executor.py
[2022-11-09T03:59:59.466+0000] {logging_mixin.py:120} INFO - [2022-11-09T03:59:59.466+0000] {dag.py:2585} INFO - Sync 1 DAGs
[2022-11-09T03:59:59.479+0000] {logging_mixin.py:120} INFO - [2022-11-09T03:59:59.479+0000] {dag.py:3340} INFO - Setting next_dagrun for example_kubernetes_executor to None, run_after=None
[2022-11-09T03:59:59.491+0000] {processor.py:176} INFO - Processing /home/airflow/.local/lib/python3.7/site-packages/airflow/example_dags/example_kubernetes_executor.py took 0.068 seconds
[2022-11-09T04:00:30.283+0000] {processor.py:154} INFO - Started process (PID=31620) to work on /home/airflow/.local/lib/python3.7/site-packages/airflow/example_dags/example_kubernetes_executor.py
[2022-11-09T04:00:30.284+0000] {processor.py:756} INFO - Processing file /home/airflow/.local/lib/python3.7/site-packages/airflow/example_dags/example_kubernetes_executor.py for tasks to queue
[2022-11-09T04:00:30.284+0000] {logging_mixin.py:120} INFO - [2022-11-09T04:00:30.284+0000] {dagbag.py:537} INFO - Filling up the DagBag from /home/airflow/.local/lib/python3.7/site-packages/airflow/example_dags/example_kubernetes_executor.py
[2022-11-09T04:00:30.300+0000] {processor.py:766} INFO - DAG(s) dict_keys(['example_kubernetes_executor']) retrieved from /home/airflow/.local/lib/python3.7/site-packages/airflow/example_dags/example_kubernetes_executor.py
[2022-11-09T04:00:30.324+0000] {logging_mixin.py:120} INFO - [2022-11-09T04:00:30.324+0000] {dag.py:2585} INFO - Sync 1 DAGs
[2022-11-09T04:00:30.338+0000] {logging_mixin.py:120} INFO - [2022-11-09T04:00:30.338+0000] {dag.py:3340} INFO - Setting next_dagrun for example_kubernetes_executor to None, run_after=None
[2022-11-09T04:00:30.352+0000] {processor.py:176} INFO - Processing /home/airflow/.local/lib/python3.7/site-packages/airflow/example_dags/example_kubernetes_executor.py took 0.071 seconds
[2022-11-09T04:01:01.415+0000] {processor.py:154} INFO - Started process (PID=31685) to work on /home/airflow/.local/lib/python3.7/site-packages/airflow/example_dags/example_kubernetes_executor.py
[2022-11-09T04:01:01.415+0000] {processor.py:756} INFO - Processing file /home/airflow/.local/lib/python3.7/site-packages/airflow/example_dags/example_kubernetes_executor.py for tasks to queue
[2022-11-09T04:01:01.416+0000] {logging_mixin.py:120} INFO - [2022-11-09T04:01:01.416+0000] {dagbag.py:537} INFO - Filling up the DagBag from /home/airflow/.local/lib/python3.7/site-packages/airflow/example_dags/example_kubernetes_executor.py
[2022-11-09T04:01:01.432+0000] {processor.py:766} INFO - DAG(s) dict_keys(['example_kubernetes_executor']) retrieved from /home/airflow/.local/lib/python3.7/site-packages/airflow/example_dags/example_kubernetes_executor.py
[2022-11-09T04:01:01.458+0000] {logging_mixin.py:120} INFO - [2022-11-09T04:01:01.458+0000] {dag.py:2585} INFO - Sync 1 DAGs
[2022-11-09T04:01:01.475+0000] {logging_mixin.py:120} INFO - [2022-11-09T04:01:01.475+0000] {dag.py:3340} INFO - Setting next_dagrun for example_kubernetes_executor to None, run_after=None
[2022-11-09T04:01:01.490+0000] {processor.py:176} INFO - Processing /home/airflow/.local/lib/python3.7/site-packages/airflow/example_dags/example_kubernetes_executor.py took 0.077 seconds
[2022-11-09T04:01:31.636+0000] {processor.py:154} INFO - Started process (PID=31751) to work on /home/airflow/.local/lib/python3.7/site-packages/airflow/example_dags/example_kubernetes_executor.py
[2022-11-09T04:01:31.636+0000] {processor.py:756} INFO - Processing file /home/airflow/.local/lib/python3.7/site-packages/airflow/example_dags/example_kubernetes_executor.py for tasks to queue
[2022-11-09T04:01:31.637+0000] {logging_mixin.py:120} INFO - [2022-11-09T04:01:31.637+0000] {dagbag.py:537} INFO - Filling up the DagBag from /home/airflow/.local/lib/python3.7/site-packages/airflow/example_dags/example_kubernetes_executor.py
[2022-11-09T04:01:31.651+0000] {processor.py:766} INFO - DAG(s) dict_keys(['example_kubernetes_executor']) retrieved from /home/airflow/.local/lib/python3.7/site-packages/airflow/example_dags/example_kubernetes_executor.py
[2022-11-09T04:01:31.674+0000] {logging_mixin.py:120} INFO - [2022-11-09T04:01:31.674+0000] {dag.py:2585} INFO - Sync 1 DAGs
[2022-11-09T04:01:31.687+0000] {logging_mixin.py:120} INFO - [2022-11-09T04:01:31.687+0000] {dag.py:3340} INFO - Setting next_dagrun for example_kubernetes_executor to None, run_after=None
[2022-11-09T04:01:31.700+0000] {processor.py:176} INFO - Processing /home/airflow/.local/lib/python3.7/site-packages/airflow/example_dags/example_kubernetes_executor.py took 0.066 seconds
[2022-11-09T04:02:01.789+0000] {processor.py:154} INFO - Started process (PID=31821) to work on /home/airflow/.local/lib/python3.7/site-packages/airflow/example_dags/example_kubernetes_executor.py
[2022-11-09T04:02:01.789+0000] {processor.py:756} INFO - Processing file /home/airflow/.local/lib/python3.7/site-packages/airflow/example_dags/example_kubernetes_executor.py for tasks to queue
[2022-11-09T04:02:01.790+0000] {logging_mixin.py:120} INFO - [2022-11-09T04:02:01.790+0000] {dagbag.py:537} INFO - Filling up the DagBag from /home/airflow/.local/lib/python3.7/site-packages/airflow/example_dags/example_kubernetes_executor.py
[2022-11-09T04:02:01.805+0000] {processor.py:766} INFO - DAG(s) dict_keys(['example_kubernetes_executor']) retrieved from /home/airflow/.local/lib/python3.7/site-packages/airflow/example_dags/example_kubernetes_executor.py
[2022-11-09T04:02:01.827+0000] {logging_mixin.py:120} INFO - [2022-11-09T04:02:01.827+0000] {dag.py:2585} INFO - Sync 1 DAGs
[2022-11-09T04:02:01.839+0000] {logging_mixin.py:120} INFO - [2022-11-09T04:02:01.839+0000] {dag.py:3340} INFO - Setting next_dagrun for example_kubernetes_executor to None, run_after=None
[2022-11-09T04:02:01.851+0000] {processor.py:176} INFO - Processing /home/airflow/.local/lib/python3.7/site-packages/airflow/example_dags/example_kubernetes_executor.py took 0.064 seconds
[2022-11-09T04:02:31.950+0000] {processor.py:154} INFO - Started process (PID=31889) to work on /home/airflow/.local/lib/python3.7/site-packages/airflow/example_dags/example_kubernetes_executor.py
[2022-11-09T04:02:31.950+0000] {processor.py:756} INFO - Processing file /home/airflow/.local/lib/python3.7/site-packages/airflow/example_dags/example_kubernetes_executor.py for tasks to queue
[2022-11-09T04:02:31.951+0000] {logging_mixin.py:120} INFO - [2022-11-09T04:02:31.951+0000] {dagbag.py:537} INFO - Filling up the DagBag from /home/airflow/.local/lib/python3.7/site-packages/airflow/example_dags/example_kubernetes_executor.py
[2022-11-09T04:02:31.968+0000] {processor.py:766} INFO - DAG(s) dict_keys(['example_kubernetes_executor']) retrieved from /home/airflow/.local/lib/python3.7/site-packages/airflow/example_dags/example_kubernetes_executor.py
[2022-11-09T04:02:31.993+0000] {logging_mixin.py:120} INFO - [2022-11-09T04:02:31.993+0000] {dag.py:2585} INFO - Sync 1 DAGs
[2022-11-09T04:02:32.007+0000] {logging_mixin.py:120} INFO - [2022-11-09T04:02:32.007+0000] {dag.py:3340} INFO - Setting next_dagrun for example_kubernetes_executor to None, run_after=None
[2022-11-09T04:02:32.019+0000] {processor.py:176} INFO - Processing /home/airflow/.local/lib/python3.7/site-packages/airflow/example_dags/example_kubernetes_executor.py took 0.071 seconds
[2022-11-09T04:03:03.027+0000] {processor.py:154} INFO - Started process (PID=31954) to work on /home/airflow/.local/lib/python3.7/site-packages/airflow/example_dags/example_kubernetes_executor.py
[2022-11-09T04:03:03.027+0000] {processor.py:756} INFO - Processing file /home/airflow/.local/lib/python3.7/site-packages/airflow/example_dags/example_kubernetes_executor.py for tasks to queue
[2022-11-09T04:03:03.028+0000] {logging_mixin.py:120} INFO - [2022-11-09T04:03:03.028+0000] {dagbag.py:537} INFO - Filling up the DagBag from /home/airflow/.local/lib/python3.7/site-packages/airflow/example_dags/example_kubernetes_executor.py
[2022-11-09T04:03:03.043+0000] {processor.py:766} INFO - DAG(s) dict_keys(['example_kubernetes_executor']) retrieved from /home/airflow/.local/lib/python3.7/site-packages/airflow/example_dags/example_kubernetes_executor.py
[2022-11-09T04:03:03.066+0000] {logging_mixin.py:120} INFO - [2022-11-09T04:03:03.066+0000] {dag.py:2585} INFO - Sync 1 DAGs
[2022-11-09T04:03:03.079+0000] {logging_mixin.py:120} INFO - [2022-11-09T04:03:03.079+0000] {dag.py:3340} INFO - Setting next_dagrun for example_kubernetes_executor to None, run_after=None
[2022-11-09T04:03:03.090+0000] {processor.py:176} INFO - Processing /home/airflow/.local/lib/python3.7/site-packages/airflow/example_dags/example_kubernetes_executor.py took 0.065 seconds
[2022-11-09T04:03:33.248+0000] {processor.py:154} INFO - Started process (PID=32010) to work on /home/airflow/.local/lib/python3.7/site-packages/airflow/example_dags/example_kubernetes_executor.py
[2022-11-09T04:03:33.249+0000] {processor.py:756} INFO - Processing file /home/airflow/.local/lib/python3.7/site-packages/airflow/example_dags/example_kubernetes_executor.py for tasks to queue
[2022-11-09T04:03:33.249+0000] {logging_mixin.py:120} INFO - [2022-11-09T04:03:33.249+0000] {dagbag.py:537} INFO - Filling up the DagBag from /home/airflow/.local/lib/python3.7/site-packages/airflow/example_dags/example_kubernetes_executor.py
[2022-11-09T04:03:33.265+0000] {processor.py:766} INFO - DAG(s) dict_keys(['example_kubernetes_executor']) retrieved from /home/airflow/.local/lib/python3.7/site-packages/airflow/example_dags/example_kubernetes_executor.py
[2022-11-09T04:03:33.289+0000] {logging_mixin.py:120} INFO - [2022-11-09T04:03:33.289+0000] {dag.py:2585} INFO - Sync 1 DAGs
[2022-11-09T04:03:33.302+0000] {logging_mixin.py:120} INFO - [2022-11-09T04:03:33.302+0000] {dag.py:3340} INFO - Setting next_dagrun for example_kubernetes_executor to None, run_after=None
[2022-11-09T04:03:33.312+0000] {processor.py:176} INFO - Processing /home/airflow/.local/lib/python3.7/site-packages/airflow/example_dags/example_kubernetes_executor.py took 0.066 seconds
[2022-11-09T04:04:04.323+0000] {processor.py:154} INFO - Started process (PID=32079) to work on /home/airflow/.local/lib/python3.7/site-packages/airflow/example_dags/example_kubernetes_executor.py
[2022-11-09T04:04:04.324+0000] {processor.py:756} INFO - Processing file /home/airflow/.local/lib/python3.7/site-packages/airflow/example_dags/example_kubernetes_executor.py for tasks to queue
[2022-11-09T04:04:04.325+0000] {logging_mixin.py:120} INFO - [2022-11-09T04:04:04.325+0000] {dagbag.py:537} INFO - Filling up the DagBag from /home/airflow/.local/lib/python3.7/site-packages/airflow/example_dags/example_kubernetes_executor.py
[2022-11-09T04:04:04.341+0000] {processor.py:766} INFO - DAG(s) dict_keys(['example_kubernetes_executor']) retrieved from /home/airflow/.local/lib/python3.7/site-packages/airflow/example_dags/example_kubernetes_executor.py
[2022-11-09T04:04:04.365+0000] {logging_mixin.py:120} INFO - [2022-11-09T04:04:04.365+0000] {dag.py:2585} INFO - Sync 1 DAGs
[2022-11-09T04:04:04.380+0000] {logging_mixin.py:120} INFO - [2022-11-09T04:04:04.380+0000] {dag.py:3340} INFO - Setting next_dagrun for example_kubernetes_executor to None, run_after=None
[2022-11-09T04:04:04.390+0000] {processor.py:176} INFO - Processing /home/airflow/.local/lib/python3.7/site-packages/airflow/example_dags/example_kubernetes_executor.py took 0.069 seconds
[2022-11-09T04:04:35.428+0000] {processor.py:154} INFO - Started process (PID=32150) to work on /home/airflow/.local/lib/python3.7/site-packages/airflow/example_dags/example_kubernetes_executor.py
[2022-11-09T04:04:35.429+0000] {processor.py:756} INFO - Processing file /home/airflow/.local/lib/python3.7/site-packages/airflow/example_dags/example_kubernetes_executor.py for tasks to queue
[2022-11-09T04:04:35.430+0000] {logging_mixin.py:120} INFO - [2022-11-09T04:04:35.430+0000] {dagbag.py:537} INFO - Filling up the DagBag from /home/airflow/.local/lib/python3.7/site-packages/airflow/example_dags/example_kubernetes_executor.py
[2022-11-09T04:04:35.448+0000] {processor.py:766} INFO - DAG(s) dict_keys(['example_kubernetes_executor']) retrieved from /home/airflow/.local/lib/python3.7/site-packages/airflow/example_dags/example_kubernetes_executor.py
[2022-11-09T04:04:35.521+0000] {logging_mixin.py:120} INFO - [2022-11-09T04:04:35.520+0000] {dag.py:2585} INFO - Sync 1 DAGs
[2022-11-09T04:04:35.537+0000] {logging_mixin.py:120} INFO - [2022-11-09T04:04:35.537+0000] {dag.py:3340} INFO - Setting next_dagrun for example_kubernetes_executor to None, run_after=None
[2022-11-09T04:04:35.552+0000] {processor.py:176} INFO - Processing /home/airflow/.local/lib/python3.7/site-packages/airflow/example_dags/example_kubernetes_executor.py took 0.126 seconds
[2022-11-09T04:05:06.477+0000] {processor.py:154} INFO - Started process (PID=32217) to work on /home/airflow/.local/lib/python3.7/site-packages/airflow/example_dags/example_kubernetes_executor.py
[2022-11-09T04:05:06.477+0000] {processor.py:756} INFO - Processing file /home/airflow/.local/lib/python3.7/site-packages/airflow/example_dags/example_kubernetes_executor.py for tasks to queue
[2022-11-09T04:05:06.478+0000] {logging_mixin.py:120} INFO - [2022-11-09T04:05:06.478+0000] {dagbag.py:537} INFO - Filling up the DagBag from /home/airflow/.local/lib/python3.7/site-packages/airflow/example_dags/example_kubernetes_executor.py
[2022-11-09T04:05:06.493+0000] {processor.py:766} INFO - DAG(s) dict_keys(['example_kubernetes_executor']) retrieved from /home/airflow/.local/lib/python3.7/site-packages/airflow/example_dags/example_kubernetes_executor.py
[2022-11-09T04:05:06.515+0000] {logging_mixin.py:120} INFO - [2022-11-09T04:05:06.515+0000] {dag.py:2585} INFO - Sync 1 DAGs
[2022-11-09T04:05:06.528+0000] {logging_mixin.py:120} INFO - [2022-11-09T04:05:06.528+0000] {dag.py:3340} INFO - Setting next_dagrun for example_kubernetes_executor to None, run_after=None
[2022-11-09T04:05:06.556+0000] {processor.py:176} INFO - Processing /home/airflow/.local/lib/python3.7/site-packages/airflow/example_dags/example_kubernetes_executor.py took 0.081 seconds
[2022-11-09T04:05:37.343+0000] {processor.py:154} INFO - Started process (PID=32282) to work on /home/airflow/.local/lib/python3.7/site-packages/airflow/example_dags/example_kubernetes_executor.py
[2022-11-09T04:05:37.343+0000] {processor.py:756} INFO - Processing file /home/airflow/.local/lib/python3.7/site-packages/airflow/example_dags/example_kubernetes_executor.py for tasks to queue
[2022-11-09T04:05:37.344+0000] {logging_mixin.py:120} INFO - [2022-11-09T04:05:37.344+0000] {dagbag.py:537} INFO - Filling up the DagBag from /home/airflow/.local/lib/python3.7/site-packages/airflow/example_dags/example_kubernetes_executor.py
[2022-11-09T04:05:37.358+0000] {processor.py:766} INFO - DAG(s) dict_keys(['example_kubernetes_executor']) retrieved from /home/airflow/.local/lib/python3.7/site-packages/airflow/example_dags/example_kubernetes_executor.py
[2022-11-09T04:05:37.382+0000] {logging_mixin.py:120} INFO - [2022-11-09T04:05:37.382+0000] {dag.py:2585} INFO - Sync 1 DAGs
[2022-11-09T04:05:37.395+0000] {logging_mixin.py:120} INFO - [2022-11-09T04:05:37.395+0000] {dag.py:3340} INFO - Setting next_dagrun for example_kubernetes_executor to None, run_after=None
[2022-11-09T04:05:37.406+0000] {processor.py:176} INFO - Processing /home/airflow/.local/lib/python3.7/site-packages/airflow/example_dags/example_kubernetes_executor.py took 0.064 seconds
[2022-11-09T04:06:08.138+0000] {processor.py:154} INFO - Started process (PID=32347) to work on /home/airflow/.local/lib/python3.7/site-packages/airflow/example_dags/example_kubernetes_executor.py
[2022-11-09T04:06:08.139+0000] {processor.py:756} INFO - Processing file /home/airflow/.local/lib/python3.7/site-packages/airflow/example_dags/example_kubernetes_executor.py for tasks to queue
[2022-11-09T04:06:08.139+0000] {logging_mixin.py:120} INFO - [2022-11-09T04:06:08.139+0000] {dagbag.py:537} INFO - Filling up the DagBag from /home/airflow/.local/lib/python3.7/site-packages/airflow/example_dags/example_kubernetes_executor.py
[2022-11-09T04:06:08.154+0000] {processor.py:766} INFO - DAG(s) dict_keys(['example_kubernetes_executor']) retrieved from /home/airflow/.local/lib/python3.7/site-packages/airflow/example_dags/example_kubernetes_executor.py
[2022-11-09T04:06:08.178+0000] {logging_mixin.py:120} INFO - [2022-11-09T04:06:08.178+0000] {dag.py:2585} INFO - Sync 1 DAGs
[2022-11-09T04:06:08.193+0000] {logging_mixin.py:120} INFO - [2022-11-09T04:06:08.193+0000] {dag.py:3340} INFO - Setting next_dagrun for example_kubernetes_executor to None, run_after=None
[2022-11-09T04:06:08.205+0000] {processor.py:176} INFO - Processing /home/airflow/.local/lib/python3.7/site-packages/airflow/example_dags/example_kubernetes_executor.py took 0.068 seconds
[2022-11-09T04:06:39.070+0000] {processor.py:154} INFO - Started process (PID=32416) to work on /home/airflow/.local/lib/python3.7/site-packages/airflow/example_dags/example_kubernetes_executor.py
[2022-11-09T04:06:39.070+0000] {processor.py:756} INFO - Processing file /home/airflow/.local/lib/python3.7/site-packages/airflow/example_dags/example_kubernetes_executor.py for tasks to queue
[2022-11-09T04:06:39.071+0000] {logging_mixin.py:120} INFO - [2022-11-09T04:06:39.071+0000] {dagbag.py:537} INFO - Filling up the DagBag from /home/airflow/.local/lib/python3.7/site-packages/airflow/example_dags/example_kubernetes_executor.py
[2022-11-09T04:06:39.087+0000] {processor.py:766} INFO - DAG(s) dict_keys(['example_kubernetes_executor']) retrieved from /home/airflow/.local/lib/python3.7/site-packages/airflow/example_dags/example_kubernetes_executor.py
[2022-11-09T04:06:39.109+0000] {logging_mixin.py:120} INFO - [2022-11-09T04:06:39.109+0000] {dag.py:2585} INFO - Sync 1 DAGs
[2022-11-09T04:06:39.124+0000] {logging_mixin.py:120} INFO - [2022-11-09T04:06:39.124+0000] {dag.py:3340} INFO - Setting next_dagrun for example_kubernetes_executor to None, run_after=None
[2022-11-09T04:06:39.135+0000] {processor.py:176} INFO - Processing /home/airflow/.local/lib/python3.7/site-packages/airflow/example_dags/example_kubernetes_executor.py took 0.067 seconds
[2022-11-09T04:17:38.835+0000] {processor.py:154} INFO - Started process (PID=32475) to work on /home/airflow/.local/lib/python3.7/site-packages/airflow/example_dags/example_kubernetes_executor.py
[2022-11-09T04:17:38.839+0000] {processor.py:756} INFO - Processing file /home/airflow/.local/lib/python3.7/site-packages/airflow/example_dags/example_kubernetes_executor.py for tasks to queue
[2022-11-09T04:17:38.840+0000] {logging_mixin.py:120} INFO - [2022-11-09T04:17:38.840+0000] {dagbag.py:537} INFO - Filling up the DagBag from /home/airflow/.local/lib/python3.7/site-packages/airflow/example_dags/example_kubernetes_executor.py
[2022-11-09T04:17:38.875+0000] {processor.py:766} INFO - DAG(s) dict_keys(['example_kubernetes_executor']) retrieved from /home/airflow/.local/lib/python3.7/site-packages/airflow/example_dags/example_kubernetes_executor.py
[2022-11-09T04:17:38.956+0000] {logging_mixin.py:120} INFO - [2022-11-09T04:17:38.956+0000] {dag.py:2585} INFO - Sync 1 DAGs
[2022-11-09T04:17:38.977+0000] {logging_mixin.py:120} INFO - [2022-11-09T04:17:38.977+0000] {dag.py:3340} INFO - Setting next_dagrun for example_kubernetes_executor to None, run_after=None
[2022-11-09T04:17:38.991+0000] {processor.py:176} INFO - Processing /home/airflow/.local/lib/python3.7/site-packages/airflow/example_dags/example_kubernetes_executor.py took 0.162 seconds
[2022-11-09T04:18:09.770+0000] {processor.py:154} INFO - Started process (PID=32542) to work on /home/airflow/.local/lib/python3.7/site-packages/airflow/example_dags/example_kubernetes_executor.py
[2022-11-09T04:18:09.771+0000] {processor.py:756} INFO - Processing file /home/airflow/.local/lib/python3.7/site-packages/airflow/example_dags/example_kubernetes_executor.py for tasks to queue
[2022-11-09T04:18:09.772+0000] {logging_mixin.py:120} INFO - [2022-11-09T04:18:09.772+0000] {dagbag.py:537} INFO - Filling up the DagBag from /home/airflow/.local/lib/python3.7/site-packages/airflow/example_dags/example_kubernetes_executor.py
[2022-11-09T04:18:09.788+0000] {processor.py:766} INFO - DAG(s) dict_keys(['example_kubernetes_executor']) retrieved from /home/airflow/.local/lib/python3.7/site-packages/airflow/example_dags/example_kubernetes_executor.py
[2022-11-09T04:18:09.810+0000] {logging_mixin.py:120} INFO - [2022-11-09T04:18:09.810+0000] {dag.py:2585} INFO - Sync 1 DAGs
[2022-11-09T04:18:09.822+0000] {logging_mixin.py:120} INFO - [2022-11-09T04:18:09.822+0000] {dag.py:3340} INFO - Setting next_dagrun for example_kubernetes_executor to None, run_after=None
[2022-11-09T04:18:09.831+0000] {processor.py:176} INFO - Processing /home/airflow/.local/lib/python3.7/site-packages/airflow/example_dags/example_kubernetes_executor.py took 0.063 seconds
[2022-11-09T04:18:39.850+0000] {processor.py:154} INFO - Started process (PID=32609) to work on /home/airflow/.local/lib/python3.7/site-packages/airflow/example_dags/example_kubernetes_executor.py
[2022-11-09T04:18:39.851+0000] {processor.py:756} INFO - Processing file /home/airflow/.local/lib/python3.7/site-packages/airflow/example_dags/example_kubernetes_executor.py for tasks to queue
[2022-11-09T04:18:39.851+0000] {logging_mixin.py:120} INFO - [2022-11-09T04:18:39.851+0000] {dagbag.py:537} INFO - Filling up the DagBag from /home/airflow/.local/lib/python3.7/site-packages/airflow/example_dags/example_kubernetes_executor.py
[2022-11-09T04:18:39.867+0000] {processor.py:766} INFO - DAG(s) dict_keys(['example_kubernetes_executor']) retrieved from /home/airflow/.local/lib/python3.7/site-packages/airflow/example_dags/example_kubernetes_executor.py
[2022-11-09T04:18:39.890+0000] {logging_mixin.py:120} INFO - [2022-11-09T04:18:39.889+0000] {dag.py:2585} INFO - Sync 1 DAGs
[2022-11-09T04:18:39.902+0000] {logging_mixin.py:120} INFO - [2022-11-09T04:18:39.902+0000] {dag.py:3340} INFO - Setting next_dagrun for example_kubernetes_executor to None, run_after=None
[2022-11-09T04:18:39.911+0000] {processor.py:176} INFO - Processing /home/airflow/.local/lib/python3.7/site-packages/airflow/example_dags/example_kubernetes_executor.py took 0.063 seconds
[2022-11-09T04:19:10.856+0000] {processor.py:154} INFO - Started process (PID=32675) to work on /home/airflow/.local/lib/python3.7/site-packages/airflow/example_dags/example_kubernetes_executor.py
[2022-11-09T04:19:10.857+0000] {processor.py:756} INFO - Processing file /home/airflow/.local/lib/python3.7/site-packages/airflow/example_dags/example_kubernetes_executor.py for tasks to queue
[2022-11-09T04:19:10.860+0000] {logging_mixin.py:120} INFO - [2022-11-09T04:19:10.860+0000] {dagbag.py:537} INFO - Filling up the DagBag from /home/airflow/.local/lib/python3.7/site-packages/airflow/example_dags/example_kubernetes_executor.py
[2022-11-09T04:19:10.877+0000] {processor.py:766} INFO - DAG(s) dict_keys(['example_kubernetes_executor']) retrieved from /home/airflow/.local/lib/python3.7/site-packages/airflow/example_dags/example_kubernetes_executor.py
[2022-11-09T04:19:10.902+0000] {logging_mixin.py:120} INFO - [2022-11-09T04:19:10.902+0000] {dag.py:2585} INFO - Sync 1 DAGs
[2022-11-09T04:19:10.917+0000] {logging_mixin.py:120} INFO - [2022-11-09T04:19:10.917+0000] {dag.py:3340} INFO - Setting next_dagrun for example_kubernetes_executor to None, run_after=None
[2022-11-09T04:19:10.932+0000] {processor.py:176} INFO - Processing /home/airflow/.local/lib/python3.7/site-packages/airflow/example_dags/example_kubernetes_executor.py took 0.078 seconds
[2022-11-09T04:19:41.761+0000] {processor.py:154} INFO - Started process (PID=32742) to work on /home/airflow/.local/lib/python3.7/site-packages/airflow/example_dags/example_kubernetes_executor.py
[2022-11-09T04:19:41.762+0000] {processor.py:756} INFO - Processing file /home/airflow/.local/lib/python3.7/site-packages/airflow/example_dags/example_kubernetes_executor.py for tasks to queue
[2022-11-09T04:19:41.762+0000] {logging_mixin.py:120} INFO - [2022-11-09T04:19:41.762+0000] {dagbag.py:537} INFO - Filling up the DagBag from /home/airflow/.local/lib/python3.7/site-packages/airflow/example_dags/example_kubernetes_executor.py
[2022-11-09T04:19:41.780+0000] {processor.py:766} INFO - DAG(s) dict_keys(['example_kubernetes_executor']) retrieved from /home/airflow/.local/lib/python3.7/site-packages/airflow/example_dags/example_kubernetes_executor.py
[2022-11-09T04:19:41.804+0000] {logging_mixin.py:120} INFO - [2022-11-09T04:19:41.804+0000] {dag.py:2585} INFO - Sync 1 DAGs
[2022-11-09T04:19:41.819+0000] {logging_mixin.py:120} INFO - [2022-11-09T04:19:41.819+0000] {dag.py:3340} INFO - Setting next_dagrun for example_kubernetes_executor to None, run_after=None
[2022-11-09T04:19:41.829+0000] {processor.py:176} INFO - Processing /home/airflow/.local/lib/python3.7/site-packages/airflow/example_dags/example_kubernetes_executor.py took 0.071 seconds
