[2022-11-09T00:12:02.047+0000] {processor.py:154} INFO - Started process (PID=30719) to work on /home/airflow/.local/lib/python3.7/site-packages/airflow/example_dags/example_xcomargs.py
[2022-11-09T00:12:02.047+0000] {processor.py:756} INFO - Processing file /home/airflow/.local/lib/python3.7/site-packages/airflow/example_dags/example_xcomargs.py for tasks to queue
[2022-11-09T00:12:02.048+0000] {logging_mixin.py:120} INFO - [2022-11-09T00:12:02.048+0000] {dagbag.py:537} INFO - Filling up the DagBag from /home/airflow/.local/lib/python3.7/site-packages/airflow/example_dags/example_xcomargs.py
[2022-11-09T00:12:02.069+0000] {processor.py:766} INFO - DAG(s) dict_keys(['example_xcom_args', 'example_xcom_args_with_operators']) retrieved from /home/airflow/.local/lib/python3.7/site-packages/airflow/example_dags/example_xcomargs.py
[2022-11-09T00:12:02.132+0000] {logging_mixin.py:120} INFO - [2022-11-09T00:12:02.132+0000] {dag.py:2585} INFO - Sync 2 DAGs
[2022-11-09T00:12:02.157+0000] {logging_mixin.py:120} INFO - [2022-11-09T00:12:02.157+0000] {dag.py:3340} INFO - Setting next_dagrun for example_xcom_args to None, run_after=None
[2022-11-09T00:12:02.161+0000] {logging_mixin.py:120} INFO - [2022-11-09T00:12:02.161+0000] {dag.py:3340} INFO - Setting next_dagrun for example_xcom_args_with_operators to None, run_after=None
[2022-11-09T00:12:02.192+0000] {processor.py:176} INFO - Processing /home/airflow/.local/lib/python3.7/site-packages/airflow/example_dags/example_xcomargs.py took 0.148 seconds
[2022-11-09T00:27:35.245+0000] {processor.py:154} INFO - Started process (PID=30766) to work on /home/airflow/.local/lib/python3.7/site-packages/airflow/example_dags/example_xcomargs.py
[2022-11-09T00:27:35.247+0000] {processor.py:756} INFO - Processing file /home/airflow/.local/lib/python3.7/site-packages/airflow/example_dags/example_xcomargs.py for tasks to queue
[2022-11-09T00:27:35.248+0000] {logging_mixin.py:120} INFO - [2022-11-09T00:27:35.248+0000] {dagbag.py:537} INFO - Filling up the DagBag from /home/airflow/.local/lib/python3.7/site-packages/airflow/example_dags/example_xcomargs.py
[2022-11-09T00:27:35.283+0000] {processor.py:766} INFO - DAG(s) dict_keys(['example_xcom_args_with_operators', 'example_xcom_args']) retrieved from /home/airflow/.local/lib/python3.7/site-packages/airflow/example_dags/example_xcomargs.py
[2022-11-09T00:27:35.355+0000] {logging_mixin.py:120} INFO - [2022-11-09T00:27:35.355+0000] {dag.py:2585} INFO - Sync 2 DAGs
[2022-11-09T00:27:35.379+0000] {logging_mixin.py:120} INFO - [2022-11-09T00:27:35.378+0000] {dag.py:3340} INFO - Setting next_dagrun for example_xcom_args to None, run_after=None
[2022-11-09T00:27:35.389+0000] {logging_mixin.py:120} INFO - [2022-11-09T00:27:35.389+0000] {dag.py:3340} INFO - Setting next_dagrun for example_xcom_args_with_operators to None, run_after=None
[2022-11-09T00:27:35.409+0000] {processor.py:176} INFO - Processing /home/airflow/.local/lib/python3.7/site-packages/airflow/example_dags/example_xcomargs.py took 0.166 seconds
[2022-11-09T01:00:49.293+0000] {processor.py:154} INFO - Started process (PID=30816) to work on /home/airflow/.local/lib/python3.7/site-packages/airflow/example_dags/example_xcomargs.py
[2022-11-09T01:00:49.294+0000] {processor.py:756} INFO - Processing file /home/airflow/.local/lib/python3.7/site-packages/airflow/example_dags/example_xcomargs.py for tasks to queue
[2022-11-09T01:00:49.295+0000] {logging_mixin.py:120} INFO - [2022-11-09T01:00:49.295+0000] {dagbag.py:537} INFO - Filling up the DagBag from /home/airflow/.local/lib/python3.7/site-packages/airflow/example_dags/example_xcomargs.py
[2022-11-09T01:00:49.316+0000] {processor.py:766} INFO - DAG(s) dict_keys(['example_xcom_args', 'example_xcom_args_with_operators']) retrieved from /home/airflow/.local/lib/python3.7/site-packages/airflow/example_dags/example_xcomargs.py
[2022-11-09T01:00:49.339+0000] {logging_mixin.py:120} INFO - [2022-11-09T01:00:49.339+0000] {dag.py:2585} INFO - Sync 2 DAGs
[2022-11-09T01:00:49.352+0000] {logging_mixin.py:120} INFO - [2022-11-09T01:00:49.352+0000] {dag.py:3340} INFO - Setting next_dagrun for example_xcom_args to None, run_after=None
[2022-11-09T01:00:49.355+0000] {logging_mixin.py:120} INFO - [2022-11-09T01:00:49.355+0000] {dag.py:3340} INFO - Setting next_dagrun for example_xcom_args_with_operators to None, run_after=None
[2022-11-09T01:00:49.364+0000] {processor.py:176} INFO - Processing /home/airflow/.local/lib/python3.7/site-packages/airflow/example_dags/example_xcomargs.py took 0.073 seconds
[2022-11-09T01:34:45.356+0000] {processor.py:154} INFO - Started process (PID=30864) to work on /home/airflow/.local/lib/python3.7/site-packages/airflow/example_dags/example_xcomargs.py
[2022-11-09T01:34:45.356+0000] {processor.py:756} INFO - Processing file /home/airflow/.local/lib/python3.7/site-packages/airflow/example_dags/example_xcomargs.py for tasks to queue
[2022-11-09T01:34:45.357+0000] {logging_mixin.py:120} INFO - [2022-11-09T01:34:45.357+0000] {dagbag.py:537} INFO - Filling up the DagBag from /home/airflow/.local/lib/python3.7/site-packages/airflow/example_dags/example_xcomargs.py
[2022-11-09T01:34:45.380+0000] {processor.py:766} INFO - DAG(s) dict_keys(['example_xcom_args', 'example_xcom_args_with_operators']) retrieved from /home/airflow/.local/lib/python3.7/site-packages/airflow/example_dags/example_xcomargs.py
[2022-11-09T01:34:45.424+0000] {logging_mixin.py:120} INFO - [2022-11-09T01:34:45.424+0000] {dag.py:2585} INFO - Sync 2 DAGs
[2022-11-09T01:34:45.443+0000] {logging_mixin.py:120} INFO - [2022-11-09T01:34:45.443+0000] {dag.py:3340} INFO - Setting next_dagrun for example_xcom_args to None, run_after=None
[2022-11-09T01:34:45.446+0000] {logging_mixin.py:120} INFO - [2022-11-09T01:34:45.446+0000] {dag.py:3340} INFO - Setting next_dagrun for example_xcom_args_with_operators to None, run_after=None
[2022-11-09T01:34:45.466+0000] {processor.py:176} INFO - Processing /home/airflow/.local/lib/python3.7/site-packages/airflow/example_dags/example_xcomargs.py took 0.112 seconds
[2022-11-09T01:50:25.221+0000] {processor.py:154} INFO - Started process (PID=30911) to work on /home/airflow/.local/lib/python3.7/site-packages/airflow/example_dags/example_xcomargs.py
[2022-11-09T01:50:25.221+0000] {processor.py:756} INFO - Processing file /home/airflow/.local/lib/python3.7/site-packages/airflow/example_dags/example_xcomargs.py for tasks to queue
[2022-11-09T01:50:25.221+0000] {logging_mixin.py:120} INFO - [2022-11-09T01:50:25.221+0000] {dagbag.py:537} INFO - Filling up the DagBag from /home/airflow/.local/lib/python3.7/site-packages/airflow/example_dags/example_xcomargs.py
[2022-11-09T01:50:25.234+0000] {processor.py:766} INFO - DAG(s) dict_keys(['example_xcom_args_with_operators', 'example_xcom_args']) retrieved from /home/airflow/.local/lib/python3.7/site-packages/airflow/example_dags/example_xcomargs.py
[2022-11-09T01:50:25.256+0000] {logging_mixin.py:120} INFO - [2022-11-09T01:50:25.255+0000] {dag.py:2585} INFO - Sync 2 DAGs
[2022-11-09T01:50:25.273+0000] {logging_mixin.py:120} INFO - [2022-11-09T01:50:25.273+0000] {dag.py:3340} INFO - Setting next_dagrun for example_xcom_args to None, run_after=None
[2022-11-09T01:50:25.275+0000] {logging_mixin.py:120} INFO - [2022-11-09T01:50:25.275+0000] {dag.py:3340} INFO - Setting next_dagrun for example_xcom_args_with_operators to None, run_after=None
[2022-11-09T01:50:25.283+0000] {processor.py:176} INFO - Processing /home/airflow/.local/lib/python3.7/site-packages/airflow/example_dags/example_xcomargs.py took 0.065 seconds
[2022-11-09T01:55:24.369+0000] {processor.py:154} INFO - Started process (PID=30959) to work on /home/airflow/.local/lib/python3.7/site-packages/airflow/example_dags/example_xcomargs.py
[2022-11-09T01:55:24.369+0000] {processor.py:756} INFO - Processing file /home/airflow/.local/lib/python3.7/site-packages/airflow/example_dags/example_xcomargs.py for tasks to queue
[2022-11-09T01:55:24.370+0000] {logging_mixin.py:120} INFO - [2022-11-09T01:55:24.370+0000] {dagbag.py:537} INFO - Filling up the DagBag from /home/airflow/.local/lib/python3.7/site-packages/airflow/example_dags/example_xcomargs.py
[2022-11-09T01:55:24.392+0000] {processor.py:766} INFO - DAG(s) dict_keys(['example_xcom_args_with_operators', 'example_xcom_args']) retrieved from /home/airflow/.local/lib/python3.7/site-packages/airflow/example_dags/example_xcomargs.py
[2022-11-09T01:55:24.428+0000] {logging_mixin.py:120} INFO - [2022-11-09T01:55:24.428+0000] {dag.py:2585} INFO - Sync 2 DAGs
[2022-11-09T01:55:24.445+0000] {logging_mixin.py:120} INFO - [2022-11-09T01:55:24.445+0000] {dag.py:3340} INFO - Setting next_dagrun for example_xcom_args to None, run_after=None
[2022-11-09T01:55:24.447+0000] {logging_mixin.py:120} INFO - [2022-11-09T01:55:24.447+0000] {dag.py:3340} INFO - Setting next_dagrun for example_xcom_args_with_operators to None, run_after=None
[2022-11-09T01:55:24.458+0000] {processor.py:176} INFO - Processing /home/airflow/.local/lib/python3.7/site-packages/airflow/example_dags/example_xcomargs.py took 0.091 seconds
[2022-11-09T02:10:50.131+0000] {processor.py:154} INFO - Started process (PID=31006) to work on /home/airflow/.local/lib/python3.7/site-packages/airflow/example_dags/example_xcomargs.py
[2022-11-09T02:10:50.132+0000] {processor.py:756} INFO - Processing file /home/airflow/.local/lib/python3.7/site-packages/airflow/example_dags/example_xcomargs.py for tasks to queue
[2022-11-09T02:10:50.133+0000] {logging_mixin.py:120} INFO - [2022-11-09T02:10:50.133+0000] {dagbag.py:537} INFO - Filling up the DagBag from /home/airflow/.local/lib/python3.7/site-packages/airflow/example_dags/example_xcomargs.py
[2022-11-09T02:10:50.154+0000] {processor.py:766} INFO - DAG(s) dict_keys(['example_xcom_args_with_operators', 'example_xcom_args']) retrieved from /home/airflow/.local/lib/python3.7/site-packages/airflow/example_dags/example_xcomargs.py
[2022-11-09T02:10:50.180+0000] {logging_mixin.py:120} INFO - [2022-11-09T02:10:50.180+0000] {dag.py:2585} INFO - Sync 2 DAGs
[2022-11-09T02:10:50.193+0000] {logging_mixin.py:120} INFO - [2022-11-09T02:10:50.193+0000] {dag.py:3340} INFO - Setting next_dagrun for example_xcom_args to None, run_after=None
[2022-11-09T02:10:50.195+0000] {logging_mixin.py:120} INFO - [2022-11-09T02:10:50.195+0000] {dag.py:3340} INFO - Setting next_dagrun for example_xcom_args_with_operators to None, run_after=None
[2022-11-09T02:10:50.204+0000] {processor.py:176} INFO - Processing /home/airflow/.local/lib/python3.7/site-packages/airflow/example_dags/example_xcomargs.py took 0.076 seconds
[2022-11-09T02:26:24.583+0000] {processor.py:154} INFO - Started process (PID=31053) to work on /home/airflow/.local/lib/python3.7/site-packages/airflow/example_dags/example_xcomargs.py
[2022-11-09T02:26:24.584+0000] {processor.py:756} INFO - Processing file /home/airflow/.local/lib/python3.7/site-packages/airflow/example_dags/example_xcomargs.py for tasks to queue
[2022-11-09T02:26:24.585+0000] {logging_mixin.py:120} INFO - [2022-11-09T02:26:24.584+0000] {dagbag.py:537} INFO - Filling up the DagBag from /home/airflow/.local/lib/python3.7/site-packages/airflow/example_dags/example_xcomargs.py
[2022-11-09T02:26:24.604+0000] {processor.py:766} INFO - DAG(s) dict_keys(['example_xcom_args_with_operators', 'example_xcom_args']) retrieved from /home/airflow/.local/lib/python3.7/site-packages/airflow/example_dags/example_xcomargs.py
[2022-11-09T02:26:24.628+0000] {logging_mixin.py:120} INFO - [2022-11-09T02:26:24.628+0000] {dag.py:2585} INFO - Sync 2 DAGs
[2022-11-09T02:26:24.641+0000] {logging_mixin.py:120} INFO - [2022-11-09T02:26:24.641+0000] {dag.py:3340} INFO - Setting next_dagrun for example_xcom_args to None, run_after=None
[2022-11-09T02:26:24.643+0000] {logging_mixin.py:120} INFO - [2022-11-09T02:26:24.643+0000] {dag.py:3340} INFO - Setting next_dagrun for example_xcom_args_with_operators to None, run_after=None
[2022-11-09T02:26:24.653+0000] {processor.py:176} INFO - Processing /home/airflow/.local/lib/python3.7/site-packages/airflow/example_dags/example_xcomargs.py took 0.071 seconds
[2022-11-09T02:44:02.232+0000] {processor.py:154} INFO - Started process (PID=31101) to work on /home/airflow/.local/lib/python3.7/site-packages/airflow/example_dags/example_xcomargs.py
[2022-11-09T02:44:02.233+0000] {processor.py:756} INFO - Processing file /home/airflow/.local/lib/python3.7/site-packages/airflow/example_dags/example_xcomargs.py for tasks to queue
[2022-11-09T02:44:02.233+0000] {logging_mixin.py:120} INFO - [2022-11-09T02:44:02.233+0000] {dagbag.py:537} INFO - Filling up the DagBag from /home/airflow/.local/lib/python3.7/site-packages/airflow/example_dags/example_xcomargs.py
[2022-11-09T02:44:02.246+0000] {processor.py:766} INFO - DAG(s) dict_keys(['example_xcom_args_with_operators', 'example_xcom_args']) retrieved from /home/airflow/.local/lib/python3.7/site-packages/airflow/example_dags/example_xcomargs.py
[2022-11-09T02:44:02.307+0000] {logging_mixin.py:120} INFO - [2022-11-09T02:44:02.307+0000] {dag.py:2585} INFO - Sync 2 DAGs
[2022-11-09T02:44:02.327+0000] {logging_mixin.py:120} INFO - [2022-11-09T02:44:02.327+0000] {dag.py:3340} INFO - Setting next_dagrun for example_xcom_args to None, run_after=None
[2022-11-09T02:44:02.332+0000] {logging_mixin.py:120} INFO - [2022-11-09T02:44:02.332+0000] {dag.py:3340} INFO - Setting next_dagrun for example_xcom_args_with_operators to None, run_after=None
[2022-11-09T02:44:02.379+0000] {processor.py:176} INFO - Processing /home/airflow/.local/lib/python3.7/site-packages/airflow/example_dags/example_xcomargs.py took 0.148 seconds
[2022-11-09T03:01:03.724+0000] {processor.py:154} INFO - Started process (PID=31167) to work on /home/airflow/.local/lib/python3.7/site-packages/airflow/example_dags/example_xcomargs.py
[2022-11-09T03:01:03.725+0000] {processor.py:756} INFO - Processing file /home/airflow/.local/lib/python3.7/site-packages/airflow/example_dags/example_xcomargs.py for tasks to queue
[2022-11-09T03:01:03.726+0000] {logging_mixin.py:120} INFO - [2022-11-09T03:01:03.726+0000] {dagbag.py:537} INFO - Filling up the DagBag from /home/airflow/.local/lib/python3.7/site-packages/airflow/example_dags/example_xcomargs.py
[2022-11-09T03:01:03.739+0000] {processor.py:766} INFO - DAG(s) dict_keys(['example_xcom_args', 'example_xcom_args_with_operators']) retrieved from /home/airflow/.local/lib/python3.7/site-packages/airflow/example_dags/example_xcomargs.py
[2022-11-09T03:01:03.766+0000] {logging_mixin.py:120} INFO - [2022-11-09T03:01:03.765+0000] {dag.py:2585} INFO - Sync 2 DAGs
[2022-11-09T03:01:03.779+0000] {logging_mixin.py:120} INFO - [2022-11-09T03:01:03.779+0000] {dag.py:3340} INFO - Setting next_dagrun for example_xcom_args to None, run_after=None
[2022-11-09T03:01:03.781+0000] {logging_mixin.py:120} INFO - [2022-11-09T03:01:03.781+0000] {dag.py:3340} INFO - Setting next_dagrun for example_xcom_args_with_operators to None, run_after=None
[2022-11-09T03:01:03.789+0000] {processor.py:176} INFO - Processing /home/airflow/.local/lib/python3.7/site-packages/airflow/example_dags/example_xcomargs.py took 0.067 seconds
[2022-11-09T03:03:53.662+0000] {processor.py:154} INFO - Started process (PID=31225) to work on /home/airflow/.local/lib/python3.7/site-packages/airflow/example_dags/example_xcomargs.py
[2022-11-09T03:03:53.663+0000] {processor.py:756} INFO - Processing file /home/airflow/.local/lib/python3.7/site-packages/airflow/example_dags/example_xcomargs.py for tasks to queue
[2022-11-09T03:03:53.664+0000] {logging_mixin.py:120} INFO - [2022-11-09T03:03:53.664+0000] {dagbag.py:537} INFO - Filling up the DagBag from /home/airflow/.local/lib/python3.7/site-packages/airflow/example_dags/example_xcomargs.py
[2022-11-09T03:03:53.680+0000] {processor.py:766} INFO - DAG(s) dict_keys(['example_xcom_args_with_operators', 'example_xcom_args']) retrieved from /home/airflow/.local/lib/python3.7/site-packages/airflow/example_dags/example_xcomargs.py
[2022-11-09T03:03:53.707+0000] {logging_mixin.py:120} INFO - [2022-11-09T03:03:53.706+0000] {dag.py:2585} INFO - Sync 2 DAGs
[2022-11-09T03:03:53.721+0000] {logging_mixin.py:120} INFO - [2022-11-09T03:03:53.721+0000] {dag.py:3340} INFO - Setting next_dagrun for example_xcom_args to None, run_after=None
[2022-11-09T03:03:53.723+0000] {logging_mixin.py:120} INFO - [2022-11-09T03:03:53.723+0000] {dag.py:3340} INFO - Setting next_dagrun for example_xcom_args_with_operators to None, run_after=None
[2022-11-09T03:03:53.752+0000] {processor.py:176} INFO - Processing /home/airflow/.local/lib/python3.7/site-packages/airflow/example_dags/example_xcomargs.py took 0.092 seconds
[2022-11-09T03:19:29.150+0000] {processor.py:154} INFO - Started process (PID=31272) to work on /home/airflow/.local/lib/python3.7/site-packages/airflow/example_dags/example_xcomargs.py
[2022-11-09T03:19:29.151+0000] {processor.py:756} INFO - Processing file /home/airflow/.local/lib/python3.7/site-packages/airflow/example_dags/example_xcomargs.py for tasks to queue
[2022-11-09T03:19:29.151+0000] {logging_mixin.py:120} INFO - [2022-11-09T03:19:29.151+0000] {dagbag.py:537} INFO - Filling up the DagBag from /home/airflow/.local/lib/python3.7/site-packages/airflow/example_dags/example_xcomargs.py
[2022-11-09T03:19:29.166+0000] {processor.py:766} INFO - DAG(s) dict_keys(['example_xcom_args', 'example_xcom_args_with_operators']) retrieved from /home/airflow/.local/lib/python3.7/site-packages/airflow/example_dags/example_xcomargs.py
[2022-11-09T03:19:29.192+0000] {logging_mixin.py:120} INFO - [2022-11-09T03:19:29.191+0000] {dag.py:2585} INFO - Sync 2 DAGs
[2022-11-09T03:19:29.205+0000] {logging_mixin.py:120} INFO - [2022-11-09T03:19:29.205+0000] {dag.py:3340} INFO - Setting next_dagrun for example_xcom_args to None, run_after=None
[2022-11-09T03:19:29.208+0000] {logging_mixin.py:120} INFO - [2022-11-09T03:19:29.208+0000] {dag.py:3340} INFO - Setting next_dagrun for example_xcom_args_with_operators to None, run_after=None
[2022-11-09T03:19:29.219+0000] {processor.py:176} INFO - Processing /home/airflow/.local/lib/python3.7/site-packages/airflow/example_dags/example_xcomargs.py took 0.072 seconds
[2022-11-09T03:35:52.960+0000] {processor.py:154} INFO - Started process (PID=31330) to work on /home/airflow/.local/lib/python3.7/site-packages/airflow/example_dags/example_xcomargs.py
[2022-11-09T03:35:52.964+0000] {processor.py:756} INFO - Processing file /home/airflow/.local/lib/python3.7/site-packages/airflow/example_dags/example_xcomargs.py for tasks to queue
[2022-11-09T03:35:52.964+0000] {logging_mixin.py:120} INFO - [2022-11-09T03:35:52.964+0000] {dagbag.py:537} INFO - Filling up the DagBag from /home/airflow/.local/lib/python3.7/site-packages/airflow/example_dags/example_xcomargs.py
[2022-11-09T03:35:52.987+0000] {processor.py:766} INFO - DAG(s) dict_keys(['example_xcom_args_with_operators', 'example_xcom_args']) retrieved from /home/airflow/.local/lib/python3.7/site-packages/airflow/example_dags/example_xcomargs.py
[2022-11-09T03:35:53.020+0000] {logging_mixin.py:120} INFO - [2022-11-09T03:35:53.020+0000] {dag.py:2585} INFO - Sync 2 DAGs
[2022-11-09T03:35:53.033+0000] {logging_mixin.py:120} INFO - [2022-11-09T03:35:53.033+0000] {dag.py:3340} INFO - Setting next_dagrun for example_xcom_args to None, run_after=None
[2022-11-09T03:35:53.035+0000] {logging_mixin.py:120} INFO - [2022-11-09T03:35:53.035+0000] {dag.py:3340} INFO - Setting next_dagrun for example_xcom_args_with_operators to None, run_after=None
[2022-11-09T03:35:53.044+0000] {processor.py:176} INFO - Processing /home/airflow/.local/lib/python3.7/site-packages/airflow/example_dags/example_xcomargs.py took 0.089 seconds
[2022-11-09T03:58:29.424+0000] {processor.py:154} INFO - Started process (PID=31377) to work on /home/airflow/.local/lib/python3.7/site-packages/airflow/example_dags/example_xcomargs.py
[2022-11-09T03:58:29.431+0000] {processor.py:756} INFO - Processing file /home/airflow/.local/lib/python3.7/site-packages/airflow/example_dags/example_xcomargs.py for tasks to queue
[2022-11-09T03:58:29.432+0000] {logging_mixin.py:120} INFO - [2022-11-09T03:58:29.432+0000] {dagbag.py:537} INFO - Filling up the DagBag from /home/airflow/.local/lib/python3.7/site-packages/airflow/example_dags/example_xcomargs.py
[2022-11-09T03:58:29.455+0000] {processor.py:766} INFO - DAG(s) dict_keys(['example_xcom_args_with_operators', 'example_xcom_args']) retrieved from /home/airflow/.local/lib/python3.7/site-packages/airflow/example_dags/example_xcomargs.py
[2022-11-09T03:58:29.478+0000] {logging_mixin.py:120} INFO - [2022-11-09T03:58:29.478+0000] {dag.py:2585} INFO - Sync 2 DAGs
[2022-11-09T03:58:29.493+0000] {logging_mixin.py:120} INFO - [2022-11-09T03:58:29.493+0000] {dag.py:3340} INFO - Setting next_dagrun for example_xcom_args to None, run_after=None
[2022-11-09T03:58:29.495+0000] {logging_mixin.py:120} INFO - [2022-11-09T03:58:29.495+0000] {dag.py:3340} INFO - Setting next_dagrun for example_xcom_args_with_operators to None, run_after=None
[2022-11-09T03:58:29.504+0000] {processor.py:176} INFO - Processing /home/airflow/.local/lib/python3.7/site-packages/airflow/example_dags/example_xcomargs.py took 0.082 seconds
[2022-11-09T03:58:59.606+0000] {processor.py:154} INFO - Started process (PID=31447) to work on /home/airflow/.local/lib/python3.7/site-packages/airflow/example_dags/example_xcomargs.py
[2022-11-09T03:58:59.607+0000] {processor.py:756} INFO - Processing file /home/airflow/.local/lib/python3.7/site-packages/airflow/example_dags/example_xcomargs.py for tasks to queue
[2022-11-09T03:58:59.608+0000] {logging_mixin.py:120} INFO - [2022-11-09T03:58:59.608+0000] {dagbag.py:537} INFO - Filling up the DagBag from /home/airflow/.local/lib/python3.7/site-packages/airflow/example_dags/example_xcomargs.py
[2022-11-09T03:58:59.621+0000] {processor.py:766} INFO - DAG(s) dict_keys(['example_xcom_args_with_operators', 'example_xcom_args']) retrieved from /home/airflow/.local/lib/python3.7/site-packages/airflow/example_dags/example_xcomargs.py
[2022-11-09T03:58:59.646+0000] {logging_mixin.py:120} INFO - [2022-11-09T03:58:59.646+0000] {dag.py:2585} INFO - Sync 2 DAGs
[2022-11-09T03:58:59.659+0000] {logging_mixin.py:120} INFO - [2022-11-09T03:58:59.659+0000] {dag.py:3340} INFO - Setting next_dagrun for example_xcom_args to None, run_after=None
[2022-11-09T03:58:59.662+0000] {logging_mixin.py:120} INFO - [2022-11-09T03:58:59.661+0000] {dag.py:3340} INFO - Setting next_dagrun for example_xcom_args_with_operators to None, run_after=None
[2022-11-09T03:58:59.673+0000] {processor.py:176} INFO - Processing /home/airflow/.local/lib/python3.7/site-packages/airflow/example_dags/example_xcomargs.py took 0.069 seconds
[2022-11-09T03:59:30.496+0000] {processor.py:154} INFO - Started process (PID=31519) to work on /home/airflow/.local/lib/python3.7/site-packages/airflow/example_dags/example_xcomargs.py
[2022-11-09T03:59:30.497+0000] {processor.py:756} INFO - Processing file /home/airflow/.local/lib/python3.7/site-packages/airflow/example_dags/example_xcomargs.py for tasks to queue
[2022-11-09T03:59:30.497+0000] {logging_mixin.py:120} INFO - [2022-11-09T03:59:30.497+0000] {dagbag.py:537} INFO - Filling up the DagBag from /home/airflow/.local/lib/python3.7/site-packages/airflow/example_dags/example_xcomargs.py
[2022-11-09T03:59:30.511+0000] {processor.py:766} INFO - DAG(s) dict_keys(['example_xcom_args_with_operators', 'example_xcom_args']) retrieved from /home/airflow/.local/lib/python3.7/site-packages/airflow/example_dags/example_xcomargs.py
[2022-11-09T03:59:30.537+0000] {logging_mixin.py:120} INFO - [2022-11-09T03:59:30.537+0000] {dag.py:2585} INFO - Sync 2 DAGs
[2022-11-09T03:59:30.550+0000] {logging_mixin.py:120} INFO - [2022-11-09T03:59:30.550+0000] {dag.py:3340} INFO - Setting next_dagrun for example_xcom_args to None, run_after=None
[2022-11-09T03:59:30.553+0000] {logging_mixin.py:120} INFO - [2022-11-09T03:59:30.553+0000] {dag.py:3340} INFO - Setting next_dagrun for example_xcom_args_with_operators to None, run_after=None
[2022-11-09T03:59:30.562+0000] {processor.py:176} INFO - Processing /home/airflow/.local/lib/python3.7/site-packages/airflow/example_dags/example_xcomargs.py took 0.068 seconds
[2022-11-09T04:00:01.464+0000] {processor.py:154} INFO - Started process (PID=31585) to work on /home/airflow/.local/lib/python3.7/site-packages/airflow/example_dags/example_xcomargs.py
[2022-11-09T04:00:01.464+0000] {processor.py:756} INFO - Processing file /home/airflow/.local/lib/python3.7/site-packages/airflow/example_dags/example_xcomargs.py for tasks to queue
[2022-11-09T04:00:01.465+0000] {logging_mixin.py:120} INFO - [2022-11-09T04:00:01.465+0000] {dagbag.py:537} INFO - Filling up the DagBag from /home/airflow/.local/lib/python3.7/site-packages/airflow/example_dags/example_xcomargs.py
[2022-11-09T04:00:01.478+0000] {processor.py:766} INFO - DAG(s) dict_keys(['example_xcom_args', 'example_xcom_args_with_operators']) retrieved from /home/airflow/.local/lib/python3.7/site-packages/airflow/example_dags/example_xcomargs.py
[2022-11-09T04:00:01.502+0000] {logging_mixin.py:120} INFO - [2022-11-09T04:00:01.502+0000] {dag.py:2585} INFO - Sync 2 DAGs
[2022-11-09T04:00:01.516+0000] {logging_mixin.py:120} INFO - [2022-11-09T04:00:01.516+0000] {dag.py:3340} INFO - Setting next_dagrun for example_xcom_args to None, run_after=None
[2022-11-09T04:00:01.517+0000] {logging_mixin.py:120} INFO - [2022-11-09T04:00:01.517+0000] {dag.py:3340} INFO - Setting next_dagrun for example_xcom_args_with_operators to None, run_after=None
[2022-11-09T04:00:01.527+0000] {processor.py:176} INFO - Processing /home/airflow/.local/lib/python3.7/site-packages/airflow/example_dags/example_xcomargs.py took 0.066 seconds
[2022-11-09T04:00:32.378+0000] {processor.py:154} INFO - Started process (PID=31652) to work on /home/airflow/.local/lib/python3.7/site-packages/airflow/example_dags/example_xcomargs.py
[2022-11-09T04:00:32.379+0000] {processor.py:756} INFO - Processing file /home/airflow/.local/lib/python3.7/site-packages/airflow/example_dags/example_xcomargs.py for tasks to queue
[2022-11-09T04:00:32.380+0000] {logging_mixin.py:120} INFO - [2022-11-09T04:00:32.379+0000] {dagbag.py:537} INFO - Filling up the DagBag from /home/airflow/.local/lib/python3.7/site-packages/airflow/example_dags/example_xcomargs.py
[2022-11-09T04:00:32.393+0000] {processor.py:766} INFO - DAG(s) dict_keys(['example_xcom_args', 'example_xcom_args_with_operators']) retrieved from /home/airflow/.local/lib/python3.7/site-packages/airflow/example_dags/example_xcomargs.py
[2022-11-09T04:00:32.417+0000] {logging_mixin.py:120} INFO - [2022-11-09T04:00:32.417+0000] {dag.py:2585} INFO - Sync 2 DAGs
[2022-11-09T04:00:32.431+0000] {logging_mixin.py:120} INFO - [2022-11-09T04:00:32.431+0000] {dag.py:3340} INFO - Setting next_dagrun for example_xcom_args to None, run_after=None
[2022-11-09T04:00:32.433+0000] {logging_mixin.py:120} INFO - [2022-11-09T04:00:32.433+0000] {dag.py:3340} INFO - Setting next_dagrun for example_xcom_args_with_operators to None, run_after=None
[2022-11-09T04:00:32.446+0000] {processor.py:176} INFO - Processing /home/airflow/.local/lib/python3.7/site-packages/airflow/example_dags/example_xcomargs.py took 0.070 seconds
[2022-11-09T04:01:02.544+0000] {processor.py:154} INFO - Started process (PID=31707) to work on /home/airflow/.local/lib/python3.7/site-packages/airflow/example_dags/example_xcomargs.py
[2022-11-09T04:01:02.545+0000] {processor.py:756} INFO - Processing file /home/airflow/.local/lib/python3.7/site-packages/airflow/example_dags/example_xcomargs.py for tasks to queue
[2022-11-09T04:01:02.545+0000] {logging_mixin.py:120} INFO - [2022-11-09T04:01:02.545+0000] {dagbag.py:537} INFO - Filling up the DagBag from /home/airflow/.local/lib/python3.7/site-packages/airflow/example_dags/example_xcomargs.py
[2022-11-09T04:01:02.559+0000] {processor.py:766} INFO - DAG(s) dict_keys(['example_xcom_args_with_operators', 'example_xcom_args']) retrieved from /home/airflow/.local/lib/python3.7/site-packages/airflow/example_dags/example_xcomargs.py
[2022-11-09T04:01:02.584+0000] {logging_mixin.py:120} INFO - [2022-11-09T04:01:02.584+0000] {dag.py:2585} INFO - Sync 2 DAGs
[2022-11-09T04:01:02.599+0000] {logging_mixin.py:120} INFO - [2022-11-09T04:01:02.599+0000] {dag.py:3340} INFO - Setting next_dagrun for example_xcom_args to None, run_after=None
[2022-11-09T04:01:02.602+0000] {logging_mixin.py:120} INFO - [2022-11-09T04:01:02.602+0000] {dag.py:3340} INFO - Setting next_dagrun for example_xcom_args_with_operators to None, run_after=None
[2022-11-09T04:01:02.618+0000] {processor.py:176} INFO - Processing /home/airflow/.local/lib/python3.7/site-packages/airflow/example_dags/example_xcomargs.py took 0.075 seconds
[2022-11-09T04:01:32.720+0000] {processor.py:154} INFO - Started process (PID=31773) to work on /home/airflow/.local/lib/python3.7/site-packages/airflow/example_dags/example_xcomargs.py
[2022-11-09T04:01:32.720+0000] {processor.py:756} INFO - Processing file /home/airflow/.local/lib/python3.7/site-packages/airflow/example_dags/example_xcomargs.py for tasks to queue
[2022-11-09T04:01:32.721+0000] {logging_mixin.py:120} INFO - [2022-11-09T04:01:32.721+0000] {dagbag.py:537} INFO - Filling up the DagBag from /home/airflow/.local/lib/python3.7/site-packages/airflow/example_dags/example_xcomargs.py
[2022-11-09T04:01:32.733+0000] {processor.py:766} INFO - DAG(s) dict_keys(['example_xcom_args_with_operators', 'example_xcom_args']) retrieved from /home/airflow/.local/lib/python3.7/site-packages/airflow/example_dags/example_xcomargs.py
[2022-11-09T04:01:32.757+0000] {logging_mixin.py:120} INFO - [2022-11-09T04:01:32.757+0000] {dag.py:2585} INFO - Sync 2 DAGs
[2022-11-09T04:01:32.770+0000] {logging_mixin.py:120} INFO - [2022-11-09T04:01:32.770+0000] {dag.py:3340} INFO - Setting next_dagrun for example_xcom_args to None, run_after=None
[2022-11-09T04:01:32.772+0000] {logging_mixin.py:120} INFO - [2022-11-09T04:01:32.772+0000] {dag.py:3340} INFO - Setting next_dagrun for example_xcom_args_with_operators to None, run_after=None
[2022-11-09T04:01:32.782+0000] {processor.py:176} INFO - Processing /home/airflow/.local/lib/python3.7/site-packages/airflow/example_dags/example_xcomargs.py took 0.064 seconds
[2022-11-09T04:02:02.881+0000] {processor.py:154} INFO - Started process (PID=31843) to work on /home/airflow/.local/lib/python3.7/site-packages/airflow/example_dags/example_xcomargs.py
[2022-11-09T04:02:02.882+0000] {processor.py:756} INFO - Processing file /home/airflow/.local/lib/python3.7/site-packages/airflow/example_dags/example_xcomargs.py for tasks to queue
[2022-11-09T04:02:02.882+0000] {logging_mixin.py:120} INFO - [2022-11-09T04:02:02.882+0000] {dagbag.py:537} INFO - Filling up the DagBag from /home/airflow/.local/lib/python3.7/site-packages/airflow/example_dags/example_xcomargs.py
[2022-11-09T04:02:02.896+0000] {processor.py:766} INFO - DAG(s) dict_keys(['example_xcom_args_with_operators', 'example_xcom_args']) retrieved from /home/airflow/.local/lib/python3.7/site-packages/airflow/example_dags/example_xcomargs.py
[2022-11-09T04:02:02.921+0000] {logging_mixin.py:120} INFO - [2022-11-09T04:02:02.921+0000] {dag.py:2585} INFO - Sync 2 DAGs
[2022-11-09T04:02:02.935+0000] {logging_mixin.py:120} INFO - [2022-11-09T04:02:02.935+0000] {dag.py:3340} INFO - Setting next_dagrun for example_xcom_args to None, run_after=None
[2022-11-09T04:02:02.937+0000] {logging_mixin.py:120} INFO - [2022-11-09T04:02:02.937+0000] {dag.py:3340} INFO - Setting next_dagrun for example_xcom_args_with_operators to None, run_after=None
[2022-11-09T04:02:02.946+0000] {processor.py:176} INFO - Processing /home/airflow/.local/lib/python3.7/site-packages/airflow/example_dags/example_xcomargs.py took 0.067 seconds
[2022-11-09T04:02:33.058+0000] {processor.py:154} INFO - Started process (PID=31912) to work on /home/airflow/.local/lib/python3.7/site-packages/airflow/example_dags/example_xcomargs.py
[2022-11-09T04:02:33.058+0000] {processor.py:756} INFO - Processing file /home/airflow/.local/lib/python3.7/site-packages/airflow/example_dags/example_xcomargs.py for tasks to queue
[2022-11-09T04:02:33.059+0000] {logging_mixin.py:120} INFO - [2022-11-09T04:02:33.059+0000] {dagbag.py:537} INFO - Filling up the DagBag from /home/airflow/.local/lib/python3.7/site-packages/airflow/example_dags/example_xcomargs.py
[2022-11-09T04:02:33.072+0000] {processor.py:766} INFO - DAG(s) dict_keys(['example_xcom_args_with_operators', 'example_xcom_args']) retrieved from /home/airflow/.local/lib/python3.7/site-packages/airflow/example_dags/example_xcomargs.py
[2022-11-09T04:02:33.096+0000] {logging_mixin.py:120} INFO - [2022-11-09T04:02:33.096+0000] {dag.py:2585} INFO - Sync 2 DAGs
[2022-11-09T04:02:33.110+0000] {logging_mixin.py:120} INFO - [2022-11-09T04:02:33.110+0000] {dag.py:3340} INFO - Setting next_dagrun for example_xcom_args to None, run_after=None
[2022-11-09T04:02:33.112+0000] {logging_mixin.py:120} INFO - [2022-11-09T04:02:33.112+0000] {dag.py:3340} INFO - Setting next_dagrun for example_xcom_args_with_operators to None, run_after=None
[2022-11-09T04:02:33.121+0000] {processor.py:176} INFO - Processing /home/airflow/.local/lib/python3.7/site-packages/airflow/example_dags/example_xcomargs.py took 0.065 seconds
[2022-11-09T04:03:04.203+0000] {processor.py:154} INFO - Started process (PID=31976) to work on /home/airflow/.local/lib/python3.7/site-packages/airflow/example_dags/example_xcomargs.py
[2022-11-09T04:03:04.204+0000] {processor.py:756} INFO - Processing file /home/airflow/.local/lib/python3.7/site-packages/airflow/example_dags/example_xcomargs.py for tasks to queue
[2022-11-09T04:03:04.204+0000] {logging_mixin.py:120} INFO - [2022-11-09T04:03:04.204+0000] {dagbag.py:537} INFO - Filling up the DagBag from /home/airflow/.local/lib/python3.7/site-packages/airflow/example_dags/example_xcomargs.py
[2022-11-09T04:03:04.219+0000] {processor.py:766} INFO - DAG(s) dict_keys(['example_xcom_args', 'example_xcom_args_with_operators']) retrieved from /home/airflow/.local/lib/python3.7/site-packages/airflow/example_dags/example_xcomargs.py
[2022-11-09T04:03:04.246+0000] {logging_mixin.py:120} INFO - [2022-11-09T04:03:04.246+0000] {dag.py:2585} INFO - Sync 2 DAGs
[2022-11-09T04:03:04.260+0000] {logging_mixin.py:120} INFO - [2022-11-09T04:03:04.260+0000] {dag.py:3340} INFO - Setting next_dagrun for example_xcom_args to None, run_after=None
[2022-11-09T04:03:04.263+0000] {logging_mixin.py:120} INFO - [2022-11-09T04:03:04.263+0000] {dag.py:3340} INFO - Setting next_dagrun for example_xcom_args_with_operators to None, run_after=None
[2022-11-09T04:03:04.273+0000] {processor.py:176} INFO - Processing /home/airflow/.local/lib/python3.7/site-packages/airflow/example_dags/example_xcomargs.py took 0.072 seconds
[2022-11-09T04:03:34.389+0000] {processor.py:154} INFO - Started process (PID=32042) to work on /home/airflow/.local/lib/python3.7/site-packages/airflow/example_dags/example_xcomargs.py
[2022-11-09T04:03:34.389+0000] {processor.py:756} INFO - Processing file /home/airflow/.local/lib/python3.7/site-packages/airflow/example_dags/example_xcomargs.py for tasks to queue
[2022-11-09T04:03:34.390+0000] {logging_mixin.py:120} INFO - [2022-11-09T04:03:34.389+0000] {dagbag.py:537} INFO - Filling up the DagBag from /home/airflow/.local/lib/python3.7/site-packages/airflow/example_dags/example_xcomargs.py
[2022-11-09T04:03:34.403+0000] {processor.py:766} INFO - DAG(s) dict_keys(['example_xcom_args_with_operators', 'example_xcom_args']) retrieved from /home/airflow/.local/lib/python3.7/site-packages/airflow/example_dags/example_xcomargs.py
[2022-11-09T04:03:34.428+0000] {logging_mixin.py:120} INFO - [2022-11-09T04:03:34.428+0000] {dag.py:2585} INFO - Sync 2 DAGs
[2022-11-09T04:03:34.443+0000] {logging_mixin.py:120} INFO - [2022-11-09T04:03:34.443+0000] {dag.py:3340} INFO - Setting next_dagrun for example_xcom_args to None, run_after=None
[2022-11-09T04:03:34.445+0000] {logging_mixin.py:120} INFO - [2022-11-09T04:03:34.445+0000] {dag.py:3340} INFO - Setting next_dagrun for example_xcom_args_with_operators to None, run_after=None
[2022-11-09T04:03:34.455+0000] {processor.py:176} INFO - Processing /home/airflow/.local/lib/python3.7/site-packages/airflow/example_dags/example_xcomargs.py took 0.069 seconds
[2022-11-09T04:04:05.401+0000] {processor.py:154} INFO - Started process (PID=32101) to work on /home/airflow/.local/lib/python3.7/site-packages/airflow/example_dags/example_xcomargs.py
[2022-11-09T04:04:05.401+0000] {processor.py:756} INFO - Processing file /home/airflow/.local/lib/python3.7/site-packages/airflow/example_dags/example_xcomargs.py for tasks to queue
[2022-11-09T04:04:05.402+0000] {logging_mixin.py:120} INFO - [2022-11-09T04:04:05.402+0000] {dagbag.py:537} INFO - Filling up the DagBag from /home/airflow/.local/lib/python3.7/site-packages/airflow/example_dags/example_xcomargs.py
[2022-11-09T04:04:05.414+0000] {processor.py:766} INFO - DAG(s) dict_keys(['example_xcom_args_with_operators', 'example_xcom_args']) retrieved from /home/airflow/.local/lib/python3.7/site-packages/airflow/example_dags/example_xcomargs.py
[2022-11-09T04:04:05.437+0000] {logging_mixin.py:120} INFO - [2022-11-09T04:04:05.437+0000] {dag.py:2585} INFO - Sync 2 DAGs
[2022-11-09T04:04:05.450+0000] {logging_mixin.py:120} INFO - [2022-11-09T04:04:05.450+0000] {dag.py:3340} INFO - Setting next_dagrun for example_xcom_args to None, run_after=None
[2022-11-09T04:04:05.452+0000] {logging_mixin.py:120} INFO - [2022-11-09T04:04:05.452+0000] {dag.py:3340} INFO - Setting next_dagrun for example_xcom_args_with_operators to None, run_after=None
[2022-11-09T04:04:05.461+0000] {processor.py:176} INFO - Processing /home/airflow/.local/lib/python3.7/site-packages/airflow/example_dags/example_xcomargs.py took 0.062 seconds
[2022-11-09T04:04:36.537+0000] {processor.py:154} INFO - Started process (PID=32172) to work on /home/airflow/.local/lib/python3.7/site-packages/airflow/example_dags/example_xcomargs.py
[2022-11-09T04:04:36.537+0000] {processor.py:756} INFO - Processing file /home/airflow/.local/lib/python3.7/site-packages/airflow/example_dags/example_xcomargs.py for tasks to queue
[2022-11-09T04:04:36.538+0000] {logging_mixin.py:120} INFO - [2022-11-09T04:04:36.538+0000] {dagbag.py:537} INFO - Filling up the DagBag from /home/airflow/.local/lib/python3.7/site-packages/airflow/example_dags/example_xcomargs.py
[2022-11-09T04:04:36.551+0000] {processor.py:766} INFO - DAG(s) dict_keys(['example_xcom_args_with_operators', 'example_xcom_args']) retrieved from /home/airflow/.local/lib/python3.7/site-packages/airflow/example_dags/example_xcomargs.py
[2022-11-09T04:04:36.577+0000] {logging_mixin.py:120} INFO - [2022-11-09T04:04:36.577+0000] {dag.py:2585} INFO - Sync 2 DAGs
[2022-11-09T04:04:36.590+0000] {logging_mixin.py:120} INFO - [2022-11-09T04:04:36.590+0000] {dag.py:3340} INFO - Setting next_dagrun for example_xcom_args to None, run_after=None
[2022-11-09T04:04:36.592+0000] {logging_mixin.py:120} INFO - [2022-11-09T04:04:36.592+0000] {dag.py:3340} INFO - Setting next_dagrun for example_xcom_args_with_operators to None, run_after=None
[2022-11-09T04:04:36.603+0000] {processor.py:176} INFO - Processing /home/airflow/.local/lib/python3.7/site-packages/airflow/example_dags/example_xcomargs.py took 0.069 seconds
[2022-11-09T04:05:07.519+0000] {processor.py:154} INFO - Started process (PID=32239) to work on /home/airflow/.local/lib/python3.7/site-packages/airflow/example_dags/example_xcomargs.py
[2022-11-09T04:05:07.519+0000] {processor.py:756} INFO - Processing file /home/airflow/.local/lib/python3.7/site-packages/airflow/example_dags/example_xcomargs.py for tasks to queue
[2022-11-09T04:05:07.520+0000] {logging_mixin.py:120} INFO - [2022-11-09T04:05:07.520+0000] {dagbag.py:537} INFO - Filling up the DagBag from /home/airflow/.local/lib/python3.7/site-packages/airflow/example_dags/example_xcomargs.py
[2022-11-09T04:05:07.534+0000] {processor.py:766} INFO - DAG(s) dict_keys(['example_xcom_args', 'example_xcom_args_with_operators']) retrieved from /home/airflow/.local/lib/python3.7/site-packages/airflow/example_dags/example_xcomargs.py
[2022-11-09T04:05:07.559+0000] {logging_mixin.py:120} INFO - [2022-11-09T04:05:07.559+0000] {dag.py:2585} INFO - Sync 2 DAGs
[2022-11-09T04:05:07.572+0000] {logging_mixin.py:120} INFO - [2022-11-09T04:05:07.572+0000] {dag.py:3340} INFO - Setting next_dagrun for example_xcom_args to None, run_after=None
[2022-11-09T04:05:07.574+0000] {logging_mixin.py:120} INFO - [2022-11-09T04:05:07.574+0000] {dag.py:3340} INFO - Setting next_dagrun for example_xcom_args_with_operators to None, run_after=None
[2022-11-09T04:05:07.583+0000] {processor.py:176} INFO - Processing /home/airflow/.local/lib/python3.7/site-packages/airflow/example_dags/example_xcomargs.py took 0.067 seconds
[2022-11-09T04:05:38.278+0000] {processor.py:154} INFO - Started process (PID=32304) to work on /home/airflow/.local/lib/python3.7/site-packages/airflow/example_dags/example_xcomargs.py
[2022-11-09T04:05:38.279+0000] {processor.py:756} INFO - Processing file /home/airflow/.local/lib/python3.7/site-packages/airflow/example_dags/example_xcomargs.py for tasks to queue
[2022-11-09T04:05:38.280+0000] {logging_mixin.py:120} INFO - [2022-11-09T04:05:38.280+0000] {dagbag.py:537} INFO - Filling up the DagBag from /home/airflow/.local/lib/python3.7/site-packages/airflow/example_dags/example_xcomargs.py
[2022-11-09T04:05:38.294+0000] {processor.py:766} INFO - DAG(s) dict_keys(['example_xcom_args_with_operators', 'example_xcom_args']) retrieved from /home/airflow/.local/lib/python3.7/site-packages/airflow/example_dags/example_xcomargs.py
[2022-11-09T04:05:38.318+0000] {logging_mixin.py:120} INFO - [2022-11-09T04:05:38.318+0000] {dag.py:2585} INFO - Sync 2 DAGs
[2022-11-09T04:05:38.332+0000] {logging_mixin.py:120} INFO - [2022-11-09T04:05:38.331+0000] {dag.py:3340} INFO - Setting next_dagrun for example_xcom_args to None, run_after=None
[2022-11-09T04:05:38.334+0000] {logging_mixin.py:120} INFO - [2022-11-09T04:05:38.334+0000] {dag.py:3340} INFO - Setting next_dagrun for example_xcom_args_with_operators to None, run_after=None
[2022-11-09T04:05:38.344+0000] {processor.py:176} INFO - Processing /home/airflow/.local/lib/python3.7/site-packages/airflow/example_dags/example_xcomargs.py took 0.067 seconds
[2022-11-09T04:06:09.108+0000] {processor.py:154} INFO - Started process (PID=32369) to work on /home/airflow/.local/lib/python3.7/site-packages/airflow/example_dags/example_xcomargs.py
[2022-11-09T04:06:09.108+0000] {processor.py:756} INFO - Processing file /home/airflow/.local/lib/python3.7/site-packages/airflow/example_dags/example_xcomargs.py for tasks to queue
[2022-11-09T04:06:09.109+0000] {logging_mixin.py:120} INFO - [2022-11-09T04:06:09.109+0000] {dagbag.py:537} INFO - Filling up the DagBag from /home/airflow/.local/lib/python3.7/site-packages/airflow/example_dags/example_xcomargs.py
[2022-11-09T04:06:09.121+0000] {processor.py:766} INFO - DAG(s) dict_keys(['example_xcom_args', 'example_xcom_args_with_operators']) retrieved from /home/airflow/.local/lib/python3.7/site-packages/airflow/example_dags/example_xcomargs.py
[2022-11-09T04:06:09.144+0000] {logging_mixin.py:120} INFO - [2022-11-09T04:06:09.143+0000] {dag.py:2585} INFO - Sync 2 DAGs
[2022-11-09T04:06:09.156+0000] {logging_mixin.py:120} INFO - [2022-11-09T04:06:09.156+0000] {dag.py:3340} INFO - Setting next_dagrun for example_xcom_args to None, run_after=None
[2022-11-09T04:06:09.158+0000] {logging_mixin.py:120} INFO - [2022-11-09T04:06:09.158+0000] {dag.py:3340} INFO - Setting next_dagrun for example_xcom_args_with_operators to None, run_after=None
[2022-11-09T04:06:09.166+0000] {processor.py:176} INFO - Processing /home/airflow/.local/lib/python3.7/site-packages/airflow/example_dags/example_xcomargs.py took 0.060 seconds
[2022-11-09T04:06:40.056+0000] {processor.py:154} INFO - Started process (PID=32438) to work on /home/airflow/.local/lib/python3.7/site-packages/airflow/example_dags/example_xcomargs.py
[2022-11-09T04:06:40.056+0000] {processor.py:756} INFO - Processing file /home/airflow/.local/lib/python3.7/site-packages/airflow/example_dags/example_xcomargs.py for tasks to queue
[2022-11-09T04:06:40.057+0000] {logging_mixin.py:120} INFO - [2022-11-09T04:06:40.057+0000] {dagbag.py:537} INFO - Filling up the DagBag from /home/airflow/.local/lib/python3.7/site-packages/airflow/example_dags/example_xcomargs.py
[2022-11-09T04:06:40.069+0000] {processor.py:766} INFO - DAG(s) dict_keys(['example_xcom_args_with_operators', 'example_xcom_args']) retrieved from /home/airflow/.local/lib/python3.7/site-packages/airflow/example_dags/example_xcomargs.py
[2022-11-09T04:06:40.093+0000] {logging_mixin.py:120} INFO - [2022-11-09T04:06:40.092+0000] {dag.py:2585} INFO - Sync 2 DAGs
[2022-11-09T04:06:40.105+0000] {logging_mixin.py:120} INFO - [2022-11-09T04:06:40.105+0000] {dag.py:3340} INFO - Setting next_dagrun for example_xcom_args to None, run_after=None
[2022-11-09T04:06:40.107+0000] {logging_mixin.py:120} INFO - [2022-11-09T04:06:40.107+0000] {dag.py:3340} INFO - Setting next_dagrun for example_xcom_args_with_operators to None, run_after=None
[2022-11-09T04:06:40.143+0000] {processor.py:176} INFO - Processing /home/airflow/.local/lib/python3.7/site-packages/airflow/example_dags/example_xcomargs.py took 0.089 seconds
[2022-11-09T04:17:40.760+0000] {processor.py:154} INFO - Started process (PID=32507) to work on /home/airflow/.local/lib/python3.7/site-packages/airflow/example_dags/example_xcomargs.py
[2022-11-09T04:17:40.761+0000] {processor.py:756} INFO - Processing file /home/airflow/.local/lib/python3.7/site-packages/airflow/example_dags/example_xcomargs.py for tasks to queue
[2022-11-09T04:17:40.763+0000] {logging_mixin.py:120} INFO - [2022-11-09T04:17:40.762+0000] {dagbag.py:537} INFO - Filling up the DagBag from /home/airflow/.local/lib/python3.7/site-packages/airflow/example_dags/example_xcomargs.py
[2022-11-09T04:17:40.786+0000] {processor.py:766} INFO - DAG(s) dict_keys(['example_xcom_args', 'example_xcom_args_with_operators']) retrieved from /home/airflow/.local/lib/python3.7/site-packages/airflow/example_dags/example_xcomargs.py
[2022-11-09T04:17:40.879+0000] {logging_mixin.py:120} INFO - [2022-11-09T04:17:40.879+0000] {dag.py:2585} INFO - Sync 2 DAGs
[2022-11-09T04:17:40.909+0000] {logging_mixin.py:120} INFO - [2022-11-09T04:17:40.909+0000] {dag.py:3340} INFO - Setting next_dagrun for example_xcom_args to None, run_after=None
[2022-11-09T04:17:40.919+0000] {logging_mixin.py:120} INFO - [2022-11-09T04:17:40.919+0000] {dag.py:3340} INFO - Setting next_dagrun for example_xcom_args_with_operators to None, run_after=None
[2022-11-09T04:17:40.930+0000] {processor.py:176} INFO - Processing /home/airflow/.local/lib/python3.7/site-packages/airflow/example_dags/example_xcomargs.py took 0.173 seconds
[2022-11-09T04:18:11.815+0000] {processor.py:154} INFO - Started process (PID=32564) to work on /home/airflow/.local/lib/python3.7/site-packages/airflow/example_dags/example_xcomargs.py
[2022-11-09T04:18:11.817+0000] {processor.py:756} INFO - Processing file /home/airflow/.local/lib/python3.7/site-packages/airflow/example_dags/example_xcomargs.py for tasks to queue
[2022-11-09T04:18:11.819+0000] {logging_mixin.py:120} INFO - [2022-11-09T04:18:11.818+0000] {dagbag.py:537} INFO - Filling up the DagBag from /home/airflow/.local/lib/python3.7/site-packages/airflow/example_dags/example_xcomargs.py
[2022-11-09T04:18:11.844+0000] {processor.py:766} INFO - DAG(s) dict_keys(['example_xcom_args_with_operators', 'example_xcom_args']) retrieved from /home/airflow/.local/lib/python3.7/site-packages/airflow/example_dags/example_xcomargs.py
[2022-11-09T04:18:11.871+0000] {logging_mixin.py:120} INFO - [2022-11-09T04:18:11.871+0000] {dag.py:2585} INFO - Sync 2 DAGs
[2022-11-09T04:18:11.884+0000] {logging_mixin.py:120} INFO - [2022-11-09T04:18:11.884+0000] {dag.py:3340} INFO - Setting next_dagrun for example_xcom_args to None, run_after=None
[2022-11-09T04:18:11.886+0000] {logging_mixin.py:120} INFO - [2022-11-09T04:18:11.886+0000] {dag.py:3340} INFO - Setting next_dagrun for example_xcom_args_with_operators to None, run_after=None
[2022-11-09T04:18:11.896+0000] {processor.py:176} INFO - Processing /home/airflow/.local/lib/python3.7/site-packages/airflow/example_dags/example_xcomargs.py took 0.085 seconds
[2022-11-09T04:18:42.813+0000] {processor.py:154} INFO - Started process (PID=32631) to work on /home/airflow/.local/lib/python3.7/site-packages/airflow/example_dags/example_xcomargs.py
[2022-11-09T04:18:42.814+0000] {processor.py:756} INFO - Processing file /home/airflow/.local/lib/python3.7/site-packages/airflow/example_dags/example_xcomargs.py for tasks to queue
[2022-11-09T04:18:42.814+0000] {logging_mixin.py:120} INFO - [2022-11-09T04:18:42.814+0000] {dagbag.py:537} INFO - Filling up the DagBag from /home/airflow/.local/lib/python3.7/site-packages/airflow/example_dags/example_xcomargs.py
[2022-11-09T04:18:42.832+0000] {processor.py:766} INFO - DAG(s) dict_keys(['example_xcom_args', 'example_xcom_args_with_operators']) retrieved from /home/airflow/.local/lib/python3.7/site-packages/airflow/example_dags/example_xcomargs.py
[2022-11-09T04:18:42.862+0000] {logging_mixin.py:120} INFO - [2022-11-09T04:18:42.862+0000] {dag.py:2585} INFO - Sync 2 DAGs
[2022-11-09T04:18:42.878+0000] {logging_mixin.py:120} INFO - [2022-11-09T04:18:42.878+0000] {dag.py:3340} INFO - Setting next_dagrun for example_xcom_args to None, run_after=None
[2022-11-09T04:18:42.880+0000] {logging_mixin.py:120} INFO - [2022-11-09T04:18:42.880+0000] {dag.py:3340} INFO - Setting next_dagrun for example_xcom_args_with_operators to None, run_after=None
[2022-11-09T04:18:42.889+0000] {processor.py:176} INFO - Processing /home/airflow/.local/lib/python3.7/site-packages/airflow/example_dags/example_xcomargs.py took 0.078 seconds
[2022-11-09T04:19:12.931+0000] {processor.py:154} INFO - Started process (PID=32697) to work on /home/airflow/.local/lib/python3.7/site-packages/airflow/example_dags/example_xcomargs.py
[2022-11-09T04:19:12.932+0000] {processor.py:756} INFO - Processing file /home/airflow/.local/lib/python3.7/site-packages/airflow/example_dags/example_xcomargs.py for tasks to queue
[2022-11-09T04:19:12.933+0000] {logging_mixin.py:120} INFO - [2022-11-09T04:19:12.933+0000] {dagbag.py:537} INFO - Filling up the DagBag from /home/airflow/.local/lib/python3.7/site-packages/airflow/example_dags/example_xcomargs.py
[2022-11-09T04:19:12.947+0000] {processor.py:766} INFO - DAG(s) dict_keys(['example_xcom_args_with_operators', 'example_xcom_args']) retrieved from /home/airflow/.local/lib/python3.7/site-packages/airflow/example_dags/example_xcomargs.py
[2022-11-09T04:19:12.977+0000] {logging_mixin.py:120} INFO - [2022-11-09T04:19:12.976+0000] {dag.py:2585} INFO - Sync 2 DAGs
[2022-11-09T04:19:12.991+0000] {logging_mixin.py:120} INFO - [2022-11-09T04:19:12.991+0000] {dag.py:3340} INFO - Setting next_dagrun for example_xcom_args to None, run_after=None
[2022-11-09T04:19:12.993+0000] {logging_mixin.py:120} INFO - [2022-11-09T04:19:12.993+0000] {dag.py:3340} INFO - Setting next_dagrun for example_xcom_args_with_operators to None, run_after=None
[2022-11-09T04:19:13.003+0000] {processor.py:176} INFO - Processing /home/airflow/.local/lib/python3.7/site-packages/airflow/example_dags/example_xcomargs.py took 0.074 seconds
[2022-11-09T04:19:43.884+0000] {processor.py:154} INFO - Started process (PID=32764) to work on /home/airflow/.local/lib/python3.7/site-packages/airflow/example_dags/example_xcomargs.py
[2022-11-09T04:19:43.885+0000] {processor.py:756} INFO - Processing file /home/airflow/.local/lib/python3.7/site-packages/airflow/example_dags/example_xcomargs.py for tasks to queue
[2022-11-09T04:19:43.885+0000] {logging_mixin.py:120} INFO - [2022-11-09T04:19:43.885+0000] {dagbag.py:537} INFO - Filling up the DagBag from /home/airflow/.local/lib/python3.7/site-packages/airflow/example_dags/example_xcomargs.py
[2022-11-09T04:19:43.900+0000] {processor.py:766} INFO - DAG(s) dict_keys(['example_xcom_args_with_operators', 'example_xcom_args']) retrieved from /home/airflow/.local/lib/python3.7/site-packages/airflow/example_dags/example_xcomargs.py
[2022-11-09T04:19:43.928+0000] {logging_mixin.py:120} INFO - [2022-11-09T04:19:43.927+0000] {dag.py:2585} INFO - Sync 2 DAGs
[2022-11-09T04:19:43.941+0000] {logging_mixin.py:120} INFO - [2022-11-09T04:19:43.941+0000] {dag.py:3340} INFO - Setting next_dagrun for example_xcom_args to None, run_after=None
[2022-11-09T04:19:43.944+0000] {logging_mixin.py:120} INFO - [2022-11-09T04:19:43.943+0000] {dag.py:3340} INFO - Setting next_dagrun for example_xcom_args_with_operators to None, run_after=None
[2022-11-09T04:19:43.954+0000] {processor.py:176} INFO - Processing /home/airflow/.local/lib/python3.7/site-packages/airflow/example_dags/example_xcomargs.py took 0.072 seconds
