[2022-11-09T00:11:59.626+0000] {processor.py:154} INFO - Started process (PID=30690) to work on /home/airflow/.local/lib/python3.7/site-packages/airflow/example_dags/example_branch_labels.py
[2022-11-09T00:11:59.626+0000] {processor.py:756} INFO - Processing file /home/airflow/.local/lib/python3.7/site-packages/airflow/example_dags/example_branch_labels.py for tasks to queue
[2022-11-09T00:11:59.627+0000] {logging_mixin.py:120} INFO - [2022-11-09T00:11:59.627+0000] {dagbag.py:537} INFO - Filling up the DagBag from /home/airflow/.local/lib/python3.7/site-packages/airflow/example_dags/example_branch_labels.py
[2022-11-09T00:11:59.636+0000] {processor.py:766} INFO - DAG(s) dict_keys(['example_branch_labels']) retrieved from /home/airflow/.local/lib/python3.7/site-packages/airflow/example_dags/example_branch_labels.py
[2022-11-09T00:11:59.662+0000] {logging_mixin.py:120} INFO - [2022-11-09T00:11:59.661+0000] {dag.py:2585} INFO - Sync 1 DAGs
[2022-11-09T00:11:59.683+0000] {logging_mixin.py:120} INFO - [2022-11-09T00:11:59.683+0000] {dag.py:3340} INFO - Setting next_dagrun for example_branch_labels to 2022-11-08T00:00:00+00:00, run_after=2022-11-09T00:00:00+00:00
[2022-11-09T00:11:59.697+0000] {processor.py:176} INFO - Processing /home/airflow/.local/lib/python3.7/site-packages/airflow/example_dags/example_branch_labels.py took 0.074 seconds
[2022-11-09T00:27:33.072+0000] {processor.py:154} INFO - Started process (PID=30737) to work on /home/airflow/.local/lib/python3.7/site-packages/airflow/example_dags/example_branch_labels.py
[2022-11-09T00:27:33.073+0000] {processor.py:756} INFO - Processing file /home/airflow/.local/lib/python3.7/site-packages/airflow/example_dags/example_branch_labels.py for tasks to queue
[2022-11-09T00:27:33.078+0000] {logging_mixin.py:120} INFO - [2022-11-09T00:27:33.074+0000] {dagbag.py:537} INFO - Filling up the DagBag from /home/airflow/.local/lib/python3.7/site-packages/airflow/example_dags/example_branch_labels.py
[2022-11-09T00:27:33.102+0000] {processor.py:766} INFO - DAG(s) dict_keys(['example_branch_labels']) retrieved from /home/airflow/.local/lib/python3.7/site-packages/airflow/example_dags/example_branch_labels.py
[2022-11-09T00:27:33.162+0000] {logging_mixin.py:120} INFO - [2022-11-09T00:27:33.162+0000] {dag.py:2585} INFO - Sync 1 DAGs
[2022-11-09T00:27:33.187+0000] {logging_mixin.py:120} INFO - [2022-11-09T00:27:33.187+0000] {dag.py:3340} INFO - Setting next_dagrun for example_branch_labels to 2022-11-08T00:00:00+00:00, run_after=2022-11-09T00:00:00+00:00
[2022-11-09T00:27:33.210+0000] {processor.py:176} INFO - Processing /home/airflow/.local/lib/python3.7/site-packages/airflow/example_dags/example_branch_labels.py took 0.141 seconds
[2022-11-09T01:00:46.951+0000] {processor.py:154} INFO - Started process (PID=30787) to work on /home/airflow/.local/lib/python3.7/site-packages/airflow/example_dags/example_branch_labels.py
[2022-11-09T01:00:46.963+0000] {processor.py:756} INFO - Processing file /home/airflow/.local/lib/python3.7/site-packages/airflow/example_dags/example_branch_labels.py for tasks to queue
[2022-11-09T01:00:46.964+0000] {logging_mixin.py:120} INFO - [2022-11-09T01:00:46.964+0000] {dagbag.py:537} INFO - Filling up the DagBag from /home/airflow/.local/lib/python3.7/site-packages/airflow/example_dags/example_branch_labels.py
[2022-11-09T01:00:47.328+0000] {processor.py:766} INFO - DAG(s) dict_keys(['example_branch_labels']) retrieved from /home/airflow/.local/lib/python3.7/site-packages/airflow/example_dags/example_branch_labels.py
[2022-11-09T01:00:47.414+0000] {logging_mixin.py:120} INFO - [2022-11-09T01:00:47.414+0000] {dag.py:2585} INFO - Sync 1 DAGs
[2022-11-09T01:00:47.443+0000] {logging_mixin.py:120} INFO - [2022-11-09T01:00:47.443+0000] {dag.py:3340} INFO - Setting next_dagrun for example_branch_labels to 2022-11-08T00:00:00+00:00, run_after=2022-11-09T00:00:00+00:00
[2022-11-09T01:00:47.464+0000] {processor.py:176} INFO - Processing /home/airflow/.local/lib/python3.7/site-packages/airflow/example_dags/example_branch_labels.py took 0.518 seconds
[2022-11-09T01:34:42.921+0000] {processor.py:154} INFO - Started process (PID=30835) to work on /home/airflow/.local/lib/python3.7/site-packages/airflow/example_dags/example_branch_labels.py
[2022-11-09T01:34:42.922+0000] {processor.py:756} INFO - Processing file /home/airflow/.local/lib/python3.7/site-packages/airflow/example_dags/example_branch_labels.py for tasks to queue
[2022-11-09T01:34:42.928+0000] {logging_mixin.py:120} INFO - [2022-11-09T01:34:42.928+0000] {dagbag.py:537} INFO - Filling up the DagBag from /home/airflow/.local/lib/python3.7/site-packages/airflow/example_dags/example_branch_labels.py
[2022-11-09T01:34:42.939+0000] {processor.py:766} INFO - DAG(s) dict_keys(['example_branch_labels']) retrieved from /home/airflow/.local/lib/python3.7/site-packages/airflow/example_dags/example_branch_labels.py
[2022-11-09T01:34:42.987+0000] {logging_mixin.py:120} INFO - [2022-11-09T01:34:42.987+0000] {dag.py:2585} INFO - Sync 1 DAGs
[2022-11-09T01:34:43.004+0000] {logging_mixin.py:120} INFO - [2022-11-09T01:34:43.004+0000] {dag.py:3340} INFO - Setting next_dagrun for example_branch_labels to 2022-11-08T00:00:00+00:00, run_after=2022-11-09T00:00:00+00:00
[2022-11-09T01:34:43.018+0000] {processor.py:176} INFO - Processing /home/airflow/.local/lib/python3.7/site-packages/airflow/example_dags/example_branch_labels.py took 0.099 seconds
[2022-11-09T01:50:22.904+0000] {processor.py:154} INFO - Started process (PID=30882) to work on /home/airflow/.local/lib/python3.7/site-packages/airflow/example_dags/example_branch_labels.py
[2022-11-09T01:50:22.910+0000] {processor.py:756} INFO - Processing file /home/airflow/.local/lib/python3.7/site-packages/airflow/example_dags/example_branch_labels.py for tasks to queue
[2022-11-09T01:50:22.911+0000] {logging_mixin.py:120} INFO - [2022-11-09T01:50:22.911+0000] {dagbag.py:537} INFO - Filling up the DagBag from /home/airflow/.local/lib/python3.7/site-packages/airflow/example_dags/example_branch_labels.py
[2022-11-09T01:50:22.932+0000] {processor.py:766} INFO - DAG(s) dict_keys(['example_branch_labels']) retrieved from /home/airflow/.local/lib/python3.7/site-packages/airflow/example_dags/example_branch_labels.py
[2022-11-09T01:50:23.005+0000] {logging_mixin.py:120} INFO - [2022-11-09T01:50:23.005+0000] {dag.py:2585} INFO - Sync 1 DAGs
[2022-11-09T01:50:23.040+0000] {logging_mixin.py:120} INFO - [2022-11-09T01:50:23.039+0000] {dag.py:3340} INFO - Setting next_dagrun for example_branch_labels to 2022-11-08T00:00:00+00:00, run_after=2022-11-09T00:00:00+00:00
[2022-11-09T01:50:23.064+0000] {processor.py:176} INFO - Processing /home/airflow/.local/lib/python3.7/site-packages/airflow/example_dags/example_branch_labels.py took 0.166 seconds
[2022-11-09T01:55:22.574+0000] {processor.py:154} INFO - Started process (PID=30930) to work on /home/airflow/.local/lib/python3.7/site-packages/airflow/example_dags/example_branch_labels.py
[2022-11-09T01:55:22.575+0000] {processor.py:756} INFO - Processing file /home/airflow/.local/lib/python3.7/site-packages/airflow/example_dags/example_branch_labels.py for tasks to queue
[2022-11-09T01:55:22.575+0000] {logging_mixin.py:120} INFO - [2022-11-09T01:55:22.575+0000] {dagbag.py:537} INFO - Filling up the DagBag from /home/airflow/.local/lib/python3.7/site-packages/airflow/example_dags/example_branch_labels.py
[2022-11-09T01:55:22.585+0000] {processor.py:766} INFO - DAG(s) dict_keys(['example_branch_labels']) retrieved from /home/airflow/.local/lib/python3.7/site-packages/airflow/example_dags/example_branch_labels.py
[2022-11-09T01:55:22.610+0000] {logging_mixin.py:120} INFO - [2022-11-09T01:55:22.610+0000] {dag.py:2585} INFO - Sync 1 DAGs
[2022-11-09T01:55:22.624+0000] {logging_mixin.py:120} INFO - [2022-11-09T01:55:22.624+0000] {dag.py:3340} INFO - Setting next_dagrun for example_branch_labels to 2022-11-08T00:00:00+00:00, run_after=2022-11-09T00:00:00+00:00
[2022-11-09T01:55:22.633+0000] {processor.py:176} INFO - Processing /home/airflow/.local/lib/python3.7/site-packages/airflow/example_dags/example_branch_labels.py took 0.061 seconds
[2022-11-09T02:10:47.948+0000] {processor.py:154} INFO - Started process (PID=30977) to work on /home/airflow/.local/lib/python3.7/site-packages/airflow/example_dags/example_branch_labels.py
[2022-11-09T02:10:47.949+0000] {processor.py:756} INFO - Processing file /home/airflow/.local/lib/python3.7/site-packages/airflow/example_dags/example_branch_labels.py for tasks to queue
[2022-11-09T02:10:47.952+0000] {logging_mixin.py:120} INFO - [2022-11-09T02:10:47.952+0000] {dagbag.py:537} INFO - Filling up the DagBag from /home/airflow/.local/lib/python3.7/site-packages/airflow/example_dags/example_branch_labels.py
[2022-11-09T02:10:47.961+0000] {processor.py:766} INFO - DAG(s) dict_keys(['example_branch_labels']) retrieved from /home/airflow/.local/lib/python3.7/site-packages/airflow/example_dags/example_branch_labels.py
[2022-11-09T02:10:48.013+0000] {logging_mixin.py:120} INFO - [2022-11-09T02:10:48.013+0000] {dag.py:2585} INFO - Sync 1 DAGs
[2022-11-09T02:10:48.043+0000] {logging_mixin.py:120} INFO - [2022-11-09T02:10:48.043+0000] {dag.py:3340} INFO - Setting next_dagrun for example_branch_labels to 2022-11-08T00:00:00+00:00, run_after=2022-11-09T00:00:00+00:00
[2022-11-09T02:10:48.063+0000] {processor.py:176} INFO - Processing /home/airflow/.local/lib/python3.7/site-packages/airflow/example_dags/example_branch_labels.py took 0.118 seconds
[2022-11-09T02:26:22.526+0000] {processor.py:154} INFO - Started process (PID=31024) to work on /home/airflow/.local/lib/python3.7/site-packages/airflow/example_dags/example_branch_labels.py
[2022-11-09T02:26:22.526+0000] {processor.py:756} INFO - Processing file /home/airflow/.local/lib/python3.7/site-packages/airflow/example_dags/example_branch_labels.py for tasks to queue
[2022-11-09T02:26:22.527+0000] {logging_mixin.py:120} INFO - [2022-11-09T02:26:22.527+0000] {dagbag.py:537} INFO - Filling up the DagBag from /home/airflow/.local/lib/python3.7/site-packages/airflow/example_dags/example_branch_labels.py
[2022-11-09T02:26:22.535+0000] {processor.py:766} INFO - DAG(s) dict_keys(['example_branch_labels']) retrieved from /home/airflow/.local/lib/python3.7/site-packages/airflow/example_dags/example_branch_labels.py
[2022-11-09T02:26:22.558+0000] {logging_mixin.py:120} INFO - [2022-11-09T02:26:22.557+0000] {dag.py:2585} INFO - Sync 1 DAGs
[2022-11-09T02:26:22.572+0000] {logging_mixin.py:120} INFO - [2022-11-09T02:26:22.572+0000] {dag.py:3340} INFO - Setting next_dagrun for example_branch_labels to 2022-11-08T00:00:00+00:00, run_after=2022-11-09T00:00:00+00:00
[2022-11-09T02:26:22.581+0000] {processor.py:176} INFO - Processing /home/airflow/.local/lib/python3.7/site-packages/airflow/example_dags/example_branch_labels.py took 0.057 seconds
[2022-11-09T02:44:00.101+0000] {processor.py:154} INFO - Started process (PID=31072) to work on /home/airflow/.local/lib/python3.7/site-packages/airflow/example_dags/example_branch_labels.py
[2022-11-09T02:44:00.102+0000] {processor.py:756} INFO - Processing file /home/airflow/.local/lib/python3.7/site-packages/airflow/example_dags/example_branch_labels.py for tasks to queue
[2022-11-09T02:44:00.103+0000] {logging_mixin.py:120} INFO - [2022-11-09T02:44:00.103+0000] {dagbag.py:537} INFO - Filling up the DagBag from /home/airflow/.local/lib/python3.7/site-packages/airflow/example_dags/example_branch_labels.py
[2022-11-09T02:44:00.121+0000] {processor.py:766} INFO - DAG(s) dict_keys(['example_branch_labels']) retrieved from /home/airflow/.local/lib/python3.7/site-packages/airflow/example_dags/example_branch_labels.py
[2022-11-09T02:44:00.167+0000] {logging_mixin.py:120} INFO - [2022-11-09T02:44:00.167+0000] {dag.py:2585} INFO - Sync 1 DAGs
[2022-11-09T02:44:00.195+0000] {logging_mixin.py:120} INFO - [2022-11-09T02:44:00.195+0000] {dag.py:3340} INFO - Setting next_dagrun for example_branch_labels to 2022-11-08T00:00:00+00:00, run_after=2022-11-09T00:00:00+00:00
[2022-11-09T02:44:00.217+0000] {processor.py:176} INFO - Processing /home/airflow/.local/lib/python3.7/site-packages/airflow/example_dags/example_branch_labels.py took 0.121 seconds
[2022-11-09T03:01:02.229+0000] {processor.py:154} INFO - Started process (PID=31131) to work on /home/airflow/.local/lib/python3.7/site-packages/airflow/example_dags/example_branch_labels.py
[2022-11-09T03:01:02.231+0000] {processor.py:756} INFO - Processing file /home/airflow/.local/lib/python3.7/site-packages/airflow/example_dags/example_branch_labels.py for tasks to queue
[2022-11-09T03:01:02.232+0000] {logging_mixin.py:120} INFO - [2022-11-09T03:01:02.232+0000] {dagbag.py:537} INFO - Filling up the DagBag from /home/airflow/.local/lib/python3.7/site-packages/airflow/example_dags/example_branch_labels.py
[2022-11-09T03:01:02.244+0000] {processor.py:766} INFO - DAG(s) dict_keys(['example_branch_labels']) retrieved from /home/airflow/.local/lib/python3.7/site-packages/airflow/example_dags/example_branch_labels.py
[2022-11-09T03:01:02.276+0000] {logging_mixin.py:120} INFO - [2022-11-09T03:01:02.276+0000] {dag.py:2585} INFO - Sync 1 DAGs
[2022-11-09T03:01:02.293+0000] {logging_mixin.py:120} INFO - [2022-11-09T03:01:02.293+0000] {dag.py:3340} INFO - Setting next_dagrun for example_branch_labels to 2022-11-08T00:00:00+00:00, run_after=2022-11-09T00:00:00+00:00
[2022-11-09T03:01:02.304+0000] {processor.py:176} INFO - Processing /home/airflow/.local/lib/python3.7/site-packages/airflow/example_dags/example_branch_labels.py took 0.080 seconds
[2022-11-09T03:03:51.379+0000] {processor.py:154} INFO - Started process (PID=31196) to work on /home/airflow/.local/lib/python3.7/site-packages/airflow/example_dags/example_branch_labels.py
[2022-11-09T03:03:51.379+0000] {processor.py:756} INFO - Processing file /home/airflow/.local/lib/python3.7/site-packages/airflow/example_dags/example_branch_labels.py for tasks to queue
[2022-11-09T03:03:51.380+0000] {logging_mixin.py:120} INFO - [2022-11-09T03:03:51.380+0000] {dagbag.py:537} INFO - Filling up the DagBag from /home/airflow/.local/lib/python3.7/site-packages/airflow/example_dags/example_branch_labels.py
[2022-11-09T03:03:51.388+0000] {processor.py:766} INFO - DAG(s) dict_keys(['example_branch_labels']) retrieved from /home/airflow/.local/lib/python3.7/site-packages/airflow/example_dags/example_branch_labels.py
[2022-11-09T03:03:51.411+0000] {logging_mixin.py:120} INFO - [2022-11-09T03:03:51.411+0000] {dag.py:2585} INFO - Sync 1 DAGs
[2022-11-09T03:03:51.425+0000] {logging_mixin.py:120} INFO - [2022-11-09T03:03:51.424+0000] {dag.py:3340} INFO - Setting next_dagrun for example_branch_labels to 2022-11-08T00:00:00+00:00, run_after=2022-11-09T00:00:00+00:00
[2022-11-09T03:03:51.434+0000] {processor.py:176} INFO - Processing /home/airflow/.local/lib/python3.7/site-packages/airflow/example_dags/example_branch_labels.py took 0.058 seconds
[2022-11-09T03:19:27.291+0000] {processor.py:154} INFO - Started process (PID=31243) to work on /home/airflow/.local/lib/python3.7/site-packages/airflow/example_dags/example_branch_labels.py
[2022-11-09T03:19:27.292+0000] {processor.py:756} INFO - Processing file /home/airflow/.local/lib/python3.7/site-packages/airflow/example_dags/example_branch_labels.py for tasks to queue
[2022-11-09T03:19:27.293+0000] {logging_mixin.py:120} INFO - [2022-11-09T03:19:27.293+0000] {dagbag.py:537} INFO - Filling up the DagBag from /home/airflow/.local/lib/python3.7/site-packages/airflow/example_dags/example_branch_labels.py
[2022-11-09T03:19:27.313+0000] {processor.py:766} INFO - DAG(s) dict_keys(['example_branch_labels']) retrieved from /home/airflow/.local/lib/python3.7/site-packages/airflow/example_dags/example_branch_labels.py
[2022-11-09T03:19:27.345+0000] {logging_mixin.py:120} INFO - [2022-11-09T03:19:27.345+0000] {dag.py:2585} INFO - Sync 1 DAGs
[2022-11-09T03:19:27.360+0000] {logging_mixin.py:120} INFO - [2022-11-09T03:19:27.360+0000] {dag.py:3340} INFO - Setting next_dagrun for example_branch_labels to 2022-11-08T00:00:00+00:00, run_after=2022-11-09T00:00:00+00:00
[2022-11-09T03:19:27.376+0000] {processor.py:176} INFO - Processing /home/airflow/.local/lib/python3.7/site-packages/airflow/example_dags/example_branch_labels.py took 0.087 seconds
[2022-11-09T03:35:50.791+0000] {processor.py:154} INFO - Started process (PID=31301) to work on /home/airflow/.local/lib/python3.7/site-packages/airflow/example_dags/example_branch_labels.py
[2022-11-09T03:35:50.792+0000] {processor.py:756} INFO - Processing file /home/airflow/.local/lib/python3.7/site-packages/airflow/example_dags/example_branch_labels.py for tasks to queue
[2022-11-09T03:35:50.793+0000] {logging_mixin.py:120} INFO - [2022-11-09T03:35:50.793+0000] {dagbag.py:537} INFO - Filling up the DagBag from /home/airflow/.local/lib/python3.7/site-packages/airflow/example_dags/example_branch_labels.py
[2022-11-09T03:35:50.806+0000] {processor.py:766} INFO - DAG(s) dict_keys(['example_branch_labels']) retrieved from /home/airflow/.local/lib/python3.7/site-packages/airflow/example_dags/example_branch_labels.py
[2022-11-09T03:35:50.845+0000] {logging_mixin.py:120} INFO - [2022-11-09T03:35:50.845+0000] {dag.py:2585} INFO - Sync 1 DAGs
[2022-11-09T03:35:50.862+0000] {logging_mixin.py:120} INFO - [2022-11-09T03:35:50.862+0000] {dag.py:3340} INFO - Setting next_dagrun for example_branch_labels to 2022-11-08T00:00:00+00:00, run_after=2022-11-09T00:00:00+00:00
[2022-11-09T03:35:50.874+0000] {processor.py:176} INFO - Processing /home/airflow/.local/lib/python3.7/site-packages/airflow/example_dags/example_branch_labels.py took 0.089 seconds
[2022-11-09T03:58:26.445+0000] {processor.py:154} INFO - Started process (PID=31348) to work on /home/airflow/.local/lib/python3.7/site-packages/airflow/example_dags/example_branch_labels.py
[2022-11-09T03:58:26.445+0000] {processor.py:756} INFO - Processing file /home/airflow/.local/lib/python3.7/site-packages/airflow/example_dags/example_branch_labels.py for tasks to queue
[2022-11-09T03:58:26.446+0000] {logging_mixin.py:120} INFO - [2022-11-09T03:58:26.446+0000] {dagbag.py:537} INFO - Filling up the DagBag from /home/airflow/.local/lib/python3.7/site-packages/airflow/example_dags/example_branch_labels.py
[2022-11-09T03:58:26.454+0000] {processor.py:766} INFO - DAG(s) dict_keys(['example_branch_labels']) retrieved from /home/airflow/.local/lib/python3.7/site-packages/airflow/example_dags/example_branch_labels.py
[2022-11-09T03:58:26.476+0000] {logging_mixin.py:120} INFO - [2022-11-09T03:58:26.476+0000] {dag.py:2585} INFO - Sync 1 DAGs
[2022-11-09T03:58:26.490+0000] {logging_mixin.py:120} INFO - [2022-11-09T03:58:26.490+0000] {dag.py:3340} INFO - Setting next_dagrun for example_branch_labels to 2022-11-08T00:00:00+00:00, run_after=2022-11-09T00:00:00+00:00
[2022-11-09T03:58:26.501+0000] {processor.py:176} INFO - Processing /home/airflow/.local/lib/python3.7/site-packages/airflow/example_dags/example_branch_labels.py took 0.058 seconds
[2022-11-09T03:58:57.188+0000] {processor.py:154} INFO - Started process (PID=31418) to work on /home/airflow/.local/lib/python3.7/site-packages/airflow/example_dags/example_branch_labels.py
[2022-11-09T03:58:57.188+0000] {processor.py:756} INFO - Processing file /home/airflow/.local/lib/python3.7/site-packages/airflow/example_dags/example_branch_labels.py for tasks to queue
[2022-11-09T03:58:57.189+0000] {logging_mixin.py:120} INFO - [2022-11-09T03:58:57.189+0000] {dagbag.py:537} INFO - Filling up the DagBag from /home/airflow/.local/lib/python3.7/site-packages/airflow/example_dags/example_branch_labels.py
[2022-11-09T03:58:57.197+0000] {processor.py:766} INFO - DAG(s) dict_keys(['example_branch_labels']) retrieved from /home/airflow/.local/lib/python3.7/site-packages/airflow/example_dags/example_branch_labels.py
[2022-11-09T03:58:57.221+0000] {logging_mixin.py:120} INFO - [2022-11-09T03:58:57.221+0000] {dag.py:2585} INFO - Sync 1 DAGs
[2022-11-09T03:58:57.236+0000] {logging_mixin.py:120} INFO - [2022-11-09T03:58:57.236+0000] {dag.py:3340} INFO - Setting next_dagrun for example_branch_labels to 2022-11-08T00:00:00+00:00, run_after=2022-11-09T00:00:00+00:00
[2022-11-09T03:58:57.247+0000] {processor.py:176} INFO - Processing /home/airflow/.local/lib/python3.7/site-packages/airflow/example_dags/example_branch_labels.py took 0.061 seconds
[2022-11-09T03:59:28.191+0000] {processor.py:154} INFO - Started process (PID=31490) to work on /home/airflow/.local/lib/python3.7/site-packages/airflow/example_dags/example_branch_labels.py
[2022-11-09T03:59:28.192+0000] {processor.py:756} INFO - Processing file /home/airflow/.local/lib/python3.7/site-packages/airflow/example_dags/example_branch_labels.py for tasks to queue
[2022-11-09T03:59:28.192+0000] {logging_mixin.py:120} INFO - [2022-11-09T03:59:28.192+0000] {dagbag.py:537} INFO - Filling up the DagBag from /home/airflow/.local/lib/python3.7/site-packages/airflow/example_dags/example_branch_labels.py
[2022-11-09T03:59:28.200+0000] {processor.py:766} INFO - DAG(s) dict_keys(['example_branch_labels']) retrieved from /home/airflow/.local/lib/python3.7/site-packages/airflow/example_dags/example_branch_labels.py
[2022-11-09T03:59:28.223+0000] {logging_mixin.py:120} INFO - [2022-11-09T03:59:28.223+0000] {dag.py:2585} INFO - Sync 1 DAGs
[2022-11-09T03:59:28.237+0000] {logging_mixin.py:120} INFO - [2022-11-09T03:59:28.237+0000] {dag.py:3340} INFO - Setting next_dagrun for example_branch_labels to 2022-11-08T00:00:00+00:00, run_after=2022-11-09T00:00:00+00:00
[2022-11-09T03:59:28.246+0000] {processor.py:176} INFO - Processing /home/airflow/.local/lib/python3.7/site-packages/airflow/example_dags/example_branch_labels.py took 0.057 seconds
[2022-11-09T03:59:59.111+0000] {processor.py:154} INFO - Started process (PID=31547) to work on /home/airflow/.local/lib/python3.7/site-packages/airflow/example_dags/example_branch_labels.py
[2022-11-09T03:59:59.111+0000] {processor.py:756} INFO - Processing file /home/airflow/.local/lib/python3.7/site-packages/airflow/example_dags/example_branch_labels.py for tasks to queue
[2022-11-09T03:59:59.112+0000] {logging_mixin.py:120} INFO - [2022-11-09T03:59:59.112+0000] {dagbag.py:537} INFO - Filling up the DagBag from /home/airflow/.local/lib/python3.7/site-packages/airflow/example_dags/example_branch_labels.py
[2022-11-09T03:59:59.122+0000] {processor.py:766} INFO - DAG(s) dict_keys(['example_branch_labels']) retrieved from /home/airflow/.local/lib/python3.7/site-packages/airflow/example_dags/example_branch_labels.py
[2022-11-09T03:59:59.146+0000] {logging_mixin.py:120} INFO - [2022-11-09T03:59:59.146+0000] {dag.py:2585} INFO - Sync 1 DAGs
[2022-11-09T03:59:59.160+0000] {logging_mixin.py:120} INFO - [2022-11-09T03:59:59.160+0000] {dag.py:3340} INFO - Setting next_dagrun for example_branch_labels to 2022-11-08T00:00:00+00:00, run_after=2022-11-09T00:00:00+00:00
[2022-11-09T03:59:59.172+0000] {processor.py:176} INFO - Processing /home/airflow/.local/lib/python3.7/site-packages/airflow/example_dags/example_branch_labels.py took 0.063 seconds
[2022-11-09T04:00:29.999+0000] {processor.py:154} INFO - Started process (PID=31613) to work on /home/airflow/.local/lib/python3.7/site-packages/airflow/example_dags/example_branch_labels.py
[2022-11-09T04:00:30.000+0000] {processor.py:756} INFO - Processing file /home/airflow/.local/lib/python3.7/site-packages/airflow/example_dags/example_branch_labels.py for tasks to queue
[2022-11-09T04:00:30.000+0000] {logging_mixin.py:120} INFO - [2022-11-09T04:00:30.000+0000] {dagbag.py:537} INFO - Filling up the DagBag from /home/airflow/.local/lib/python3.7/site-packages/airflow/example_dags/example_branch_labels.py
[2022-11-09T04:00:30.008+0000] {processor.py:766} INFO - DAG(s) dict_keys(['example_branch_labels']) retrieved from /home/airflow/.local/lib/python3.7/site-packages/airflow/example_dags/example_branch_labels.py
[2022-11-09T04:00:30.032+0000] {logging_mixin.py:120} INFO - [2022-11-09T04:00:30.032+0000] {dag.py:2585} INFO - Sync 1 DAGs
[2022-11-09T04:00:30.045+0000] {logging_mixin.py:120} INFO - [2022-11-09T04:00:30.045+0000] {dag.py:3340} INFO - Setting next_dagrun for example_branch_labels to 2022-11-08T00:00:00+00:00, run_after=2022-11-09T00:00:00+00:00
[2022-11-09T04:00:30.057+0000] {processor.py:176} INFO - Processing /home/airflow/.local/lib/python3.7/site-packages/airflow/example_dags/example_branch_labels.py took 0.059 seconds
[2022-11-09T04:01:01.121+0000] {processor.py:154} INFO - Started process (PID=31678) to work on /home/airflow/.local/lib/python3.7/site-packages/airflow/example_dags/example_branch_labels.py
[2022-11-09T04:01:01.122+0000] {processor.py:756} INFO - Processing file /home/airflow/.local/lib/python3.7/site-packages/airflow/example_dags/example_branch_labels.py for tasks to queue
[2022-11-09T04:01:01.122+0000] {logging_mixin.py:120} INFO - [2022-11-09T04:01:01.122+0000] {dagbag.py:537} INFO - Filling up the DagBag from /home/airflow/.local/lib/python3.7/site-packages/airflow/example_dags/example_branch_labels.py
[2022-11-09T04:01:01.132+0000] {processor.py:766} INFO - DAG(s) dict_keys(['example_branch_labels']) retrieved from /home/airflow/.local/lib/python3.7/site-packages/airflow/example_dags/example_branch_labels.py
[2022-11-09T04:01:01.156+0000] {logging_mixin.py:120} INFO - [2022-11-09T04:01:01.156+0000] {dag.py:2585} INFO - Sync 1 DAGs
[2022-11-09T04:01:01.171+0000] {logging_mixin.py:120} INFO - [2022-11-09T04:01:01.171+0000] {dag.py:3340} INFO - Setting next_dagrun for example_branch_labels to 2022-11-08T00:00:00+00:00, run_after=2022-11-09T00:00:00+00:00
[2022-11-09T04:01:01.181+0000] {processor.py:176} INFO - Processing /home/airflow/.local/lib/python3.7/site-packages/airflow/example_dags/example_branch_labels.py took 0.062 seconds
[2022-11-09T04:01:31.209+0000] {processor.py:154} INFO - Started process (PID=31743) to work on /home/airflow/.local/lib/python3.7/site-packages/airflow/example_dags/example_branch_labels.py
[2022-11-09T04:01:31.209+0000] {processor.py:756} INFO - Processing file /home/airflow/.local/lib/python3.7/site-packages/airflow/example_dags/example_branch_labels.py for tasks to queue
[2022-11-09T04:01:31.209+0000] {logging_mixin.py:120} INFO - [2022-11-09T04:01:31.209+0000] {dagbag.py:537} INFO - Filling up the DagBag from /home/airflow/.local/lib/python3.7/site-packages/airflow/example_dags/example_branch_labels.py
[2022-11-09T04:01:31.218+0000] {processor.py:766} INFO - DAG(s) dict_keys(['example_branch_labels']) retrieved from /home/airflow/.local/lib/python3.7/site-packages/airflow/example_dags/example_branch_labels.py
[2022-11-09T04:01:31.240+0000] {logging_mixin.py:120} INFO - [2022-11-09T04:01:31.240+0000] {dag.py:2585} INFO - Sync 1 DAGs
[2022-11-09T04:01:31.252+0000] {logging_mixin.py:120} INFO - [2022-11-09T04:01:31.252+0000] {dag.py:3340} INFO - Setting next_dagrun for example_branch_labels to 2022-11-08T00:00:00+00:00, run_after=2022-11-09T00:00:00+00:00
[2022-11-09T04:01:31.261+0000] {processor.py:176} INFO - Processing /home/airflow/.local/lib/python3.7/site-packages/airflow/example_dags/example_branch_labels.py took 0.054 seconds
[2022-11-09T04:02:01.320+0000] {processor.py:154} INFO - Started process (PID=31813) to work on /home/airflow/.local/lib/python3.7/site-packages/airflow/example_dags/example_branch_labels.py
[2022-11-09T04:02:01.321+0000] {processor.py:756} INFO - Processing file /home/airflow/.local/lib/python3.7/site-packages/airflow/example_dags/example_branch_labels.py for tasks to queue
[2022-11-09T04:02:01.321+0000] {logging_mixin.py:120} INFO - [2022-11-09T04:02:01.321+0000] {dagbag.py:537} INFO - Filling up the DagBag from /home/airflow/.local/lib/python3.7/site-packages/airflow/example_dags/example_branch_labels.py
[2022-11-09T04:02:01.330+0000] {processor.py:766} INFO - DAG(s) dict_keys(['example_branch_labels']) retrieved from /home/airflow/.local/lib/python3.7/site-packages/airflow/example_dags/example_branch_labels.py
[2022-11-09T04:02:01.352+0000] {logging_mixin.py:120} INFO - [2022-11-09T04:02:01.352+0000] {dag.py:2585} INFO - Sync 1 DAGs
[2022-11-09T04:02:01.364+0000] {logging_mixin.py:120} INFO - [2022-11-09T04:02:01.364+0000] {dag.py:3340} INFO - Setting next_dagrun for example_branch_labels to 2022-11-08T00:00:00+00:00, run_after=2022-11-09T00:00:00+00:00
[2022-11-09T04:02:01.372+0000] {processor.py:176} INFO - Processing /home/airflow/.local/lib/python3.7/site-packages/airflow/example_dags/example_branch_labels.py took 0.054 seconds
[2022-11-09T04:02:31.534+0000] {processor.py:154} INFO - Started process (PID=31881) to work on /home/airflow/.local/lib/python3.7/site-packages/airflow/example_dags/example_branch_labels.py
[2022-11-09T04:02:31.534+0000] {processor.py:756} INFO - Processing file /home/airflow/.local/lib/python3.7/site-packages/airflow/example_dags/example_branch_labels.py for tasks to queue
[2022-11-09T04:02:31.535+0000] {logging_mixin.py:120} INFO - [2022-11-09T04:02:31.535+0000] {dagbag.py:537} INFO - Filling up the DagBag from /home/airflow/.local/lib/python3.7/site-packages/airflow/example_dags/example_branch_labels.py
[2022-11-09T04:02:31.544+0000] {processor.py:766} INFO - DAG(s) dict_keys(['example_branch_labels']) retrieved from /home/airflow/.local/lib/python3.7/site-packages/airflow/example_dags/example_branch_labels.py
[2022-11-09T04:02:31.566+0000] {logging_mixin.py:120} INFO - [2022-11-09T04:02:31.566+0000] {dag.py:2585} INFO - Sync 1 DAGs
[2022-11-09T04:02:31.580+0000] {logging_mixin.py:120} INFO - [2022-11-09T04:02:31.580+0000] {dag.py:3340} INFO - Setting next_dagrun for example_branch_labels to 2022-11-08T00:00:00+00:00, run_after=2022-11-09T00:00:00+00:00
[2022-11-09T04:02:31.591+0000] {processor.py:176} INFO - Processing /home/airflow/.local/lib/python3.7/site-packages/airflow/example_dags/example_branch_labels.py took 0.059 seconds
[2022-11-09T04:03:02.613+0000] {processor.py:154} INFO - Started process (PID=31947) to work on /home/airflow/.local/lib/python3.7/site-packages/airflow/example_dags/example_branch_labels.py
[2022-11-09T04:03:02.614+0000] {processor.py:756} INFO - Processing file /home/airflow/.local/lib/python3.7/site-packages/airflow/example_dags/example_branch_labels.py for tasks to queue
[2022-11-09T04:03:02.615+0000] {logging_mixin.py:120} INFO - [2022-11-09T04:03:02.615+0000] {dagbag.py:537} INFO - Filling up the DagBag from /home/airflow/.local/lib/python3.7/site-packages/airflow/example_dags/example_branch_labels.py
[2022-11-09T04:03:02.626+0000] {processor.py:766} INFO - DAG(s) dict_keys(['example_branch_labels']) retrieved from /home/airflow/.local/lib/python3.7/site-packages/airflow/example_dags/example_branch_labels.py
[2022-11-09T04:03:02.652+0000] {logging_mixin.py:120} INFO - [2022-11-09T04:03:02.652+0000] {dag.py:2585} INFO - Sync 1 DAGs
[2022-11-09T04:03:02.667+0000] {logging_mixin.py:120} INFO - [2022-11-09T04:03:02.667+0000] {dag.py:3340} INFO - Setting next_dagrun for example_branch_labels to 2022-11-08T00:00:00+00:00, run_after=2022-11-09T00:00:00+00:00
[2022-11-09T04:03:02.677+0000] {processor.py:176} INFO - Processing /home/airflow/.local/lib/python3.7/site-packages/airflow/example_dags/example_branch_labels.py took 0.068 seconds
[2022-11-09T04:03:32.897+0000] {processor.py:154} INFO - Started process (PID=32002) to work on /home/airflow/.local/lib/python3.7/site-packages/airflow/example_dags/example_branch_labels.py
[2022-11-09T04:03:32.897+0000] {processor.py:756} INFO - Processing file /home/airflow/.local/lib/python3.7/site-packages/airflow/example_dags/example_branch_labels.py for tasks to queue
[2022-11-09T04:03:32.898+0000] {logging_mixin.py:120} INFO - [2022-11-09T04:03:32.898+0000] {dagbag.py:537} INFO - Filling up the DagBag from /home/airflow/.local/lib/python3.7/site-packages/airflow/example_dags/example_branch_labels.py
[2022-11-09T04:03:32.906+0000] {processor.py:766} INFO - DAG(s) dict_keys(['example_branch_labels']) retrieved from /home/airflow/.local/lib/python3.7/site-packages/airflow/example_dags/example_branch_labels.py
[2022-11-09T04:03:32.927+0000] {logging_mixin.py:120} INFO - [2022-11-09T04:03:32.926+0000] {dag.py:2585} INFO - Sync 1 DAGs
[2022-11-09T04:03:32.939+0000] {logging_mixin.py:120} INFO - [2022-11-09T04:03:32.939+0000] {dag.py:3340} INFO - Setting next_dagrun for example_branch_labels to 2022-11-08T00:00:00+00:00, run_after=2022-11-09T00:00:00+00:00
[2022-11-09T04:03:32.948+0000] {processor.py:176} INFO - Processing /home/airflow/.local/lib/python3.7/site-packages/airflow/example_dags/example_branch_labels.py took 0.053 seconds
[2022-11-09T04:04:04.032+0000] {processor.py:154} INFO - Started process (PID=32072) to work on /home/airflow/.local/lib/python3.7/site-packages/airflow/example_dags/example_branch_labels.py
[2022-11-09T04:04:04.032+0000] {processor.py:756} INFO - Processing file /home/airflow/.local/lib/python3.7/site-packages/airflow/example_dags/example_branch_labels.py for tasks to queue
[2022-11-09T04:04:04.033+0000] {logging_mixin.py:120} INFO - [2022-11-09T04:04:04.033+0000] {dagbag.py:537} INFO - Filling up the DagBag from /home/airflow/.local/lib/python3.7/site-packages/airflow/example_dags/example_branch_labels.py
[2022-11-09T04:04:04.041+0000] {processor.py:766} INFO - DAG(s) dict_keys(['example_branch_labels']) retrieved from /home/airflow/.local/lib/python3.7/site-packages/airflow/example_dags/example_branch_labels.py
[2022-11-09T04:04:04.063+0000] {logging_mixin.py:120} INFO - [2022-11-09T04:04:04.063+0000] {dag.py:2585} INFO - Sync 1 DAGs
[2022-11-09T04:04:04.077+0000] {logging_mixin.py:120} INFO - [2022-11-09T04:04:04.077+0000] {dag.py:3340} INFO - Setting next_dagrun for example_branch_labels to 2022-11-08T00:00:00+00:00, run_after=2022-11-09T00:00:00+00:00
[2022-11-09T04:04:04.086+0000] {processor.py:176} INFO - Processing /home/airflow/.local/lib/python3.7/site-packages/airflow/example_dags/example_branch_labels.py took 0.056 seconds
[2022-11-09T04:04:35.137+0000] {processor.py:154} INFO - Started process (PID=32143) to work on /home/airflow/.local/lib/python3.7/site-packages/airflow/example_dags/example_branch_labels.py
[2022-11-09T04:04:35.138+0000] {processor.py:756} INFO - Processing file /home/airflow/.local/lib/python3.7/site-packages/airflow/example_dags/example_branch_labels.py for tasks to queue
[2022-11-09T04:04:35.138+0000] {logging_mixin.py:120} INFO - [2022-11-09T04:04:35.138+0000] {dagbag.py:537} INFO - Filling up the DagBag from /home/airflow/.local/lib/python3.7/site-packages/airflow/example_dags/example_branch_labels.py
[2022-11-09T04:04:35.147+0000] {processor.py:766} INFO - DAG(s) dict_keys(['example_branch_labels']) retrieved from /home/airflow/.local/lib/python3.7/site-packages/airflow/example_dags/example_branch_labels.py
[2022-11-09T04:04:35.169+0000] {logging_mixin.py:120} INFO - [2022-11-09T04:04:35.169+0000] {dag.py:2585} INFO - Sync 1 DAGs
[2022-11-09T04:04:35.184+0000] {logging_mixin.py:120} INFO - [2022-11-09T04:04:35.184+0000] {dag.py:3340} INFO - Setting next_dagrun for example_branch_labels to 2022-11-08T00:00:00+00:00, run_after=2022-11-09T00:00:00+00:00
[2022-11-09T04:04:35.193+0000] {processor.py:176} INFO - Processing /home/airflow/.local/lib/python3.7/site-packages/airflow/example_dags/example_branch_labels.py took 0.058 seconds
[2022-11-09T04:05:06.187+0000] {processor.py:154} INFO - Started process (PID=32210) to work on /home/airflow/.local/lib/python3.7/site-packages/airflow/example_dags/example_branch_labels.py
[2022-11-09T04:05:06.187+0000] {processor.py:756} INFO - Processing file /home/airflow/.local/lib/python3.7/site-packages/airflow/example_dags/example_branch_labels.py for tasks to queue
[2022-11-09T04:05:06.188+0000] {logging_mixin.py:120} INFO - [2022-11-09T04:05:06.188+0000] {dagbag.py:537} INFO - Filling up the DagBag from /home/airflow/.local/lib/python3.7/site-packages/airflow/example_dags/example_branch_labels.py
[2022-11-09T04:05:06.196+0000] {processor.py:766} INFO - DAG(s) dict_keys(['example_branch_labels']) retrieved from /home/airflow/.local/lib/python3.7/site-packages/airflow/example_dags/example_branch_labels.py
[2022-11-09T04:05:06.217+0000] {logging_mixin.py:120} INFO - [2022-11-09T04:05:06.217+0000] {dag.py:2585} INFO - Sync 1 DAGs
[2022-11-09T04:05:06.232+0000] {logging_mixin.py:120} INFO - [2022-11-09T04:05:06.231+0000] {dag.py:3340} INFO - Setting next_dagrun for example_branch_labels to 2022-11-08T00:00:00+00:00, run_after=2022-11-09T00:00:00+00:00
[2022-11-09T04:05:06.241+0000] {processor.py:176} INFO - Processing /home/airflow/.local/lib/python3.7/site-packages/airflow/example_dags/example_branch_labels.py took 0.057 seconds
[2022-11-09T04:05:37.051+0000] {processor.py:154} INFO - Started process (PID=32275) to work on /home/airflow/.local/lib/python3.7/site-packages/airflow/example_dags/example_branch_labels.py
[2022-11-09T04:05:37.051+0000] {processor.py:756} INFO - Processing file /home/airflow/.local/lib/python3.7/site-packages/airflow/example_dags/example_branch_labels.py for tasks to queue
[2022-11-09T04:05:37.052+0000] {logging_mixin.py:120} INFO - [2022-11-09T04:05:37.052+0000] {dagbag.py:537} INFO - Filling up the DagBag from /home/airflow/.local/lib/python3.7/site-packages/airflow/example_dags/example_branch_labels.py
[2022-11-09T04:05:37.060+0000] {processor.py:766} INFO - DAG(s) dict_keys(['example_branch_labels']) retrieved from /home/airflow/.local/lib/python3.7/site-packages/airflow/example_dags/example_branch_labels.py
[2022-11-09T04:05:37.082+0000] {logging_mixin.py:120} INFO - [2022-11-09T04:05:37.082+0000] {dag.py:2585} INFO - Sync 1 DAGs
[2022-11-09T04:05:37.096+0000] {logging_mixin.py:120} INFO - [2022-11-09T04:05:37.096+0000] {dag.py:3340} INFO - Setting next_dagrun for example_branch_labels to 2022-11-08T00:00:00+00:00, run_after=2022-11-09T00:00:00+00:00
[2022-11-09T04:05:37.106+0000] {processor.py:176} INFO - Processing /home/airflow/.local/lib/python3.7/site-packages/airflow/example_dags/example_branch_labels.py took 0.057 seconds
[2022-11-09T04:06:07.851+0000] {processor.py:154} INFO - Started process (PID=32340) to work on /home/airflow/.local/lib/python3.7/site-packages/airflow/example_dags/example_branch_labels.py
[2022-11-09T04:06:07.852+0000] {processor.py:756} INFO - Processing file /home/airflow/.local/lib/python3.7/site-packages/airflow/example_dags/example_branch_labels.py for tasks to queue
[2022-11-09T04:06:07.852+0000] {logging_mixin.py:120} INFO - [2022-11-09T04:06:07.852+0000] {dagbag.py:537} INFO - Filling up the DagBag from /home/airflow/.local/lib/python3.7/site-packages/airflow/example_dags/example_branch_labels.py
[2022-11-09T04:06:07.860+0000] {processor.py:766} INFO - DAG(s) dict_keys(['example_branch_labels']) retrieved from /home/airflow/.local/lib/python3.7/site-packages/airflow/example_dags/example_branch_labels.py
[2022-11-09T04:06:07.881+0000] {logging_mixin.py:120} INFO - [2022-11-09T04:06:07.881+0000] {dag.py:2585} INFO - Sync 1 DAGs
[2022-11-09T04:06:07.895+0000] {logging_mixin.py:120} INFO - [2022-11-09T04:06:07.895+0000] {dag.py:3340} INFO - Setting next_dagrun for example_branch_labels to 2022-11-08T00:00:00+00:00, run_after=2022-11-09T00:00:00+00:00
[2022-11-09T04:06:07.905+0000] {processor.py:176} INFO - Processing /home/airflow/.local/lib/python3.7/site-packages/airflow/example_dags/example_branch_labels.py took 0.055 seconds
[2022-11-09T04:06:38.707+0000] {processor.py:154} INFO - Started process (PID=32409) to work on /home/airflow/.local/lib/python3.7/site-packages/airflow/example_dags/example_branch_labels.py
[2022-11-09T04:06:38.707+0000] {processor.py:756} INFO - Processing file /home/airflow/.local/lib/python3.7/site-packages/airflow/example_dags/example_branch_labels.py for tasks to queue
[2022-11-09T04:06:38.708+0000] {logging_mixin.py:120} INFO - [2022-11-09T04:06:38.708+0000] {dagbag.py:537} INFO - Filling up the DagBag from /home/airflow/.local/lib/python3.7/site-packages/airflow/example_dags/example_branch_labels.py
[2022-11-09T04:06:38.716+0000] {processor.py:766} INFO - DAG(s) dict_keys(['example_branch_labels']) retrieved from /home/airflow/.local/lib/python3.7/site-packages/airflow/example_dags/example_branch_labels.py
[2022-11-09T04:06:38.741+0000] {logging_mixin.py:120} INFO - [2022-11-09T04:06:38.741+0000] {dag.py:2585} INFO - Sync 1 DAGs
[2022-11-09T04:06:38.756+0000] {logging_mixin.py:120} INFO - [2022-11-09T04:06:38.756+0000] {dag.py:3340} INFO - Setting next_dagrun for example_branch_labels to 2022-11-08T00:00:00+00:00, run_after=2022-11-09T00:00:00+00:00
[2022-11-09T04:06:38.766+0000] {processor.py:176} INFO - Processing /home/airflow/.local/lib/python3.7/site-packages/airflow/example_dags/example_branch_labels.py took 0.061 seconds
[2022-11-09T04:17:37.921+0000] {processor.py:154} INFO - Started process (PID=32468) to work on /home/airflow/.local/lib/python3.7/site-packages/airflow/example_dags/example_branch_labels.py
[2022-11-09T04:17:37.921+0000] {processor.py:756} INFO - Processing file /home/airflow/.local/lib/python3.7/site-packages/airflow/example_dags/example_branch_labels.py for tasks to queue
[2022-11-09T04:17:37.922+0000] {logging_mixin.py:120} INFO - [2022-11-09T04:17:37.922+0000] {dagbag.py:537} INFO - Filling up the DagBag from /home/airflow/.local/lib/python3.7/site-packages/airflow/example_dags/example_branch_labels.py
[2022-11-09T04:17:37.930+0000] {processor.py:766} INFO - DAG(s) dict_keys(['example_branch_labels']) retrieved from /home/airflow/.local/lib/python3.7/site-packages/airflow/example_dags/example_branch_labels.py
[2022-11-09T04:17:37.952+0000] {logging_mixin.py:120} INFO - [2022-11-09T04:17:37.952+0000] {dag.py:2585} INFO - Sync 1 DAGs
[2022-11-09T04:17:37.966+0000] {logging_mixin.py:120} INFO - [2022-11-09T04:17:37.966+0000] {dag.py:3340} INFO - Setting next_dagrun for example_branch_labels to 2022-11-08T00:00:00+00:00, run_after=2022-11-09T00:00:00+00:00
[2022-11-09T04:17:37.976+0000] {processor.py:176} INFO - Processing /home/airflow/.local/lib/python3.7/site-packages/airflow/example_dags/example_branch_labels.py took 0.057 seconds
[2022-11-09T04:18:08.425+0000] {processor.py:154} INFO - Started process (PID=32535) to work on /home/airflow/.local/lib/python3.7/site-packages/airflow/example_dags/example_branch_labels.py
[2022-11-09T04:18:08.435+0000] {processor.py:756} INFO - Processing file /home/airflow/.local/lib/python3.7/site-packages/airflow/example_dags/example_branch_labels.py for tasks to queue
[2022-11-09T04:18:08.435+0000] {logging_mixin.py:120} INFO - [2022-11-09T04:18:08.435+0000] {dagbag.py:537} INFO - Filling up the DagBag from /home/airflow/.local/lib/python3.7/site-packages/airflow/example_dags/example_branch_labels.py
[2022-11-09T04:18:08.444+0000] {processor.py:766} INFO - DAG(s) dict_keys(['example_branch_labels']) retrieved from /home/airflow/.local/lib/python3.7/site-packages/airflow/example_dags/example_branch_labels.py
[2022-11-09T04:18:08.465+0000] {logging_mixin.py:120} INFO - [2022-11-09T04:18:08.465+0000] {dag.py:2585} INFO - Sync 1 DAGs
[2022-11-09T04:18:08.479+0000] {logging_mixin.py:120} INFO - [2022-11-09T04:18:08.479+0000] {dag.py:3340} INFO - Setting next_dagrun for example_branch_labels to 2022-11-08T00:00:00+00:00, run_after=2022-11-09T00:00:00+00:00
[2022-11-09T04:18:08.489+0000] {processor.py:176} INFO - Processing /home/airflow/.local/lib/python3.7/site-packages/airflow/example_dags/example_branch_labels.py took 0.066 seconds
[2022-11-09T04:18:39.502+0000] {processor.py:154} INFO - Started process (PID=32602) to work on /home/airflow/.local/lib/python3.7/site-packages/airflow/example_dags/example_branch_labels.py
[2022-11-09T04:18:39.502+0000] {processor.py:756} INFO - Processing file /home/airflow/.local/lib/python3.7/site-packages/airflow/example_dags/example_branch_labels.py for tasks to queue
[2022-11-09T04:18:39.503+0000] {logging_mixin.py:120} INFO - [2022-11-09T04:18:39.503+0000] {dagbag.py:537} INFO - Filling up the DagBag from /home/airflow/.local/lib/python3.7/site-packages/airflow/example_dags/example_branch_labels.py
[2022-11-09T04:18:39.511+0000] {processor.py:766} INFO - DAG(s) dict_keys(['example_branch_labels']) retrieved from /home/airflow/.local/lib/python3.7/site-packages/airflow/example_dags/example_branch_labels.py
[2022-11-09T04:18:39.532+0000] {logging_mixin.py:120} INFO - [2022-11-09T04:18:39.532+0000] {dag.py:2585} INFO - Sync 1 DAGs
[2022-11-09T04:18:39.546+0000] {logging_mixin.py:120} INFO - [2022-11-09T04:18:39.546+0000] {dag.py:3340} INFO - Setting next_dagrun for example_branch_labels to 2022-11-08T00:00:00+00:00, run_after=2022-11-09T00:00:00+00:00
[2022-11-09T04:18:39.556+0000] {processor.py:176} INFO - Processing /home/airflow/.local/lib/python3.7/site-packages/airflow/example_dags/example_branch_labels.py took 0.056 seconds
[2022-11-09T04:19:10.539+0000] {processor.py:154} INFO - Started process (PID=32668) to work on /home/airflow/.local/lib/python3.7/site-packages/airflow/example_dags/example_branch_labels.py
[2022-11-09T04:19:10.539+0000] {processor.py:756} INFO - Processing file /home/airflow/.local/lib/python3.7/site-packages/airflow/example_dags/example_branch_labels.py for tasks to queue
[2022-11-09T04:19:10.540+0000] {logging_mixin.py:120} INFO - [2022-11-09T04:19:10.540+0000] {dagbag.py:537} INFO - Filling up the DagBag from /home/airflow/.local/lib/python3.7/site-packages/airflow/example_dags/example_branch_labels.py
[2022-11-09T04:19:10.549+0000] {processor.py:766} INFO - DAG(s) dict_keys(['example_branch_labels']) retrieved from /home/airflow/.local/lib/python3.7/site-packages/airflow/example_dags/example_branch_labels.py
[2022-11-09T04:19:10.572+0000] {logging_mixin.py:120} INFO - [2022-11-09T04:19:10.572+0000] {dag.py:2585} INFO - Sync 1 DAGs
[2022-11-09T04:19:10.592+0000] {logging_mixin.py:120} INFO - [2022-11-09T04:19:10.591+0000] {dag.py:3340} INFO - Setting next_dagrun for example_branch_labels to 2022-11-08T00:00:00+00:00, run_after=2022-11-09T00:00:00+00:00
[2022-11-09T04:19:10.605+0000] {processor.py:176} INFO - Processing /home/airflow/.local/lib/python3.7/site-packages/airflow/example_dags/example_branch_labels.py took 0.069 seconds
[2022-11-09T04:19:41.460+0000] {processor.py:154} INFO - Started process (PID=32735) to work on /home/airflow/.local/lib/python3.7/site-packages/airflow/example_dags/example_branch_labels.py
[2022-11-09T04:19:41.461+0000] {processor.py:756} INFO - Processing file /home/airflow/.local/lib/python3.7/site-packages/airflow/example_dags/example_branch_labels.py for tasks to queue
[2022-11-09T04:19:41.461+0000] {logging_mixin.py:120} INFO - [2022-11-09T04:19:41.461+0000] {dagbag.py:537} INFO - Filling up the DagBag from /home/airflow/.local/lib/python3.7/site-packages/airflow/example_dags/example_branch_labels.py
[2022-11-09T04:19:41.470+0000] {processor.py:766} INFO - DAG(s) dict_keys(['example_branch_labels']) retrieved from /home/airflow/.local/lib/python3.7/site-packages/airflow/example_dags/example_branch_labels.py
[2022-11-09T04:19:41.492+0000] {logging_mixin.py:120} INFO - [2022-11-09T04:19:41.492+0000] {dag.py:2585} INFO - Sync 1 DAGs
[2022-11-09T04:19:41.508+0000] {logging_mixin.py:120} INFO - [2022-11-09T04:19:41.508+0000] {dag.py:3340} INFO - Setting next_dagrun for example_branch_labels to 2022-11-08T00:00:00+00:00, run_after=2022-11-09T00:00:00+00:00
[2022-11-09T04:19:41.520+0000] {processor.py:176} INFO - Processing /home/airflow/.local/lib/python3.7/site-packages/airflow/example_dags/example_branch_labels.py took 0.062 seconds
