[2022-11-09T00:12:01.636+0000] {processor.py:154} INFO - Started process (PID=30713) to work on /home/airflow/.local/lib/python3.7/site-packages/airflow/example_dags/example_complex.py
[2022-11-09T00:12:01.637+0000] {processor.py:756} INFO - Processing file /home/airflow/.local/lib/python3.7/site-packages/airflow/example_dags/example_complex.py for tasks to queue
[2022-11-09T00:12:01.638+0000] {logging_mixin.py:120} INFO - [2022-11-09T00:12:01.638+0000] {dagbag.py:537} INFO - Filling up the DagBag from /home/airflow/.local/lib/python3.7/site-packages/airflow/example_dags/example_complex.py
[2022-11-09T00:12:01.646+0000] {logging_mixin.py:120} INFO - [2022-11-09T00:12:01.646+0000] {taskmixin.py:205} WARNING - Dependency <Task(BashOperator): create_entry_group>, delete_entry_group already registered for DAG: example_complex
[2022-11-09T00:12:01.647+0000] {logging_mixin.py:120} INFO - [2022-11-09T00:12:01.647+0000] {taskmixin.py:205} WARNING - Dependency <Task(BashOperator): delete_entry_group>, create_entry_group already registered for DAG: example_complex
[2022-11-09T00:12:01.647+0000] {logging_mixin.py:120} INFO - [2022-11-09T00:12:01.647+0000] {taskmixin.py:205} WARNING - Dependency <Task(BashOperator): create_entry_gcs>, delete_entry already registered for DAG: example_complex
[2022-11-09T00:12:01.648+0000] {logging_mixin.py:120} INFO - [2022-11-09T00:12:01.648+0000] {taskmixin.py:205} WARNING - Dependency <Task(BashOperator): delete_entry>, create_entry_gcs already registered for DAG: example_complex
[2022-11-09T00:12:01.648+0000] {logging_mixin.py:120} INFO - [2022-11-09T00:12:01.648+0000] {taskmixin.py:205} WARNING - Dependency <Task(BashOperator): create_tag>, delete_tag already registered for DAG: example_complex
[2022-11-09T00:12:01.648+0000] {logging_mixin.py:120} INFO - [2022-11-09T00:12:01.648+0000] {taskmixin.py:205} WARNING - Dependency <Task(BashOperator): delete_tag>, create_tag already registered for DAG: example_complex
[2022-11-09T00:12:01.654+0000] {processor.py:766} INFO - DAG(s) dict_keys(['example_complex']) retrieved from /home/airflow/.local/lib/python3.7/site-packages/airflow/example_dags/example_complex.py
[2022-11-09T00:12:01.695+0000] {logging_mixin.py:120} INFO - [2022-11-09T00:12:01.694+0000] {dag.py:2585} INFO - Sync 1 DAGs
[2022-11-09T00:12:01.713+0000] {logging_mixin.py:120} INFO - [2022-11-09T00:12:01.713+0000] {dag.py:3340} INFO - Setting next_dagrun for example_complex to None, run_after=None
[2022-11-09T00:12:01.731+0000] {processor.py:176} INFO - Processing /home/airflow/.local/lib/python3.7/site-packages/airflow/example_dags/example_complex.py took 0.097 seconds
[2022-11-09T00:27:34.911+0000] {processor.py:154} INFO - Started process (PID=30760) to work on /home/airflow/.local/lib/python3.7/site-packages/airflow/example_dags/example_complex.py
[2022-11-09T00:27:34.912+0000] {processor.py:756} INFO - Processing file /home/airflow/.local/lib/python3.7/site-packages/airflow/example_dags/example_complex.py for tasks to queue
[2022-11-09T00:27:34.912+0000] {logging_mixin.py:120} INFO - [2022-11-09T00:27:34.912+0000] {dagbag.py:537} INFO - Filling up the DagBag from /home/airflow/.local/lib/python3.7/site-packages/airflow/example_dags/example_complex.py
[2022-11-09T00:27:34.928+0000] {logging_mixin.py:120} INFO - [2022-11-09T00:27:34.928+0000] {taskmixin.py:205} WARNING - Dependency <Task(BashOperator): create_entry_group>, delete_entry_group already registered for DAG: example_complex
[2022-11-09T00:27:34.928+0000] {logging_mixin.py:120} INFO - [2022-11-09T00:27:34.928+0000] {taskmixin.py:205} WARNING - Dependency <Task(BashOperator): delete_entry_group>, create_entry_group already registered for DAG: example_complex
[2022-11-09T00:27:34.929+0000] {logging_mixin.py:120} INFO - [2022-11-09T00:27:34.928+0000] {taskmixin.py:205} WARNING - Dependency <Task(BashOperator): create_entry_gcs>, delete_entry already registered for DAG: example_complex
[2022-11-09T00:27:34.929+0000] {logging_mixin.py:120} INFO - [2022-11-09T00:27:34.929+0000] {taskmixin.py:205} WARNING - Dependency <Task(BashOperator): delete_entry>, create_entry_gcs already registered for DAG: example_complex
[2022-11-09T00:27:34.929+0000] {logging_mixin.py:120} INFO - [2022-11-09T00:27:34.929+0000] {taskmixin.py:205} WARNING - Dependency <Task(BashOperator): create_tag>, delete_tag already registered for DAG: example_complex
[2022-11-09T00:27:34.929+0000] {logging_mixin.py:120} INFO - [2022-11-09T00:27:34.929+0000] {taskmixin.py:205} WARNING - Dependency <Task(BashOperator): delete_tag>, create_tag already registered for DAG: example_complex
[2022-11-09T00:27:34.933+0000] {processor.py:766} INFO - DAG(s) dict_keys(['example_complex']) retrieved from /home/airflow/.local/lib/python3.7/site-packages/airflow/example_dags/example_complex.py
[2022-11-09T00:27:34.977+0000] {logging_mixin.py:120} INFO - [2022-11-09T00:27:34.977+0000] {dag.py:2585} INFO - Sync 1 DAGs
[2022-11-09T00:27:34.994+0000] {logging_mixin.py:120} INFO - [2022-11-09T00:27:34.994+0000] {dag.py:3340} INFO - Setting next_dagrun for example_complex to None, run_after=None
[2022-11-09T00:27:35.009+0000] {processor.py:176} INFO - Processing /home/airflow/.local/lib/python3.7/site-packages/airflow/example_dags/example_complex.py took 0.100 seconds
[2022-11-09T01:00:48.978+0000] {processor.py:154} INFO - Started process (PID=30810) to work on /home/airflow/.local/lib/python3.7/site-packages/airflow/example_dags/example_complex.py
[2022-11-09T01:00:48.979+0000] {processor.py:756} INFO - Processing file /home/airflow/.local/lib/python3.7/site-packages/airflow/example_dags/example_complex.py for tasks to queue
[2022-11-09T01:00:48.979+0000] {logging_mixin.py:120} INFO - [2022-11-09T01:00:48.979+0000] {dagbag.py:537} INFO - Filling up the DagBag from /home/airflow/.local/lib/python3.7/site-packages/airflow/example_dags/example_complex.py
[2022-11-09T01:00:48.987+0000] {logging_mixin.py:120} INFO - [2022-11-09T01:00:48.987+0000] {taskmixin.py:205} WARNING - Dependency <Task(BashOperator): create_entry_group>, delete_entry_group already registered for DAG: example_complex
[2022-11-09T01:00:48.987+0000] {logging_mixin.py:120} INFO - [2022-11-09T01:00:48.987+0000] {taskmixin.py:205} WARNING - Dependency <Task(BashOperator): delete_entry_group>, create_entry_group already registered for DAG: example_complex
[2022-11-09T01:00:48.987+0000] {logging_mixin.py:120} INFO - [2022-11-09T01:00:48.987+0000] {taskmixin.py:205} WARNING - Dependency <Task(BashOperator): create_entry_gcs>, delete_entry already registered for DAG: example_complex
[2022-11-09T01:00:48.987+0000] {logging_mixin.py:120} INFO - [2022-11-09T01:00:48.987+0000] {taskmixin.py:205} WARNING - Dependency <Task(BashOperator): delete_entry>, create_entry_gcs already registered for DAG: example_complex
[2022-11-09T01:00:48.987+0000] {logging_mixin.py:120} INFO - [2022-11-09T01:00:48.987+0000] {taskmixin.py:205} WARNING - Dependency <Task(BashOperator): create_tag>, delete_tag already registered for DAG: example_complex
[2022-11-09T01:00:48.988+0000] {logging_mixin.py:120} INFO - [2022-11-09T01:00:48.987+0000] {taskmixin.py:205} WARNING - Dependency <Task(BashOperator): delete_tag>, create_tag already registered for DAG: example_complex
[2022-11-09T01:00:48.993+0000] {processor.py:766} INFO - DAG(s) dict_keys(['example_complex']) retrieved from /home/airflow/.local/lib/python3.7/site-packages/airflow/example_dags/example_complex.py
[2022-11-09T01:00:49.031+0000] {logging_mixin.py:120} INFO - [2022-11-09T01:00:49.031+0000] {dag.py:2585} INFO - Sync 1 DAGs
[2022-11-09T01:00:49.055+0000] {logging_mixin.py:120} INFO - [2022-11-09T01:00:49.055+0000] {dag.py:3340} INFO - Setting next_dagrun for example_complex to None, run_after=None
[2022-11-09T01:00:49.073+0000] {processor.py:176} INFO - Processing /home/airflow/.local/lib/python3.7/site-packages/airflow/example_dags/example_complex.py took 0.097 seconds
[2022-11-09T01:34:44.907+0000] {processor.py:154} INFO - Started process (PID=30858) to work on /home/airflow/.local/lib/python3.7/site-packages/airflow/example_dags/example_complex.py
[2022-11-09T01:34:44.909+0000] {processor.py:756} INFO - Processing file /home/airflow/.local/lib/python3.7/site-packages/airflow/example_dags/example_complex.py for tasks to queue
[2022-11-09T01:34:44.912+0000] {logging_mixin.py:120} INFO - [2022-11-09T01:34:44.911+0000] {dagbag.py:537} INFO - Filling up the DagBag from /home/airflow/.local/lib/python3.7/site-packages/airflow/example_dags/example_complex.py
[2022-11-09T01:34:44.926+0000] {logging_mixin.py:120} INFO - [2022-11-09T01:34:44.926+0000] {taskmixin.py:205} WARNING - Dependency <Task(BashOperator): create_entry_group>, delete_entry_group already registered for DAG: example_complex
[2022-11-09T01:34:44.931+0000] {logging_mixin.py:120} INFO - [2022-11-09T01:34:44.931+0000] {taskmixin.py:205} WARNING - Dependency <Task(BashOperator): delete_entry_group>, create_entry_group already registered for DAG: example_complex
[2022-11-09T01:34:44.931+0000] {logging_mixin.py:120} INFO - [2022-11-09T01:34:44.931+0000] {taskmixin.py:205} WARNING - Dependency <Task(BashOperator): create_entry_gcs>, delete_entry already registered for DAG: example_complex
[2022-11-09T01:34:44.934+0000] {logging_mixin.py:120} INFO - [2022-11-09T01:34:44.934+0000] {taskmixin.py:205} WARNING - Dependency <Task(BashOperator): delete_entry>, create_entry_gcs already registered for DAG: example_complex
[2022-11-09T01:34:44.934+0000] {logging_mixin.py:120} INFO - [2022-11-09T01:34:44.934+0000] {taskmixin.py:205} WARNING - Dependency <Task(BashOperator): create_tag>, delete_tag already registered for DAG: example_complex
[2022-11-09T01:34:44.935+0000] {logging_mixin.py:120} INFO - [2022-11-09T01:34:44.934+0000] {taskmixin.py:205} WARNING - Dependency <Task(BashOperator): delete_tag>, create_tag already registered for DAG: example_complex
[2022-11-09T01:34:44.941+0000] {processor.py:766} INFO - DAG(s) dict_keys(['example_complex']) retrieved from /home/airflow/.local/lib/python3.7/site-packages/airflow/example_dags/example_complex.py
[2022-11-09T01:34:45.000+0000] {logging_mixin.py:120} INFO - [2022-11-09T01:34:45.000+0000] {dag.py:2585} INFO - Sync 1 DAGs
[2022-11-09T01:34:45.030+0000] {logging_mixin.py:120} INFO - [2022-11-09T01:34:45.030+0000] {dag.py:3340} INFO - Setting next_dagrun for example_complex to None, run_after=None
[2022-11-09T01:34:45.055+0000] {processor.py:176} INFO - Processing /home/airflow/.local/lib/python3.7/site-packages/airflow/example_dags/example_complex.py took 0.150 seconds
[2022-11-09T01:50:24.921+0000] {processor.py:154} INFO - Started process (PID=30905) to work on /home/airflow/.local/lib/python3.7/site-packages/airflow/example_dags/example_complex.py
[2022-11-09T01:50:24.925+0000] {processor.py:756} INFO - Processing file /home/airflow/.local/lib/python3.7/site-packages/airflow/example_dags/example_complex.py for tasks to queue
[2022-11-09T01:50:24.926+0000] {logging_mixin.py:120} INFO - [2022-11-09T01:50:24.926+0000] {dagbag.py:537} INFO - Filling up the DagBag from /home/airflow/.local/lib/python3.7/site-packages/airflow/example_dags/example_complex.py
[2022-11-09T01:50:24.940+0000] {logging_mixin.py:120} INFO - [2022-11-09T01:50:24.940+0000] {taskmixin.py:205} WARNING - Dependency <Task(BashOperator): create_entry_group>, delete_entry_group already registered for DAG: example_complex
[2022-11-09T01:50:24.941+0000] {logging_mixin.py:120} INFO - [2022-11-09T01:50:24.941+0000] {taskmixin.py:205} WARNING - Dependency <Task(BashOperator): delete_entry_group>, create_entry_group already registered for DAG: example_complex
[2022-11-09T01:50:24.941+0000] {logging_mixin.py:120} INFO - [2022-11-09T01:50:24.941+0000] {taskmixin.py:205} WARNING - Dependency <Task(BashOperator): create_entry_gcs>, delete_entry already registered for DAG: example_complex
[2022-11-09T01:50:24.941+0000] {logging_mixin.py:120} INFO - [2022-11-09T01:50:24.941+0000] {taskmixin.py:205} WARNING - Dependency <Task(BashOperator): delete_entry>, create_entry_gcs already registered for DAG: example_complex
[2022-11-09T01:50:24.942+0000] {logging_mixin.py:120} INFO - [2022-11-09T01:50:24.941+0000] {taskmixin.py:205} WARNING - Dependency <Task(BashOperator): create_tag>, delete_tag already registered for DAG: example_complex
[2022-11-09T01:50:24.942+0000] {logging_mixin.py:120} INFO - [2022-11-09T01:50:24.942+0000] {taskmixin.py:205} WARNING - Dependency <Task(BashOperator): delete_tag>, create_tag already registered for DAG: example_complex
[2022-11-09T01:50:24.947+0000] {processor.py:766} INFO - DAG(s) dict_keys(['example_complex']) retrieved from /home/airflow/.local/lib/python3.7/site-packages/airflow/example_dags/example_complex.py
[2022-11-09T01:50:25.001+0000] {logging_mixin.py:120} INFO - [2022-11-09T01:50:25.001+0000] {dag.py:2585} INFO - Sync 1 DAGs
[2022-11-09T01:50:25.027+0000] {logging_mixin.py:120} INFO - [2022-11-09T01:50:25.027+0000] {dag.py:3340} INFO - Setting next_dagrun for example_complex to None, run_after=None
[2022-11-09T01:50:25.044+0000] {processor.py:176} INFO - Processing /home/airflow/.local/lib/python3.7/site-packages/airflow/example_dags/example_complex.py took 0.125 seconds
[2022-11-09T01:55:24.077+0000] {processor.py:154} INFO - Started process (PID=30953) to work on /home/airflow/.local/lib/python3.7/site-packages/airflow/example_dags/example_complex.py
[2022-11-09T01:55:24.081+0000] {processor.py:756} INFO - Processing file /home/airflow/.local/lib/python3.7/site-packages/airflow/example_dags/example_complex.py for tasks to queue
[2022-11-09T01:55:24.082+0000] {logging_mixin.py:120} INFO - [2022-11-09T01:55:24.082+0000] {dagbag.py:537} INFO - Filling up the DagBag from /home/airflow/.local/lib/python3.7/site-packages/airflow/example_dags/example_complex.py
[2022-11-09T01:55:24.088+0000] {logging_mixin.py:120} INFO - [2022-11-09T01:55:24.088+0000] {taskmixin.py:205} WARNING - Dependency <Task(BashOperator): create_entry_group>, delete_entry_group already registered for DAG: example_complex
[2022-11-09T01:55:24.094+0000] {logging_mixin.py:120} INFO - [2022-11-09T01:55:24.094+0000] {taskmixin.py:205} WARNING - Dependency <Task(BashOperator): delete_entry_group>, create_entry_group already registered for DAG: example_complex
[2022-11-09T01:55:24.095+0000] {logging_mixin.py:120} INFO - [2022-11-09T01:55:24.095+0000] {taskmixin.py:205} WARNING - Dependency <Task(BashOperator): create_entry_gcs>, delete_entry already registered for DAG: example_complex
[2022-11-09T01:55:24.095+0000] {logging_mixin.py:120} INFO - [2022-11-09T01:55:24.095+0000] {taskmixin.py:205} WARNING - Dependency <Task(BashOperator): delete_entry>, create_entry_gcs already registered for DAG: example_complex
[2022-11-09T01:55:24.095+0000] {logging_mixin.py:120} INFO - [2022-11-09T01:55:24.095+0000] {taskmixin.py:205} WARNING - Dependency <Task(BashOperator): create_tag>, delete_tag already registered for DAG: example_complex
[2022-11-09T01:55:24.095+0000] {logging_mixin.py:120} INFO - [2022-11-09T01:55:24.095+0000] {taskmixin.py:205} WARNING - Dependency <Task(BashOperator): delete_tag>, create_tag already registered for DAG: example_complex
[2022-11-09T01:55:24.100+0000] {processor.py:766} INFO - DAG(s) dict_keys(['example_complex']) retrieved from /home/airflow/.local/lib/python3.7/site-packages/airflow/example_dags/example_complex.py
[2022-11-09T01:55:24.144+0000] {logging_mixin.py:120} INFO - [2022-11-09T01:55:24.144+0000] {dag.py:2585} INFO - Sync 1 DAGs
[2022-11-09T01:55:24.158+0000] {logging_mixin.py:120} INFO - [2022-11-09T01:55:24.158+0000] {dag.py:3340} INFO - Setting next_dagrun for example_complex to None, run_after=None
[2022-11-09T01:55:24.181+0000] {processor.py:176} INFO - Processing /home/airflow/.local/lib/python3.7/site-packages/airflow/example_dags/example_complex.py took 0.105 seconds
[2022-11-09T02:10:49.641+0000] {processor.py:154} INFO - Started process (PID=31000) to work on /home/airflow/.local/lib/python3.7/site-packages/airflow/example_dags/example_complex.py
[2022-11-09T02:10:49.642+0000] {processor.py:756} INFO - Processing file /home/airflow/.local/lib/python3.7/site-packages/airflow/example_dags/example_complex.py for tasks to queue
[2022-11-09T02:10:49.646+0000] {logging_mixin.py:120} INFO - [2022-11-09T02:10:49.642+0000] {dagbag.py:537} INFO - Filling up the DagBag from /home/airflow/.local/lib/python3.7/site-packages/airflow/example_dags/example_complex.py
[2022-11-09T02:10:49.652+0000] {logging_mixin.py:120} INFO - [2022-11-09T02:10:49.652+0000] {taskmixin.py:205} WARNING - Dependency <Task(BashOperator): create_entry_group>, delete_entry_group already registered for DAG: example_complex
[2022-11-09T02:10:49.654+0000] {logging_mixin.py:120} INFO - [2022-11-09T02:10:49.654+0000] {taskmixin.py:205} WARNING - Dependency <Task(BashOperator): delete_entry_group>, create_entry_group already registered for DAG: example_complex
[2022-11-09T02:10:49.654+0000] {logging_mixin.py:120} INFO - [2022-11-09T02:10:49.654+0000] {taskmixin.py:205} WARNING - Dependency <Task(BashOperator): create_entry_gcs>, delete_entry already registered for DAG: example_complex
[2022-11-09T02:10:49.654+0000] {logging_mixin.py:120} INFO - [2022-11-09T02:10:49.654+0000] {taskmixin.py:205} WARNING - Dependency <Task(BashOperator): delete_entry>, create_entry_gcs already registered for DAG: example_complex
[2022-11-09T02:10:49.655+0000] {logging_mixin.py:120} INFO - [2022-11-09T02:10:49.655+0000] {taskmixin.py:205} WARNING - Dependency <Task(BashOperator): create_tag>, delete_tag already registered for DAG: example_complex
[2022-11-09T02:10:49.655+0000] {logging_mixin.py:120} INFO - [2022-11-09T02:10:49.655+0000] {taskmixin.py:205} WARNING - Dependency <Task(BashOperator): delete_tag>, create_tag already registered for DAG: example_complex
[2022-11-09T02:10:49.659+0000] {processor.py:766} INFO - DAG(s) dict_keys(['example_complex']) retrieved from /home/airflow/.local/lib/python3.7/site-packages/airflow/example_dags/example_complex.py
[2022-11-09T02:10:49.741+0000] {logging_mixin.py:120} INFO - [2022-11-09T02:10:49.741+0000] {dag.py:2585} INFO - Sync 1 DAGs
[2022-11-09T02:10:49.761+0000] {logging_mixin.py:120} INFO - [2022-11-09T02:10:49.761+0000] {dag.py:3340} INFO - Setting next_dagrun for example_complex to None, run_after=None
[2022-11-09T02:10:49.871+0000] {processor.py:176} INFO - Processing /home/airflow/.local/lib/python3.7/site-packages/airflow/example_dags/example_complex.py took 0.233 seconds
[2022-11-09T02:26:24.229+0000] {processor.py:154} INFO - Started process (PID=31047) to work on /home/airflow/.local/lib/python3.7/site-packages/airflow/example_dags/example_complex.py
[2022-11-09T02:26:24.230+0000] {processor.py:756} INFO - Processing file /home/airflow/.local/lib/python3.7/site-packages/airflow/example_dags/example_complex.py for tasks to queue
[2022-11-09T02:26:24.231+0000] {logging_mixin.py:120} INFO - [2022-11-09T02:26:24.231+0000] {dagbag.py:537} INFO - Filling up the DagBag from /home/airflow/.local/lib/python3.7/site-packages/airflow/example_dags/example_complex.py
[2022-11-09T02:26:24.247+0000] {logging_mixin.py:120} INFO - [2022-11-09T02:26:24.246+0000] {taskmixin.py:205} WARNING - Dependency <Task(BashOperator): create_entry_group>, delete_entry_group already registered for DAG: example_complex
[2022-11-09T02:26:24.250+0000] {logging_mixin.py:120} INFO - [2022-11-09T02:26:24.250+0000] {taskmixin.py:205} WARNING - Dependency <Task(BashOperator): delete_entry_group>, create_entry_group already registered for DAG: example_complex
[2022-11-09T02:26:24.251+0000] {logging_mixin.py:120} INFO - [2022-11-09T02:26:24.251+0000] {taskmixin.py:205} WARNING - Dependency <Task(BashOperator): create_entry_gcs>, delete_entry already registered for DAG: example_complex
[2022-11-09T02:26:24.251+0000] {logging_mixin.py:120} INFO - [2022-11-09T02:26:24.251+0000] {taskmixin.py:205} WARNING - Dependency <Task(BashOperator): delete_entry>, create_entry_gcs already registered for DAG: example_complex
[2022-11-09T02:26:24.253+0000] {logging_mixin.py:120} INFO - [2022-11-09T02:26:24.253+0000] {taskmixin.py:205} WARNING - Dependency <Task(BashOperator): create_tag>, delete_tag already registered for DAG: example_complex
[2022-11-09T02:26:24.253+0000] {logging_mixin.py:120} INFO - [2022-11-09T02:26:24.253+0000] {taskmixin.py:205} WARNING - Dependency <Task(BashOperator): delete_tag>, create_tag already registered for DAG: example_complex
[2022-11-09T02:26:24.261+0000] {processor.py:766} INFO - DAG(s) dict_keys(['example_complex']) retrieved from /home/airflow/.local/lib/python3.7/site-packages/airflow/example_dags/example_complex.py
[2022-11-09T02:26:24.313+0000] {logging_mixin.py:120} INFO - [2022-11-09T02:26:24.313+0000] {dag.py:2585} INFO - Sync 1 DAGs
[2022-11-09T02:26:24.337+0000] {logging_mixin.py:120} INFO - [2022-11-09T02:26:24.337+0000] {dag.py:3340} INFO - Setting next_dagrun for example_complex to None, run_after=None
[2022-11-09T02:26:24.358+0000] {processor.py:176} INFO - Processing /home/airflow/.local/lib/python3.7/site-packages/airflow/example_dags/example_complex.py took 0.132 seconds
[2022-11-09T02:44:01.842+0000] {processor.py:154} INFO - Started process (PID=31095) to work on /home/airflow/.local/lib/python3.7/site-packages/airflow/example_dags/example_complex.py
[2022-11-09T02:44:01.846+0000] {processor.py:756} INFO - Processing file /home/airflow/.local/lib/python3.7/site-packages/airflow/example_dags/example_complex.py for tasks to queue
[2022-11-09T02:44:01.846+0000] {logging_mixin.py:120} INFO - [2022-11-09T02:44:01.846+0000] {dagbag.py:537} INFO - Filling up the DagBag from /home/airflow/.local/lib/python3.7/site-packages/airflow/example_dags/example_complex.py
[2022-11-09T02:44:01.872+0000] {logging_mixin.py:120} INFO - [2022-11-09T02:44:01.872+0000] {taskmixin.py:205} WARNING - Dependency <Task(BashOperator): create_entry_group>, delete_entry_group already registered for DAG: example_complex
[2022-11-09T02:44:01.872+0000] {logging_mixin.py:120} INFO - [2022-11-09T02:44:01.872+0000] {taskmixin.py:205} WARNING - Dependency <Task(BashOperator): delete_entry_group>, create_entry_group already registered for DAG: example_complex
[2022-11-09T02:44:01.873+0000] {logging_mixin.py:120} INFO - [2022-11-09T02:44:01.873+0000] {taskmixin.py:205} WARNING - Dependency <Task(BashOperator): create_entry_gcs>, delete_entry already registered for DAG: example_complex
[2022-11-09T02:44:01.873+0000] {logging_mixin.py:120} INFO - [2022-11-09T02:44:01.873+0000] {taskmixin.py:205} WARNING - Dependency <Task(BashOperator): delete_entry>, create_entry_gcs already registered for DAG: example_complex
[2022-11-09T02:44:01.873+0000] {logging_mixin.py:120} INFO - [2022-11-09T02:44:01.873+0000] {taskmixin.py:205} WARNING - Dependency <Task(BashOperator): create_tag>, delete_tag already registered for DAG: example_complex
[2022-11-09T02:44:01.874+0000] {logging_mixin.py:120} INFO - [2022-11-09T02:44:01.874+0000] {taskmixin.py:205} WARNING - Dependency <Task(BashOperator): delete_tag>, create_tag already registered for DAG: example_complex
[2022-11-09T02:44:01.889+0000] {processor.py:766} INFO - DAG(s) dict_keys(['example_complex']) retrieved from /home/airflow/.local/lib/python3.7/site-packages/airflow/example_dags/example_complex.py
[2022-11-09T02:44:01.931+0000] {logging_mixin.py:120} INFO - [2022-11-09T02:44:01.931+0000] {dag.py:2585} INFO - Sync 1 DAGs
[2022-11-09T02:44:01.947+0000] {logging_mixin.py:120} INFO - [2022-11-09T02:44:01.947+0000] {dag.py:3340} INFO - Setting next_dagrun for example_complex to None, run_after=None
[2022-11-09T02:44:01.964+0000] {processor.py:176} INFO - Processing /home/airflow/.local/lib/python3.7/site-packages/airflow/example_dags/example_complex.py took 0.124 seconds
[2022-11-09T03:01:03.382+0000] {processor.py:154} INFO - Started process (PID=31154) to work on /home/airflow/.local/lib/python3.7/site-packages/airflow/example_dags/example_complex.py
[2022-11-09T03:01:03.383+0000] {processor.py:756} INFO - Processing file /home/airflow/.local/lib/python3.7/site-packages/airflow/example_dags/example_complex.py for tasks to queue
[2022-11-09T03:01:03.384+0000] {logging_mixin.py:120} INFO - [2022-11-09T03:01:03.384+0000] {dagbag.py:537} INFO - Filling up the DagBag from /home/airflow/.local/lib/python3.7/site-packages/airflow/example_dags/example_complex.py
[2022-11-09T03:01:03.390+0000] {logging_mixin.py:120} INFO - [2022-11-09T03:01:03.390+0000] {taskmixin.py:205} WARNING - Dependency <Task(BashOperator): create_entry_group>, delete_entry_group already registered for DAG: example_complex
[2022-11-09T03:01:03.390+0000] {logging_mixin.py:120} INFO - [2022-11-09T03:01:03.390+0000] {taskmixin.py:205} WARNING - Dependency <Task(BashOperator): delete_entry_group>, create_entry_group already registered for DAG: example_complex
[2022-11-09T03:01:03.391+0000] {logging_mixin.py:120} INFO - [2022-11-09T03:01:03.390+0000] {taskmixin.py:205} WARNING - Dependency <Task(BashOperator): create_entry_gcs>, delete_entry already registered for DAG: example_complex
[2022-11-09T03:01:03.391+0000] {logging_mixin.py:120} INFO - [2022-11-09T03:01:03.391+0000] {taskmixin.py:205} WARNING - Dependency <Task(BashOperator): delete_entry>, create_entry_gcs already registered for DAG: example_complex
[2022-11-09T03:01:03.391+0000] {logging_mixin.py:120} INFO - [2022-11-09T03:01:03.391+0000] {taskmixin.py:205} WARNING - Dependency <Task(BashOperator): create_tag>, delete_tag already registered for DAG: example_complex
[2022-11-09T03:01:03.391+0000] {logging_mixin.py:120} INFO - [2022-11-09T03:01:03.391+0000] {taskmixin.py:205} WARNING - Dependency <Task(BashOperator): delete_tag>, create_tag already registered for DAG: example_complex
[2022-11-09T03:01:03.396+0000] {processor.py:766} INFO - DAG(s) dict_keys(['example_complex']) retrieved from /home/airflow/.local/lib/python3.7/site-packages/airflow/example_dags/example_complex.py
[2022-11-09T03:01:03.420+0000] {logging_mixin.py:120} INFO - [2022-11-09T03:01:03.420+0000] {dag.py:2585} INFO - Sync 1 DAGs
[2022-11-09T03:01:03.434+0000] {logging_mixin.py:120} INFO - [2022-11-09T03:01:03.434+0000] {dag.py:3340} INFO - Setting next_dagrun for example_complex to None, run_after=None
[2022-11-09T03:01:03.445+0000] {processor.py:176} INFO - Processing /home/airflow/.local/lib/python3.7/site-packages/airflow/example_dags/example_complex.py took 0.065 seconds
[2022-11-09T03:03:53.403+0000] {processor.py:154} INFO - Started process (PID=31219) to work on /home/airflow/.local/lib/python3.7/site-packages/airflow/example_dags/example_complex.py
[2022-11-09T03:03:53.403+0000] {processor.py:756} INFO - Processing file /home/airflow/.local/lib/python3.7/site-packages/airflow/example_dags/example_complex.py for tasks to queue
[2022-11-09T03:03:53.404+0000] {logging_mixin.py:120} INFO - [2022-11-09T03:03:53.404+0000] {dagbag.py:537} INFO - Filling up the DagBag from /home/airflow/.local/lib/python3.7/site-packages/airflow/example_dags/example_complex.py
[2022-11-09T03:03:53.410+0000] {logging_mixin.py:120} INFO - [2022-11-09T03:03:53.410+0000] {taskmixin.py:205} WARNING - Dependency <Task(BashOperator): create_entry_group>, delete_entry_group already registered for DAG: example_complex
[2022-11-09T03:03:53.411+0000] {logging_mixin.py:120} INFO - [2022-11-09T03:03:53.411+0000] {taskmixin.py:205} WARNING - Dependency <Task(BashOperator): delete_entry_group>, create_entry_group already registered for DAG: example_complex
[2022-11-09T03:03:53.411+0000] {logging_mixin.py:120} INFO - [2022-11-09T03:03:53.411+0000] {taskmixin.py:205} WARNING - Dependency <Task(BashOperator): create_entry_gcs>, delete_entry already registered for DAG: example_complex
[2022-11-09T03:03:53.411+0000] {logging_mixin.py:120} INFO - [2022-11-09T03:03:53.411+0000] {taskmixin.py:205} WARNING - Dependency <Task(BashOperator): delete_entry>, create_entry_gcs already registered for DAG: example_complex
[2022-11-09T03:03:53.411+0000] {logging_mixin.py:120} INFO - [2022-11-09T03:03:53.411+0000] {taskmixin.py:205} WARNING - Dependency <Task(BashOperator): create_tag>, delete_tag already registered for DAG: example_complex
[2022-11-09T03:03:53.411+0000] {logging_mixin.py:120} INFO - [2022-11-09T03:03:53.411+0000] {taskmixin.py:205} WARNING - Dependency <Task(BashOperator): delete_tag>, create_tag already registered for DAG: example_complex
[2022-11-09T03:03:53.416+0000] {processor.py:766} INFO - DAG(s) dict_keys(['example_complex']) retrieved from /home/airflow/.local/lib/python3.7/site-packages/airflow/example_dags/example_complex.py
[2022-11-09T03:03:53.443+0000] {logging_mixin.py:120} INFO - [2022-11-09T03:03:53.443+0000] {dag.py:2585} INFO - Sync 1 DAGs
[2022-11-09T03:03:53.456+0000] {logging_mixin.py:120} INFO - [2022-11-09T03:03:53.456+0000] {dag.py:3340} INFO - Setting next_dagrun for example_complex to None, run_after=None
[2022-11-09T03:03:53.466+0000] {processor.py:176} INFO - Processing /home/airflow/.local/lib/python3.7/site-packages/airflow/example_dags/example_complex.py took 0.065 seconds
[2022-11-09T03:19:28.885+0000] {processor.py:154} INFO - Started process (PID=31266) to work on /home/airflow/.local/lib/python3.7/site-packages/airflow/example_dags/example_complex.py
[2022-11-09T03:19:28.885+0000] {processor.py:756} INFO - Processing file /home/airflow/.local/lib/python3.7/site-packages/airflow/example_dags/example_complex.py for tasks to queue
[2022-11-09T03:19:28.886+0000] {logging_mixin.py:120} INFO - [2022-11-09T03:19:28.886+0000] {dagbag.py:537} INFO - Filling up the DagBag from /home/airflow/.local/lib/python3.7/site-packages/airflow/example_dags/example_complex.py
[2022-11-09T03:19:28.893+0000] {logging_mixin.py:120} INFO - [2022-11-09T03:19:28.893+0000] {taskmixin.py:205} WARNING - Dependency <Task(BashOperator): create_entry_group>, delete_entry_group already registered for DAG: example_complex
[2022-11-09T03:19:28.893+0000] {logging_mixin.py:120} INFO - [2022-11-09T03:19:28.893+0000] {taskmixin.py:205} WARNING - Dependency <Task(BashOperator): delete_entry_group>, create_entry_group already registered for DAG: example_complex
[2022-11-09T03:19:28.893+0000] {logging_mixin.py:120} INFO - [2022-11-09T03:19:28.893+0000] {taskmixin.py:205} WARNING - Dependency <Task(BashOperator): create_entry_gcs>, delete_entry already registered for DAG: example_complex
[2022-11-09T03:19:28.893+0000] {logging_mixin.py:120} INFO - [2022-11-09T03:19:28.893+0000] {taskmixin.py:205} WARNING - Dependency <Task(BashOperator): delete_entry>, create_entry_gcs already registered for DAG: example_complex
[2022-11-09T03:19:28.893+0000] {logging_mixin.py:120} INFO - [2022-11-09T03:19:28.893+0000] {taskmixin.py:205} WARNING - Dependency <Task(BashOperator): create_tag>, delete_tag already registered for DAG: example_complex
[2022-11-09T03:19:28.893+0000] {logging_mixin.py:120} INFO - [2022-11-09T03:19:28.893+0000] {taskmixin.py:205} WARNING - Dependency <Task(BashOperator): delete_tag>, create_tag already registered for DAG: example_complex
[2022-11-09T03:19:28.899+0000] {processor.py:766} INFO - DAG(s) dict_keys(['example_complex']) retrieved from /home/airflow/.local/lib/python3.7/site-packages/airflow/example_dags/example_complex.py
[2022-11-09T03:19:28.927+0000] {logging_mixin.py:120} INFO - [2022-11-09T03:19:28.927+0000] {dag.py:2585} INFO - Sync 1 DAGs
[2022-11-09T03:19:28.940+0000] {logging_mixin.py:120} INFO - [2022-11-09T03:19:28.940+0000] {dag.py:3340} INFO - Setting next_dagrun for example_complex to None, run_after=None
[2022-11-09T03:19:28.949+0000] {processor.py:176} INFO - Processing /home/airflow/.local/lib/python3.7/site-packages/airflow/example_dags/example_complex.py took 0.067 seconds
[2022-11-09T03:35:52.594+0000] {processor.py:154} INFO - Started process (PID=31324) to work on /home/airflow/.local/lib/python3.7/site-packages/airflow/example_dags/example_complex.py
[2022-11-09T03:35:52.595+0000] {processor.py:756} INFO - Processing file /home/airflow/.local/lib/python3.7/site-packages/airflow/example_dags/example_complex.py for tasks to queue
[2022-11-09T03:35:52.596+0000] {logging_mixin.py:120} INFO - [2022-11-09T03:35:52.596+0000] {dagbag.py:537} INFO - Filling up the DagBag from /home/airflow/.local/lib/python3.7/site-packages/airflow/example_dags/example_complex.py
[2022-11-09T03:35:52.604+0000] {logging_mixin.py:120} INFO - [2022-11-09T03:35:52.604+0000] {taskmixin.py:205} WARNING - Dependency <Task(BashOperator): create_entry_group>, delete_entry_group already registered for DAG: example_complex
[2022-11-09T03:35:52.604+0000] {logging_mixin.py:120} INFO - [2022-11-09T03:35:52.604+0000] {taskmixin.py:205} WARNING - Dependency <Task(BashOperator): delete_entry_group>, create_entry_group already registered for DAG: example_complex
[2022-11-09T03:35:52.604+0000] {logging_mixin.py:120} INFO - [2022-11-09T03:35:52.604+0000] {taskmixin.py:205} WARNING - Dependency <Task(BashOperator): create_entry_gcs>, delete_entry already registered for DAG: example_complex
[2022-11-09T03:35:52.604+0000] {logging_mixin.py:120} INFO - [2022-11-09T03:35:52.604+0000] {taskmixin.py:205} WARNING - Dependency <Task(BashOperator): delete_entry>, create_entry_gcs already registered for DAG: example_complex
[2022-11-09T03:35:52.605+0000] {logging_mixin.py:120} INFO - [2022-11-09T03:35:52.605+0000] {taskmixin.py:205} WARNING - Dependency <Task(BashOperator): create_tag>, delete_tag already registered for DAG: example_complex
[2022-11-09T03:35:52.605+0000] {logging_mixin.py:120} INFO - [2022-11-09T03:35:52.605+0000] {taskmixin.py:205} WARNING - Dependency <Task(BashOperator): delete_tag>, create_tag already registered for DAG: example_complex
[2022-11-09T03:35:52.610+0000] {processor.py:766} INFO - DAG(s) dict_keys(['example_complex']) retrieved from /home/airflow/.local/lib/python3.7/site-packages/airflow/example_dags/example_complex.py
[2022-11-09T03:35:52.639+0000] {logging_mixin.py:120} INFO - [2022-11-09T03:35:52.639+0000] {dag.py:2585} INFO - Sync 1 DAGs
[2022-11-09T03:35:52.656+0000] {logging_mixin.py:120} INFO - [2022-11-09T03:35:52.656+0000] {dag.py:3340} INFO - Setting next_dagrun for example_complex to None, run_after=None
[2022-11-09T03:35:52.667+0000] {processor.py:176} INFO - Processing /home/airflow/.local/lib/python3.7/site-packages/airflow/example_dags/example_complex.py took 0.076 seconds
[2022-11-09T03:58:28.809+0000] {processor.py:154} INFO - Started process (PID=31371) to work on /home/airflow/.local/lib/python3.7/site-packages/airflow/example_dags/example_complex.py
[2022-11-09T03:58:28.809+0000] {processor.py:756} INFO - Processing file /home/airflow/.local/lib/python3.7/site-packages/airflow/example_dags/example_complex.py for tasks to queue
[2022-11-09T03:58:28.810+0000] {logging_mixin.py:120} INFO - [2022-11-09T03:58:28.810+0000] {dagbag.py:537} INFO - Filling up the DagBag from /home/airflow/.local/lib/python3.7/site-packages/airflow/example_dags/example_complex.py
[2022-11-09T03:58:28.818+0000] {logging_mixin.py:120} INFO - [2022-11-09T03:58:28.818+0000] {taskmixin.py:205} WARNING - Dependency <Task(BashOperator): create_entry_group>, delete_entry_group already registered for DAG: example_complex
[2022-11-09T03:58:28.822+0000] {logging_mixin.py:120} INFO - [2022-11-09T03:58:28.822+0000] {taskmixin.py:205} WARNING - Dependency <Task(BashOperator): delete_entry_group>, create_entry_group already registered for DAG: example_complex
[2022-11-09T03:58:28.828+0000] {logging_mixin.py:120} INFO - [2022-11-09T03:58:28.827+0000] {taskmixin.py:205} WARNING - Dependency <Task(BashOperator): create_entry_gcs>, delete_entry already registered for DAG: example_complex
[2022-11-09T03:58:28.828+0000] {logging_mixin.py:120} INFO - [2022-11-09T03:58:28.828+0000] {taskmixin.py:205} WARNING - Dependency <Task(BashOperator): delete_entry>, create_entry_gcs already registered for DAG: example_complex
[2022-11-09T03:58:28.828+0000] {logging_mixin.py:120} INFO - [2022-11-09T03:58:28.828+0000] {taskmixin.py:205} WARNING - Dependency <Task(BashOperator): create_tag>, delete_tag already registered for DAG: example_complex
[2022-11-09T03:58:28.828+0000] {logging_mixin.py:120} INFO - [2022-11-09T03:58:28.828+0000] {taskmixin.py:205} WARNING - Dependency <Task(BashOperator): delete_tag>, create_tag already registered for DAG: example_complex
[2022-11-09T03:58:28.834+0000] {processor.py:766} INFO - DAG(s) dict_keys(['example_complex']) retrieved from /home/airflow/.local/lib/python3.7/site-packages/airflow/example_dags/example_complex.py
[2022-11-09T03:58:28.882+0000] {logging_mixin.py:120} INFO - [2022-11-09T03:58:28.882+0000] {dag.py:2585} INFO - Sync 1 DAGs
[2022-11-09T03:58:28.907+0000] {logging_mixin.py:120} INFO - [2022-11-09T03:58:28.907+0000] {dag.py:3340} INFO - Setting next_dagrun for example_complex to None, run_after=None
[2022-11-09T03:58:28.931+0000] {processor.py:176} INFO - Processing /home/airflow/.local/lib/python3.7/site-packages/airflow/example_dags/example_complex.py took 0.124 seconds
[2022-11-09T03:58:59.287+0000] {processor.py:154} INFO - Started process (PID=31441) to work on /home/airflow/.local/lib/python3.7/site-packages/airflow/example_dags/example_complex.py
[2022-11-09T03:58:59.288+0000] {processor.py:756} INFO - Processing file /home/airflow/.local/lib/python3.7/site-packages/airflow/example_dags/example_complex.py for tasks to queue
[2022-11-09T03:58:59.289+0000] {logging_mixin.py:120} INFO - [2022-11-09T03:58:59.289+0000] {dagbag.py:537} INFO - Filling up the DagBag from /home/airflow/.local/lib/python3.7/site-packages/airflow/example_dags/example_complex.py
[2022-11-09T03:58:59.295+0000] {logging_mixin.py:120} INFO - [2022-11-09T03:58:59.295+0000] {taskmixin.py:205} WARNING - Dependency <Task(BashOperator): create_entry_group>, delete_entry_group already registered for DAG: example_complex
[2022-11-09T03:58:59.295+0000] {logging_mixin.py:120} INFO - [2022-11-09T03:58:59.295+0000] {taskmixin.py:205} WARNING - Dependency <Task(BashOperator): delete_entry_group>, create_entry_group already registered for DAG: example_complex
[2022-11-09T03:58:59.296+0000] {logging_mixin.py:120} INFO - [2022-11-09T03:58:59.296+0000] {taskmixin.py:205} WARNING - Dependency <Task(BashOperator): create_entry_gcs>, delete_entry already registered for DAG: example_complex
[2022-11-09T03:58:59.296+0000] {logging_mixin.py:120} INFO - [2022-11-09T03:58:59.296+0000] {taskmixin.py:205} WARNING - Dependency <Task(BashOperator): delete_entry>, create_entry_gcs already registered for DAG: example_complex
[2022-11-09T03:58:59.296+0000] {logging_mixin.py:120} INFO - [2022-11-09T03:58:59.296+0000] {taskmixin.py:205} WARNING - Dependency <Task(BashOperator): create_tag>, delete_tag already registered for DAG: example_complex
[2022-11-09T03:58:59.297+0000] {logging_mixin.py:120} INFO - [2022-11-09T03:58:59.296+0000] {taskmixin.py:205} WARNING - Dependency <Task(BashOperator): delete_tag>, create_tag already registered for DAG: example_complex
[2022-11-09T03:58:59.301+0000] {processor.py:766} INFO - DAG(s) dict_keys(['example_complex']) retrieved from /home/airflow/.local/lib/python3.7/site-packages/airflow/example_dags/example_complex.py
[2022-11-09T03:58:59.328+0000] {logging_mixin.py:120} INFO - [2022-11-09T03:58:59.328+0000] {dag.py:2585} INFO - Sync 1 DAGs
[2022-11-09T03:58:59.343+0000] {logging_mixin.py:120} INFO - [2022-11-09T03:58:59.343+0000] {dag.py:3340} INFO - Setting next_dagrun for example_complex to None, run_after=None
[2022-11-09T03:58:59.354+0000] {processor.py:176} INFO - Processing /home/airflow/.local/lib/python3.7/site-packages/airflow/example_dags/example_complex.py took 0.069 seconds
[2022-11-09T03:59:30.247+0000] {processor.py:154} INFO - Started process (PID=31513) to work on /home/airflow/.local/lib/python3.7/site-packages/airflow/example_dags/example_complex.py
[2022-11-09T03:59:30.248+0000] {processor.py:756} INFO - Processing file /home/airflow/.local/lib/python3.7/site-packages/airflow/example_dags/example_complex.py for tasks to queue
[2022-11-09T03:59:30.248+0000] {logging_mixin.py:120} INFO - [2022-11-09T03:59:30.248+0000] {dagbag.py:537} INFO - Filling up the DagBag from /home/airflow/.local/lib/python3.7/site-packages/airflow/example_dags/example_complex.py
[2022-11-09T03:59:30.255+0000] {logging_mixin.py:120} INFO - [2022-11-09T03:59:30.254+0000] {taskmixin.py:205} WARNING - Dependency <Task(BashOperator): create_entry_group>, delete_entry_group already registered for DAG: example_complex
[2022-11-09T03:59:30.255+0000] {logging_mixin.py:120} INFO - [2022-11-09T03:59:30.255+0000] {taskmixin.py:205} WARNING - Dependency <Task(BashOperator): delete_entry_group>, create_entry_group already registered for DAG: example_complex
[2022-11-09T03:59:30.255+0000] {logging_mixin.py:120} INFO - [2022-11-09T03:59:30.255+0000] {taskmixin.py:205} WARNING - Dependency <Task(BashOperator): create_entry_gcs>, delete_entry already registered for DAG: example_complex
[2022-11-09T03:59:30.255+0000] {logging_mixin.py:120} INFO - [2022-11-09T03:59:30.255+0000] {taskmixin.py:205} WARNING - Dependency <Task(BashOperator): delete_entry>, create_entry_gcs already registered for DAG: example_complex
[2022-11-09T03:59:30.256+0000] {logging_mixin.py:120} INFO - [2022-11-09T03:59:30.256+0000] {taskmixin.py:205} WARNING - Dependency <Task(BashOperator): create_tag>, delete_tag already registered for DAG: example_complex
[2022-11-09T03:59:30.256+0000] {logging_mixin.py:120} INFO - [2022-11-09T03:59:30.256+0000] {taskmixin.py:205} WARNING - Dependency <Task(BashOperator): delete_tag>, create_tag already registered for DAG: example_complex
[2022-11-09T03:59:30.260+0000] {processor.py:766} INFO - DAG(s) dict_keys(['example_complex']) retrieved from /home/airflow/.local/lib/python3.7/site-packages/airflow/example_dags/example_complex.py
[2022-11-09T03:59:30.286+0000] {logging_mixin.py:120} INFO - [2022-11-09T03:59:30.286+0000] {dag.py:2585} INFO - Sync 1 DAGs
[2022-11-09T03:59:30.299+0000] {logging_mixin.py:120} INFO - [2022-11-09T03:59:30.299+0000] {dag.py:3340} INFO - Setting next_dagrun for example_complex to None, run_after=None
[2022-11-09T03:59:30.309+0000] {processor.py:176} INFO - Processing /home/airflow/.local/lib/python3.7/site-packages/airflow/example_dags/example_complex.py took 0.064 seconds
[2022-11-09T04:00:01.142+0000] {processor.py:154} INFO - Started process (PID=31579) to work on /home/airflow/.local/lib/python3.7/site-packages/airflow/example_dags/example_complex.py
[2022-11-09T04:00:01.142+0000] {processor.py:756} INFO - Processing file /home/airflow/.local/lib/python3.7/site-packages/airflow/example_dags/example_complex.py for tasks to queue
[2022-11-09T04:00:01.143+0000] {logging_mixin.py:120} INFO - [2022-11-09T04:00:01.143+0000] {dagbag.py:537} INFO - Filling up the DagBag from /home/airflow/.local/lib/python3.7/site-packages/airflow/example_dags/example_complex.py
[2022-11-09T04:00:01.150+0000] {logging_mixin.py:120} INFO - [2022-11-09T04:00:01.150+0000] {taskmixin.py:205} WARNING - Dependency <Task(BashOperator): create_entry_group>, delete_entry_group already registered for DAG: example_complex
[2022-11-09T04:00:01.150+0000] {logging_mixin.py:120} INFO - [2022-11-09T04:00:01.150+0000] {taskmixin.py:205} WARNING - Dependency <Task(BashOperator): delete_entry_group>, create_entry_group already registered for DAG: example_complex
[2022-11-09T04:00:01.150+0000] {logging_mixin.py:120} INFO - [2022-11-09T04:00:01.150+0000] {taskmixin.py:205} WARNING - Dependency <Task(BashOperator): create_entry_gcs>, delete_entry already registered for DAG: example_complex
[2022-11-09T04:00:01.151+0000] {logging_mixin.py:120} INFO - [2022-11-09T04:00:01.150+0000] {taskmixin.py:205} WARNING - Dependency <Task(BashOperator): delete_entry>, create_entry_gcs already registered for DAG: example_complex
[2022-11-09T04:00:01.151+0000] {logging_mixin.py:120} INFO - [2022-11-09T04:00:01.151+0000] {taskmixin.py:205} WARNING - Dependency <Task(BashOperator): create_tag>, delete_tag already registered for DAG: example_complex
[2022-11-09T04:00:01.151+0000] {logging_mixin.py:120} INFO - [2022-11-09T04:00:01.151+0000] {taskmixin.py:205} WARNING - Dependency <Task(BashOperator): delete_tag>, create_tag already registered for DAG: example_complex
[2022-11-09T04:00:01.156+0000] {processor.py:766} INFO - DAG(s) dict_keys(['example_complex']) retrieved from /home/airflow/.local/lib/python3.7/site-packages/airflow/example_dags/example_complex.py
[2022-11-09T04:00:01.183+0000] {logging_mixin.py:120} INFO - [2022-11-09T04:00:01.182+0000] {dag.py:2585} INFO - Sync 1 DAGs
[2022-11-09T04:00:01.196+0000] {logging_mixin.py:120} INFO - [2022-11-09T04:00:01.196+0000] {dag.py:3340} INFO - Setting next_dagrun for example_complex to None, run_after=None
[2022-11-09T04:00:01.229+0000] {processor.py:176} INFO - Processing /home/airflow/.local/lib/python3.7/site-packages/airflow/example_dags/example_complex.py took 0.090 seconds
[2022-11-09T04:00:32.084+0000] {processor.py:154} INFO - Started process (PID=31646) to work on /home/airflow/.local/lib/python3.7/site-packages/airflow/example_dags/example_complex.py
[2022-11-09T04:00:32.084+0000] {processor.py:756} INFO - Processing file /home/airflow/.local/lib/python3.7/site-packages/airflow/example_dags/example_complex.py for tasks to queue
[2022-11-09T04:00:32.085+0000] {logging_mixin.py:120} INFO - [2022-11-09T04:00:32.085+0000] {dagbag.py:537} INFO - Filling up the DagBag from /home/airflow/.local/lib/python3.7/site-packages/airflow/example_dags/example_complex.py
[2022-11-09T04:00:32.091+0000] {logging_mixin.py:120} INFO - [2022-11-09T04:00:32.091+0000] {taskmixin.py:205} WARNING - Dependency <Task(BashOperator): create_entry_group>, delete_entry_group already registered for DAG: example_complex
[2022-11-09T04:00:32.091+0000] {logging_mixin.py:120} INFO - [2022-11-09T04:00:32.091+0000] {taskmixin.py:205} WARNING - Dependency <Task(BashOperator): delete_entry_group>, create_entry_group already registered for DAG: example_complex
[2022-11-09T04:00:32.092+0000] {logging_mixin.py:120} INFO - [2022-11-09T04:00:32.091+0000] {taskmixin.py:205} WARNING - Dependency <Task(BashOperator): create_entry_gcs>, delete_entry already registered for DAG: example_complex
[2022-11-09T04:00:32.092+0000] {logging_mixin.py:120} INFO - [2022-11-09T04:00:32.092+0000] {taskmixin.py:205} WARNING - Dependency <Task(BashOperator): delete_entry>, create_entry_gcs already registered for DAG: example_complex
[2022-11-09T04:00:32.092+0000] {logging_mixin.py:120} INFO - [2022-11-09T04:00:32.092+0000] {taskmixin.py:205} WARNING - Dependency <Task(BashOperator): create_tag>, delete_tag already registered for DAG: example_complex
[2022-11-09T04:00:32.092+0000] {logging_mixin.py:120} INFO - [2022-11-09T04:00:32.092+0000] {taskmixin.py:205} WARNING - Dependency <Task(BashOperator): delete_tag>, create_tag already registered for DAG: example_complex
[2022-11-09T04:00:32.097+0000] {processor.py:766} INFO - DAG(s) dict_keys(['example_complex']) retrieved from /home/airflow/.local/lib/python3.7/site-packages/airflow/example_dags/example_complex.py
[2022-11-09T04:00:32.121+0000] {logging_mixin.py:120} INFO - [2022-11-09T04:00:32.121+0000] {dag.py:2585} INFO - Sync 1 DAGs
[2022-11-09T04:00:32.135+0000] {logging_mixin.py:120} INFO - [2022-11-09T04:00:32.134+0000] {dag.py:3340} INFO - Setting next_dagrun for example_complex to None, run_after=None
[2022-11-09T04:00:32.145+0000] {processor.py:176} INFO - Processing /home/airflow/.local/lib/python3.7/site-packages/airflow/example_dags/example_complex.py took 0.063 seconds
[2022-11-09T04:01:02.295+0000] {processor.py:154} INFO - Started process (PID=31701) to work on /home/airflow/.local/lib/python3.7/site-packages/airflow/example_dags/example_complex.py
[2022-11-09T04:01:02.296+0000] {processor.py:756} INFO - Processing file /home/airflow/.local/lib/python3.7/site-packages/airflow/example_dags/example_complex.py for tasks to queue
[2022-11-09T04:01:02.296+0000] {logging_mixin.py:120} INFO - [2022-11-09T04:01:02.296+0000] {dagbag.py:537} INFO - Filling up the DagBag from /home/airflow/.local/lib/python3.7/site-packages/airflow/example_dags/example_complex.py
[2022-11-09T04:01:02.303+0000] {logging_mixin.py:120} INFO - [2022-11-09T04:01:02.303+0000] {taskmixin.py:205} WARNING - Dependency <Task(BashOperator): create_entry_group>, delete_entry_group already registered for DAG: example_complex
[2022-11-09T04:01:02.303+0000] {logging_mixin.py:120} INFO - [2022-11-09T04:01:02.303+0000] {taskmixin.py:205} WARNING - Dependency <Task(BashOperator): delete_entry_group>, create_entry_group already registered for DAG: example_complex
[2022-11-09T04:01:02.303+0000] {logging_mixin.py:120} INFO - [2022-11-09T04:01:02.303+0000] {taskmixin.py:205} WARNING - Dependency <Task(BashOperator): create_entry_gcs>, delete_entry already registered for DAG: example_complex
[2022-11-09T04:01:02.304+0000] {logging_mixin.py:120} INFO - [2022-11-09T04:01:02.304+0000] {taskmixin.py:205} WARNING - Dependency <Task(BashOperator): delete_entry>, create_entry_gcs already registered for DAG: example_complex
[2022-11-09T04:01:02.304+0000] {logging_mixin.py:120} INFO - [2022-11-09T04:01:02.304+0000] {taskmixin.py:205} WARNING - Dependency <Task(BashOperator): create_tag>, delete_tag already registered for DAG: example_complex
[2022-11-09T04:01:02.304+0000] {logging_mixin.py:120} INFO - [2022-11-09T04:01:02.304+0000] {taskmixin.py:205} WARNING - Dependency <Task(BashOperator): delete_tag>, create_tag already registered for DAG: example_complex
[2022-11-09T04:01:02.309+0000] {processor.py:766} INFO - DAG(s) dict_keys(['example_complex']) retrieved from /home/airflow/.local/lib/python3.7/site-packages/airflow/example_dags/example_complex.py
[2022-11-09T04:01:02.336+0000] {logging_mixin.py:120} INFO - [2022-11-09T04:01:02.336+0000] {dag.py:2585} INFO - Sync 1 DAGs
[2022-11-09T04:01:02.349+0000] {logging_mixin.py:120} INFO - [2022-11-09T04:01:02.349+0000] {dag.py:3340} INFO - Setting next_dagrun for example_complex to None, run_after=None
[2022-11-09T04:01:02.360+0000] {processor.py:176} INFO - Processing /home/airflow/.local/lib/python3.7/site-packages/airflow/example_dags/example_complex.py took 0.067 seconds
[2022-11-09T04:01:32.498+0000] {processor.py:154} INFO - Started process (PID=31767) to work on /home/airflow/.local/lib/python3.7/site-packages/airflow/example_dags/example_complex.py
[2022-11-09T04:01:32.499+0000] {processor.py:756} INFO - Processing file /home/airflow/.local/lib/python3.7/site-packages/airflow/example_dags/example_complex.py for tasks to queue
[2022-11-09T04:01:32.500+0000] {logging_mixin.py:120} INFO - [2022-11-09T04:01:32.500+0000] {dagbag.py:537} INFO - Filling up the DagBag from /home/airflow/.local/lib/python3.7/site-packages/airflow/example_dags/example_complex.py
[2022-11-09T04:01:32.506+0000] {logging_mixin.py:120} INFO - [2022-11-09T04:01:32.506+0000] {taskmixin.py:205} WARNING - Dependency <Task(BashOperator): create_entry_group>, delete_entry_group already registered for DAG: example_complex
[2022-11-09T04:01:32.507+0000] {logging_mixin.py:120} INFO - [2022-11-09T04:01:32.506+0000] {taskmixin.py:205} WARNING - Dependency <Task(BashOperator): delete_entry_group>, create_entry_group already registered for DAG: example_complex
[2022-11-09T04:01:32.507+0000] {logging_mixin.py:120} INFO - [2022-11-09T04:01:32.507+0000] {taskmixin.py:205} WARNING - Dependency <Task(BashOperator): create_entry_gcs>, delete_entry already registered for DAG: example_complex
[2022-11-09T04:01:32.507+0000] {logging_mixin.py:120} INFO - [2022-11-09T04:01:32.507+0000] {taskmixin.py:205} WARNING - Dependency <Task(BashOperator): delete_entry>, create_entry_gcs already registered for DAG: example_complex
[2022-11-09T04:01:32.507+0000] {logging_mixin.py:120} INFO - [2022-11-09T04:01:32.507+0000] {taskmixin.py:205} WARNING - Dependency <Task(BashOperator): create_tag>, delete_tag already registered for DAG: example_complex
[2022-11-09T04:01:32.508+0000] {logging_mixin.py:120} INFO - [2022-11-09T04:01:32.508+0000] {taskmixin.py:205} WARNING - Dependency <Task(BashOperator): delete_tag>, create_tag already registered for DAG: example_complex
[2022-11-09T04:01:32.512+0000] {processor.py:766} INFO - DAG(s) dict_keys(['example_complex']) retrieved from /home/airflow/.local/lib/python3.7/site-packages/airflow/example_dags/example_complex.py
[2022-11-09T04:01:32.537+0000] {logging_mixin.py:120} INFO - [2022-11-09T04:01:32.537+0000] {dag.py:2585} INFO - Sync 1 DAGs
[2022-11-09T04:01:32.549+0000] {logging_mixin.py:120} INFO - [2022-11-09T04:01:32.549+0000] {dag.py:3340} INFO - Setting next_dagrun for example_complex to None, run_after=None
[2022-11-09T04:01:32.559+0000] {processor.py:176} INFO - Processing /home/airflow/.local/lib/python3.7/site-packages/airflow/example_dags/example_complex.py took 0.063 seconds
[2022-11-09T04:02:02.621+0000] {processor.py:154} INFO - Started process (PID=31837) to work on /home/airflow/.local/lib/python3.7/site-packages/airflow/example_dags/example_complex.py
[2022-11-09T04:02:02.621+0000] {processor.py:756} INFO - Processing file /home/airflow/.local/lib/python3.7/site-packages/airflow/example_dags/example_complex.py for tasks to queue
[2022-11-09T04:02:02.622+0000] {logging_mixin.py:120} INFO - [2022-11-09T04:02:02.622+0000] {dagbag.py:537} INFO - Filling up the DagBag from /home/airflow/.local/lib/python3.7/site-packages/airflow/example_dags/example_complex.py
[2022-11-09T04:02:02.628+0000] {logging_mixin.py:120} INFO - [2022-11-09T04:02:02.628+0000] {taskmixin.py:205} WARNING - Dependency <Task(BashOperator): create_entry_group>, delete_entry_group already registered for DAG: example_complex
[2022-11-09T04:02:02.628+0000] {logging_mixin.py:120} INFO - [2022-11-09T04:02:02.628+0000] {taskmixin.py:205} WARNING - Dependency <Task(BashOperator): delete_entry_group>, create_entry_group already registered for DAG: example_complex
[2022-11-09T04:02:02.628+0000] {logging_mixin.py:120} INFO - [2022-11-09T04:02:02.628+0000] {taskmixin.py:205} WARNING - Dependency <Task(BashOperator): create_entry_gcs>, delete_entry already registered for DAG: example_complex
[2022-11-09T04:02:02.629+0000] {logging_mixin.py:120} INFO - [2022-11-09T04:02:02.629+0000] {taskmixin.py:205} WARNING - Dependency <Task(BashOperator): delete_entry>, create_entry_gcs already registered for DAG: example_complex
[2022-11-09T04:02:02.630+0000] {logging_mixin.py:120} INFO - [2022-11-09T04:02:02.630+0000] {taskmixin.py:205} WARNING - Dependency <Task(BashOperator): create_tag>, delete_tag already registered for DAG: example_complex
[2022-11-09T04:02:02.630+0000] {logging_mixin.py:120} INFO - [2022-11-09T04:02:02.630+0000] {taskmixin.py:205} WARNING - Dependency <Task(BashOperator): delete_tag>, create_tag already registered for DAG: example_complex
[2022-11-09T04:02:02.635+0000] {processor.py:766} INFO - DAG(s) dict_keys(['example_complex']) retrieved from /home/airflow/.local/lib/python3.7/site-packages/airflow/example_dags/example_complex.py
[2022-11-09T04:02:02.692+0000] {logging_mixin.py:120} INFO - [2022-11-09T04:02:02.691+0000] {dag.py:2585} INFO - Sync 1 DAGs
[2022-11-09T04:02:02.705+0000] {logging_mixin.py:120} INFO - [2022-11-09T04:02:02.705+0000] {dag.py:3340} INFO - Setting next_dagrun for example_complex to None, run_after=None
[2022-11-09T04:02:02.716+0000] {processor.py:176} INFO - Processing /home/airflow/.local/lib/python3.7/site-packages/airflow/example_dags/example_complex.py took 0.097 seconds
[2022-11-09T04:02:32.781+0000] {processor.py:154} INFO - Started process (PID=31905) to work on /home/airflow/.local/lib/python3.7/site-packages/airflow/example_dags/example_complex.py
[2022-11-09T04:02:32.782+0000] {processor.py:756} INFO - Processing file /home/airflow/.local/lib/python3.7/site-packages/airflow/example_dags/example_complex.py for tasks to queue
[2022-11-09T04:02:32.782+0000] {logging_mixin.py:120} INFO - [2022-11-09T04:02:32.782+0000] {dagbag.py:537} INFO - Filling up the DagBag from /home/airflow/.local/lib/python3.7/site-packages/airflow/example_dags/example_complex.py
[2022-11-09T04:02:32.788+0000] {logging_mixin.py:120} INFO - [2022-11-09T04:02:32.788+0000] {taskmixin.py:205} WARNING - Dependency <Task(BashOperator): create_entry_group>, delete_entry_group already registered for DAG: example_complex
[2022-11-09T04:02:32.789+0000] {logging_mixin.py:120} INFO - [2022-11-09T04:02:32.789+0000] {taskmixin.py:205} WARNING - Dependency <Task(BashOperator): delete_entry_group>, create_entry_group already registered for DAG: example_complex
[2022-11-09T04:02:32.789+0000] {logging_mixin.py:120} INFO - [2022-11-09T04:02:32.789+0000] {taskmixin.py:205} WARNING - Dependency <Task(BashOperator): create_entry_gcs>, delete_entry already registered for DAG: example_complex
[2022-11-09T04:02:32.789+0000] {logging_mixin.py:120} INFO - [2022-11-09T04:02:32.789+0000] {taskmixin.py:205} WARNING - Dependency <Task(BashOperator): delete_entry>, create_entry_gcs already registered for DAG: example_complex
[2022-11-09T04:02:32.790+0000] {logging_mixin.py:120} INFO - [2022-11-09T04:02:32.790+0000] {taskmixin.py:205} WARNING - Dependency <Task(BashOperator): create_tag>, delete_tag already registered for DAG: example_complex
[2022-11-09T04:02:32.790+0000] {logging_mixin.py:120} INFO - [2022-11-09T04:02:32.790+0000] {taskmixin.py:205} WARNING - Dependency <Task(BashOperator): delete_tag>, create_tag already registered for DAG: example_complex
[2022-11-09T04:02:32.794+0000] {processor.py:766} INFO - DAG(s) dict_keys(['example_complex']) retrieved from /home/airflow/.local/lib/python3.7/site-packages/airflow/example_dags/example_complex.py
[2022-11-09T04:02:32.820+0000] {logging_mixin.py:120} INFO - [2022-11-09T04:02:32.820+0000] {dag.py:2585} INFO - Sync 1 DAGs
[2022-11-09T04:02:32.834+0000] {logging_mixin.py:120} INFO - [2022-11-09T04:02:32.834+0000] {dag.py:3340} INFO - Setting next_dagrun for example_complex to None, run_after=None
[2022-11-09T04:02:32.845+0000] {processor.py:176} INFO - Processing /home/airflow/.local/lib/python3.7/site-packages/airflow/example_dags/example_complex.py took 0.066 seconds
[2022-11-09T04:03:03.874+0000] {processor.py:154} INFO - Started process (PID=31970) to work on /home/airflow/.local/lib/python3.7/site-packages/airflow/example_dags/example_complex.py
[2022-11-09T04:03:03.875+0000] {processor.py:756} INFO - Processing file /home/airflow/.local/lib/python3.7/site-packages/airflow/example_dags/example_complex.py for tasks to queue
[2022-11-09T04:03:03.876+0000] {logging_mixin.py:120} INFO - [2022-11-09T04:03:03.876+0000] {dagbag.py:537} INFO - Filling up the DagBag from /home/airflow/.local/lib/python3.7/site-packages/airflow/example_dags/example_complex.py
[2022-11-09T04:03:03.883+0000] {logging_mixin.py:120} INFO - [2022-11-09T04:03:03.883+0000] {taskmixin.py:205} WARNING - Dependency <Task(BashOperator): create_entry_group>, delete_entry_group already registered for DAG: example_complex
[2022-11-09T04:03:03.885+0000] {logging_mixin.py:120} INFO - [2022-11-09T04:03:03.885+0000] {taskmixin.py:205} WARNING - Dependency <Task(BashOperator): delete_entry_group>, create_entry_group already registered for DAG: example_complex
[2022-11-09T04:03:03.885+0000] {logging_mixin.py:120} INFO - [2022-11-09T04:03:03.885+0000] {taskmixin.py:205} WARNING - Dependency <Task(BashOperator): create_entry_gcs>, delete_entry already registered for DAG: example_complex
[2022-11-09T04:03:03.886+0000] {logging_mixin.py:120} INFO - [2022-11-09T04:03:03.885+0000] {taskmixin.py:205} WARNING - Dependency <Task(BashOperator): delete_entry>, create_entry_gcs already registered for DAG: example_complex
[2022-11-09T04:03:03.886+0000] {logging_mixin.py:120} INFO - [2022-11-09T04:03:03.886+0000] {taskmixin.py:205} WARNING - Dependency <Task(BashOperator): create_tag>, delete_tag already registered for DAG: example_complex
[2022-11-09T04:03:03.886+0000] {logging_mixin.py:120} INFO - [2022-11-09T04:03:03.886+0000] {taskmixin.py:205} WARNING - Dependency <Task(BashOperator): delete_tag>, create_tag already registered for DAG: example_complex
[2022-11-09T04:03:03.891+0000] {processor.py:766} INFO - DAG(s) dict_keys(['example_complex']) retrieved from /home/airflow/.local/lib/python3.7/site-packages/airflow/example_dags/example_complex.py
[2022-11-09T04:03:03.919+0000] {logging_mixin.py:120} INFO - [2022-11-09T04:03:03.919+0000] {dag.py:2585} INFO - Sync 1 DAGs
[2022-11-09T04:03:03.934+0000] {logging_mixin.py:120} INFO - [2022-11-09T04:03:03.934+0000] {dag.py:3340} INFO - Setting next_dagrun for example_complex to None, run_after=None
[2022-11-09T04:03:03.946+0000] {processor.py:176} INFO - Processing /home/airflow/.local/lib/python3.7/site-packages/airflow/example_dags/example_complex.py took 0.073 seconds
[2022-11-09T04:03:34.002+0000] {processor.py:154} INFO - Started process (PID=32026) to work on /home/airflow/.local/lib/python3.7/site-packages/airflow/example_dags/example_complex.py
[2022-11-09T04:03:34.003+0000] {processor.py:756} INFO - Processing file /home/airflow/.local/lib/python3.7/site-packages/airflow/example_dags/example_complex.py for tasks to queue
[2022-11-09T04:03:34.003+0000] {logging_mixin.py:120} INFO - [2022-11-09T04:03:34.003+0000] {dagbag.py:537} INFO - Filling up the DagBag from /home/airflow/.local/lib/python3.7/site-packages/airflow/example_dags/example_complex.py
[2022-11-09T04:03:34.009+0000] {logging_mixin.py:120} INFO - [2022-11-09T04:03:34.009+0000] {taskmixin.py:205} WARNING - Dependency <Task(BashOperator): create_entry_group>, delete_entry_group already registered for DAG: example_complex
[2022-11-09T04:03:34.010+0000] {logging_mixin.py:120} INFO - [2022-11-09T04:03:34.010+0000] {taskmixin.py:205} WARNING - Dependency <Task(BashOperator): delete_entry_group>, create_entry_group already registered for DAG: example_complex
[2022-11-09T04:03:34.010+0000] {logging_mixin.py:120} INFO - [2022-11-09T04:03:34.010+0000] {taskmixin.py:205} WARNING - Dependency <Task(BashOperator): create_entry_gcs>, delete_entry already registered for DAG: example_complex
[2022-11-09T04:03:34.010+0000] {logging_mixin.py:120} INFO - [2022-11-09T04:03:34.010+0000] {taskmixin.py:205} WARNING - Dependency <Task(BashOperator): delete_entry>, create_entry_gcs already registered for DAG: example_complex
[2022-11-09T04:03:34.010+0000] {logging_mixin.py:120} INFO - [2022-11-09T04:03:34.010+0000] {taskmixin.py:205} WARNING - Dependency <Task(BashOperator): create_tag>, delete_tag already registered for DAG: example_complex
[2022-11-09T04:03:34.011+0000] {logging_mixin.py:120} INFO - [2022-11-09T04:03:34.011+0000] {taskmixin.py:205} WARNING - Dependency <Task(BashOperator): delete_tag>, create_tag already registered for DAG: example_complex
[2022-11-09T04:03:34.015+0000] {processor.py:766} INFO - DAG(s) dict_keys(['example_complex']) retrieved from /home/airflow/.local/lib/python3.7/site-packages/airflow/example_dags/example_complex.py
[2022-11-09T04:03:34.047+0000] {logging_mixin.py:120} INFO - [2022-11-09T04:03:34.047+0000] {dag.py:2585} INFO - Sync 1 DAGs
[2022-11-09T04:03:34.060+0000] {logging_mixin.py:120} INFO - [2022-11-09T04:03:34.060+0000] {dag.py:3340} INFO - Setting next_dagrun for example_complex to None, run_after=None
[2022-11-09T04:03:34.070+0000] {processor.py:176} INFO - Processing /home/airflow/.local/lib/python3.7/site-packages/airflow/example_dags/example_complex.py took 0.070 seconds
[2022-11-09T04:04:05.172+0000] {processor.py:154} INFO - Started process (PID=32095) to work on /home/airflow/.local/lib/python3.7/site-packages/airflow/example_dags/example_complex.py
[2022-11-09T04:04:05.172+0000] {processor.py:756} INFO - Processing file /home/airflow/.local/lib/python3.7/site-packages/airflow/example_dags/example_complex.py for tasks to queue
[2022-11-09T04:04:05.173+0000] {logging_mixin.py:120} INFO - [2022-11-09T04:04:05.173+0000] {dagbag.py:537} INFO - Filling up the DagBag from /home/airflow/.local/lib/python3.7/site-packages/airflow/example_dags/example_complex.py
[2022-11-09T04:04:05.179+0000] {logging_mixin.py:120} INFO - [2022-11-09T04:04:05.179+0000] {taskmixin.py:205} WARNING - Dependency <Task(BashOperator): create_entry_group>, delete_entry_group already registered for DAG: example_complex
[2022-11-09T04:04:05.180+0000] {logging_mixin.py:120} INFO - [2022-11-09T04:04:05.180+0000] {taskmixin.py:205} WARNING - Dependency <Task(BashOperator): delete_entry_group>, create_entry_group already registered for DAG: example_complex
[2022-11-09T04:04:05.180+0000] {logging_mixin.py:120} INFO - [2022-11-09T04:04:05.180+0000] {taskmixin.py:205} WARNING - Dependency <Task(BashOperator): create_entry_gcs>, delete_entry already registered for DAG: example_complex
[2022-11-09T04:04:05.180+0000] {logging_mixin.py:120} INFO - [2022-11-09T04:04:05.180+0000] {taskmixin.py:205} WARNING - Dependency <Task(BashOperator): delete_entry>, create_entry_gcs already registered for DAG: example_complex
[2022-11-09T04:04:05.180+0000] {logging_mixin.py:120} INFO - [2022-11-09T04:04:05.180+0000] {taskmixin.py:205} WARNING - Dependency <Task(BashOperator): create_tag>, delete_tag already registered for DAG: example_complex
[2022-11-09T04:04:05.181+0000] {logging_mixin.py:120} INFO - [2022-11-09T04:04:05.181+0000] {taskmixin.py:205} WARNING - Dependency <Task(BashOperator): delete_tag>, create_tag already registered for DAG: example_complex
[2022-11-09T04:04:05.186+0000] {processor.py:766} INFO - DAG(s) dict_keys(['example_complex']) retrieved from /home/airflow/.local/lib/python3.7/site-packages/airflow/example_dags/example_complex.py
[2022-11-09T04:04:05.211+0000] {logging_mixin.py:120} INFO - [2022-11-09T04:04:05.211+0000] {dag.py:2585} INFO - Sync 1 DAGs
[2022-11-09T04:04:05.225+0000] {logging_mixin.py:120} INFO - [2022-11-09T04:04:05.225+0000] {dag.py:3340} INFO - Setting next_dagrun for example_complex to None, run_after=None
[2022-11-09T04:04:05.237+0000] {processor.py:176} INFO - Processing /home/airflow/.local/lib/python3.7/site-packages/airflow/example_dags/example_complex.py took 0.067 seconds
[2022-11-09T04:04:36.240+0000] {processor.py:154} INFO - Started process (PID=32166) to work on /home/airflow/.local/lib/python3.7/site-packages/airflow/example_dags/example_complex.py
[2022-11-09T04:04:36.241+0000] {processor.py:756} INFO - Processing file /home/airflow/.local/lib/python3.7/site-packages/airflow/example_dags/example_complex.py for tasks to queue
[2022-11-09T04:04:36.242+0000] {logging_mixin.py:120} INFO - [2022-11-09T04:04:36.242+0000] {dagbag.py:537} INFO - Filling up the DagBag from /home/airflow/.local/lib/python3.7/site-packages/airflow/example_dags/example_complex.py
[2022-11-09T04:04:36.247+0000] {logging_mixin.py:120} INFO - [2022-11-09T04:04:36.247+0000] {taskmixin.py:205} WARNING - Dependency <Task(BashOperator): create_entry_group>, delete_entry_group already registered for DAG: example_complex
[2022-11-09T04:04:36.247+0000] {logging_mixin.py:120} INFO - [2022-11-09T04:04:36.247+0000] {taskmixin.py:205} WARNING - Dependency <Task(BashOperator): delete_entry_group>, create_entry_group already registered for DAG: example_complex
[2022-11-09T04:04:36.248+0000] {logging_mixin.py:120} INFO - [2022-11-09T04:04:36.248+0000] {taskmixin.py:205} WARNING - Dependency <Task(BashOperator): create_entry_gcs>, delete_entry already registered for DAG: example_complex
[2022-11-09T04:04:36.248+0000] {logging_mixin.py:120} INFO - [2022-11-09T04:04:36.248+0000] {taskmixin.py:205} WARNING - Dependency <Task(BashOperator): delete_entry>, create_entry_gcs already registered for DAG: example_complex
[2022-11-09T04:04:36.248+0000] {logging_mixin.py:120} INFO - [2022-11-09T04:04:36.248+0000] {taskmixin.py:205} WARNING - Dependency <Task(BashOperator): create_tag>, delete_tag already registered for DAG: example_complex
[2022-11-09T04:04:36.248+0000] {logging_mixin.py:120} INFO - [2022-11-09T04:04:36.248+0000] {taskmixin.py:205} WARNING - Dependency <Task(BashOperator): delete_tag>, create_tag already registered for DAG: example_complex
[2022-11-09T04:04:36.253+0000] {processor.py:766} INFO - DAG(s) dict_keys(['example_complex']) retrieved from /home/airflow/.local/lib/python3.7/site-packages/airflow/example_dags/example_complex.py
[2022-11-09T04:04:36.278+0000] {logging_mixin.py:120} INFO - [2022-11-09T04:04:36.277+0000] {dag.py:2585} INFO - Sync 1 DAGs
[2022-11-09T04:04:36.291+0000] {logging_mixin.py:120} INFO - [2022-11-09T04:04:36.291+0000] {dag.py:3340} INFO - Setting next_dagrun for example_complex to None, run_after=None
[2022-11-09T04:04:36.301+0000] {processor.py:176} INFO - Processing /home/airflow/.local/lib/python3.7/site-packages/airflow/example_dags/example_complex.py took 0.063 seconds
[2022-11-09T04:05:07.238+0000] {processor.py:154} INFO - Started process (PID=32233) to work on /home/airflow/.local/lib/python3.7/site-packages/airflow/example_dags/example_complex.py
[2022-11-09T04:05:07.239+0000] {processor.py:756} INFO - Processing file /home/airflow/.local/lib/python3.7/site-packages/airflow/example_dags/example_complex.py for tasks to queue
[2022-11-09T04:05:07.239+0000] {logging_mixin.py:120} INFO - [2022-11-09T04:05:07.239+0000] {dagbag.py:537} INFO - Filling up the DagBag from /home/airflow/.local/lib/python3.7/site-packages/airflow/example_dags/example_complex.py
[2022-11-09T04:05:07.246+0000] {logging_mixin.py:120} INFO - [2022-11-09T04:05:07.246+0000] {taskmixin.py:205} WARNING - Dependency <Task(BashOperator): create_entry_group>, delete_entry_group already registered for DAG: example_complex
[2022-11-09T04:05:07.247+0000] {logging_mixin.py:120} INFO - [2022-11-09T04:05:07.247+0000] {taskmixin.py:205} WARNING - Dependency <Task(BashOperator): delete_entry_group>, create_entry_group already registered for DAG: example_complex
[2022-11-09T04:05:07.247+0000] {logging_mixin.py:120} INFO - [2022-11-09T04:05:07.247+0000] {taskmixin.py:205} WARNING - Dependency <Task(BashOperator): create_entry_gcs>, delete_entry already registered for DAG: example_complex
[2022-11-09T04:05:07.248+0000] {logging_mixin.py:120} INFO - [2022-11-09T04:05:07.248+0000] {taskmixin.py:205} WARNING - Dependency <Task(BashOperator): delete_entry>, create_entry_gcs already registered for DAG: example_complex
[2022-11-09T04:05:07.248+0000] {logging_mixin.py:120} INFO - [2022-11-09T04:05:07.248+0000] {taskmixin.py:205} WARNING - Dependency <Task(BashOperator): create_tag>, delete_tag already registered for DAG: example_complex
[2022-11-09T04:05:07.249+0000] {logging_mixin.py:120} INFO - [2022-11-09T04:05:07.249+0000] {taskmixin.py:205} WARNING - Dependency <Task(BashOperator): delete_tag>, create_tag already registered for DAG: example_complex
[2022-11-09T04:05:07.254+0000] {processor.py:766} INFO - DAG(s) dict_keys(['example_complex']) retrieved from /home/airflow/.local/lib/python3.7/site-packages/airflow/example_dags/example_complex.py
[2022-11-09T04:05:07.278+0000] {logging_mixin.py:120} INFO - [2022-11-09T04:05:07.278+0000] {dag.py:2585} INFO - Sync 1 DAGs
[2022-11-09T04:05:07.291+0000] {logging_mixin.py:120} INFO - [2022-11-09T04:05:07.290+0000] {dag.py:3340} INFO - Setting next_dagrun for example_complex to None, run_after=None
[2022-11-09T04:05:07.300+0000] {processor.py:176} INFO - Processing /home/airflow/.local/lib/python3.7/site-packages/airflow/example_dags/example_complex.py took 0.065 seconds
[2022-11-09T04:05:38.056+0000] {processor.py:154} INFO - Started process (PID=32298) to work on /home/airflow/.local/lib/python3.7/site-packages/airflow/example_dags/example_complex.py
[2022-11-09T04:05:38.057+0000] {processor.py:756} INFO - Processing file /home/airflow/.local/lib/python3.7/site-packages/airflow/example_dags/example_complex.py for tasks to queue
[2022-11-09T04:05:38.057+0000] {logging_mixin.py:120} INFO - [2022-11-09T04:05:38.057+0000] {dagbag.py:537} INFO - Filling up the DagBag from /home/airflow/.local/lib/python3.7/site-packages/airflow/example_dags/example_complex.py
[2022-11-09T04:05:38.063+0000] {logging_mixin.py:120} INFO - [2022-11-09T04:05:38.063+0000] {taskmixin.py:205} WARNING - Dependency <Task(BashOperator): create_entry_group>, delete_entry_group already registered for DAG: example_complex
[2022-11-09T04:05:38.064+0000] {logging_mixin.py:120} INFO - [2022-11-09T04:05:38.063+0000] {taskmixin.py:205} WARNING - Dependency <Task(BashOperator): delete_entry_group>, create_entry_group already registered for DAG: example_complex
[2022-11-09T04:05:38.064+0000] {logging_mixin.py:120} INFO - [2022-11-09T04:05:38.064+0000] {taskmixin.py:205} WARNING - Dependency <Task(BashOperator): create_entry_gcs>, delete_entry already registered for DAG: example_complex
[2022-11-09T04:05:38.064+0000] {logging_mixin.py:120} INFO - [2022-11-09T04:05:38.064+0000] {taskmixin.py:205} WARNING - Dependency <Task(BashOperator): delete_entry>, create_entry_gcs already registered for DAG: example_complex
[2022-11-09T04:05:38.065+0000] {logging_mixin.py:120} INFO - [2022-11-09T04:05:38.064+0000] {taskmixin.py:205} WARNING - Dependency <Task(BashOperator): create_tag>, delete_tag already registered for DAG: example_complex
[2022-11-09T04:05:38.065+0000] {logging_mixin.py:120} INFO - [2022-11-09T04:05:38.065+0000] {taskmixin.py:205} WARNING - Dependency <Task(BashOperator): delete_tag>, create_tag already registered for DAG: example_complex
[2022-11-09T04:05:38.069+0000] {processor.py:766} INFO - DAG(s) dict_keys(['example_complex']) retrieved from /home/airflow/.local/lib/python3.7/site-packages/airflow/example_dags/example_complex.py
[2022-11-09T04:05:38.095+0000] {logging_mixin.py:120} INFO - [2022-11-09T04:05:38.095+0000] {dag.py:2585} INFO - Sync 1 DAGs
[2022-11-09T04:05:38.108+0000] {logging_mixin.py:120} INFO - [2022-11-09T04:05:38.108+0000] {dag.py:3340} INFO - Setting next_dagrun for example_complex to None, run_after=None
[2022-11-09T04:05:38.118+0000] {processor.py:176} INFO - Processing /home/airflow/.local/lib/python3.7/site-packages/airflow/example_dags/example_complex.py took 0.064 seconds
[2022-11-09T04:06:08.882+0000] {processor.py:154} INFO - Started process (PID=32363) to work on /home/airflow/.local/lib/python3.7/site-packages/airflow/example_dags/example_complex.py
[2022-11-09T04:06:08.883+0000] {processor.py:756} INFO - Processing file /home/airflow/.local/lib/python3.7/site-packages/airflow/example_dags/example_complex.py for tasks to queue
[2022-11-09T04:06:08.883+0000] {logging_mixin.py:120} INFO - [2022-11-09T04:06:08.883+0000] {dagbag.py:537} INFO - Filling up the DagBag from /home/airflow/.local/lib/python3.7/site-packages/airflow/example_dags/example_complex.py
[2022-11-09T04:06:08.890+0000] {logging_mixin.py:120} INFO - [2022-11-09T04:06:08.890+0000] {taskmixin.py:205} WARNING - Dependency <Task(BashOperator): create_entry_group>, delete_entry_group already registered for DAG: example_complex
[2022-11-09T04:06:08.890+0000] {logging_mixin.py:120} INFO - [2022-11-09T04:06:08.890+0000] {taskmixin.py:205} WARNING - Dependency <Task(BashOperator): delete_entry_group>, create_entry_group already registered for DAG: example_complex
[2022-11-09T04:06:08.890+0000] {logging_mixin.py:120} INFO - [2022-11-09T04:06:08.890+0000] {taskmixin.py:205} WARNING - Dependency <Task(BashOperator): create_entry_gcs>, delete_entry already registered for DAG: example_complex
[2022-11-09T04:06:08.891+0000] {logging_mixin.py:120} INFO - [2022-11-09T04:06:08.890+0000] {taskmixin.py:205} WARNING - Dependency <Task(BashOperator): delete_entry>, create_entry_gcs already registered for DAG: example_complex
[2022-11-09T04:06:08.891+0000] {logging_mixin.py:120} INFO - [2022-11-09T04:06:08.891+0000] {taskmixin.py:205} WARNING - Dependency <Task(BashOperator): create_tag>, delete_tag already registered for DAG: example_complex
[2022-11-09T04:06:08.891+0000] {logging_mixin.py:120} INFO - [2022-11-09T04:06:08.891+0000] {taskmixin.py:205} WARNING - Dependency <Task(BashOperator): delete_tag>, create_tag already registered for DAG: example_complex
[2022-11-09T04:06:08.896+0000] {processor.py:766} INFO - DAG(s) dict_keys(['example_complex']) retrieved from /home/airflow/.local/lib/python3.7/site-packages/airflow/example_dags/example_complex.py
[2022-11-09T04:06:08.921+0000] {logging_mixin.py:120} INFO - [2022-11-09T04:06:08.921+0000] {dag.py:2585} INFO - Sync 1 DAGs
[2022-11-09T04:06:08.934+0000] {logging_mixin.py:120} INFO - [2022-11-09T04:06:08.934+0000] {dag.py:3340} INFO - Setting next_dagrun for example_complex to None, run_after=None
[2022-11-09T04:06:08.944+0000] {processor.py:176} INFO - Processing /home/airflow/.local/lib/python3.7/site-packages/airflow/example_dags/example_complex.py took 0.064 seconds
[2022-11-09T04:06:39.797+0000] {processor.py:154} INFO - Started process (PID=32432) to work on /home/airflow/.local/lib/python3.7/site-packages/airflow/example_dags/example_complex.py
[2022-11-09T04:06:39.798+0000] {processor.py:756} INFO - Processing file /home/airflow/.local/lib/python3.7/site-packages/airflow/example_dags/example_complex.py for tasks to queue
[2022-11-09T04:06:39.798+0000] {logging_mixin.py:120} INFO - [2022-11-09T04:06:39.798+0000] {dagbag.py:537} INFO - Filling up the DagBag from /home/airflow/.local/lib/python3.7/site-packages/airflow/example_dags/example_complex.py
[2022-11-09T04:06:39.805+0000] {logging_mixin.py:120} INFO - [2022-11-09T04:06:39.804+0000] {taskmixin.py:205} WARNING - Dependency <Task(BashOperator): create_entry_group>, delete_entry_group already registered for DAG: example_complex
[2022-11-09T04:06:39.805+0000] {logging_mixin.py:120} INFO - [2022-11-09T04:06:39.805+0000] {taskmixin.py:205} WARNING - Dependency <Task(BashOperator): delete_entry_group>, create_entry_group already registered for DAG: example_complex
[2022-11-09T04:06:39.805+0000] {logging_mixin.py:120} INFO - [2022-11-09T04:06:39.805+0000] {taskmixin.py:205} WARNING - Dependency <Task(BashOperator): create_entry_gcs>, delete_entry already registered for DAG: example_complex
[2022-11-09T04:06:39.805+0000] {logging_mixin.py:120} INFO - [2022-11-09T04:06:39.805+0000] {taskmixin.py:205} WARNING - Dependency <Task(BashOperator): delete_entry>, create_entry_gcs already registered for DAG: example_complex
[2022-11-09T04:06:39.806+0000] {logging_mixin.py:120} INFO - [2022-11-09T04:06:39.806+0000] {taskmixin.py:205} WARNING - Dependency <Task(BashOperator): create_tag>, delete_tag already registered for DAG: example_complex
[2022-11-09T04:06:39.806+0000] {logging_mixin.py:120} INFO - [2022-11-09T04:06:39.806+0000] {taskmixin.py:205} WARNING - Dependency <Task(BashOperator): delete_tag>, create_tag already registered for DAG: example_complex
[2022-11-09T04:06:39.810+0000] {processor.py:766} INFO - DAG(s) dict_keys(['example_complex']) retrieved from /home/airflow/.local/lib/python3.7/site-packages/airflow/example_dags/example_complex.py
[2022-11-09T04:06:39.835+0000] {logging_mixin.py:120} INFO - [2022-11-09T04:06:39.834+0000] {dag.py:2585} INFO - Sync 1 DAGs
[2022-11-09T04:06:39.847+0000] {logging_mixin.py:120} INFO - [2022-11-09T04:06:39.847+0000] {dag.py:3340} INFO - Setting next_dagrun for example_complex to None, run_after=None
[2022-11-09T04:06:39.858+0000] {processor.py:176} INFO - Processing /home/airflow/.local/lib/python3.7/site-packages/airflow/example_dags/example_complex.py took 0.063 seconds
[2022-11-09T04:17:40.292+0000] {processor.py:154} INFO - Started process (PID=32501) to work on /home/airflow/.local/lib/python3.7/site-packages/airflow/example_dags/example_complex.py
[2022-11-09T04:17:40.292+0000] {processor.py:756} INFO - Processing file /home/airflow/.local/lib/python3.7/site-packages/airflow/example_dags/example_complex.py for tasks to queue
[2022-11-09T04:17:40.293+0000] {logging_mixin.py:120} INFO - [2022-11-09T04:17:40.293+0000] {dagbag.py:537} INFO - Filling up the DagBag from /home/airflow/.local/lib/python3.7/site-packages/airflow/example_dags/example_complex.py
[2022-11-09T04:17:40.305+0000] {logging_mixin.py:120} INFO - [2022-11-09T04:17:40.305+0000] {taskmixin.py:205} WARNING - Dependency <Task(BashOperator): create_entry_group>, delete_entry_group already registered for DAG: example_complex
[2022-11-09T04:17:40.307+0000] {logging_mixin.py:120} INFO - [2022-11-09T04:17:40.307+0000] {taskmixin.py:205} WARNING - Dependency <Task(BashOperator): delete_entry_group>, create_entry_group already registered for DAG: example_complex
[2022-11-09T04:17:40.307+0000] {logging_mixin.py:120} INFO - [2022-11-09T04:17:40.307+0000] {taskmixin.py:205} WARNING - Dependency <Task(BashOperator): create_entry_gcs>, delete_entry already registered for DAG: example_complex
[2022-11-09T04:17:40.307+0000] {logging_mixin.py:120} INFO - [2022-11-09T04:17:40.307+0000] {taskmixin.py:205} WARNING - Dependency <Task(BashOperator): delete_entry>, create_entry_gcs already registered for DAG: example_complex
[2022-11-09T04:17:40.309+0000] {logging_mixin.py:120} INFO - [2022-11-09T04:17:40.308+0000] {taskmixin.py:205} WARNING - Dependency <Task(BashOperator): create_tag>, delete_tag already registered for DAG: example_complex
[2022-11-09T04:17:40.312+0000] {logging_mixin.py:120} INFO - [2022-11-09T04:17:40.312+0000] {taskmixin.py:205} WARNING - Dependency <Task(BashOperator): delete_tag>, create_tag already registered for DAG: example_complex
[2022-11-09T04:17:40.317+0000] {processor.py:766} INFO - DAG(s) dict_keys(['example_complex']) retrieved from /home/airflow/.local/lib/python3.7/site-packages/airflow/example_dags/example_complex.py
[2022-11-09T04:17:40.372+0000] {logging_mixin.py:120} INFO - [2022-11-09T04:17:40.372+0000] {dag.py:2585} INFO - Sync 1 DAGs
[2022-11-09T04:17:40.410+0000] {logging_mixin.py:120} INFO - [2022-11-09T04:17:40.409+0000] {dag.py:3340} INFO - Setting next_dagrun for example_complex to None, run_after=None
[2022-11-09T04:17:40.432+0000] {processor.py:176} INFO - Processing /home/airflow/.local/lib/python3.7/site-packages/airflow/example_dags/example_complex.py took 0.143 seconds
[2022-11-09T04:18:10.557+0000] {processor.py:154} INFO - Started process (PID=32558) to work on /home/airflow/.local/lib/python3.7/site-packages/airflow/example_dags/example_complex.py
[2022-11-09T04:18:10.557+0000] {processor.py:756} INFO - Processing file /home/airflow/.local/lib/python3.7/site-packages/airflow/example_dags/example_complex.py for tasks to queue
[2022-11-09T04:18:10.558+0000] {logging_mixin.py:120} INFO - [2022-11-09T04:18:10.558+0000] {dagbag.py:537} INFO - Filling up the DagBag from /home/airflow/.local/lib/python3.7/site-packages/airflow/example_dags/example_complex.py
[2022-11-09T04:18:10.566+0000] {logging_mixin.py:120} INFO - [2022-11-09T04:18:10.566+0000] {taskmixin.py:205} WARNING - Dependency <Task(BashOperator): create_entry_group>, delete_entry_group already registered for DAG: example_complex
[2022-11-09T04:18:10.566+0000] {logging_mixin.py:120} INFO - [2022-11-09T04:18:10.566+0000] {taskmixin.py:205} WARNING - Dependency <Task(BashOperator): delete_entry_group>, create_entry_group already registered for DAG: example_complex
[2022-11-09T04:18:10.566+0000] {logging_mixin.py:120} INFO - [2022-11-09T04:18:10.566+0000] {taskmixin.py:205} WARNING - Dependency <Task(BashOperator): create_entry_gcs>, delete_entry already registered for DAG: example_complex
[2022-11-09T04:18:10.566+0000] {logging_mixin.py:120} INFO - [2022-11-09T04:18:10.566+0000] {taskmixin.py:205} WARNING - Dependency <Task(BashOperator): delete_entry>, create_entry_gcs already registered for DAG: example_complex
[2022-11-09T04:18:10.567+0000] {logging_mixin.py:120} INFO - [2022-11-09T04:18:10.567+0000] {taskmixin.py:205} WARNING - Dependency <Task(BashOperator): create_tag>, delete_tag already registered for DAG: example_complex
[2022-11-09T04:18:10.567+0000] {logging_mixin.py:120} INFO - [2022-11-09T04:18:10.567+0000] {taskmixin.py:205} WARNING - Dependency <Task(BashOperator): delete_tag>, create_tag already registered for DAG: example_complex
[2022-11-09T04:18:10.572+0000] {processor.py:766} INFO - DAG(s) dict_keys(['example_complex']) retrieved from /home/airflow/.local/lib/python3.7/site-packages/airflow/example_dags/example_complex.py
[2022-11-09T04:18:10.599+0000] {logging_mixin.py:120} INFO - [2022-11-09T04:18:10.599+0000] {dag.py:2585} INFO - Sync 1 DAGs
[2022-11-09T04:18:10.611+0000] {logging_mixin.py:120} INFO - [2022-11-09T04:18:10.611+0000] {dag.py:3340} INFO - Setting next_dagrun for example_complex to None, run_after=None
[2022-11-09T04:18:10.620+0000] {processor.py:176} INFO - Processing /home/airflow/.local/lib/python3.7/site-packages/airflow/example_dags/example_complex.py took 0.065 seconds
[2022-11-09T04:18:41.595+0000] {processor.py:154} INFO - Started process (PID=32625) to work on /home/airflow/.local/lib/python3.7/site-packages/airflow/example_dags/example_complex.py
[2022-11-09T04:18:41.596+0000] {processor.py:756} INFO - Processing file /home/airflow/.local/lib/python3.7/site-packages/airflow/example_dags/example_complex.py for tasks to queue
[2022-11-09T04:18:41.596+0000] {logging_mixin.py:120} INFO - [2022-11-09T04:18:41.596+0000] {dagbag.py:537} INFO - Filling up the DagBag from /home/airflow/.local/lib/python3.7/site-packages/airflow/example_dags/example_complex.py
[2022-11-09T04:18:41.602+0000] {logging_mixin.py:120} INFO - [2022-11-09T04:18:41.602+0000] {taskmixin.py:205} WARNING - Dependency <Task(BashOperator): create_entry_group>, delete_entry_group already registered for DAG: example_complex
[2022-11-09T04:18:41.602+0000] {logging_mixin.py:120} INFO - [2022-11-09T04:18:41.602+0000] {taskmixin.py:205} WARNING - Dependency <Task(BashOperator): delete_entry_group>, create_entry_group already registered for DAG: example_complex
[2022-11-09T04:18:41.603+0000] {logging_mixin.py:120} INFO - [2022-11-09T04:18:41.603+0000] {taskmixin.py:205} WARNING - Dependency <Task(BashOperator): create_entry_gcs>, delete_entry already registered for DAG: example_complex
[2022-11-09T04:18:41.603+0000] {logging_mixin.py:120} INFO - [2022-11-09T04:18:41.603+0000] {taskmixin.py:205} WARNING - Dependency <Task(BashOperator): delete_entry>, create_entry_gcs already registered for DAG: example_complex
[2022-11-09T04:18:41.603+0000] {logging_mixin.py:120} INFO - [2022-11-09T04:18:41.603+0000] {taskmixin.py:205} WARNING - Dependency <Task(BashOperator): create_tag>, delete_tag already registered for DAG: example_complex
[2022-11-09T04:18:41.603+0000] {logging_mixin.py:120} INFO - [2022-11-09T04:18:41.603+0000] {taskmixin.py:205} WARNING - Dependency <Task(BashOperator): delete_tag>, create_tag already registered for DAG: example_complex
[2022-11-09T04:18:41.608+0000] {processor.py:766} INFO - DAG(s) dict_keys(['example_complex']) retrieved from /home/airflow/.local/lib/python3.7/site-packages/airflow/example_dags/example_complex.py
[2022-11-09T04:18:41.634+0000] {logging_mixin.py:120} INFO - [2022-11-09T04:18:41.634+0000] {dag.py:2585} INFO - Sync 1 DAGs
[2022-11-09T04:18:41.648+0000] {logging_mixin.py:120} INFO - [2022-11-09T04:18:41.648+0000] {dag.py:3340} INFO - Setting next_dagrun for example_complex to None, run_after=None
[2022-11-09T04:18:41.659+0000] {processor.py:176} INFO - Processing /home/airflow/.local/lib/python3.7/site-packages/airflow/example_dags/example_complex.py took 0.066 seconds
[2022-11-09T04:19:12.686+0000] {processor.py:154} INFO - Started process (PID=32691) to work on /home/airflow/.local/lib/python3.7/site-packages/airflow/example_dags/example_complex.py
[2022-11-09T04:19:12.687+0000] {processor.py:756} INFO - Processing file /home/airflow/.local/lib/python3.7/site-packages/airflow/example_dags/example_complex.py for tasks to queue
[2022-11-09T04:19:12.688+0000] {logging_mixin.py:120} INFO - [2022-11-09T04:19:12.688+0000] {dagbag.py:537} INFO - Filling up the DagBag from /home/airflow/.local/lib/python3.7/site-packages/airflow/example_dags/example_complex.py
[2022-11-09T04:19:12.695+0000] {logging_mixin.py:120} INFO - [2022-11-09T04:19:12.695+0000] {taskmixin.py:205} WARNING - Dependency <Task(BashOperator): create_entry_group>, delete_entry_group already registered for DAG: example_complex
[2022-11-09T04:19:12.696+0000] {logging_mixin.py:120} INFO - [2022-11-09T04:19:12.695+0000] {taskmixin.py:205} WARNING - Dependency <Task(BashOperator): delete_entry_group>, create_entry_group already registered for DAG: example_complex
[2022-11-09T04:19:12.696+0000] {logging_mixin.py:120} INFO - [2022-11-09T04:19:12.696+0000] {taskmixin.py:205} WARNING - Dependency <Task(BashOperator): create_entry_gcs>, delete_entry already registered for DAG: example_complex
[2022-11-09T04:19:12.696+0000] {logging_mixin.py:120} INFO - [2022-11-09T04:19:12.696+0000] {taskmixin.py:205} WARNING - Dependency <Task(BashOperator): delete_entry>, create_entry_gcs already registered for DAG: example_complex
[2022-11-09T04:19:12.697+0000] {logging_mixin.py:120} INFO - [2022-11-09T04:19:12.697+0000] {taskmixin.py:205} WARNING - Dependency <Task(BashOperator): create_tag>, delete_tag already registered for DAG: example_complex
[2022-11-09T04:19:12.697+0000] {logging_mixin.py:120} INFO - [2022-11-09T04:19:12.697+0000] {taskmixin.py:205} WARNING - Dependency <Task(BashOperator): delete_tag>, create_tag already registered for DAG: example_complex
[2022-11-09T04:19:12.702+0000] {processor.py:766} INFO - DAG(s) dict_keys(['example_complex']) retrieved from /home/airflow/.local/lib/python3.7/site-packages/airflow/example_dags/example_complex.py
[2022-11-09T04:19:12.731+0000] {logging_mixin.py:120} INFO - [2022-11-09T04:19:12.731+0000] {dag.py:2585} INFO - Sync 1 DAGs
[2022-11-09T04:19:12.747+0000] {logging_mixin.py:120} INFO - [2022-11-09T04:19:12.747+0000] {dag.py:3340} INFO - Setting next_dagrun for example_complex to None, run_after=None
[2022-11-09T04:19:12.760+0000] {processor.py:176} INFO - Processing /home/airflow/.local/lib/python3.7/site-packages/airflow/example_dags/example_complex.py took 0.076 seconds
[2022-11-09T04:19:43.551+0000] {processor.py:154} INFO - Started process (PID=32758) to work on /home/airflow/.local/lib/python3.7/site-packages/airflow/example_dags/example_complex.py
[2022-11-09T04:19:43.552+0000] {processor.py:756} INFO - Processing file /home/airflow/.local/lib/python3.7/site-packages/airflow/example_dags/example_complex.py for tasks to queue
[2022-11-09T04:19:43.553+0000] {logging_mixin.py:120} INFO - [2022-11-09T04:19:43.553+0000] {dagbag.py:537} INFO - Filling up the DagBag from /home/airflow/.local/lib/python3.7/site-packages/airflow/example_dags/example_complex.py
[2022-11-09T04:19:43.560+0000] {logging_mixin.py:120} INFO - [2022-11-09T04:19:43.560+0000] {taskmixin.py:205} WARNING - Dependency <Task(BashOperator): create_entry_group>, delete_entry_group already registered for DAG: example_complex
[2022-11-09T04:19:43.560+0000] {logging_mixin.py:120} INFO - [2022-11-09T04:19:43.560+0000] {taskmixin.py:205} WARNING - Dependency <Task(BashOperator): delete_entry_group>, create_entry_group already registered for DAG: example_complex
[2022-11-09T04:19:43.561+0000] {logging_mixin.py:120} INFO - [2022-11-09T04:19:43.561+0000] {taskmixin.py:205} WARNING - Dependency <Task(BashOperator): create_entry_gcs>, delete_entry already registered for DAG: example_complex
[2022-11-09T04:19:43.561+0000] {logging_mixin.py:120} INFO - [2022-11-09T04:19:43.561+0000] {taskmixin.py:205} WARNING - Dependency <Task(BashOperator): delete_entry>, create_entry_gcs already registered for DAG: example_complex
[2022-11-09T04:19:43.562+0000] {logging_mixin.py:120} INFO - [2022-11-09T04:19:43.561+0000] {taskmixin.py:205} WARNING - Dependency <Task(BashOperator): create_tag>, delete_tag already registered for DAG: example_complex
[2022-11-09T04:19:43.562+0000] {logging_mixin.py:120} INFO - [2022-11-09T04:19:43.562+0000] {taskmixin.py:205} WARNING - Dependency <Task(BashOperator): delete_tag>, create_tag already registered for DAG: example_complex
[2022-11-09T04:19:43.566+0000] {processor.py:766} INFO - DAG(s) dict_keys(['example_complex']) retrieved from /home/airflow/.local/lib/python3.7/site-packages/airflow/example_dags/example_complex.py
[2022-11-09T04:19:43.597+0000] {logging_mixin.py:120} INFO - [2022-11-09T04:19:43.597+0000] {dag.py:2585} INFO - Sync 1 DAGs
[2022-11-09T04:19:43.612+0000] {logging_mixin.py:120} INFO - [2022-11-09T04:19:43.612+0000] {dag.py:3340} INFO - Setting next_dagrun for example_complex to None, run_after=None
[2022-11-09T04:19:43.623+0000] {processor.py:176} INFO - Processing /home/airflow/.local/lib/python3.7/site-packages/airflow/example_dags/example_complex.py took 0.074 seconds
