[2022-11-09T00:12:00.503+0000] {processor.py:154} INFO - Started process (PID=30701) to work on /home/airflow/.local/lib/python3.7/site-packages/airflow/example_dags/example_xcom.py
[2022-11-09T00:12:00.504+0000] {processor.py:756} INFO - Processing file /home/airflow/.local/lib/python3.7/site-packages/airflow/example_dags/example_xcom.py for tasks to queue
[2022-11-09T00:12:00.506+0000] {logging_mixin.py:120} INFO - [2022-11-09T00:12:00.506+0000] {dagbag.py:537} INFO - Filling up the DagBag from /home/airflow/.local/lib/python3.7/site-packages/airflow/example_dags/example_xcom.py
[2022-11-09T00:12:00.533+0000] {processor.py:766} INFO - DAG(s) dict_keys(['example_xcom']) retrieved from /home/airflow/.local/lib/python3.7/site-packages/airflow/example_dags/example_xcom.py
[2022-11-09T00:12:00.587+0000] {logging_mixin.py:120} INFO - [2022-11-09T00:12:00.587+0000] {dag.py:2585} INFO - Sync 1 DAGs
[2022-11-09T00:12:00.617+0000] {logging_mixin.py:120} INFO - [2022-11-09T00:12:00.616+0000] {dag.py:3340} INFO - Setting next_dagrun for example_xcom to 2021-01-01T00:00:00+00:00, run_after=2021-01-01T00:00:00+00:00
[2022-11-09T00:12:00.651+0000] {processor.py:176} INFO - Processing /home/airflow/.local/lib/python3.7/site-packages/airflow/example_dags/example_xcom.py took 0.150 seconds
[2022-11-09T00:27:33.949+0000] {processor.py:154} INFO - Started process (PID=30748) to work on /home/airflow/.local/lib/python3.7/site-packages/airflow/example_dags/example_xcom.py
[2022-11-09T00:27:33.950+0000] {processor.py:756} INFO - Processing file /home/airflow/.local/lib/python3.7/site-packages/airflow/example_dags/example_xcom.py for tasks to queue
[2022-11-09T00:27:33.950+0000] {logging_mixin.py:120} INFO - [2022-11-09T00:27:33.950+0000] {dagbag.py:537} INFO - Filling up the DagBag from /home/airflow/.local/lib/python3.7/site-packages/airflow/example_dags/example_xcom.py
[2022-11-09T00:27:33.962+0000] {processor.py:766} INFO - DAG(s) dict_keys(['example_xcom']) retrieved from /home/airflow/.local/lib/python3.7/site-packages/airflow/example_dags/example_xcom.py
[2022-11-09T00:27:33.986+0000] {logging_mixin.py:120} INFO - [2022-11-09T00:27:33.985+0000] {dag.py:2585} INFO - Sync 1 DAGs
[2022-11-09T00:27:33.998+0000] {logging_mixin.py:120} INFO - [2022-11-09T00:27:33.998+0000] {dag.py:3340} INFO - Setting next_dagrun for example_xcom to 2021-01-01T00:00:00+00:00, run_after=2021-01-01T00:00:00+00:00
[2022-11-09T00:27:34.012+0000] {processor.py:176} INFO - Processing /home/airflow/.local/lib/python3.7/site-packages/airflow/example_dags/example_xcom.py took 0.065 seconds
[2022-11-09T01:00:48.113+0000] {processor.py:154} INFO - Started process (PID=30798) to work on /home/airflow/.local/lib/python3.7/site-packages/airflow/example_dags/example_xcom.py
[2022-11-09T01:00:48.117+0000] {processor.py:756} INFO - Processing file /home/airflow/.local/lib/python3.7/site-packages/airflow/example_dags/example_xcom.py for tasks to queue
[2022-11-09T01:00:48.117+0000] {logging_mixin.py:120} INFO - [2022-11-09T01:00:48.117+0000] {dagbag.py:537} INFO - Filling up the DagBag from /home/airflow/.local/lib/python3.7/site-packages/airflow/example_dags/example_xcom.py
[2022-11-09T01:00:48.140+0000] {processor.py:766} INFO - DAG(s) dict_keys(['example_xcom']) retrieved from /home/airflow/.local/lib/python3.7/site-packages/airflow/example_dags/example_xcom.py
[2022-11-09T01:00:48.186+0000] {logging_mixin.py:120} INFO - [2022-11-09T01:00:48.186+0000] {dag.py:2585} INFO - Sync 1 DAGs
[2022-11-09T01:00:48.230+0000] {logging_mixin.py:120} INFO - [2022-11-09T01:00:48.230+0000] {dag.py:3340} INFO - Setting next_dagrun for example_xcom to 2021-01-01T00:00:00+00:00, run_after=2021-01-01T00:00:00+00:00
[2022-11-09T01:00:48.241+0000] {processor.py:176} INFO - Processing /home/airflow/.local/lib/python3.7/site-packages/airflow/example_dags/example_xcom.py took 0.131 seconds
[2022-11-09T01:34:43.510+0000] {processor.py:154} INFO - Started process (PID=30846) to work on /home/airflow/.local/lib/python3.7/site-packages/airflow/example_dags/example_xcom.py
[2022-11-09T01:34:43.511+0000] {processor.py:756} INFO - Processing file /home/airflow/.local/lib/python3.7/site-packages/airflow/example_dags/example_xcom.py for tasks to queue
[2022-11-09T01:34:43.512+0000] {logging_mixin.py:120} INFO - [2022-11-09T01:34:43.512+0000] {dagbag.py:537} INFO - Filling up the DagBag from /home/airflow/.local/lib/python3.7/site-packages/airflow/example_dags/example_xcom.py
[2022-11-09T01:34:43.530+0000] {processor.py:766} INFO - DAG(s) dict_keys(['example_xcom']) retrieved from /home/airflow/.local/lib/python3.7/site-packages/airflow/example_dags/example_xcom.py
[2022-11-09T01:34:43.558+0000] {logging_mixin.py:120} INFO - [2022-11-09T01:34:43.558+0000] {dag.py:2585} INFO - Sync 1 DAGs
[2022-11-09T01:34:43.574+0000] {logging_mixin.py:120} INFO - [2022-11-09T01:34:43.574+0000] {dag.py:3340} INFO - Setting next_dagrun for example_xcom to 2021-01-01T00:00:00+00:00, run_after=2021-01-01T00:00:00+00:00
[2022-11-09T01:34:43.584+0000] {processor.py:176} INFO - Processing /home/airflow/.local/lib/python3.7/site-packages/airflow/example_dags/example_xcom.py took 0.076 seconds
[2022-11-09T01:50:24.075+0000] {processor.py:154} INFO - Started process (PID=30893) to work on /home/airflow/.local/lib/python3.7/site-packages/airflow/example_dags/example_xcom.py
[2022-11-09T01:50:24.076+0000] {processor.py:756} INFO - Processing file /home/airflow/.local/lib/python3.7/site-packages/airflow/example_dags/example_xcom.py for tasks to queue
[2022-11-09T01:50:24.076+0000] {logging_mixin.py:120} INFO - [2022-11-09T01:50:24.076+0000] {dagbag.py:537} INFO - Filling up the DagBag from /home/airflow/.local/lib/python3.7/site-packages/airflow/example_dags/example_xcom.py
[2022-11-09T01:50:24.092+0000] {processor.py:766} INFO - DAG(s) dict_keys(['example_xcom']) retrieved from /home/airflow/.local/lib/python3.7/site-packages/airflow/example_dags/example_xcom.py
[2022-11-09T01:50:24.119+0000] {logging_mixin.py:120} INFO - [2022-11-09T01:50:24.119+0000] {dag.py:2585} INFO - Sync 1 DAGs
[2022-11-09T01:50:24.132+0000] {logging_mixin.py:120} INFO - [2022-11-09T01:50:24.132+0000] {dag.py:3340} INFO - Setting next_dagrun for example_xcom to 2021-01-01T00:00:00+00:00, run_after=2021-01-01T00:00:00+00:00
[2022-11-09T01:50:24.149+0000] {processor.py:176} INFO - Processing /home/airflow/.local/lib/python3.7/site-packages/airflow/example_dags/example_xcom.py took 0.076 seconds
[2022-11-09T01:55:23.294+0000] {processor.py:154} INFO - Started process (PID=30941) to work on /home/airflow/.local/lib/python3.7/site-packages/airflow/example_dags/example_xcom.py
[2022-11-09T01:55:23.295+0000] {processor.py:756} INFO - Processing file /home/airflow/.local/lib/python3.7/site-packages/airflow/example_dags/example_xcom.py for tasks to queue
[2022-11-09T01:55:23.296+0000] {logging_mixin.py:120} INFO - [2022-11-09T01:55:23.296+0000] {dagbag.py:537} INFO - Filling up the DagBag from /home/airflow/.local/lib/python3.7/site-packages/airflow/example_dags/example_xcom.py
[2022-11-09T01:55:23.322+0000] {processor.py:766} INFO - DAG(s) dict_keys(['example_xcom']) retrieved from /home/airflow/.local/lib/python3.7/site-packages/airflow/example_dags/example_xcom.py
[2022-11-09T01:55:23.359+0000] {logging_mixin.py:120} INFO - [2022-11-09T01:55:23.359+0000] {dag.py:2585} INFO - Sync 1 DAGs
[2022-11-09T01:55:23.374+0000] {logging_mixin.py:120} INFO - [2022-11-09T01:55:23.374+0000] {dag.py:3340} INFO - Setting next_dagrun for example_xcom to 2021-01-01T00:00:00+00:00, run_after=2021-01-01T00:00:00+00:00
[2022-11-09T01:55:23.388+0000] {processor.py:176} INFO - Processing /home/airflow/.local/lib/python3.7/site-packages/airflow/example_dags/example_xcom.py took 0.100 seconds
[2022-11-09T02:10:48.831+0000] {processor.py:154} INFO - Started process (PID=30988) to work on /home/airflow/.local/lib/python3.7/site-packages/airflow/example_dags/example_xcom.py
[2022-11-09T02:10:48.841+0000] {processor.py:756} INFO - Processing file /home/airflow/.local/lib/python3.7/site-packages/airflow/example_dags/example_xcom.py for tasks to queue
[2022-11-09T02:10:48.841+0000] {logging_mixin.py:120} INFO - [2022-11-09T02:10:48.841+0000] {dagbag.py:537} INFO - Filling up the DagBag from /home/airflow/.local/lib/python3.7/site-packages/airflow/example_dags/example_xcom.py
[2022-11-09T02:10:48.862+0000] {processor.py:766} INFO - DAG(s) dict_keys(['example_xcom']) retrieved from /home/airflow/.local/lib/python3.7/site-packages/airflow/example_dags/example_xcom.py
[2022-11-09T02:10:48.899+0000] {logging_mixin.py:120} INFO - [2022-11-09T02:10:48.899+0000] {dag.py:2585} INFO - Sync 1 DAGs
[2022-11-09T02:10:48.925+0000] {logging_mixin.py:120} INFO - [2022-11-09T02:10:48.925+0000] {dag.py:3340} INFO - Setting next_dagrun for example_xcom to 2021-01-01T00:00:00+00:00, run_after=2021-01-01T00:00:00+00:00
[2022-11-09T02:10:48.942+0000] {processor.py:176} INFO - Processing /home/airflow/.local/lib/python3.7/site-packages/airflow/example_dags/example_xcom.py took 0.113 seconds
[2022-11-09T02:26:23.162+0000] {processor.py:154} INFO - Started process (PID=31035) to work on /home/airflow/.local/lib/python3.7/site-packages/airflow/example_dags/example_xcom.py
[2022-11-09T02:26:23.168+0000] {processor.py:756} INFO - Processing file /home/airflow/.local/lib/python3.7/site-packages/airflow/example_dags/example_xcom.py for tasks to queue
[2022-11-09T02:26:23.169+0000] {logging_mixin.py:120} INFO - [2022-11-09T02:26:23.169+0000] {dagbag.py:537} INFO - Filling up the DagBag from /home/airflow/.local/lib/python3.7/site-packages/airflow/example_dags/example_xcom.py
[2022-11-09T02:26:23.192+0000] {processor.py:766} INFO - DAG(s) dict_keys(['example_xcom']) retrieved from /home/airflow/.local/lib/python3.7/site-packages/airflow/example_dags/example_xcom.py
[2022-11-09T02:26:23.309+0000] {logging_mixin.py:120} INFO - [2022-11-09T02:26:23.308+0000] {dag.py:2585} INFO - Sync 1 DAGs
[2022-11-09T02:26:23.337+0000] {logging_mixin.py:120} INFO - [2022-11-09T02:26:23.337+0000] {dag.py:3340} INFO - Setting next_dagrun for example_xcom to 2021-01-01T00:00:00+00:00, run_after=2021-01-01T00:00:00+00:00
[2022-11-09T02:26:23.380+0000] {processor.py:176} INFO - Processing /home/airflow/.local/lib/python3.7/site-packages/airflow/example_dags/example_xcom.py took 0.221 seconds
[2022-11-09T02:44:00.911+0000] {processor.py:154} INFO - Started process (PID=31083) to work on /home/airflow/.local/lib/python3.7/site-packages/airflow/example_dags/example_xcom.py
[2022-11-09T02:44:00.917+0000] {processor.py:756} INFO - Processing file /home/airflow/.local/lib/python3.7/site-packages/airflow/example_dags/example_xcom.py for tasks to queue
[2022-11-09T02:44:00.918+0000] {logging_mixin.py:120} INFO - [2022-11-09T02:44:00.918+0000] {dagbag.py:537} INFO - Filling up the DagBag from /home/airflow/.local/lib/python3.7/site-packages/airflow/example_dags/example_xcom.py
[2022-11-09T02:44:00.937+0000] {processor.py:766} INFO - DAG(s) dict_keys(['example_xcom']) retrieved from /home/airflow/.local/lib/python3.7/site-packages/airflow/example_dags/example_xcom.py
[2022-11-09T02:44:00.974+0000] {logging_mixin.py:120} INFO - [2022-11-09T02:44:00.974+0000] {dag.py:2585} INFO - Sync 1 DAGs
[2022-11-09T02:44:01.004+0000] {logging_mixin.py:120} INFO - [2022-11-09T02:44:01.004+0000] {dag.py:3340} INFO - Setting next_dagrun for example_xcom to 2021-01-01T00:00:00+00:00, run_after=2021-01-01T00:00:00+00:00
[2022-11-09T02:44:01.030+0000] {processor.py:176} INFO - Processing /home/airflow/.local/lib/python3.7/site-packages/airflow/example_dags/example_xcom.py took 0.121 seconds
[2022-11-09T03:01:02.711+0000] {processor.py:154} INFO - Started process (PID=31142) to work on /home/airflow/.local/lib/python3.7/site-packages/airflow/example_dags/example_xcom.py
[2022-11-09T03:01:02.711+0000] {processor.py:756} INFO - Processing file /home/airflow/.local/lib/python3.7/site-packages/airflow/example_dags/example_xcom.py for tasks to queue
[2022-11-09T03:01:02.712+0000] {logging_mixin.py:120} INFO - [2022-11-09T03:01:02.712+0000] {dagbag.py:537} INFO - Filling up the DagBag from /home/airflow/.local/lib/python3.7/site-packages/airflow/example_dags/example_xcom.py
[2022-11-09T03:01:02.725+0000] {processor.py:766} INFO - DAG(s) dict_keys(['example_xcom']) retrieved from /home/airflow/.local/lib/python3.7/site-packages/airflow/example_dags/example_xcom.py
[2022-11-09T03:01:02.749+0000] {logging_mixin.py:120} INFO - [2022-11-09T03:01:02.749+0000] {dag.py:2585} INFO - Sync 1 DAGs
[2022-11-09T03:01:02.762+0000] {logging_mixin.py:120} INFO - [2022-11-09T03:01:02.762+0000] {dag.py:3340} INFO - Setting next_dagrun for example_xcom to 2021-01-01T00:00:00+00:00, run_after=2021-01-01T00:00:00+00:00
[2022-11-09T03:01:02.776+0000] {processor.py:176} INFO - Processing /home/airflow/.local/lib/python3.7/site-packages/airflow/example_dags/example_xcom.py took 0.067 seconds
[2022-11-09T03:03:52.022+0000] {processor.py:154} INFO - Started process (PID=31207) to work on /home/airflow/.local/lib/python3.7/site-packages/airflow/example_dags/example_xcom.py
[2022-11-09T03:03:52.024+0000] {processor.py:756} INFO - Processing file /home/airflow/.local/lib/python3.7/site-packages/airflow/example_dags/example_xcom.py for tasks to queue
[2022-11-09T03:03:52.025+0000] {logging_mixin.py:120} INFO - [2022-11-09T03:03:52.025+0000] {dagbag.py:537} INFO - Filling up the DagBag from /home/airflow/.local/lib/python3.7/site-packages/airflow/example_dags/example_xcom.py
[2022-11-09T03:03:52.068+0000] {processor.py:766} INFO - DAG(s) dict_keys(['example_xcom']) retrieved from /home/airflow/.local/lib/python3.7/site-packages/airflow/example_dags/example_xcom.py
[2022-11-09T03:03:52.129+0000] {logging_mixin.py:120} INFO - [2022-11-09T03:03:52.129+0000] {dag.py:2585} INFO - Sync 1 DAGs
[2022-11-09T03:03:52.156+0000] {logging_mixin.py:120} INFO - [2022-11-09T03:03:52.156+0000] {dag.py:3340} INFO - Setting next_dagrun for example_xcom to 2021-01-01T00:00:00+00:00, run_after=2021-01-01T00:00:00+00:00
[2022-11-09T03:03:52.181+0000] {processor.py:176} INFO - Processing /home/airflow/.local/lib/python3.7/site-packages/airflow/example_dags/example_xcom.py took 0.165 seconds
[2022-11-09T03:19:28.065+0000] {processor.py:154} INFO - Started process (PID=31254) to work on /home/airflow/.local/lib/python3.7/site-packages/airflow/example_dags/example_xcom.py
[2022-11-09T03:19:28.066+0000] {processor.py:756} INFO - Processing file /home/airflow/.local/lib/python3.7/site-packages/airflow/example_dags/example_xcom.py for tasks to queue
[2022-11-09T03:19:28.066+0000] {logging_mixin.py:120} INFO - [2022-11-09T03:19:28.066+0000] {dagbag.py:537} INFO - Filling up the DagBag from /home/airflow/.local/lib/python3.7/site-packages/airflow/example_dags/example_xcom.py
[2022-11-09T03:19:28.092+0000] {processor.py:766} INFO - DAG(s) dict_keys(['example_xcom']) retrieved from /home/airflow/.local/lib/python3.7/site-packages/airflow/example_dags/example_xcom.py
[2022-11-09T03:19:28.129+0000] {logging_mixin.py:120} INFO - [2022-11-09T03:19:28.129+0000] {dag.py:2585} INFO - Sync 1 DAGs
[2022-11-09T03:19:28.141+0000] {logging_mixin.py:120} INFO - [2022-11-09T03:19:28.141+0000] {dag.py:3340} INFO - Setting next_dagrun for example_xcom to 2021-01-01T00:00:00+00:00, run_after=2021-01-01T00:00:00+00:00
[2022-11-09T03:19:28.152+0000] {processor.py:176} INFO - Processing /home/airflow/.local/lib/python3.7/site-packages/airflow/example_dags/example_xcom.py took 0.090 seconds
[2022-11-09T03:35:51.706+0000] {processor.py:154} INFO - Started process (PID=31312) to work on /home/airflow/.local/lib/python3.7/site-packages/airflow/example_dags/example_xcom.py
[2022-11-09T03:35:51.709+0000] {processor.py:756} INFO - Processing file /home/airflow/.local/lib/python3.7/site-packages/airflow/example_dags/example_xcom.py for tasks to queue
[2022-11-09T03:35:51.710+0000] {logging_mixin.py:120} INFO - [2022-11-09T03:35:51.710+0000] {dagbag.py:537} INFO - Filling up the DagBag from /home/airflow/.local/lib/python3.7/site-packages/airflow/example_dags/example_xcom.py
[2022-11-09T03:35:51.741+0000] {processor.py:766} INFO - DAG(s) dict_keys(['example_xcom']) retrieved from /home/airflow/.local/lib/python3.7/site-packages/airflow/example_dags/example_xcom.py
[2022-11-09T03:35:51.784+0000] {logging_mixin.py:120} INFO - [2022-11-09T03:35:51.784+0000] {dag.py:2585} INFO - Sync 1 DAGs
[2022-11-09T03:35:51.807+0000] {logging_mixin.py:120} INFO - [2022-11-09T03:35:51.807+0000] {dag.py:3340} INFO - Setting next_dagrun for example_xcom to 2021-01-01T00:00:00+00:00, run_after=2021-01-01T00:00:00+00:00
[2022-11-09T03:35:51.823+0000] {processor.py:176} INFO - Processing /home/airflow/.local/lib/python3.7/site-packages/airflow/example_dags/example_xcom.py took 0.119 seconds
[2022-11-09T03:58:27.722+0000] {processor.py:154} INFO - Started process (PID=31359) to work on /home/airflow/.local/lib/python3.7/site-packages/airflow/example_dags/example_xcom.py
[2022-11-09T03:58:27.725+0000] {processor.py:756} INFO - Processing file /home/airflow/.local/lib/python3.7/site-packages/airflow/example_dags/example_xcom.py for tasks to queue
[2022-11-09T03:58:27.731+0000] {logging_mixin.py:120} INFO - [2022-11-09T03:58:27.731+0000] {dagbag.py:537} INFO - Filling up the DagBag from /home/airflow/.local/lib/python3.7/site-packages/airflow/example_dags/example_xcom.py
[2022-11-09T03:58:27.766+0000] {processor.py:766} INFO - DAG(s) dict_keys(['example_xcom']) retrieved from /home/airflow/.local/lib/python3.7/site-packages/airflow/example_dags/example_xcom.py
[2022-11-09T03:58:27.831+0000] {logging_mixin.py:120} INFO - [2022-11-09T03:58:27.831+0000] {dag.py:2585} INFO - Sync 1 DAGs
[2022-11-09T03:58:27.890+0000] {logging_mixin.py:120} INFO - [2022-11-09T03:58:27.890+0000] {dag.py:3340} INFO - Setting next_dagrun for example_xcom to 2021-01-01T00:00:00+00:00, run_after=2021-01-01T00:00:00+00:00
[2022-11-09T03:58:27.933+0000] {processor.py:176} INFO - Processing /home/airflow/.local/lib/python3.7/site-packages/airflow/example_dags/example_xcom.py took 0.214 seconds
[2022-11-09T03:58:58.736+0000] {processor.py:154} INFO - Started process (PID=31429) to work on /home/airflow/.local/lib/python3.7/site-packages/airflow/example_dags/example_xcom.py
[2022-11-09T03:58:58.737+0000] {processor.py:756} INFO - Processing file /home/airflow/.local/lib/python3.7/site-packages/airflow/example_dags/example_xcom.py for tasks to queue
[2022-11-09T03:58:58.737+0000] {logging_mixin.py:120} INFO - [2022-11-09T03:58:58.737+0000] {dagbag.py:537} INFO - Filling up the DagBag from /home/airflow/.local/lib/python3.7/site-packages/airflow/example_dags/example_xcom.py
[2022-11-09T03:58:58.750+0000] {processor.py:766} INFO - DAG(s) dict_keys(['example_xcom']) retrieved from /home/airflow/.local/lib/python3.7/site-packages/airflow/example_dags/example_xcom.py
[2022-11-09T03:58:58.774+0000] {logging_mixin.py:120} INFO - [2022-11-09T03:58:58.774+0000] {dag.py:2585} INFO - Sync 1 DAGs
[2022-11-09T03:58:58.787+0000] {logging_mixin.py:120} INFO - [2022-11-09T03:58:58.787+0000] {dag.py:3340} INFO - Setting next_dagrun for example_xcom to 2021-01-01T00:00:00+00:00, run_after=2021-01-01T00:00:00+00:00
[2022-11-09T03:58:58.800+0000] {processor.py:176} INFO - Processing /home/airflow/.local/lib/python3.7/site-packages/airflow/example_dags/example_xcom.py took 0.066 seconds
[2022-11-09T03:59:29.732+0000] {processor.py:154} INFO - Started process (PID=31501) to work on /home/airflow/.local/lib/python3.7/site-packages/airflow/example_dags/example_xcom.py
[2022-11-09T03:59:29.733+0000] {processor.py:756} INFO - Processing file /home/airflow/.local/lib/python3.7/site-packages/airflow/example_dags/example_xcom.py for tasks to queue
[2022-11-09T03:59:29.733+0000] {logging_mixin.py:120} INFO - [2022-11-09T03:59:29.733+0000] {dagbag.py:537} INFO - Filling up the DagBag from /home/airflow/.local/lib/python3.7/site-packages/airflow/example_dags/example_xcom.py
[2022-11-09T03:59:29.751+0000] {processor.py:766} INFO - DAG(s) dict_keys(['example_xcom']) retrieved from /home/airflow/.local/lib/python3.7/site-packages/airflow/example_dags/example_xcom.py
[2022-11-09T03:59:29.775+0000] {logging_mixin.py:120} INFO - [2022-11-09T03:59:29.775+0000] {dag.py:2585} INFO - Sync 1 DAGs
[2022-11-09T03:59:29.787+0000] {logging_mixin.py:120} INFO - [2022-11-09T03:59:29.787+0000] {dag.py:3340} INFO - Setting next_dagrun for example_xcom to 2021-01-01T00:00:00+00:00, run_after=2021-01-01T00:00:00+00:00
[2022-11-09T03:59:29.799+0000] {processor.py:176} INFO - Processing /home/airflow/.local/lib/python3.7/site-packages/airflow/example_dags/example_xcom.py took 0.070 seconds
[2022-11-09T04:00:00.589+0000] {processor.py:154} INFO - Started process (PID=31567) to work on /home/airflow/.local/lib/python3.7/site-packages/airflow/example_dags/example_xcom.py
[2022-11-09T04:00:00.590+0000] {processor.py:756} INFO - Processing file /home/airflow/.local/lib/python3.7/site-packages/airflow/example_dags/example_xcom.py for tasks to queue
[2022-11-09T04:00:00.591+0000] {logging_mixin.py:120} INFO - [2022-11-09T04:00:00.591+0000] {dagbag.py:537} INFO - Filling up the DagBag from /home/airflow/.local/lib/python3.7/site-packages/airflow/example_dags/example_xcom.py
[2022-11-09T04:00:00.610+0000] {processor.py:766} INFO - DAG(s) dict_keys(['example_xcom']) retrieved from /home/airflow/.local/lib/python3.7/site-packages/airflow/example_dags/example_xcom.py
[2022-11-09T04:00:00.635+0000] {logging_mixin.py:120} INFO - [2022-11-09T04:00:00.635+0000] {dag.py:2585} INFO - Sync 1 DAGs
[2022-11-09T04:00:00.648+0000] {logging_mixin.py:120} INFO - [2022-11-09T04:00:00.648+0000] {dag.py:3340} INFO - Setting next_dagrun for example_xcom to 2021-01-01T00:00:00+00:00, run_after=2021-01-01T00:00:00+00:00
[2022-11-09T04:00:00.659+0000] {processor.py:176} INFO - Processing /home/airflow/.local/lib/python3.7/site-packages/airflow/example_dags/example_xcom.py took 0.076 seconds
[2022-11-09T04:00:31.477+0000] {processor.py:154} INFO - Started process (PID=31624) to work on /home/airflow/.local/lib/python3.7/site-packages/airflow/example_dags/example_xcom.py
[2022-11-09T04:00:31.478+0000] {processor.py:756} INFO - Processing file /home/airflow/.local/lib/python3.7/site-packages/airflow/example_dags/example_xcom.py for tasks to queue
[2022-11-09T04:00:31.479+0000] {logging_mixin.py:120} INFO - [2022-11-09T04:00:31.479+0000] {dagbag.py:537} INFO - Filling up the DagBag from /home/airflow/.local/lib/python3.7/site-packages/airflow/example_dags/example_xcom.py
[2022-11-09T04:00:31.501+0000] {processor.py:766} INFO - DAG(s) dict_keys(['example_xcom']) retrieved from /home/airflow/.local/lib/python3.7/site-packages/airflow/example_dags/example_xcom.py
[2022-11-09T04:00:31.527+0000] {logging_mixin.py:120} INFO - [2022-11-09T04:00:31.527+0000] {dag.py:2585} INFO - Sync 1 DAGs
[2022-11-09T04:00:31.541+0000] {logging_mixin.py:120} INFO - [2022-11-09T04:00:31.541+0000] {dag.py:3340} INFO - Setting next_dagrun for example_xcom to 2021-01-01T00:00:00+00:00, run_after=2021-01-01T00:00:00+00:00
[2022-11-09T04:00:31.553+0000] {processor.py:176} INFO - Processing /home/airflow/.local/lib/python3.7/site-packages/airflow/example_dags/example_xcom.py took 0.080 seconds
[2022-11-09T04:01:01.692+0000] {processor.py:154} INFO - Started process (PID=31689) to work on /home/airflow/.local/lib/python3.7/site-packages/airflow/example_dags/example_xcom.py
[2022-11-09T04:01:01.693+0000] {processor.py:756} INFO - Processing file /home/airflow/.local/lib/python3.7/site-packages/airflow/example_dags/example_xcom.py for tasks to queue
[2022-11-09T04:01:01.693+0000] {logging_mixin.py:120} INFO - [2022-11-09T04:01:01.693+0000] {dagbag.py:537} INFO - Filling up the DagBag from /home/airflow/.local/lib/python3.7/site-packages/airflow/example_dags/example_xcom.py
[2022-11-09T04:01:01.707+0000] {processor.py:766} INFO - DAG(s) dict_keys(['example_xcom']) retrieved from /home/airflow/.local/lib/python3.7/site-packages/airflow/example_dags/example_xcom.py
[2022-11-09T04:01:01.730+0000] {logging_mixin.py:120} INFO - [2022-11-09T04:01:01.730+0000] {dag.py:2585} INFO - Sync 1 DAGs
[2022-11-09T04:01:01.744+0000] {logging_mixin.py:120} INFO - [2022-11-09T04:01:01.744+0000] {dag.py:3340} INFO - Setting next_dagrun for example_xcom to 2021-01-01T00:00:00+00:00, run_after=2021-01-01T00:00:00+00:00
[2022-11-09T04:01:01.757+0000] {processor.py:176} INFO - Processing /home/airflow/.local/lib/python3.7/site-packages/airflow/example_dags/example_xcom.py took 0.068 seconds
[2022-11-09T04:01:31.904+0000] {processor.py:154} INFO - Started process (PID=31755) to work on /home/airflow/.local/lib/python3.7/site-packages/airflow/example_dags/example_xcom.py
[2022-11-09T04:01:31.905+0000] {processor.py:756} INFO - Processing file /home/airflow/.local/lib/python3.7/site-packages/airflow/example_dags/example_xcom.py for tasks to queue
[2022-11-09T04:01:31.906+0000] {logging_mixin.py:120} INFO - [2022-11-09T04:01:31.905+0000] {dagbag.py:537} INFO - Filling up the DagBag from /home/airflow/.local/lib/python3.7/site-packages/airflow/example_dags/example_xcom.py
[2022-11-09T04:01:31.917+0000] {processor.py:766} INFO - DAG(s) dict_keys(['example_xcom']) retrieved from /home/airflow/.local/lib/python3.7/site-packages/airflow/example_dags/example_xcom.py
[2022-11-09T04:01:31.938+0000] {logging_mixin.py:120} INFO - [2022-11-09T04:01:31.938+0000] {dag.py:2585} INFO - Sync 1 DAGs
[2022-11-09T04:01:31.951+0000] {logging_mixin.py:120} INFO - [2022-11-09T04:01:31.951+0000] {dag.py:3340} INFO - Setting next_dagrun for example_xcom to 2021-01-01T00:00:00+00:00, run_after=2021-01-01T00:00:00+00:00
[2022-11-09T04:01:31.961+0000] {processor.py:176} INFO - Processing /home/airflow/.local/lib/python3.7/site-packages/airflow/example_dags/example_xcom.py took 0.060 seconds
[2022-11-09T04:02:02.055+0000] {processor.py:154} INFO - Started process (PID=31825) to work on /home/airflow/.local/lib/python3.7/site-packages/airflow/example_dags/example_xcom.py
[2022-11-09T04:02:02.056+0000] {processor.py:756} INFO - Processing file /home/airflow/.local/lib/python3.7/site-packages/airflow/example_dags/example_xcom.py for tasks to queue
[2022-11-09T04:02:02.056+0000] {logging_mixin.py:120} INFO - [2022-11-09T04:02:02.056+0000] {dagbag.py:537} INFO - Filling up the DagBag from /home/airflow/.local/lib/python3.7/site-packages/airflow/example_dags/example_xcom.py
[2022-11-09T04:02:02.069+0000] {processor.py:766} INFO - DAG(s) dict_keys(['example_xcom']) retrieved from /home/airflow/.local/lib/python3.7/site-packages/airflow/example_dags/example_xcom.py
[2022-11-09T04:02:02.092+0000] {logging_mixin.py:120} INFO - [2022-11-09T04:02:02.092+0000] {dag.py:2585} INFO - Sync 1 DAGs
[2022-11-09T04:02:02.105+0000] {logging_mixin.py:120} INFO - [2022-11-09T04:02:02.105+0000] {dag.py:3340} INFO - Setting next_dagrun for example_xcom to 2021-01-01T00:00:00+00:00, run_after=2021-01-01T00:00:00+00:00
[2022-11-09T04:02:02.117+0000] {processor.py:176} INFO - Processing /home/airflow/.local/lib/python3.7/site-packages/airflow/example_dags/example_xcom.py took 0.064 seconds
[2022-11-09T04:02:32.220+0000] {processor.py:154} INFO - Started process (PID=31893) to work on /home/airflow/.local/lib/python3.7/site-packages/airflow/example_dags/example_xcom.py
[2022-11-09T04:02:32.221+0000] {processor.py:756} INFO - Processing file /home/airflow/.local/lib/python3.7/site-packages/airflow/example_dags/example_xcom.py for tasks to queue
[2022-11-09T04:02:32.222+0000] {logging_mixin.py:120} INFO - [2022-11-09T04:02:32.222+0000] {dagbag.py:537} INFO - Filling up the DagBag from /home/airflow/.local/lib/python3.7/site-packages/airflow/example_dags/example_xcom.py
[2022-11-09T04:02:32.236+0000] {processor.py:766} INFO - DAG(s) dict_keys(['example_xcom']) retrieved from /home/airflow/.local/lib/python3.7/site-packages/airflow/example_dags/example_xcom.py
[2022-11-09T04:02:32.260+0000] {logging_mixin.py:120} INFO - [2022-11-09T04:02:32.260+0000] {dag.py:2585} INFO - Sync 1 DAGs
[2022-11-09T04:02:32.276+0000] {logging_mixin.py:120} INFO - [2022-11-09T04:02:32.276+0000] {dag.py:3340} INFO - Setting next_dagrun for example_xcom to 2021-01-01T00:00:00+00:00, run_after=2021-01-01T00:00:00+00:00
[2022-11-09T04:02:32.288+0000] {processor.py:176} INFO - Processing /home/airflow/.local/lib/python3.7/site-packages/airflow/example_dags/example_xcom.py took 0.070 seconds
[2022-11-09T04:03:03.173+0000] {processor.py:154} INFO - Started process (PID=31958) to work on /home/airflow/.local/lib/python3.7/site-packages/airflow/example_dags/example_xcom.py
[2022-11-09T04:03:03.173+0000] {processor.py:756} INFO - Processing file /home/airflow/.local/lib/python3.7/site-packages/airflow/example_dags/example_xcom.py for tasks to queue
[2022-11-09T04:03:03.173+0000] {logging_mixin.py:120} INFO - [2022-11-09T04:03:03.173+0000] {dagbag.py:537} INFO - Filling up the DagBag from /home/airflow/.local/lib/python3.7/site-packages/airflow/example_dags/example_xcom.py
[2022-11-09T04:03:03.186+0000] {processor.py:766} INFO - DAG(s) dict_keys(['example_xcom']) retrieved from /home/airflow/.local/lib/python3.7/site-packages/airflow/example_dags/example_xcom.py
[2022-11-09T04:03:03.244+0000] {logging_mixin.py:120} INFO - [2022-11-09T04:03:03.244+0000] {dag.py:2585} INFO - Sync 1 DAGs
[2022-11-09T04:03:03.258+0000] {logging_mixin.py:120} INFO - [2022-11-09T04:03:03.258+0000] {dag.py:3340} INFO - Setting next_dagrun for example_xcom to 2021-01-01T00:00:00+00:00, run_after=2021-01-01T00:00:00+00:00
[2022-11-09T04:03:03.268+0000] {processor.py:176} INFO - Processing /home/airflow/.local/lib/python3.7/site-packages/airflow/example_dags/example_xcom.py took 0.098 seconds
[2022-11-09T04:03:33.394+0000] {processor.py:154} INFO - Started process (PID=32014) to work on /home/airflow/.local/lib/python3.7/site-packages/airflow/example_dags/example_xcom.py
[2022-11-09T04:03:33.395+0000] {processor.py:756} INFO - Processing file /home/airflow/.local/lib/python3.7/site-packages/airflow/example_dags/example_xcom.py for tasks to queue
[2022-11-09T04:03:33.395+0000] {logging_mixin.py:120} INFO - [2022-11-09T04:03:33.395+0000] {dagbag.py:537} INFO - Filling up the DagBag from /home/airflow/.local/lib/python3.7/site-packages/airflow/example_dags/example_xcom.py
[2022-11-09T04:03:33.408+0000] {processor.py:766} INFO - DAG(s) dict_keys(['example_xcom']) retrieved from /home/airflow/.local/lib/python3.7/site-packages/airflow/example_dags/example_xcom.py
[2022-11-09T04:03:33.432+0000] {logging_mixin.py:120} INFO - [2022-11-09T04:03:33.432+0000] {dag.py:2585} INFO - Sync 1 DAGs
[2022-11-09T04:03:33.448+0000] {logging_mixin.py:120} INFO - [2022-11-09T04:03:33.448+0000] {dag.py:3340} INFO - Setting next_dagrun for example_xcom to 2021-01-01T00:00:00+00:00, run_after=2021-01-01T00:00:00+00:00
[2022-11-09T04:03:33.460+0000] {processor.py:176} INFO - Processing /home/airflow/.local/lib/python3.7/site-packages/airflow/example_dags/example_xcom.py took 0.067 seconds
[2022-11-09T04:04:04.478+0000] {processor.py:154} INFO - Started process (PID=32083) to work on /home/airflow/.local/lib/python3.7/site-packages/airflow/example_dags/example_xcom.py
[2022-11-09T04:04:04.478+0000] {processor.py:756} INFO - Processing file /home/airflow/.local/lib/python3.7/site-packages/airflow/example_dags/example_xcom.py for tasks to queue
[2022-11-09T04:04:04.479+0000] {logging_mixin.py:120} INFO - [2022-11-09T04:04:04.478+0000] {dagbag.py:537} INFO - Filling up the DagBag from /home/airflow/.local/lib/python3.7/site-packages/airflow/example_dags/example_xcom.py
[2022-11-09T04:04:04.490+0000] {processor.py:766} INFO - DAG(s) dict_keys(['example_xcom']) retrieved from /home/airflow/.local/lib/python3.7/site-packages/airflow/example_dags/example_xcom.py
[2022-11-09T04:04:04.513+0000] {logging_mixin.py:120} INFO - [2022-11-09T04:04:04.513+0000] {dag.py:2585} INFO - Sync 1 DAGs
[2022-11-09T04:04:04.526+0000] {logging_mixin.py:120} INFO - [2022-11-09T04:04:04.526+0000] {dag.py:3340} INFO - Setting next_dagrun for example_xcom to 2021-01-01T00:00:00+00:00, run_after=2021-01-01T00:00:00+00:00
[2022-11-09T04:04:04.536+0000] {processor.py:176} INFO - Processing /home/airflow/.local/lib/python3.7/site-packages/airflow/example_dags/example_xcom.py took 0.061 seconds
[2022-11-09T04:04:35.637+0000] {processor.py:154} INFO - Started process (PID=32154) to work on /home/airflow/.local/lib/python3.7/site-packages/airflow/example_dags/example_xcom.py
[2022-11-09T04:04:35.638+0000] {processor.py:756} INFO - Processing file /home/airflow/.local/lib/python3.7/site-packages/airflow/example_dags/example_xcom.py for tasks to queue
[2022-11-09T04:04:35.638+0000] {logging_mixin.py:120} INFO - [2022-11-09T04:04:35.638+0000] {dagbag.py:537} INFO - Filling up the DagBag from /home/airflow/.local/lib/python3.7/site-packages/airflow/example_dags/example_xcom.py
[2022-11-09T04:04:35.650+0000] {processor.py:766} INFO - DAG(s) dict_keys(['example_xcom']) retrieved from /home/airflow/.local/lib/python3.7/site-packages/airflow/example_dags/example_xcom.py
[2022-11-09T04:04:35.674+0000] {logging_mixin.py:120} INFO - [2022-11-09T04:04:35.674+0000] {dag.py:2585} INFO - Sync 1 DAGs
[2022-11-09T04:04:35.688+0000] {logging_mixin.py:120} INFO - [2022-11-09T04:04:35.688+0000] {dag.py:3340} INFO - Setting next_dagrun for example_xcom to 2021-01-01T00:00:00+00:00, run_after=2021-01-01T00:00:00+00:00
[2022-11-09T04:04:35.698+0000] {processor.py:176} INFO - Processing /home/airflow/.local/lib/python3.7/site-packages/airflow/example_dags/example_xcom.py took 0.063 seconds
[2022-11-09T04:05:06.653+0000] {processor.py:154} INFO - Started process (PID=32221) to work on /home/airflow/.local/lib/python3.7/site-packages/airflow/example_dags/example_xcom.py
[2022-11-09T04:05:06.654+0000] {processor.py:756} INFO - Processing file /home/airflow/.local/lib/python3.7/site-packages/airflow/example_dags/example_xcom.py for tasks to queue
[2022-11-09T04:05:06.654+0000] {logging_mixin.py:120} INFO - [2022-11-09T04:05:06.654+0000] {dagbag.py:537} INFO - Filling up the DagBag from /home/airflow/.local/lib/python3.7/site-packages/airflow/example_dags/example_xcom.py
[2022-11-09T04:05:06.666+0000] {processor.py:766} INFO - DAG(s) dict_keys(['example_xcom']) retrieved from /home/airflow/.local/lib/python3.7/site-packages/airflow/example_dags/example_xcom.py
[2022-11-09T04:05:06.690+0000] {logging_mixin.py:120} INFO - [2022-11-09T04:05:06.690+0000] {dag.py:2585} INFO - Sync 1 DAGs
[2022-11-09T04:05:06.704+0000] {logging_mixin.py:120} INFO - [2022-11-09T04:05:06.703+0000] {dag.py:3340} INFO - Setting next_dagrun for example_xcom to 2021-01-01T00:00:00+00:00, run_after=2021-01-01T00:00:00+00:00
[2022-11-09T04:05:06.714+0000] {processor.py:176} INFO - Processing /home/airflow/.local/lib/python3.7/site-packages/airflow/example_dags/example_xcom.py took 0.063 seconds
[2022-11-09T04:05:37.489+0000] {processor.py:154} INFO - Started process (PID=32286) to work on /home/airflow/.local/lib/python3.7/site-packages/airflow/example_dags/example_xcom.py
[2022-11-09T04:05:37.490+0000] {processor.py:756} INFO - Processing file /home/airflow/.local/lib/python3.7/site-packages/airflow/example_dags/example_xcom.py for tasks to queue
[2022-11-09T04:05:37.490+0000] {logging_mixin.py:120} INFO - [2022-11-09T04:05:37.490+0000] {dagbag.py:537} INFO - Filling up the DagBag from /home/airflow/.local/lib/python3.7/site-packages/airflow/example_dags/example_xcom.py
[2022-11-09T04:05:37.502+0000] {processor.py:766} INFO - DAG(s) dict_keys(['example_xcom']) retrieved from /home/airflow/.local/lib/python3.7/site-packages/airflow/example_dags/example_xcom.py
[2022-11-09T04:05:37.525+0000] {logging_mixin.py:120} INFO - [2022-11-09T04:05:37.525+0000] {dag.py:2585} INFO - Sync 1 DAGs
[2022-11-09T04:05:37.539+0000] {logging_mixin.py:120} INFO - [2022-11-09T04:05:37.538+0000] {dag.py:3340} INFO - Setting next_dagrun for example_xcom to 2021-01-01T00:00:00+00:00, run_after=2021-01-01T00:00:00+00:00
[2022-11-09T04:05:37.549+0000] {processor.py:176} INFO - Processing /home/airflow/.local/lib/python3.7/site-packages/airflow/example_dags/example_xcom.py took 0.062 seconds
[2022-11-09T04:06:08.377+0000] {processor.py:154} INFO - Started process (PID=32351) to work on /home/airflow/.local/lib/python3.7/site-packages/airflow/example_dags/example_xcom.py
[2022-11-09T04:06:08.378+0000] {processor.py:756} INFO - Processing file /home/airflow/.local/lib/python3.7/site-packages/airflow/example_dags/example_xcom.py for tasks to queue
[2022-11-09T04:06:08.378+0000] {logging_mixin.py:120} INFO - [2022-11-09T04:06:08.378+0000] {dagbag.py:537} INFO - Filling up the DagBag from /home/airflow/.local/lib/python3.7/site-packages/airflow/example_dags/example_xcom.py
[2022-11-09T04:06:08.391+0000] {processor.py:766} INFO - DAG(s) dict_keys(['example_xcom']) retrieved from /home/airflow/.local/lib/python3.7/site-packages/airflow/example_dags/example_xcom.py
[2022-11-09T04:06:08.413+0000] {logging_mixin.py:120} INFO - [2022-11-09T04:06:08.412+0000] {dag.py:2585} INFO - Sync 1 DAGs
[2022-11-09T04:06:08.426+0000] {logging_mixin.py:120} INFO - [2022-11-09T04:06:08.426+0000] {dag.py:3340} INFO - Setting next_dagrun for example_xcom to 2021-01-01T00:00:00+00:00, run_after=2021-01-01T00:00:00+00:00
[2022-11-09T04:06:08.436+0000] {processor.py:176} INFO - Processing /home/airflow/.local/lib/python3.7/site-packages/airflow/example_dags/example_xcom.py took 0.061 seconds
[2022-11-09T04:06:39.216+0000] {processor.py:154} INFO - Started process (PID=32420) to work on /home/airflow/.local/lib/python3.7/site-packages/airflow/example_dags/example_xcom.py
[2022-11-09T04:06:39.217+0000] {processor.py:756} INFO - Processing file /home/airflow/.local/lib/python3.7/site-packages/airflow/example_dags/example_xcom.py for tasks to queue
[2022-11-09T04:06:39.217+0000] {logging_mixin.py:120} INFO - [2022-11-09T04:06:39.217+0000] {dagbag.py:537} INFO - Filling up the DagBag from /home/airflow/.local/lib/python3.7/site-packages/airflow/example_dags/example_xcom.py
[2022-11-09T04:06:39.228+0000] {processor.py:766} INFO - DAG(s) dict_keys(['example_xcom']) retrieved from /home/airflow/.local/lib/python3.7/site-packages/airflow/example_dags/example_xcom.py
[2022-11-09T04:06:39.251+0000] {logging_mixin.py:120} INFO - [2022-11-09T04:06:39.250+0000] {dag.py:2585} INFO - Sync 1 DAGs
[2022-11-09T04:06:39.265+0000] {logging_mixin.py:120} INFO - [2022-11-09T04:06:39.265+0000] {dag.py:3340} INFO - Setting next_dagrun for example_xcom to 2021-01-01T00:00:00+00:00, run_after=2021-01-01T00:00:00+00:00
[2022-11-09T04:06:39.277+0000] {processor.py:176} INFO - Processing /home/airflow/.local/lib/python3.7/site-packages/airflow/example_dags/example_xcom.py took 0.062 seconds
[2022-11-09T04:17:39.124+0000] {processor.py:154} INFO - Started process (PID=32479) to work on /home/airflow/.local/lib/python3.7/site-packages/airflow/example_dags/example_xcom.py
[2022-11-09T04:17:39.125+0000] {processor.py:756} INFO - Processing file /home/airflow/.local/lib/python3.7/site-packages/airflow/example_dags/example_xcom.py for tasks to queue
[2022-11-09T04:17:39.126+0000] {logging_mixin.py:120} INFO - [2022-11-09T04:17:39.126+0000] {dagbag.py:537} INFO - Filling up the DagBag from /home/airflow/.local/lib/python3.7/site-packages/airflow/example_dags/example_xcom.py
[2022-11-09T04:17:39.149+0000] {processor.py:766} INFO - DAG(s) dict_keys(['example_xcom']) retrieved from /home/airflow/.local/lib/python3.7/site-packages/airflow/example_dags/example_xcom.py
[2022-11-09T04:17:39.182+0000] {logging_mixin.py:120} INFO - [2022-11-09T04:17:39.182+0000] {dag.py:2585} INFO - Sync 1 DAGs
[2022-11-09T04:17:39.217+0000] {logging_mixin.py:120} INFO - [2022-11-09T04:17:39.217+0000] {dag.py:3340} INFO - Setting next_dagrun for example_xcom to 2021-01-01T00:00:00+00:00, run_after=2021-01-01T00:00:00+00:00
[2022-11-09T04:17:39.250+0000] {processor.py:176} INFO - Processing /home/airflow/.local/lib/python3.7/site-packages/airflow/example_dags/example_xcom.py took 0.130 seconds
[2022-11-09T04:18:10.002+0000] {processor.py:154} INFO - Started process (PID=32546) to work on /home/airflow/.local/lib/python3.7/site-packages/airflow/example_dags/example_xcom.py
[2022-11-09T04:18:10.003+0000] {processor.py:756} INFO - Processing file /home/airflow/.local/lib/python3.7/site-packages/airflow/example_dags/example_xcom.py for tasks to queue
[2022-11-09T04:18:10.003+0000] {logging_mixin.py:120} INFO - [2022-11-09T04:18:10.003+0000] {dagbag.py:537} INFO - Filling up the DagBag from /home/airflow/.local/lib/python3.7/site-packages/airflow/example_dags/example_xcom.py
[2022-11-09T04:18:10.015+0000] {processor.py:766} INFO - DAG(s) dict_keys(['example_xcom']) retrieved from /home/airflow/.local/lib/python3.7/site-packages/airflow/example_dags/example_xcom.py
[2022-11-09T04:18:10.036+0000] {logging_mixin.py:120} INFO - [2022-11-09T04:18:10.036+0000] {dag.py:2585} INFO - Sync 1 DAGs
[2022-11-09T04:18:10.049+0000] {logging_mixin.py:120} INFO - [2022-11-09T04:18:10.049+0000] {dag.py:3340} INFO - Setting next_dagrun for example_xcom to 2021-01-01T00:00:00+00:00, run_after=2021-01-01T00:00:00+00:00
[2022-11-09T04:18:10.059+0000] {processor.py:176} INFO - Processing /home/airflow/.local/lib/python3.7/site-packages/airflow/example_dags/example_xcom.py took 0.059 seconds
[2022-11-09T04:18:41.033+0000] {processor.py:154} INFO - Started process (PID=32613) to work on /home/airflow/.local/lib/python3.7/site-packages/airflow/example_dags/example_xcom.py
[2022-11-09T04:18:41.034+0000] {processor.py:756} INFO - Processing file /home/airflow/.local/lib/python3.7/site-packages/airflow/example_dags/example_xcom.py for tasks to queue
[2022-11-09T04:18:41.035+0000] {logging_mixin.py:120} INFO - [2022-11-09T04:18:41.035+0000] {dagbag.py:537} INFO - Filling up the DagBag from /home/airflow/.local/lib/python3.7/site-packages/airflow/example_dags/example_xcom.py
[2022-11-09T04:18:41.055+0000] {processor.py:766} INFO - DAG(s) dict_keys(['example_xcom']) retrieved from /home/airflow/.local/lib/python3.7/site-packages/airflow/example_dags/example_xcom.py
[2022-11-09T04:18:41.081+0000] {logging_mixin.py:120} INFO - [2022-11-09T04:18:41.081+0000] {dag.py:2585} INFO - Sync 1 DAGs
[2022-11-09T04:18:41.095+0000] {logging_mixin.py:120} INFO - [2022-11-09T04:18:41.095+0000] {dag.py:3340} INFO - Setting next_dagrun for example_xcom to 2021-01-01T00:00:00+00:00, run_after=2021-01-01T00:00:00+00:00
[2022-11-09T04:18:41.106+0000] {processor.py:176} INFO - Processing /home/airflow/.local/lib/python3.7/site-packages/airflow/example_dags/example_xcom.py took 0.079 seconds
[2022-11-09T04:19:11.982+0000] {processor.py:154} INFO - Started process (PID=32679) to work on /home/airflow/.local/lib/python3.7/site-packages/airflow/example_dags/example_xcom.py
[2022-11-09T04:19:11.983+0000] {processor.py:756} INFO - Processing file /home/airflow/.local/lib/python3.7/site-packages/airflow/example_dags/example_xcom.py for tasks to queue
[2022-11-09T04:19:11.983+0000] {logging_mixin.py:120} INFO - [2022-11-09T04:19:11.983+0000] {dagbag.py:537} INFO - Filling up the DagBag from /home/airflow/.local/lib/python3.7/site-packages/airflow/example_dags/example_xcom.py
[2022-11-09T04:19:11.998+0000] {processor.py:766} INFO - DAG(s) dict_keys(['example_xcom']) retrieved from /home/airflow/.local/lib/python3.7/site-packages/airflow/example_dags/example_xcom.py
[2022-11-09T04:19:12.025+0000] {logging_mixin.py:120} INFO - [2022-11-09T04:19:12.025+0000] {dag.py:2585} INFO - Sync 1 DAGs
[2022-11-09T04:19:12.042+0000] {logging_mixin.py:120} INFO - [2022-11-09T04:19:12.042+0000] {dag.py:3340} INFO - Setting next_dagrun for example_xcom to 2021-01-01T00:00:00+00:00, run_after=2021-01-01T00:00:00+00:00
[2022-11-09T04:19:12.074+0000] {processor.py:176} INFO - Processing /home/airflow/.local/lib/python3.7/site-packages/airflow/example_dags/example_xcom.py took 0.094 seconds
[2022-11-09T04:19:42.865+0000] {processor.py:154} INFO - Started process (PID=32746) to work on /home/airflow/.local/lib/python3.7/site-packages/airflow/example_dags/example_xcom.py
[2022-11-09T04:19:42.866+0000] {processor.py:756} INFO - Processing file /home/airflow/.local/lib/python3.7/site-packages/airflow/example_dags/example_xcom.py for tasks to queue
[2022-11-09T04:19:42.867+0000] {logging_mixin.py:120} INFO - [2022-11-09T04:19:42.867+0000] {dagbag.py:537} INFO - Filling up the DagBag from /home/airflow/.local/lib/python3.7/site-packages/airflow/example_dags/example_xcom.py
[2022-11-09T04:19:42.883+0000] {processor.py:766} INFO - DAG(s) dict_keys(['example_xcom']) retrieved from /home/airflow/.local/lib/python3.7/site-packages/airflow/example_dags/example_xcom.py
[2022-11-09T04:19:42.913+0000] {logging_mixin.py:120} INFO - [2022-11-09T04:19:42.913+0000] {dag.py:2585} INFO - Sync 1 DAGs
[2022-11-09T04:19:42.929+0000] {logging_mixin.py:120} INFO - [2022-11-09T04:19:42.929+0000] {dag.py:3340} INFO - Setting next_dagrun for example_xcom to 2021-01-01T00:00:00+00:00, run_after=2021-01-01T00:00:00+00:00
[2022-11-09T04:19:42.941+0000] {processor.py:176} INFO - Processing /home/airflow/.local/lib/python3.7/site-packages/airflow/example_dags/example_xcom.py took 0.078 seconds
