[2022-11-09T00:12:01.750+0000] {processor.py:154} INFO - Started process (PID=30715) to work on /home/airflow/.local/lib/python3.7/site-packages/airflow/example_dags/example_branch_operator_decorator.py
[2022-11-09T00:12:01.751+0000] {processor.py:756} INFO - Processing file /home/airflow/.local/lib/python3.7/site-packages/airflow/example_dags/example_branch_operator_decorator.py for tasks to queue
[2022-11-09T00:12:01.752+0000] {logging_mixin.py:120} INFO - [2022-11-09T00:12:01.752+0000] {dagbag.py:537} INFO - Filling up the DagBag from /home/airflow/.local/lib/python3.7/site-packages/airflow/example_dags/example_branch_operator_decorator.py
[2022-11-09T00:12:01.773+0000] {processor.py:766} INFO - DAG(s) dict_keys(['example_branch_python_operator_decorator']) retrieved from /home/airflow/.local/lib/python3.7/site-packages/airflow/example_dags/example_branch_operator_decorator.py
[2022-11-09T00:12:01.805+0000] {logging_mixin.py:120} INFO - [2022-11-09T00:12:01.805+0000] {dag.py:2585} INFO - Sync 1 DAGs
[2022-11-09T00:12:01.821+0000] {logging_mixin.py:120} INFO - [2022-11-09T00:12:01.821+0000] {dag.py:3340} INFO - Setting next_dagrun for example_branch_python_operator_decorator to 2022-11-08T00:00:00+00:00, run_after=2022-11-09T00:00:00+00:00
[2022-11-09T00:12:01.839+0000] {processor.py:176} INFO - Processing /home/airflow/.local/lib/python3.7/site-packages/airflow/example_dags/example_branch_operator_decorator.py took 0.091 seconds
[2022-11-09T00:27:35.028+0000] {processor.py:154} INFO - Started process (PID=30762) to work on /home/airflow/.local/lib/python3.7/site-packages/airflow/example_dags/example_branch_operator_decorator.py
[2022-11-09T00:27:35.029+0000] {processor.py:756} INFO - Processing file /home/airflow/.local/lib/python3.7/site-packages/airflow/example_dags/example_branch_operator_decorator.py for tasks to queue
[2022-11-09T00:27:35.029+0000] {logging_mixin.py:120} INFO - [2022-11-09T00:27:35.029+0000] {dagbag.py:537} INFO - Filling up the DagBag from /home/airflow/.local/lib/python3.7/site-packages/airflow/example_dags/example_branch_operator_decorator.py
[2022-11-09T00:27:35.042+0000] {processor.py:766} INFO - DAG(s) dict_keys(['example_branch_python_operator_decorator']) retrieved from /home/airflow/.local/lib/python3.7/site-packages/airflow/example_dags/example_branch_operator_decorator.py
[2022-11-09T00:27:35.088+0000] {logging_mixin.py:120} INFO - [2022-11-09T00:27:35.088+0000] {dag.py:2585} INFO - Sync 1 DAGs
[2022-11-09T00:27:35.109+0000] {logging_mixin.py:120} INFO - [2022-11-09T00:27:35.109+0000] {dag.py:3340} INFO - Setting next_dagrun for example_branch_python_operator_decorator to 2022-11-08T00:00:00+00:00, run_after=2022-11-09T00:00:00+00:00
[2022-11-09T00:27:35.123+0000] {processor.py:176} INFO - Processing /home/airflow/.local/lib/python3.7/site-packages/airflow/example_dags/example_branch_operator_decorator.py took 0.100 seconds
[2022-11-09T01:00:49.090+0000] {processor.py:154} INFO - Started process (PID=30812) to work on /home/airflow/.local/lib/python3.7/site-packages/airflow/example_dags/example_branch_operator_decorator.py
[2022-11-09T01:00:49.091+0000] {processor.py:756} INFO - Processing file /home/airflow/.local/lib/python3.7/site-packages/airflow/example_dags/example_branch_operator_decorator.py for tasks to queue
[2022-11-09T01:00:49.091+0000] {logging_mixin.py:120} INFO - [2022-11-09T01:00:49.091+0000] {dagbag.py:537} INFO - Filling up the DagBag from /home/airflow/.local/lib/python3.7/site-packages/airflow/example_dags/example_branch_operator_decorator.py
[2022-11-09T01:00:49.111+0000] {processor.py:766} INFO - DAG(s) dict_keys(['example_branch_python_operator_decorator']) retrieved from /home/airflow/.local/lib/python3.7/site-packages/airflow/example_dags/example_branch_operator_decorator.py
[2022-11-09T01:00:49.153+0000] {logging_mixin.py:120} INFO - [2022-11-09T01:00:49.153+0000] {dag.py:2585} INFO - Sync 1 DAGs
[2022-11-09T01:00:49.170+0000] {logging_mixin.py:120} INFO - [2022-11-09T01:00:49.170+0000] {dag.py:3340} INFO - Setting next_dagrun for example_branch_python_operator_decorator to 2022-11-08T00:00:00+00:00, run_after=2022-11-09T00:00:00+00:00
[2022-11-09T01:00:49.183+0000] {processor.py:176} INFO - Processing /home/airflow/.local/lib/python3.7/site-packages/airflow/example_dags/example_branch_operator_decorator.py took 0.094 seconds
[2022-11-09T01:34:45.080+0000] {processor.py:154} INFO - Started process (PID=30860) to work on /home/airflow/.local/lib/python3.7/site-packages/airflow/example_dags/example_branch_operator_decorator.py
[2022-11-09T01:34:45.081+0000] {processor.py:756} INFO - Processing file /home/airflow/.local/lib/python3.7/site-packages/airflow/example_dags/example_branch_operator_decorator.py for tasks to queue
[2022-11-09T01:34:45.082+0000] {logging_mixin.py:120} INFO - [2022-11-09T01:34:45.082+0000] {dagbag.py:537} INFO - Filling up the DagBag from /home/airflow/.local/lib/python3.7/site-packages/airflow/example_dags/example_branch_operator_decorator.py
[2022-11-09T01:34:45.104+0000] {processor.py:766} INFO - DAG(s) dict_keys(['example_branch_python_operator_decorator']) retrieved from /home/airflow/.local/lib/python3.7/site-packages/airflow/example_dags/example_branch_operator_decorator.py
[2022-11-09T01:34:45.133+0000] {logging_mixin.py:120} INFO - [2022-11-09T01:34:45.132+0000] {dag.py:2585} INFO - Sync 1 DAGs
[2022-11-09T01:34:45.151+0000] {logging_mixin.py:120} INFO - [2022-11-09T01:34:45.151+0000] {dag.py:3340} INFO - Setting next_dagrun for example_branch_python_operator_decorator to 2022-11-08T00:00:00+00:00, run_after=2022-11-09T00:00:00+00:00
[2022-11-09T01:34:45.162+0000] {processor.py:176} INFO - Processing /home/airflow/.local/lib/python3.7/site-packages/airflow/example_dags/example_branch_operator_decorator.py took 0.084 seconds
[2022-11-09T01:50:25.071+0000] {processor.py:154} INFO - Started process (PID=30907) to work on /home/airflow/.local/lib/python3.7/site-packages/airflow/example_dags/example_branch_operator_decorator.py
[2022-11-09T01:50:25.071+0000] {processor.py:756} INFO - Processing file /home/airflow/.local/lib/python3.7/site-packages/airflow/example_dags/example_branch_operator_decorator.py for tasks to queue
[2022-11-09T01:50:25.072+0000] {logging_mixin.py:120} INFO - [2022-11-09T01:50:25.072+0000] {dagbag.py:537} INFO - Filling up the DagBag from /home/airflow/.local/lib/python3.7/site-packages/airflow/example_dags/example_branch_operator_decorator.py
[2022-11-09T01:50:25.088+0000] {processor.py:766} INFO - DAG(s) dict_keys(['example_branch_python_operator_decorator']) retrieved from /home/airflow/.local/lib/python3.7/site-packages/airflow/example_dags/example_branch_operator_decorator.py
[2022-11-09T01:50:25.111+0000] {logging_mixin.py:120} INFO - [2022-11-09T01:50:25.111+0000] {dag.py:2585} INFO - Sync 1 DAGs
[2022-11-09T01:50:25.125+0000] {logging_mixin.py:120} INFO - [2022-11-09T01:50:25.125+0000] {dag.py:3340} INFO - Setting next_dagrun for example_branch_python_operator_decorator to 2022-11-08T00:00:00+00:00, run_after=2022-11-09T00:00:00+00:00
[2022-11-09T01:50:25.133+0000] {processor.py:176} INFO - Processing /home/airflow/.local/lib/python3.7/site-packages/airflow/example_dags/example_branch_operator_decorator.py took 0.064 seconds
[2022-11-09T01:55:24.176+0000] {processor.py:154} INFO - Started process (PID=30955) to work on /home/airflow/.local/lib/python3.7/site-packages/airflow/example_dags/example_branch_operator_decorator.py
[2022-11-09T01:55:24.177+0000] {processor.py:756} INFO - Processing file /home/airflow/.local/lib/python3.7/site-packages/airflow/example_dags/example_branch_operator_decorator.py for tasks to queue
[2022-11-09T01:55:24.179+0000] {logging_mixin.py:120} INFO - [2022-11-09T01:55:24.179+0000] {dagbag.py:537} INFO - Filling up the DagBag from /home/airflow/.local/lib/python3.7/site-packages/airflow/example_dags/example_branch_operator_decorator.py
[2022-11-09T01:55:24.199+0000] {processor.py:766} INFO - DAG(s) dict_keys(['example_branch_python_operator_decorator']) retrieved from /home/airflow/.local/lib/python3.7/site-packages/airflow/example_dags/example_branch_operator_decorator.py
[2022-11-09T01:55:24.224+0000] {logging_mixin.py:120} INFO - [2022-11-09T01:55:24.224+0000] {dag.py:2585} INFO - Sync 1 DAGs
[2022-11-09T01:55:24.237+0000] {logging_mixin.py:120} INFO - [2022-11-09T01:55:24.237+0000] {dag.py:3340} INFO - Setting next_dagrun for example_branch_python_operator_decorator to 2022-11-08T00:00:00+00:00, run_after=2022-11-09T00:00:00+00:00
[2022-11-09T01:55:24.247+0000] {processor.py:176} INFO - Processing /home/airflow/.local/lib/python3.7/site-packages/airflow/example_dags/example_branch_operator_decorator.py took 0.077 seconds
[2022-11-09T02:10:49.803+0000] {processor.py:154} INFO - Started process (PID=31002) to work on /home/airflow/.local/lib/python3.7/site-packages/airflow/example_dags/example_branch_operator_decorator.py
[2022-11-09T02:10:49.811+0000] {processor.py:756} INFO - Processing file /home/airflow/.local/lib/python3.7/site-packages/airflow/example_dags/example_branch_operator_decorator.py for tasks to queue
[2022-11-09T02:10:49.811+0000] {logging_mixin.py:120} INFO - [2022-11-09T02:10:49.811+0000] {dagbag.py:537} INFO - Filling up the DagBag from /home/airflow/.local/lib/python3.7/site-packages/airflow/example_dags/example_branch_operator_decorator.py
[2022-11-09T02:10:49.835+0000] {processor.py:766} INFO - DAG(s) dict_keys(['example_branch_python_operator_decorator']) retrieved from /home/airflow/.local/lib/python3.7/site-packages/airflow/example_dags/example_branch_operator_decorator.py
[2022-11-09T02:10:49.901+0000] {logging_mixin.py:120} INFO - [2022-11-09T02:10:49.901+0000] {dag.py:2585} INFO - Sync 1 DAGs
[2022-11-09T02:10:49.923+0000] {logging_mixin.py:120} INFO - [2022-11-09T02:10:49.923+0000] {dag.py:3340} INFO - Setting next_dagrun for example_branch_python_operator_decorator to 2022-11-08T00:00:00+00:00, run_after=2022-11-09T00:00:00+00:00
[2022-11-09T02:10:49.952+0000] {processor.py:176} INFO - Processing /home/airflow/.local/lib/python3.7/site-packages/airflow/example_dags/example_branch_operator_decorator.py took 0.151 seconds
[2022-11-09T02:26:24.373+0000] {processor.py:154} INFO - Started process (PID=31049) to work on /home/airflow/.local/lib/python3.7/site-packages/airflow/example_dags/example_branch_operator_decorator.py
[2022-11-09T02:26:24.373+0000] {processor.py:756} INFO - Processing file /home/airflow/.local/lib/python3.7/site-packages/airflow/example_dags/example_branch_operator_decorator.py for tasks to queue
[2022-11-09T02:26:24.374+0000] {logging_mixin.py:120} INFO - [2022-11-09T02:26:24.374+0000] {dagbag.py:537} INFO - Filling up the DagBag from /home/airflow/.local/lib/python3.7/site-packages/airflow/example_dags/example_branch_operator_decorator.py
[2022-11-09T02:26:24.392+0000] {processor.py:766} INFO - DAG(s) dict_keys(['example_branch_python_operator_decorator']) retrieved from /home/airflow/.local/lib/python3.7/site-packages/airflow/example_dags/example_branch_operator_decorator.py
[2022-11-09T02:26:24.423+0000] {logging_mixin.py:120} INFO - [2022-11-09T02:26:24.423+0000] {dag.py:2585} INFO - Sync 1 DAGs
[2022-11-09T02:26:24.441+0000] {logging_mixin.py:120} INFO - [2022-11-09T02:26:24.441+0000] {dag.py:3340} INFO - Setting next_dagrun for example_branch_python_operator_decorator to 2022-11-08T00:00:00+00:00, run_after=2022-11-09T00:00:00+00:00
[2022-11-09T02:26:24.459+0000] {processor.py:176} INFO - Processing /home/airflow/.local/lib/python3.7/site-packages/airflow/example_dags/example_branch_operator_decorator.py took 0.089 seconds
[2022-11-09T02:44:01.978+0000] {processor.py:154} INFO - Started process (PID=31097) to work on /home/airflow/.local/lib/python3.7/site-packages/airflow/example_dags/example_branch_operator_decorator.py
[2022-11-09T02:44:01.978+0000] {processor.py:756} INFO - Processing file /home/airflow/.local/lib/python3.7/site-packages/airflow/example_dags/example_branch_operator_decorator.py for tasks to queue
[2022-11-09T02:44:01.979+0000] {logging_mixin.py:120} INFO - [2022-11-09T02:44:01.979+0000] {dagbag.py:537} INFO - Filling up the DagBag from /home/airflow/.local/lib/python3.7/site-packages/airflow/example_dags/example_branch_operator_decorator.py
[2022-11-09T02:44:01.994+0000] {processor.py:766} INFO - DAG(s) dict_keys(['example_branch_python_operator_decorator']) retrieved from /home/airflow/.local/lib/python3.7/site-packages/airflow/example_dags/example_branch_operator_decorator.py
[2022-11-09T02:44:02.029+0000] {logging_mixin.py:120} INFO - [2022-11-09T02:44:02.029+0000] {dag.py:2585} INFO - Sync 1 DAGs
[2022-11-09T02:44:02.052+0000] {logging_mixin.py:120} INFO - [2022-11-09T02:44:02.051+0000] {dag.py:3340} INFO - Setting next_dagrun for example_branch_python_operator_decorator to 2022-11-08T00:00:00+00:00, run_after=2022-11-09T00:00:00+00:00
[2022-11-09T02:44:02.088+0000] {processor.py:176} INFO - Processing /home/airflow/.local/lib/python3.7/site-packages/airflow/example_dags/example_branch_operator_decorator.py took 0.112 seconds
[2022-11-09T03:01:03.457+0000] {processor.py:154} INFO - Started process (PID=31156) to work on /home/airflow/.local/lib/python3.7/site-packages/airflow/example_dags/example_branch_operator_decorator.py
[2022-11-09T03:01:03.458+0000] {processor.py:756} INFO - Processing file /home/airflow/.local/lib/python3.7/site-packages/airflow/example_dags/example_branch_operator_decorator.py for tasks to queue
[2022-11-09T03:01:03.458+0000] {logging_mixin.py:120} INFO - [2022-11-09T03:01:03.458+0000] {dagbag.py:537} INFO - Filling up the DagBag from /home/airflow/.local/lib/python3.7/site-packages/airflow/example_dags/example_branch_operator_decorator.py
[2022-11-09T03:01:03.472+0000] {processor.py:766} INFO - DAG(s) dict_keys(['example_branch_python_operator_decorator']) retrieved from /home/airflow/.local/lib/python3.7/site-packages/airflow/example_dags/example_branch_operator_decorator.py
[2022-11-09T03:01:03.495+0000] {logging_mixin.py:120} INFO - [2022-11-09T03:01:03.495+0000] {dag.py:2585} INFO - Sync 1 DAGs
[2022-11-09T03:01:03.508+0000] {logging_mixin.py:120} INFO - [2022-11-09T03:01:03.508+0000] {dag.py:3340} INFO - Setting next_dagrun for example_branch_python_operator_decorator to 2022-11-08T00:00:00+00:00, run_after=2022-11-09T00:00:00+00:00
[2022-11-09T03:01:03.522+0000] {processor.py:176} INFO - Processing /home/airflow/.local/lib/python3.7/site-packages/airflow/example_dags/example_branch_operator_decorator.py took 0.067 seconds
[2022-11-09T03:03:53.481+0000] {processor.py:154} INFO - Started process (PID=31221) to work on /home/airflow/.local/lib/python3.7/site-packages/airflow/example_dags/example_branch_operator_decorator.py
[2022-11-09T03:03:53.482+0000] {processor.py:756} INFO - Processing file /home/airflow/.local/lib/python3.7/site-packages/airflow/example_dags/example_branch_operator_decorator.py for tasks to queue
[2022-11-09T03:03:53.482+0000] {logging_mixin.py:120} INFO - [2022-11-09T03:03:53.482+0000] {dagbag.py:537} INFO - Filling up the DagBag from /home/airflow/.local/lib/python3.7/site-packages/airflow/example_dags/example_branch_operator_decorator.py
[2022-11-09T03:03:53.496+0000] {processor.py:766} INFO - DAG(s) dict_keys(['example_branch_python_operator_decorator']) retrieved from /home/airflow/.local/lib/python3.7/site-packages/airflow/example_dags/example_branch_operator_decorator.py
[2022-11-09T03:03:53.521+0000] {logging_mixin.py:120} INFO - [2022-11-09T03:03:53.521+0000] {dag.py:2585} INFO - Sync 1 DAGs
[2022-11-09T03:03:53.536+0000] {logging_mixin.py:120} INFO - [2022-11-09T03:03:53.536+0000] {dag.py:3340} INFO - Setting next_dagrun for example_branch_python_operator_decorator to 2022-11-08T00:00:00+00:00, run_after=2022-11-09T00:00:00+00:00
[2022-11-09T03:03:53.548+0000] {processor.py:176} INFO - Processing /home/airflow/.local/lib/python3.7/site-packages/airflow/example_dags/example_branch_operator_decorator.py took 0.069 seconds
[2022-11-09T03:19:28.962+0000] {processor.py:154} INFO - Started process (PID=31268) to work on /home/airflow/.local/lib/python3.7/site-packages/airflow/example_dags/example_branch_operator_decorator.py
[2022-11-09T03:19:28.963+0000] {processor.py:756} INFO - Processing file /home/airflow/.local/lib/python3.7/site-packages/airflow/example_dags/example_branch_operator_decorator.py for tasks to queue
[2022-11-09T03:19:28.963+0000] {logging_mixin.py:120} INFO - [2022-11-09T03:19:28.963+0000] {dagbag.py:537} INFO - Filling up the DagBag from /home/airflow/.local/lib/python3.7/site-packages/airflow/example_dags/example_branch_operator_decorator.py
[2022-11-09T03:19:28.981+0000] {processor.py:766} INFO - DAG(s) dict_keys(['example_branch_python_operator_decorator']) retrieved from /home/airflow/.local/lib/python3.7/site-packages/airflow/example_dags/example_branch_operator_decorator.py
[2022-11-09T03:19:29.005+0000] {logging_mixin.py:120} INFO - [2022-11-09T03:19:29.005+0000] {dag.py:2585} INFO - Sync 1 DAGs
[2022-11-09T03:19:29.019+0000] {logging_mixin.py:120} INFO - [2022-11-09T03:19:29.019+0000] {dag.py:3340} INFO - Setting next_dagrun for example_branch_python_operator_decorator to 2022-11-08T00:00:00+00:00, run_after=2022-11-09T00:00:00+00:00
[2022-11-09T03:19:29.029+0000] {processor.py:176} INFO - Processing /home/airflow/.local/lib/python3.7/site-packages/airflow/example_dags/example_branch_operator_decorator.py took 0.069 seconds
[2022-11-09T03:35:52.688+0000] {processor.py:154} INFO - Started process (PID=31326) to work on /home/airflow/.local/lib/python3.7/site-packages/airflow/example_dags/example_branch_operator_decorator.py
[2022-11-09T03:35:52.690+0000] {processor.py:756} INFO - Processing file /home/airflow/.local/lib/python3.7/site-packages/airflow/example_dags/example_branch_operator_decorator.py for tasks to queue
[2022-11-09T03:35:52.690+0000] {logging_mixin.py:120} INFO - [2022-11-09T03:35:52.690+0000] {dagbag.py:537} INFO - Filling up the DagBag from /home/airflow/.local/lib/python3.7/site-packages/airflow/example_dags/example_branch_operator_decorator.py
[2022-11-09T03:35:52.714+0000] {processor.py:766} INFO - DAG(s) dict_keys(['example_branch_python_operator_decorator']) retrieved from /home/airflow/.local/lib/python3.7/site-packages/airflow/example_dags/example_branch_operator_decorator.py
[2022-11-09T03:35:52.756+0000] {logging_mixin.py:120} INFO - [2022-11-09T03:35:52.755+0000] {dag.py:2585} INFO - Sync 1 DAGs
[2022-11-09T03:35:52.775+0000] {logging_mixin.py:120} INFO - [2022-11-09T03:35:52.775+0000] {dag.py:3340} INFO - Setting next_dagrun for example_branch_python_operator_decorator to 2022-11-08T00:00:00+00:00, run_after=2022-11-09T00:00:00+00:00
[2022-11-09T03:35:52.803+0000] {processor.py:176} INFO - Processing /home/airflow/.local/lib/python3.7/site-packages/airflow/example_dags/example_branch_operator_decorator.py took 0.116 seconds
[2022-11-09T03:58:28.960+0000] {processor.py:154} INFO - Started process (PID=31373) to work on /home/airflow/.local/lib/python3.7/site-packages/airflow/example_dags/example_branch_operator_decorator.py
[2022-11-09T03:58:28.962+0000] {processor.py:756} INFO - Processing file /home/airflow/.local/lib/python3.7/site-packages/airflow/example_dags/example_branch_operator_decorator.py for tasks to queue
[2022-11-09T03:58:28.962+0000] {logging_mixin.py:120} INFO - [2022-11-09T03:58:28.962+0000] {dagbag.py:537} INFO - Filling up the DagBag from /home/airflow/.local/lib/python3.7/site-packages/airflow/example_dags/example_branch_operator_decorator.py
[2022-11-09T03:58:29.007+0000] {processor.py:766} INFO - DAG(s) dict_keys(['example_branch_python_operator_decorator']) retrieved from /home/airflow/.local/lib/python3.7/site-packages/airflow/example_dags/example_branch_operator_decorator.py
[2022-11-09T03:58:29.082+0000] {logging_mixin.py:120} INFO - [2022-11-09T03:58:29.082+0000] {dag.py:2585} INFO - Sync 1 DAGs
[2022-11-09T03:58:29.112+0000] {logging_mixin.py:120} INFO - [2022-11-09T03:58:29.112+0000] {dag.py:3340} INFO - Setting next_dagrun for example_branch_python_operator_decorator to 2022-11-08T00:00:00+00:00, run_after=2022-11-09T00:00:00+00:00
[2022-11-09T03:58:29.193+0000] {processor.py:176} INFO - Processing /home/airflow/.local/lib/python3.7/site-packages/airflow/example_dags/example_branch_operator_decorator.py took 0.236 seconds
[2022-11-09T03:58:59.368+0000] {processor.py:154} INFO - Started process (PID=31443) to work on /home/airflow/.local/lib/python3.7/site-packages/airflow/example_dags/example_branch_operator_decorator.py
[2022-11-09T03:58:59.369+0000] {processor.py:756} INFO - Processing file /home/airflow/.local/lib/python3.7/site-packages/airflow/example_dags/example_branch_operator_decorator.py for tasks to queue
[2022-11-09T03:58:59.369+0000] {logging_mixin.py:120} INFO - [2022-11-09T03:58:59.369+0000] {dagbag.py:537} INFO - Filling up the DagBag from /home/airflow/.local/lib/python3.7/site-packages/airflow/example_dags/example_branch_operator_decorator.py
[2022-11-09T03:58:59.385+0000] {processor.py:766} INFO - DAG(s) dict_keys(['example_branch_python_operator_decorator']) retrieved from /home/airflow/.local/lib/python3.7/site-packages/airflow/example_dags/example_branch_operator_decorator.py
[2022-11-09T03:58:59.411+0000] {logging_mixin.py:120} INFO - [2022-11-09T03:58:59.410+0000] {dag.py:2585} INFO - Sync 1 DAGs
[2022-11-09T03:58:59.425+0000] {logging_mixin.py:120} INFO - [2022-11-09T03:58:59.425+0000] {dag.py:3340} INFO - Setting next_dagrun for example_branch_python_operator_decorator to 2022-11-08T00:00:00+00:00, run_after=2022-11-09T00:00:00+00:00
[2022-11-09T03:58:59.437+0000] {processor.py:176} INFO - Processing /home/airflow/.local/lib/python3.7/site-packages/airflow/example_dags/example_branch_operator_decorator.py took 0.071 seconds
[2022-11-09T03:59:30.324+0000] {processor.py:154} INFO - Started process (PID=31515) to work on /home/airflow/.local/lib/python3.7/site-packages/airflow/example_dags/example_branch_operator_decorator.py
[2022-11-09T03:59:30.325+0000] {processor.py:756} INFO - Processing file /home/airflow/.local/lib/python3.7/site-packages/airflow/example_dags/example_branch_operator_decorator.py for tasks to queue
[2022-11-09T03:59:30.325+0000] {logging_mixin.py:120} INFO - [2022-11-09T03:59:30.325+0000] {dagbag.py:537} INFO - Filling up the DagBag from /home/airflow/.local/lib/python3.7/site-packages/airflow/example_dags/example_branch_operator_decorator.py
[2022-11-09T03:59:30.339+0000] {processor.py:766} INFO - DAG(s) dict_keys(['example_branch_python_operator_decorator']) retrieved from /home/airflow/.local/lib/python3.7/site-packages/airflow/example_dags/example_branch_operator_decorator.py
[2022-11-09T03:59:30.364+0000] {logging_mixin.py:120} INFO - [2022-11-09T03:59:30.363+0000] {dag.py:2585} INFO - Sync 1 DAGs
[2022-11-09T03:59:30.378+0000] {logging_mixin.py:120} INFO - [2022-11-09T03:59:30.378+0000] {dag.py:3340} INFO - Setting next_dagrun for example_branch_python_operator_decorator to 2022-11-08T00:00:00+00:00, run_after=2022-11-09T00:00:00+00:00
[2022-11-09T03:59:30.388+0000] {processor.py:176} INFO - Processing /home/airflow/.local/lib/python3.7/site-packages/airflow/example_dags/example_branch_operator_decorator.py took 0.067 seconds
[2022-11-09T04:00:01.242+0000] {processor.py:154} INFO - Started process (PID=31581) to work on /home/airflow/.local/lib/python3.7/site-packages/airflow/example_dags/example_branch_operator_decorator.py
[2022-11-09T04:00:01.243+0000] {processor.py:756} INFO - Processing file /home/airflow/.local/lib/python3.7/site-packages/airflow/example_dags/example_branch_operator_decorator.py for tasks to queue
[2022-11-09T04:00:01.243+0000] {logging_mixin.py:120} INFO - [2022-11-09T04:00:01.243+0000] {dagbag.py:537} INFO - Filling up the DagBag from /home/airflow/.local/lib/python3.7/site-packages/airflow/example_dags/example_branch_operator_decorator.py
[2022-11-09T04:00:01.256+0000] {processor.py:766} INFO - DAG(s) dict_keys(['example_branch_python_operator_decorator']) retrieved from /home/airflow/.local/lib/python3.7/site-packages/airflow/example_dags/example_branch_operator_decorator.py
[2022-11-09T04:00:01.278+0000] {logging_mixin.py:120} INFO - [2022-11-09T04:00:01.278+0000] {dag.py:2585} INFO - Sync 1 DAGs
[2022-11-09T04:00:01.291+0000] {logging_mixin.py:120} INFO - [2022-11-09T04:00:01.291+0000] {dag.py:3340} INFO - Setting next_dagrun for example_branch_python_operator_decorator to 2022-11-08T00:00:00+00:00, run_after=2022-11-09T00:00:00+00:00
[2022-11-09T04:00:01.301+0000] {processor.py:176} INFO - Processing /home/airflow/.local/lib/python3.7/site-packages/airflow/example_dags/example_branch_operator_decorator.py took 0.061 seconds
[2022-11-09T04:00:32.159+0000] {processor.py:154} INFO - Started process (PID=31648) to work on /home/airflow/.local/lib/python3.7/site-packages/airflow/example_dags/example_branch_operator_decorator.py
[2022-11-09T04:00:32.159+0000] {processor.py:756} INFO - Processing file /home/airflow/.local/lib/python3.7/site-packages/airflow/example_dags/example_branch_operator_decorator.py for tasks to queue
[2022-11-09T04:00:32.160+0000] {logging_mixin.py:120} INFO - [2022-11-09T04:00:32.159+0000] {dagbag.py:537} INFO - Filling up the DagBag from /home/airflow/.local/lib/python3.7/site-packages/airflow/example_dags/example_branch_operator_decorator.py
[2022-11-09T04:00:32.172+0000] {processor.py:766} INFO - DAG(s) dict_keys(['example_branch_python_operator_decorator']) retrieved from /home/airflow/.local/lib/python3.7/site-packages/airflow/example_dags/example_branch_operator_decorator.py
[2022-11-09T04:00:32.194+0000] {logging_mixin.py:120} INFO - [2022-11-09T04:00:32.194+0000] {dag.py:2585} INFO - Sync 1 DAGs
[2022-11-09T04:00:32.208+0000] {logging_mixin.py:120} INFO - [2022-11-09T04:00:32.208+0000] {dag.py:3340} INFO - Setting next_dagrun for example_branch_python_operator_decorator to 2022-11-08T00:00:00+00:00, run_after=2022-11-09T00:00:00+00:00
[2022-11-09T04:00:32.219+0000] {processor.py:176} INFO - Processing /home/airflow/.local/lib/python3.7/site-packages/airflow/example_dags/example_branch_operator_decorator.py took 0.062 seconds
[2022-11-09T04:01:02.376+0000] {processor.py:154} INFO - Started process (PID=31703) to work on /home/airflow/.local/lib/python3.7/site-packages/airflow/example_dags/example_branch_operator_decorator.py
[2022-11-09T04:01:02.376+0000] {processor.py:756} INFO - Processing file /home/airflow/.local/lib/python3.7/site-packages/airflow/example_dags/example_branch_operator_decorator.py for tasks to queue
[2022-11-09T04:01:02.376+0000] {logging_mixin.py:120} INFO - [2022-11-09T04:01:02.376+0000] {dagbag.py:537} INFO - Filling up the DagBag from /home/airflow/.local/lib/python3.7/site-packages/airflow/example_dags/example_branch_operator_decorator.py
[2022-11-09T04:01:02.389+0000] {processor.py:766} INFO - DAG(s) dict_keys(['example_branch_python_operator_decorator']) retrieved from /home/airflow/.local/lib/python3.7/site-packages/airflow/example_dags/example_branch_operator_decorator.py
[2022-11-09T04:01:02.423+0000] {logging_mixin.py:120} INFO - [2022-11-09T04:01:02.423+0000] {dag.py:2585} INFO - Sync 1 DAGs
[2022-11-09T04:01:02.438+0000] {logging_mixin.py:120} INFO - [2022-11-09T04:01:02.437+0000] {dag.py:3340} INFO - Setting next_dagrun for example_branch_python_operator_decorator to 2022-11-08T00:00:00+00:00, run_after=2022-11-09T00:00:00+00:00
[2022-11-09T04:01:02.450+0000] {processor.py:176} INFO - Processing /home/airflow/.local/lib/python3.7/site-packages/airflow/example_dags/example_branch_operator_decorator.py took 0.076 seconds
[2022-11-09T04:01:32.572+0000] {processor.py:154} INFO - Started process (PID=31769) to work on /home/airflow/.local/lib/python3.7/site-packages/airflow/example_dags/example_branch_operator_decorator.py
[2022-11-09T04:01:32.572+0000] {processor.py:756} INFO - Processing file /home/airflow/.local/lib/python3.7/site-packages/airflow/example_dags/example_branch_operator_decorator.py for tasks to queue
[2022-11-09T04:01:32.573+0000] {logging_mixin.py:120} INFO - [2022-11-09T04:01:32.573+0000] {dagbag.py:537} INFO - Filling up the DagBag from /home/airflow/.local/lib/python3.7/site-packages/airflow/example_dags/example_branch_operator_decorator.py
[2022-11-09T04:01:32.585+0000] {processor.py:766} INFO - DAG(s) dict_keys(['example_branch_python_operator_decorator']) retrieved from /home/airflow/.local/lib/python3.7/site-packages/airflow/example_dags/example_branch_operator_decorator.py
[2022-11-09T04:01:32.608+0000] {logging_mixin.py:120} INFO - [2022-11-09T04:01:32.608+0000] {dag.py:2585} INFO - Sync 1 DAGs
[2022-11-09T04:01:32.621+0000] {logging_mixin.py:120} INFO - [2022-11-09T04:01:32.621+0000] {dag.py:3340} INFO - Setting next_dagrun for example_branch_python_operator_decorator to 2022-11-08T00:00:00+00:00, run_after=2022-11-09T00:00:00+00:00
[2022-11-09T04:01:32.630+0000] {processor.py:176} INFO - Processing /home/airflow/.local/lib/python3.7/site-packages/airflow/example_dags/example_branch_operator_decorator.py took 0.060 seconds
[2022-11-09T04:02:02.729+0000] {processor.py:154} INFO - Started process (PID=31839) to work on /home/airflow/.local/lib/python3.7/site-packages/airflow/example_dags/example_branch_operator_decorator.py
[2022-11-09T04:02:02.730+0000] {processor.py:756} INFO - Processing file /home/airflow/.local/lib/python3.7/site-packages/airflow/example_dags/example_branch_operator_decorator.py for tasks to queue
[2022-11-09T04:02:02.730+0000] {logging_mixin.py:120} INFO - [2022-11-09T04:02:02.730+0000] {dagbag.py:537} INFO - Filling up the DagBag from /home/airflow/.local/lib/python3.7/site-packages/airflow/example_dags/example_branch_operator_decorator.py
[2022-11-09T04:02:02.744+0000] {processor.py:766} INFO - DAG(s) dict_keys(['example_branch_python_operator_decorator']) retrieved from /home/airflow/.local/lib/python3.7/site-packages/airflow/example_dags/example_branch_operator_decorator.py
[2022-11-09T04:02:02.766+0000] {logging_mixin.py:120} INFO - [2022-11-09T04:02:02.766+0000] {dag.py:2585} INFO - Sync 1 DAGs
[2022-11-09T04:02:02.781+0000] {logging_mixin.py:120} INFO - [2022-11-09T04:02:02.781+0000] {dag.py:3340} INFO - Setting next_dagrun for example_branch_python_operator_decorator to 2022-11-08T00:00:00+00:00, run_after=2022-11-09T00:00:00+00:00
[2022-11-09T04:02:02.792+0000] {processor.py:176} INFO - Processing /home/airflow/.local/lib/python3.7/site-packages/airflow/example_dags/example_branch_operator_decorator.py took 0.064 seconds
[2022-11-09T04:02:32.860+0000] {processor.py:154} INFO - Started process (PID=31907) to work on /home/airflow/.local/lib/python3.7/site-packages/airflow/example_dags/example_branch_operator_decorator.py
[2022-11-09T04:02:32.860+0000] {processor.py:756} INFO - Processing file /home/airflow/.local/lib/python3.7/site-packages/airflow/example_dags/example_branch_operator_decorator.py for tasks to queue
[2022-11-09T04:02:32.861+0000] {logging_mixin.py:120} INFO - [2022-11-09T04:02:32.861+0000] {dagbag.py:537} INFO - Filling up the DagBag from /home/airflow/.local/lib/python3.7/site-packages/airflow/example_dags/example_branch_operator_decorator.py
[2022-11-09T04:02:32.879+0000] {processor.py:766} INFO - DAG(s) dict_keys(['example_branch_python_operator_decorator']) retrieved from /home/airflow/.local/lib/python3.7/site-packages/airflow/example_dags/example_branch_operator_decorator.py
[2022-11-09T04:02:32.905+0000] {logging_mixin.py:120} INFO - [2022-11-09T04:02:32.905+0000] {dag.py:2585} INFO - Sync 1 DAGs
[2022-11-09T04:02:32.919+0000] {logging_mixin.py:120} INFO - [2022-11-09T04:02:32.919+0000] {dag.py:3340} INFO - Setting next_dagrun for example_branch_python_operator_decorator to 2022-11-08T00:00:00+00:00, run_after=2022-11-09T00:00:00+00:00
[2022-11-09T04:02:32.931+0000] {processor.py:176} INFO - Processing /home/airflow/.local/lib/python3.7/site-packages/airflow/example_dags/example_branch_operator_decorator.py took 0.074 seconds
[2022-11-09T04:03:03.962+0000] {processor.py:154} INFO - Started process (PID=31972) to work on /home/airflow/.local/lib/python3.7/site-packages/airflow/example_dags/example_branch_operator_decorator.py
[2022-11-09T04:03:03.963+0000] {processor.py:756} INFO - Processing file /home/airflow/.local/lib/python3.7/site-packages/airflow/example_dags/example_branch_operator_decorator.py for tasks to queue
[2022-11-09T04:03:03.963+0000] {logging_mixin.py:120} INFO - [2022-11-09T04:03:03.963+0000] {dagbag.py:537} INFO - Filling up the DagBag from /home/airflow/.local/lib/python3.7/site-packages/airflow/example_dags/example_branch_operator_decorator.py
[2022-11-09T04:03:03.978+0000] {processor.py:766} INFO - DAG(s) dict_keys(['example_branch_python_operator_decorator']) retrieved from /home/airflow/.local/lib/python3.7/site-packages/airflow/example_dags/example_branch_operator_decorator.py
[2022-11-09T04:03:04.067+0000] {logging_mixin.py:120} INFO - [2022-11-09T04:03:04.067+0000] {dag.py:2585} INFO - Sync 1 DAGs
[2022-11-09T04:03:04.085+0000] {logging_mixin.py:120} INFO - [2022-11-09T04:03:04.085+0000] {dag.py:3340} INFO - Setting next_dagrun for example_branch_python_operator_decorator to 2022-11-08T00:00:00+00:00, run_after=2022-11-09T00:00:00+00:00
[2022-11-09T04:03:04.096+0000] {processor.py:176} INFO - Processing /home/airflow/.local/lib/python3.7/site-packages/airflow/example_dags/example_branch_operator_decorator.py took 0.136 seconds
[2022-11-09T04:03:34.201+0000] {processor.py:154} INFO - Started process (PID=32036) to work on /home/airflow/.local/lib/python3.7/site-packages/airflow/example_dags/example_branch_operator_decorator.py
[2022-11-09T04:03:34.202+0000] {processor.py:756} INFO - Processing file /home/airflow/.local/lib/python3.7/site-packages/airflow/example_dags/example_branch_operator_decorator.py for tasks to queue
[2022-11-09T04:03:34.202+0000] {logging_mixin.py:120} INFO - [2022-11-09T04:03:34.202+0000] {dagbag.py:537} INFO - Filling up the DagBag from /home/airflow/.local/lib/python3.7/site-packages/airflow/example_dags/example_branch_operator_decorator.py
[2022-11-09T04:03:34.228+0000] {processor.py:766} INFO - DAG(s) dict_keys(['example_branch_python_operator_decorator']) retrieved from /home/airflow/.local/lib/python3.7/site-packages/airflow/example_dags/example_branch_operator_decorator.py
[2022-11-09T04:03:34.252+0000] {logging_mixin.py:120} INFO - [2022-11-09T04:03:34.252+0000] {dag.py:2585} INFO - Sync 1 DAGs
[2022-11-09T04:03:34.272+0000] {logging_mixin.py:120} INFO - [2022-11-09T04:03:34.272+0000] {dag.py:3340} INFO - Setting next_dagrun for example_branch_python_operator_decorator to 2022-11-08T00:00:00+00:00, run_after=2022-11-09T00:00:00+00:00
[2022-11-09T04:03:34.289+0000] {processor.py:176} INFO - Processing /home/airflow/.local/lib/python3.7/site-packages/airflow/example_dags/example_branch_operator_decorator.py took 0.090 seconds
[2022-11-09T04:04:05.250+0000] {processor.py:154} INFO - Started process (PID=32097) to work on /home/airflow/.local/lib/python3.7/site-packages/airflow/example_dags/example_branch_operator_decorator.py
[2022-11-09T04:04:05.250+0000] {processor.py:756} INFO - Processing file /home/airflow/.local/lib/python3.7/site-packages/airflow/example_dags/example_branch_operator_decorator.py for tasks to queue
[2022-11-09T04:04:05.251+0000] {logging_mixin.py:120} INFO - [2022-11-09T04:04:05.251+0000] {dagbag.py:537} INFO - Filling up the DagBag from /home/airflow/.local/lib/python3.7/site-packages/airflow/example_dags/example_branch_operator_decorator.py
[2022-11-09T04:04:05.265+0000] {processor.py:766} INFO - DAG(s) dict_keys(['example_branch_python_operator_decorator']) retrieved from /home/airflow/.local/lib/python3.7/site-packages/airflow/example_dags/example_branch_operator_decorator.py
[2022-11-09T04:04:05.288+0000] {logging_mixin.py:120} INFO - [2022-11-09T04:04:05.288+0000] {dag.py:2585} INFO - Sync 1 DAGs
[2022-11-09T04:04:05.302+0000] {logging_mixin.py:120} INFO - [2022-11-09T04:04:05.302+0000] {dag.py:3340} INFO - Setting next_dagrun for example_branch_python_operator_decorator to 2022-11-08T00:00:00+00:00, run_after=2022-11-09T00:00:00+00:00
[2022-11-09T04:04:05.313+0000] {processor.py:176} INFO - Processing /home/airflow/.local/lib/python3.7/site-packages/airflow/example_dags/example_branch_operator_decorator.py took 0.065 seconds
[2022-11-09T04:04:36.314+0000] {processor.py:154} INFO - Started process (PID=32168) to work on /home/airflow/.local/lib/python3.7/site-packages/airflow/example_dags/example_branch_operator_decorator.py
[2022-11-09T04:04:36.315+0000] {processor.py:756} INFO - Processing file /home/airflow/.local/lib/python3.7/site-packages/airflow/example_dags/example_branch_operator_decorator.py for tasks to queue
[2022-11-09T04:04:36.315+0000] {logging_mixin.py:120} INFO - [2022-11-09T04:04:36.315+0000] {dagbag.py:537} INFO - Filling up the DagBag from /home/airflow/.local/lib/python3.7/site-packages/airflow/example_dags/example_branch_operator_decorator.py
[2022-11-09T04:04:36.327+0000] {processor.py:766} INFO - DAG(s) dict_keys(['example_branch_python_operator_decorator']) retrieved from /home/airflow/.local/lib/python3.7/site-packages/airflow/example_dags/example_branch_operator_decorator.py
[2022-11-09T04:04:36.349+0000] {logging_mixin.py:120} INFO - [2022-11-09T04:04:36.349+0000] {dag.py:2585} INFO - Sync 1 DAGs
[2022-11-09T04:04:36.363+0000] {logging_mixin.py:120} INFO - [2022-11-09T04:04:36.363+0000] {dag.py:3340} INFO - Setting next_dagrun for example_branch_python_operator_decorator to 2022-11-08T00:00:00+00:00, run_after=2022-11-09T00:00:00+00:00
[2022-11-09T04:04:36.373+0000] {processor.py:176} INFO - Processing /home/airflow/.local/lib/python3.7/site-packages/airflow/example_dags/example_branch_operator_decorator.py took 0.061 seconds
[2022-11-09T04:05:07.312+0000] {processor.py:154} INFO - Started process (PID=32235) to work on /home/airflow/.local/lib/python3.7/site-packages/airflow/example_dags/example_branch_operator_decorator.py
[2022-11-09T04:05:07.312+0000] {processor.py:756} INFO - Processing file /home/airflow/.local/lib/python3.7/site-packages/airflow/example_dags/example_branch_operator_decorator.py for tasks to queue
[2022-11-09T04:05:07.313+0000] {logging_mixin.py:120} INFO - [2022-11-09T04:05:07.313+0000] {dagbag.py:537} INFO - Filling up the DagBag from /home/airflow/.local/lib/python3.7/site-packages/airflow/example_dags/example_branch_operator_decorator.py
[2022-11-09T04:05:07.325+0000] {processor.py:766} INFO - DAG(s) dict_keys(['example_branch_python_operator_decorator']) retrieved from /home/airflow/.local/lib/python3.7/site-packages/airflow/example_dags/example_branch_operator_decorator.py
[2022-11-09T04:05:07.346+0000] {logging_mixin.py:120} INFO - [2022-11-09T04:05:07.346+0000] {dag.py:2585} INFO - Sync 1 DAGs
[2022-11-09T04:05:07.358+0000] {logging_mixin.py:120} INFO - [2022-11-09T04:05:07.358+0000] {dag.py:3340} INFO - Setting next_dagrun for example_branch_python_operator_decorator to 2022-11-08T00:00:00+00:00, run_after=2022-11-09T00:00:00+00:00
[2022-11-09T04:05:07.368+0000] {processor.py:176} INFO - Processing /home/airflow/.local/lib/python3.7/site-packages/airflow/example_dags/example_branch_operator_decorator.py took 0.058 seconds
[2022-11-09T04:05:38.130+0000] {processor.py:154} INFO - Started process (PID=32300) to work on /home/airflow/.local/lib/python3.7/site-packages/airflow/example_dags/example_branch_operator_decorator.py
[2022-11-09T04:05:38.131+0000] {processor.py:756} INFO - Processing file /home/airflow/.local/lib/python3.7/site-packages/airflow/example_dags/example_branch_operator_decorator.py for tasks to queue
[2022-11-09T04:05:38.131+0000] {logging_mixin.py:120} INFO - [2022-11-09T04:05:38.131+0000] {dagbag.py:537} INFO - Filling up the DagBag from /home/airflow/.local/lib/python3.7/site-packages/airflow/example_dags/example_branch_operator_decorator.py
[2022-11-09T04:05:38.145+0000] {processor.py:766} INFO - DAG(s) dict_keys(['example_branch_python_operator_decorator']) retrieved from /home/airflow/.local/lib/python3.7/site-packages/airflow/example_dags/example_branch_operator_decorator.py
[2022-11-09T04:05:38.168+0000] {logging_mixin.py:120} INFO - [2022-11-09T04:05:38.167+0000] {dag.py:2585} INFO - Sync 1 DAGs
[2022-11-09T04:05:38.182+0000] {logging_mixin.py:120} INFO - [2022-11-09T04:05:38.182+0000] {dag.py:3340} INFO - Setting next_dagrun for example_branch_python_operator_decorator to 2022-11-08T00:00:00+00:00, run_after=2022-11-09T00:00:00+00:00
[2022-11-09T04:05:38.191+0000] {processor.py:176} INFO - Processing /home/airflow/.local/lib/python3.7/site-packages/airflow/example_dags/example_branch_operator_decorator.py took 0.062 seconds
[2022-11-09T04:06:08.957+0000] {processor.py:154} INFO - Started process (PID=32365) to work on /home/airflow/.local/lib/python3.7/site-packages/airflow/example_dags/example_branch_operator_decorator.py
[2022-11-09T04:06:08.957+0000] {processor.py:756} INFO - Processing file /home/airflow/.local/lib/python3.7/site-packages/airflow/example_dags/example_branch_operator_decorator.py for tasks to queue
[2022-11-09T04:06:08.958+0000] {logging_mixin.py:120} INFO - [2022-11-09T04:06:08.958+0000] {dagbag.py:537} INFO - Filling up the DagBag from /home/airflow/.local/lib/python3.7/site-packages/airflow/example_dags/example_branch_operator_decorator.py
[2022-11-09T04:06:08.973+0000] {processor.py:766} INFO - DAG(s) dict_keys(['example_branch_python_operator_decorator']) retrieved from /home/airflow/.local/lib/python3.7/site-packages/airflow/example_dags/example_branch_operator_decorator.py
[2022-11-09T04:06:08.996+0000] {logging_mixin.py:120} INFO - [2022-11-09T04:06:08.996+0000] {dag.py:2585} INFO - Sync 1 DAGs
[2022-11-09T04:06:09.010+0000] {logging_mixin.py:120} INFO - [2022-11-09T04:06:09.010+0000] {dag.py:3340} INFO - Setting next_dagrun for example_branch_python_operator_decorator to 2022-11-08T00:00:00+00:00, run_after=2022-11-09T00:00:00+00:00
[2022-11-09T04:06:09.020+0000] {processor.py:176} INFO - Processing /home/airflow/.local/lib/python3.7/site-packages/airflow/example_dags/example_branch_operator_decorator.py took 0.066 seconds
[2022-11-09T04:06:39.871+0000] {processor.py:154} INFO - Started process (PID=32434) to work on /home/airflow/.local/lib/python3.7/site-packages/airflow/example_dags/example_branch_operator_decorator.py
[2022-11-09T04:06:39.871+0000] {processor.py:756} INFO - Processing file /home/airflow/.local/lib/python3.7/site-packages/airflow/example_dags/example_branch_operator_decorator.py for tasks to queue
[2022-11-09T04:06:39.872+0000] {logging_mixin.py:120} INFO - [2022-11-09T04:06:39.872+0000] {dagbag.py:537} INFO - Filling up the DagBag from /home/airflow/.local/lib/python3.7/site-packages/airflow/example_dags/example_branch_operator_decorator.py
[2022-11-09T04:06:39.885+0000] {processor.py:766} INFO - DAG(s) dict_keys(['example_branch_python_operator_decorator']) retrieved from /home/airflow/.local/lib/python3.7/site-packages/airflow/example_dags/example_branch_operator_decorator.py
[2022-11-09T04:06:39.906+0000] {logging_mixin.py:120} INFO - [2022-11-09T04:06:39.906+0000] {dag.py:2585} INFO - Sync 1 DAGs
[2022-11-09T04:06:39.919+0000] {logging_mixin.py:120} INFO - [2022-11-09T04:06:39.919+0000] {dag.py:3340} INFO - Setting next_dagrun for example_branch_python_operator_decorator to 2022-11-08T00:00:00+00:00, run_after=2022-11-09T00:00:00+00:00
[2022-11-09T04:06:39.928+0000] {processor.py:176} INFO - Processing /home/airflow/.local/lib/python3.7/site-packages/airflow/example_dags/example_branch_operator_decorator.py took 0.059 seconds
[2022-11-09T04:17:40.462+0000] {processor.py:154} INFO - Started process (PID=32503) to work on /home/airflow/.local/lib/python3.7/site-packages/airflow/example_dags/example_branch_operator_decorator.py
[2022-11-09T04:17:40.464+0000] {processor.py:756} INFO - Processing file /home/airflow/.local/lib/python3.7/site-packages/airflow/example_dags/example_branch_operator_decorator.py for tasks to queue
[2022-11-09T04:17:40.464+0000] {logging_mixin.py:120} INFO - [2022-11-09T04:17:40.464+0000] {dagbag.py:537} INFO - Filling up the DagBag from /home/airflow/.local/lib/python3.7/site-packages/airflow/example_dags/example_branch_operator_decorator.py
[2022-11-09T04:17:40.493+0000] {processor.py:766} INFO - DAG(s) dict_keys(['example_branch_python_operator_decorator']) retrieved from /home/airflow/.local/lib/python3.7/site-packages/airflow/example_dags/example_branch_operator_decorator.py
[2022-11-09T04:17:40.546+0000] {logging_mixin.py:120} INFO - [2022-11-09T04:17:40.546+0000] {dag.py:2585} INFO - Sync 1 DAGs
[2022-11-09T04:17:40.574+0000] {logging_mixin.py:120} INFO - [2022-11-09T04:17:40.574+0000] {dag.py:3340} INFO - Setting next_dagrun for example_branch_python_operator_decorator to 2022-11-08T00:00:00+00:00, run_after=2022-11-09T00:00:00+00:00
[2022-11-09T04:17:40.603+0000] {processor.py:176} INFO - Processing /home/airflow/.local/lib/python3.7/site-packages/airflow/example_dags/example_branch_operator_decorator.py took 0.143 seconds
[2022-11-09T04:18:10.696+0000] {processor.py:154} INFO - Started process (PID=32560) to work on /home/airflow/.local/lib/python3.7/site-packages/airflow/example_dags/example_branch_operator_decorator.py
[2022-11-09T04:18:10.697+0000] {processor.py:756} INFO - Processing file /home/airflow/.local/lib/python3.7/site-packages/airflow/example_dags/example_branch_operator_decorator.py for tasks to queue
[2022-11-09T04:18:10.697+0000] {logging_mixin.py:120} INFO - [2022-11-09T04:18:10.697+0000] {dagbag.py:537} INFO - Filling up the DagBag from /home/airflow/.local/lib/python3.7/site-packages/airflow/example_dags/example_branch_operator_decorator.py
[2022-11-09T04:18:10.710+0000] {processor.py:766} INFO - DAG(s) dict_keys(['example_branch_python_operator_decorator']) retrieved from /home/airflow/.local/lib/python3.7/site-packages/airflow/example_dags/example_branch_operator_decorator.py
[2022-11-09T04:18:10.731+0000] {logging_mixin.py:120} INFO - [2022-11-09T04:18:10.731+0000] {dag.py:2585} INFO - Sync 1 DAGs
[2022-11-09T04:18:10.743+0000] {logging_mixin.py:120} INFO - [2022-11-09T04:18:10.743+0000] {dag.py:3340} INFO - Setting next_dagrun for example_branch_python_operator_decorator to 2022-11-08T00:00:00+00:00, run_after=2022-11-09T00:00:00+00:00
[2022-11-09T04:18:10.753+0000] {processor.py:176} INFO - Processing /home/airflow/.local/lib/python3.7/site-packages/airflow/example_dags/example_branch_operator_decorator.py took 0.059 seconds
[2022-11-09T04:18:41.673+0000] {processor.py:154} INFO - Started process (PID=32627) to work on /home/airflow/.local/lib/python3.7/site-packages/airflow/example_dags/example_branch_operator_decorator.py
[2022-11-09T04:18:41.673+0000] {processor.py:756} INFO - Processing file /home/airflow/.local/lib/python3.7/site-packages/airflow/example_dags/example_branch_operator_decorator.py for tasks to queue
[2022-11-09T04:18:41.674+0000] {logging_mixin.py:120} INFO - [2022-11-09T04:18:41.673+0000] {dagbag.py:537} INFO - Filling up the DagBag from /home/airflow/.local/lib/python3.7/site-packages/airflow/example_dags/example_branch_operator_decorator.py
[2022-11-09T04:18:41.687+0000] {processor.py:766} INFO - DAG(s) dict_keys(['example_branch_python_operator_decorator']) retrieved from /home/airflow/.local/lib/python3.7/site-packages/airflow/example_dags/example_branch_operator_decorator.py
[2022-11-09T04:18:41.710+0000] {logging_mixin.py:120} INFO - [2022-11-09T04:18:41.709+0000] {dag.py:2585} INFO - Sync 1 DAGs
[2022-11-09T04:18:41.725+0000] {logging_mixin.py:120} INFO - [2022-11-09T04:18:41.725+0000] {dag.py:3340} INFO - Setting next_dagrun for example_branch_python_operator_decorator to 2022-11-08T00:00:00+00:00, run_after=2022-11-09T00:00:00+00:00
[2022-11-09T04:18:41.735+0000] {processor.py:176} INFO - Processing /home/airflow/.local/lib/python3.7/site-packages/airflow/example_dags/example_branch_operator_decorator.py took 0.065 seconds
[2022-11-09T04:19:12.773+0000] {processor.py:154} INFO - Started process (PID=32693) to work on /home/airflow/.local/lib/python3.7/site-packages/airflow/example_dags/example_branch_operator_decorator.py
[2022-11-09T04:19:12.773+0000] {processor.py:756} INFO - Processing file /home/airflow/.local/lib/python3.7/site-packages/airflow/example_dags/example_branch_operator_decorator.py for tasks to queue
[2022-11-09T04:19:12.774+0000] {logging_mixin.py:120} INFO - [2022-11-09T04:19:12.774+0000] {dagbag.py:537} INFO - Filling up the DagBag from /home/airflow/.local/lib/python3.7/site-packages/airflow/example_dags/example_branch_operator_decorator.py
[2022-11-09T04:19:12.787+0000] {processor.py:766} INFO - DAG(s) dict_keys(['example_branch_python_operator_decorator']) retrieved from /home/airflow/.local/lib/python3.7/site-packages/airflow/example_dags/example_branch_operator_decorator.py
[2022-11-09T04:19:12.810+0000] {logging_mixin.py:120} INFO - [2022-11-09T04:19:12.810+0000] {dag.py:2585} INFO - Sync 1 DAGs
[2022-11-09T04:19:12.824+0000] {logging_mixin.py:120} INFO - [2022-11-09T04:19:12.824+0000] {dag.py:3340} INFO - Setting next_dagrun for example_branch_python_operator_decorator to 2022-11-08T00:00:00+00:00, run_after=2022-11-09T00:00:00+00:00
[2022-11-09T04:19:12.836+0000] {processor.py:176} INFO - Processing /home/airflow/.local/lib/python3.7/site-packages/airflow/example_dags/example_branch_operator_decorator.py took 0.065 seconds
[2022-11-09T04:19:43.640+0000] {processor.py:154} INFO - Started process (PID=32760) to work on /home/airflow/.local/lib/python3.7/site-packages/airflow/example_dags/example_branch_operator_decorator.py
[2022-11-09T04:19:43.641+0000] {processor.py:756} INFO - Processing file /home/airflow/.local/lib/python3.7/site-packages/airflow/example_dags/example_branch_operator_decorator.py for tasks to queue
[2022-11-09T04:19:43.642+0000] {logging_mixin.py:120} INFO - [2022-11-09T04:19:43.642+0000] {dagbag.py:537} INFO - Filling up the DagBag from /home/airflow/.local/lib/python3.7/site-packages/airflow/example_dags/example_branch_operator_decorator.py
[2022-11-09T04:19:43.657+0000] {processor.py:766} INFO - DAG(s) dict_keys(['example_branch_python_operator_decorator']) retrieved from /home/airflow/.local/lib/python3.7/site-packages/airflow/example_dags/example_branch_operator_decorator.py
[2022-11-09T04:19:43.682+0000] {logging_mixin.py:120} INFO - [2022-11-09T04:19:43.682+0000] {dag.py:2585} INFO - Sync 1 DAGs
[2022-11-09T04:19:43.697+0000] {logging_mixin.py:120} INFO - [2022-11-09T04:19:43.697+0000] {dag.py:3340} INFO - Setting next_dagrun for example_branch_python_operator_decorator to 2022-11-08T00:00:00+00:00, run_after=2022-11-09T00:00:00+00:00
[2022-11-09T04:19:43.710+0000] {processor.py:176} INFO - Processing /home/airflow/.local/lib/python3.7/site-packages/airflow/example_dags/example_branch_operator_decorator.py took 0.072 seconds
