[2022-11-09T00:12:01.689+0000] {processor.py:154} INFO - Started process (PID=30714) to work on /home/airflow/.local/lib/python3.7/site-packages/airflow/example_dags/example_branch_operator.py
[2022-11-09T00:12:01.691+0000] {processor.py:756} INFO - Processing file /home/airflow/.local/lib/python3.7/site-packages/airflow/example_dags/example_branch_operator.py for tasks to queue
[2022-11-09T00:12:01.692+0000] {logging_mixin.py:120} INFO - [2022-11-09T00:12:01.692+0000] {dagbag.py:537} INFO - Filling up the DagBag from /home/airflow/.local/lib/python3.7/site-packages/airflow/example_dags/example_branch_operator.py
[2022-11-09T00:12:01.702+0000] {processor.py:766} INFO - DAG(s) dict_keys(['example_branch_operator']) retrieved from /home/airflow/.local/lib/python3.7/site-packages/airflow/example_dags/example_branch_operator.py
[2022-11-09T00:12:01.731+0000] {logging_mixin.py:120} INFO - [2022-11-09T00:12:01.730+0000] {dag.py:2585} INFO - Sync 1 DAGs
[2022-11-09T00:12:01.750+0000] {logging_mixin.py:120} INFO - [2022-11-09T00:12:01.750+0000] {dag.py:3340} INFO - Setting next_dagrun for example_branch_operator to 2022-11-08T00:00:00+00:00, run_after=2022-11-09T00:00:00+00:00
[2022-11-09T00:12:01.778+0000] {processor.py:176} INFO - Processing /home/airflow/.local/lib/python3.7/site-packages/airflow/example_dags/example_branch_operator.py took 0.092 seconds
[2022-11-09T00:27:34.908+0000] {processor.py:154} INFO - Started process (PID=30761) to work on /home/airflow/.local/lib/python3.7/site-packages/airflow/example_dags/example_branch_operator.py
[2022-11-09T00:27:34.908+0000] {processor.py:756} INFO - Processing file /home/airflow/.local/lib/python3.7/site-packages/airflow/example_dags/example_branch_operator.py for tasks to queue
[2022-11-09T00:27:34.909+0000] {logging_mixin.py:120} INFO - [2022-11-09T00:27:34.909+0000] {dagbag.py:537} INFO - Filling up the DagBag from /home/airflow/.local/lib/python3.7/site-packages/airflow/example_dags/example_branch_operator.py
[2022-11-09T00:27:34.926+0000] {processor.py:766} INFO - DAG(s) dict_keys(['example_branch_operator']) retrieved from /home/airflow/.local/lib/python3.7/site-packages/airflow/example_dags/example_branch_operator.py
[2022-11-09T00:27:34.978+0000] {logging_mixin.py:120} INFO - [2022-11-09T00:27:34.978+0000] {dag.py:2585} INFO - Sync 1 DAGs
[2022-11-09T00:27:34.995+0000] {logging_mixin.py:120} INFO - [2022-11-09T00:27:34.995+0000] {dag.py:3340} INFO - Setting next_dagrun for example_branch_operator to 2022-11-08T00:00:00+00:00, run_after=2022-11-09T00:00:00+00:00
[2022-11-09T00:27:35.019+0000] {processor.py:176} INFO - Processing /home/airflow/.local/lib/python3.7/site-packages/airflow/example_dags/example_branch_operator.py took 0.113 seconds
[2022-11-09T01:00:49.054+0000] {processor.py:154} INFO - Started process (PID=30811) to work on /home/airflow/.local/lib/python3.7/site-packages/airflow/example_dags/example_branch_operator.py
[2022-11-09T01:00:49.054+0000] {processor.py:756} INFO - Processing file /home/airflow/.local/lib/python3.7/site-packages/airflow/example_dags/example_branch_operator.py for tasks to queue
[2022-11-09T01:00:49.055+0000] {logging_mixin.py:120} INFO - [2022-11-09T01:00:49.055+0000] {dagbag.py:537} INFO - Filling up the DagBag from /home/airflow/.local/lib/python3.7/site-packages/airflow/example_dags/example_branch_operator.py
[2022-11-09T01:00:49.067+0000] {processor.py:766} INFO - DAG(s) dict_keys(['example_branch_operator']) retrieved from /home/airflow/.local/lib/python3.7/site-packages/airflow/example_dags/example_branch_operator.py
[2022-11-09T01:00:49.091+0000] {logging_mixin.py:120} INFO - [2022-11-09T01:00:49.091+0000] {dag.py:2585} INFO - Sync 1 DAGs
[2022-11-09T01:00:49.105+0000] {logging_mixin.py:120} INFO - [2022-11-09T01:00:49.105+0000] {dag.py:3340} INFO - Setting next_dagrun for example_branch_operator to 2022-11-08T00:00:00+00:00, run_after=2022-11-09T00:00:00+00:00
[2022-11-09T01:00:49.114+0000] {processor.py:176} INFO - Processing /home/airflow/.local/lib/python3.7/site-packages/airflow/example_dags/example_branch_operator.py took 0.063 seconds
[2022-11-09T01:34:44.903+0000] {processor.py:154} INFO - Started process (PID=30859) to work on /home/airflow/.local/lib/python3.7/site-packages/airflow/example_dags/example_branch_operator.py
[2022-11-09T01:34:44.904+0000] {processor.py:756} INFO - Processing file /home/airflow/.local/lib/python3.7/site-packages/airflow/example_dags/example_branch_operator.py for tasks to queue
[2022-11-09T01:34:44.906+0000] {logging_mixin.py:120} INFO - [2022-11-09T01:34:44.904+0000] {dagbag.py:537} INFO - Filling up the DagBag from /home/airflow/.local/lib/python3.7/site-packages/airflow/example_dags/example_branch_operator.py
[2022-11-09T01:34:44.930+0000] {processor.py:766} INFO - DAG(s) dict_keys(['example_branch_operator']) retrieved from /home/airflow/.local/lib/python3.7/site-packages/airflow/example_dags/example_branch_operator.py
[2022-11-09T01:34:44.994+0000] {logging_mixin.py:120} INFO - [2022-11-09T01:34:44.994+0000] {dag.py:2585} INFO - Sync 1 DAGs
[2022-11-09T01:34:45.028+0000] {logging_mixin.py:120} INFO - [2022-11-09T01:34:45.028+0000] {dag.py:3340} INFO - Setting next_dagrun for example_branch_operator to 2022-11-08T00:00:00+00:00, run_after=2022-11-09T00:00:00+00:00
[2022-11-09T01:34:45.056+0000] {processor.py:176} INFO - Processing /home/airflow/.local/lib/python3.7/site-packages/airflow/example_dags/example_branch_operator.py took 0.154 seconds
[2022-11-09T01:50:25.017+0000] {processor.py:154} INFO - Started process (PID=30906) to work on /home/airflow/.local/lib/python3.7/site-packages/airflow/example_dags/example_branch_operator.py
[2022-11-09T01:50:25.018+0000] {processor.py:756} INFO - Processing file /home/airflow/.local/lib/python3.7/site-packages/airflow/example_dags/example_branch_operator.py for tasks to queue
[2022-11-09T01:50:25.019+0000] {logging_mixin.py:120} INFO - [2022-11-09T01:50:25.019+0000] {dagbag.py:537} INFO - Filling up the DagBag from /home/airflow/.local/lib/python3.7/site-packages/airflow/example_dags/example_branch_operator.py
[2022-11-09T01:50:25.033+0000] {processor.py:766} INFO - DAG(s) dict_keys(['example_branch_operator']) retrieved from /home/airflow/.local/lib/python3.7/site-packages/airflow/example_dags/example_branch_operator.py
[2022-11-09T01:50:25.072+0000] {logging_mixin.py:120} INFO - [2022-11-09T01:50:25.072+0000] {dag.py:2585} INFO - Sync 1 DAGs
[2022-11-09T01:50:25.090+0000] {logging_mixin.py:120} INFO - [2022-11-09T01:50:25.090+0000] {dag.py:3340} INFO - Setting next_dagrun for example_branch_operator to 2022-11-08T00:00:00+00:00, run_after=2022-11-09T00:00:00+00:00
[2022-11-09T01:50:25.100+0000] {processor.py:176} INFO - Processing /home/airflow/.local/lib/python3.7/site-packages/airflow/example_dags/example_branch_operator.py took 0.085 seconds
[2022-11-09T01:55:24.073+0000] {processor.py:154} INFO - Started process (PID=30954) to work on /home/airflow/.local/lib/python3.7/site-packages/airflow/example_dags/example_branch_operator.py
[2022-11-09T01:55:24.075+0000] {processor.py:756} INFO - Processing file /home/airflow/.local/lib/python3.7/site-packages/airflow/example_dags/example_branch_operator.py for tasks to queue
[2022-11-09T01:55:24.075+0000] {logging_mixin.py:120} INFO - [2022-11-09T01:55:24.075+0000] {dagbag.py:537} INFO - Filling up the DagBag from /home/airflow/.local/lib/python3.7/site-packages/airflow/example_dags/example_branch_operator.py
[2022-11-09T01:55:24.086+0000] {processor.py:766} INFO - DAG(s) dict_keys(['example_branch_operator']) retrieved from /home/airflow/.local/lib/python3.7/site-packages/airflow/example_dags/example_branch_operator.py
[2022-11-09T01:55:24.111+0000] {logging_mixin.py:120} INFO - [2022-11-09T01:55:24.111+0000] {dag.py:2585} INFO - Sync 1 DAGs
[2022-11-09T01:55:24.131+0000] {logging_mixin.py:120} INFO - [2022-11-09T01:55:24.131+0000] {dag.py:3340} INFO - Setting next_dagrun for example_branch_operator to 2022-11-08T00:00:00+00:00, run_after=2022-11-09T00:00:00+00:00
[2022-11-09T01:55:24.145+0000] {processor.py:176} INFO - Processing /home/airflow/.local/lib/python3.7/site-packages/airflow/example_dags/example_branch_operator.py took 0.075 seconds
[2022-11-09T02:10:49.662+0000] {processor.py:154} INFO - Started process (PID=31001) to work on /home/airflow/.local/lib/python3.7/site-packages/airflow/example_dags/example_branch_operator.py
[2022-11-09T02:10:49.662+0000] {processor.py:756} INFO - Processing file /home/airflow/.local/lib/python3.7/site-packages/airflow/example_dags/example_branch_operator.py for tasks to queue
[2022-11-09T02:10:49.662+0000] {logging_mixin.py:120} INFO - [2022-11-09T02:10:49.662+0000] {dagbag.py:537} INFO - Filling up the DagBag from /home/airflow/.local/lib/python3.7/site-packages/airflow/example_dags/example_branch_operator.py
[2022-11-09T02:10:49.673+0000] {processor.py:766} INFO - DAG(s) dict_keys(['example_branch_operator']) retrieved from /home/airflow/.local/lib/python3.7/site-packages/airflow/example_dags/example_branch_operator.py
[2022-11-09T02:10:49.699+0000] {logging_mixin.py:120} INFO - [2022-11-09T02:10:49.699+0000] {dag.py:2585} INFO - Sync 1 DAGs
[2022-11-09T02:10:49.714+0000] {logging_mixin.py:120} INFO - [2022-11-09T02:10:49.714+0000] {dag.py:3340} INFO - Setting next_dagrun for example_branch_operator to 2022-11-08T00:00:00+00:00, run_after=2022-11-09T00:00:00+00:00
[2022-11-09T02:10:49.742+0000] {processor.py:176} INFO - Processing /home/airflow/.local/lib/python3.7/site-packages/airflow/example_dags/example_branch_operator.py took 0.083 seconds
[2022-11-09T02:26:24.265+0000] {processor.py:154} INFO - Started process (PID=31048) to work on /home/airflow/.local/lib/python3.7/site-packages/airflow/example_dags/example_branch_operator.py
[2022-11-09T02:26:24.266+0000] {processor.py:756} INFO - Processing file /home/airflow/.local/lib/python3.7/site-packages/airflow/example_dags/example_branch_operator.py for tasks to queue
[2022-11-09T02:26:24.266+0000] {logging_mixin.py:120} INFO - [2022-11-09T02:26:24.266+0000] {dagbag.py:537} INFO - Filling up the DagBag from /home/airflow/.local/lib/python3.7/site-packages/airflow/example_dags/example_branch_operator.py
[2022-11-09T02:26:24.292+0000] {processor.py:766} INFO - DAG(s) dict_keys(['example_branch_operator']) retrieved from /home/airflow/.local/lib/python3.7/site-packages/airflow/example_dags/example_branch_operator.py
[2022-11-09T02:26:24.353+0000] {logging_mixin.py:120} INFO - [2022-11-09T02:26:24.352+0000] {dag.py:2585} INFO - Sync 1 DAGs
[2022-11-09T02:26:24.392+0000] {logging_mixin.py:120} INFO - [2022-11-09T02:26:24.392+0000] {dag.py:3340} INFO - Setting next_dagrun for example_branch_operator to 2022-11-08T00:00:00+00:00, run_after=2022-11-09T00:00:00+00:00
[2022-11-09T02:26:24.419+0000] {processor.py:176} INFO - Processing /home/airflow/.local/lib/python3.7/site-packages/airflow/example_dags/example_branch_operator.py took 0.157 seconds
[2022-11-09T02:44:01.905+0000] {processor.py:154} INFO - Started process (PID=31096) to work on /home/airflow/.local/lib/python3.7/site-packages/airflow/example_dags/example_branch_operator.py
[2022-11-09T02:44:01.907+0000] {processor.py:756} INFO - Processing file /home/airflow/.local/lib/python3.7/site-packages/airflow/example_dags/example_branch_operator.py for tasks to queue
[2022-11-09T02:44:01.909+0000] {logging_mixin.py:120} INFO - [2022-11-09T02:44:01.909+0000] {dagbag.py:537} INFO - Filling up the DagBag from /home/airflow/.local/lib/python3.7/site-packages/airflow/example_dags/example_branch_operator.py
[2022-11-09T02:44:01.930+0000] {processor.py:766} INFO - DAG(s) dict_keys(['example_branch_operator']) retrieved from /home/airflow/.local/lib/python3.7/site-packages/airflow/example_dags/example_branch_operator.py
[2022-11-09T02:44:01.977+0000] {logging_mixin.py:120} INFO - [2022-11-09T02:44:01.977+0000] {dag.py:2585} INFO - Sync 1 DAGs
[2022-11-09T02:44:02.000+0000] {logging_mixin.py:120} INFO - [2022-11-09T02:44:02.000+0000] {dag.py:3340} INFO - Setting next_dagrun for example_branch_operator to 2022-11-08T00:00:00+00:00, run_after=2022-11-09T00:00:00+00:00
[2022-11-09T02:44:02.017+0000] {processor.py:176} INFO - Processing /home/airflow/.local/lib/python3.7/site-packages/airflow/example_dags/example_branch_operator.py took 0.114 seconds
[2022-11-09T03:01:03.389+0000] {processor.py:154} INFO - Started process (PID=31155) to work on /home/airflow/.local/lib/python3.7/site-packages/airflow/example_dags/example_branch_operator.py
[2022-11-09T03:01:03.390+0000] {processor.py:756} INFO - Processing file /home/airflow/.local/lib/python3.7/site-packages/airflow/example_dags/example_branch_operator.py for tasks to queue
[2022-11-09T03:01:03.390+0000] {logging_mixin.py:120} INFO - [2022-11-09T03:01:03.390+0000] {dagbag.py:537} INFO - Filling up the DagBag from /home/airflow/.local/lib/python3.7/site-packages/airflow/example_dags/example_branch_operator.py
[2022-11-09T03:01:03.401+0000] {processor.py:766} INFO - DAG(s) dict_keys(['example_branch_operator']) retrieved from /home/airflow/.local/lib/python3.7/site-packages/airflow/example_dags/example_branch_operator.py
[2022-11-09T03:01:03.422+0000] {logging_mixin.py:120} INFO - [2022-11-09T03:01:03.421+0000] {dag.py:2585} INFO - Sync 1 DAGs
[2022-11-09T03:01:03.436+0000] {logging_mixin.py:120} INFO - [2022-11-09T03:01:03.436+0000] {dag.py:3340} INFO - Setting next_dagrun for example_branch_operator to 2022-11-08T00:00:00+00:00, run_after=2022-11-09T00:00:00+00:00
[2022-11-09T03:01:03.447+0000] {processor.py:176} INFO - Processing /home/airflow/.local/lib/python3.7/site-packages/airflow/example_dags/example_branch_operator.py took 0.060 seconds
[2022-11-09T03:03:53.409+0000] {processor.py:154} INFO - Started process (PID=31220) to work on /home/airflow/.local/lib/python3.7/site-packages/airflow/example_dags/example_branch_operator.py
[2022-11-09T03:03:53.410+0000] {processor.py:756} INFO - Processing file /home/airflow/.local/lib/python3.7/site-packages/airflow/example_dags/example_branch_operator.py for tasks to queue
[2022-11-09T03:03:53.410+0000] {logging_mixin.py:120} INFO - [2022-11-09T03:03:53.410+0000] {dagbag.py:537} INFO - Filling up the DagBag from /home/airflow/.local/lib/python3.7/site-packages/airflow/example_dags/example_branch_operator.py
[2022-11-09T03:03:53.421+0000] {processor.py:766} INFO - DAG(s) dict_keys(['example_branch_operator']) retrieved from /home/airflow/.local/lib/python3.7/site-packages/airflow/example_dags/example_branch_operator.py
[2022-11-09T03:03:53.443+0000] {logging_mixin.py:120} INFO - [2022-11-09T03:03:53.443+0000] {dag.py:2585} INFO - Sync 1 DAGs
[2022-11-09T03:03:53.458+0000] {logging_mixin.py:120} INFO - [2022-11-09T03:03:53.458+0000] {dag.py:3340} INFO - Setting next_dagrun for example_branch_operator to 2022-11-08T00:00:00+00:00, run_after=2022-11-09T00:00:00+00:00
[2022-11-09T03:03:53.468+0000] {processor.py:176} INFO - Processing /home/airflow/.local/lib/python3.7/site-packages/airflow/example_dags/example_branch_operator.py took 0.061 seconds
[2022-11-09T03:19:28.955+0000] {processor.py:154} INFO - Started process (PID=31267) to work on /home/airflow/.local/lib/python3.7/site-packages/airflow/example_dags/example_branch_operator.py
[2022-11-09T03:19:28.956+0000] {processor.py:756} INFO - Processing file /home/airflow/.local/lib/python3.7/site-packages/airflow/example_dags/example_branch_operator.py for tasks to queue
[2022-11-09T03:19:28.957+0000] {logging_mixin.py:120} INFO - [2022-11-09T03:19:28.956+0000] {dagbag.py:537} INFO - Filling up the DagBag from /home/airflow/.local/lib/python3.7/site-packages/airflow/example_dags/example_branch_operator.py
[2022-11-09T03:19:28.968+0000] {processor.py:766} INFO - DAG(s) dict_keys(['example_branch_operator']) retrieved from /home/airflow/.local/lib/python3.7/site-packages/airflow/example_dags/example_branch_operator.py
[2022-11-09T03:19:28.992+0000] {logging_mixin.py:120} INFO - [2022-11-09T03:19:28.992+0000] {dag.py:2585} INFO - Sync 1 DAGs
[2022-11-09T03:19:29.007+0000] {logging_mixin.py:120} INFO - [2022-11-09T03:19:29.006+0000] {dag.py:3340} INFO - Setting next_dagrun for example_branch_operator to 2022-11-08T00:00:00+00:00, run_after=2022-11-09T00:00:00+00:00
[2022-11-09T03:19:29.017+0000] {processor.py:176} INFO - Processing /home/airflow/.local/lib/python3.7/site-packages/airflow/example_dags/example_branch_operator.py took 0.063 seconds
[2022-11-09T03:35:52.658+0000] {processor.py:154} INFO - Started process (PID=31325) to work on /home/airflow/.local/lib/python3.7/site-packages/airflow/example_dags/example_branch_operator.py
[2022-11-09T03:35:52.659+0000] {processor.py:756} INFO - Processing file /home/airflow/.local/lib/python3.7/site-packages/airflow/example_dags/example_branch_operator.py for tasks to queue
[2022-11-09T03:35:52.660+0000] {logging_mixin.py:120} INFO - [2022-11-09T03:35:52.660+0000] {dagbag.py:537} INFO - Filling up the DagBag from /home/airflow/.local/lib/python3.7/site-packages/airflow/example_dags/example_branch_operator.py
[2022-11-09T03:35:52.673+0000] {processor.py:766} INFO - DAG(s) dict_keys(['example_branch_operator']) retrieved from /home/airflow/.local/lib/python3.7/site-packages/airflow/example_dags/example_branch_operator.py
[2022-11-09T03:35:52.715+0000] {logging_mixin.py:120} INFO - [2022-11-09T03:35:52.714+0000] {dag.py:2585} INFO - Sync 1 DAGs
[2022-11-09T03:35:52.735+0000] {logging_mixin.py:120} INFO - [2022-11-09T03:35:52.735+0000] {dag.py:3340} INFO - Setting next_dagrun for example_branch_operator to 2022-11-08T00:00:00+00:00, run_after=2022-11-09T00:00:00+00:00
[2022-11-09T03:35:52.757+0000] {processor.py:176} INFO - Processing /home/airflow/.local/lib/python3.7/site-packages/airflow/example_dags/example_branch_operator.py took 0.101 seconds
[2022-11-09T03:58:28.931+0000] {processor.py:154} INFO - Started process (PID=31372) to work on /home/airflow/.local/lib/python3.7/site-packages/airflow/example_dags/example_branch_operator.py
[2022-11-09T03:58:28.936+0000] {processor.py:756} INFO - Processing file /home/airflow/.local/lib/python3.7/site-packages/airflow/example_dags/example_branch_operator.py for tasks to queue
[2022-11-09T03:58:28.937+0000] {logging_mixin.py:120} INFO - [2022-11-09T03:58:28.937+0000] {dagbag.py:537} INFO - Filling up the DagBag from /home/airflow/.local/lib/python3.7/site-packages/airflow/example_dags/example_branch_operator.py
[2022-11-09T03:58:28.978+0000] {processor.py:766} INFO - DAG(s) dict_keys(['example_branch_operator']) retrieved from /home/airflow/.local/lib/python3.7/site-packages/airflow/example_dags/example_branch_operator.py
[2022-11-09T03:58:29.062+0000] {logging_mixin.py:120} INFO - [2022-11-09T03:58:29.062+0000] {dag.py:2585} INFO - Sync 1 DAGs
[2022-11-09T03:58:29.091+0000] {logging_mixin.py:120} INFO - [2022-11-09T03:58:29.091+0000] {dag.py:3340} INFO - Setting next_dagrun for example_branch_operator to 2022-11-08T00:00:00+00:00, run_after=2022-11-09T00:00:00+00:00
[2022-11-09T03:58:29.175+0000] {processor.py:176} INFO - Processing /home/airflow/.local/lib/python3.7/site-packages/airflow/example_dags/example_branch_operator.py took 0.247 seconds
[2022-11-09T03:58:59.314+0000] {processor.py:154} INFO - Started process (PID=31442) to work on /home/airflow/.local/lib/python3.7/site-packages/airflow/example_dags/example_branch_operator.py
[2022-11-09T03:58:59.314+0000] {processor.py:756} INFO - Processing file /home/airflow/.local/lib/python3.7/site-packages/airflow/example_dags/example_branch_operator.py for tasks to queue
[2022-11-09T03:58:59.315+0000] {logging_mixin.py:120} INFO - [2022-11-09T03:58:59.315+0000] {dagbag.py:537} INFO - Filling up the DagBag from /home/airflow/.local/lib/python3.7/site-packages/airflow/example_dags/example_branch_operator.py
[2022-11-09T03:58:59.325+0000] {processor.py:766} INFO - DAG(s) dict_keys(['example_branch_operator']) retrieved from /home/airflow/.local/lib/python3.7/site-packages/airflow/example_dags/example_branch_operator.py
[2022-11-09T03:58:59.350+0000] {logging_mixin.py:120} INFO - [2022-11-09T03:58:59.350+0000] {dag.py:2585} INFO - Sync 1 DAGs
[2022-11-09T03:58:59.366+0000] {logging_mixin.py:120} INFO - [2022-11-09T03:58:59.366+0000] {dag.py:3340} INFO - Setting next_dagrun for example_branch_operator to 2022-11-08T00:00:00+00:00, run_after=2022-11-09T00:00:00+00:00
[2022-11-09T03:58:59.377+0000] {processor.py:176} INFO - Processing /home/airflow/.local/lib/python3.7/site-packages/airflow/example_dags/example_branch_operator.py took 0.065 seconds
[2022-11-09T03:59:30.262+0000] {processor.py:154} INFO - Started process (PID=31514) to work on /home/airflow/.local/lib/python3.7/site-packages/airflow/example_dags/example_branch_operator.py
[2022-11-09T03:59:30.263+0000] {processor.py:756} INFO - Processing file /home/airflow/.local/lib/python3.7/site-packages/airflow/example_dags/example_branch_operator.py for tasks to queue
[2022-11-09T03:59:30.263+0000] {logging_mixin.py:120} INFO - [2022-11-09T03:59:30.263+0000] {dagbag.py:537} INFO - Filling up the DagBag from /home/airflow/.local/lib/python3.7/site-packages/airflow/example_dags/example_branch_operator.py
[2022-11-09T03:59:30.273+0000] {processor.py:766} INFO - DAG(s) dict_keys(['example_branch_operator']) retrieved from /home/airflow/.local/lib/python3.7/site-packages/airflow/example_dags/example_branch_operator.py
[2022-11-09T03:59:30.296+0000] {logging_mixin.py:120} INFO - [2022-11-09T03:59:30.296+0000] {dag.py:2585} INFO - Sync 1 DAGs
[2022-11-09T03:59:30.309+0000] {logging_mixin.py:120} INFO - [2022-11-09T03:59:30.309+0000] {dag.py:3340} INFO - Setting next_dagrun for example_branch_operator to 2022-11-08T00:00:00+00:00, run_after=2022-11-09T00:00:00+00:00
[2022-11-09T03:59:30.324+0000] {processor.py:176} INFO - Processing /home/airflow/.local/lib/python3.7/site-packages/airflow/example_dags/example_branch_operator.py took 0.064 seconds
[2022-11-09T04:00:01.165+0000] {processor.py:154} INFO - Started process (PID=31580) to work on /home/airflow/.local/lib/python3.7/site-packages/airflow/example_dags/example_branch_operator.py
[2022-11-09T04:00:01.166+0000] {processor.py:756} INFO - Processing file /home/airflow/.local/lib/python3.7/site-packages/airflow/example_dags/example_branch_operator.py for tasks to queue
[2022-11-09T04:00:01.167+0000] {logging_mixin.py:120} INFO - [2022-11-09T04:00:01.167+0000] {dagbag.py:537} INFO - Filling up the DagBag from /home/airflow/.local/lib/python3.7/site-packages/airflow/example_dags/example_branch_operator.py
[2022-11-09T04:00:01.176+0000] {processor.py:766} INFO - DAG(s) dict_keys(['example_branch_operator']) retrieved from /home/airflow/.local/lib/python3.7/site-packages/airflow/example_dags/example_branch_operator.py
[2022-11-09T04:00:01.200+0000] {logging_mixin.py:120} INFO - [2022-11-09T04:00:01.200+0000] {dag.py:2585} INFO - Sync 1 DAGs
[2022-11-09T04:00:01.213+0000] {logging_mixin.py:120} INFO - [2022-11-09T04:00:01.213+0000] {dag.py:3340} INFO - Setting next_dagrun for example_branch_operator to 2022-11-08T00:00:00+00:00, run_after=2022-11-09T00:00:00+00:00
[2022-11-09T04:00:01.229+0000] {processor.py:176} INFO - Processing /home/airflow/.local/lib/python3.7/site-packages/airflow/example_dags/example_branch_operator.py took 0.066 seconds
[2022-11-09T04:00:32.157+0000] {processor.py:154} INFO - Started process (PID=31647) to work on /home/airflow/.local/lib/python3.7/site-packages/airflow/example_dags/example_branch_operator.py
[2022-11-09T04:00:32.158+0000] {processor.py:756} INFO - Processing file /home/airflow/.local/lib/python3.7/site-packages/airflow/example_dags/example_branch_operator.py for tasks to queue
[2022-11-09T04:00:32.158+0000] {logging_mixin.py:120} INFO - [2022-11-09T04:00:32.158+0000] {dagbag.py:537} INFO - Filling up the DagBag from /home/airflow/.local/lib/python3.7/site-packages/airflow/example_dags/example_branch_operator.py
[2022-11-09T04:00:32.169+0000] {processor.py:766} INFO - DAG(s) dict_keys(['example_branch_operator']) retrieved from /home/airflow/.local/lib/python3.7/site-packages/airflow/example_dags/example_branch_operator.py
[2022-11-09T04:00:32.194+0000] {logging_mixin.py:120} INFO - [2022-11-09T04:00:32.194+0000] {dag.py:2585} INFO - Sync 1 DAGs
[2022-11-09T04:00:32.208+0000] {logging_mixin.py:120} INFO - [2022-11-09T04:00:32.208+0000] {dag.py:3340} INFO - Setting next_dagrun for example_branch_operator to 2022-11-08T00:00:00+00:00, run_after=2022-11-09T00:00:00+00:00
[2022-11-09T04:00:32.220+0000] {processor.py:176} INFO - Processing /home/airflow/.local/lib/python3.7/site-packages/airflow/example_dags/example_branch_operator.py took 0.065 seconds
[2022-11-09T04:01:02.374+0000] {processor.py:154} INFO - Started process (PID=31702) to work on /home/airflow/.local/lib/python3.7/site-packages/airflow/example_dags/example_branch_operator.py
[2022-11-09T04:01:02.375+0000] {processor.py:756} INFO - Processing file /home/airflow/.local/lib/python3.7/site-packages/airflow/example_dags/example_branch_operator.py for tasks to queue
[2022-11-09T04:01:02.375+0000] {logging_mixin.py:120} INFO - [2022-11-09T04:01:02.375+0000] {dagbag.py:537} INFO - Filling up the DagBag from /home/airflow/.local/lib/python3.7/site-packages/airflow/example_dags/example_branch_operator.py
[2022-11-09T04:01:02.386+0000] {processor.py:766} INFO - DAG(s) dict_keys(['example_branch_operator']) retrieved from /home/airflow/.local/lib/python3.7/site-packages/airflow/example_dags/example_branch_operator.py
[2022-11-09T04:01:02.411+0000] {logging_mixin.py:120} INFO - [2022-11-09T04:01:02.411+0000] {dag.py:2585} INFO - Sync 1 DAGs
[2022-11-09T04:01:02.426+0000] {logging_mixin.py:120} INFO - [2022-11-09T04:01:02.426+0000] {dag.py:3340} INFO - Setting next_dagrun for example_branch_operator to 2022-11-08T00:00:00+00:00, run_after=2022-11-09T00:00:00+00:00
[2022-11-09T04:01:02.438+0000] {processor.py:176} INFO - Processing /home/airflow/.local/lib/python3.7/site-packages/airflow/example_dags/example_branch_operator.py took 0.066 seconds
[2022-11-09T04:01:32.499+0000] {processor.py:154} INFO - Started process (PID=31768) to work on /home/airflow/.local/lib/python3.7/site-packages/airflow/example_dags/example_branch_operator.py
[2022-11-09T04:01:32.499+0000] {processor.py:756} INFO - Processing file /home/airflow/.local/lib/python3.7/site-packages/airflow/example_dags/example_branch_operator.py for tasks to queue
[2022-11-09T04:01:32.500+0000] {logging_mixin.py:120} INFO - [2022-11-09T04:01:32.500+0000] {dagbag.py:537} INFO - Filling up the DagBag from /home/airflow/.local/lib/python3.7/site-packages/airflow/example_dags/example_branch_operator.py
[2022-11-09T04:01:32.509+0000] {processor.py:766} INFO - DAG(s) dict_keys(['example_branch_operator']) retrieved from /home/airflow/.local/lib/python3.7/site-packages/airflow/example_dags/example_branch_operator.py
[2022-11-09T04:01:32.534+0000] {logging_mixin.py:120} INFO - [2022-11-09T04:01:32.534+0000] {dag.py:2585} INFO - Sync 1 DAGs
[2022-11-09T04:01:32.548+0000] {logging_mixin.py:120} INFO - [2022-11-09T04:01:32.548+0000] {dag.py:3340} INFO - Setting next_dagrun for example_branch_operator to 2022-11-08T00:00:00+00:00, run_after=2022-11-09T00:00:00+00:00
[2022-11-09T04:01:32.559+0000] {processor.py:176} INFO - Processing /home/airflow/.local/lib/python3.7/site-packages/airflow/example_dags/example_branch_operator.py took 0.061 seconds
[2022-11-09T04:02:02.686+0000] {processor.py:154} INFO - Started process (PID=31838) to work on /home/airflow/.local/lib/python3.7/site-packages/airflow/example_dags/example_branch_operator.py
[2022-11-09T04:02:02.686+0000] {processor.py:756} INFO - Processing file /home/airflow/.local/lib/python3.7/site-packages/airflow/example_dags/example_branch_operator.py for tasks to queue
[2022-11-09T04:02:02.687+0000] {logging_mixin.py:120} INFO - [2022-11-09T04:02:02.687+0000] {dagbag.py:537} INFO - Filling up the DagBag from /home/airflow/.local/lib/python3.7/site-packages/airflow/example_dags/example_branch_operator.py
[2022-11-09T04:02:02.698+0000] {processor.py:766} INFO - DAG(s) dict_keys(['example_branch_operator']) retrieved from /home/airflow/.local/lib/python3.7/site-packages/airflow/example_dags/example_branch_operator.py
[2022-11-09T04:02:02.721+0000] {logging_mixin.py:120} INFO - [2022-11-09T04:02:02.720+0000] {dag.py:2585} INFO - Sync 1 DAGs
[2022-11-09T04:02:02.735+0000] {logging_mixin.py:120} INFO - [2022-11-09T04:02:02.735+0000] {dag.py:3340} INFO - Setting next_dagrun for example_branch_operator to 2022-11-08T00:00:00+00:00, run_after=2022-11-09T00:00:00+00:00
[2022-11-09T04:02:02.747+0000] {processor.py:176} INFO - Processing /home/airflow/.local/lib/python3.7/site-packages/airflow/example_dags/example_branch_operator.py took 0.064 seconds
[2022-11-09T04:02:32.795+0000] {processor.py:154} INFO - Started process (PID=31906) to work on /home/airflow/.local/lib/python3.7/site-packages/airflow/example_dags/example_branch_operator.py
[2022-11-09T04:02:32.796+0000] {processor.py:756} INFO - Processing file /home/airflow/.local/lib/python3.7/site-packages/airflow/example_dags/example_branch_operator.py for tasks to queue
[2022-11-09T04:02:32.796+0000] {logging_mixin.py:120} INFO - [2022-11-09T04:02:32.796+0000] {dagbag.py:537} INFO - Filling up the DagBag from /home/airflow/.local/lib/python3.7/site-packages/airflow/example_dags/example_branch_operator.py
[2022-11-09T04:02:32.806+0000] {processor.py:766} INFO - DAG(s) dict_keys(['example_branch_operator']) retrieved from /home/airflow/.local/lib/python3.7/site-packages/airflow/example_dags/example_branch_operator.py
[2022-11-09T04:02:32.828+0000] {logging_mixin.py:120} INFO - [2022-11-09T04:02:32.828+0000] {dag.py:2585} INFO - Sync 1 DAGs
[2022-11-09T04:02:32.843+0000] {logging_mixin.py:120} INFO - [2022-11-09T04:02:32.843+0000] {dag.py:3340} INFO - Setting next_dagrun for example_branch_operator to 2022-11-08T00:00:00+00:00, run_after=2022-11-09T00:00:00+00:00
[2022-11-09T04:02:32.864+0000] {processor.py:176} INFO - Processing /home/airflow/.local/lib/python3.7/site-packages/airflow/example_dags/example_branch_operator.py took 0.070 seconds
[2022-11-09T04:03:03.907+0000] {processor.py:154} INFO - Started process (PID=31971) to work on /home/airflow/.local/lib/python3.7/site-packages/airflow/example_dags/example_branch_operator.py
[2022-11-09T04:03:03.908+0000] {processor.py:756} INFO - Processing file /home/airflow/.local/lib/python3.7/site-packages/airflow/example_dags/example_branch_operator.py for tasks to queue
[2022-11-09T04:03:03.908+0000] {logging_mixin.py:120} INFO - [2022-11-09T04:03:03.908+0000] {dagbag.py:537} INFO - Filling up the DagBag from /home/airflow/.local/lib/python3.7/site-packages/airflow/example_dags/example_branch_operator.py
[2022-11-09T04:03:03.918+0000] {processor.py:766} INFO - DAG(s) dict_keys(['example_branch_operator']) retrieved from /home/airflow/.local/lib/python3.7/site-packages/airflow/example_dags/example_branch_operator.py
[2022-11-09T04:03:03.944+0000] {logging_mixin.py:120} INFO - [2022-11-09T04:03:03.944+0000] {dag.py:2585} INFO - Sync 1 DAGs
[2022-11-09T04:03:03.960+0000] {logging_mixin.py:120} INFO - [2022-11-09T04:03:03.960+0000] {dag.py:3340} INFO - Setting next_dagrun for example_branch_operator to 2022-11-08T00:00:00+00:00, run_after=2022-11-09T00:00:00+00:00
[2022-11-09T04:03:03.973+0000] {processor.py:176} INFO - Processing /home/airflow/.local/lib/python3.7/site-packages/airflow/example_dags/example_branch_operator.py took 0.068 seconds
[2022-11-09T04:03:34.094+0000] {processor.py:154} INFO - Started process (PID=32034) to work on /home/airflow/.local/lib/python3.7/site-packages/airflow/example_dags/example_branch_operator.py
[2022-11-09T04:03:34.095+0000] {processor.py:756} INFO - Processing file /home/airflow/.local/lib/python3.7/site-packages/airflow/example_dags/example_branch_operator.py for tasks to queue
[2022-11-09T04:03:34.095+0000] {logging_mixin.py:120} INFO - [2022-11-09T04:03:34.095+0000] {dagbag.py:537} INFO - Filling up the DagBag from /home/airflow/.local/lib/python3.7/site-packages/airflow/example_dags/example_branch_operator.py
[2022-11-09T04:03:34.113+0000] {processor.py:766} INFO - DAG(s) dict_keys(['example_branch_operator']) retrieved from /home/airflow/.local/lib/python3.7/site-packages/airflow/example_dags/example_branch_operator.py
[2022-11-09T04:03:34.159+0000] {logging_mixin.py:120} INFO - [2022-11-09T04:03:34.159+0000] {dag.py:2585} INFO - Sync 1 DAGs
[2022-11-09T04:03:34.174+0000] {logging_mixin.py:120} INFO - [2022-11-09T04:03:34.174+0000] {dag.py:3340} INFO - Setting next_dagrun for example_branch_operator to 2022-11-08T00:00:00+00:00, run_after=2022-11-09T00:00:00+00:00
[2022-11-09T04:03:34.185+0000] {processor.py:176} INFO - Processing /home/airflow/.local/lib/python3.7/site-packages/airflow/example_dags/example_branch_operator.py took 0.093 seconds
[2022-11-09T04:04:05.185+0000] {processor.py:154} INFO - Started process (PID=32096) to work on /home/airflow/.local/lib/python3.7/site-packages/airflow/example_dags/example_branch_operator.py
[2022-11-09T04:04:05.186+0000] {processor.py:756} INFO - Processing file /home/airflow/.local/lib/python3.7/site-packages/airflow/example_dags/example_branch_operator.py for tasks to queue
[2022-11-09T04:04:05.186+0000] {logging_mixin.py:120} INFO - [2022-11-09T04:04:05.186+0000] {dagbag.py:537} INFO - Filling up the DagBag from /home/airflow/.local/lib/python3.7/site-packages/airflow/example_dags/example_branch_operator.py
[2022-11-09T04:04:05.196+0000] {processor.py:766} INFO - DAG(s) dict_keys(['example_branch_operator']) retrieved from /home/airflow/.local/lib/python3.7/site-packages/airflow/example_dags/example_branch_operator.py
[2022-11-09T04:04:05.219+0000] {logging_mixin.py:120} INFO - [2022-11-09T04:04:05.219+0000] {dag.py:2585} INFO - Sync 1 DAGs
[2022-11-09T04:04:05.232+0000] {logging_mixin.py:120} INFO - [2022-11-09T04:04:05.232+0000] {dag.py:3340} INFO - Setting next_dagrun for example_branch_operator to 2022-11-08T00:00:00+00:00, run_after=2022-11-09T00:00:00+00:00
[2022-11-09T04:04:05.243+0000] {processor.py:176} INFO - Processing /home/airflow/.local/lib/python3.7/site-packages/airflow/example_dags/example_branch_operator.py took 0.060 seconds
[2022-11-09T04:04:36.314+0000] {processor.py:154} INFO - Started process (PID=32167) to work on /home/airflow/.local/lib/python3.7/site-packages/airflow/example_dags/example_branch_operator.py
[2022-11-09T04:04:36.315+0000] {processor.py:756} INFO - Processing file /home/airflow/.local/lib/python3.7/site-packages/airflow/example_dags/example_branch_operator.py for tasks to queue
[2022-11-09T04:04:36.315+0000] {logging_mixin.py:120} INFO - [2022-11-09T04:04:36.315+0000] {dagbag.py:537} INFO - Filling up the DagBag from /home/airflow/.local/lib/python3.7/site-packages/airflow/example_dags/example_branch_operator.py
[2022-11-09T04:04:36.325+0000] {processor.py:766} INFO - DAG(s) dict_keys(['example_branch_operator']) retrieved from /home/airflow/.local/lib/python3.7/site-packages/airflow/example_dags/example_branch_operator.py
[2022-11-09T04:04:36.348+0000] {logging_mixin.py:120} INFO - [2022-11-09T04:04:36.348+0000] {dag.py:2585} INFO - Sync 1 DAGs
[2022-11-09T04:04:36.362+0000] {logging_mixin.py:120} INFO - [2022-11-09T04:04:36.362+0000] {dag.py:3340} INFO - Setting next_dagrun for example_branch_operator to 2022-11-08T00:00:00+00:00, run_after=2022-11-09T00:00:00+00:00
[2022-11-09T04:04:36.373+0000] {processor.py:176} INFO - Processing /home/airflow/.local/lib/python3.7/site-packages/airflow/example_dags/example_branch_operator.py took 0.061 seconds
[2022-11-09T04:05:07.240+0000] {processor.py:154} INFO - Started process (PID=32234) to work on /home/airflow/.local/lib/python3.7/site-packages/airflow/example_dags/example_branch_operator.py
[2022-11-09T04:05:07.240+0000] {processor.py:756} INFO - Processing file /home/airflow/.local/lib/python3.7/site-packages/airflow/example_dags/example_branch_operator.py for tasks to queue
[2022-11-09T04:05:07.240+0000] {logging_mixin.py:120} INFO - [2022-11-09T04:05:07.240+0000] {dagbag.py:537} INFO - Filling up the DagBag from /home/airflow/.local/lib/python3.7/site-packages/airflow/example_dags/example_branch_operator.py
[2022-11-09T04:05:07.250+0000] {processor.py:766} INFO - DAG(s) dict_keys(['example_branch_operator']) retrieved from /home/airflow/.local/lib/python3.7/site-packages/airflow/example_dags/example_branch_operator.py
[2022-11-09T04:05:07.274+0000] {logging_mixin.py:120} INFO - [2022-11-09T04:05:07.274+0000] {dag.py:2585} INFO - Sync 1 DAGs
[2022-11-09T04:05:07.287+0000] {logging_mixin.py:120} INFO - [2022-11-09T04:05:07.287+0000] {dag.py:3340} INFO - Setting next_dagrun for example_branch_operator to 2022-11-08T00:00:00+00:00, run_after=2022-11-09T00:00:00+00:00
[2022-11-09T04:05:07.298+0000] {processor.py:176} INFO - Processing /home/airflow/.local/lib/python3.7/site-packages/airflow/example_dags/example_branch_operator.py took 0.061 seconds
[2022-11-09T04:05:38.078+0000] {processor.py:154} INFO - Started process (PID=32299) to work on /home/airflow/.local/lib/python3.7/site-packages/airflow/example_dags/example_branch_operator.py
[2022-11-09T04:05:38.078+0000] {processor.py:756} INFO - Processing file /home/airflow/.local/lib/python3.7/site-packages/airflow/example_dags/example_branch_operator.py for tasks to queue
[2022-11-09T04:05:38.079+0000] {logging_mixin.py:120} INFO - [2022-11-09T04:05:38.079+0000] {dagbag.py:537} INFO - Filling up the DagBag from /home/airflow/.local/lib/python3.7/site-packages/airflow/example_dags/example_branch_operator.py
[2022-11-09T04:05:38.089+0000] {processor.py:766} INFO - DAG(s) dict_keys(['example_branch_operator']) retrieved from /home/airflow/.local/lib/python3.7/site-packages/airflow/example_dags/example_branch_operator.py
[2022-11-09T04:05:38.111+0000] {logging_mixin.py:120} INFO - [2022-11-09T04:05:38.111+0000] {dag.py:2585} INFO - Sync 1 DAGs
[2022-11-09T04:05:38.124+0000] {logging_mixin.py:120} INFO - [2022-11-09T04:05:38.124+0000] {dag.py:3340} INFO - Setting next_dagrun for example_branch_operator to 2022-11-08T00:00:00+00:00, run_after=2022-11-09T00:00:00+00:00
[2022-11-09T04:05:38.135+0000] {processor.py:176} INFO - Processing /home/airflow/.local/lib/python3.7/site-packages/airflow/example_dags/example_branch_operator.py took 0.059 seconds
[2022-11-09T04:06:08.897+0000] {processor.py:154} INFO - Started process (PID=32364) to work on /home/airflow/.local/lib/python3.7/site-packages/airflow/example_dags/example_branch_operator.py
[2022-11-09T04:06:08.897+0000] {processor.py:756} INFO - Processing file /home/airflow/.local/lib/python3.7/site-packages/airflow/example_dags/example_branch_operator.py for tasks to queue
[2022-11-09T04:06:08.898+0000] {logging_mixin.py:120} INFO - [2022-11-09T04:06:08.898+0000] {dagbag.py:537} INFO - Filling up the DagBag from /home/airflow/.local/lib/python3.7/site-packages/airflow/example_dags/example_branch_operator.py
[2022-11-09T04:06:08.908+0000] {processor.py:766} INFO - DAG(s) dict_keys(['example_branch_operator']) retrieved from /home/airflow/.local/lib/python3.7/site-packages/airflow/example_dags/example_branch_operator.py
[2022-11-09T04:06:08.930+0000] {logging_mixin.py:120} INFO - [2022-11-09T04:06:08.930+0000] {dag.py:2585} INFO - Sync 1 DAGs
[2022-11-09T04:06:08.944+0000] {logging_mixin.py:120} INFO - [2022-11-09T04:06:08.944+0000] {dag.py:3340} INFO - Setting next_dagrun for example_branch_operator to 2022-11-08T00:00:00+00:00, run_after=2022-11-09T00:00:00+00:00
[2022-11-09T04:06:08.956+0000] {processor.py:176} INFO - Processing /home/airflow/.local/lib/python3.7/site-packages/airflow/example_dags/example_branch_operator.py took 0.061 seconds
[2022-11-09T04:06:39.798+0000] {processor.py:154} INFO - Started process (PID=32433) to work on /home/airflow/.local/lib/python3.7/site-packages/airflow/example_dags/example_branch_operator.py
[2022-11-09T04:06:39.799+0000] {processor.py:756} INFO - Processing file /home/airflow/.local/lib/python3.7/site-packages/airflow/example_dags/example_branch_operator.py for tasks to queue
[2022-11-09T04:06:39.799+0000] {logging_mixin.py:120} INFO - [2022-11-09T04:06:39.799+0000] {dagbag.py:537} INFO - Filling up the DagBag from /home/airflow/.local/lib/python3.7/site-packages/airflow/example_dags/example_branch_operator.py
[2022-11-09T04:06:39.810+0000] {processor.py:766} INFO - DAG(s) dict_keys(['example_branch_operator']) retrieved from /home/airflow/.local/lib/python3.7/site-packages/airflow/example_dags/example_branch_operator.py
[2022-11-09T04:06:39.833+0000] {logging_mixin.py:120} INFO - [2022-11-09T04:06:39.833+0000] {dag.py:2585} INFO - Sync 1 DAGs
[2022-11-09T04:06:39.847+0000] {logging_mixin.py:120} INFO - [2022-11-09T04:06:39.847+0000] {dag.py:3340} INFO - Setting next_dagrun for example_branch_operator to 2022-11-08T00:00:00+00:00, run_after=2022-11-09T00:00:00+00:00
[2022-11-09T04:06:39.858+0000] {processor.py:176} INFO - Processing /home/airflow/.local/lib/python3.7/site-packages/airflow/example_dags/example_branch_operator.py took 0.061 seconds
[2022-11-09T04:17:40.331+0000] {processor.py:154} INFO - Started process (PID=32502) to work on /home/airflow/.local/lib/python3.7/site-packages/airflow/example_dags/example_branch_operator.py
[2022-11-09T04:17:40.332+0000] {processor.py:756} INFO - Processing file /home/airflow/.local/lib/python3.7/site-packages/airflow/example_dags/example_branch_operator.py for tasks to queue
[2022-11-09T04:17:40.332+0000] {logging_mixin.py:120} INFO - [2022-11-09T04:17:40.332+0000] {dagbag.py:537} INFO - Filling up the DagBag from /home/airflow/.local/lib/python3.7/site-packages/airflow/example_dags/example_branch_operator.py
[2022-11-09T04:17:40.357+0000] {processor.py:766} INFO - DAG(s) dict_keys(['example_branch_operator']) retrieved from /home/airflow/.local/lib/python3.7/site-packages/airflow/example_dags/example_branch_operator.py
[2022-11-09T04:17:40.406+0000] {logging_mixin.py:120} INFO - [2022-11-09T04:17:40.406+0000] {dag.py:2585} INFO - Sync 1 DAGs
[2022-11-09T04:17:40.448+0000] {logging_mixin.py:120} INFO - [2022-11-09T04:17:40.447+0000] {dag.py:3340} INFO - Setting next_dagrun for example_branch_operator to 2022-11-08T00:00:00+00:00, run_after=2022-11-09T00:00:00+00:00
[2022-11-09T04:17:40.475+0000] {processor.py:176} INFO - Processing /home/airflow/.local/lib/python3.7/site-packages/airflow/example_dags/example_branch_operator.py took 0.146 seconds
[2022-11-09T04:18:10.631+0000] {processor.py:154} INFO - Started process (PID=32559) to work on /home/airflow/.local/lib/python3.7/site-packages/airflow/example_dags/example_branch_operator.py
[2022-11-09T04:18:10.631+0000] {processor.py:756} INFO - Processing file /home/airflow/.local/lib/python3.7/site-packages/airflow/example_dags/example_branch_operator.py for tasks to queue
[2022-11-09T04:18:10.632+0000] {logging_mixin.py:120} INFO - [2022-11-09T04:18:10.632+0000] {dagbag.py:537} INFO - Filling up the DagBag from /home/airflow/.local/lib/python3.7/site-packages/airflow/example_dags/example_branch_operator.py
[2022-11-09T04:18:10.641+0000] {processor.py:766} INFO - DAG(s) dict_keys(['example_branch_operator']) retrieved from /home/airflow/.local/lib/python3.7/site-packages/airflow/example_dags/example_branch_operator.py
[2022-11-09T04:18:10.662+0000] {logging_mixin.py:120} INFO - [2022-11-09T04:18:10.662+0000] {dag.py:2585} INFO - Sync 1 DAGs
[2022-11-09T04:18:10.674+0000] {logging_mixin.py:120} INFO - [2022-11-09T04:18:10.674+0000] {dag.py:3340} INFO - Setting next_dagrun for example_branch_operator to 2022-11-08T00:00:00+00:00, run_after=2022-11-09T00:00:00+00:00
[2022-11-09T04:18:10.683+0000] {processor.py:176} INFO - Processing /home/airflow/.local/lib/python3.7/site-packages/airflow/example_dags/example_branch_operator.py took 0.054 seconds
[2022-11-09T04:18:41.645+0000] {processor.py:154} INFO - Started process (PID=32626) to work on /home/airflow/.local/lib/python3.7/site-packages/airflow/example_dags/example_branch_operator.py
[2022-11-09T04:18:41.645+0000] {processor.py:756} INFO - Processing file /home/airflow/.local/lib/python3.7/site-packages/airflow/example_dags/example_branch_operator.py for tasks to queue
[2022-11-09T04:18:41.646+0000] {logging_mixin.py:120} INFO - [2022-11-09T04:18:41.646+0000] {dagbag.py:537} INFO - Filling up the DagBag from /home/airflow/.local/lib/python3.7/site-packages/airflow/example_dags/example_branch_operator.py
[2022-11-09T04:18:41.657+0000] {processor.py:766} INFO - DAG(s) dict_keys(['example_branch_operator']) retrieved from /home/airflow/.local/lib/python3.7/site-packages/airflow/example_dags/example_branch_operator.py
[2022-11-09T04:18:41.680+0000] {logging_mixin.py:120} INFO - [2022-11-09T04:18:41.680+0000] {dag.py:2585} INFO - Sync 1 DAGs
[2022-11-09T04:18:41.694+0000] {logging_mixin.py:120} INFO - [2022-11-09T04:18:41.694+0000] {dag.py:3340} INFO - Setting next_dagrun for example_branch_operator to 2022-11-08T00:00:00+00:00, run_after=2022-11-09T00:00:00+00:00
[2022-11-09T04:18:41.706+0000] {processor.py:176} INFO - Processing /home/airflow/.local/lib/python3.7/site-packages/airflow/example_dags/example_branch_operator.py took 0.063 seconds
[2022-11-09T04:19:12.758+0000] {processor.py:154} INFO - Started process (PID=32692) to work on /home/airflow/.local/lib/python3.7/site-packages/airflow/example_dags/example_branch_operator.py
[2022-11-09T04:19:12.758+0000] {processor.py:756} INFO - Processing file /home/airflow/.local/lib/python3.7/site-packages/airflow/example_dags/example_branch_operator.py for tasks to queue
[2022-11-09T04:19:12.759+0000] {logging_mixin.py:120} INFO - [2022-11-09T04:19:12.759+0000] {dagbag.py:537} INFO - Filling up the DagBag from /home/airflow/.local/lib/python3.7/site-packages/airflow/example_dags/example_branch_operator.py
[2022-11-09T04:19:12.770+0000] {processor.py:766} INFO - DAG(s) dict_keys(['example_branch_operator']) retrieved from /home/airflow/.local/lib/python3.7/site-packages/airflow/example_dags/example_branch_operator.py
[2022-11-09T04:19:12.793+0000] {logging_mixin.py:120} INFO - [2022-11-09T04:19:12.793+0000] {dag.py:2585} INFO - Sync 1 DAGs
[2022-11-09T04:19:12.807+0000] {logging_mixin.py:120} INFO - [2022-11-09T04:19:12.807+0000] {dag.py:3340} INFO - Setting next_dagrun for example_branch_operator to 2022-11-08T00:00:00+00:00, run_after=2022-11-09T00:00:00+00:00
[2022-11-09T04:19:12.817+0000] {processor.py:176} INFO - Processing /home/airflow/.local/lib/python3.7/site-packages/airflow/example_dags/example_branch_operator.py took 0.061 seconds
[2022-11-09T04:19:43.640+0000] {processor.py:154} INFO - Started process (PID=32759) to work on /home/airflow/.local/lib/python3.7/site-packages/airflow/example_dags/example_branch_operator.py
[2022-11-09T04:19:43.640+0000] {processor.py:756} INFO - Processing file /home/airflow/.local/lib/python3.7/site-packages/airflow/example_dags/example_branch_operator.py for tasks to queue
[2022-11-09T04:19:43.641+0000] {logging_mixin.py:120} INFO - [2022-11-09T04:19:43.641+0000] {dagbag.py:537} INFO - Filling up the DagBag from /home/airflow/.local/lib/python3.7/site-packages/airflow/example_dags/example_branch_operator.py
[2022-11-09T04:19:43.654+0000] {processor.py:766} INFO - DAG(s) dict_keys(['example_branch_operator']) retrieved from /home/airflow/.local/lib/python3.7/site-packages/airflow/example_dags/example_branch_operator.py
[2022-11-09T04:19:43.680+0000] {logging_mixin.py:120} INFO - [2022-11-09T04:19:43.680+0000] {dag.py:2585} INFO - Sync 1 DAGs
[2022-11-09T04:19:43.696+0000] {logging_mixin.py:120} INFO - [2022-11-09T04:19:43.695+0000] {dag.py:3340} INFO - Setting next_dagrun for example_branch_operator to 2022-11-08T00:00:00+00:00, run_after=2022-11-09T00:00:00+00:00
[2022-11-09T04:19:43.707+0000] {processor.py:176} INFO - Processing /home/airflow/.local/lib/python3.7/site-packages/airflow/example_dags/example_branch_operator.py took 0.070 seconds
