[2022-11-09T00:12:02.024+0000] {processor.py:154} INFO - Started process (PID=30718) to work on /home/airflow/.local/lib/python3.7/site-packages/airflow/example_dags/example_branch_day_of_week_operator.py
[2022-11-09T00:12:02.025+0000] {processor.py:756} INFO - Processing file /home/airflow/.local/lib/python3.7/site-packages/airflow/example_dags/example_branch_day_of_week_operator.py for tasks to queue
[2022-11-09T00:12:02.025+0000] {logging_mixin.py:120} INFO - [2022-11-09T00:12:02.025+0000] {dagbag.py:537} INFO - Filling up the DagBag from /home/airflow/.local/lib/python3.7/site-packages/airflow/example_dags/example_branch_day_of_week_operator.py
[2022-11-09T00:12:02.035+0000] {processor.py:766} INFO - DAG(s) dict_keys(['example_weekday_branch_operator']) retrieved from /home/airflow/.local/lib/python3.7/site-packages/airflow/example_dags/example_branch_day_of_week_operator.py
[2022-11-09T00:12:02.078+0000] {logging_mixin.py:120} INFO - [2022-11-09T00:12:02.078+0000] {dag.py:2585} INFO - Sync 1 DAGs
[2022-11-09T00:12:02.104+0000] {logging_mixin.py:120} INFO - [2022-11-09T00:12:02.103+0000] {dag.py:3340} INFO - Setting next_dagrun for example_weekday_branch_operator to 2022-11-08T00:00:00+00:00, run_after=2022-11-09T00:00:00+00:00
[2022-11-09T00:12:02.125+0000] {processor.py:176} INFO - Processing /home/airflow/.local/lib/python3.7/site-packages/airflow/example_dags/example_branch_day_of_week_operator.py took 0.105 seconds
[2022-11-09T00:27:35.143+0000] {processor.py:154} INFO - Started process (PID=30765) to work on /home/airflow/.local/lib/python3.7/site-packages/airflow/example_dags/example_branch_day_of_week_operator.py
[2022-11-09T00:27:35.144+0000] {processor.py:756} INFO - Processing file /home/airflow/.local/lib/python3.7/site-packages/airflow/example_dags/example_branch_day_of_week_operator.py for tasks to queue
[2022-11-09T00:27:35.148+0000] {logging_mixin.py:120} INFO - [2022-11-09T00:27:35.148+0000] {dagbag.py:537} INFO - Filling up the DagBag from /home/airflow/.local/lib/python3.7/site-packages/airflow/example_dags/example_branch_day_of_week_operator.py
[2022-11-09T00:27:35.161+0000] {processor.py:766} INFO - DAG(s) dict_keys(['example_weekday_branch_operator']) retrieved from /home/airflow/.local/lib/python3.7/site-packages/airflow/example_dags/example_branch_day_of_week_operator.py
[2022-11-09T00:27:35.229+0000] {logging_mixin.py:120} INFO - [2022-11-09T00:27:35.229+0000] {dag.py:2585} INFO - Sync 1 DAGs
[2022-11-09T00:27:35.253+0000] {logging_mixin.py:120} INFO - [2022-11-09T00:27:35.253+0000] {dag.py:3340} INFO - Setting next_dagrun for example_weekday_branch_operator to 2022-11-08T00:00:00+00:00, run_after=2022-11-09T00:00:00+00:00
[2022-11-09T00:27:35.305+0000] {processor.py:176} INFO - Processing /home/airflow/.local/lib/python3.7/site-packages/airflow/example_dags/example_branch_day_of_week_operator.py took 0.163 seconds
[2022-11-09T01:00:49.221+0000] {processor.py:154} INFO - Started process (PID=30815) to work on /home/airflow/.local/lib/python3.7/site-packages/airflow/example_dags/example_branch_day_of_week_operator.py
[2022-11-09T01:00:49.223+0000] {processor.py:756} INFO - Processing file /home/airflow/.local/lib/python3.7/site-packages/airflow/example_dags/example_branch_day_of_week_operator.py for tasks to queue
[2022-11-09T01:00:49.223+0000] {logging_mixin.py:120} INFO - [2022-11-09T01:00:49.223+0000] {dagbag.py:537} INFO - Filling up the DagBag from /home/airflow/.local/lib/python3.7/site-packages/airflow/example_dags/example_branch_day_of_week_operator.py
[2022-11-09T01:00:49.233+0000] {processor.py:766} INFO - DAG(s) dict_keys(['example_weekday_branch_operator']) retrieved from /home/airflow/.local/lib/python3.7/site-packages/airflow/example_dags/example_branch_day_of_week_operator.py
[2022-11-09T01:00:49.263+0000] {logging_mixin.py:120} INFO - [2022-11-09T01:00:49.263+0000] {dag.py:2585} INFO - Sync 1 DAGs
[2022-11-09T01:00:49.284+0000] {logging_mixin.py:120} INFO - [2022-11-09T01:00:49.284+0000] {dag.py:3340} INFO - Setting next_dagrun for example_weekday_branch_operator to 2022-11-08T00:00:00+00:00, run_after=2022-11-09T00:00:00+00:00
[2022-11-09T01:00:49.307+0000] {processor.py:176} INFO - Processing /home/airflow/.local/lib/python3.7/site-packages/airflow/example_dags/example_branch_day_of_week_operator.py took 0.088 seconds
[2022-11-09T01:34:45.331+0000] {processor.py:154} INFO - Started process (PID=30863) to work on /home/airflow/.local/lib/python3.7/site-packages/airflow/example_dags/example_branch_day_of_week_operator.py
[2022-11-09T01:34:45.332+0000] {processor.py:756} INFO - Processing file /home/airflow/.local/lib/python3.7/site-packages/airflow/example_dags/example_branch_day_of_week_operator.py for tasks to queue
[2022-11-09T01:34:45.332+0000] {logging_mixin.py:120} INFO - [2022-11-09T01:34:45.332+0000] {dagbag.py:537} INFO - Filling up the DagBag from /home/airflow/.local/lib/python3.7/site-packages/airflow/example_dags/example_branch_day_of_week_operator.py
[2022-11-09T01:34:45.349+0000] {processor.py:766} INFO - DAG(s) dict_keys(['example_weekday_branch_operator']) retrieved from /home/airflow/.local/lib/python3.7/site-packages/airflow/example_dags/example_branch_day_of_week_operator.py
[2022-11-09T01:34:45.398+0000] {logging_mixin.py:120} INFO - [2022-11-09T01:34:45.398+0000] {dag.py:2585} INFO - Sync 1 DAGs
[2022-11-09T01:34:45.428+0000] {logging_mixin.py:120} INFO - [2022-11-09T01:34:45.428+0000] {dag.py:3340} INFO - Setting next_dagrun for example_weekday_branch_operator to 2022-11-08T00:00:00+00:00, run_after=2022-11-09T00:00:00+00:00
[2022-11-09T01:34:45.452+0000] {processor.py:176} INFO - Processing /home/airflow/.local/lib/python3.7/site-packages/airflow/example_dags/example_branch_day_of_week_operator.py took 0.123 seconds
[2022-11-09T01:50:25.188+0000] {processor.py:154} INFO - Started process (PID=30910) to work on /home/airflow/.local/lib/python3.7/site-packages/airflow/example_dags/example_branch_day_of_week_operator.py
[2022-11-09T01:50:25.189+0000] {processor.py:756} INFO - Processing file /home/airflow/.local/lib/python3.7/site-packages/airflow/example_dags/example_branch_day_of_week_operator.py for tasks to queue
[2022-11-09T01:50:25.189+0000] {logging_mixin.py:120} INFO - [2022-11-09T01:50:25.189+0000] {dagbag.py:537} INFO - Filling up the DagBag from /home/airflow/.local/lib/python3.7/site-packages/airflow/example_dags/example_branch_day_of_week_operator.py
[2022-11-09T01:50:25.199+0000] {processor.py:766} INFO - DAG(s) dict_keys(['example_weekday_branch_operator']) retrieved from /home/airflow/.local/lib/python3.7/site-packages/airflow/example_dags/example_branch_day_of_week_operator.py
[2022-11-09T01:50:25.224+0000] {logging_mixin.py:120} INFO - [2022-11-09T01:50:25.224+0000] {dag.py:2585} INFO - Sync 1 DAGs
[2022-11-09T01:50:25.241+0000] {logging_mixin.py:120} INFO - [2022-11-09T01:50:25.240+0000] {dag.py:3340} INFO - Setting next_dagrun for example_weekday_branch_operator to 2022-11-08T00:00:00+00:00, run_after=2022-11-09T00:00:00+00:00
[2022-11-09T01:50:25.258+0000] {processor.py:176} INFO - Processing /home/airflow/.local/lib/python3.7/site-packages/airflow/example_dags/example_branch_day_of_week_operator.py took 0.072 seconds
[2022-11-09T01:55:24.317+0000] {processor.py:154} INFO - Started process (PID=30958) to work on /home/airflow/.local/lib/python3.7/site-packages/airflow/example_dags/example_branch_day_of_week_operator.py
[2022-11-09T01:55:24.318+0000] {processor.py:756} INFO - Processing file /home/airflow/.local/lib/python3.7/site-packages/airflow/example_dags/example_branch_day_of_week_operator.py for tasks to queue
[2022-11-09T01:55:24.318+0000] {logging_mixin.py:120} INFO - [2022-11-09T01:55:24.318+0000] {dagbag.py:537} INFO - Filling up the DagBag from /home/airflow/.local/lib/python3.7/site-packages/airflow/example_dags/example_branch_day_of_week_operator.py
[2022-11-09T01:55:24.329+0000] {processor.py:766} INFO - DAG(s) dict_keys(['example_weekday_branch_operator']) retrieved from /home/airflow/.local/lib/python3.7/site-packages/airflow/example_dags/example_branch_day_of_week_operator.py
[2022-11-09T01:55:24.350+0000] {logging_mixin.py:120} INFO - [2022-11-09T01:55:24.350+0000] {dag.py:2585} INFO - Sync 1 DAGs
[2022-11-09T01:55:24.367+0000] {logging_mixin.py:120} INFO - [2022-11-09T01:55:24.366+0000] {dag.py:3340} INFO - Setting next_dagrun for example_weekday_branch_operator to 2022-11-08T00:00:00+00:00, run_after=2022-11-09T00:00:00+00:00
[2022-11-09T01:55:24.378+0000] {processor.py:176} INFO - Processing /home/airflow/.local/lib/python3.7/site-packages/airflow/example_dags/example_branch_day_of_week_operator.py took 0.063 seconds
[2022-11-09T02:10:50.013+0000] {processor.py:154} INFO - Started process (PID=31005) to work on /home/airflow/.local/lib/python3.7/site-packages/airflow/example_dags/example_branch_day_of_week_operator.py
[2022-11-09T02:10:50.021+0000] {processor.py:756} INFO - Processing file /home/airflow/.local/lib/python3.7/site-packages/airflow/example_dags/example_branch_day_of_week_operator.py for tasks to queue
[2022-11-09T02:10:50.021+0000] {logging_mixin.py:120} INFO - [2022-11-09T02:10:50.021+0000] {dagbag.py:537} INFO - Filling up the DagBag from /home/airflow/.local/lib/python3.7/site-packages/airflow/example_dags/example_branch_day_of_week_operator.py
[2022-11-09T02:10:50.030+0000] {processor.py:766} INFO - DAG(s) dict_keys(['example_weekday_branch_operator']) retrieved from /home/airflow/.local/lib/python3.7/site-packages/airflow/example_dags/example_branch_day_of_week_operator.py
[2022-11-09T02:10:50.102+0000] {logging_mixin.py:120} INFO - [2022-11-09T02:10:50.102+0000] {dag.py:2585} INFO - Sync 1 DAGs
[2022-11-09T02:10:50.122+0000] {logging_mixin.py:120} INFO - [2022-11-09T02:10:50.122+0000] {dag.py:3340} INFO - Setting next_dagrun for example_weekday_branch_operator to 2022-11-08T00:00:00+00:00, run_after=2022-11-09T00:00:00+00:00
[2022-11-09T02:10:50.144+0000] {processor.py:176} INFO - Processing /home/airflow/.local/lib/python3.7/site-packages/airflow/example_dags/example_branch_day_of_week_operator.py took 0.133 seconds
[2022-11-09T02:26:24.524+0000] {processor.py:154} INFO - Started process (PID=31052) to work on /home/airflow/.local/lib/python3.7/site-packages/airflow/example_dags/example_branch_day_of_week_operator.py
[2022-11-09T02:26:24.525+0000] {processor.py:756} INFO - Processing file /home/airflow/.local/lib/python3.7/site-packages/airflow/example_dags/example_branch_day_of_week_operator.py for tasks to queue
[2022-11-09T02:26:24.525+0000] {logging_mixin.py:120} INFO - [2022-11-09T02:26:24.525+0000] {dagbag.py:537} INFO - Filling up the DagBag from /home/airflow/.local/lib/python3.7/site-packages/airflow/example_dags/example_branch_day_of_week_operator.py
[2022-11-09T02:26:24.536+0000] {processor.py:766} INFO - DAG(s) dict_keys(['example_weekday_branch_operator']) retrieved from /home/airflow/.local/lib/python3.7/site-packages/airflow/example_dags/example_branch_day_of_week_operator.py
[2022-11-09T02:26:24.561+0000] {logging_mixin.py:120} INFO - [2022-11-09T02:26:24.561+0000] {dag.py:2585} INFO - Sync 1 DAGs
[2022-11-09T02:26:24.576+0000] {logging_mixin.py:120} INFO - [2022-11-09T02:26:24.576+0000] {dag.py:3340} INFO - Setting next_dagrun for example_weekday_branch_operator to 2022-11-08T00:00:00+00:00, run_after=2022-11-09T00:00:00+00:00
[2022-11-09T02:26:24.586+0000] {processor.py:176} INFO - Processing /home/airflow/.local/lib/python3.7/site-packages/airflow/example_dags/example_branch_day_of_week_operator.py took 0.066 seconds
[2022-11-09T02:44:02.182+0000] {processor.py:154} INFO - Started process (PID=31100) to work on /home/airflow/.local/lib/python3.7/site-packages/airflow/example_dags/example_branch_day_of_week_operator.py
[2022-11-09T02:44:02.187+0000] {processor.py:756} INFO - Processing file /home/airflow/.local/lib/python3.7/site-packages/airflow/example_dags/example_branch_day_of_week_operator.py for tasks to queue
[2022-11-09T02:44:02.188+0000] {logging_mixin.py:120} INFO - [2022-11-09T02:44:02.188+0000] {dagbag.py:537} INFO - Filling up the DagBag from /home/airflow/.local/lib/python3.7/site-packages/airflow/example_dags/example_branch_day_of_week_operator.py
[2022-11-09T02:44:02.208+0000] {processor.py:766} INFO - DAG(s) dict_keys(['example_weekday_branch_operator']) retrieved from /home/airflow/.local/lib/python3.7/site-packages/airflow/example_dags/example_branch_day_of_week_operator.py
[2022-11-09T02:44:02.237+0000] {logging_mixin.py:120} INFO - [2022-11-09T02:44:02.237+0000] {dag.py:2585} INFO - Sync 1 DAGs
[2022-11-09T02:44:02.260+0000] {logging_mixin.py:120} INFO - [2022-11-09T02:44:02.259+0000] {dag.py:3340} INFO - Setting next_dagrun for example_weekday_branch_operator to 2022-11-08T00:00:00+00:00, run_after=2022-11-09T00:00:00+00:00
[2022-11-09T02:44:02.287+0000] {processor.py:176} INFO - Processing /home/airflow/.local/lib/python3.7/site-packages/airflow/example_dags/example_branch_day_of_week_operator.py took 0.107 seconds
[2022-11-09T03:01:03.617+0000] {processor.py:154} INFO - Started process (PID=31166) to work on /home/airflow/.local/lib/python3.7/site-packages/airflow/example_dags/example_branch_day_of_week_operator.py
[2022-11-09T03:01:03.618+0000] {processor.py:756} INFO - Processing file /home/airflow/.local/lib/python3.7/site-packages/airflow/example_dags/example_branch_day_of_week_operator.py for tasks to queue
[2022-11-09T03:01:03.619+0000] {logging_mixin.py:120} INFO - [2022-11-09T03:01:03.619+0000] {dagbag.py:537} INFO - Filling up the DagBag from /home/airflow/.local/lib/python3.7/site-packages/airflow/example_dags/example_branch_day_of_week_operator.py
[2022-11-09T03:01:03.645+0000] {processor.py:766} INFO - DAG(s) dict_keys(['example_weekday_branch_operator']) retrieved from /home/airflow/.local/lib/python3.7/site-packages/airflow/example_dags/example_branch_day_of_week_operator.py
[2022-11-09T03:01:03.709+0000] {logging_mixin.py:120} INFO - [2022-11-09T03:01:03.709+0000] {dag.py:2585} INFO - Sync 1 DAGs
[2022-11-09T03:01:03.725+0000] {logging_mixin.py:120} INFO - [2022-11-09T03:01:03.725+0000] {dag.py:3340} INFO - Setting next_dagrun for example_weekday_branch_operator to 2022-11-08T00:00:00+00:00, run_after=2022-11-09T00:00:00+00:00
[2022-11-09T03:01:03.734+0000] {processor.py:176} INFO - Processing /home/airflow/.local/lib/python3.7/site-packages/airflow/example_dags/example_branch_day_of_week_operator.py took 0.119 seconds
[2022-11-09T03:03:53.652+0000] {processor.py:154} INFO - Started process (PID=31224) to work on /home/airflow/.local/lib/python3.7/site-packages/airflow/example_dags/example_branch_day_of_week_operator.py
[2022-11-09T03:03:53.652+0000] {processor.py:756} INFO - Processing file /home/airflow/.local/lib/python3.7/site-packages/airflow/example_dags/example_branch_day_of_week_operator.py for tasks to queue
[2022-11-09T03:03:53.653+0000] {logging_mixin.py:120} INFO - [2022-11-09T03:03:53.653+0000] {dagbag.py:537} INFO - Filling up the DagBag from /home/airflow/.local/lib/python3.7/site-packages/airflow/example_dags/example_branch_day_of_week_operator.py
[2022-11-09T03:03:53.663+0000] {processor.py:766} INFO - DAG(s) dict_keys(['example_weekday_branch_operator']) retrieved from /home/airflow/.local/lib/python3.7/site-packages/airflow/example_dags/example_branch_day_of_week_operator.py
[2022-11-09T03:03:53.689+0000] {logging_mixin.py:120} INFO - [2022-11-09T03:03:53.689+0000] {dag.py:2585} INFO - Sync 1 DAGs
[2022-11-09T03:03:53.704+0000] {logging_mixin.py:120} INFO - [2022-11-09T03:03:53.704+0000] {dag.py:3340} INFO - Setting next_dagrun for example_weekday_branch_operator to 2022-11-08T00:00:00+00:00, run_after=2022-11-09T00:00:00+00:00
[2022-11-09T03:03:53.715+0000] {processor.py:176} INFO - Processing /home/airflow/.local/lib/python3.7/site-packages/airflow/example_dags/example_branch_day_of_week_operator.py took 0.065 seconds
[2022-11-09T03:19:29.115+0000] {processor.py:154} INFO - Started process (PID=31271) to work on /home/airflow/.local/lib/python3.7/site-packages/airflow/example_dags/example_branch_day_of_week_operator.py
[2022-11-09T03:19:29.115+0000] {processor.py:756} INFO - Processing file /home/airflow/.local/lib/python3.7/site-packages/airflow/example_dags/example_branch_day_of_week_operator.py for tasks to queue
[2022-11-09T03:19:29.115+0000] {logging_mixin.py:120} INFO - [2022-11-09T03:19:29.115+0000] {dagbag.py:537} INFO - Filling up the DagBag from /home/airflow/.local/lib/python3.7/site-packages/airflow/example_dags/example_branch_day_of_week_operator.py
[2022-11-09T03:19:29.125+0000] {processor.py:766} INFO - DAG(s) dict_keys(['example_weekday_branch_operator']) retrieved from /home/airflow/.local/lib/python3.7/site-packages/airflow/example_dags/example_branch_day_of_week_operator.py
[2022-11-09T03:19:29.175+0000] {logging_mixin.py:120} INFO - [2022-11-09T03:19:29.175+0000] {dag.py:2585} INFO - Sync 1 DAGs
[2022-11-09T03:19:29.193+0000] {logging_mixin.py:120} INFO - [2022-11-09T03:19:29.193+0000] {dag.py:3340} INFO - Setting next_dagrun for example_weekday_branch_operator to 2022-11-08T00:00:00+00:00, run_after=2022-11-09T00:00:00+00:00
[2022-11-09T03:19:29.214+0000] {processor.py:176} INFO - Processing /home/airflow/.local/lib/python3.7/site-packages/airflow/example_dags/example_branch_day_of_week_operator.py took 0.101 seconds
[2022-11-09T03:35:52.863+0000] {processor.py:154} INFO - Started process (PID=31329) to work on /home/airflow/.local/lib/python3.7/site-packages/airflow/example_dags/example_branch_day_of_week_operator.py
[2022-11-09T03:35:52.864+0000] {processor.py:756} INFO - Processing file /home/airflow/.local/lib/python3.7/site-packages/airflow/example_dags/example_branch_day_of_week_operator.py for tasks to queue
[2022-11-09T03:35:52.865+0000] {logging_mixin.py:120} INFO - [2022-11-09T03:35:52.864+0000] {dagbag.py:537} INFO - Filling up the DagBag from /home/airflow/.local/lib/python3.7/site-packages/airflow/example_dags/example_branch_day_of_week_operator.py
[2022-11-09T03:35:52.874+0000] {processor.py:766} INFO - DAG(s) dict_keys(['example_weekday_branch_operator']) retrieved from /home/airflow/.local/lib/python3.7/site-packages/airflow/example_dags/example_branch_day_of_week_operator.py
[2022-11-09T03:35:52.898+0000] {logging_mixin.py:120} INFO - [2022-11-09T03:35:52.898+0000] {dag.py:2585} INFO - Sync 1 DAGs
[2022-11-09T03:35:52.913+0000] {logging_mixin.py:120} INFO - [2022-11-09T03:35:52.913+0000] {dag.py:3340} INFO - Setting next_dagrun for example_weekday_branch_operator to 2022-11-08T00:00:00+00:00, run_after=2022-11-09T00:00:00+00:00
[2022-11-09T03:35:52.925+0000] {processor.py:176} INFO - Processing /home/airflow/.local/lib/python3.7/site-packages/airflow/example_dags/example_branch_day_of_week_operator.py took 0.064 seconds
[2022-11-09T03:58:29.351+0000] {processor.py:154} INFO - Started process (PID=31376) to work on /home/airflow/.local/lib/python3.7/site-packages/airflow/example_dags/example_branch_day_of_week_operator.py
[2022-11-09T03:58:29.353+0000] {processor.py:756} INFO - Processing file /home/airflow/.local/lib/python3.7/site-packages/airflow/example_dags/example_branch_day_of_week_operator.py for tasks to queue
[2022-11-09T03:58:29.354+0000] {logging_mixin.py:120} INFO - [2022-11-09T03:58:29.354+0000] {dagbag.py:537} INFO - Filling up the DagBag from /home/airflow/.local/lib/python3.7/site-packages/airflow/example_dags/example_branch_day_of_week_operator.py
[2022-11-09T03:58:29.368+0000] {processor.py:766} INFO - DAG(s) dict_keys(['example_weekday_branch_operator']) retrieved from /home/airflow/.local/lib/python3.7/site-packages/airflow/example_dags/example_branch_day_of_week_operator.py
[2022-11-09T03:58:29.431+0000] {logging_mixin.py:120} INFO - [2022-11-09T03:58:29.431+0000] {dag.py:2585} INFO - Sync 1 DAGs
[2022-11-09T03:58:29.454+0000] {logging_mixin.py:120} INFO - [2022-11-09T03:58:29.453+0000] {dag.py:3340} INFO - Setting next_dagrun for example_weekday_branch_operator to 2022-11-08T00:00:00+00:00, run_after=2022-11-09T00:00:00+00:00
[2022-11-09T03:58:29.473+0000] {processor.py:176} INFO - Processing /home/airflow/.local/lib/python3.7/site-packages/airflow/example_dags/example_branch_day_of_week_operator.py took 0.124 seconds
[2022-11-09T03:58:59.529+0000] {processor.py:154} INFO - Started process (PID=31446) to work on /home/airflow/.local/lib/python3.7/site-packages/airflow/example_dags/example_branch_day_of_week_operator.py
[2022-11-09T03:58:59.530+0000] {processor.py:756} INFO - Processing file /home/airflow/.local/lib/python3.7/site-packages/airflow/example_dags/example_branch_day_of_week_operator.py for tasks to queue
[2022-11-09T03:58:59.531+0000] {logging_mixin.py:120} INFO - [2022-11-09T03:58:59.531+0000] {dagbag.py:537} INFO - Filling up the DagBag from /home/airflow/.local/lib/python3.7/site-packages/airflow/example_dags/example_branch_day_of_week_operator.py
[2022-11-09T03:58:59.541+0000] {processor.py:766} INFO - DAG(s) dict_keys(['example_weekday_branch_operator']) retrieved from /home/airflow/.local/lib/python3.7/site-packages/airflow/example_dags/example_branch_day_of_week_operator.py
[2022-11-09T03:58:59.565+0000] {logging_mixin.py:120} INFO - [2022-11-09T03:58:59.565+0000] {dag.py:2585} INFO - Sync 1 DAGs
[2022-11-09T03:58:59.581+0000] {logging_mixin.py:120} INFO - [2022-11-09T03:58:59.581+0000] {dag.py:3340} INFO - Setting next_dagrun for example_weekday_branch_operator to 2022-11-08T00:00:00+00:00, run_after=2022-11-09T00:00:00+00:00
[2022-11-09T03:58:59.592+0000] {processor.py:176} INFO - Processing /home/airflow/.local/lib/python3.7/site-packages/airflow/example_dags/example_branch_day_of_week_operator.py took 0.065 seconds
[2022-11-09T03:59:30.424+0000] {processor.py:154} INFO - Started process (PID=31518) to work on /home/airflow/.local/lib/python3.7/site-packages/airflow/example_dags/example_branch_day_of_week_operator.py
[2022-11-09T03:59:30.425+0000] {processor.py:756} INFO - Processing file /home/airflow/.local/lib/python3.7/site-packages/airflow/example_dags/example_branch_day_of_week_operator.py for tasks to queue
[2022-11-09T03:59:30.425+0000] {logging_mixin.py:120} INFO - [2022-11-09T03:59:30.425+0000] {dagbag.py:537} INFO - Filling up the DagBag from /home/airflow/.local/lib/python3.7/site-packages/airflow/example_dags/example_branch_day_of_week_operator.py
[2022-11-09T03:59:30.434+0000] {processor.py:766} INFO - DAG(s) dict_keys(['example_weekday_branch_operator']) retrieved from /home/airflow/.local/lib/python3.7/site-packages/airflow/example_dags/example_branch_day_of_week_operator.py
[2022-11-09T03:59:30.458+0000] {logging_mixin.py:120} INFO - [2022-11-09T03:59:30.457+0000] {dag.py:2585} INFO - Sync 1 DAGs
[2022-11-09T03:59:30.472+0000] {logging_mixin.py:120} INFO - [2022-11-09T03:59:30.472+0000] {dag.py:3340} INFO - Setting next_dagrun for example_weekday_branch_operator to 2022-11-08T00:00:00+00:00, run_after=2022-11-09T00:00:00+00:00
[2022-11-09T03:59:30.499+0000] {processor.py:176} INFO - Processing /home/airflow/.local/lib/python3.7/site-packages/airflow/example_dags/example_branch_day_of_week_operator.py took 0.077 seconds
[2022-11-09T04:00:01.392+0000] {processor.py:154} INFO - Started process (PID=31584) to work on /home/airflow/.local/lib/python3.7/site-packages/airflow/example_dags/example_branch_day_of_week_operator.py
[2022-11-09T04:00:01.393+0000] {processor.py:756} INFO - Processing file /home/airflow/.local/lib/python3.7/site-packages/airflow/example_dags/example_branch_day_of_week_operator.py for tasks to queue
[2022-11-09T04:00:01.393+0000] {logging_mixin.py:120} INFO - [2022-11-09T04:00:01.393+0000] {dagbag.py:537} INFO - Filling up the DagBag from /home/airflow/.local/lib/python3.7/site-packages/airflow/example_dags/example_branch_day_of_week_operator.py
[2022-11-09T04:00:01.404+0000] {processor.py:766} INFO - DAG(s) dict_keys(['example_weekday_branch_operator']) retrieved from /home/airflow/.local/lib/python3.7/site-packages/airflow/example_dags/example_branch_day_of_week_operator.py
[2022-11-09T04:00:01.427+0000] {logging_mixin.py:120} INFO - [2022-11-09T04:00:01.427+0000] {dag.py:2585} INFO - Sync 1 DAGs
[2022-11-09T04:00:01.440+0000] {logging_mixin.py:120} INFO - [2022-11-09T04:00:01.440+0000] {dag.py:3340} INFO - Setting next_dagrun for example_weekday_branch_operator to 2022-11-08T00:00:00+00:00, run_after=2022-11-09T00:00:00+00:00
[2022-11-09T04:00:01.451+0000] {processor.py:176} INFO - Processing /home/airflow/.local/lib/python3.7/site-packages/airflow/example_dags/example_branch_day_of_week_operator.py took 0.063 seconds
[2022-11-09T04:00:32.377+0000] {processor.py:154} INFO - Started process (PID=31651) to work on /home/airflow/.local/lib/python3.7/site-packages/airflow/example_dags/example_branch_day_of_week_operator.py
[2022-11-09T04:00:32.377+0000] {processor.py:756} INFO - Processing file /home/airflow/.local/lib/python3.7/site-packages/airflow/example_dags/example_branch_day_of_week_operator.py for tasks to queue
[2022-11-09T04:00:32.377+0000] {logging_mixin.py:120} INFO - [2022-11-09T04:00:32.377+0000] {dagbag.py:537} INFO - Filling up the DagBag from /home/airflow/.local/lib/python3.7/site-packages/airflow/example_dags/example_branch_day_of_week_operator.py
[2022-11-09T04:00:32.387+0000] {processor.py:766} INFO - DAG(s) dict_keys(['example_weekday_branch_operator']) retrieved from /home/airflow/.local/lib/python3.7/site-packages/airflow/example_dags/example_branch_day_of_week_operator.py
[2022-11-09T04:00:32.410+0000] {logging_mixin.py:120} INFO - [2022-11-09T04:00:32.410+0000] {dag.py:2585} INFO - Sync 1 DAGs
[2022-11-09T04:00:32.425+0000] {logging_mixin.py:120} INFO - [2022-11-09T04:00:32.425+0000] {dag.py:3340} INFO - Setting next_dagrun for example_weekday_branch_operator to 2022-11-08T00:00:00+00:00, run_after=2022-11-09T00:00:00+00:00
[2022-11-09T04:00:32.436+0000] {processor.py:176} INFO - Processing /home/airflow/.local/lib/python3.7/site-packages/airflow/example_dags/example_branch_day_of_week_operator.py took 0.061 seconds
[2022-11-09T04:01:02.533+0000] {processor.py:154} INFO - Started process (PID=31706) to work on /home/airflow/.local/lib/python3.7/site-packages/airflow/example_dags/example_branch_day_of_week_operator.py
[2022-11-09T04:01:02.534+0000] {processor.py:756} INFO - Processing file /home/airflow/.local/lib/python3.7/site-packages/airflow/example_dags/example_branch_day_of_week_operator.py for tasks to queue
[2022-11-09T04:01:02.534+0000] {logging_mixin.py:120} INFO - [2022-11-09T04:01:02.534+0000] {dagbag.py:537} INFO - Filling up the DagBag from /home/airflow/.local/lib/python3.7/site-packages/airflow/example_dags/example_branch_day_of_week_operator.py
[2022-11-09T04:01:02.546+0000] {processor.py:766} INFO - DAG(s) dict_keys(['example_weekday_branch_operator']) retrieved from /home/airflow/.local/lib/python3.7/site-packages/airflow/example_dags/example_branch_day_of_week_operator.py
[2022-11-09T04:01:02.570+0000] {logging_mixin.py:120} INFO - [2022-11-09T04:01:02.569+0000] {dag.py:2585} INFO - Sync 1 DAGs
[2022-11-09T04:01:02.584+0000] {logging_mixin.py:120} INFO - [2022-11-09T04:01:02.584+0000] {dag.py:3340} INFO - Setting next_dagrun for example_weekday_branch_operator to 2022-11-08T00:00:00+00:00, run_after=2022-11-09T00:00:00+00:00
[2022-11-09T04:01:02.604+0000] {processor.py:176} INFO - Processing /home/airflow/.local/lib/python3.7/site-packages/airflow/example_dags/example_branch_day_of_week_operator.py took 0.072 seconds
[2022-11-09T04:01:32.714+0000] {processor.py:154} INFO - Started process (PID=31772) to work on /home/airflow/.local/lib/python3.7/site-packages/airflow/example_dags/example_branch_day_of_week_operator.py
[2022-11-09T04:01:32.715+0000] {processor.py:756} INFO - Processing file /home/airflow/.local/lib/python3.7/site-packages/airflow/example_dags/example_branch_day_of_week_operator.py for tasks to queue
[2022-11-09T04:01:32.715+0000] {logging_mixin.py:120} INFO - [2022-11-09T04:01:32.715+0000] {dagbag.py:537} INFO - Filling up the DagBag from /home/airflow/.local/lib/python3.7/site-packages/airflow/example_dags/example_branch_day_of_week_operator.py
[2022-11-09T04:01:32.725+0000] {processor.py:766} INFO - DAG(s) dict_keys(['example_weekday_branch_operator']) retrieved from /home/airflow/.local/lib/python3.7/site-packages/airflow/example_dags/example_branch_day_of_week_operator.py
[2022-11-09T04:01:32.748+0000] {logging_mixin.py:120} INFO - [2022-11-09T04:01:32.748+0000] {dag.py:2585} INFO - Sync 1 DAGs
[2022-11-09T04:01:32.761+0000] {logging_mixin.py:120} INFO - [2022-11-09T04:01:32.761+0000] {dag.py:3340} INFO - Setting next_dagrun for example_weekday_branch_operator to 2022-11-08T00:00:00+00:00, run_after=2022-11-09T00:00:00+00:00
[2022-11-09T04:01:32.772+0000] {processor.py:176} INFO - Processing /home/airflow/.local/lib/python3.7/site-packages/airflow/example_dags/example_branch_day_of_week_operator.py took 0.059 seconds
[2022-11-09T04:02:02.833+0000] {processor.py:154} INFO - Started process (PID=31842) to work on /home/airflow/.local/lib/python3.7/site-packages/airflow/example_dags/example_branch_day_of_week_operator.py
[2022-11-09T04:02:02.834+0000] {processor.py:756} INFO - Processing file /home/airflow/.local/lib/python3.7/site-packages/airflow/example_dags/example_branch_day_of_week_operator.py for tasks to queue
[2022-11-09T04:02:02.834+0000] {logging_mixin.py:120} INFO - [2022-11-09T04:02:02.834+0000] {dagbag.py:537} INFO - Filling up the DagBag from /home/airflow/.local/lib/python3.7/site-packages/airflow/example_dags/example_branch_day_of_week_operator.py
[2022-11-09T04:02:02.843+0000] {processor.py:766} INFO - DAG(s) dict_keys(['example_weekday_branch_operator']) retrieved from /home/airflow/.local/lib/python3.7/site-packages/airflow/example_dags/example_branch_day_of_week_operator.py
[2022-11-09T04:02:02.866+0000] {logging_mixin.py:120} INFO - [2022-11-09T04:02:02.866+0000] {dag.py:2585} INFO - Sync 1 DAGs
[2022-11-09T04:02:02.880+0000] {logging_mixin.py:120} INFO - [2022-11-09T04:02:02.880+0000] {dag.py:3340} INFO - Setting next_dagrun for example_weekday_branch_operator to 2022-11-08T00:00:00+00:00, run_after=2022-11-09T00:00:00+00:00
[2022-11-09T04:02:02.890+0000] {processor.py:176} INFO - Processing /home/airflow/.local/lib/python3.7/site-packages/airflow/example_dags/example_branch_day_of_week_operator.py took 0.059 seconds
[2022-11-09T04:02:32.998+0000] {processor.py:154} INFO - Started process (PID=31910) to work on /home/airflow/.local/lib/python3.7/site-packages/airflow/example_dags/example_branch_day_of_week_operator.py
[2022-11-09T04:02:33.001+0000] {processor.py:756} INFO - Processing file /home/airflow/.local/lib/python3.7/site-packages/airflow/example_dags/example_branch_day_of_week_operator.py for tasks to queue
[2022-11-09T04:02:33.002+0000] {logging_mixin.py:120} INFO - [2022-11-09T04:02:33.002+0000] {dagbag.py:537} INFO - Filling up the DagBag from /home/airflow/.local/lib/python3.7/site-packages/airflow/example_dags/example_branch_day_of_week_operator.py
[2022-11-09T04:02:33.011+0000] {processor.py:766} INFO - DAG(s) dict_keys(['example_weekday_branch_operator']) retrieved from /home/airflow/.local/lib/python3.7/site-packages/airflow/example_dags/example_branch_day_of_week_operator.py
[2022-11-09T04:02:33.038+0000] {logging_mixin.py:120} INFO - [2022-11-09T04:02:33.037+0000] {dag.py:2585} INFO - Sync 1 DAGs
[2022-11-09T04:02:33.052+0000] {logging_mixin.py:120} INFO - [2022-11-09T04:02:33.052+0000] {dag.py:3340} INFO - Setting next_dagrun for example_weekday_branch_operator to 2022-11-08T00:00:00+00:00, run_after=2022-11-09T00:00:00+00:00
[2022-11-09T04:02:33.063+0000] {processor.py:176} INFO - Processing /home/airflow/.local/lib/python3.7/site-packages/airflow/example_dags/example_branch_day_of_week_operator.py took 0.067 seconds
[2022-11-09T04:03:04.134+0000] {processor.py:154} INFO - Started process (PID=31975) to work on /home/airflow/.local/lib/python3.7/site-packages/airflow/example_dags/example_branch_day_of_week_operator.py
[2022-11-09T04:03:04.135+0000] {processor.py:756} INFO - Processing file /home/airflow/.local/lib/python3.7/site-packages/airflow/example_dags/example_branch_day_of_week_operator.py for tasks to queue
[2022-11-09T04:03:04.135+0000] {logging_mixin.py:120} INFO - [2022-11-09T04:03:04.135+0000] {dagbag.py:537} INFO - Filling up the DagBag from /home/airflow/.local/lib/python3.7/site-packages/airflow/example_dags/example_branch_day_of_week_operator.py
[2022-11-09T04:03:04.145+0000] {processor.py:766} INFO - DAG(s) dict_keys(['example_weekday_branch_operator']) retrieved from /home/airflow/.local/lib/python3.7/site-packages/airflow/example_dags/example_branch_day_of_week_operator.py
[2022-11-09T04:03:04.170+0000] {logging_mixin.py:120} INFO - [2022-11-09T04:03:04.169+0000] {dag.py:2585} INFO - Sync 1 DAGs
[2022-11-09T04:03:04.189+0000] {logging_mixin.py:120} INFO - [2022-11-09T04:03:04.189+0000] {dag.py:3340} INFO - Setting next_dagrun for example_weekday_branch_operator to 2022-11-08T00:00:00+00:00, run_after=2022-11-09T00:00:00+00:00
[2022-11-09T04:03:04.206+0000] {processor.py:176} INFO - Processing /home/airflow/.local/lib/python3.7/site-packages/airflow/example_dags/example_branch_day_of_week_operator.py took 0.074 seconds
[2022-11-09T04:03:34.312+0000] {processor.py:154} INFO - Started process (PID=32041) to work on /home/airflow/.local/lib/python3.7/site-packages/airflow/example_dags/example_branch_day_of_week_operator.py
[2022-11-09T04:03:34.313+0000] {processor.py:756} INFO - Processing file /home/airflow/.local/lib/python3.7/site-packages/airflow/example_dags/example_branch_day_of_week_operator.py for tasks to queue
[2022-11-09T04:03:34.313+0000] {logging_mixin.py:120} INFO - [2022-11-09T04:03:34.313+0000] {dagbag.py:537} INFO - Filling up the DagBag from /home/airflow/.local/lib/python3.7/site-packages/airflow/example_dags/example_branch_day_of_week_operator.py
[2022-11-09T04:03:34.323+0000] {processor.py:766} INFO - DAG(s) dict_keys(['example_weekday_branch_operator']) retrieved from /home/airflow/.local/lib/python3.7/site-packages/airflow/example_dags/example_branch_day_of_week_operator.py
[2022-11-09T04:03:34.345+0000] {logging_mixin.py:120} INFO - [2022-11-09T04:03:34.345+0000] {dag.py:2585} INFO - Sync 1 DAGs
[2022-11-09T04:03:34.364+0000] {logging_mixin.py:120} INFO - [2022-11-09T04:03:34.364+0000] {dag.py:3340} INFO - Setting next_dagrun for example_weekday_branch_operator to 2022-11-08T00:00:00+00:00, run_after=2022-11-09T00:00:00+00:00
[2022-11-09T04:03:34.374+0000] {processor.py:176} INFO - Processing /home/airflow/.local/lib/python3.7/site-packages/airflow/example_dags/example_branch_day_of_week_operator.py took 0.065 seconds
[2022-11-09T04:04:05.400+0000] {processor.py:154} INFO - Started process (PID=32100) to work on /home/airflow/.local/lib/python3.7/site-packages/airflow/example_dags/example_branch_day_of_week_operator.py
[2022-11-09T04:04:05.401+0000] {processor.py:756} INFO - Processing file /home/airflow/.local/lib/python3.7/site-packages/airflow/example_dags/example_branch_day_of_week_operator.py for tasks to queue
[2022-11-09T04:04:05.401+0000] {logging_mixin.py:120} INFO - [2022-11-09T04:04:05.401+0000] {dagbag.py:537} INFO - Filling up the DagBag from /home/airflow/.local/lib/python3.7/site-packages/airflow/example_dags/example_branch_day_of_week_operator.py
[2022-11-09T04:04:05.410+0000] {processor.py:766} INFO - DAG(s) dict_keys(['example_weekday_branch_operator']) retrieved from /home/airflow/.local/lib/python3.7/site-packages/airflow/example_dags/example_branch_day_of_week_operator.py
[2022-11-09T04:04:05.434+0000] {logging_mixin.py:120} INFO - [2022-11-09T04:04:05.434+0000] {dag.py:2585} INFO - Sync 1 DAGs
[2022-11-09T04:04:05.448+0000] {logging_mixin.py:120} INFO - [2022-11-09T04:04:05.448+0000] {dag.py:3340} INFO - Setting next_dagrun for example_weekday_branch_operator to 2022-11-08T00:00:00+00:00, run_after=2022-11-09T00:00:00+00:00
[2022-11-09T04:04:05.461+0000] {processor.py:176} INFO - Processing /home/airflow/.local/lib/python3.7/site-packages/airflow/example_dags/example_branch_day_of_week_operator.py took 0.063 seconds
[2022-11-09T04:04:36.460+0000] {processor.py:154} INFO - Started process (PID=32171) to work on /home/airflow/.local/lib/python3.7/site-packages/airflow/example_dags/example_branch_day_of_week_operator.py
[2022-11-09T04:04:36.461+0000] {processor.py:756} INFO - Processing file /home/airflow/.local/lib/python3.7/site-packages/airflow/example_dags/example_branch_day_of_week_operator.py for tasks to queue
[2022-11-09T04:04:36.462+0000] {logging_mixin.py:120} INFO - [2022-11-09T04:04:36.461+0000] {dagbag.py:537} INFO - Filling up the DagBag from /home/airflow/.local/lib/python3.7/site-packages/airflow/example_dags/example_branch_day_of_week_operator.py
[2022-11-09T04:04:36.471+0000] {processor.py:766} INFO - DAG(s) dict_keys(['example_weekday_branch_operator']) retrieved from /home/airflow/.local/lib/python3.7/site-packages/airflow/example_dags/example_branch_day_of_week_operator.py
[2022-11-09T04:04:36.496+0000] {logging_mixin.py:120} INFO - [2022-11-09T04:04:36.496+0000] {dag.py:2585} INFO - Sync 1 DAGs
[2022-11-09T04:04:36.512+0000] {logging_mixin.py:120} INFO - [2022-11-09T04:04:36.511+0000] {dag.py:3340} INFO - Setting next_dagrun for example_weekday_branch_operator to 2022-11-08T00:00:00+00:00, run_after=2022-11-09T00:00:00+00:00
[2022-11-09T04:04:36.522+0000] {processor.py:176} INFO - Processing /home/airflow/.local/lib/python3.7/site-packages/airflow/example_dags/example_branch_day_of_week_operator.py took 0.064 seconds
[2022-11-09T04:05:07.454+0000] {processor.py:154} INFO - Started process (PID=32238) to work on /home/airflow/.local/lib/python3.7/site-packages/airflow/example_dags/example_branch_day_of_week_operator.py
[2022-11-09T04:05:07.454+0000] {processor.py:756} INFO - Processing file /home/airflow/.local/lib/python3.7/site-packages/airflow/example_dags/example_branch_day_of_week_operator.py for tasks to queue
[2022-11-09T04:05:07.455+0000] {logging_mixin.py:120} INFO - [2022-11-09T04:05:07.454+0000] {dagbag.py:537} INFO - Filling up the DagBag from /home/airflow/.local/lib/python3.7/site-packages/airflow/example_dags/example_branch_day_of_week_operator.py
[2022-11-09T04:05:07.463+0000] {processor.py:766} INFO - DAG(s) dict_keys(['example_weekday_branch_operator']) retrieved from /home/airflow/.local/lib/python3.7/site-packages/airflow/example_dags/example_branch_day_of_week_operator.py
[2022-11-09T04:05:07.485+0000] {logging_mixin.py:120} INFO - [2022-11-09T04:05:07.484+0000] {dag.py:2585} INFO - Sync 1 DAGs
[2022-11-09T04:05:07.497+0000] {logging_mixin.py:120} INFO - [2022-11-09T04:05:07.497+0000] {dag.py:3340} INFO - Setting next_dagrun for example_weekday_branch_operator to 2022-11-08T00:00:00+00:00, run_after=2022-11-09T00:00:00+00:00
[2022-11-09T04:05:07.506+0000] {processor.py:176} INFO - Processing /home/airflow/.local/lib/python3.7/site-packages/airflow/example_dags/example_branch_day_of_week_operator.py took 0.054 seconds
[2022-11-09T04:05:38.218+0000] {processor.py:154} INFO - Started process (PID=32303) to work on /home/airflow/.local/lib/python3.7/site-packages/airflow/example_dags/example_branch_day_of_week_operator.py
[2022-11-09T04:05:38.218+0000] {processor.py:756} INFO - Processing file /home/airflow/.local/lib/python3.7/site-packages/airflow/example_dags/example_branch_day_of_week_operator.py for tasks to queue
[2022-11-09T04:05:38.219+0000] {logging_mixin.py:120} INFO - [2022-11-09T04:05:38.219+0000] {dagbag.py:537} INFO - Filling up the DagBag from /home/airflow/.local/lib/python3.7/site-packages/airflow/example_dags/example_branch_day_of_week_operator.py
[2022-11-09T04:05:38.228+0000] {processor.py:766} INFO - DAG(s) dict_keys(['example_weekday_branch_operator']) retrieved from /home/airflow/.local/lib/python3.7/site-packages/airflow/example_dags/example_branch_day_of_week_operator.py
[2022-11-09T04:05:38.251+0000] {logging_mixin.py:120} INFO - [2022-11-09T04:05:38.251+0000] {dag.py:2585} INFO - Sync 1 DAGs
[2022-11-09T04:05:38.264+0000] {logging_mixin.py:120} INFO - [2022-11-09T04:05:38.264+0000] {dag.py:3340} INFO - Setting next_dagrun for example_weekday_branch_operator to 2022-11-08T00:00:00+00:00, run_after=2022-11-09T00:00:00+00:00
[2022-11-09T04:05:38.276+0000] {processor.py:176} INFO - Processing /home/airflow/.local/lib/python3.7/site-packages/airflow/example_dags/example_branch_day_of_week_operator.py took 0.059 seconds
[2022-11-09T04:06:09.039+0000] {processor.py:154} INFO - Started process (PID=32368) to work on /home/airflow/.local/lib/python3.7/site-packages/airflow/example_dags/example_branch_day_of_week_operator.py
[2022-11-09T04:06:09.040+0000] {processor.py:756} INFO - Processing file /home/airflow/.local/lib/python3.7/site-packages/airflow/example_dags/example_branch_day_of_week_operator.py for tasks to queue
[2022-11-09T04:06:09.040+0000] {logging_mixin.py:120} INFO - [2022-11-09T04:06:09.040+0000] {dagbag.py:537} INFO - Filling up the DagBag from /home/airflow/.local/lib/python3.7/site-packages/airflow/example_dags/example_branch_day_of_week_operator.py
[2022-11-09T04:06:09.050+0000] {processor.py:766} INFO - DAG(s) dict_keys(['example_weekday_branch_operator']) retrieved from /home/airflow/.local/lib/python3.7/site-packages/airflow/example_dags/example_branch_day_of_week_operator.py
[2022-11-09T04:06:09.071+0000] {logging_mixin.py:120} INFO - [2022-11-09T04:06:09.071+0000] {dag.py:2585} INFO - Sync 1 DAGs
[2022-11-09T04:06:09.084+0000] {logging_mixin.py:120} INFO - [2022-11-09T04:06:09.084+0000] {dag.py:3340} INFO - Setting next_dagrun for example_weekday_branch_operator to 2022-11-08T00:00:00+00:00, run_after=2022-11-09T00:00:00+00:00
[2022-11-09T04:06:09.096+0000] {processor.py:176} INFO - Processing /home/airflow/.local/lib/python3.7/site-packages/airflow/example_dags/example_branch_day_of_week_operator.py took 0.059 seconds
[2022-11-09T04:06:40.055+0000] {processor.py:154} INFO - Started process (PID=32437) to work on /home/airflow/.local/lib/python3.7/site-packages/airflow/example_dags/example_branch_day_of_week_operator.py
[2022-11-09T04:06:40.056+0000] {processor.py:756} INFO - Processing file /home/airflow/.local/lib/python3.7/site-packages/airflow/example_dags/example_branch_day_of_week_operator.py for tasks to queue
[2022-11-09T04:06:40.056+0000] {logging_mixin.py:120} INFO - [2022-11-09T04:06:40.056+0000] {dagbag.py:537} INFO - Filling up the DagBag from /home/airflow/.local/lib/python3.7/site-packages/airflow/example_dags/example_branch_day_of_week_operator.py
[2022-11-09T04:06:40.065+0000] {processor.py:766} INFO - DAG(s) dict_keys(['example_weekday_branch_operator']) retrieved from /home/airflow/.local/lib/python3.7/site-packages/airflow/example_dags/example_branch_day_of_week_operator.py
[2022-11-09T04:06:40.087+0000] {logging_mixin.py:120} INFO - [2022-11-09T04:06:40.087+0000] {dag.py:2585} INFO - Sync 1 DAGs
[2022-11-09T04:06:40.101+0000] {logging_mixin.py:120} INFO - [2022-11-09T04:06:40.101+0000] {dag.py:3340} INFO - Setting next_dagrun for example_weekday_branch_operator to 2022-11-08T00:00:00+00:00, run_after=2022-11-09T00:00:00+00:00
[2022-11-09T04:06:40.143+0000] {processor.py:176} INFO - Processing /home/airflow/.local/lib/python3.7/site-packages/airflow/example_dags/example_branch_day_of_week_operator.py took 0.090 seconds
[2022-11-09T04:17:40.724+0000] {processor.py:154} INFO - Started process (PID=32506) to work on /home/airflow/.local/lib/python3.7/site-packages/airflow/example_dags/example_branch_day_of_week_operator.py
[2022-11-09T04:17:40.729+0000] {processor.py:756} INFO - Processing file /home/airflow/.local/lib/python3.7/site-packages/airflow/example_dags/example_branch_day_of_week_operator.py for tasks to queue
[2022-11-09T04:17:40.736+0000] {logging_mixin.py:120} INFO - [2022-11-09T04:17:40.736+0000] {dagbag.py:537} INFO - Filling up the DagBag from /home/airflow/.local/lib/python3.7/site-packages/airflow/example_dags/example_branch_day_of_week_operator.py
[2022-11-09T04:17:40.764+0000] {processor.py:766} INFO - DAG(s) dict_keys(['example_weekday_branch_operator']) retrieved from /home/airflow/.local/lib/python3.7/site-packages/airflow/example_dags/example_branch_day_of_week_operator.py
[2022-11-09T04:17:40.813+0000] {logging_mixin.py:120} INFO - [2022-11-09T04:17:40.813+0000] {dag.py:2585} INFO - Sync 1 DAGs
[2022-11-09T04:17:40.841+0000] {logging_mixin.py:120} INFO - [2022-11-09T04:17:40.841+0000] {dag.py:3340} INFO - Setting next_dagrun for example_weekday_branch_operator to 2022-11-08T00:00:00+00:00, run_after=2022-11-09T00:00:00+00:00
[2022-11-09T04:17:40.865+0000] {processor.py:176} INFO - Processing /home/airflow/.local/lib/python3.7/site-packages/airflow/example_dags/example_branch_day_of_week_operator.py took 0.144 seconds
[2022-11-09T04:18:11.815+0000] {processor.py:154} INFO - Started process (PID=32563) to work on /home/airflow/.local/lib/python3.7/site-packages/airflow/example_dags/example_branch_day_of_week_operator.py
[2022-11-09T04:18:11.817+0000] {processor.py:756} INFO - Processing file /home/airflow/.local/lib/python3.7/site-packages/airflow/example_dags/example_branch_day_of_week_operator.py for tasks to queue
[2022-11-09T04:18:11.820+0000] {logging_mixin.py:120} INFO - [2022-11-09T04:18:11.819+0000] {dagbag.py:537} INFO - Filling up the DagBag from /home/airflow/.local/lib/python3.7/site-packages/airflow/example_dags/example_branch_day_of_week_operator.py
[2022-11-09T04:18:11.840+0000] {processor.py:766} INFO - DAG(s) dict_keys(['example_weekday_branch_operator']) retrieved from /home/airflow/.local/lib/python3.7/site-packages/airflow/example_dags/example_branch_day_of_week_operator.py
[2022-11-09T04:18:11.869+0000] {logging_mixin.py:120} INFO - [2022-11-09T04:18:11.869+0000] {dag.py:2585} INFO - Sync 1 DAGs
[2022-11-09T04:18:11.883+0000] {logging_mixin.py:120} INFO - [2022-11-09T04:18:11.883+0000] {dag.py:3340} INFO - Setting next_dagrun for example_weekday_branch_operator to 2022-11-08T00:00:00+00:00, run_after=2022-11-09T00:00:00+00:00
[2022-11-09T04:18:11.894+0000] {processor.py:176} INFO - Processing /home/airflow/.local/lib/python3.7/site-packages/airflow/example_dags/example_branch_day_of_week_operator.py took 0.085 seconds
[2022-11-09T04:18:42.813+0000] {processor.py:154} INFO - Started process (PID=32630) to work on /home/airflow/.local/lib/python3.7/site-packages/airflow/example_dags/example_branch_day_of_week_operator.py
[2022-11-09T04:18:42.814+0000] {processor.py:756} INFO - Processing file /home/airflow/.local/lib/python3.7/site-packages/airflow/example_dags/example_branch_day_of_week_operator.py for tasks to queue
[2022-11-09T04:18:42.814+0000] {logging_mixin.py:120} INFO - [2022-11-09T04:18:42.814+0000] {dagbag.py:537} INFO - Filling up the DagBag from /home/airflow/.local/lib/python3.7/site-packages/airflow/example_dags/example_branch_day_of_week_operator.py
[2022-11-09T04:18:42.828+0000] {processor.py:766} INFO - DAG(s) dict_keys(['example_weekday_branch_operator']) retrieved from /home/airflow/.local/lib/python3.7/site-packages/airflow/example_dags/example_branch_day_of_week_operator.py
[2022-11-09T04:18:42.860+0000] {logging_mixin.py:120} INFO - [2022-11-09T04:18:42.859+0000] {dag.py:2585} INFO - Sync 1 DAGs
[2022-11-09T04:18:42.875+0000] {logging_mixin.py:120} INFO - [2022-11-09T04:18:42.875+0000] {dag.py:3340} INFO - Setting next_dagrun for example_weekday_branch_operator to 2022-11-08T00:00:00+00:00, run_after=2022-11-09T00:00:00+00:00
[2022-11-09T04:18:42.887+0000] {processor.py:176} INFO - Processing /home/airflow/.local/lib/python3.7/site-packages/airflow/example_dags/example_branch_day_of_week_operator.py took 0.076 seconds
[2022-11-09T04:19:12.905+0000] {processor.py:154} INFO - Started process (PID=32696) to work on /home/airflow/.local/lib/python3.7/site-packages/airflow/example_dags/example_branch_day_of_week_operator.py
[2022-11-09T04:19:12.906+0000] {processor.py:756} INFO - Processing file /home/airflow/.local/lib/python3.7/site-packages/airflow/example_dags/example_branch_day_of_week_operator.py for tasks to queue
[2022-11-09T04:19:12.907+0000] {logging_mixin.py:120} INFO - [2022-11-09T04:19:12.907+0000] {dagbag.py:537} INFO - Filling up the DagBag from /home/airflow/.local/lib/python3.7/site-packages/airflow/example_dags/example_branch_day_of_week_operator.py
[2022-11-09T04:19:12.917+0000] {processor.py:766} INFO - DAG(s) dict_keys(['example_weekday_branch_operator']) retrieved from /home/airflow/.local/lib/python3.7/site-packages/airflow/example_dags/example_branch_day_of_week_operator.py
[2022-11-09T04:19:12.941+0000] {logging_mixin.py:120} INFO - [2022-11-09T04:19:12.941+0000] {dag.py:2585} INFO - Sync 1 DAGs
[2022-11-09T04:19:12.957+0000] {logging_mixin.py:120} INFO - [2022-11-09T04:19:12.957+0000] {dag.py:3340} INFO - Setting next_dagrun for example_weekday_branch_operator to 2022-11-08T00:00:00+00:00, run_after=2022-11-09T00:00:00+00:00
[2022-11-09T04:19:12.970+0000] {processor.py:176} INFO - Processing /home/airflow/.local/lib/python3.7/site-packages/airflow/example_dags/example_branch_day_of_week_operator.py took 0.066 seconds
[2022-11-09T04:19:43.807+0000] {processor.py:154} INFO - Started process (PID=32763) to work on /home/airflow/.local/lib/python3.7/site-packages/airflow/example_dags/example_branch_day_of_week_operator.py
[2022-11-09T04:19:43.807+0000] {processor.py:756} INFO - Processing file /home/airflow/.local/lib/python3.7/site-packages/airflow/example_dags/example_branch_day_of_week_operator.py for tasks to queue
[2022-11-09T04:19:43.808+0000] {logging_mixin.py:120} INFO - [2022-11-09T04:19:43.808+0000] {dagbag.py:537} INFO - Filling up the DagBag from /home/airflow/.local/lib/python3.7/site-packages/airflow/example_dags/example_branch_day_of_week_operator.py
[2022-11-09T04:19:43.818+0000] {processor.py:766} INFO - DAG(s) dict_keys(['example_weekday_branch_operator']) retrieved from /home/airflow/.local/lib/python3.7/site-packages/airflow/example_dags/example_branch_day_of_week_operator.py
[2022-11-09T04:19:43.842+0000] {logging_mixin.py:120} INFO - [2022-11-09T04:19:43.842+0000] {dag.py:2585} INFO - Sync 1 DAGs
[2022-11-09T04:19:43.857+0000] {logging_mixin.py:120} INFO - [2022-11-09T04:19:43.857+0000] {dag.py:3340} INFO - Setting next_dagrun for example_weekday_branch_operator to 2022-11-08T00:00:00+00:00, run_after=2022-11-09T00:00:00+00:00
[2022-11-09T04:19:43.870+0000] {processor.py:176} INFO - Processing /home/airflow/.local/lib/python3.7/site-packages/airflow/example_dags/example_branch_day_of_week_operator.py took 0.066 seconds
