[2022-11-09T00:11:59.837+0000] {processor.py:154} INFO - Started process (PID=30693) to work on /home/airflow/.local/lib/python3.7/site-packages/airflow/example_dags/example_branch_datetime_operator.py
[2022-11-09T00:11:59.837+0000] {processor.py:756} INFO - Processing file /home/airflow/.local/lib/python3.7/site-packages/airflow/example_dags/example_branch_datetime_operator.py for tasks to queue
[2022-11-09T00:11:59.838+0000] {logging_mixin.py:120} INFO - [2022-11-09T00:11:59.838+0000] {dagbag.py:537} INFO - Filling up the DagBag from /home/airflow/.local/lib/python3.7/site-packages/airflow/example_dags/example_branch_datetime_operator.py
[2022-11-09T00:11:59.850+0000] {processor.py:766} INFO - DAG(s) dict_keys(['example_branch_datetime_operator_2', 'example_branch_datetime_operator_3', 'example_branch_datetime_operator']) retrieved from /home/airflow/.local/lib/python3.7/site-packages/airflow/example_dags/example_branch_datetime_operator.py
[2022-11-09T00:11:59.885+0000] {logging_mixin.py:120} INFO - [2022-11-09T00:11:59.885+0000] {dag.py:2585} INFO - Sync 3 DAGs
[2022-11-09T00:11:59.902+0000] {logging_mixin.py:120} INFO - [2022-11-09T00:11:59.902+0000] {dag.py:3340} INFO - Setting next_dagrun for example_branch_datetime_operator to 2022-11-08T00:00:00+00:00, run_after=2022-11-09T00:00:00+00:00
[2022-11-09T00:11:59.905+0000] {logging_mixin.py:120} INFO - [2022-11-09T00:11:59.905+0000] {dag.py:3340} INFO - Setting next_dagrun for example_branch_datetime_operator_2 to 2022-11-08T00:00:00+00:00, run_after=2022-11-09T00:00:00+00:00
[2022-11-09T00:11:59.928+0000] {logging_mixin.py:120} INFO - [2022-11-09T00:11:59.928+0000] {dag.py:3340} INFO - Setting next_dagrun for example_branch_datetime_operator_3 to 2022-11-08T00:00:00+00:00, run_after=2022-11-09T00:00:00+00:00
[2022-11-09T00:11:59.979+0000] {processor.py:176} INFO - Processing /home/airflow/.local/lib/python3.7/site-packages/airflow/example_dags/example_branch_datetime_operator.py took 0.144 seconds
[2022-11-09T00:27:33.371+0000] {processor.py:154} INFO - Started process (PID=30740) to work on /home/airflow/.local/lib/python3.7/site-packages/airflow/example_dags/example_branch_datetime_operator.py
[2022-11-09T00:27:33.375+0000] {processor.py:756} INFO - Processing file /home/airflow/.local/lib/python3.7/site-packages/airflow/example_dags/example_branch_datetime_operator.py for tasks to queue
[2022-11-09T00:27:33.375+0000] {logging_mixin.py:120} INFO - [2022-11-09T00:27:33.375+0000] {dagbag.py:537} INFO - Filling up the DagBag from /home/airflow/.local/lib/python3.7/site-packages/airflow/example_dags/example_branch_datetime_operator.py
[2022-11-09T00:27:33.396+0000] {processor.py:766} INFO - DAG(s) dict_keys(['example_branch_datetime_operator_2', 'example_branch_datetime_operator_3', 'example_branch_datetime_operator']) retrieved from /home/airflow/.local/lib/python3.7/site-packages/airflow/example_dags/example_branch_datetime_operator.py
[2022-11-09T00:27:33.460+0000] {logging_mixin.py:120} INFO - [2022-11-09T00:27:33.460+0000] {dag.py:2585} INFO - Sync 3 DAGs
[2022-11-09T00:27:33.485+0000] {logging_mixin.py:120} INFO - [2022-11-09T00:27:33.485+0000] {dag.py:3340} INFO - Setting next_dagrun for example_branch_datetime_operator to 2022-11-08T00:00:00+00:00, run_after=2022-11-09T00:00:00+00:00
[2022-11-09T00:27:33.490+0000] {logging_mixin.py:120} INFO - [2022-11-09T00:27:33.490+0000] {dag.py:3340} INFO - Setting next_dagrun for example_branch_datetime_operator_2 to 2022-11-08T00:00:00+00:00, run_after=2022-11-09T00:00:00+00:00
[2022-11-09T00:27:33.493+0000] {logging_mixin.py:120} INFO - [2022-11-09T00:27:33.493+0000] {dag.py:3340} INFO - Setting next_dagrun for example_branch_datetime_operator_3 to 2022-11-08T00:00:00+00:00, run_after=2022-11-09T00:00:00+00:00
[2022-11-09T00:27:33.529+0000] {processor.py:176} INFO - Processing /home/airflow/.local/lib/python3.7/site-packages/airflow/example_dags/example_branch_datetime_operator.py took 0.160 seconds
[2022-11-09T01:00:47.557+0000] {processor.py:154} INFO - Started process (PID=30790) to work on /home/airflow/.local/lib/python3.7/site-packages/airflow/example_dags/example_branch_datetime_operator.py
[2022-11-09T01:00:47.557+0000] {processor.py:756} INFO - Processing file /home/airflow/.local/lib/python3.7/site-packages/airflow/example_dags/example_branch_datetime_operator.py for tasks to queue
[2022-11-09T01:00:47.558+0000] {logging_mixin.py:120} INFO - [2022-11-09T01:00:47.558+0000] {dagbag.py:537} INFO - Filling up the DagBag from /home/airflow/.local/lib/python3.7/site-packages/airflow/example_dags/example_branch_datetime_operator.py
[2022-11-09T01:00:47.569+0000] {processor.py:766} INFO - DAG(s) dict_keys(['example_branch_datetime_operator_2', 'example_branch_datetime_operator_3', 'example_branch_datetime_operator']) retrieved from /home/airflow/.local/lib/python3.7/site-packages/airflow/example_dags/example_branch_datetime_operator.py
[2022-11-09T01:00:47.632+0000] {logging_mixin.py:120} INFO - [2022-11-09T01:00:47.632+0000] {dag.py:2585} INFO - Sync 3 DAGs
[2022-11-09T01:00:47.649+0000] {logging_mixin.py:120} INFO - [2022-11-09T01:00:47.649+0000] {dag.py:3340} INFO - Setting next_dagrun for example_branch_datetime_operator to 2022-11-08T00:00:00+00:00, run_after=2022-11-09T00:00:00+00:00
[2022-11-09T01:00:47.661+0000] {logging_mixin.py:120} INFO - [2022-11-09T01:00:47.661+0000] {dag.py:3340} INFO - Setting next_dagrun for example_branch_datetime_operator_2 to 2022-11-08T00:00:00+00:00, run_after=2022-11-09T00:00:00+00:00
[2022-11-09T01:00:47.662+0000] {logging_mixin.py:120} INFO - [2022-11-09T01:00:47.662+0000] {dag.py:3340} INFO - Setting next_dagrun for example_branch_datetime_operator_3 to 2022-11-08T00:00:00+00:00, run_after=2022-11-09T00:00:00+00:00
[2022-11-09T01:00:47.683+0000] {processor.py:176} INFO - Processing /home/airflow/.local/lib/python3.7/site-packages/airflow/example_dags/example_branch_datetime_operator.py took 0.129 seconds
[2022-11-09T01:34:43.129+0000] {processor.py:154} INFO - Started process (PID=30838) to work on /home/airflow/.local/lib/python3.7/site-packages/airflow/example_dags/example_branch_datetime_operator.py
[2022-11-09T01:34:43.130+0000] {processor.py:756} INFO - Processing file /home/airflow/.local/lib/python3.7/site-packages/airflow/example_dags/example_branch_datetime_operator.py for tasks to queue
[2022-11-09T01:34:43.131+0000] {logging_mixin.py:120} INFO - [2022-11-09T01:34:43.131+0000] {dagbag.py:537} INFO - Filling up the DagBag from /home/airflow/.local/lib/python3.7/site-packages/airflow/example_dags/example_branch_datetime_operator.py
[2022-11-09T01:34:43.147+0000] {processor.py:766} INFO - DAG(s) dict_keys(['example_branch_datetime_operator_3', 'example_branch_datetime_operator_2', 'example_branch_datetime_operator']) retrieved from /home/airflow/.local/lib/python3.7/site-packages/airflow/example_dags/example_branch_datetime_operator.py
[2022-11-09T01:34:43.184+0000] {logging_mixin.py:120} INFO - [2022-11-09T01:34:43.184+0000] {dag.py:2585} INFO - Sync 3 DAGs
[2022-11-09T01:34:43.203+0000] {logging_mixin.py:120} INFO - [2022-11-09T01:34:43.203+0000] {dag.py:3340} INFO - Setting next_dagrun for example_branch_datetime_operator to 2022-11-08T00:00:00+00:00, run_after=2022-11-09T00:00:00+00:00
[2022-11-09T01:34:43.206+0000] {logging_mixin.py:120} INFO - [2022-11-09T01:34:43.206+0000] {dag.py:3340} INFO - Setting next_dagrun for example_branch_datetime_operator_2 to 2022-11-08T00:00:00+00:00, run_after=2022-11-09T00:00:00+00:00
[2022-11-09T01:34:43.207+0000] {logging_mixin.py:120} INFO - [2022-11-09T01:34:43.207+0000] {dag.py:3340} INFO - Setting next_dagrun for example_branch_datetime_operator_3 to 2022-11-08T00:00:00+00:00, run_after=2022-11-09T00:00:00+00:00
[2022-11-09T01:34:43.218+0000] {processor.py:176} INFO - Processing /home/airflow/.local/lib/python3.7/site-packages/airflow/example_dags/example_branch_datetime_operator.py took 0.095 seconds
[2022-11-09T01:50:23.619+0000] {processor.py:154} INFO - Started process (PID=30885) to work on /home/airflow/.local/lib/python3.7/site-packages/airflow/example_dags/example_branch_datetime_operator.py
[2022-11-09T01:50:23.620+0000] {processor.py:756} INFO - Processing file /home/airflow/.local/lib/python3.7/site-packages/airflow/example_dags/example_branch_datetime_operator.py for tasks to queue
[2022-11-09T01:50:23.620+0000] {logging_mixin.py:120} INFO - [2022-11-09T01:50:23.620+0000] {dagbag.py:537} INFO - Filling up the DagBag from /home/airflow/.local/lib/python3.7/site-packages/airflow/example_dags/example_branch_datetime_operator.py
[2022-11-09T01:50:23.633+0000] {processor.py:766} INFO - DAG(s) dict_keys(['example_branch_datetime_operator_3', 'example_branch_datetime_operator', 'example_branch_datetime_operator_2']) retrieved from /home/airflow/.local/lib/python3.7/site-packages/airflow/example_dags/example_branch_datetime_operator.py
[2022-11-09T01:50:23.660+0000] {logging_mixin.py:120} INFO - [2022-11-09T01:50:23.660+0000] {dag.py:2585} INFO - Sync 3 DAGs
[2022-11-09T01:50:23.678+0000] {logging_mixin.py:120} INFO - [2022-11-09T01:50:23.678+0000] {dag.py:3340} INFO - Setting next_dagrun for example_branch_datetime_operator to 2022-11-08T00:00:00+00:00, run_after=2022-11-09T00:00:00+00:00
[2022-11-09T01:50:23.682+0000] {logging_mixin.py:120} INFO - [2022-11-09T01:50:23.682+0000] {dag.py:3340} INFO - Setting next_dagrun for example_branch_datetime_operator_2 to 2022-11-08T00:00:00+00:00, run_after=2022-11-09T00:00:00+00:00
[2022-11-09T01:50:23.684+0000] {logging_mixin.py:120} INFO - [2022-11-09T01:50:23.684+0000] {dag.py:3340} INFO - Setting next_dagrun for example_branch_datetime_operator_3 to 2022-11-08T00:00:00+00:00, run_after=2022-11-09T00:00:00+00:00
[2022-11-09T01:50:23.708+0000] {processor.py:176} INFO - Processing /home/airflow/.local/lib/python3.7/site-packages/airflow/example_dags/example_branch_datetime_operator.py took 0.092 seconds
[2022-11-09T01:55:22.797+0000] {processor.py:154} INFO - Started process (PID=30933) to work on /home/airflow/.local/lib/python3.7/site-packages/airflow/example_dags/example_branch_datetime_operator.py
[2022-11-09T01:55:22.798+0000] {processor.py:756} INFO - Processing file /home/airflow/.local/lib/python3.7/site-packages/airflow/example_dags/example_branch_datetime_operator.py for tasks to queue
[2022-11-09T01:55:22.798+0000] {logging_mixin.py:120} INFO - [2022-11-09T01:55:22.798+0000] {dagbag.py:537} INFO - Filling up the DagBag from /home/airflow/.local/lib/python3.7/site-packages/airflow/example_dags/example_branch_datetime_operator.py
[2022-11-09T01:55:22.808+0000] {processor.py:766} INFO - DAG(s) dict_keys(['example_branch_datetime_operator_3', 'example_branch_datetime_operator_2', 'example_branch_datetime_operator']) retrieved from /home/airflow/.local/lib/python3.7/site-packages/airflow/example_dags/example_branch_datetime_operator.py
[2022-11-09T01:55:22.831+0000] {logging_mixin.py:120} INFO - [2022-11-09T01:55:22.831+0000] {dag.py:2585} INFO - Sync 3 DAGs
[2022-11-09T01:55:22.846+0000] {logging_mixin.py:120} INFO - [2022-11-09T01:55:22.845+0000] {dag.py:3340} INFO - Setting next_dagrun for example_branch_datetime_operator to 2022-11-08T00:00:00+00:00, run_after=2022-11-09T00:00:00+00:00
[2022-11-09T01:55:22.848+0000] {logging_mixin.py:120} INFO - [2022-11-09T01:55:22.848+0000] {dag.py:3340} INFO - Setting next_dagrun for example_branch_datetime_operator_2 to 2022-11-08T00:00:00+00:00, run_after=2022-11-09T00:00:00+00:00
[2022-11-09T01:55:22.849+0000] {logging_mixin.py:120} INFO - [2022-11-09T01:55:22.849+0000] {dag.py:3340} INFO - Setting next_dagrun for example_branch_datetime_operator_3 to 2022-11-08T00:00:00+00:00, run_after=2022-11-09T00:00:00+00:00
[2022-11-09T01:55:22.859+0000] {processor.py:176} INFO - Processing /home/airflow/.local/lib/python3.7/site-packages/airflow/example_dags/example_branch_datetime_operator.py took 0.064 seconds
[2022-11-09T02:10:48.286+0000] {processor.py:154} INFO - Started process (PID=30980) to work on /home/airflow/.local/lib/python3.7/site-packages/airflow/example_dags/example_branch_datetime_operator.py
[2022-11-09T02:10:48.287+0000] {processor.py:756} INFO - Processing file /home/airflow/.local/lib/python3.7/site-packages/airflow/example_dags/example_branch_datetime_operator.py for tasks to queue
[2022-11-09T02:10:48.288+0000] {logging_mixin.py:120} INFO - [2022-11-09T02:10:48.288+0000] {dagbag.py:537} INFO - Filling up the DagBag from /home/airflow/.local/lib/python3.7/site-packages/airflow/example_dags/example_branch_datetime_operator.py
[2022-11-09T02:10:48.308+0000] {processor.py:766} INFO - DAG(s) dict_keys(['example_branch_datetime_operator_3', 'example_branch_datetime_operator_2', 'example_branch_datetime_operator']) retrieved from /home/airflow/.local/lib/python3.7/site-packages/airflow/example_dags/example_branch_datetime_operator.py
[2022-11-09T02:10:48.411+0000] {logging_mixin.py:120} INFO - [2022-11-09T02:10:48.411+0000] {dag.py:2585} INFO - Sync 3 DAGs
[2022-11-09T02:10:48.449+0000] {logging_mixin.py:120} INFO - [2022-11-09T02:10:48.449+0000] {dag.py:3340} INFO - Setting next_dagrun for example_branch_datetime_operator to 2022-11-08T00:00:00+00:00, run_after=2022-11-09T00:00:00+00:00
[2022-11-09T02:10:48.453+0000] {logging_mixin.py:120} INFO - [2022-11-09T02:10:48.453+0000] {dag.py:3340} INFO - Setting next_dagrun for example_branch_datetime_operator_2 to 2022-11-08T00:00:00+00:00, run_after=2022-11-09T00:00:00+00:00
[2022-11-09T02:10:48.457+0000] {logging_mixin.py:120} INFO - [2022-11-09T02:10:48.456+0000] {dag.py:3340} INFO - Setting next_dagrun for example_branch_datetime_operator_3 to 2022-11-08T00:00:00+00:00, run_after=2022-11-09T00:00:00+00:00
[2022-11-09T02:10:48.492+0000] {processor.py:176} INFO - Processing /home/airflow/.local/lib/python3.7/site-packages/airflow/example_dags/example_branch_datetime_operator.py took 0.207 seconds
[2022-11-09T02:26:22.678+0000] {processor.py:154} INFO - Started process (PID=31027) to work on /home/airflow/.local/lib/python3.7/site-packages/airflow/example_dags/example_branch_datetime_operator.py
[2022-11-09T02:26:22.678+0000] {processor.py:756} INFO - Processing file /home/airflow/.local/lib/python3.7/site-packages/airflow/example_dags/example_branch_datetime_operator.py for tasks to queue
[2022-11-09T02:26:22.679+0000] {logging_mixin.py:120} INFO - [2022-11-09T02:26:22.679+0000] {dagbag.py:537} INFO - Filling up the DagBag from /home/airflow/.local/lib/python3.7/site-packages/airflow/example_dags/example_branch_datetime_operator.py
[2022-11-09T02:26:22.689+0000] {processor.py:766} INFO - DAG(s) dict_keys(['example_branch_datetime_operator_2', 'example_branch_datetime_operator_3', 'example_branch_datetime_operator']) retrieved from /home/airflow/.local/lib/python3.7/site-packages/airflow/example_dags/example_branch_datetime_operator.py
[2022-11-09T02:26:22.715+0000] {logging_mixin.py:120} INFO - [2022-11-09T02:26:22.715+0000] {dag.py:2585} INFO - Sync 3 DAGs
[2022-11-09T02:26:22.729+0000] {logging_mixin.py:120} INFO - [2022-11-09T02:26:22.729+0000] {dag.py:3340} INFO - Setting next_dagrun for example_branch_datetime_operator to 2022-11-08T00:00:00+00:00, run_after=2022-11-09T00:00:00+00:00
[2022-11-09T02:26:22.733+0000] {logging_mixin.py:120} INFO - [2022-11-09T02:26:22.733+0000] {dag.py:3340} INFO - Setting next_dagrun for example_branch_datetime_operator_2 to 2022-11-08T00:00:00+00:00, run_after=2022-11-09T00:00:00+00:00
[2022-11-09T02:26:22.734+0000] {logging_mixin.py:120} INFO - [2022-11-09T02:26:22.734+0000] {dag.py:3340} INFO - Setting next_dagrun for example_branch_datetime_operator_3 to 2022-11-08T00:00:00+00:00, run_after=2022-11-09T00:00:00+00:00
[2022-11-09T02:26:22.744+0000] {processor.py:176} INFO - Processing /home/airflow/.local/lib/python3.7/site-packages/airflow/example_dags/example_branch_datetime_operator.py took 0.068 seconds
[2022-11-09T02:44:00.395+0000] {processor.py:154} INFO - Started process (PID=31075) to work on /home/airflow/.local/lib/python3.7/site-packages/airflow/example_dags/example_branch_datetime_operator.py
[2022-11-09T02:44:00.395+0000] {processor.py:756} INFO - Processing file /home/airflow/.local/lib/python3.7/site-packages/airflow/example_dags/example_branch_datetime_operator.py for tasks to queue
[2022-11-09T02:44:00.396+0000] {logging_mixin.py:120} INFO - [2022-11-09T02:44:00.396+0000] {dagbag.py:537} INFO - Filling up the DagBag from /home/airflow/.local/lib/python3.7/site-packages/airflow/example_dags/example_branch_datetime_operator.py
[2022-11-09T02:44:00.410+0000] {processor.py:766} INFO - DAG(s) dict_keys(['example_branch_datetime_operator', 'example_branch_datetime_operator_3', 'example_branch_datetime_operator_2']) retrieved from /home/airflow/.local/lib/python3.7/site-packages/airflow/example_dags/example_branch_datetime_operator.py
[2022-11-09T02:44:00.449+0000] {logging_mixin.py:120} INFO - [2022-11-09T02:44:00.449+0000] {dag.py:2585} INFO - Sync 3 DAGs
[2022-11-09T02:44:00.466+0000] {logging_mixin.py:120} INFO - [2022-11-09T02:44:00.466+0000] {dag.py:3340} INFO - Setting next_dagrun for example_branch_datetime_operator to 2022-11-08T00:00:00+00:00, run_after=2022-11-09T00:00:00+00:00
[2022-11-09T02:44:00.469+0000] {logging_mixin.py:120} INFO - [2022-11-09T02:44:00.469+0000] {dag.py:3340} INFO - Setting next_dagrun for example_branch_datetime_operator_2 to 2022-11-08T00:00:00+00:00, run_after=2022-11-09T00:00:00+00:00
[2022-11-09T02:44:00.470+0000] {logging_mixin.py:120} INFO - [2022-11-09T02:44:00.470+0000] {dag.py:3340} INFO - Setting next_dagrun for example_branch_datetime_operator_3 to 2022-11-08T00:00:00+00:00, run_after=2022-11-09T00:00:00+00:00
[2022-11-09T02:44:00.478+0000] {processor.py:176} INFO - Processing /home/airflow/.local/lib/python3.7/site-packages/airflow/example_dags/example_branch_datetime_operator.py took 0.086 seconds
[2022-11-09T03:01:02.379+0000] {processor.py:154} INFO - Started process (PID=31134) to work on /home/airflow/.local/lib/python3.7/site-packages/airflow/example_dags/example_branch_datetime_operator.py
[2022-11-09T03:01:02.380+0000] {processor.py:756} INFO - Processing file /home/airflow/.local/lib/python3.7/site-packages/airflow/example_dags/example_branch_datetime_operator.py for tasks to queue
[2022-11-09T03:01:02.380+0000] {logging_mixin.py:120} INFO - [2022-11-09T03:01:02.380+0000] {dagbag.py:537} INFO - Filling up the DagBag from /home/airflow/.local/lib/python3.7/site-packages/airflow/example_dags/example_branch_datetime_operator.py
[2022-11-09T03:01:02.392+0000] {processor.py:766} INFO - DAG(s) dict_keys(['example_branch_datetime_operator', 'example_branch_datetime_operator_2', 'example_branch_datetime_operator_3']) retrieved from /home/airflow/.local/lib/python3.7/site-packages/airflow/example_dags/example_branch_datetime_operator.py
[2022-11-09T03:01:02.420+0000] {logging_mixin.py:120} INFO - [2022-11-09T03:01:02.420+0000] {dag.py:2585} INFO - Sync 3 DAGs
[2022-11-09T03:01:02.436+0000] {logging_mixin.py:120} INFO - [2022-11-09T03:01:02.436+0000] {dag.py:3340} INFO - Setting next_dagrun for example_branch_datetime_operator to 2022-11-08T00:00:00+00:00, run_after=2022-11-09T00:00:00+00:00
[2022-11-09T03:01:02.439+0000] {logging_mixin.py:120} INFO - [2022-11-09T03:01:02.439+0000] {dag.py:3340} INFO - Setting next_dagrun for example_branch_datetime_operator_2 to 2022-11-08T00:00:00+00:00, run_after=2022-11-09T00:00:00+00:00
[2022-11-09T03:01:02.440+0000] {logging_mixin.py:120} INFO - [2022-11-09T03:01:02.440+0000] {dag.py:3340} INFO - Setting next_dagrun for example_branch_datetime_operator_3 to 2022-11-08T00:00:00+00:00, run_after=2022-11-09T00:00:00+00:00
[2022-11-09T03:01:02.451+0000] {processor.py:176} INFO - Processing /home/airflow/.local/lib/python3.7/site-packages/airflow/example_dags/example_branch_datetime_operator.py took 0.075 seconds
[2022-11-09T03:03:51.523+0000] {processor.py:154} INFO - Started process (PID=31199) to work on /home/airflow/.local/lib/python3.7/site-packages/airflow/example_dags/example_branch_datetime_operator.py
[2022-11-09T03:03:51.524+0000] {processor.py:756} INFO - Processing file /home/airflow/.local/lib/python3.7/site-packages/airflow/example_dags/example_branch_datetime_operator.py for tasks to queue
[2022-11-09T03:03:51.524+0000] {logging_mixin.py:120} INFO - [2022-11-09T03:03:51.524+0000] {dagbag.py:537} INFO - Filling up the DagBag from /home/airflow/.local/lib/python3.7/site-packages/airflow/example_dags/example_branch_datetime_operator.py
[2022-11-09T03:03:51.535+0000] {processor.py:766} INFO - DAG(s) dict_keys(['example_branch_datetime_operator_3', 'example_branch_datetime_operator', 'example_branch_datetime_operator_2']) retrieved from /home/airflow/.local/lib/python3.7/site-packages/airflow/example_dags/example_branch_datetime_operator.py
[2022-11-09T03:03:51.615+0000] {logging_mixin.py:120} INFO - [2022-11-09T03:03:51.615+0000] {dag.py:2585} INFO - Sync 3 DAGs
[2022-11-09T03:03:51.630+0000] {logging_mixin.py:120} INFO - [2022-11-09T03:03:51.630+0000] {dag.py:3340} INFO - Setting next_dagrun for example_branch_datetime_operator to 2022-11-08T00:00:00+00:00, run_after=2022-11-09T00:00:00+00:00
[2022-11-09T03:03:51.633+0000] {logging_mixin.py:120} INFO - [2022-11-09T03:03:51.633+0000] {dag.py:3340} INFO - Setting next_dagrun for example_branch_datetime_operator_2 to 2022-11-08T00:00:00+00:00, run_after=2022-11-09T00:00:00+00:00
[2022-11-09T03:03:51.634+0000] {logging_mixin.py:120} INFO - [2022-11-09T03:03:51.634+0000] {dag.py:3340} INFO - Setting next_dagrun for example_branch_datetime_operator_3 to 2022-11-08T00:00:00+00:00, run_after=2022-11-09T00:00:00+00:00
[2022-11-09T03:03:51.643+0000] {processor.py:176} INFO - Processing /home/airflow/.local/lib/python3.7/site-packages/airflow/example_dags/example_branch_datetime_operator.py took 0.122 seconds
[2022-11-09T03:19:27.462+0000] {processor.py:154} INFO - Started process (PID=31246) to work on /home/airflow/.local/lib/python3.7/site-packages/airflow/example_dags/example_branch_datetime_operator.py
[2022-11-09T03:19:27.467+0000] {processor.py:756} INFO - Processing file /home/airflow/.local/lib/python3.7/site-packages/airflow/example_dags/example_branch_datetime_operator.py for tasks to queue
[2022-11-09T03:19:27.468+0000] {logging_mixin.py:120} INFO - [2022-11-09T03:19:27.468+0000] {dagbag.py:537} INFO - Filling up the DagBag from /home/airflow/.local/lib/python3.7/site-packages/airflow/example_dags/example_branch_datetime_operator.py
[2022-11-09T03:19:27.480+0000] {processor.py:766} INFO - DAG(s) dict_keys(['example_branch_datetime_operator_3', 'example_branch_datetime_operator', 'example_branch_datetime_operator_2']) retrieved from /home/airflow/.local/lib/python3.7/site-packages/airflow/example_dags/example_branch_datetime_operator.py
[2022-11-09T03:19:27.510+0000] {logging_mixin.py:120} INFO - [2022-11-09T03:19:27.510+0000] {dag.py:2585} INFO - Sync 3 DAGs
[2022-11-09T03:19:27.526+0000] {logging_mixin.py:120} INFO - [2022-11-09T03:19:27.526+0000] {dag.py:3340} INFO - Setting next_dagrun for example_branch_datetime_operator to 2022-11-08T00:00:00+00:00, run_after=2022-11-09T00:00:00+00:00
[2022-11-09T03:19:27.530+0000] {logging_mixin.py:120} INFO - [2022-11-09T03:19:27.530+0000] {dag.py:3340} INFO - Setting next_dagrun for example_branch_datetime_operator_2 to 2022-11-08T00:00:00+00:00, run_after=2022-11-09T00:00:00+00:00
[2022-11-09T03:19:27.533+0000] {logging_mixin.py:120} INFO - [2022-11-09T03:19:27.533+0000] {dag.py:3340} INFO - Setting next_dagrun for example_branch_datetime_operator_3 to 2022-11-08T00:00:00+00:00, run_after=2022-11-09T00:00:00+00:00
[2022-11-09T03:19:27.551+0000] {processor.py:176} INFO - Processing /home/airflow/.local/lib/python3.7/site-packages/airflow/example_dags/example_branch_datetime_operator.py took 0.090 seconds
[2022-11-09T03:35:51.113+0000] {processor.py:154} INFO - Started process (PID=31304) to work on /home/airflow/.local/lib/python3.7/site-packages/airflow/example_dags/example_branch_datetime_operator.py
[2022-11-09T03:35:51.114+0000] {processor.py:756} INFO - Processing file /home/airflow/.local/lib/python3.7/site-packages/airflow/example_dags/example_branch_datetime_operator.py for tasks to queue
[2022-11-09T03:35:51.115+0000] {logging_mixin.py:120} INFO - [2022-11-09T03:35:51.115+0000] {dagbag.py:537} INFO - Filling up the DagBag from /home/airflow/.local/lib/python3.7/site-packages/airflow/example_dags/example_branch_datetime_operator.py
[2022-11-09T03:35:51.132+0000] {processor.py:766} INFO - DAG(s) dict_keys(['example_branch_datetime_operator', 'example_branch_datetime_operator_3', 'example_branch_datetime_operator_2']) retrieved from /home/airflow/.local/lib/python3.7/site-packages/airflow/example_dags/example_branch_datetime_operator.py
[2022-11-09T03:35:51.166+0000] {logging_mixin.py:120} INFO - [2022-11-09T03:35:51.166+0000] {dag.py:2585} INFO - Sync 3 DAGs
[2022-11-09T03:35:51.185+0000] {logging_mixin.py:120} INFO - [2022-11-09T03:35:51.184+0000] {dag.py:3340} INFO - Setting next_dagrun for example_branch_datetime_operator to 2022-11-08T00:00:00+00:00, run_after=2022-11-09T00:00:00+00:00
[2022-11-09T03:35:51.188+0000] {logging_mixin.py:120} INFO - [2022-11-09T03:35:51.188+0000] {dag.py:3340} INFO - Setting next_dagrun for example_branch_datetime_operator_2 to 2022-11-08T00:00:00+00:00, run_after=2022-11-09T00:00:00+00:00
[2022-11-09T03:35:51.189+0000] {logging_mixin.py:120} INFO - [2022-11-09T03:35:51.189+0000] {dag.py:3340} INFO - Setting next_dagrun for example_branch_datetime_operator_3 to 2022-11-08T00:00:00+00:00, run_after=2022-11-09T00:00:00+00:00
[2022-11-09T03:35:51.200+0000] {processor.py:176} INFO - Processing /home/airflow/.local/lib/python3.7/site-packages/airflow/example_dags/example_branch_datetime_operator.py took 0.093 seconds
[2022-11-09T03:58:26.694+0000] {processor.py:154} INFO - Started process (PID=31351) to work on /home/airflow/.local/lib/python3.7/site-packages/airflow/example_dags/example_branch_datetime_operator.py
[2022-11-09T03:58:26.695+0000] {processor.py:756} INFO - Processing file /home/airflow/.local/lib/python3.7/site-packages/airflow/example_dags/example_branch_datetime_operator.py for tasks to queue
[2022-11-09T03:58:26.697+0000] {logging_mixin.py:120} INFO - [2022-11-09T03:58:26.697+0000] {dagbag.py:537} INFO - Filling up the DagBag from /home/airflow/.local/lib/python3.7/site-packages/airflow/example_dags/example_branch_datetime_operator.py
[2022-11-09T03:58:26.730+0000] {processor.py:766} INFO - DAG(s) dict_keys(['example_branch_datetime_operator', 'example_branch_datetime_operator_2', 'example_branch_datetime_operator_3']) retrieved from /home/airflow/.local/lib/python3.7/site-packages/airflow/example_dags/example_branch_datetime_operator.py
[2022-11-09T03:58:26.792+0000] {logging_mixin.py:120} INFO - [2022-11-09T03:58:26.791+0000] {dag.py:2585} INFO - Sync 3 DAGs
[2022-11-09T03:58:26.823+0000] {logging_mixin.py:120} INFO - [2022-11-09T03:58:26.823+0000] {dag.py:3340} INFO - Setting next_dagrun for example_branch_datetime_operator to 2022-11-08T00:00:00+00:00, run_after=2022-11-09T00:00:00+00:00
[2022-11-09T03:58:26.833+0000] {logging_mixin.py:120} INFO - [2022-11-09T03:58:26.833+0000] {dag.py:3340} INFO - Setting next_dagrun for example_branch_datetime_operator_2 to 2022-11-08T00:00:00+00:00, run_after=2022-11-09T00:00:00+00:00
[2022-11-09T03:58:26.852+0000] {logging_mixin.py:120} INFO - [2022-11-09T03:58:26.852+0000] {dag.py:3340} INFO - Setting next_dagrun for example_branch_datetime_operator_3 to 2022-11-08T00:00:00+00:00, run_after=2022-11-09T00:00:00+00:00
[2022-11-09T03:58:26.922+0000] {processor.py:176} INFO - Processing /home/airflow/.local/lib/python3.7/site-packages/airflow/example_dags/example_branch_datetime_operator.py took 0.236 seconds
[2022-11-09T03:58:57.389+0000] {processor.py:154} INFO - Started process (PID=31421) to work on /home/airflow/.local/lib/python3.7/site-packages/airflow/example_dags/example_branch_datetime_operator.py
[2022-11-09T03:58:57.390+0000] {processor.py:756} INFO - Processing file /home/airflow/.local/lib/python3.7/site-packages/airflow/example_dags/example_branch_datetime_operator.py for tasks to queue
[2022-11-09T03:58:57.390+0000] {logging_mixin.py:120} INFO - [2022-11-09T03:58:57.390+0000] {dagbag.py:537} INFO - Filling up the DagBag from /home/airflow/.local/lib/python3.7/site-packages/airflow/example_dags/example_branch_datetime_operator.py
[2022-11-09T03:58:57.401+0000] {processor.py:766} INFO - DAG(s) dict_keys(['example_branch_datetime_operator_2', 'example_branch_datetime_operator', 'example_branch_datetime_operator_3']) retrieved from /home/airflow/.local/lib/python3.7/site-packages/airflow/example_dags/example_branch_datetime_operator.py
[2022-11-09T03:58:57.428+0000] {logging_mixin.py:120} INFO - [2022-11-09T03:58:57.428+0000] {dag.py:2585} INFO - Sync 3 DAGs
[2022-11-09T03:58:57.445+0000] {logging_mixin.py:120} INFO - [2022-11-09T03:58:57.445+0000] {dag.py:3340} INFO - Setting next_dagrun for example_branch_datetime_operator to 2022-11-08T00:00:00+00:00, run_after=2022-11-09T00:00:00+00:00
[2022-11-09T03:58:57.448+0000] {logging_mixin.py:120} INFO - [2022-11-09T03:58:57.448+0000] {dag.py:3340} INFO - Setting next_dagrun for example_branch_datetime_operator_2 to 2022-11-08T00:00:00+00:00, run_after=2022-11-09T00:00:00+00:00
[2022-11-09T03:58:57.450+0000] {logging_mixin.py:120} INFO - [2022-11-09T03:58:57.450+0000] {dag.py:3340} INFO - Setting next_dagrun for example_branch_datetime_operator_3 to 2022-11-08T00:00:00+00:00, run_after=2022-11-09T00:00:00+00:00
[2022-11-09T03:58:57.466+0000] {processor.py:176} INFO - Processing /home/airflow/.local/lib/python3.7/site-packages/airflow/example_dags/example_branch_datetime_operator.py took 0.079 seconds
[2022-11-09T03:59:28.337+0000] {processor.py:154} INFO - Started process (PID=31493) to work on /home/airflow/.local/lib/python3.7/site-packages/airflow/example_dags/example_branch_datetime_operator.py
[2022-11-09T03:59:28.338+0000] {processor.py:756} INFO - Processing file /home/airflow/.local/lib/python3.7/site-packages/airflow/example_dags/example_branch_datetime_operator.py for tasks to queue
[2022-11-09T03:59:28.338+0000] {logging_mixin.py:120} INFO - [2022-11-09T03:59:28.338+0000] {dagbag.py:537} INFO - Filling up the DagBag from /home/airflow/.local/lib/python3.7/site-packages/airflow/example_dags/example_branch_datetime_operator.py
[2022-11-09T03:59:28.348+0000] {processor.py:766} INFO - DAG(s) dict_keys(['example_branch_datetime_operator_3', 'example_branch_datetime_operator', 'example_branch_datetime_operator_2']) retrieved from /home/airflow/.local/lib/python3.7/site-packages/airflow/example_dags/example_branch_datetime_operator.py
[2022-11-09T03:59:28.372+0000] {logging_mixin.py:120} INFO - [2022-11-09T03:59:28.372+0000] {dag.py:2585} INFO - Sync 3 DAGs
[2022-11-09T03:59:28.385+0000] {logging_mixin.py:120} INFO - [2022-11-09T03:59:28.385+0000] {dag.py:3340} INFO - Setting next_dagrun for example_branch_datetime_operator to 2022-11-08T00:00:00+00:00, run_after=2022-11-09T00:00:00+00:00
[2022-11-09T03:59:28.388+0000] {logging_mixin.py:120} INFO - [2022-11-09T03:59:28.388+0000] {dag.py:3340} INFO - Setting next_dagrun for example_branch_datetime_operator_2 to 2022-11-08T00:00:00+00:00, run_after=2022-11-09T00:00:00+00:00
[2022-11-09T03:59:28.389+0000] {logging_mixin.py:120} INFO - [2022-11-09T03:59:28.389+0000] {dag.py:3340} INFO - Setting next_dagrun for example_branch_datetime_operator_3 to 2022-11-08T00:00:00+00:00, run_after=2022-11-09T00:00:00+00:00
[2022-11-09T03:59:28.426+0000] {processor.py:176} INFO - Processing /home/airflow/.local/lib/python3.7/site-packages/airflow/example_dags/example_branch_datetime_operator.py took 0.090 seconds
[2022-11-09T03:59:59.260+0000] {processor.py:154} INFO - Started process (PID=31550) to work on /home/airflow/.local/lib/python3.7/site-packages/airflow/example_dags/example_branch_datetime_operator.py
[2022-11-09T03:59:59.261+0000] {processor.py:756} INFO - Processing file /home/airflow/.local/lib/python3.7/site-packages/airflow/example_dags/example_branch_datetime_operator.py for tasks to queue
[2022-11-09T03:59:59.262+0000] {logging_mixin.py:120} INFO - [2022-11-09T03:59:59.262+0000] {dagbag.py:537} INFO - Filling up the DagBag from /home/airflow/.local/lib/python3.7/site-packages/airflow/example_dags/example_branch_datetime_operator.py
[2022-11-09T03:59:59.273+0000] {processor.py:766} INFO - DAG(s) dict_keys(['example_branch_datetime_operator_2', 'example_branch_datetime_operator_3', 'example_branch_datetime_operator']) retrieved from /home/airflow/.local/lib/python3.7/site-packages/airflow/example_dags/example_branch_datetime_operator.py
[2022-11-09T03:59:59.302+0000] {logging_mixin.py:120} INFO - [2022-11-09T03:59:59.301+0000] {dag.py:2585} INFO - Sync 3 DAGs
[2022-11-09T03:59:59.318+0000] {logging_mixin.py:120} INFO - [2022-11-09T03:59:59.318+0000] {dag.py:3340} INFO - Setting next_dagrun for example_branch_datetime_operator to 2022-11-08T00:00:00+00:00, run_after=2022-11-09T00:00:00+00:00
[2022-11-09T03:59:59.320+0000] {logging_mixin.py:120} INFO - [2022-11-09T03:59:59.320+0000] {dag.py:3340} INFO - Setting next_dagrun for example_branch_datetime_operator_2 to 2022-11-08T00:00:00+00:00, run_after=2022-11-09T00:00:00+00:00
[2022-11-09T03:59:59.322+0000] {logging_mixin.py:120} INFO - [2022-11-09T03:59:59.322+0000] {dag.py:3340} INFO - Setting next_dagrun for example_branch_datetime_operator_3 to 2022-11-08T00:00:00+00:00, run_after=2022-11-09T00:00:00+00:00
[2022-11-09T03:59:59.333+0000] {processor.py:176} INFO - Processing /home/airflow/.local/lib/python3.7/site-packages/airflow/example_dags/example_branch_datetime_operator.py took 0.075 seconds
[2022-11-09T04:00:30.138+0000] {processor.py:154} INFO - Started process (PID=31616) to work on /home/airflow/.local/lib/python3.7/site-packages/airflow/example_dags/example_branch_datetime_operator.py
[2022-11-09T04:00:30.139+0000] {processor.py:756} INFO - Processing file /home/airflow/.local/lib/python3.7/site-packages/airflow/example_dags/example_branch_datetime_operator.py for tasks to queue
[2022-11-09T04:00:30.139+0000] {logging_mixin.py:120} INFO - [2022-11-09T04:00:30.139+0000] {dagbag.py:537} INFO - Filling up the DagBag from /home/airflow/.local/lib/python3.7/site-packages/airflow/example_dags/example_branch_datetime_operator.py
[2022-11-09T04:00:30.150+0000] {processor.py:766} INFO - DAG(s) dict_keys(['example_branch_datetime_operator_3', 'example_branch_datetime_operator', 'example_branch_datetime_operator_2']) retrieved from /home/airflow/.local/lib/python3.7/site-packages/airflow/example_dags/example_branch_datetime_operator.py
[2022-11-09T04:00:30.175+0000] {logging_mixin.py:120} INFO - [2022-11-09T04:00:30.175+0000] {dag.py:2585} INFO - Sync 3 DAGs
[2022-11-09T04:00:30.189+0000] {logging_mixin.py:120} INFO - [2022-11-09T04:00:30.189+0000] {dag.py:3340} INFO - Setting next_dagrun for example_branch_datetime_operator to 2022-11-08T00:00:00+00:00, run_after=2022-11-09T00:00:00+00:00
[2022-11-09T04:00:30.192+0000] {logging_mixin.py:120} INFO - [2022-11-09T04:00:30.192+0000] {dag.py:3340} INFO - Setting next_dagrun for example_branch_datetime_operator_2 to 2022-11-08T00:00:00+00:00, run_after=2022-11-09T00:00:00+00:00
[2022-11-09T04:00:30.193+0000] {logging_mixin.py:120} INFO - [2022-11-09T04:00:30.193+0000] {dag.py:3340} INFO - Setting next_dagrun for example_branch_datetime_operator_3 to 2022-11-08T00:00:00+00:00, run_after=2022-11-09T00:00:00+00:00
[2022-11-09T04:00:30.202+0000] {processor.py:176} INFO - Processing /home/airflow/.local/lib/python3.7/site-packages/airflow/example_dags/example_branch_datetime_operator.py took 0.065 seconds
[2022-11-09T04:01:01.271+0000] {processor.py:154} INFO - Started process (PID=31681) to work on /home/airflow/.local/lib/python3.7/site-packages/airflow/example_dags/example_branch_datetime_operator.py
[2022-11-09T04:01:01.271+0000] {processor.py:756} INFO - Processing file /home/airflow/.local/lib/python3.7/site-packages/airflow/example_dags/example_branch_datetime_operator.py for tasks to queue
[2022-11-09T04:01:01.272+0000] {logging_mixin.py:120} INFO - [2022-11-09T04:01:01.272+0000] {dagbag.py:537} INFO - Filling up the DagBag from /home/airflow/.local/lib/python3.7/site-packages/airflow/example_dags/example_branch_datetime_operator.py
[2022-11-09T04:01:01.282+0000] {processor.py:766} INFO - DAG(s) dict_keys(['example_branch_datetime_operator_3', 'example_branch_datetime_operator_2', 'example_branch_datetime_operator']) retrieved from /home/airflow/.local/lib/python3.7/site-packages/airflow/example_dags/example_branch_datetime_operator.py
[2022-11-09T04:01:01.306+0000] {logging_mixin.py:120} INFO - [2022-11-09T04:01:01.306+0000] {dag.py:2585} INFO - Sync 3 DAGs
[2022-11-09T04:01:01.320+0000] {logging_mixin.py:120} INFO - [2022-11-09T04:01:01.320+0000] {dag.py:3340} INFO - Setting next_dagrun for example_branch_datetime_operator to 2022-11-08T00:00:00+00:00, run_after=2022-11-09T00:00:00+00:00
[2022-11-09T04:01:01.323+0000] {logging_mixin.py:120} INFO - [2022-11-09T04:01:01.323+0000] {dag.py:3340} INFO - Setting next_dagrun for example_branch_datetime_operator_2 to 2022-11-08T00:00:00+00:00, run_after=2022-11-09T00:00:00+00:00
[2022-11-09T04:01:01.324+0000] {logging_mixin.py:120} INFO - [2022-11-09T04:01:01.324+0000] {dag.py:3340} INFO - Setting next_dagrun for example_branch_datetime_operator_3 to 2022-11-08T00:00:00+00:00, run_after=2022-11-09T00:00:00+00:00
[2022-11-09T04:01:01.334+0000] {processor.py:176} INFO - Processing /home/airflow/.local/lib/python3.7/site-packages/airflow/example_dags/example_branch_datetime_operator.py took 0.065 seconds
[2022-11-09T04:01:31.423+0000] {processor.py:154} INFO - Started process (PID=31747) to work on /home/airflow/.local/lib/python3.7/site-packages/airflow/example_dags/example_branch_datetime_operator.py
[2022-11-09T04:01:31.424+0000] {processor.py:756} INFO - Processing file /home/airflow/.local/lib/python3.7/site-packages/airflow/example_dags/example_branch_datetime_operator.py for tasks to queue
[2022-11-09T04:01:31.424+0000] {logging_mixin.py:120} INFO - [2022-11-09T04:01:31.424+0000] {dagbag.py:537} INFO - Filling up the DagBag from /home/airflow/.local/lib/python3.7/site-packages/airflow/example_dags/example_branch_datetime_operator.py
[2022-11-09T04:01:31.434+0000] {processor.py:766} INFO - DAG(s) dict_keys(['example_branch_datetime_operator_2', 'example_branch_datetime_operator', 'example_branch_datetime_operator_3']) retrieved from /home/airflow/.local/lib/python3.7/site-packages/airflow/example_dags/example_branch_datetime_operator.py
[2022-11-09T04:01:31.459+0000] {logging_mixin.py:120} INFO - [2022-11-09T04:01:31.458+0000] {dag.py:2585} INFO - Sync 3 DAGs
[2022-11-09T04:01:31.471+0000] {logging_mixin.py:120} INFO - [2022-11-09T04:01:31.471+0000] {dag.py:3340} INFO - Setting next_dagrun for example_branch_datetime_operator to 2022-11-08T00:00:00+00:00, run_after=2022-11-09T00:00:00+00:00
[2022-11-09T04:01:31.474+0000] {logging_mixin.py:120} INFO - [2022-11-09T04:01:31.474+0000] {dag.py:3340} INFO - Setting next_dagrun for example_branch_datetime_operator_2 to 2022-11-08T00:00:00+00:00, run_after=2022-11-09T00:00:00+00:00
[2022-11-09T04:01:31.475+0000] {logging_mixin.py:120} INFO - [2022-11-09T04:01:31.475+0000] {dag.py:3340} INFO - Setting next_dagrun for example_branch_datetime_operator_3 to 2022-11-08T00:00:00+00:00, run_after=2022-11-09T00:00:00+00:00
[2022-11-09T04:01:31.484+0000] {processor.py:176} INFO - Processing /home/airflow/.local/lib/python3.7/site-packages/airflow/example_dags/example_branch_datetime_operator.py took 0.063 seconds
[2022-11-09T04:02:01.523+0000] {processor.py:154} INFO - Started process (PID=31817) to work on /home/airflow/.local/lib/python3.7/site-packages/airflow/example_dags/example_branch_datetime_operator.py
[2022-11-09T04:02:01.524+0000] {processor.py:756} INFO - Processing file /home/airflow/.local/lib/python3.7/site-packages/airflow/example_dags/example_branch_datetime_operator.py for tasks to queue
[2022-11-09T04:02:01.524+0000] {logging_mixin.py:120} INFO - [2022-11-09T04:02:01.524+0000] {dagbag.py:537} INFO - Filling up the DagBag from /home/airflow/.local/lib/python3.7/site-packages/airflow/example_dags/example_branch_datetime_operator.py
[2022-11-09T04:02:01.534+0000] {processor.py:766} INFO - DAG(s) dict_keys(['example_branch_datetime_operator_2', 'example_branch_datetime_operator', 'example_branch_datetime_operator_3']) retrieved from /home/airflow/.local/lib/python3.7/site-packages/airflow/example_dags/example_branch_datetime_operator.py
[2022-11-09T04:02:01.559+0000] {logging_mixin.py:120} INFO - [2022-11-09T04:02:01.559+0000] {dag.py:2585} INFO - Sync 3 DAGs
[2022-11-09T04:02:01.572+0000] {logging_mixin.py:120} INFO - [2022-11-09T04:02:01.572+0000] {dag.py:3340} INFO - Setting next_dagrun for example_branch_datetime_operator to 2022-11-08T00:00:00+00:00, run_after=2022-11-09T00:00:00+00:00
[2022-11-09T04:02:01.575+0000] {logging_mixin.py:120} INFO - [2022-11-09T04:02:01.575+0000] {dag.py:3340} INFO - Setting next_dagrun for example_branch_datetime_operator_2 to 2022-11-08T00:00:00+00:00, run_after=2022-11-09T00:00:00+00:00
[2022-11-09T04:02:01.576+0000] {logging_mixin.py:120} INFO - [2022-11-09T04:02:01.576+0000] {dag.py:3340} INFO - Setting next_dagrun for example_branch_datetime_operator_3 to 2022-11-08T00:00:00+00:00, run_after=2022-11-09T00:00:00+00:00
[2022-11-09T04:02:01.585+0000] {processor.py:176} INFO - Processing /home/airflow/.local/lib/python3.7/site-packages/airflow/example_dags/example_branch_datetime_operator.py took 0.064 seconds
[2022-11-09T04:02:31.684+0000] {processor.py:154} INFO - Started process (PID=31885) to work on /home/airflow/.local/lib/python3.7/site-packages/airflow/example_dags/example_branch_datetime_operator.py
[2022-11-09T04:02:31.684+0000] {processor.py:756} INFO - Processing file /home/airflow/.local/lib/python3.7/site-packages/airflow/example_dags/example_branch_datetime_operator.py for tasks to queue
[2022-11-09T04:02:31.685+0000] {logging_mixin.py:120} INFO - [2022-11-09T04:02:31.685+0000] {dagbag.py:537} INFO - Filling up the DagBag from /home/airflow/.local/lib/python3.7/site-packages/airflow/example_dags/example_branch_datetime_operator.py
[2022-11-09T04:02:31.695+0000] {processor.py:766} INFO - DAG(s) dict_keys(['example_branch_datetime_operator', 'example_branch_datetime_operator_3', 'example_branch_datetime_operator_2']) retrieved from /home/airflow/.local/lib/python3.7/site-packages/airflow/example_dags/example_branch_datetime_operator.py
[2022-11-09T04:02:31.724+0000] {logging_mixin.py:120} INFO - [2022-11-09T04:02:31.724+0000] {dag.py:2585} INFO - Sync 3 DAGs
[2022-11-09T04:02:31.740+0000] {logging_mixin.py:120} INFO - [2022-11-09T04:02:31.740+0000] {dag.py:3340} INFO - Setting next_dagrun for example_branch_datetime_operator to 2022-11-08T00:00:00+00:00, run_after=2022-11-09T00:00:00+00:00
[2022-11-09T04:02:31.743+0000] {logging_mixin.py:120} INFO - [2022-11-09T04:02:31.743+0000] {dag.py:3340} INFO - Setting next_dagrun for example_branch_datetime_operator_2 to 2022-11-08T00:00:00+00:00, run_after=2022-11-09T00:00:00+00:00
[2022-11-09T04:02:31.744+0000] {logging_mixin.py:120} INFO - [2022-11-09T04:02:31.744+0000] {dag.py:3340} INFO - Setting next_dagrun for example_branch_datetime_operator_3 to 2022-11-08T00:00:00+00:00, run_after=2022-11-09T00:00:00+00:00
[2022-11-09T04:02:31.755+0000] {processor.py:176} INFO - Processing /home/airflow/.local/lib/python3.7/site-packages/airflow/example_dags/example_branch_datetime_operator.py took 0.073 seconds
[2022-11-09T04:03:02.799+0000] {processor.py:154} INFO - Started process (PID=31950) to work on /home/airflow/.local/lib/python3.7/site-packages/airflow/example_dags/example_branch_datetime_operator.py
[2022-11-09T04:03:02.800+0000] {processor.py:756} INFO - Processing file /home/airflow/.local/lib/python3.7/site-packages/airflow/example_dags/example_branch_datetime_operator.py for tasks to queue
[2022-11-09T04:03:02.800+0000] {logging_mixin.py:120} INFO - [2022-11-09T04:03:02.800+0000] {dagbag.py:537} INFO - Filling up the DagBag from /home/airflow/.local/lib/python3.7/site-packages/airflow/example_dags/example_branch_datetime_operator.py
[2022-11-09T04:03:02.810+0000] {processor.py:766} INFO - DAG(s) dict_keys(['example_branch_datetime_operator_2', 'example_branch_datetime_operator_3', 'example_branch_datetime_operator']) retrieved from /home/airflow/.local/lib/python3.7/site-packages/airflow/example_dags/example_branch_datetime_operator.py
[2022-11-09T04:03:02.839+0000] {logging_mixin.py:120} INFO - [2022-11-09T04:03:02.838+0000] {dag.py:2585} INFO - Sync 3 DAGs
[2022-11-09T04:03:02.854+0000] {logging_mixin.py:120} INFO - [2022-11-09T04:03:02.854+0000] {dag.py:3340} INFO - Setting next_dagrun for example_branch_datetime_operator to 2022-11-08T00:00:00+00:00, run_after=2022-11-09T00:00:00+00:00
[2022-11-09T04:03:02.857+0000] {logging_mixin.py:120} INFO - [2022-11-09T04:03:02.857+0000] {dag.py:3340} INFO - Setting next_dagrun for example_branch_datetime_operator_2 to 2022-11-08T00:00:00+00:00, run_after=2022-11-09T00:00:00+00:00
[2022-11-09T04:03:02.858+0000] {logging_mixin.py:120} INFO - [2022-11-09T04:03:02.858+0000] {dag.py:3340} INFO - Setting next_dagrun for example_branch_datetime_operator_3 to 2022-11-08T00:00:00+00:00, run_after=2022-11-09T00:00:00+00:00
[2022-11-09T04:03:02.867+0000] {processor.py:176} INFO - Processing /home/airflow/.local/lib/python3.7/site-packages/airflow/example_dags/example_branch_datetime_operator.py took 0.070 seconds
[2022-11-09T04:03:33.110+0000] {processor.py:154} INFO - Started process (PID=32006) to work on /home/airflow/.local/lib/python3.7/site-packages/airflow/example_dags/example_branch_datetime_operator.py
[2022-11-09T04:03:33.110+0000] {processor.py:756} INFO - Processing file /home/airflow/.local/lib/python3.7/site-packages/airflow/example_dags/example_branch_datetime_operator.py for tasks to queue
[2022-11-09T04:03:33.111+0000] {logging_mixin.py:120} INFO - [2022-11-09T04:03:33.111+0000] {dagbag.py:537} INFO - Filling up the DagBag from /home/airflow/.local/lib/python3.7/site-packages/airflow/example_dags/example_branch_datetime_operator.py
[2022-11-09T04:03:33.127+0000] {processor.py:766} INFO - DAG(s) dict_keys(['example_branch_datetime_operator_3', 'example_branch_datetime_operator_2', 'example_branch_datetime_operator']) retrieved from /home/airflow/.local/lib/python3.7/site-packages/airflow/example_dags/example_branch_datetime_operator.py
[2022-11-09T04:03:33.153+0000] {logging_mixin.py:120} INFO - [2022-11-09T04:03:33.153+0000] {dag.py:2585} INFO - Sync 3 DAGs
[2022-11-09T04:03:33.167+0000] {logging_mixin.py:120} INFO - [2022-11-09T04:03:33.167+0000] {dag.py:3340} INFO - Setting next_dagrun for example_branch_datetime_operator to 2022-11-08T00:00:00+00:00, run_after=2022-11-09T00:00:00+00:00
[2022-11-09T04:03:33.169+0000] {logging_mixin.py:120} INFO - [2022-11-09T04:03:33.169+0000] {dag.py:3340} INFO - Setting next_dagrun for example_branch_datetime_operator_2 to 2022-11-08T00:00:00+00:00, run_after=2022-11-09T00:00:00+00:00
[2022-11-09T04:03:33.171+0000] {logging_mixin.py:120} INFO - [2022-11-09T04:03:33.171+0000] {dag.py:3340} INFO - Setting next_dagrun for example_branch_datetime_operator_3 to 2022-11-08T00:00:00+00:00, run_after=2022-11-09T00:00:00+00:00
[2022-11-09T04:03:33.181+0000] {processor.py:176} INFO - Processing /home/airflow/.local/lib/python3.7/site-packages/airflow/example_dags/example_branch_datetime_operator.py took 0.074 seconds
[2022-11-09T04:04:04.170+0000] {processor.py:154} INFO - Started process (PID=32075) to work on /home/airflow/.local/lib/python3.7/site-packages/airflow/example_dags/example_branch_datetime_operator.py
[2022-11-09T04:04:04.170+0000] {processor.py:756} INFO - Processing file /home/airflow/.local/lib/python3.7/site-packages/airflow/example_dags/example_branch_datetime_operator.py for tasks to queue
[2022-11-09T04:04:04.171+0000] {logging_mixin.py:120} INFO - [2022-11-09T04:04:04.171+0000] {dagbag.py:537} INFO - Filling up the DagBag from /home/airflow/.local/lib/python3.7/site-packages/airflow/example_dags/example_branch_datetime_operator.py
[2022-11-09T04:04:04.181+0000] {processor.py:766} INFO - DAG(s) dict_keys(['example_branch_datetime_operator_2', 'example_branch_datetime_operator_3', 'example_branch_datetime_operator']) retrieved from /home/airflow/.local/lib/python3.7/site-packages/airflow/example_dags/example_branch_datetime_operator.py
[2022-11-09T04:04:04.208+0000] {logging_mixin.py:120} INFO - [2022-11-09T04:04:04.208+0000] {dag.py:2585} INFO - Sync 3 DAGs
[2022-11-09T04:04:04.223+0000] {logging_mixin.py:120} INFO - [2022-11-09T04:04:04.223+0000] {dag.py:3340} INFO - Setting next_dagrun for example_branch_datetime_operator to 2022-11-08T00:00:00+00:00, run_after=2022-11-09T00:00:00+00:00
[2022-11-09T04:04:04.225+0000] {logging_mixin.py:120} INFO - [2022-11-09T04:04:04.225+0000] {dag.py:3340} INFO - Setting next_dagrun for example_branch_datetime_operator_2 to 2022-11-08T00:00:00+00:00, run_after=2022-11-09T00:00:00+00:00
[2022-11-09T04:04:04.227+0000] {logging_mixin.py:120} INFO - [2022-11-09T04:04:04.227+0000] {dag.py:3340} INFO - Setting next_dagrun for example_branch_datetime_operator_3 to 2022-11-08T00:00:00+00:00, run_after=2022-11-09T00:00:00+00:00
[2022-11-09T04:04:04.237+0000] {processor.py:176} INFO - Processing /home/airflow/.local/lib/python3.7/site-packages/airflow/example_dags/example_branch_datetime_operator.py took 0.069 seconds
[2022-11-09T04:04:35.279+0000] {processor.py:154} INFO - Started process (PID=32146) to work on /home/airflow/.local/lib/python3.7/site-packages/airflow/example_dags/example_branch_datetime_operator.py
[2022-11-09T04:04:35.280+0000] {processor.py:756} INFO - Processing file /home/airflow/.local/lib/python3.7/site-packages/airflow/example_dags/example_branch_datetime_operator.py for tasks to queue
[2022-11-09T04:04:35.281+0000] {logging_mixin.py:120} INFO - [2022-11-09T04:04:35.281+0000] {dagbag.py:537} INFO - Filling up the DagBag from /home/airflow/.local/lib/python3.7/site-packages/airflow/example_dags/example_branch_datetime_operator.py
[2022-11-09T04:04:35.292+0000] {processor.py:766} INFO - DAG(s) dict_keys(['example_branch_datetime_operator_3', 'example_branch_datetime_operator', 'example_branch_datetime_operator_2']) retrieved from /home/airflow/.local/lib/python3.7/site-packages/airflow/example_dags/example_branch_datetime_operator.py
[2022-11-09T04:04:35.318+0000] {logging_mixin.py:120} INFO - [2022-11-09T04:04:35.318+0000] {dag.py:2585} INFO - Sync 3 DAGs
[2022-11-09T04:04:35.332+0000] {logging_mixin.py:120} INFO - [2022-11-09T04:04:35.332+0000] {dag.py:3340} INFO - Setting next_dagrun for example_branch_datetime_operator to 2022-11-08T00:00:00+00:00, run_after=2022-11-09T00:00:00+00:00
[2022-11-09T04:04:35.335+0000] {logging_mixin.py:120} INFO - [2022-11-09T04:04:35.335+0000] {dag.py:3340} INFO - Setting next_dagrun for example_branch_datetime_operator_2 to 2022-11-08T00:00:00+00:00, run_after=2022-11-09T00:00:00+00:00
[2022-11-09T04:04:35.336+0000] {logging_mixin.py:120} INFO - [2022-11-09T04:04:35.336+0000] {dag.py:3340} INFO - Setting next_dagrun for example_branch_datetime_operator_3 to 2022-11-08T00:00:00+00:00, run_after=2022-11-09T00:00:00+00:00
[2022-11-09T04:04:35.346+0000] {processor.py:176} INFO - Processing /home/airflow/.local/lib/python3.7/site-packages/airflow/example_dags/example_branch_datetime_operator.py took 0.069 seconds
[2022-11-09T04:05:06.332+0000] {processor.py:154} INFO - Started process (PID=32213) to work on /home/airflow/.local/lib/python3.7/site-packages/airflow/example_dags/example_branch_datetime_operator.py
[2022-11-09T04:05:06.333+0000] {processor.py:756} INFO - Processing file /home/airflow/.local/lib/python3.7/site-packages/airflow/example_dags/example_branch_datetime_operator.py for tasks to queue
[2022-11-09T04:05:06.333+0000] {logging_mixin.py:120} INFO - [2022-11-09T04:05:06.333+0000] {dagbag.py:537} INFO - Filling up the DagBag from /home/airflow/.local/lib/python3.7/site-packages/airflow/example_dags/example_branch_datetime_operator.py
[2022-11-09T04:05:06.343+0000] {processor.py:766} INFO - DAG(s) dict_keys(['example_branch_datetime_operator_3', 'example_branch_datetime_operator_2', 'example_branch_datetime_operator']) retrieved from /home/airflow/.local/lib/python3.7/site-packages/airflow/example_dags/example_branch_datetime_operator.py
[2022-11-09T04:05:06.367+0000] {logging_mixin.py:120} INFO - [2022-11-09T04:05:06.367+0000] {dag.py:2585} INFO - Sync 3 DAGs
[2022-11-09T04:05:06.381+0000] {logging_mixin.py:120} INFO - [2022-11-09T04:05:06.381+0000] {dag.py:3340} INFO - Setting next_dagrun for example_branch_datetime_operator to 2022-11-08T00:00:00+00:00, run_after=2022-11-09T00:00:00+00:00
[2022-11-09T04:05:06.384+0000] {logging_mixin.py:120} INFO - [2022-11-09T04:05:06.384+0000] {dag.py:3340} INFO - Setting next_dagrun for example_branch_datetime_operator_2 to 2022-11-08T00:00:00+00:00, run_after=2022-11-09T00:00:00+00:00
[2022-11-09T04:05:06.385+0000] {logging_mixin.py:120} INFO - [2022-11-09T04:05:06.385+0000] {dag.py:3340} INFO - Setting next_dagrun for example_branch_datetime_operator_3 to 2022-11-08T00:00:00+00:00, run_after=2022-11-09T00:00:00+00:00
[2022-11-09T04:05:06.395+0000] {processor.py:176} INFO - Processing /home/airflow/.local/lib/python3.7/site-packages/airflow/example_dags/example_branch_datetime_operator.py took 0.064 seconds
[2022-11-09T04:05:37.197+0000] {processor.py:154} INFO - Started process (PID=32278) to work on /home/airflow/.local/lib/python3.7/site-packages/airflow/example_dags/example_branch_datetime_operator.py
[2022-11-09T04:05:37.198+0000] {processor.py:756} INFO - Processing file /home/airflow/.local/lib/python3.7/site-packages/airflow/example_dags/example_branch_datetime_operator.py for tasks to queue
[2022-11-09T04:05:37.198+0000] {logging_mixin.py:120} INFO - [2022-11-09T04:05:37.198+0000] {dagbag.py:537} INFO - Filling up the DagBag from /home/airflow/.local/lib/python3.7/site-packages/airflow/example_dags/example_branch_datetime_operator.py
[2022-11-09T04:05:37.207+0000] {processor.py:766} INFO - DAG(s) dict_keys(['example_branch_datetime_operator', 'example_branch_datetime_operator_2', 'example_branch_datetime_operator_3']) retrieved from /home/airflow/.local/lib/python3.7/site-packages/airflow/example_dags/example_branch_datetime_operator.py
[2022-11-09T04:05:37.233+0000] {logging_mixin.py:120} INFO - [2022-11-09T04:05:37.233+0000] {dag.py:2585} INFO - Sync 3 DAGs
[2022-11-09T04:05:37.247+0000] {logging_mixin.py:120} INFO - [2022-11-09T04:05:37.247+0000] {dag.py:3340} INFO - Setting next_dagrun for example_branch_datetime_operator to 2022-11-08T00:00:00+00:00, run_after=2022-11-09T00:00:00+00:00
[2022-11-09T04:05:37.250+0000] {logging_mixin.py:120} INFO - [2022-11-09T04:05:37.249+0000] {dag.py:3340} INFO - Setting next_dagrun for example_branch_datetime_operator_2 to 2022-11-08T00:00:00+00:00, run_after=2022-11-09T00:00:00+00:00
[2022-11-09T04:05:37.251+0000] {logging_mixin.py:120} INFO - [2022-11-09T04:05:37.251+0000] {dag.py:3340} INFO - Setting next_dagrun for example_branch_datetime_operator_3 to 2022-11-08T00:00:00+00:00, run_after=2022-11-09T00:00:00+00:00
[2022-11-09T04:05:37.262+0000] {processor.py:176} INFO - Processing /home/airflow/.local/lib/python3.7/site-packages/airflow/example_dags/example_branch_datetime_operator.py took 0.066 seconds
[2022-11-09T04:06:07.994+0000] {processor.py:154} INFO - Started process (PID=32343) to work on /home/airflow/.local/lib/python3.7/site-packages/airflow/example_dags/example_branch_datetime_operator.py
[2022-11-09T04:06:07.995+0000] {processor.py:756} INFO - Processing file /home/airflow/.local/lib/python3.7/site-packages/airflow/example_dags/example_branch_datetime_operator.py for tasks to queue
[2022-11-09T04:06:07.995+0000] {logging_mixin.py:120} INFO - [2022-11-09T04:06:07.995+0000] {dagbag.py:537} INFO - Filling up the DagBag from /home/airflow/.local/lib/python3.7/site-packages/airflow/example_dags/example_branch_datetime_operator.py
[2022-11-09T04:06:08.005+0000] {processor.py:766} INFO - DAG(s) dict_keys(['example_branch_datetime_operator_3', 'example_branch_datetime_operator', 'example_branch_datetime_operator_2']) retrieved from /home/airflow/.local/lib/python3.7/site-packages/airflow/example_dags/example_branch_datetime_operator.py
[2022-11-09T04:06:08.029+0000] {logging_mixin.py:120} INFO - [2022-11-09T04:06:08.029+0000] {dag.py:2585} INFO - Sync 3 DAGs
[2022-11-09T04:06:08.042+0000] {logging_mixin.py:120} INFO - [2022-11-09T04:06:08.042+0000] {dag.py:3340} INFO - Setting next_dagrun for example_branch_datetime_operator to 2022-11-08T00:00:00+00:00, run_after=2022-11-09T00:00:00+00:00
[2022-11-09T04:06:08.045+0000] {logging_mixin.py:120} INFO - [2022-11-09T04:06:08.045+0000] {dag.py:3340} INFO - Setting next_dagrun for example_branch_datetime_operator_2 to 2022-11-08T00:00:00+00:00, run_after=2022-11-09T00:00:00+00:00
[2022-11-09T04:06:08.046+0000] {logging_mixin.py:120} INFO - [2022-11-09T04:06:08.046+0000] {dag.py:3340} INFO - Setting next_dagrun for example_branch_datetime_operator_3 to 2022-11-08T00:00:00+00:00, run_after=2022-11-09T00:00:00+00:00
[2022-11-09T04:06:08.057+0000] {processor.py:176} INFO - Processing /home/airflow/.local/lib/python3.7/site-packages/airflow/example_dags/example_branch_datetime_operator.py took 0.065 seconds
[2022-11-09T04:06:38.929+0000] {processor.py:154} INFO - Started process (PID=32412) to work on /home/airflow/.local/lib/python3.7/site-packages/airflow/example_dags/example_branch_datetime_operator.py
[2022-11-09T04:06:38.930+0000] {processor.py:756} INFO - Processing file /home/airflow/.local/lib/python3.7/site-packages/airflow/example_dags/example_branch_datetime_operator.py for tasks to queue
[2022-11-09T04:06:38.930+0000] {logging_mixin.py:120} INFO - [2022-11-09T04:06:38.930+0000] {dagbag.py:537} INFO - Filling up the DagBag from /home/airflow/.local/lib/python3.7/site-packages/airflow/example_dags/example_branch_datetime_operator.py
[2022-11-09T04:06:38.939+0000] {processor.py:766} INFO - DAG(s) dict_keys(['example_branch_datetime_operator', 'example_branch_datetime_operator_3', 'example_branch_datetime_operator_2']) retrieved from /home/airflow/.local/lib/python3.7/site-packages/airflow/example_dags/example_branch_datetime_operator.py
[2022-11-09T04:06:38.965+0000] {logging_mixin.py:120} INFO - [2022-11-09T04:06:38.965+0000] {dag.py:2585} INFO - Sync 3 DAGs
[2022-11-09T04:06:38.980+0000] {logging_mixin.py:120} INFO - [2022-11-09T04:06:38.980+0000] {dag.py:3340} INFO - Setting next_dagrun for example_branch_datetime_operator to 2022-11-08T00:00:00+00:00, run_after=2022-11-09T00:00:00+00:00
[2022-11-09T04:06:38.982+0000] {logging_mixin.py:120} INFO - [2022-11-09T04:06:38.982+0000] {dag.py:3340} INFO - Setting next_dagrun for example_branch_datetime_operator_2 to 2022-11-08T00:00:00+00:00, run_after=2022-11-09T00:00:00+00:00
[2022-11-09T04:06:38.984+0000] {logging_mixin.py:120} INFO - [2022-11-09T04:06:38.984+0000] {dag.py:3340} INFO - Setting next_dagrun for example_branch_datetime_operator_3 to 2022-11-08T00:00:00+00:00, run_after=2022-11-09T00:00:00+00:00
[2022-11-09T04:06:38.994+0000] {processor.py:176} INFO - Processing /home/airflow/.local/lib/python3.7/site-packages/airflow/example_dags/example_branch_datetime_operator.py took 0.067 seconds
[2022-11-09T04:17:38.344+0000] {processor.py:154} INFO - Started process (PID=32471) to work on /home/airflow/.local/lib/python3.7/site-packages/airflow/example_dags/example_branch_datetime_operator.py
[2022-11-09T04:17:38.349+0000] {processor.py:756} INFO - Processing file /home/airflow/.local/lib/python3.7/site-packages/airflow/example_dags/example_branch_datetime_operator.py for tasks to queue
[2022-11-09T04:17:38.350+0000] {logging_mixin.py:120} INFO - [2022-11-09T04:17:38.350+0000] {dagbag.py:537} INFO - Filling up the DagBag from /home/airflow/.local/lib/python3.7/site-packages/airflow/example_dags/example_branch_datetime_operator.py
[2022-11-09T04:17:38.382+0000] {processor.py:766} INFO - DAG(s) dict_keys(['example_branch_datetime_operator_3', 'example_branch_datetime_operator_2', 'example_branch_datetime_operator']) retrieved from /home/airflow/.local/lib/python3.7/site-packages/airflow/example_dags/example_branch_datetime_operator.py
[2022-11-09T04:17:38.464+0000] {logging_mixin.py:120} INFO - [2022-11-09T04:17:38.464+0000] {dag.py:2585} INFO - Sync 3 DAGs
[2022-11-09T04:17:38.502+0000] {logging_mixin.py:120} INFO - [2022-11-09T04:17:38.502+0000] {dag.py:3340} INFO - Setting next_dagrun for example_branch_datetime_operator to 2022-11-08T00:00:00+00:00, run_after=2022-11-09T00:00:00+00:00
[2022-11-09T04:17:38.505+0000] {logging_mixin.py:120} INFO - [2022-11-09T04:17:38.505+0000] {dag.py:3340} INFO - Setting next_dagrun for example_branch_datetime_operator_2 to 2022-11-08T00:00:00+00:00, run_after=2022-11-09T00:00:00+00:00
[2022-11-09T04:17:38.507+0000] {logging_mixin.py:120} INFO - [2022-11-09T04:17:38.506+0000] {dag.py:3340} INFO - Setting next_dagrun for example_branch_datetime_operator_3 to 2022-11-08T00:00:00+00:00, run_after=2022-11-09T00:00:00+00:00
[2022-11-09T04:17:38.532+0000] {processor.py:176} INFO - Processing /home/airflow/.local/lib/python3.7/site-packages/airflow/example_dags/example_branch_datetime_operator.py took 0.193 seconds
[2022-11-09T04:18:08.575+0000] {processor.py:154} INFO - Started process (PID=32538) to work on /home/airflow/.local/lib/python3.7/site-packages/airflow/example_dags/example_branch_datetime_operator.py
[2022-11-09T04:18:08.576+0000] {processor.py:756} INFO - Processing file /home/airflow/.local/lib/python3.7/site-packages/airflow/example_dags/example_branch_datetime_operator.py for tasks to queue
[2022-11-09T04:18:08.576+0000] {logging_mixin.py:120} INFO - [2022-11-09T04:18:08.576+0000] {dagbag.py:537} INFO - Filling up the DagBag from /home/airflow/.local/lib/python3.7/site-packages/airflow/example_dags/example_branch_datetime_operator.py
[2022-11-09T04:18:08.586+0000] {processor.py:766} INFO - DAG(s) dict_keys(['example_branch_datetime_operator', 'example_branch_datetime_operator_2', 'example_branch_datetime_operator_3']) retrieved from /home/airflow/.local/lib/python3.7/site-packages/airflow/example_dags/example_branch_datetime_operator.py
[2022-11-09T04:18:08.611+0000] {logging_mixin.py:120} INFO - [2022-11-09T04:18:08.611+0000] {dag.py:2585} INFO - Sync 3 DAGs
[2022-11-09T04:18:08.624+0000] {logging_mixin.py:120} INFO - [2022-11-09T04:18:08.624+0000] {dag.py:3340} INFO - Setting next_dagrun for example_branch_datetime_operator to 2022-11-08T00:00:00+00:00, run_after=2022-11-09T00:00:00+00:00
[2022-11-09T04:18:08.626+0000] {logging_mixin.py:120} INFO - [2022-11-09T04:18:08.626+0000] {dag.py:3340} INFO - Setting next_dagrun for example_branch_datetime_operator_2 to 2022-11-08T00:00:00+00:00, run_after=2022-11-09T00:00:00+00:00
[2022-11-09T04:18:08.628+0000] {logging_mixin.py:120} INFO - [2022-11-09T04:18:08.628+0000] {dag.py:3340} INFO - Setting next_dagrun for example_branch_datetime_operator_3 to 2022-11-08T00:00:00+00:00, run_after=2022-11-09T00:00:00+00:00
[2022-11-09T04:18:08.636+0000] {processor.py:176} INFO - Processing /home/airflow/.local/lib/python3.7/site-packages/airflow/example_dags/example_branch_datetime_operator.py took 0.063 seconds
[2022-11-09T04:18:39.654+0000] {processor.py:154} INFO - Started process (PID=32605) to work on /home/airflow/.local/lib/python3.7/site-packages/airflow/example_dags/example_branch_datetime_operator.py
[2022-11-09T04:18:39.654+0000] {processor.py:756} INFO - Processing file /home/airflow/.local/lib/python3.7/site-packages/airflow/example_dags/example_branch_datetime_operator.py for tasks to queue
[2022-11-09T04:18:39.655+0000] {logging_mixin.py:120} INFO - [2022-11-09T04:18:39.655+0000] {dagbag.py:537} INFO - Filling up the DagBag from /home/airflow/.local/lib/python3.7/site-packages/airflow/example_dags/example_branch_datetime_operator.py
[2022-11-09T04:18:39.665+0000] {processor.py:766} INFO - DAG(s) dict_keys(['example_branch_datetime_operator_3', 'example_branch_datetime_operator', 'example_branch_datetime_operator_2']) retrieved from /home/airflow/.local/lib/python3.7/site-packages/airflow/example_dags/example_branch_datetime_operator.py
[2022-11-09T04:18:39.692+0000] {logging_mixin.py:120} INFO - [2022-11-09T04:18:39.692+0000] {dag.py:2585} INFO - Sync 3 DAGs
[2022-11-09T04:18:39.705+0000] {logging_mixin.py:120} INFO - [2022-11-09T04:18:39.705+0000] {dag.py:3340} INFO - Setting next_dagrun for example_branch_datetime_operator to 2022-11-08T00:00:00+00:00, run_after=2022-11-09T00:00:00+00:00
[2022-11-09T04:18:39.708+0000] {logging_mixin.py:120} INFO - [2022-11-09T04:18:39.707+0000] {dag.py:3340} INFO - Setting next_dagrun for example_branch_datetime_operator_2 to 2022-11-08T00:00:00+00:00, run_after=2022-11-09T00:00:00+00:00
[2022-11-09T04:18:39.709+0000] {logging_mixin.py:120} INFO - [2022-11-09T04:18:39.709+0000] {dag.py:3340} INFO - Setting next_dagrun for example_branch_datetime_operator_3 to 2022-11-08T00:00:00+00:00, run_after=2022-11-09T00:00:00+00:00
[2022-11-09T04:18:39.720+0000] {processor.py:176} INFO - Processing /home/airflow/.local/lib/python3.7/site-packages/airflow/example_dags/example_branch_datetime_operator.py took 0.068 seconds
[2022-11-09T04:19:10.695+0000] {processor.py:154} INFO - Started process (PID=32671) to work on /home/airflow/.local/lib/python3.7/site-packages/airflow/example_dags/example_branch_datetime_operator.py
[2022-11-09T04:19:10.695+0000] {processor.py:756} INFO - Processing file /home/airflow/.local/lib/python3.7/site-packages/airflow/example_dags/example_branch_datetime_operator.py for tasks to queue
[2022-11-09T04:19:10.696+0000] {logging_mixin.py:120} INFO - [2022-11-09T04:19:10.696+0000] {dagbag.py:537} INFO - Filling up the DagBag from /home/airflow/.local/lib/python3.7/site-packages/airflow/example_dags/example_branch_datetime_operator.py
[2022-11-09T04:19:10.707+0000] {processor.py:766} INFO - DAG(s) dict_keys(['example_branch_datetime_operator_2', 'example_branch_datetime_operator_3', 'example_branch_datetime_operator']) retrieved from /home/airflow/.local/lib/python3.7/site-packages/airflow/example_dags/example_branch_datetime_operator.py
[2022-11-09T04:19:10.737+0000] {logging_mixin.py:120} INFO - [2022-11-09T04:19:10.737+0000] {dag.py:2585} INFO - Sync 3 DAGs
[2022-11-09T04:19:10.752+0000] {logging_mixin.py:120} INFO - [2022-11-09T04:19:10.752+0000] {dag.py:3340} INFO - Setting next_dagrun for example_branch_datetime_operator to 2022-11-08T00:00:00+00:00, run_after=2022-11-09T00:00:00+00:00
[2022-11-09T04:19:10.755+0000] {logging_mixin.py:120} INFO - [2022-11-09T04:19:10.755+0000] {dag.py:3340} INFO - Setting next_dagrun for example_branch_datetime_operator_2 to 2022-11-08T00:00:00+00:00, run_after=2022-11-09T00:00:00+00:00
[2022-11-09T04:19:10.756+0000] {logging_mixin.py:120} INFO - [2022-11-09T04:19:10.756+0000] {dag.py:3340} INFO - Setting next_dagrun for example_branch_datetime_operator_3 to 2022-11-08T00:00:00+00:00, run_after=2022-11-09T00:00:00+00:00
[2022-11-09T04:19:10.767+0000] {processor.py:176} INFO - Processing /home/airflow/.local/lib/python3.7/site-packages/airflow/example_dags/example_branch_datetime_operator.py took 0.074 seconds
[2022-11-09T04:19:41.604+0000] {processor.py:154} INFO - Started process (PID=32738) to work on /home/airflow/.local/lib/python3.7/site-packages/airflow/example_dags/example_branch_datetime_operator.py
[2022-11-09T04:19:41.605+0000] {processor.py:756} INFO - Processing file /home/airflow/.local/lib/python3.7/site-packages/airflow/example_dags/example_branch_datetime_operator.py for tasks to queue
[2022-11-09T04:19:41.605+0000] {logging_mixin.py:120} INFO - [2022-11-09T04:19:41.605+0000] {dagbag.py:537} INFO - Filling up the DagBag from /home/airflow/.local/lib/python3.7/site-packages/airflow/example_dags/example_branch_datetime_operator.py
[2022-11-09T04:19:41.616+0000] {processor.py:766} INFO - DAG(s) dict_keys(['example_branch_datetime_operator_3', 'example_branch_datetime_operator', 'example_branch_datetime_operator_2']) retrieved from /home/airflow/.local/lib/python3.7/site-packages/airflow/example_dags/example_branch_datetime_operator.py
[2022-11-09T04:19:41.643+0000] {logging_mixin.py:120} INFO - [2022-11-09T04:19:41.643+0000] {dag.py:2585} INFO - Sync 3 DAGs
[2022-11-09T04:19:41.657+0000] {logging_mixin.py:120} INFO - [2022-11-09T04:19:41.657+0000] {dag.py:3340} INFO - Setting next_dagrun for example_branch_datetime_operator to 2022-11-08T00:00:00+00:00, run_after=2022-11-09T00:00:00+00:00
[2022-11-09T04:19:41.660+0000] {logging_mixin.py:120} INFO - [2022-11-09T04:19:41.660+0000] {dag.py:3340} INFO - Setting next_dagrun for example_branch_datetime_operator_2 to 2022-11-08T00:00:00+00:00, run_after=2022-11-09T00:00:00+00:00
[2022-11-09T04:19:41.661+0000] {logging_mixin.py:120} INFO - [2022-11-09T04:19:41.661+0000] {dag.py:3340} INFO - Setting next_dagrun for example_branch_datetime_operator_3 to 2022-11-08T00:00:00+00:00, run_after=2022-11-09T00:00:00+00:00
[2022-11-09T04:19:41.671+0000] {processor.py:176} INFO - Processing /home/airflow/.local/lib/python3.7/site-packages/airflow/example_dags/example_branch_datetime_operator.py took 0.069 seconds
