[2022-11-09T00:12:00.819+0000] {processor.py:154} INFO - Started process (PID=30704) to work on /home/airflow/.local/lib/python3.7/site-packages/airflow/example_dags/example_time_delta_sensor_async.py
[2022-11-09T00:12:00.826+0000] {processor.py:756} INFO - Processing file /home/airflow/.local/lib/python3.7/site-packages/airflow/example_dags/example_time_delta_sensor_async.py for tasks to queue
[2022-11-09T00:12:00.827+0000] {logging_mixin.py:120} INFO - [2022-11-09T00:12:00.827+0000] {dagbag.py:537} INFO - Filling up the DagBag from /home/airflow/.local/lib/python3.7/site-packages/airflow/example_dags/example_time_delta_sensor_async.py
[2022-11-09T00:12:00.856+0000] {processor.py:766} INFO - DAG(s) dict_keys(['example_time_delta_sensor_async']) retrieved from /home/airflow/.local/lib/python3.7/site-packages/airflow/example_dags/example_time_delta_sensor_async.py
[2022-11-09T00:12:00.967+0000] {logging_mixin.py:120} INFO - [2022-11-09T00:12:00.967+0000] {dag.py:2585} INFO - Sync 1 DAGs
[2022-11-09T00:12:00.986+0000] {logging_mixin.py:120} INFO - [2022-11-09T00:12:00.986+0000] {dag.py:3340} INFO - Setting next_dagrun for example_time_delta_sensor_async to None, run_after=None
[2022-11-09T00:12:01.014+0000] {processor.py:176} INFO - Processing /home/airflow/.local/lib/python3.7/site-packages/airflow/example_dags/example_time_delta_sensor_async.py took 0.196 seconds
[2022-11-09T00:27:34.126+0000] {processor.py:154} INFO - Started process (PID=30751) to work on /home/airflow/.local/lib/python3.7/site-packages/airflow/example_dags/example_time_delta_sensor_async.py
[2022-11-09T00:27:34.127+0000] {processor.py:756} INFO - Processing file /home/airflow/.local/lib/python3.7/site-packages/airflow/example_dags/example_time_delta_sensor_async.py for tasks to queue
[2022-11-09T00:27:34.127+0000] {logging_mixin.py:120} INFO - [2022-11-09T00:27:34.127+0000] {dagbag.py:537} INFO - Filling up the DagBag from /home/airflow/.local/lib/python3.7/site-packages/airflow/example_dags/example_time_delta_sensor_async.py
[2022-11-09T00:27:34.136+0000] {processor.py:766} INFO - DAG(s) dict_keys(['example_time_delta_sensor_async']) retrieved from /home/airflow/.local/lib/python3.7/site-packages/airflow/example_dags/example_time_delta_sensor_async.py
[2022-11-09T00:27:34.292+0000] {logging_mixin.py:120} INFO - [2022-11-09T00:27:34.292+0000] {dag.py:2585} INFO - Sync 1 DAGs
[2022-11-09T00:27:34.307+0000] {logging_mixin.py:120} INFO - [2022-11-09T00:27:34.307+0000] {dag.py:3340} INFO - Setting next_dagrun for example_time_delta_sensor_async to None, run_after=None
[2022-11-09T00:27:34.317+0000] {processor.py:176} INFO - Processing /home/airflow/.local/lib/python3.7/site-packages/airflow/example_dags/example_time_delta_sensor_async.py took 0.193 seconds
[2022-11-09T01:00:48.438+0000] {processor.py:154} INFO - Started process (PID=30801) to work on /home/airflow/.local/lib/python3.7/site-packages/airflow/example_dags/example_time_delta_sensor_async.py
[2022-11-09T01:00:48.439+0000] {processor.py:756} INFO - Processing file /home/airflow/.local/lib/python3.7/site-packages/airflow/example_dags/example_time_delta_sensor_async.py for tasks to queue
[2022-11-09T01:00:48.440+0000] {logging_mixin.py:120} INFO - [2022-11-09T01:00:48.440+0000] {dagbag.py:537} INFO - Filling up the DagBag from /home/airflow/.local/lib/python3.7/site-packages/airflow/example_dags/example_time_delta_sensor_async.py
[2022-11-09T01:00:48.448+0000] {processor.py:766} INFO - DAG(s) dict_keys(['example_time_delta_sensor_async']) retrieved from /home/airflow/.local/lib/python3.7/site-packages/airflow/example_dags/example_time_delta_sensor_async.py
[2022-11-09T01:00:48.615+0000] {logging_mixin.py:120} INFO - [2022-11-09T01:00:48.615+0000] {dag.py:2585} INFO - Sync 1 DAGs
[2022-11-09T01:00:48.629+0000] {logging_mixin.py:120} INFO - [2022-11-09T01:00:48.629+0000] {dag.py:3340} INFO - Setting next_dagrun for example_time_delta_sensor_async to None, run_after=None
[2022-11-09T01:00:48.638+0000] {processor.py:176} INFO - Processing /home/airflow/.local/lib/python3.7/site-packages/airflow/example_dags/example_time_delta_sensor_async.py took 0.202 seconds
[2022-11-09T01:34:44.130+0000] {processor.py:154} INFO - Started process (PID=30849) to work on /home/airflow/.local/lib/python3.7/site-packages/airflow/example_dags/example_time_delta_sensor_async.py
[2022-11-09T01:34:44.132+0000] {processor.py:756} INFO - Processing file /home/airflow/.local/lib/python3.7/site-packages/airflow/example_dags/example_time_delta_sensor_async.py for tasks to queue
[2022-11-09T01:34:44.135+0000] {logging_mixin.py:120} INFO - [2022-11-09T01:34:44.134+0000] {dagbag.py:537} INFO - Filling up the DagBag from /home/airflow/.local/lib/python3.7/site-packages/airflow/example_dags/example_time_delta_sensor_async.py
[2022-11-09T01:34:44.164+0000] {processor.py:766} INFO - DAG(s) dict_keys(['example_time_delta_sensor_async']) retrieved from /home/airflow/.local/lib/python3.7/site-packages/airflow/example_dags/example_time_delta_sensor_async.py
[2022-11-09T01:34:44.287+0000] {logging_mixin.py:120} INFO - [2022-11-09T01:34:44.287+0000] {dag.py:2585} INFO - Sync 1 DAGs
[2022-11-09T01:34:44.311+0000] {logging_mixin.py:120} INFO - [2022-11-09T01:34:44.311+0000] {dag.py:3340} INFO - Setting next_dagrun for example_time_delta_sensor_async to None, run_after=None
[2022-11-09T01:34:44.322+0000] {processor.py:176} INFO - Processing /home/airflow/.local/lib/python3.7/site-packages/airflow/example_dags/example_time_delta_sensor_async.py took 0.195 seconds
[2022-11-09T01:50:24.314+0000] {processor.py:154} INFO - Started process (PID=30896) to work on /home/airflow/.local/lib/python3.7/site-packages/airflow/example_dags/example_time_delta_sensor_async.py
[2022-11-09T01:50:24.316+0000] {processor.py:756} INFO - Processing file /home/airflow/.local/lib/python3.7/site-packages/airflow/example_dags/example_time_delta_sensor_async.py for tasks to queue
[2022-11-09T01:50:24.317+0000] {logging_mixin.py:120} INFO - [2022-11-09T01:50:24.316+0000] {dagbag.py:537} INFO - Filling up the DagBag from /home/airflow/.local/lib/python3.7/site-packages/airflow/example_dags/example_time_delta_sensor_async.py
[2022-11-09T01:50:24.332+0000] {processor.py:766} INFO - DAG(s) dict_keys(['example_time_delta_sensor_async']) retrieved from /home/airflow/.local/lib/python3.7/site-packages/airflow/example_dags/example_time_delta_sensor_async.py
[2022-11-09T01:50:24.450+0000] {logging_mixin.py:120} INFO - [2022-11-09T01:50:24.449+0000] {dag.py:2585} INFO - Sync 1 DAGs
[2022-11-09T01:50:24.463+0000] {logging_mixin.py:120} INFO - [2022-11-09T01:50:24.463+0000] {dag.py:3340} INFO - Setting next_dagrun for example_time_delta_sensor_async to None, run_after=None
[2022-11-09T01:50:24.479+0000] {processor.py:176} INFO - Processing /home/airflow/.local/lib/python3.7/site-packages/airflow/example_dags/example_time_delta_sensor_async.py took 0.168 seconds
[2022-11-09T01:55:23.536+0000] {processor.py:154} INFO - Started process (PID=30944) to work on /home/airflow/.local/lib/python3.7/site-packages/airflow/example_dags/example_time_delta_sensor_async.py
[2022-11-09T01:55:23.536+0000] {processor.py:756} INFO - Processing file /home/airflow/.local/lib/python3.7/site-packages/airflow/example_dags/example_time_delta_sensor_async.py for tasks to queue
[2022-11-09T01:55:23.537+0000] {logging_mixin.py:120} INFO - [2022-11-09T01:55:23.537+0000] {dagbag.py:537} INFO - Filling up the DagBag from /home/airflow/.local/lib/python3.7/site-packages/airflow/example_dags/example_time_delta_sensor_async.py
[2022-11-09T01:55:23.545+0000] {processor.py:766} INFO - DAG(s) dict_keys(['example_time_delta_sensor_async']) retrieved from /home/airflow/.local/lib/python3.7/site-packages/airflow/example_dags/example_time_delta_sensor_async.py
[2022-11-09T01:55:23.651+0000] {logging_mixin.py:120} INFO - [2022-11-09T01:55:23.651+0000] {dag.py:2585} INFO - Sync 1 DAGs
[2022-11-09T01:55:23.664+0000] {logging_mixin.py:120} INFO - [2022-11-09T01:55:23.664+0000] {dag.py:3340} INFO - Setting next_dagrun for example_time_delta_sensor_async to None, run_after=None
[2022-11-09T01:55:23.677+0000] {processor.py:176} INFO - Processing /home/airflow/.local/lib/python3.7/site-packages/airflow/example_dags/example_time_delta_sensor_async.py took 0.145 seconds
[2022-11-09T02:10:49.006+0000] {processor.py:154} INFO - Started process (PID=30991) to work on /home/airflow/.local/lib/python3.7/site-packages/airflow/example_dags/example_time_delta_sensor_async.py
[2022-11-09T02:10:49.007+0000] {processor.py:756} INFO - Processing file /home/airflow/.local/lib/python3.7/site-packages/airflow/example_dags/example_time_delta_sensor_async.py for tasks to queue
[2022-11-09T02:10:49.007+0000] {logging_mixin.py:120} INFO - [2022-11-09T02:10:49.007+0000] {dagbag.py:537} INFO - Filling up the DagBag from /home/airflow/.local/lib/python3.7/site-packages/airflow/example_dags/example_time_delta_sensor_async.py
[2022-11-09T02:10:49.018+0000] {processor.py:766} INFO - DAG(s) dict_keys(['example_time_delta_sensor_async']) retrieved from /home/airflow/.local/lib/python3.7/site-packages/airflow/example_dags/example_time_delta_sensor_async.py
[2022-11-09T02:10:49.118+0000] {logging_mixin.py:120} INFO - [2022-11-09T02:10:49.118+0000] {dag.py:2585} INFO - Sync 1 DAGs
[2022-11-09T02:10:49.132+0000] {logging_mixin.py:120} INFO - [2022-11-09T02:10:49.132+0000] {dag.py:3340} INFO - Setting next_dagrun for example_time_delta_sensor_async to None, run_after=None
[2022-11-09T02:10:49.147+0000] {processor.py:176} INFO - Processing /home/airflow/.local/lib/python3.7/site-packages/airflow/example_dags/example_time_delta_sensor_async.py took 0.144 seconds
[2022-11-09T02:26:23.460+0000] {processor.py:154} INFO - Started process (PID=31038) to work on /home/airflow/.local/lib/python3.7/site-packages/airflow/example_dags/example_time_delta_sensor_async.py
[2022-11-09T02:26:23.461+0000] {processor.py:756} INFO - Processing file /home/airflow/.local/lib/python3.7/site-packages/airflow/example_dags/example_time_delta_sensor_async.py for tasks to queue
[2022-11-09T02:26:23.462+0000] {logging_mixin.py:120} INFO - [2022-11-09T02:26:23.462+0000] {dagbag.py:537} INFO - Filling up the DagBag from /home/airflow/.local/lib/python3.7/site-packages/airflow/example_dags/example_time_delta_sensor_async.py
[2022-11-09T02:26:23.472+0000] {processor.py:766} INFO - DAG(s) dict_keys(['example_time_delta_sensor_async']) retrieved from /home/airflow/.local/lib/python3.7/site-packages/airflow/example_dags/example_time_delta_sensor_async.py
[2022-11-09T02:26:23.591+0000] {logging_mixin.py:120} INFO - [2022-11-09T02:26:23.591+0000] {dag.py:2585} INFO - Sync 1 DAGs
[2022-11-09T02:26:23.606+0000] {logging_mixin.py:120} INFO - [2022-11-09T02:26:23.606+0000] {dag.py:3340} INFO - Setting next_dagrun for example_time_delta_sensor_async to None, run_after=None
[2022-11-09T02:26:23.636+0000] {processor.py:176} INFO - Processing /home/airflow/.local/lib/python3.7/site-packages/airflow/example_dags/example_time_delta_sensor_async.py took 0.187 seconds
[2022-11-09T02:44:01.110+0000] {processor.py:154} INFO - Started process (PID=31086) to work on /home/airflow/.local/lib/python3.7/site-packages/airflow/example_dags/example_time_delta_sensor_async.py
[2022-11-09T02:44:01.110+0000] {processor.py:756} INFO - Processing file /home/airflow/.local/lib/python3.7/site-packages/airflow/example_dags/example_time_delta_sensor_async.py for tasks to queue
[2022-11-09T02:44:01.116+0000] {logging_mixin.py:120} INFO - [2022-11-09T02:44:01.116+0000] {dagbag.py:537} INFO - Filling up the DagBag from /home/airflow/.local/lib/python3.7/site-packages/airflow/example_dags/example_time_delta_sensor_async.py
[2022-11-09T02:44:01.125+0000] {processor.py:766} INFO - DAG(s) dict_keys(['example_time_delta_sensor_async']) retrieved from /home/airflow/.local/lib/python3.7/site-packages/airflow/example_dags/example_time_delta_sensor_async.py
[2022-11-09T02:44:01.324+0000] {logging_mixin.py:120} INFO - [2022-11-09T02:44:01.324+0000] {dag.py:2585} INFO - Sync 1 DAGs
[2022-11-09T02:44:01.348+0000] {logging_mixin.py:120} INFO - [2022-11-09T02:44:01.348+0000] {dag.py:3340} INFO - Setting next_dagrun for example_time_delta_sensor_async to None, run_after=None
[2022-11-09T02:44:01.363+0000] {processor.py:176} INFO - Processing /home/airflow/.local/lib/python3.7/site-packages/airflow/example_dags/example_time_delta_sensor_async.py took 0.255 seconds
[2022-11-09T03:01:02.883+0000] {processor.py:154} INFO - Started process (PID=31145) to work on /home/airflow/.local/lib/python3.7/site-packages/airflow/example_dags/example_time_delta_sensor_async.py
[2022-11-09T03:01:02.884+0000] {processor.py:756} INFO - Processing file /home/airflow/.local/lib/python3.7/site-packages/airflow/example_dags/example_time_delta_sensor_async.py for tasks to queue
[2022-11-09T03:01:02.884+0000] {logging_mixin.py:120} INFO - [2022-11-09T03:01:02.884+0000] {dagbag.py:537} INFO - Filling up the DagBag from /home/airflow/.local/lib/python3.7/site-packages/airflow/example_dags/example_time_delta_sensor_async.py
[2022-11-09T03:01:02.893+0000] {processor.py:766} INFO - DAG(s) dict_keys(['example_time_delta_sensor_async']) retrieved from /home/airflow/.local/lib/python3.7/site-packages/airflow/example_dags/example_time_delta_sensor_async.py
[2022-11-09T03:01:02.982+0000] {logging_mixin.py:120} INFO - [2022-11-09T03:01:02.982+0000] {dag.py:2585} INFO - Sync 1 DAGs
[2022-11-09T03:01:02.995+0000] {logging_mixin.py:120} INFO - [2022-11-09T03:01:02.994+0000] {dag.py:3340} INFO - Setting next_dagrun for example_time_delta_sensor_async to None, run_after=None
[2022-11-09T03:01:03.005+0000] {processor.py:176} INFO - Processing /home/airflow/.local/lib/python3.7/site-packages/airflow/example_dags/example_time_delta_sensor_async.py took 0.124 seconds
[2022-11-09T03:03:52.317+0000] {processor.py:154} INFO - Started process (PID=31210) to work on /home/airflow/.local/lib/python3.7/site-packages/airflow/example_dags/example_time_delta_sensor_async.py
[2022-11-09T03:03:52.317+0000] {processor.py:756} INFO - Processing file /home/airflow/.local/lib/python3.7/site-packages/airflow/example_dags/example_time_delta_sensor_async.py for tasks to queue
[2022-11-09T03:03:52.318+0000] {logging_mixin.py:120} INFO - [2022-11-09T03:03:52.318+0000] {dagbag.py:537} INFO - Filling up the DagBag from /home/airflow/.local/lib/python3.7/site-packages/airflow/example_dags/example_time_delta_sensor_async.py
[2022-11-09T03:03:52.327+0000] {processor.py:766} INFO - DAG(s) dict_keys(['example_time_delta_sensor_async']) retrieved from /home/airflow/.local/lib/python3.7/site-packages/airflow/example_dags/example_time_delta_sensor_async.py
[2022-11-09T03:03:52.448+0000] {logging_mixin.py:120} INFO - [2022-11-09T03:03:52.447+0000] {dag.py:2585} INFO - Sync 1 DAGs
[2022-11-09T03:03:52.461+0000] {logging_mixin.py:120} INFO - [2022-11-09T03:03:52.461+0000] {dag.py:3340} INFO - Setting next_dagrun for example_time_delta_sensor_async to None, run_after=None
[2022-11-09T03:03:52.493+0000] {processor.py:176} INFO - Processing /home/airflow/.local/lib/python3.7/site-packages/airflow/example_dags/example_time_delta_sensor_async.py took 0.181 seconds
[2022-11-09T03:19:28.301+0000] {processor.py:154} INFO - Started process (PID=31257) to work on /home/airflow/.local/lib/python3.7/site-packages/airflow/example_dags/example_time_delta_sensor_async.py
[2022-11-09T03:19:28.302+0000] {processor.py:756} INFO - Processing file /home/airflow/.local/lib/python3.7/site-packages/airflow/example_dags/example_time_delta_sensor_async.py for tasks to queue
[2022-11-09T03:19:28.302+0000] {logging_mixin.py:120} INFO - [2022-11-09T03:19:28.302+0000] {dagbag.py:537} INFO - Filling up the DagBag from /home/airflow/.local/lib/python3.7/site-packages/airflow/example_dags/example_time_delta_sensor_async.py
[2022-11-09T03:19:28.317+0000] {processor.py:766} INFO - DAG(s) dict_keys(['example_time_delta_sensor_async']) retrieved from /home/airflow/.local/lib/python3.7/site-packages/airflow/example_dags/example_time_delta_sensor_async.py
[2022-11-09T03:19:28.470+0000] {logging_mixin.py:120} INFO - [2022-11-09T03:19:28.470+0000] {dag.py:2585} INFO - Sync 1 DAGs
[2022-11-09T03:19:28.491+0000] {logging_mixin.py:120} INFO - [2022-11-09T03:19:28.491+0000] {dag.py:3340} INFO - Setting next_dagrun for example_time_delta_sensor_async to None, run_after=None
[2022-11-09T03:19:28.509+0000] {processor.py:176} INFO - Processing /home/airflow/.local/lib/python3.7/site-packages/airflow/example_dags/example_time_delta_sensor_async.py took 0.211 seconds
[2022-11-09T03:35:52.013+0000] {processor.py:154} INFO - Started process (PID=31315) to work on /home/airflow/.local/lib/python3.7/site-packages/airflow/example_dags/example_time_delta_sensor_async.py
[2022-11-09T03:35:52.020+0000] {processor.py:756} INFO - Processing file /home/airflow/.local/lib/python3.7/site-packages/airflow/example_dags/example_time_delta_sensor_async.py for tasks to queue
[2022-11-09T03:35:52.021+0000] {logging_mixin.py:120} INFO - [2022-11-09T03:35:52.021+0000] {dagbag.py:537} INFO - Filling up the DagBag from /home/airflow/.local/lib/python3.7/site-packages/airflow/example_dags/example_time_delta_sensor_async.py
[2022-11-09T03:35:52.040+0000] {processor.py:766} INFO - DAG(s) dict_keys(['example_time_delta_sensor_async']) retrieved from /home/airflow/.local/lib/python3.7/site-packages/airflow/example_dags/example_time_delta_sensor_async.py
[2022-11-09T03:35:52.137+0000] {logging_mixin.py:120} INFO - [2022-11-09T03:35:52.137+0000] {dag.py:2585} INFO - Sync 1 DAGs
[2022-11-09T03:35:52.150+0000] {logging_mixin.py:120} INFO - [2022-11-09T03:35:52.150+0000] {dag.py:3340} INFO - Setting next_dagrun for example_time_delta_sensor_async to None, run_after=None
[2022-11-09T03:35:52.162+0000] {processor.py:176} INFO - Processing /home/airflow/.local/lib/python3.7/site-packages/airflow/example_dags/example_time_delta_sensor_async.py took 0.151 seconds
[2022-11-09T03:58:28.157+0000] {processor.py:154} INFO - Started process (PID=31362) to work on /home/airflow/.local/lib/python3.7/site-packages/airflow/example_dags/example_time_delta_sensor_async.py
[2022-11-09T03:58:28.158+0000] {processor.py:756} INFO - Processing file /home/airflow/.local/lib/python3.7/site-packages/airflow/example_dags/example_time_delta_sensor_async.py for tasks to queue
[2022-11-09T03:58:28.158+0000] {logging_mixin.py:120} INFO - [2022-11-09T03:58:28.158+0000] {dagbag.py:537} INFO - Filling up the DagBag from /home/airflow/.local/lib/python3.7/site-packages/airflow/example_dags/example_time_delta_sensor_async.py
[2022-11-09T03:58:28.168+0000] {processor.py:766} INFO - DAG(s) dict_keys(['example_time_delta_sensor_async']) retrieved from /home/airflow/.local/lib/python3.7/site-packages/airflow/example_dags/example_time_delta_sensor_async.py
[2022-11-09T03:58:28.291+0000] {logging_mixin.py:120} INFO - [2022-11-09T03:58:28.291+0000] {dag.py:2585} INFO - Sync 1 DAGs
[2022-11-09T03:58:28.306+0000] {logging_mixin.py:120} INFO - [2022-11-09T03:58:28.306+0000] {dag.py:3340} INFO - Setting next_dagrun for example_time_delta_sensor_async to None, run_after=None
[2022-11-09T03:58:28.324+0000] {processor.py:176} INFO - Processing /home/airflow/.local/lib/python3.7/site-packages/airflow/example_dags/example_time_delta_sensor_async.py took 0.170 seconds
[2022-11-09T03:58:58.850+0000] {processor.py:154} INFO - Started process (PID=31432) to work on /home/airflow/.local/lib/python3.7/site-packages/airflow/example_dags/example_time_delta_sensor_async.py
[2022-11-09T03:58:58.851+0000] {processor.py:756} INFO - Processing file /home/airflow/.local/lib/python3.7/site-packages/airflow/example_dags/example_time_delta_sensor_async.py for tasks to queue
[2022-11-09T03:58:58.852+0000] {logging_mixin.py:120} INFO - [2022-11-09T03:58:58.852+0000] {dagbag.py:537} INFO - Filling up the DagBag from /home/airflow/.local/lib/python3.7/site-packages/airflow/example_dags/example_time_delta_sensor_async.py
[2022-11-09T03:58:58.860+0000] {processor.py:766} INFO - DAG(s) dict_keys(['example_time_delta_sensor_async']) retrieved from /home/airflow/.local/lib/python3.7/site-packages/airflow/example_dags/example_time_delta_sensor_async.py
[2022-11-09T03:58:58.957+0000] {logging_mixin.py:120} INFO - [2022-11-09T03:58:58.957+0000] {dag.py:2585} INFO - Sync 1 DAGs
[2022-11-09T03:58:58.971+0000] {logging_mixin.py:120} INFO - [2022-11-09T03:58:58.971+0000] {dag.py:3340} INFO - Setting next_dagrun for example_time_delta_sensor_async to None, run_after=None
[2022-11-09T03:58:58.983+0000] {processor.py:176} INFO - Processing /home/airflow/.local/lib/python3.7/site-packages/airflow/example_dags/example_time_delta_sensor_async.py took 0.135 seconds
[2022-11-09T03:59:29.831+0000] {processor.py:154} INFO - Started process (PID=31504) to work on /home/airflow/.local/lib/python3.7/site-packages/airflow/example_dags/example_time_delta_sensor_async.py
[2022-11-09T03:59:29.831+0000] {processor.py:756} INFO - Processing file /home/airflow/.local/lib/python3.7/site-packages/airflow/example_dags/example_time_delta_sensor_async.py for tasks to queue
[2022-11-09T03:59:29.832+0000] {logging_mixin.py:120} INFO - [2022-11-09T03:59:29.832+0000] {dagbag.py:537} INFO - Filling up the DagBag from /home/airflow/.local/lib/python3.7/site-packages/airflow/example_dags/example_time_delta_sensor_async.py
[2022-11-09T03:59:29.839+0000] {processor.py:766} INFO - DAG(s) dict_keys(['example_time_delta_sensor_async']) retrieved from /home/airflow/.local/lib/python3.7/site-packages/airflow/example_dags/example_time_delta_sensor_async.py
[2022-11-09T03:59:29.932+0000] {logging_mixin.py:120} INFO - [2022-11-09T03:59:29.932+0000] {dag.py:2585} INFO - Sync 1 DAGs
[2022-11-09T03:59:29.946+0000] {logging_mixin.py:120} INFO - [2022-11-09T03:59:29.946+0000] {dag.py:3340} INFO - Setting next_dagrun for example_time_delta_sensor_async to None, run_after=None
[2022-11-09T03:59:29.956+0000] {processor.py:176} INFO - Processing /home/airflow/.local/lib/python3.7/site-packages/airflow/example_dags/example_time_delta_sensor_async.py took 0.127 seconds
[2022-11-09T04:00:00.692+0000] {processor.py:154} INFO - Started process (PID=31570) to work on /home/airflow/.local/lib/python3.7/site-packages/airflow/example_dags/example_time_delta_sensor_async.py
[2022-11-09T04:00:00.692+0000] {processor.py:756} INFO - Processing file /home/airflow/.local/lib/python3.7/site-packages/airflow/example_dags/example_time_delta_sensor_async.py for tasks to queue
[2022-11-09T04:00:00.693+0000] {logging_mixin.py:120} INFO - [2022-11-09T04:00:00.693+0000] {dagbag.py:537} INFO - Filling up the DagBag from /home/airflow/.local/lib/python3.7/site-packages/airflow/example_dags/example_time_delta_sensor_async.py
[2022-11-09T04:00:00.699+0000] {processor.py:766} INFO - DAG(s) dict_keys(['example_time_delta_sensor_async']) retrieved from /home/airflow/.local/lib/python3.7/site-packages/airflow/example_dags/example_time_delta_sensor_async.py
[2022-11-09T04:00:00.792+0000] {logging_mixin.py:120} INFO - [2022-11-09T04:00:00.792+0000] {dag.py:2585} INFO - Sync 1 DAGs
[2022-11-09T04:00:00.805+0000] {logging_mixin.py:120} INFO - [2022-11-09T04:00:00.805+0000] {dag.py:3340} INFO - Setting next_dagrun for example_time_delta_sensor_async to None, run_after=None
[2022-11-09T04:00:00.833+0000] {processor.py:176} INFO - Processing /home/airflow/.local/lib/python3.7/site-packages/airflow/example_dags/example_time_delta_sensor_async.py took 0.143 seconds
[2022-11-09T04:00:31.583+0000] {processor.py:154} INFO - Started process (PID=31627) to work on /home/airflow/.local/lib/python3.7/site-packages/airflow/example_dags/example_time_delta_sensor_async.py
[2022-11-09T04:00:31.584+0000] {processor.py:756} INFO - Processing file /home/airflow/.local/lib/python3.7/site-packages/airflow/example_dags/example_time_delta_sensor_async.py for tasks to queue
[2022-11-09T04:00:31.584+0000] {logging_mixin.py:120} INFO - [2022-11-09T04:00:31.584+0000] {dagbag.py:537} INFO - Filling up the DagBag from /home/airflow/.local/lib/python3.7/site-packages/airflow/example_dags/example_time_delta_sensor_async.py
[2022-11-09T04:00:31.591+0000] {processor.py:766} INFO - DAG(s) dict_keys(['example_time_delta_sensor_async']) retrieved from /home/airflow/.local/lib/python3.7/site-packages/airflow/example_dags/example_time_delta_sensor_async.py
[2022-11-09T04:00:31.684+0000] {logging_mixin.py:120} INFO - [2022-11-09T04:00:31.684+0000] {dag.py:2585} INFO - Sync 1 DAGs
[2022-11-09T04:00:31.697+0000] {logging_mixin.py:120} INFO - [2022-11-09T04:00:31.697+0000] {dag.py:3340} INFO - Setting next_dagrun for example_time_delta_sensor_async to None, run_after=None
[2022-11-09T04:00:31.714+0000] {processor.py:176} INFO - Processing /home/airflow/.local/lib/python3.7/site-packages/airflow/example_dags/example_time_delta_sensor_async.py took 0.133 seconds
[2022-11-09T04:01:01.791+0000] {processor.py:154} INFO - Started process (PID=31692) to work on /home/airflow/.local/lib/python3.7/site-packages/airflow/example_dags/example_time_delta_sensor_async.py
[2022-11-09T04:01:01.791+0000] {processor.py:756} INFO - Processing file /home/airflow/.local/lib/python3.7/site-packages/airflow/example_dags/example_time_delta_sensor_async.py for tasks to queue
[2022-11-09T04:01:01.792+0000] {logging_mixin.py:120} INFO - [2022-11-09T04:01:01.792+0000] {dagbag.py:537} INFO - Filling up the DagBag from /home/airflow/.local/lib/python3.7/site-packages/airflow/example_dags/example_time_delta_sensor_async.py
[2022-11-09T04:01:01.799+0000] {processor.py:766} INFO - DAG(s) dict_keys(['example_time_delta_sensor_async']) retrieved from /home/airflow/.local/lib/python3.7/site-packages/airflow/example_dags/example_time_delta_sensor_async.py
[2022-11-09T04:01:01.892+0000] {logging_mixin.py:120} INFO - [2022-11-09T04:01:01.892+0000] {dag.py:2585} INFO - Sync 1 DAGs
[2022-11-09T04:01:01.905+0000] {logging_mixin.py:120} INFO - [2022-11-09T04:01:01.905+0000] {dag.py:3340} INFO - Setting next_dagrun for example_time_delta_sensor_async to None, run_after=None
[2022-11-09T04:01:01.917+0000] {processor.py:176} INFO - Processing /home/airflow/.local/lib/python3.7/site-packages/airflow/example_dags/example_time_delta_sensor_async.py took 0.129 seconds
[2022-11-09T04:01:31.996+0000] {processor.py:154} INFO - Started process (PID=31758) to work on /home/airflow/.local/lib/python3.7/site-packages/airflow/example_dags/example_time_delta_sensor_async.py
[2022-11-09T04:01:31.997+0000] {processor.py:756} INFO - Processing file /home/airflow/.local/lib/python3.7/site-packages/airflow/example_dags/example_time_delta_sensor_async.py for tasks to queue
[2022-11-09T04:01:31.997+0000] {logging_mixin.py:120} INFO - [2022-11-09T04:01:31.997+0000] {dagbag.py:537} INFO - Filling up the DagBag from /home/airflow/.local/lib/python3.7/site-packages/airflow/example_dags/example_time_delta_sensor_async.py
[2022-11-09T04:01:32.004+0000] {processor.py:766} INFO - DAG(s) dict_keys(['example_time_delta_sensor_async']) retrieved from /home/airflow/.local/lib/python3.7/site-packages/airflow/example_dags/example_time_delta_sensor_async.py
[2022-11-09T04:01:32.095+0000] {logging_mixin.py:120} INFO - [2022-11-09T04:01:32.095+0000] {dag.py:2585} INFO - Sync 1 DAGs
[2022-11-09T04:01:32.108+0000] {logging_mixin.py:120} INFO - [2022-11-09T04:01:32.108+0000] {dag.py:3340} INFO - Setting next_dagrun for example_time_delta_sensor_async to None, run_after=None
[2022-11-09T04:01:32.118+0000] {processor.py:176} INFO - Processing /home/airflow/.local/lib/python3.7/site-packages/airflow/example_dags/example_time_delta_sensor_async.py took 0.124 seconds
[2022-11-09T04:02:02.149+0000] {processor.py:154} INFO - Started process (PID=31828) to work on /home/airflow/.local/lib/python3.7/site-packages/airflow/example_dags/example_time_delta_sensor_async.py
[2022-11-09T04:02:02.150+0000] {processor.py:756} INFO - Processing file /home/airflow/.local/lib/python3.7/site-packages/airflow/example_dags/example_time_delta_sensor_async.py for tasks to queue
[2022-11-09T04:02:02.151+0000] {logging_mixin.py:120} INFO - [2022-11-09T04:02:02.150+0000] {dagbag.py:537} INFO - Filling up the DagBag from /home/airflow/.local/lib/python3.7/site-packages/airflow/example_dags/example_time_delta_sensor_async.py
[2022-11-09T04:02:02.157+0000] {processor.py:766} INFO - DAG(s) dict_keys(['example_time_delta_sensor_async']) retrieved from /home/airflow/.local/lib/python3.7/site-packages/airflow/example_dags/example_time_delta_sensor_async.py
[2022-11-09T04:02:02.248+0000] {logging_mixin.py:120} INFO - [2022-11-09T04:02:02.248+0000] {dag.py:2585} INFO - Sync 1 DAGs
[2022-11-09T04:02:02.263+0000] {logging_mixin.py:120} INFO - [2022-11-09T04:02:02.262+0000] {dag.py:3340} INFO - Setting next_dagrun for example_time_delta_sensor_async to None, run_after=None
[2022-11-09T04:02:02.273+0000] {processor.py:176} INFO - Processing /home/airflow/.local/lib/python3.7/site-packages/airflow/example_dags/example_time_delta_sensor_async.py took 0.126 seconds
[2022-11-09T04:02:32.324+0000] {processor.py:154} INFO - Started process (PID=31896) to work on /home/airflow/.local/lib/python3.7/site-packages/airflow/example_dags/example_time_delta_sensor_async.py
[2022-11-09T04:02:32.325+0000] {processor.py:756} INFO - Processing file /home/airflow/.local/lib/python3.7/site-packages/airflow/example_dags/example_time_delta_sensor_async.py for tasks to queue
[2022-11-09T04:02:32.326+0000] {logging_mixin.py:120} INFO - [2022-11-09T04:02:32.326+0000] {dagbag.py:537} INFO - Filling up the DagBag from /home/airflow/.local/lib/python3.7/site-packages/airflow/example_dags/example_time_delta_sensor_async.py
[2022-11-09T04:02:32.333+0000] {processor.py:766} INFO - DAG(s) dict_keys(['example_time_delta_sensor_async']) retrieved from /home/airflow/.local/lib/python3.7/site-packages/airflow/example_dags/example_time_delta_sensor_async.py
[2022-11-09T04:02:32.432+0000] {logging_mixin.py:120} INFO - [2022-11-09T04:02:32.432+0000] {dag.py:2585} INFO - Sync 1 DAGs
[2022-11-09T04:02:32.446+0000] {logging_mixin.py:120} INFO - [2022-11-09T04:02:32.446+0000] {dag.py:3340} INFO - Setting next_dagrun for example_time_delta_sensor_async to None, run_after=None
[2022-11-09T04:02:32.460+0000] {processor.py:176} INFO - Processing /home/airflow/.local/lib/python3.7/site-packages/airflow/example_dags/example_time_delta_sensor_async.py took 0.137 seconds
[2022-11-09T04:03:03.405+0000] {processor.py:154} INFO - Started process (PID=31961) to work on /home/airflow/.local/lib/python3.7/site-packages/airflow/example_dags/example_time_delta_sensor_async.py
[2022-11-09T04:03:03.405+0000] {processor.py:756} INFO - Processing file /home/airflow/.local/lib/python3.7/site-packages/airflow/example_dags/example_time_delta_sensor_async.py for tasks to queue
[2022-11-09T04:03:03.406+0000] {logging_mixin.py:120} INFO - [2022-11-09T04:03:03.406+0000] {dagbag.py:537} INFO - Filling up the DagBag from /home/airflow/.local/lib/python3.7/site-packages/airflow/example_dags/example_time_delta_sensor_async.py
[2022-11-09T04:03:03.413+0000] {processor.py:766} INFO - DAG(s) dict_keys(['example_time_delta_sensor_async']) retrieved from /home/airflow/.local/lib/python3.7/site-packages/airflow/example_dags/example_time_delta_sensor_async.py
[2022-11-09T04:03:03.525+0000] {logging_mixin.py:120} INFO - [2022-11-09T04:03:03.525+0000] {dag.py:2585} INFO - Sync 1 DAGs
[2022-11-09T04:03:03.539+0000] {logging_mixin.py:120} INFO - [2022-11-09T04:03:03.539+0000] {dag.py:3340} INFO - Setting next_dagrun for example_time_delta_sensor_async to None, run_after=None
[2022-11-09T04:03:03.550+0000] {processor.py:176} INFO - Processing /home/airflow/.local/lib/python3.7/site-packages/airflow/example_dags/example_time_delta_sensor_async.py took 0.147 seconds
[2022-11-09T04:03:33.575+0000] {processor.py:154} INFO - Started process (PID=32017) to work on /home/airflow/.local/lib/python3.7/site-packages/airflow/example_dags/example_time_delta_sensor_async.py
[2022-11-09T04:03:33.576+0000] {processor.py:756} INFO - Processing file /home/airflow/.local/lib/python3.7/site-packages/airflow/example_dags/example_time_delta_sensor_async.py for tasks to queue
[2022-11-09T04:03:33.576+0000] {logging_mixin.py:120} INFO - [2022-11-09T04:03:33.576+0000] {dagbag.py:537} INFO - Filling up the DagBag from /home/airflow/.local/lib/python3.7/site-packages/airflow/example_dags/example_time_delta_sensor_async.py
[2022-11-09T04:03:33.584+0000] {processor.py:766} INFO - DAG(s) dict_keys(['example_time_delta_sensor_async']) retrieved from /home/airflow/.local/lib/python3.7/site-packages/airflow/example_dags/example_time_delta_sensor_async.py
[2022-11-09T04:03:33.676+0000] {logging_mixin.py:120} INFO - [2022-11-09T04:03:33.676+0000] {dag.py:2585} INFO - Sync 1 DAGs
[2022-11-09T04:03:33.689+0000] {logging_mixin.py:120} INFO - [2022-11-09T04:03:33.689+0000] {dag.py:3340} INFO - Setting next_dagrun for example_time_delta_sensor_async to None, run_after=None
[2022-11-09T04:03:33.700+0000] {processor.py:176} INFO - Processing /home/airflow/.local/lib/python3.7/site-packages/airflow/example_dags/example_time_delta_sensor_async.py took 0.127 seconds
[2022-11-09T04:04:04.634+0000] {processor.py:154} INFO - Started process (PID=32086) to work on /home/airflow/.local/lib/python3.7/site-packages/airflow/example_dags/example_time_delta_sensor_async.py
[2022-11-09T04:04:04.634+0000] {processor.py:756} INFO - Processing file /home/airflow/.local/lib/python3.7/site-packages/airflow/example_dags/example_time_delta_sensor_async.py for tasks to queue
[2022-11-09T04:04:04.635+0000] {logging_mixin.py:120} INFO - [2022-11-09T04:04:04.634+0000] {dagbag.py:537} INFO - Filling up the DagBag from /home/airflow/.local/lib/python3.7/site-packages/airflow/example_dags/example_time_delta_sensor_async.py
[2022-11-09T04:04:04.642+0000] {processor.py:766} INFO - DAG(s) dict_keys(['example_time_delta_sensor_async']) retrieved from /home/airflow/.local/lib/python3.7/site-packages/airflow/example_dags/example_time_delta_sensor_async.py
[2022-11-09T04:04:04.732+0000] {logging_mixin.py:120} INFO - [2022-11-09T04:04:04.731+0000] {dag.py:2585} INFO - Sync 1 DAGs
[2022-11-09T04:04:04.745+0000] {logging_mixin.py:120} INFO - [2022-11-09T04:04:04.745+0000] {dag.py:3340} INFO - Setting next_dagrun for example_time_delta_sensor_async to None, run_after=None
[2022-11-09T04:04:04.755+0000] {processor.py:176} INFO - Processing /home/airflow/.local/lib/python3.7/site-packages/airflow/example_dags/example_time_delta_sensor_async.py took 0.123 seconds
[2022-11-09T04:04:35.802+0000] {processor.py:154} INFO - Started process (PID=32157) to work on /home/airflow/.local/lib/python3.7/site-packages/airflow/example_dags/example_time_delta_sensor_async.py
[2022-11-09T04:04:35.802+0000] {processor.py:756} INFO - Processing file /home/airflow/.local/lib/python3.7/site-packages/airflow/example_dags/example_time_delta_sensor_async.py for tasks to queue
[2022-11-09T04:04:35.803+0000] {logging_mixin.py:120} INFO - [2022-11-09T04:04:35.803+0000] {dagbag.py:537} INFO - Filling up the DagBag from /home/airflow/.local/lib/python3.7/site-packages/airflow/example_dags/example_time_delta_sensor_async.py
[2022-11-09T04:04:35.811+0000] {processor.py:766} INFO - DAG(s) dict_keys(['example_time_delta_sensor_async']) retrieved from /home/airflow/.local/lib/python3.7/site-packages/airflow/example_dags/example_time_delta_sensor_async.py
[2022-11-09T04:04:35.901+0000] {logging_mixin.py:120} INFO - [2022-11-09T04:04:35.901+0000] {dag.py:2585} INFO - Sync 1 DAGs
[2022-11-09T04:04:35.915+0000] {logging_mixin.py:120} INFO - [2022-11-09T04:04:35.914+0000] {dag.py:3340} INFO - Setting next_dagrun for example_time_delta_sensor_async to None, run_after=None
[2022-11-09T04:04:35.926+0000] {processor.py:176} INFO - Processing /home/airflow/.local/lib/python3.7/site-packages/airflow/example_dags/example_time_delta_sensor_async.py took 0.126 seconds
[2022-11-09T04:05:06.814+0000] {processor.py:154} INFO - Started process (PID=32224) to work on /home/airflow/.local/lib/python3.7/site-packages/airflow/example_dags/example_time_delta_sensor_async.py
[2022-11-09T04:05:06.814+0000] {processor.py:756} INFO - Processing file /home/airflow/.local/lib/python3.7/site-packages/airflow/example_dags/example_time_delta_sensor_async.py for tasks to queue
[2022-11-09T04:05:06.814+0000] {logging_mixin.py:120} INFO - [2022-11-09T04:05:06.814+0000] {dagbag.py:537} INFO - Filling up the DagBag from /home/airflow/.local/lib/python3.7/site-packages/airflow/example_dags/example_time_delta_sensor_async.py
[2022-11-09T04:05:06.822+0000] {processor.py:766} INFO - DAG(s) dict_keys(['example_time_delta_sensor_async']) retrieved from /home/airflow/.local/lib/python3.7/site-packages/airflow/example_dags/example_time_delta_sensor_async.py
[2022-11-09T04:05:06.911+0000] {logging_mixin.py:120} INFO - [2022-11-09T04:05:06.911+0000] {dag.py:2585} INFO - Sync 1 DAGs
[2022-11-09T04:05:06.924+0000] {logging_mixin.py:120} INFO - [2022-11-09T04:05:06.924+0000] {dag.py:3340} INFO - Setting next_dagrun for example_time_delta_sensor_async to None, run_after=None
[2022-11-09T04:05:06.934+0000] {processor.py:176} INFO - Processing /home/airflow/.local/lib/python3.7/site-packages/airflow/example_dags/example_time_delta_sensor_async.py took 0.122 seconds
[2022-11-09T04:05:37.716+0000] {processor.py:154} INFO - Started process (PID=32290) to work on /home/airflow/.local/lib/python3.7/site-packages/airflow/example_dags/example_time_delta_sensor_async.py
[2022-11-09T04:05:37.717+0000] {processor.py:756} INFO - Processing file /home/airflow/.local/lib/python3.7/site-packages/airflow/example_dags/example_time_delta_sensor_async.py for tasks to queue
[2022-11-09T04:05:37.717+0000] {logging_mixin.py:120} INFO - [2022-11-09T04:05:37.717+0000] {dagbag.py:537} INFO - Filling up the DagBag from /home/airflow/.local/lib/python3.7/site-packages/airflow/example_dags/example_time_delta_sensor_async.py
[2022-11-09T04:05:37.724+0000] {processor.py:766} INFO - DAG(s) dict_keys(['example_time_delta_sensor_async']) retrieved from /home/airflow/.local/lib/python3.7/site-packages/airflow/example_dags/example_time_delta_sensor_async.py
[2022-11-09T04:05:37.815+0000] {logging_mixin.py:120} INFO - [2022-11-09T04:05:37.815+0000] {dag.py:2585} INFO - Sync 1 DAGs
[2022-11-09T04:05:37.827+0000] {logging_mixin.py:120} INFO - [2022-11-09T04:05:37.827+0000] {dag.py:3340} INFO - Setting next_dagrun for example_time_delta_sensor_async to None, run_after=None
[2022-11-09T04:05:37.837+0000] {processor.py:176} INFO - Processing /home/airflow/.local/lib/python3.7/site-packages/airflow/example_dags/example_time_delta_sensor_async.py took 0.122 seconds
[2022-11-09T04:06:08.471+0000] {processor.py:154} INFO - Started process (PID=32354) to work on /home/airflow/.local/lib/python3.7/site-packages/airflow/example_dags/example_time_delta_sensor_async.py
[2022-11-09T04:06:08.471+0000] {processor.py:756} INFO - Processing file /home/airflow/.local/lib/python3.7/site-packages/airflow/example_dags/example_time_delta_sensor_async.py for tasks to queue
[2022-11-09T04:06:08.472+0000] {logging_mixin.py:120} INFO - [2022-11-09T04:06:08.472+0000] {dagbag.py:537} INFO - Filling up the DagBag from /home/airflow/.local/lib/python3.7/site-packages/airflow/example_dags/example_time_delta_sensor_async.py
[2022-11-09T04:06:08.479+0000] {processor.py:766} INFO - DAG(s) dict_keys(['example_time_delta_sensor_async']) retrieved from /home/airflow/.local/lib/python3.7/site-packages/airflow/example_dags/example_time_delta_sensor_async.py
[2022-11-09T04:06:08.568+0000] {logging_mixin.py:120} INFO - [2022-11-09T04:06:08.568+0000] {dag.py:2585} INFO - Sync 1 DAGs
[2022-11-09T04:06:08.581+0000] {logging_mixin.py:120} INFO - [2022-11-09T04:06:08.581+0000] {dag.py:3340} INFO - Setting next_dagrun for example_time_delta_sensor_async to None, run_after=None
[2022-11-09T04:06:08.592+0000] {processor.py:176} INFO - Processing /home/airflow/.local/lib/python3.7/site-packages/airflow/example_dags/example_time_delta_sensor_async.py took 0.123 seconds
[2022-11-09T04:06:39.378+0000] {processor.py:154} INFO - Started process (PID=32423) to work on /home/airflow/.local/lib/python3.7/site-packages/airflow/example_dags/example_time_delta_sensor_async.py
[2022-11-09T04:06:39.379+0000] {processor.py:756} INFO - Processing file /home/airflow/.local/lib/python3.7/site-packages/airflow/example_dags/example_time_delta_sensor_async.py for tasks to queue
[2022-11-09T04:06:39.379+0000] {logging_mixin.py:120} INFO - [2022-11-09T04:06:39.379+0000] {dagbag.py:537} INFO - Filling up the DagBag from /home/airflow/.local/lib/python3.7/site-packages/airflow/example_dags/example_time_delta_sensor_async.py
[2022-11-09T04:06:39.387+0000] {processor.py:766} INFO - DAG(s) dict_keys(['example_time_delta_sensor_async']) retrieved from /home/airflow/.local/lib/python3.7/site-packages/airflow/example_dags/example_time_delta_sensor_async.py
[2022-11-09T04:06:39.476+0000] {logging_mixin.py:120} INFO - [2022-11-09T04:06:39.476+0000] {dag.py:2585} INFO - Sync 1 DAGs
[2022-11-09T04:06:39.489+0000] {logging_mixin.py:120} INFO - [2022-11-09T04:06:39.489+0000] {dag.py:3340} INFO - Setting next_dagrun for example_time_delta_sensor_async to None, run_after=None
[2022-11-09T04:06:39.499+0000] {processor.py:176} INFO - Processing /home/airflow/.local/lib/python3.7/site-packages/airflow/example_dags/example_time_delta_sensor_async.py took 0.123 seconds
[2022-11-09T04:17:39.330+0000] {processor.py:154} INFO - Started process (PID=32482) to work on /home/airflow/.local/lib/python3.7/site-packages/airflow/example_dags/example_time_delta_sensor_async.py
[2022-11-09T04:17:39.331+0000] {processor.py:756} INFO - Processing file /home/airflow/.local/lib/python3.7/site-packages/airflow/example_dags/example_time_delta_sensor_async.py for tasks to queue
[2022-11-09T04:17:39.339+0000] {logging_mixin.py:120} INFO - [2022-11-09T04:17:39.339+0000] {dagbag.py:537} INFO - Filling up the DagBag from /home/airflow/.local/lib/python3.7/site-packages/airflow/example_dags/example_time_delta_sensor_async.py
[2022-11-09T04:17:39.347+0000] {processor.py:766} INFO - DAG(s) dict_keys(['example_time_delta_sensor_async']) retrieved from /home/airflow/.local/lib/python3.7/site-packages/airflow/example_dags/example_time_delta_sensor_async.py
[2022-11-09T04:17:39.499+0000] {logging_mixin.py:120} INFO - [2022-11-09T04:17:39.498+0000] {dag.py:2585} INFO - Sync 1 DAGs
[2022-11-09T04:17:39.516+0000] {logging_mixin.py:120} INFO - [2022-11-09T04:17:39.516+0000] {dag.py:3340} INFO - Setting next_dagrun for example_time_delta_sensor_async to None, run_after=None
[2022-11-09T04:17:39.527+0000] {processor.py:176} INFO - Processing /home/airflow/.local/lib/python3.7/site-packages/airflow/example_dags/example_time_delta_sensor_async.py took 0.200 seconds
[2022-11-09T04:18:10.089+0000] {processor.py:154} INFO - Started process (PID=32549) to work on /home/airflow/.local/lib/python3.7/site-packages/airflow/example_dags/example_time_delta_sensor_async.py
[2022-11-09T04:18:10.089+0000] {processor.py:756} INFO - Processing file /home/airflow/.local/lib/python3.7/site-packages/airflow/example_dags/example_time_delta_sensor_async.py for tasks to queue
[2022-11-09T04:18:10.090+0000] {logging_mixin.py:120} INFO - [2022-11-09T04:18:10.090+0000] {dagbag.py:537} INFO - Filling up the DagBag from /home/airflow/.local/lib/python3.7/site-packages/airflow/example_dags/example_time_delta_sensor_async.py
[2022-11-09T04:18:10.097+0000] {processor.py:766} INFO - DAG(s) dict_keys(['example_time_delta_sensor_async']) retrieved from /home/airflow/.local/lib/python3.7/site-packages/airflow/example_dags/example_time_delta_sensor_async.py
[2022-11-09T04:18:10.186+0000] {logging_mixin.py:120} INFO - [2022-11-09T04:18:10.186+0000] {dag.py:2585} INFO - Sync 1 DAGs
[2022-11-09T04:18:10.198+0000] {logging_mixin.py:120} INFO - [2022-11-09T04:18:10.198+0000] {dag.py:3340} INFO - Setting next_dagrun for example_time_delta_sensor_async to None, run_after=None
[2022-11-09T04:18:10.210+0000] {processor.py:176} INFO - Processing /home/airflow/.local/lib/python3.7/site-packages/airflow/example_dags/example_time_delta_sensor_async.py took 0.123 seconds
[2022-11-09T04:18:41.219+0000] {processor.py:154} INFO - Started process (PID=32616) to work on /home/airflow/.local/lib/python3.7/site-packages/airflow/example_dags/example_time_delta_sensor_async.py
[2022-11-09T04:18:41.219+0000] {processor.py:756} INFO - Processing file /home/airflow/.local/lib/python3.7/site-packages/airflow/example_dags/example_time_delta_sensor_async.py for tasks to queue
[2022-11-09T04:18:41.220+0000] {logging_mixin.py:120} INFO - [2022-11-09T04:18:41.220+0000] {dagbag.py:537} INFO - Filling up the DagBag from /home/airflow/.local/lib/python3.7/site-packages/airflow/example_dags/example_time_delta_sensor_async.py
[2022-11-09T04:18:41.228+0000] {processor.py:766} INFO - DAG(s) dict_keys(['example_time_delta_sensor_async']) retrieved from /home/airflow/.local/lib/python3.7/site-packages/airflow/example_dags/example_time_delta_sensor_async.py
[2022-11-09T04:18:41.317+0000] {logging_mixin.py:120} INFO - [2022-11-09T04:18:41.317+0000] {dag.py:2585} INFO - Sync 1 DAGs
[2022-11-09T04:18:41.330+0000] {logging_mixin.py:120} INFO - [2022-11-09T04:18:41.330+0000] {dag.py:3340} INFO - Setting next_dagrun for example_time_delta_sensor_async to None, run_after=None
[2022-11-09T04:18:41.341+0000] {processor.py:176} INFO - Processing /home/airflow/.local/lib/python3.7/site-packages/airflow/example_dags/example_time_delta_sensor_async.py took 0.124 seconds
[2022-11-09T04:19:12.229+0000] {processor.py:154} INFO - Started process (PID=32682) to work on /home/airflow/.local/lib/python3.7/site-packages/airflow/example_dags/example_time_delta_sensor_async.py
[2022-11-09T04:19:12.230+0000] {processor.py:756} INFO - Processing file /home/airflow/.local/lib/python3.7/site-packages/airflow/example_dags/example_time_delta_sensor_async.py for tasks to queue
[2022-11-09T04:19:12.230+0000] {logging_mixin.py:120} INFO - [2022-11-09T04:19:12.230+0000] {dagbag.py:537} INFO - Filling up the DagBag from /home/airflow/.local/lib/python3.7/site-packages/airflow/example_dags/example_time_delta_sensor_async.py
[2022-11-09T04:19:12.237+0000] {processor.py:766} INFO - DAG(s) dict_keys(['example_time_delta_sensor_async']) retrieved from /home/airflow/.local/lib/python3.7/site-packages/airflow/example_dags/example_time_delta_sensor_async.py
[2022-11-09T04:19:12.327+0000] {logging_mixin.py:120} INFO - [2022-11-09T04:19:12.326+0000] {dag.py:2585} INFO - Sync 1 DAGs
[2022-11-09T04:19:12.339+0000] {logging_mixin.py:120} INFO - [2022-11-09T04:19:12.339+0000] {dag.py:3340} INFO - Setting next_dagrun for example_time_delta_sensor_async to None, run_after=None
[2022-11-09T04:19:12.348+0000] {processor.py:176} INFO - Processing /home/airflow/.local/lib/python3.7/site-packages/airflow/example_dags/example_time_delta_sensor_async.py took 0.121 seconds
[2022-11-09T04:19:43.057+0000] {processor.py:154} INFO - Started process (PID=32749) to work on /home/airflow/.local/lib/python3.7/site-packages/airflow/example_dags/example_time_delta_sensor_async.py
[2022-11-09T04:19:43.058+0000] {processor.py:756} INFO - Processing file /home/airflow/.local/lib/python3.7/site-packages/airflow/example_dags/example_time_delta_sensor_async.py for tasks to queue
[2022-11-09T04:19:43.058+0000] {logging_mixin.py:120} INFO - [2022-11-09T04:19:43.058+0000] {dagbag.py:537} INFO - Filling up the DagBag from /home/airflow/.local/lib/python3.7/site-packages/airflow/example_dags/example_time_delta_sensor_async.py
[2022-11-09T04:19:43.066+0000] {processor.py:766} INFO - DAG(s) dict_keys(['example_time_delta_sensor_async']) retrieved from /home/airflow/.local/lib/python3.7/site-packages/airflow/example_dags/example_time_delta_sensor_async.py
[2022-11-09T04:19:43.164+0000] {logging_mixin.py:120} INFO - [2022-11-09T04:19:43.164+0000] {dag.py:2585} INFO - Sync 1 DAGs
[2022-11-09T04:19:43.179+0000] {logging_mixin.py:120} INFO - [2022-11-09T04:19:43.179+0000] {dag.py:3340} INFO - Setting next_dagrun for example_time_delta_sensor_async to None, run_after=None
[2022-11-09T04:19:43.190+0000] {processor.py:176} INFO - Processing /home/airflow/.local/lib/python3.7/site-packages/airflow/example_dags/example_time_delta_sensor_async.py took 0.135 seconds
