[2022-11-09T00:12:00.007+0000] {processor.py:154} INFO - Started process (PID=30695) to work on /home/airflow/.local/lib/python3.7/site-packages/airflow/example_dags/example_latest_only_with_trigger.py
[2022-11-09T00:12:00.010+0000] {processor.py:756} INFO - Processing file /home/airflow/.local/lib/python3.7/site-packages/airflow/example_dags/example_latest_only_with_trigger.py for tasks to queue
[2022-11-09T00:12:00.011+0000] {logging_mixin.py:120} INFO - [2022-11-09T00:12:00.011+0000] {dagbag.py:537} INFO - Filling up the DagBag from /home/airflow/.local/lib/python3.7/site-packages/airflow/example_dags/example_latest_only_with_trigger.py
[2022-11-09T00:12:00.033+0000] {processor.py:766} INFO - DAG(s) dict_keys(['latest_only_with_trigger']) retrieved from /home/airflow/.local/lib/python3.7/site-packages/airflow/example_dags/example_latest_only_with_trigger.py
[2022-11-09T00:12:00.072+0000] {logging_mixin.py:120} INFO - [2022-11-09T00:12:00.072+0000] {dag.py:2585} INFO - Sync 1 DAGs
[2022-11-09T00:12:00.089+0000] {logging_mixin.py:120} INFO - [2022-11-09T00:12:00.088+0000] {dag.py:3340} INFO - Setting next_dagrun for latest_only_with_trigger to 2022-11-08T20:12:00.088734+00:00, run_after=2022-11-09T00:12:00.088734+00:00
[2022-11-09T00:12:00.102+0000] {processor.py:176} INFO - Processing /home/airflow/.local/lib/python3.7/site-packages/airflow/example_dags/example_latest_only_with_trigger.py took 0.098 seconds
[2022-11-09T00:27:33.505+0000] {processor.py:154} INFO - Started process (PID=30742) to work on /home/airflow/.local/lib/python3.7/site-packages/airflow/example_dags/example_latest_only_with_trigger.py
[2022-11-09T00:27:33.506+0000] {processor.py:756} INFO - Processing file /home/airflow/.local/lib/python3.7/site-packages/airflow/example_dags/example_latest_only_with_trigger.py for tasks to queue
[2022-11-09T00:27:33.506+0000] {logging_mixin.py:120} INFO - [2022-11-09T00:27:33.506+0000] {dagbag.py:537} INFO - Filling up the DagBag from /home/airflow/.local/lib/python3.7/site-packages/airflow/example_dags/example_latest_only_with_trigger.py
[2022-11-09T00:27:33.516+0000] {processor.py:766} INFO - DAG(s) dict_keys(['latest_only_with_trigger']) retrieved from /home/airflow/.local/lib/python3.7/site-packages/airflow/example_dags/example_latest_only_with_trigger.py
[2022-11-09T00:27:33.553+0000] {logging_mixin.py:120} INFO - [2022-11-09T00:27:33.553+0000] {dag.py:2585} INFO - Sync 1 DAGs
[2022-11-09T00:27:33.587+0000] {logging_mixin.py:120} INFO - [2022-11-09T00:27:33.587+0000] {dag.py:3340} INFO - Setting next_dagrun for latest_only_with_trigger to 2022-11-08T20:27:33.587037+00:00, run_after=2022-11-09T00:27:33.587037+00:00
[2022-11-09T00:27:33.635+0000] {processor.py:176} INFO - Processing /home/airflow/.local/lib/python3.7/site-packages/airflow/example_dags/example_latest_only_with_trigger.py took 0.132 seconds
[2022-11-09T01:00:47.700+0000] {processor.py:154} INFO - Started process (PID=30792) to work on /home/airflow/.local/lib/python3.7/site-packages/airflow/example_dags/example_latest_only_with_trigger.py
[2022-11-09T01:00:47.703+0000] {processor.py:756} INFO - Processing file /home/airflow/.local/lib/python3.7/site-packages/airflow/example_dags/example_latest_only_with_trigger.py for tasks to queue
[2022-11-09T01:00:47.704+0000] {logging_mixin.py:120} INFO - [2022-11-09T01:00:47.704+0000] {dagbag.py:537} INFO - Filling up the DagBag from /home/airflow/.local/lib/python3.7/site-packages/airflow/example_dags/example_latest_only_with_trigger.py
[2022-11-09T01:00:47.718+0000] {processor.py:766} INFO - DAG(s) dict_keys(['latest_only_with_trigger']) retrieved from /home/airflow/.local/lib/python3.7/site-packages/airflow/example_dags/example_latest_only_with_trigger.py
[2022-11-09T01:00:47.820+0000] {logging_mixin.py:120} INFO - [2022-11-09T01:00:47.820+0000] {dag.py:2585} INFO - Sync 1 DAGs
[2022-11-09T01:00:47.838+0000] {logging_mixin.py:120} INFO - [2022-11-09T01:00:47.838+0000] {dag.py:3340} INFO - Setting next_dagrun for latest_only_with_trigger to 2022-11-08T21:00:47.838121+00:00, run_after=2022-11-09T01:00:47.838121+00:00
[2022-11-09T01:00:47.856+0000] {processor.py:176} INFO - Processing /home/airflow/.local/lib/python3.7/site-packages/airflow/example_dags/example_latest_only_with_trigger.py took 0.158 seconds
[2022-11-09T01:34:43.243+0000] {processor.py:154} INFO - Started process (PID=30840) to work on /home/airflow/.local/lib/python3.7/site-packages/airflow/example_dags/example_latest_only_with_trigger.py
[2022-11-09T01:34:43.244+0000] {processor.py:756} INFO - Processing file /home/airflow/.local/lib/python3.7/site-packages/airflow/example_dags/example_latest_only_with_trigger.py for tasks to queue
[2022-11-09T01:34:43.244+0000] {logging_mixin.py:120} INFO - [2022-11-09T01:34:43.244+0000] {dagbag.py:537} INFO - Filling up the DagBag from /home/airflow/.local/lib/python3.7/site-packages/airflow/example_dags/example_latest_only_with_trigger.py
[2022-11-09T01:34:43.264+0000] {processor.py:766} INFO - DAG(s) dict_keys(['latest_only_with_trigger']) retrieved from /home/airflow/.local/lib/python3.7/site-packages/airflow/example_dags/example_latest_only_with_trigger.py
[2022-11-09T01:34:43.291+0000] {logging_mixin.py:120} INFO - [2022-11-09T01:34:43.291+0000] {dag.py:2585} INFO - Sync 1 DAGs
[2022-11-09T01:34:43.306+0000] {logging_mixin.py:120} INFO - [2022-11-09T01:34:43.306+0000] {dag.py:3340} INFO - Setting next_dagrun for latest_only_with_trigger to 2022-11-08T21:34:43.306066+00:00, run_after=2022-11-09T01:34:43.306066+00:00
[2022-11-09T01:34:43.318+0000] {processor.py:176} INFO - Processing /home/airflow/.local/lib/python3.7/site-packages/airflow/example_dags/example_latest_only_with_trigger.py took 0.077 seconds
[2022-11-09T01:50:23.723+0000] {processor.py:154} INFO - Started process (PID=30887) to work on /home/airflow/.local/lib/python3.7/site-packages/airflow/example_dags/example_latest_only_with_trigger.py
[2022-11-09T01:50:23.723+0000] {processor.py:756} INFO - Processing file /home/airflow/.local/lib/python3.7/site-packages/airflow/example_dags/example_latest_only_with_trigger.py for tasks to queue
[2022-11-09T01:50:23.724+0000] {logging_mixin.py:120} INFO - [2022-11-09T01:50:23.724+0000] {dagbag.py:537} INFO - Filling up the DagBag from /home/airflow/.local/lib/python3.7/site-packages/airflow/example_dags/example_latest_only_with_trigger.py
[2022-11-09T01:50:23.734+0000] {processor.py:766} INFO - DAG(s) dict_keys(['latest_only_with_trigger']) retrieved from /home/airflow/.local/lib/python3.7/site-packages/airflow/example_dags/example_latest_only_with_trigger.py
[2022-11-09T01:50:23.760+0000] {logging_mixin.py:120} INFO - [2022-11-09T01:50:23.760+0000] {dag.py:2585} INFO - Sync 1 DAGs
[2022-11-09T01:50:23.776+0000] {logging_mixin.py:120} INFO - [2022-11-09T01:50:23.775+0000] {dag.py:3340} INFO - Setting next_dagrun for latest_only_with_trigger to 2022-11-08T21:50:23.775798+00:00, run_after=2022-11-09T01:50:23.775798+00:00
[2022-11-09T01:50:23.790+0000] {processor.py:176} INFO - Processing /home/airflow/.local/lib/python3.7/site-packages/airflow/example_dags/example_latest_only_with_trigger.py took 0.069 seconds
[2022-11-09T01:55:22.864+0000] {processor.py:154} INFO - Started process (PID=30935) to work on /home/airflow/.local/lib/python3.7/site-packages/airflow/example_dags/example_latest_only_with_trigger.py
[2022-11-09T01:55:22.865+0000] {processor.py:756} INFO - Processing file /home/airflow/.local/lib/python3.7/site-packages/airflow/example_dags/example_latest_only_with_trigger.py for tasks to queue
[2022-11-09T01:55:22.865+0000] {logging_mixin.py:120} INFO - [2022-11-09T01:55:22.865+0000] {dagbag.py:537} INFO - Filling up the DagBag from /home/airflow/.local/lib/python3.7/site-packages/airflow/example_dags/example_latest_only_with_trigger.py
[2022-11-09T01:55:22.874+0000] {processor.py:766} INFO - DAG(s) dict_keys(['latest_only_with_trigger']) retrieved from /home/airflow/.local/lib/python3.7/site-packages/airflow/example_dags/example_latest_only_with_trigger.py
[2022-11-09T01:55:22.935+0000] {logging_mixin.py:120} INFO - [2022-11-09T01:55:22.935+0000] {dag.py:2585} INFO - Sync 1 DAGs
[2022-11-09T01:55:22.965+0000] {logging_mixin.py:120} INFO - [2022-11-09T01:55:22.965+0000] {dag.py:3340} INFO - Setting next_dagrun for latest_only_with_trigger to 2022-11-08T21:55:22.965416+00:00, run_after=2022-11-09T01:55:22.965416+00:00
[2022-11-09T01:55:22.985+0000] {processor.py:176} INFO - Processing /home/airflow/.local/lib/python3.7/site-packages/airflow/example_dags/example_latest_only_with_trigger.py took 0.123 seconds
[2022-11-09T02:10:48.475+0000] {processor.py:154} INFO - Started process (PID=30982) to work on /home/airflow/.local/lib/python3.7/site-packages/airflow/example_dags/example_latest_only_with_trigger.py
[2022-11-09T02:10:48.476+0000] {processor.py:756} INFO - Processing file /home/airflow/.local/lib/python3.7/site-packages/airflow/example_dags/example_latest_only_with_trigger.py for tasks to queue
[2022-11-09T02:10:48.476+0000] {logging_mixin.py:120} INFO - [2022-11-09T02:10:48.476+0000] {dagbag.py:537} INFO - Filling up the DagBag from /home/airflow/.local/lib/python3.7/site-packages/airflow/example_dags/example_latest_only_with_trigger.py
[2022-11-09T02:10:48.487+0000] {processor.py:766} INFO - DAG(s) dict_keys(['latest_only_with_trigger']) retrieved from /home/airflow/.local/lib/python3.7/site-packages/airflow/example_dags/example_latest_only_with_trigger.py
[2022-11-09T02:10:48.520+0000] {logging_mixin.py:120} INFO - [2022-11-09T02:10:48.520+0000] {dag.py:2585} INFO - Sync 1 DAGs
[2022-11-09T02:10:48.534+0000] {logging_mixin.py:120} INFO - [2022-11-09T02:10:48.534+0000] {dag.py:3340} INFO - Setting next_dagrun for latest_only_with_trigger to 2022-11-08T22:10:48.534578+00:00, run_after=2022-11-09T02:10:48.534578+00:00
[2022-11-09T02:10:48.547+0000] {processor.py:176} INFO - Processing /home/airflow/.local/lib/python3.7/site-packages/airflow/example_dags/example_latest_only_with_trigger.py took 0.074 seconds
[2022-11-09T02:26:22.757+0000] {processor.py:154} INFO - Started process (PID=31029) to work on /home/airflow/.local/lib/python3.7/site-packages/airflow/example_dags/example_latest_only_with_trigger.py
[2022-11-09T02:26:22.758+0000] {processor.py:756} INFO - Processing file /home/airflow/.local/lib/python3.7/site-packages/airflow/example_dags/example_latest_only_with_trigger.py for tasks to queue
[2022-11-09T02:26:22.758+0000] {logging_mixin.py:120} INFO - [2022-11-09T02:26:22.758+0000] {dagbag.py:537} INFO - Filling up the DagBag from /home/airflow/.local/lib/python3.7/site-packages/airflow/example_dags/example_latest_only_with_trigger.py
[2022-11-09T02:26:22.766+0000] {processor.py:766} INFO - DAG(s) dict_keys(['latest_only_with_trigger']) retrieved from /home/airflow/.local/lib/python3.7/site-packages/airflow/example_dags/example_latest_only_with_trigger.py
[2022-11-09T02:26:22.791+0000] {logging_mixin.py:120} INFO - [2022-11-09T02:26:22.791+0000] {dag.py:2585} INFO - Sync 1 DAGs
[2022-11-09T02:26:22.804+0000] {logging_mixin.py:120} INFO - [2022-11-09T02:26:22.804+0000] {dag.py:3340} INFO - Setting next_dagrun for latest_only_with_trigger to 2022-11-08T22:26:22.804538+00:00, run_after=2022-11-09T02:26:22.804538+00:00
[2022-11-09T02:26:22.815+0000] {processor.py:176} INFO - Processing /home/airflow/.local/lib/python3.7/site-packages/airflow/example_dags/example_latest_only_with_trigger.py took 0.060 seconds
[2022-11-09T02:44:00.521+0000] {processor.py:154} INFO - Started process (PID=31077) to work on /home/airflow/.local/lib/python3.7/site-packages/airflow/example_dags/example_latest_only_with_trigger.py
[2022-11-09T02:44:00.522+0000] {processor.py:756} INFO - Processing file /home/airflow/.local/lib/python3.7/site-packages/airflow/example_dags/example_latest_only_with_trigger.py for tasks to queue
[2022-11-09T02:44:00.523+0000] {logging_mixin.py:120} INFO - [2022-11-09T02:44:00.523+0000] {dagbag.py:537} INFO - Filling up the DagBag from /home/airflow/.local/lib/python3.7/site-packages/airflow/example_dags/example_latest_only_with_trigger.py
[2022-11-09T02:44:00.542+0000] {processor.py:766} INFO - DAG(s) dict_keys(['latest_only_with_trigger']) retrieved from /home/airflow/.local/lib/python3.7/site-packages/airflow/example_dags/example_latest_only_with_trigger.py
[2022-11-09T02:44:00.590+0000] {logging_mixin.py:120} INFO - [2022-11-09T02:44:00.590+0000] {dag.py:2585} INFO - Sync 1 DAGs
[2022-11-09T02:44:00.621+0000] {logging_mixin.py:120} INFO - [2022-11-09T02:44:00.621+0000] {dag.py:3340} INFO - Setting next_dagrun for latest_only_with_trigger to 2022-11-08T22:44:00.621538+00:00, run_after=2022-11-09T02:44:00.621538+00:00
[2022-11-09T02:44:00.643+0000] {processor.py:176} INFO - Processing /home/airflow/.local/lib/python3.7/site-packages/airflow/example_dags/example_latest_only_with_trigger.py took 0.124 seconds
[2022-11-09T03:01:02.465+0000] {processor.py:154} INFO - Started process (PID=31136) to work on /home/airflow/.local/lib/python3.7/site-packages/airflow/example_dags/example_latest_only_with_trigger.py
[2022-11-09T03:01:02.465+0000] {processor.py:756} INFO - Processing file /home/airflow/.local/lib/python3.7/site-packages/airflow/example_dags/example_latest_only_with_trigger.py for tasks to queue
[2022-11-09T03:01:02.466+0000] {logging_mixin.py:120} INFO - [2022-11-09T03:01:02.466+0000] {dagbag.py:537} INFO - Filling up the DagBag from /home/airflow/.local/lib/python3.7/site-packages/airflow/example_dags/example_latest_only_with_trigger.py
[2022-11-09T03:01:02.475+0000] {processor.py:766} INFO - DAG(s) dict_keys(['latest_only_with_trigger']) retrieved from /home/airflow/.local/lib/python3.7/site-packages/airflow/example_dags/example_latest_only_with_trigger.py
[2022-11-09T03:01:02.500+0000] {logging_mixin.py:120} INFO - [2022-11-09T03:01:02.500+0000] {dag.py:2585} INFO - Sync 1 DAGs
[2022-11-09T03:01:02.516+0000] {logging_mixin.py:120} INFO - [2022-11-09T03:01:02.516+0000] {dag.py:3340} INFO - Setting next_dagrun for latest_only_with_trigger to 2022-11-08T23:01:02.515970+00:00, run_after=2022-11-09T03:01:02.515970+00:00
[2022-11-09T03:01:02.527+0000] {processor.py:176} INFO - Processing /home/airflow/.local/lib/python3.7/site-packages/airflow/example_dags/example_latest_only_with_trigger.py took 0.065 seconds
[2022-11-09T03:03:51.656+0000] {processor.py:154} INFO - Started process (PID=31201) to work on /home/airflow/.local/lib/python3.7/site-packages/airflow/example_dags/example_latest_only_with_trigger.py
[2022-11-09T03:03:51.656+0000] {processor.py:756} INFO - Processing file /home/airflow/.local/lib/python3.7/site-packages/airflow/example_dags/example_latest_only_with_trigger.py for tasks to queue
[2022-11-09T03:03:51.656+0000] {logging_mixin.py:120} INFO - [2022-11-09T03:03:51.656+0000] {dagbag.py:537} INFO - Filling up the DagBag from /home/airflow/.local/lib/python3.7/site-packages/airflow/example_dags/example_latest_only_with_trigger.py
[2022-11-09T03:03:51.664+0000] {processor.py:766} INFO - DAG(s) dict_keys(['latest_only_with_trigger']) retrieved from /home/airflow/.local/lib/python3.7/site-packages/airflow/example_dags/example_latest_only_with_trigger.py
[2022-11-09T03:03:51.689+0000] {logging_mixin.py:120} INFO - [2022-11-09T03:03:51.689+0000] {dag.py:2585} INFO - Sync 1 DAGs
[2022-11-09T03:03:51.703+0000] {logging_mixin.py:120} INFO - [2022-11-09T03:03:51.703+0000] {dag.py:3340} INFO - Setting next_dagrun for latest_only_with_trigger to 2022-11-08T23:03:51.703266+00:00, run_after=2022-11-09T03:03:51.703266+00:00
[2022-11-09T03:03:51.715+0000] {processor.py:176} INFO - Processing /home/airflow/.local/lib/python3.7/site-packages/airflow/example_dags/example_latest_only_with_trigger.py took 0.061 seconds
[2022-11-09T03:19:27.573+0000] {processor.py:154} INFO - Started process (PID=31248) to work on /home/airflow/.local/lib/python3.7/site-packages/airflow/example_dags/example_latest_only_with_trigger.py
[2022-11-09T03:19:27.577+0000] {processor.py:756} INFO - Processing file /home/airflow/.local/lib/python3.7/site-packages/airflow/example_dags/example_latest_only_with_trigger.py for tasks to queue
[2022-11-09T03:19:27.578+0000] {logging_mixin.py:120} INFO - [2022-11-09T03:19:27.578+0000] {dagbag.py:537} INFO - Filling up the DagBag from /home/airflow/.local/lib/python3.7/site-packages/airflow/example_dags/example_latest_only_with_trigger.py
[2022-11-09T03:19:27.587+0000] {processor.py:766} INFO - DAG(s) dict_keys(['latest_only_with_trigger']) retrieved from /home/airflow/.local/lib/python3.7/site-packages/airflow/example_dags/example_latest_only_with_trigger.py
[2022-11-09T03:19:27.650+0000] {logging_mixin.py:120} INFO - [2022-11-09T03:19:27.650+0000] {dag.py:2585} INFO - Sync 1 DAGs
[2022-11-09T03:19:27.684+0000] {logging_mixin.py:120} INFO - [2022-11-09T03:19:27.684+0000] {dag.py:3340} INFO - Setting next_dagrun for latest_only_with_trigger to 2022-11-08T23:19:27.684440+00:00, run_after=2022-11-09T03:19:27.684440+00:00
[2022-11-09T03:19:27.708+0000] {processor.py:176} INFO - Processing /home/airflow/.local/lib/python3.7/site-packages/airflow/example_dags/example_latest_only_with_trigger.py took 0.138 seconds
[2022-11-09T03:35:51.241+0000] {processor.py:154} INFO - Started process (PID=31306) to work on /home/airflow/.local/lib/python3.7/site-packages/airflow/example_dags/example_latest_only_with_trigger.py
[2022-11-09T03:35:51.244+0000] {processor.py:756} INFO - Processing file /home/airflow/.local/lib/python3.7/site-packages/airflow/example_dags/example_latest_only_with_trigger.py for tasks to queue
[2022-11-09T03:35:51.245+0000] {logging_mixin.py:120} INFO - [2022-11-09T03:35:51.245+0000] {dagbag.py:537} INFO - Filling up the DagBag from /home/airflow/.local/lib/python3.7/site-packages/airflow/example_dags/example_latest_only_with_trigger.py
[2022-11-09T03:35:51.278+0000] {processor.py:766} INFO - DAG(s) dict_keys(['latest_only_with_trigger']) retrieved from /home/airflow/.local/lib/python3.7/site-packages/airflow/example_dags/example_latest_only_with_trigger.py
[2022-11-09T03:35:51.315+0000] {logging_mixin.py:120} INFO - [2022-11-09T03:35:51.315+0000] {dag.py:2585} INFO - Sync 1 DAGs
[2022-11-09T03:35:51.329+0000] {logging_mixin.py:120} INFO - [2022-11-09T03:35:51.329+0000] {dag.py:3340} INFO - Setting next_dagrun for latest_only_with_trigger to 2022-11-08T23:35:51.329186+00:00, run_after=2022-11-09T03:35:51.329186+00:00
[2022-11-09T03:35:51.340+0000] {processor.py:176} INFO - Processing /home/airflow/.local/lib/python3.7/site-packages/airflow/example_dags/example_latest_only_with_trigger.py took 0.103 seconds
[2022-11-09T03:58:27.097+0000] {processor.py:154} INFO - Started process (PID=31353) to work on /home/airflow/.local/lib/python3.7/site-packages/airflow/example_dags/example_latest_only_with_trigger.py
[2022-11-09T03:58:27.102+0000] {processor.py:756} INFO - Processing file /home/airflow/.local/lib/python3.7/site-packages/airflow/example_dags/example_latest_only_with_trigger.py for tasks to queue
[2022-11-09T03:58:27.102+0000] {logging_mixin.py:120} INFO - [2022-11-09T03:58:27.102+0000] {dagbag.py:537} INFO - Filling up the DagBag from /home/airflow/.local/lib/python3.7/site-packages/airflow/example_dags/example_latest_only_with_trigger.py
[2022-11-09T03:58:27.125+0000] {processor.py:766} INFO - DAG(s) dict_keys(['latest_only_with_trigger']) retrieved from /home/airflow/.local/lib/python3.7/site-packages/airflow/example_dags/example_latest_only_with_trigger.py
[2022-11-09T03:58:27.202+0000] {logging_mixin.py:120} INFO - [2022-11-09T03:58:27.202+0000] {dag.py:2585} INFO - Sync 1 DAGs
[2022-11-09T03:58:27.230+0000] {logging_mixin.py:120} INFO - [2022-11-09T03:58:27.230+0000] {dag.py:3340} INFO - Setting next_dagrun for latest_only_with_trigger to 2022-11-08T23:58:27.230680+00:00, run_after=2022-11-09T03:58:27.230680+00:00
[2022-11-09T03:58:27.260+0000] {processor.py:176} INFO - Processing /home/airflow/.local/lib/python3.7/site-packages/airflow/example_dags/example_latest_only_with_trigger.py took 0.166 seconds
[2022-11-09T03:58:57.479+0000] {processor.py:154} INFO - Started process (PID=31423) to work on /home/airflow/.local/lib/python3.7/site-packages/airflow/example_dags/example_latest_only_with_trigger.py
[2022-11-09T03:58:57.480+0000] {processor.py:756} INFO - Processing file /home/airflow/.local/lib/python3.7/site-packages/airflow/example_dags/example_latest_only_with_trigger.py for tasks to queue
[2022-11-09T03:58:57.481+0000] {logging_mixin.py:120} INFO - [2022-11-09T03:58:57.481+0000] {dagbag.py:537} INFO - Filling up the DagBag from /home/airflow/.local/lib/python3.7/site-packages/airflow/example_dags/example_latest_only_with_trigger.py
[2022-11-09T03:58:57.491+0000] {processor.py:766} INFO - DAG(s) dict_keys(['latest_only_with_trigger']) retrieved from /home/airflow/.local/lib/python3.7/site-packages/airflow/example_dags/example_latest_only_with_trigger.py
[2022-11-09T03:58:57.517+0000] {logging_mixin.py:120} INFO - [2022-11-09T03:58:57.517+0000] {dag.py:2585} INFO - Sync 1 DAGs
[2022-11-09T03:58:57.532+0000] {logging_mixin.py:120} INFO - [2022-11-09T03:58:57.532+0000] {dag.py:3340} INFO - Setting next_dagrun for latest_only_with_trigger to 2022-11-08T23:58:57.532444+00:00, run_after=2022-11-09T03:58:57.532444+00:00
[2022-11-09T03:58:57.543+0000] {processor.py:176} INFO - Processing /home/airflow/.local/lib/python3.7/site-packages/airflow/example_dags/example_latest_only_with_trigger.py took 0.066 seconds
[2022-11-09T03:59:28.509+0000] {processor.py:154} INFO - Started process (PID=31495) to work on /home/airflow/.local/lib/python3.7/site-packages/airflow/example_dags/example_latest_only_with_trigger.py
[2022-11-09T03:59:28.510+0000] {processor.py:756} INFO - Processing file /home/airflow/.local/lib/python3.7/site-packages/airflow/example_dags/example_latest_only_with_trigger.py for tasks to queue
[2022-11-09T03:59:28.510+0000] {logging_mixin.py:120} INFO - [2022-11-09T03:59:28.510+0000] {dagbag.py:537} INFO - Filling up the DagBag from /home/airflow/.local/lib/python3.7/site-packages/airflow/example_dags/example_latest_only_with_trigger.py
[2022-11-09T03:59:28.519+0000] {processor.py:766} INFO - DAG(s) dict_keys(['latest_only_with_trigger']) retrieved from /home/airflow/.local/lib/python3.7/site-packages/airflow/example_dags/example_latest_only_with_trigger.py
[2022-11-09T03:59:28.542+0000] {logging_mixin.py:120} INFO - [2022-11-09T03:59:28.542+0000] {dag.py:2585} INFO - Sync 1 DAGs
[2022-11-09T03:59:28.555+0000] {logging_mixin.py:120} INFO - [2022-11-09T03:59:28.555+0000] {dag.py:3340} INFO - Setting next_dagrun for latest_only_with_trigger to 2022-11-08T23:59:28.555555+00:00, run_after=2022-11-09T03:59:28.555555+00:00
[2022-11-09T03:59:28.566+0000] {processor.py:176} INFO - Processing /home/airflow/.local/lib/python3.7/site-packages/airflow/example_dags/example_latest_only_with_trigger.py took 0.059 seconds
[2022-11-09T03:59:59.346+0000] {processor.py:154} INFO - Started process (PID=31552) to work on /home/airflow/.local/lib/python3.7/site-packages/airflow/example_dags/example_latest_only_with_trigger.py
[2022-11-09T03:59:59.347+0000] {processor.py:756} INFO - Processing file /home/airflow/.local/lib/python3.7/site-packages/airflow/example_dags/example_latest_only_with_trigger.py for tasks to queue
[2022-11-09T03:59:59.348+0000] {logging_mixin.py:120} INFO - [2022-11-09T03:59:59.348+0000] {dagbag.py:537} INFO - Filling up the DagBag from /home/airflow/.local/lib/python3.7/site-packages/airflow/example_dags/example_latest_only_with_trigger.py
[2022-11-09T03:59:59.358+0000] {processor.py:766} INFO - DAG(s) dict_keys(['latest_only_with_trigger']) retrieved from /home/airflow/.local/lib/python3.7/site-packages/airflow/example_dags/example_latest_only_with_trigger.py
[2022-11-09T03:59:59.384+0000] {logging_mixin.py:120} INFO - [2022-11-09T03:59:59.384+0000] {dag.py:2585} INFO - Sync 1 DAGs
[2022-11-09T03:59:59.399+0000] {logging_mixin.py:120} INFO - [2022-11-09T03:59:59.398+0000] {dag.py:3340} INFO - Setting next_dagrun for latest_only_with_trigger to 2022-11-08T23:59:59.398708+00:00, run_after=2022-11-09T03:59:59.398708+00:00
[2022-11-09T03:59:59.410+0000] {processor.py:176} INFO - Processing /home/airflow/.local/lib/python3.7/site-packages/airflow/example_dags/example_latest_only_with_trigger.py took 0.065 seconds
[2022-11-09T04:00:30.214+0000] {processor.py:154} INFO - Started process (PID=31618) to work on /home/airflow/.local/lib/python3.7/site-packages/airflow/example_dags/example_latest_only_with_trigger.py
[2022-11-09T04:00:30.215+0000] {processor.py:756} INFO - Processing file /home/airflow/.local/lib/python3.7/site-packages/airflow/example_dags/example_latest_only_with_trigger.py for tasks to queue
[2022-11-09T04:00:30.215+0000] {logging_mixin.py:120} INFO - [2022-11-09T04:00:30.215+0000] {dagbag.py:537} INFO - Filling up the DagBag from /home/airflow/.local/lib/python3.7/site-packages/airflow/example_dags/example_latest_only_with_trigger.py
[2022-11-09T04:00:30.224+0000] {processor.py:766} INFO - DAG(s) dict_keys(['latest_only_with_trigger']) retrieved from /home/airflow/.local/lib/python3.7/site-packages/airflow/example_dags/example_latest_only_with_trigger.py
[2022-11-09T04:00:30.247+0000] {logging_mixin.py:120} INFO - [2022-11-09T04:00:30.246+0000] {dag.py:2585} INFO - Sync 1 DAGs
[2022-11-09T04:00:30.260+0000] {logging_mixin.py:120} INFO - [2022-11-09T04:00:30.260+0000] {dag.py:3340} INFO - Setting next_dagrun for latest_only_with_trigger to 2022-11-09T00:00:30.260451+00:00, run_after=2022-11-09T04:00:30.260451+00:00
[2022-11-09T04:00:30.270+0000] {processor.py:176} INFO - Processing /home/airflow/.local/lib/python3.7/site-packages/airflow/example_dags/example_latest_only_with_trigger.py took 0.058 seconds
[2022-11-09T04:01:01.347+0000] {processor.py:154} INFO - Started process (PID=31683) to work on /home/airflow/.local/lib/python3.7/site-packages/airflow/example_dags/example_latest_only_with_trigger.py
[2022-11-09T04:01:01.347+0000] {processor.py:756} INFO - Processing file /home/airflow/.local/lib/python3.7/site-packages/airflow/example_dags/example_latest_only_with_trigger.py for tasks to queue
[2022-11-09T04:01:01.348+0000] {logging_mixin.py:120} INFO - [2022-11-09T04:01:01.348+0000] {dagbag.py:537} INFO - Filling up the DagBag from /home/airflow/.local/lib/python3.7/site-packages/airflow/example_dags/example_latest_only_with_trigger.py
[2022-11-09T04:01:01.355+0000] {processor.py:766} INFO - DAG(s) dict_keys(['latest_only_with_trigger']) retrieved from /home/airflow/.local/lib/python3.7/site-packages/airflow/example_dags/example_latest_only_with_trigger.py
[2022-11-09T04:01:01.377+0000] {logging_mixin.py:120} INFO - [2022-11-09T04:01:01.377+0000] {dag.py:2585} INFO - Sync 1 DAGs
[2022-11-09T04:01:01.390+0000] {logging_mixin.py:120} INFO - [2022-11-09T04:01:01.389+0000] {dag.py:3340} INFO - Setting next_dagrun for latest_only_with_trigger to 2022-11-09T00:01:01.389836+00:00, run_after=2022-11-09T04:01:01.389836+00:00
[2022-11-09T04:01:01.399+0000] {processor.py:176} INFO - Processing /home/airflow/.local/lib/python3.7/site-packages/airflow/example_dags/example_latest_only_with_trigger.py took 0.055 seconds
[2022-11-09T04:01:31.498+0000] {processor.py:154} INFO - Started process (PID=31749) to work on /home/airflow/.local/lib/python3.7/site-packages/airflow/example_dags/example_latest_only_with_trigger.py
[2022-11-09T04:01:31.498+0000] {processor.py:756} INFO - Processing file /home/airflow/.local/lib/python3.7/site-packages/airflow/example_dags/example_latest_only_with_trigger.py for tasks to queue
[2022-11-09T04:01:31.499+0000] {logging_mixin.py:120} INFO - [2022-11-09T04:01:31.499+0000] {dagbag.py:537} INFO - Filling up the DagBag from /home/airflow/.local/lib/python3.7/site-packages/airflow/example_dags/example_latest_only_with_trigger.py
[2022-11-09T04:01:31.507+0000] {processor.py:766} INFO - DAG(s) dict_keys(['latest_only_with_trigger']) retrieved from /home/airflow/.local/lib/python3.7/site-packages/airflow/example_dags/example_latest_only_with_trigger.py
[2022-11-09T04:01:31.529+0000] {logging_mixin.py:120} INFO - [2022-11-09T04:01:31.529+0000] {dag.py:2585} INFO - Sync 1 DAGs
[2022-11-09T04:01:31.543+0000] {logging_mixin.py:120} INFO - [2022-11-09T04:01:31.542+0000] {dag.py:3340} INFO - Setting next_dagrun for latest_only_with_trigger to 2022-11-09T00:01:31.542842+00:00, run_after=2022-11-09T04:01:31.542842+00:00
[2022-11-09T04:01:31.554+0000] {processor.py:176} INFO - Processing /home/airflow/.local/lib/python3.7/site-packages/airflow/example_dags/example_latest_only_with_trigger.py took 0.058 seconds
[2022-11-09T04:02:01.656+0000] {processor.py:154} INFO - Started process (PID=31819) to work on /home/airflow/.local/lib/python3.7/site-packages/airflow/example_dags/example_latest_only_with_trigger.py
[2022-11-09T04:02:01.656+0000] {processor.py:756} INFO - Processing file /home/airflow/.local/lib/python3.7/site-packages/airflow/example_dags/example_latest_only_with_trigger.py for tasks to queue
[2022-11-09T04:02:01.657+0000] {logging_mixin.py:120} INFO - [2022-11-09T04:02:01.657+0000] {dagbag.py:537} INFO - Filling up the DagBag from /home/airflow/.local/lib/python3.7/site-packages/airflow/example_dags/example_latest_only_with_trigger.py
[2022-11-09T04:02:01.665+0000] {processor.py:766} INFO - DAG(s) dict_keys(['latest_only_with_trigger']) retrieved from /home/airflow/.local/lib/python3.7/site-packages/airflow/example_dags/example_latest_only_with_trigger.py
[2022-11-09T04:02:01.685+0000] {logging_mixin.py:120} INFO - [2022-11-09T04:02:01.685+0000] {dag.py:2585} INFO - Sync 1 DAGs
[2022-11-09T04:02:01.696+0000] {logging_mixin.py:120} INFO - [2022-11-09T04:02:01.696+0000] {dag.py:3340} INFO - Setting next_dagrun for latest_only_with_trigger to 2022-11-09T00:02:01.696714+00:00, run_after=2022-11-09T04:02:01.696714+00:00
[2022-11-09T04:02:01.705+0000] {processor.py:176} INFO - Processing /home/airflow/.local/lib/python3.7/site-packages/airflow/example_dags/example_latest_only_with_trigger.py took 0.051 seconds
[2022-11-09T04:02:31.838+0000] {processor.py:154} INFO - Started process (PID=31887) to work on /home/airflow/.local/lib/python3.7/site-packages/airflow/example_dags/example_latest_only_with_trigger.py
[2022-11-09T04:02:31.839+0000] {processor.py:756} INFO - Processing file /home/airflow/.local/lib/python3.7/site-packages/airflow/example_dags/example_latest_only_with_trigger.py for tasks to queue
[2022-11-09T04:02:31.839+0000] {logging_mixin.py:120} INFO - [2022-11-09T04:02:31.839+0000] {dagbag.py:537} INFO - Filling up the DagBag from /home/airflow/.local/lib/python3.7/site-packages/airflow/example_dags/example_latest_only_with_trigger.py
[2022-11-09T04:02:31.850+0000] {processor.py:766} INFO - DAG(s) dict_keys(['latest_only_with_trigger']) retrieved from /home/airflow/.local/lib/python3.7/site-packages/airflow/example_dags/example_latest_only_with_trigger.py
[2022-11-09T04:02:31.908+0000] {logging_mixin.py:120} INFO - [2022-11-09T04:02:31.908+0000] {dag.py:2585} INFO - Sync 1 DAGs
[2022-11-09T04:02:31.924+0000] {logging_mixin.py:120} INFO - [2022-11-09T04:02:31.924+0000] {dag.py:3340} INFO - Setting next_dagrun for latest_only_with_trigger to 2022-11-09T00:02:31.924546+00:00, run_after=2022-11-09T04:02:31.924546+00:00
[2022-11-09T04:02:31.936+0000] {processor.py:176} INFO - Processing /home/airflow/.local/lib/python3.7/site-packages/airflow/example_dags/example_latest_only_with_trigger.py took 0.100 seconds
[2022-11-09T04:03:02.880+0000] {processor.py:154} INFO - Started process (PID=31952) to work on /home/airflow/.local/lib/python3.7/site-packages/airflow/example_dags/example_latest_only_with_trigger.py
[2022-11-09T04:03:02.880+0000] {processor.py:756} INFO - Processing file /home/airflow/.local/lib/python3.7/site-packages/airflow/example_dags/example_latest_only_with_trigger.py for tasks to queue
[2022-11-09T04:03:02.881+0000] {logging_mixin.py:120} INFO - [2022-11-09T04:03:02.881+0000] {dagbag.py:537} INFO - Filling up the DagBag from /home/airflow/.local/lib/python3.7/site-packages/airflow/example_dags/example_latest_only_with_trigger.py
[2022-11-09T04:03:02.889+0000] {processor.py:766} INFO - DAG(s) dict_keys(['latest_only_with_trigger']) retrieved from /home/airflow/.local/lib/python3.7/site-packages/airflow/example_dags/example_latest_only_with_trigger.py
[2022-11-09T04:03:02.913+0000] {logging_mixin.py:120} INFO - [2022-11-09T04:03:02.913+0000] {dag.py:2585} INFO - Sync 1 DAGs
[2022-11-09T04:03:02.926+0000] {logging_mixin.py:120} INFO - [2022-11-09T04:03:02.926+0000] {dag.py:3340} INFO - Setting next_dagrun for latest_only_with_trigger to 2022-11-09T00:03:02.926676+00:00, run_after=2022-11-09T04:03:02.926676+00:00
[2022-11-09T04:03:02.940+0000] {processor.py:176} INFO - Processing /home/airflow/.local/lib/python3.7/site-packages/airflow/example_dags/example_latest_only_with_trigger.py took 0.063 seconds
[2022-11-09T04:03:33.179+0000] {processor.py:154} INFO - Started process (PID=32008) to work on /home/airflow/.local/lib/python3.7/site-packages/airflow/example_dags/example_latest_only_with_trigger.py
[2022-11-09T04:03:33.180+0000] {processor.py:756} INFO - Processing file /home/airflow/.local/lib/python3.7/site-packages/airflow/example_dags/example_latest_only_with_trigger.py for tasks to queue
[2022-11-09T04:03:33.180+0000] {logging_mixin.py:120} INFO - [2022-11-09T04:03:33.180+0000] {dagbag.py:537} INFO - Filling up the DagBag from /home/airflow/.local/lib/python3.7/site-packages/airflow/example_dags/example_latest_only_with_trigger.py
[2022-11-09T04:03:33.188+0000] {processor.py:766} INFO - DAG(s) dict_keys(['latest_only_with_trigger']) retrieved from /home/airflow/.local/lib/python3.7/site-packages/airflow/example_dags/example_latest_only_with_trigger.py
[2022-11-09T04:03:33.210+0000] {logging_mixin.py:120} INFO - [2022-11-09T04:03:33.210+0000] {dag.py:2585} INFO - Sync 1 DAGs
[2022-11-09T04:03:33.224+0000] {logging_mixin.py:120} INFO - [2022-11-09T04:03:33.224+0000] {dag.py:3340} INFO - Setting next_dagrun for latest_only_with_trigger to 2022-11-09T00:03:33.224287+00:00, run_after=2022-11-09T04:03:33.224287+00:00
[2022-11-09T04:03:33.236+0000] {processor.py:176} INFO - Processing /home/airflow/.local/lib/python3.7/site-packages/airflow/example_dags/example_latest_only_with_trigger.py took 0.059 seconds
[2022-11-09T04:04:04.250+0000] {processor.py:154} INFO - Started process (PID=32077) to work on /home/airflow/.local/lib/python3.7/site-packages/airflow/example_dags/example_latest_only_with_trigger.py
[2022-11-09T04:04:04.250+0000] {processor.py:756} INFO - Processing file /home/airflow/.local/lib/python3.7/site-packages/airflow/example_dags/example_latest_only_with_trigger.py for tasks to queue
[2022-11-09T04:04:04.251+0000] {logging_mixin.py:120} INFO - [2022-11-09T04:04:04.251+0000] {dagbag.py:537} INFO - Filling up the DagBag from /home/airflow/.local/lib/python3.7/site-packages/airflow/example_dags/example_latest_only_with_trigger.py
[2022-11-09T04:04:04.259+0000] {processor.py:766} INFO - DAG(s) dict_keys(['latest_only_with_trigger']) retrieved from /home/airflow/.local/lib/python3.7/site-packages/airflow/example_dags/example_latest_only_with_trigger.py
[2022-11-09T04:04:04.283+0000] {logging_mixin.py:120} INFO - [2022-11-09T04:04:04.283+0000] {dag.py:2585} INFO - Sync 1 DAGs
[2022-11-09T04:04:04.297+0000] {logging_mixin.py:120} INFO - [2022-11-09T04:04:04.297+0000] {dag.py:3340} INFO - Setting next_dagrun for latest_only_with_trigger to 2022-11-09T00:04:04.297142+00:00, run_after=2022-11-09T04:04:04.297142+00:00
[2022-11-09T04:04:04.308+0000] {processor.py:176} INFO - Processing /home/airflow/.local/lib/python3.7/site-packages/airflow/example_dags/example_latest_only_with_trigger.py took 0.060 seconds
[2022-11-09T04:04:35.359+0000] {processor.py:154} INFO - Started process (PID=32148) to work on /home/airflow/.local/lib/python3.7/site-packages/airflow/example_dags/example_latest_only_with_trigger.py
[2022-11-09T04:04:35.359+0000] {processor.py:756} INFO - Processing file /home/airflow/.local/lib/python3.7/site-packages/airflow/example_dags/example_latest_only_with_trigger.py for tasks to queue
[2022-11-09T04:04:35.360+0000] {logging_mixin.py:120} INFO - [2022-11-09T04:04:35.360+0000] {dagbag.py:537} INFO - Filling up the DagBag from /home/airflow/.local/lib/python3.7/site-packages/airflow/example_dags/example_latest_only_with_trigger.py
[2022-11-09T04:04:35.369+0000] {processor.py:766} INFO - DAG(s) dict_keys(['latest_only_with_trigger']) retrieved from /home/airflow/.local/lib/python3.7/site-packages/airflow/example_dags/example_latest_only_with_trigger.py
[2022-11-09T04:04:35.391+0000] {logging_mixin.py:120} INFO - [2022-11-09T04:04:35.391+0000] {dag.py:2585} INFO - Sync 1 DAGs
[2022-11-09T04:04:35.405+0000] {logging_mixin.py:120} INFO - [2022-11-09T04:04:35.405+0000] {dag.py:3340} INFO - Setting next_dagrun for latest_only_with_trigger to 2022-11-09T00:04:35.405515+00:00, run_after=2022-11-09T04:04:35.405515+00:00
[2022-11-09T04:04:35.416+0000] {processor.py:176} INFO - Processing /home/airflow/.local/lib/python3.7/site-packages/airflow/example_dags/example_latest_only_with_trigger.py took 0.059 seconds
[2022-11-09T04:05:06.408+0000] {processor.py:154} INFO - Started process (PID=32215) to work on /home/airflow/.local/lib/python3.7/site-packages/airflow/example_dags/example_latest_only_with_trigger.py
[2022-11-09T04:05:06.409+0000] {processor.py:756} INFO - Processing file /home/airflow/.local/lib/python3.7/site-packages/airflow/example_dags/example_latest_only_with_trigger.py for tasks to queue
[2022-11-09T04:05:06.410+0000] {logging_mixin.py:120} INFO - [2022-11-09T04:05:06.410+0000] {dagbag.py:537} INFO - Filling up the DagBag from /home/airflow/.local/lib/python3.7/site-packages/airflow/example_dags/example_latest_only_with_trigger.py
[2022-11-09T04:05:06.417+0000] {processor.py:766} INFO - DAG(s) dict_keys(['latest_only_with_trigger']) retrieved from /home/airflow/.local/lib/python3.7/site-packages/airflow/example_dags/example_latest_only_with_trigger.py
[2022-11-09T04:05:06.439+0000] {logging_mixin.py:120} INFO - [2022-11-09T04:05:06.439+0000] {dag.py:2585} INFO - Sync 1 DAGs
[2022-11-09T04:05:06.453+0000] {logging_mixin.py:120} INFO - [2022-11-09T04:05:06.453+0000] {dag.py:3340} INFO - Setting next_dagrun for latest_only_with_trigger to 2022-11-09T00:05:06.453503+00:00, run_after=2022-11-09T04:05:06.453503+00:00
[2022-11-09T04:05:06.464+0000] {processor.py:176} INFO - Processing /home/airflow/.local/lib/python3.7/site-packages/airflow/example_dags/example_latest_only_with_trigger.py took 0.058 seconds
[2022-11-09T04:05:37.275+0000] {processor.py:154} INFO - Started process (PID=32280) to work on /home/airflow/.local/lib/python3.7/site-packages/airflow/example_dags/example_latest_only_with_trigger.py
[2022-11-09T04:05:37.276+0000] {processor.py:756} INFO - Processing file /home/airflow/.local/lib/python3.7/site-packages/airflow/example_dags/example_latest_only_with_trigger.py for tasks to queue
[2022-11-09T04:05:37.276+0000] {logging_mixin.py:120} INFO - [2022-11-09T04:05:37.276+0000] {dagbag.py:537} INFO - Filling up the DagBag from /home/airflow/.local/lib/python3.7/site-packages/airflow/example_dags/example_latest_only_with_trigger.py
[2022-11-09T04:05:37.284+0000] {processor.py:766} INFO - DAG(s) dict_keys(['latest_only_with_trigger']) retrieved from /home/airflow/.local/lib/python3.7/site-packages/airflow/example_dags/example_latest_only_with_trigger.py
[2022-11-09T04:05:37.307+0000] {logging_mixin.py:120} INFO - [2022-11-09T04:05:37.306+0000] {dag.py:2585} INFO - Sync 1 DAGs
[2022-11-09T04:05:37.319+0000] {logging_mixin.py:120} INFO - [2022-11-09T04:05:37.319+0000] {dag.py:3340} INFO - Setting next_dagrun for latest_only_with_trigger to 2022-11-09T00:05:37.319336+00:00, run_after=2022-11-09T04:05:37.319336+00:00
[2022-11-09T04:05:37.329+0000] {processor.py:176} INFO - Processing /home/airflow/.local/lib/python3.7/site-packages/airflow/example_dags/example_latest_only_with_trigger.py took 0.056 seconds
[2022-11-09T04:06:08.071+0000] {processor.py:154} INFO - Started process (PID=32345) to work on /home/airflow/.local/lib/python3.7/site-packages/airflow/example_dags/example_latest_only_with_trigger.py
[2022-11-09T04:06:08.071+0000] {processor.py:756} INFO - Processing file /home/airflow/.local/lib/python3.7/site-packages/airflow/example_dags/example_latest_only_with_trigger.py for tasks to queue
[2022-11-09T04:06:08.072+0000] {logging_mixin.py:120} INFO - [2022-11-09T04:06:08.072+0000] {dagbag.py:537} INFO - Filling up the DagBag from /home/airflow/.local/lib/python3.7/site-packages/airflow/example_dags/example_latest_only_with_trigger.py
[2022-11-09T04:06:08.080+0000] {processor.py:766} INFO - DAG(s) dict_keys(['latest_only_with_trigger']) retrieved from /home/airflow/.local/lib/python3.7/site-packages/airflow/example_dags/example_latest_only_with_trigger.py
[2022-11-09T04:06:08.102+0000] {logging_mixin.py:120} INFO - [2022-11-09T04:06:08.101+0000] {dag.py:2585} INFO - Sync 1 DAGs
[2022-11-09T04:06:08.114+0000] {logging_mixin.py:120} INFO - [2022-11-09T04:06:08.114+0000] {dag.py:3340} INFO - Setting next_dagrun for latest_only_with_trigger to 2022-11-09T00:06:08.114349+00:00, run_after=2022-11-09T04:06:08.114349+00:00
[2022-11-09T04:06:08.125+0000] {processor.py:176} INFO - Processing /home/airflow/.local/lib/python3.7/site-packages/airflow/example_dags/example_latest_only_with_trigger.py took 0.056 seconds
[2022-11-09T04:06:38.998+0000] {processor.py:154} INFO - Started process (PID=32414) to work on /home/airflow/.local/lib/python3.7/site-packages/airflow/example_dags/example_latest_only_with_trigger.py
[2022-11-09T04:06:38.999+0000] {processor.py:756} INFO - Processing file /home/airflow/.local/lib/python3.7/site-packages/airflow/example_dags/example_latest_only_with_trigger.py for tasks to queue
[2022-11-09T04:06:39.000+0000] {logging_mixin.py:120} INFO - [2022-11-09T04:06:39.000+0000] {dagbag.py:537} INFO - Filling up the DagBag from /home/airflow/.local/lib/python3.7/site-packages/airflow/example_dags/example_latest_only_with_trigger.py
[2022-11-09T04:06:39.010+0000] {processor.py:766} INFO - DAG(s) dict_keys(['latest_only_with_trigger']) retrieved from /home/airflow/.local/lib/python3.7/site-packages/airflow/example_dags/example_latest_only_with_trigger.py
[2022-11-09T04:06:39.032+0000] {logging_mixin.py:120} INFO - [2022-11-09T04:06:39.032+0000] {dag.py:2585} INFO - Sync 1 DAGs
[2022-11-09T04:06:39.045+0000] {logging_mixin.py:120} INFO - [2022-11-09T04:06:39.045+0000] {dag.py:3340} INFO - Setting next_dagrun for latest_only_with_trigger to 2022-11-09T00:06:39.045697+00:00, run_after=2022-11-09T04:06:39.045697+00:00
[2022-11-09T04:06:39.057+0000] {processor.py:176} INFO - Processing /home/airflow/.local/lib/python3.7/site-packages/airflow/example_dags/example_latest_only_with_trigger.py took 0.061 seconds
[2022-11-09T04:17:38.557+0000] {processor.py:154} INFO - Started process (PID=32473) to work on /home/airflow/.local/lib/python3.7/site-packages/airflow/example_dags/example_latest_only_with_trigger.py
[2022-11-09T04:17:38.569+0000] {processor.py:756} INFO - Processing file /home/airflow/.local/lib/python3.7/site-packages/airflow/example_dags/example_latest_only_with_trigger.py for tasks to queue
[2022-11-09T04:17:38.570+0000] {logging_mixin.py:120} INFO - [2022-11-09T04:17:38.570+0000] {dagbag.py:537} INFO - Filling up the DagBag from /home/airflow/.local/lib/python3.7/site-packages/airflow/example_dags/example_latest_only_with_trigger.py
[2022-11-09T04:17:38.610+0000] {processor.py:766} INFO - DAG(s) dict_keys(['latest_only_with_trigger']) retrieved from /home/airflow/.local/lib/python3.7/site-packages/airflow/example_dags/example_latest_only_with_trigger.py
[2022-11-09T04:17:38.696+0000] {logging_mixin.py:120} INFO - [2022-11-09T04:17:38.696+0000] {dag.py:2585} INFO - Sync 1 DAGs
[2022-11-09T04:17:38.732+0000] {logging_mixin.py:120} INFO - [2022-11-09T04:17:38.732+0000] {dag.py:3340} INFO - Setting next_dagrun for latest_only_with_trigger to 2022-11-09T00:17:38.732085+00:00, run_after=2022-11-09T04:17:38.732085+00:00
[2022-11-09T04:17:38.770+0000] {processor.py:176} INFO - Processing /home/airflow/.local/lib/python3.7/site-packages/airflow/example_dags/example_latest_only_with_trigger.py took 0.216 seconds
[2022-11-09T04:18:09.686+0000] {processor.py:154} INFO - Started process (PID=32540) to work on /home/airflow/.local/lib/python3.7/site-packages/airflow/example_dags/example_latest_only_with_trigger.py
[2022-11-09T04:18:09.687+0000] {processor.py:756} INFO - Processing file /home/airflow/.local/lib/python3.7/site-packages/airflow/example_dags/example_latest_only_with_trigger.py for tasks to queue
[2022-11-09T04:18:09.688+0000] {logging_mixin.py:120} INFO - [2022-11-09T04:18:09.688+0000] {dagbag.py:537} INFO - Filling up the DagBag from /home/airflow/.local/lib/python3.7/site-packages/airflow/example_dags/example_latest_only_with_trigger.py
[2022-11-09T04:18:09.705+0000] {processor.py:766} INFO - DAG(s) dict_keys(['latest_only_with_trigger']) retrieved from /home/airflow/.local/lib/python3.7/site-packages/airflow/example_dags/example_latest_only_with_trigger.py
[2022-11-09T04:18:09.734+0000] {logging_mixin.py:120} INFO - [2022-11-09T04:18:09.734+0000] {dag.py:2585} INFO - Sync 1 DAGs
[2022-11-09T04:18:09.748+0000] {logging_mixin.py:120} INFO - [2022-11-09T04:18:09.748+0000] {dag.py:3340} INFO - Setting next_dagrun for latest_only_with_trigger to 2022-11-09T00:18:09.748204+00:00, run_after=2022-11-09T04:18:09.748204+00:00
[2022-11-09T04:18:09.759+0000] {processor.py:176} INFO - Processing /home/airflow/.local/lib/python3.7/site-packages/airflow/example_dags/example_latest_only_with_trigger.py took 0.078 seconds
[2022-11-09T04:18:39.782+0000] {processor.py:154} INFO - Started process (PID=32607) to work on /home/airflow/.local/lib/python3.7/site-packages/airflow/example_dags/example_latest_only_with_trigger.py
[2022-11-09T04:18:39.782+0000] {processor.py:756} INFO - Processing file /home/airflow/.local/lib/python3.7/site-packages/airflow/example_dags/example_latest_only_with_trigger.py for tasks to queue
[2022-11-09T04:18:39.783+0000] {logging_mixin.py:120} INFO - [2022-11-09T04:18:39.782+0000] {dagbag.py:537} INFO - Filling up the DagBag from /home/airflow/.local/lib/python3.7/site-packages/airflow/example_dags/example_latest_only_with_trigger.py
[2022-11-09T04:18:39.791+0000] {processor.py:766} INFO - DAG(s) dict_keys(['latest_only_with_trigger']) retrieved from /home/airflow/.local/lib/python3.7/site-packages/airflow/example_dags/example_latest_only_with_trigger.py
[2022-11-09T04:18:39.813+0000] {logging_mixin.py:120} INFO - [2022-11-09T04:18:39.813+0000] {dag.py:2585} INFO - Sync 1 DAGs
[2022-11-09T04:18:39.826+0000] {logging_mixin.py:120} INFO - [2022-11-09T04:18:39.826+0000] {dag.py:3340} INFO - Setting next_dagrun for latest_only_with_trigger to 2022-11-09T00:18:39.826496+00:00, run_after=2022-11-09T04:18:39.826496+00:00
[2022-11-09T04:18:39.837+0000] {processor.py:176} INFO - Processing /home/airflow/.local/lib/python3.7/site-packages/airflow/example_dags/example_latest_only_with_trigger.py took 0.058 seconds
[2022-11-09T04:19:10.781+0000] {processor.py:154} INFO - Started process (PID=32673) to work on /home/airflow/.local/lib/python3.7/site-packages/airflow/example_dags/example_latest_only_with_trigger.py
[2022-11-09T04:19:10.781+0000] {processor.py:756} INFO - Processing file /home/airflow/.local/lib/python3.7/site-packages/airflow/example_dags/example_latest_only_with_trigger.py for tasks to queue
[2022-11-09T04:19:10.782+0000] {logging_mixin.py:120} INFO - [2022-11-09T04:19:10.782+0000] {dagbag.py:537} INFO - Filling up the DagBag from /home/airflow/.local/lib/python3.7/site-packages/airflow/example_dags/example_latest_only_with_trigger.py
[2022-11-09T04:19:10.791+0000] {processor.py:766} INFO - DAG(s) dict_keys(['latest_only_with_trigger']) retrieved from /home/airflow/.local/lib/python3.7/site-packages/airflow/example_dags/example_latest_only_with_trigger.py
[2022-11-09T04:19:10.814+0000] {logging_mixin.py:120} INFO - [2022-11-09T04:19:10.814+0000] {dag.py:2585} INFO - Sync 1 DAGs
[2022-11-09T04:19:10.830+0000] {logging_mixin.py:120} INFO - [2022-11-09T04:19:10.830+0000] {dag.py:3340} INFO - Setting next_dagrun for latest_only_with_trigger to 2022-11-09T00:19:10.829942+00:00, run_after=2022-11-09T04:19:10.829942+00:00
[2022-11-09T04:19:10.842+0000] {processor.py:176} INFO - Processing /home/airflow/.local/lib/python3.7/site-packages/airflow/example_dags/example_latest_only_with_trigger.py took 0.063 seconds
[2022-11-09T04:19:41.685+0000] {processor.py:154} INFO - Started process (PID=32740) to work on /home/airflow/.local/lib/python3.7/site-packages/airflow/example_dags/example_latest_only_with_trigger.py
[2022-11-09T04:19:41.686+0000] {processor.py:756} INFO - Processing file /home/airflow/.local/lib/python3.7/site-packages/airflow/example_dags/example_latest_only_with_trigger.py for tasks to queue
[2022-11-09T04:19:41.687+0000] {logging_mixin.py:120} INFO - [2022-11-09T04:19:41.686+0000] {dagbag.py:537} INFO - Filling up the DagBag from /home/airflow/.local/lib/python3.7/site-packages/airflow/example_dags/example_latest_only_with_trigger.py
[2022-11-09T04:19:41.695+0000] {processor.py:766} INFO - DAG(s) dict_keys(['latest_only_with_trigger']) retrieved from /home/airflow/.local/lib/python3.7/site-packages/airflow/example_dags/example_latest_only_with_trigger.py
[2022-11-09T04:19:41.721+0000] {logging_mixin.py:120} INFO - [2022-11-09T04:19:41.720+0000] {dag.py:2585} INFO - Sync 1 DAGs
[2022-11-09T04:19:41.734+0000] {logging_mixin.py:120} INFO - [2022-11-09T04:19:41.734+0000] {dag.py:3340} INFO - Setting next_dagrun for latest_only_with_trigger to 2022-11-09T00:19:41.734056+00:00, run_after=2022-11-09T04:19:41.734056+00:00
[2022-11-09T04:19:41.746+0000] {processor.py:176} INFO - Processing /home/airflow/.local/lib/python3.7/site-packages/airflow/example_dags/example_latest_only_with_trigger.py took 0.064 seconds
