[2022-11-09T00:12:01.304+0000] {processor.py:154} INFO - Started process (PID=30709) to work on /home/airflow/.local/lib/python3.7/site-packages/airflow/example_dags/example_task_group_decorator.py
[2022-11-09T00:12:01.305+0000] {processor.py:756} INFO - Processing file /home/airflow/.local/lib/python3.7/site-packages/airflow/example_dags/example_task_group_decorator.py for tasks to queue
[2022-11-09T00:12:01.305+0000] {logging_mixin.py:120} INFO - [2022-11-09T00:12:01.305+0000] {dagbag.py:537} INFO - Filling up the DagBag from /home/airflow/.local/lib/python3.7/site-packages/airflow/example_dags/example_task_group_decorator.py
[2022-11-09T00:12:01.333+0000] {processor.py:766} INFO - DAG(s) dict_keys(['example_task_group_decorator']) retrieved from /home/airflow/.local/lib/python3.7/site-packages/airflow/example_dags/example_task_group_decorator.py
[2022-11-09T00:12:01.382+0000] {logging_mixin.py:120} INFO - [2022-11-09T00:12:01.382+0000] {dag.py:2585} INFO - Sync 1 DAGs
[2022-11-09T00:12:01.428+0000] {logging_mixin.py:120} INFO - [2022-11-09T00:12:01.428+0000] {dag.py:3340} INFO - Setting next_dagrun for example_task_group_decorator to 2022-11-08T00:12:01.416259+00:00, run_after=2022-11-09T00:12:01.416259+00:00
[2022-11-09T00:12:01.477+0000] {processor.py:176} INFO - Processing /home/airflow/.local/lib/python3.7/site-packages/airflow/example_dags/example_task_group_decorator.py took 0.176 seconds
[2022-11-09T00:27:34.432+0000] {processor.py:154} INFO - Started process (PID=30756) to work on /home/airflow/.local/lib/python3.7/site-packages/airflow/example_dags/example_task_group_decorator.py
[2022-11-09T00:27:34.437+0000] {processor.py:756} INFO - Processing file /home/airflow/.local/lib/python3.7/site-packages/airflow/example_dags/example_task_group_decorator.py for tasks to queue
[2022-11-09T00:27:34.437+0000] {logging_mixin.py:120} INFO - [2022-11-09T00:27:34.437+0000] {dagbag.py:537} INFO - Filling up the DagBag from /home/airflow/.local/lib/python3.7/site-packages/airflow/example_dags/example_task_group_decorator.py
[2022-11-09T00:27:34.461+0000] {processor.py:766} INFO - DAG(s) dict_keys(['example_task_group_decorator']) retrieved from /home/airflow/.local/lib/python3.7/site-packages/airflow/example_dags/example_task_group_decorator.py
[2022-11-09T00:27:34.538+0000] {logging_mixin.py:120} INFO - [2022-11-09T00:27:34.538+0000] {dag.py:2585} INFO - Sync 1 DAGs
[2022-11-09T00:27:34.576+0000] {logging_mixin.py:120} INFO - [2022-11-09T00:27:34.576+0000] {dag.py:3340} INFO - Setting next_dagrun for example_task_group_decorator to 2022-11-08T00:27:34.575906+00:00, run_after=2022-11-09T00:27:34.575906+00:00
[2022-11-09T00:27:34.596+0000] {processor.py:176} INFO - Processing /home/airflow/.local/lib/python3.7/site-packages/airflow/example_dags/example_task_group_decorator.py took 0.166 seconds
[2022-11-09T01:00:48.753+0000] {processor.py:154} INFO - Started process (PID=30806) to work on /home/airflow/.local/lib/python3.7/site-packages/airflow/example_dags/example_task_group_decorator.py
[2022-11-09T01:00:48.756+0000] {processor.py:756} INFO - Processing file /home/airflow/.local/lib/python3.7/site-packages/airflow/example_dags/example_task_group_decorator.py for tasks to queue
[2022-11-09T01:00:48.756+0000] {logging_mixin.py:120} INFO - [2022-11-09T01:00:48.756+0000] {dagbag.py:537} INFO - Filling up the DagBag from /home/airflow/.local/lib/python3.7/site-packages/airflow/example_dags/example_task_group_decorator.py
[2022-11-09T01:00:48.780+0000] {processor.py:766} INFO - DAG(s) dict_keys(['example_task_group_decorator']) retrieved from /home/airflow/.local/lib/python3.7/site-packages/airflow/example_dags/example_task_group_decorator.py
[2022-11-09T01:00:48.817+0000] {logging_mixin.py:120} INFO - [2022-11-09T01:00:48.817+0000] {dag.py:2585} INFO - Sync 1 DAGs
[2022-11-09T01:00:48.844+0000] {logging_mixin.py:120} INFO - [2022-11-09T01:00:48.844+0000] {dag.py:3340} INFO - Setting next_dagrun for example_task_group_decorator to 2022-11-08T01:00:48.843911+00:00, run_after=2022-11-09T01:00:48.843911+00:00
[2022-11-09T01:00:48.864+0000] {processor.py:176} INFO - Processing /home/airflow/.local/lib/python3.7/site-packages/airflow/example_dags/example_task_group_decorator.py took 0.113 seconds
[2022-11-09T01:34:44.464+0000] {processor.py:154} INFO - Started process (PID=30854) to work on /home/airflow/.local/lib/python3.7/site-packages/airflow/example_dags/example_task_group_decorator.py
[2022-11-09T01:34:44.464+0000] {processor.py:756} INFO - Processing file /home/airflow/.local/lib/python3.7/site-packages/airflow/example_dags/example_task_group_decorator.py for tasks to queue
[2022-11-09T01:34:44.467+0000] {logging_mixin.py:120} INFO - [2022-11-09T01:34:44.467+0000] {dagbag.py:537} INFO - Filling up the DagBag from /home/airflow/.local/lib/python3.7/site-packages/airflow/example_dags/example_task_group_decorator.py
[2022-11-09T01:34:44.507+0000] {processor.py:766} INFO - DAG(s) dict_keys(['example_task_group_decorator']) retrieved from /home/airflow/.local/lib/python3.7/site-packages/airflow/example_dags/example_task_group_decorator.py
[2022-11-09T01:34:44.548+0000] {logging_mixin.py:120} INFO - [2022-11-09T01:34:44.548+0000] {dag.py:2585} INFO - Sync 1 DAGs
[2022-11-09T01:34:44.572+0000] {logging_mixin.py:120} INFO - [2022-11-09T01:34:44.572+0000] {dag.py:3340} INFO - Setting next_dagrun for example_task_group_decorator to 2022-11-08T01:34:44.572189+00:00, run_after=2022-11-09T01:34:44.572189+00:00
[2022-11-09T01:34:44.593+0000] {processor.py:176} INFO - Processing /home/airflow/.local/lib/python3.7/site-packages/airflow/example_dags/example_task_group_decorator.py took 0.131 seconds
[2022-11-09T01:50:24.619+0000] {processor.py:154} INFO - Started process (PID=30901) to work on /home/airflow/.local/lib/python3.7/site-packages/airflow/example_dags/example_task_group_decorator.py
[2022-11-09T01:50:24.626+0000] {processor.py:756} INFO - Processing file /home/airflow/.local/lib/python3.7/site-packages/airflow/example_dags/example_task_group_decorator.py for tasks to queue
[2022-11-09T01:50:24.627+0000] {logging_mixin.py:120} INFO - [2022-11-09T01:50:24.626+0000] {dagbag.py:537} INFO - Filling up the DagBag from /home/airflow/.local/lib/python3.7/site-packages/airflow/example_dags/example_task_group_decorator.py
[2022-11-09T01:50:24.649+0000] {processor.py:766} INFO - DAG(s) dict_keys(['example_task_group_decorator']) retrieved from /home/airflow/.local/lib/python3.7/site-packages/airflow/example_dags/example_task_group_decorator.py
[2022-11-09T01:50:24.696+0000] {logging_mixin.py:120} INFO - [2022-11-09T01:50:24.696+0000] {dag.py:2585} INFO - Sync 1 DAGs
[2022-11-09T01:50:24.724+0000] {logging_mixin.py:120} INFO - [2022-11-09T01:50:24.723+0000] {dag.py:3340} INFO - Setting next_dagrun for example_task_group_decorator to 2022-11-08T01:50:24.723767+00:00, run_after=2022-11-09T01:50:24.723767+00:00
[2022-11-09T01:50:24.749+0000] {processor.py:176} INFO - Processing /home/airflow/.local/lib/python3.7/site-packages/airflow/example_dags/example_task_group_decorator.py took 0.132 seconds
[2022-11-09T01:55:23.795+0000] {processor.py:154} INFO - Started process (PID=30949) to work on /home/airflow/.local/lib/python3.7/site-packages/airflow/example_dags/example_task_group_decorator.py
[2022-11-09T01:55:23.795+0000] {processor.py:756} INFO - Processing file /home/airflow/.local/lib/python3.7/site-packages/airflow/example_dags/example_task_group_decorator.py for tasks to queue
[2022-11-09T01:55:23.796+0000] {logging_mixin.py:120} INFO - [2022-11-09T01:55:23.796+0000] {dagbag.py:537} INFO - Filling up the DagBag from /home/airflow/.local/lib/python3.7/site-packages/airflow/example_dags/example_task_group_decorator.py
[2022-11-09T01:55:23.812+0000] {processor.py:766} INFO - DAG(s) dict_keys(['example_task_group_decorator']) retrieved from /home/airflow/.local/lib/python3.7/site-packages/airflow/example_dags/example_task_group_decorator.py
[2022-11-09T01:55:23.837+0000] {logging_mixin.py:120} INFO - [2022-11-09T01:55:23.837+0000] {dag.py:2585} INFO - Sync 1 DAGs
[2022-11-09T01:55:23.850+0000] {logging_mixin.py:120} INFO - [2022-11-09T01:55:23.850+0000] {dag.py:3340} INFO - Setting next_dagrun for example_task_group_decorator to 2022-11-08T01:55:23.849898+00:00, run_after=2022-11-09T01:55:23.849898+00:00
[2022-11-09T01:55:23.861+0000] {processor.py:176} INFO - Processing /home/airflow/.local/lib/python3.7/site-packages/airflow/example_dags/example_task_group_decorator.py took 0.068 seconds
[2022-11-09T02:10:49.267+0000] {processor.py:154} INFO - Started process (PID=30996) to work on /home/airflow/.local/lib/python3.7/site-packages/airflow/example_dags/example_task_group_decorator.py
[2022-11-09T02:10:49.268+0000] {processor.py:756} INFO - Processing file /home/airflow/.local/lib/python3.7/site-packages/airflow/example_dags/example_task_group_decorator.py for tasks to queue
[2022-11-09T02:10:49.268+0000] {logging_mixin.py:120} INFO - [2022-11-09T02:10:49.268+0000] {dagbag.py:537} INFO - Filling up the DagBag from /home/airflow/.local/lib/python3.7/site-packages/airflow/example_dags/example_task_group_decorator.py
[2022-11-09T02:10:49.293+0000] {processor.py:766} INFO - DAG(s) dict_keys(['example_task_group_decorator']) retrieved from /home/airflow/.local/lib/python3.7/site-packages/airflow/example_dags/example_task_group_decorator.py
[2022-11-09T02:10:49.344+0000] {logging_mixin.py:120} INFO - [2022-11-09T02:10:49.343+0000] {dag.py:2585} INFO - Sync 1 DAGs
[2022-11-09T02:10:49.371+0000] {logging_mixin.py:120} INFO - [2022-11-09T02:10:49.371+0000] {dag.py:3340} INFO - Setting next_dagrun for example_task_group_decorator to 2022-11-08T02:10:49.371023+00:00, run_after=2022-11-09T02:10:49.371023+00:00
[2022-11-09T02:10:49.391+0000] {processor.py:176} INFO - Processing /home/airflow/.local/lib/python3.7/site-packages/airflow/example_dags/example_task_group_decorator.py took 0.126 seconds
[2022-11-09T02:26:23.786+0000] {processor.py:154} INFO - Started process (PID=31043) to work on /home/airflow/.local/lib/python3.7/site-packages/airflow/example_dags/example_task_group_decorator.py
[2022-11-09T02:26:23.787+0000] {processor.py:756} INFO - Processing file /home/airflow/.local/lib/python3.7/site-packages/airflow/example_dags/example_task_group_decorator.py for tasks to queue
[2022-11-09T02:26:23.788+0000] {logging_mixin.py:120} INFO - [2022-11-09T02:26:23.788+0000] {dagbag.py:537} INFO - Filling up the DagBag from /home/airflow/.local/lib/python3.7/site-packages/airflow/example_dags/example_task_group_decorator.py
[2022-11-09T02:26:23.818+0000] {processor.py:766} INFO - DAG(s) dict_keys(['example_task_group_decorator']) retrieved from /home/airflow/.local/lib/python3.7/site-packages/airflow/example_dags/example_task_group_decorator.py
[2022-11-09T02:26:23.888+0000] {logging_mixin.py:120} INFO - [2022-11-09T02:26:23.888+0000] {dag.py:2585} INFO - Sync 1 DAGs
[2022-11-09T02:26:23.931+0000] {logging_mixin.py:120} INFO - [2022-11-09T02:26:23.931+0000] {dag.py:3340} INFO - Setting next_dagrun for example_task_group_decorator to 2022-11-08T02:26:23.931146+00:00, run_after=2022-11-09T02:26:23.931146+00:00
[2022-11-09T02:26:23.952+0000] {processor.py:176} INFO - Processing /home/airflow/.local/lib/python3.7/site-packages/airflow/example_dags/example_task_group_decorator.py took 0.168 seconds
[2022-11-09T02:44:01.565+0000] {processor.py:154} INFO - Started process (PID=31091) to work on /home/airflow/.local/lib/python3.7/site-packages/airflow/example_dags/example_task_group_decorator.py
[2022-11-09T02:44:01.565+0000] {processor.py:756} INFO - Processing file /home/airflow/.local/lib/python3.7/site-packages/airflow/example_dags/example_task_group_decorator.py for tasks to queue
[2022-11-09T02:44:01.565+0000] {logging_mixin.py:120} INFO - [2022-11-09T02:44:01.565+0000] {dagbag.py:537} INFO - Filling up the DagBag from /home/airflow/.local/lib/python3.7/site-packages/airflow/example_dags/example_task_group_decorator.py
[2022-11-09T02:44:01.587+0000] {processor.py:766} INFO - DAG(s) dict_keys(['example_task_group_decorator']) retrieved from /home/airflow/.local/lib/python3.7/site-packages/airflow/example_dags/example_task_group_decorator.py
[2022-11-09T02:44:01.625+0000] {logging_mixin.py:120} INFO - [2022-11-09T02:44:01.625+0000] {dag.py:2585} INFO - Sync 1 DAGs
[2022-11-09T02:44:01.646+0000] {logging_mixin.py:120} INFO - [2022-11-09T02:44:01.646+0000] {dag.py:3340} INFO - Setting next_dagrun for example_task_group_decorator to 2022-11-08T02:44:01.645934+00:00, run_after=2022-11-09T02:44:01.645934+00:00
[2022-11-09T02:44:01.661+0000] {processor.py:176} INFO - Processing /home/airflow/.local/lib/python3.7/site-packages/airflow/example_dags/example_task_group_decorator.py took 0.098 seconds
[2022-11-09T03:01:03.157+0000] {processor.py:154} INFO - Started process (PID=31150) to work on /home/airflow/.local/lib/python3.7/site-packages/airflow/example_dags/example_task_group_decorator.py
[2022-11-09T03:01:03.158+0000] {processor.py:756} INFO - Processing file /home/airflow/.local/lib/python3.7/site-packages/airflow/example_dags/example_task_group_decorator.py for tasks to queue
[2022-11-09T03:01:03.159+0000] {logging_mixin.py:120} INFO - [2022-11-09T03:01:03.159+0000] {dagbag.py:537} INFO - Filling up the DagBag from /home/airflow/.local/lib/python3.7/site-packages/airflow/example_dags/example_task_group_decorator.py
[2022-11-09T03:01:03.173+0000] {processor.py:766} INFO - DAG(s) dict_keys(['example_task_group_decorator']) retrieved from /home/airflow/.local/lib/python3.7/site-packages/airflow/example_dags/example_task_group_decorator.py
[2022-11-09T03:01:03.195+0000] {logging_mixin.py:120} INFO - [2022-11-09T03:01:03.195+0000] {dag.py:2585} INFO - Sync 1 DAGs
[2022-11-09T03:01:03.208+0000] {logging_mixin.py:120} INFO - [2022-11-09T03:01:03.208+0000] {dag.py:3340} INFO - Setting next_dagrun for example_task_group_decorator to 2022-11-08T03:01:03.208808+00:00, run_after=2022-11-09T03:01:03.208808+00:00
[2022-11-09T03:01:03.220+0000] {processor.py:176} INFO - Processing /home/airflow/.local/lib/python3.7/site-packages/airflow/example_dags/example_task_group_decorator.py took 0.066 seconds
[2022-11-09T03:03:52.706+0000] {processor.py:154} INFO - Started process (PID=31215) to work on /home/airflow/.local/lib/python3.7/site-packages/airflow/example_dags/example_task_group_decorator.py
[2022-11-09T03:03:52.707+0000] {processor.py:756} INFO - Processing file /home/airflow/.local/lib/python3.7/site-packages/airflow/example_dags/example_task_group_decorator.py for tasks to queue
[2022-11-09T03:03:52.707+0000] {logging_mixin.py:120} INFO - [2022-11-09T03:03:52.707+0000] {dagbag.py:537} INFO - Filling up the DagBag from /home/airflow/.local/lib/python3.7/site-packages/airflow/example_dags/example_task_group_decorator.py
[2022-11-09T03:03:52.725+0000] {processor.py:766} INFO - DAG(s) dict_keys(['example_task_group_decorator']) retrieved from /home/airflow/.local/lib/python3.7/site-packages/airflow/example_dags/example_task_group_decorator.py
[2022-11-09T03:03:52.762+0000] {logging_mixin.py:120} INFO - [2022-11-09T03:03:52.761+0000] {dag.py:2585} INFO - Sync 1 DAGs
[2022-11-09T03:03:52.781+0000] {logging_mixin.py:120} INFO - [2022-11-09T03:03:52.781+0000] {dag.py:3340} INFO - Setting next_dagrun for example_task_group_decorator to 2022-11-08T03:03:52.781716+00:00, run_after=2022-11-09T03:03:52.781716+00:00
[2022-11-09T03:03:52.832+0000] {processor.py:176} INFO - Processing /home/airflow/.local/lib/python3.7/site-packages/airflow/example_dags/example_task_group_decorator.py took 0.128 seconds
[2022-11-09T03:19:28.673+0000] {processor.py:154} INFO - Started process (PID=31262) to work on /home/airflow/.local/lib/python3.7/site-packages/airflow/example_dags/example_task_group_decorator.py
[2022-11-09T03:19:28.674+0000] {processor.py:756} INFO - Processing file /home/airflow/.local/lib/python3.7/site-packages/airflow/example_dags/example_task_group_decorator.py for tasks to queue
[2022-11-09T03:19:28.675+0000] {logging_mixin.py:120} INFO - [2022-11-09T03:19:28.675+0000] {dagbag.py:537} INFO - Filling up the DagBag from /home/airflow/.local/lib/python3.7/site-packages/airflow/example_dags/example_task_group_decorator.py
[2022-11-09T03:19:28.698+0000] {processor.py:766} INFO - DAG(s) dict_keys(['example_task_group_decorator']) retrieved from /home/airflow/.local/lib/python3.7/site-packages/airflow/example_dags/example_task_group_decorator.py
[2022-11-09T03:19:28.730+0000] {logging_mixin.py:120} INFO - [2022-11-09T03:19:28.730+0000] {dag.py:2585} INFO - Sync 1 DAGs
[2022-11-09T03:19:28.753+0000] {logging_mixin.py:120} INFO - [2022-11-09T03:19:28.753+0000] {dag.py:3340} INFO - Setting next_dagrun for example_task_group_decorator to 2022-11-08T03:19:28.752871+00:00, run_after=2022-11-09T03:19:28.752871+00:00
[2022-11-09T03:19:28.772+0000] {processor.py:176} INFO - Processing /home/airflow/.local/lib/python3.7/site-packages/airflow/example_dags/example_task_group_decorator.py took 0.100 seconds
[2022-11-09T03:35:52.366+0000] {processor.py:154} INFO - Started process (PID=31320) to work on /home/airflow/.local/lib/python3.7/site-packages/airflow/example_dags/example_task_group_decorator.py
[2022-11-09T03:35:52.367+0000] {processor.py:756} INFO - Processing file /home/airflow/.local/lib/python3.7/site-packages/airflow/example_dags/example_task_group_decorator.py for tasks to queue
[2022-11-09T03:35:52.367+0000] {logging_mixin.py:120} INFO - [2022-11-09T03:35:52.367+0000] {dagbag.py:537} INFO - Filling up the DagBag from /home/airflow/.local/lib/python3.7/site-packages/airflow/example_dags/example_task_group_decorator.py
[2022-11-09T03:35:52.382+0000] {processor.py:766} INFO - DAG(s) dict_keys(['example_task_group_decorator']) retrieved from /home/airflow/.local/lib/python3.7/site-packages/airflow/example_dags/example_task_group_decorator.py
[2022-11-09T03:35:52.413+0000] {logging_mixin.py:120} INFO - [2022-11-09T03:35:52.413+0000] {dag.py:2585} INFO - Sync 1 DAGs
[2022-11-09T03:35:52.427+0000] {logging_mixin.py:120} INFO - [2022-11-09T03:35:52.427+0000] {dag.py:3340} INFO - Setting next_dagrun for example_task_group_decorator to 2022-11-08T03:35:52.427320+00:00, run_after=2022-11-09T03:35:52.427320+00:00
[2022-11-09T03:35:52.437+0000] {processor.py:176} INFO - Processing /home/airflow/.local/lib/python3.7/site-packages/airflow/example_dags/example_task_group_decorator.py took 0.074 seconds
[2022-11-09T03:58:28.505+0000] {processor.py:154} INFO - Started process (PID=31367) to work on /home/airflow/.local/lib/python3.7/site-packages/airflow/example_dags/example_task_group_decorator.py
[2022-11-09T03:58:28.506+0000] {processor.py:756} INFO - Processing file /home/airflow/.local/lib/python3.7/site-packages/airflow/example_dags/example_task_group_decorator.py for tasks to queue
[2022-11-09T03:58:28.506+0000] {logging_mixin.py:120} INFO - [2022-11-09T03:58:28.506+0000] {dagbag.py:537} INFO - Filling up the DagBag from /home/airflow/.local/lib/python3.7/site-packages/airflow/example_dags/example_task_group_decorator.py
[2022-11-09T03:58:28.547+0000] {processor.py:766} INFO - DAG(s) dict_keys(['example_task_group_decorator']) retrieved from /home/airflow/.local/lib/python3.7/site-packages/airflow/example_dags/example_task_group_decorator.py
[2022-11-09T03:58:28.601+0000] {logging_mixin.py:120} INFO - [2022-11-09T03:58:28.601+0000] {dag.py:2585} INFO - Sync 1 DAGs
[2022-11-09T03:58:28.619+0000] {logging_mixin.py:120} INFO - [2022-11-09T03:58:28.618+0000] {dag.py:3340} INFO - Setting next_dagrun for example_task_group_decorator to 2022-11-08T03:58:28.618850+00:00, run_after=2022-11-09T03:58:28.618850+00:00
[2022-11-09T03:58:28.638+0000] {processor.py:176} INFO - Processing /home/airflow/.local/lib/python3.7/site-packages/airflow/example_dags/example_task_group_decorator.py took 0.145 seconds
[2022-11-09T03:58:59.075+0000] {processor.py:154} INFO - Started process (PID=31437) to work on /home/airflow/.local/lib/python3.7/site-packages/airflow/example_dags/example_task_group_decorator.py
[2022-11-09T03:58:59.076+0000] {processor.py:756} INFO - Processing file /home/airflow/.local/lib/python3.7/site-packages/airflow/example_dags/example_task_group_decorator.py for tasks to queue
[2022-11-09T03:58:59.076+0000] {logging_mixin.py:120} INFO - [2022-11-09T03:58:59.076+0000] {dagbag.py:537} INFO - Filling up the DagBag from /home/airflow/.local/lib/python3.7/site-packages/airflow/example_dags/example_task_group_decorator.py
[2022-11-09T03:58:59.092+0000] {processor.py:766} INFO - DAG(s) dict_keys(['example_task_group_decorator']) retrieved from /home/airflow/.local/lib/python3.7/site-packages/airflow/example_dags/example_task_group_decorator.py
[2022-11-09T03:58:59.117+0000] {logging_mixin.py:120} INFO - [2022-11-09T03:58:59.117+0000] {dag.py:2585} INFO - Sync 1 DAGs
[2022-11-09T03:58:59.130+0000] {logging_mixin.py:120} INFO - [2022-11-09T03:58:59.130+0000] {dag.py:3340} INFO - Setting next_dagrun for example_task_group_decorator to 2022-11-08T03:58:59.130690+00:00, run_after=2022-11-09T03:58:59.130690+00:00
[2022-11-09T03:58:59.142+0000] {processor.py:176} INFO - Processing /home/airflow/.local/lib/python3.7/site-packages/airflow/example_dags/example_task_group_decorator.py took 0.069 seconds
[2022-11-09T03:59:30.044+0000] {processor.py:154} INFO - Started process (PID=31509) to work on /home/airflow/.local/lib/python3.7/site-packages/airflow/example_dags/example_task_group_decorator.py
[2022-11-09T03:59:30.044+0000] {processor.py:756} INFO - Processing file /home/airflow/.local/lib/python3.7/site-packages/airflow/example_dags/example_task_group_decorator.py for tasks to queue
[2022-11-09T03:59:30.045+0000] {logging_mixin.py:120} INFO - [2022-11-09T03:59:30.045+0000] {dagbag.py:537} INFO - Filling up the DagBag from /home/airflow/.local/lib/python3.7/site-packages/airflow/example_dags/example_task_group_decorator.py
[2022-11-09T03:59:30.059+0000] {processor.py:766} INFO - DAG(s) dict_keys(['example_task_group_decorator']) retrieved from /home/airflow/.local/lib/python3.7/site-packages/airflow/example_dags/example_task_group_decorator.py
[2022-11-09T03:59:30.082+0000] {logging_mixin.py:120} INFO - [2022-11-09T03:59:30.082+0000] {dag.py:2585} INFO - Sync 1 DAGs
[2022-11-09T03:59:30.095+0000] {logging_mixin.py:120} INFO - [2022-11-09T03:59:30.094+0000] {dag.py:3340} INFO - Setting next_dagrun for example_task_group_decorator to 2022-11-08T03:59:30.094815+00:00, run_after=2022-11-09T03:59:30.094815+00:00
[2022-11-09T03:59:30.104+0000] {processor.py:176} INFO - Processing /home/airflow/.local/lib/python3.7/site-packages/airflow/example_dags/example_task_group_decorator.py took 0.062 seconds
[2022-11-09T04:00:00.929+0000] {processor.py:154} INFO - Started process (PID=31575) to work on /home/airflow/.local/lib/python3.7/site-packages/airflow/example_dags/example_task_group_decorator.py
[2022-11-09T04:00:00.929+0000] {processor.py:756} INFO - Processing file /home/airflow/.local/lib/python3.7/site-packages/airflow/example_dags/example_task_group_decorator.py for tasks to queue
[2022-11-09T04:00:00.930+0000] {logging_mixin.py:120} INFO - [2022-11-09T04:00:00.930+0000] {dagbag.py:537} INFO - Filling up the DagBag from /home/airflow/.local/lib/python3.7/site-packages/airflow/example_dags/example_task_group_decorator.py
[2022-11-09T04:00:00.945+0000] {processor.py:766} INFO - DAG(s) dict_keys(['example_task_group_decorator']) retrieved from /home/airflow/.local/lib/python3.7/site-packages/airflow/example_dags/example_task_group_decorator.py
[2022-11-09T04:00:00.969+0000] {logging_mixin.py:120} INFO - [2022-11-09T04:00:00.969+0000] {dag.py:2585} INFO - Sync 1 DAGs
[2022-11-09T04:00:00.983+0000] {logging_mixin.py:120} INFO - [2022-11-09T04:00:00.983+0000] {dag.py:3340} INFO - Setting next_dagrun for example_task_group_decorator to 2022-11-08T04:00:00.983481+00:00, run_after=2022-11-09T04:00:00.983481+00:00
[2022-11-09T04:00:00.993+0000] {processor.py:176} INFO - Processing /home/airflow/.local/lib/python3.7/site-packages/airflow/example_dags/example_task_group_decorator.py took 0.066 seconds
[2022-11-09T04:00:31.816+0000] {processor.py:154} INFO - Started process (PID=31632) to work on /home/airflow/.local/lib/python3.7/site-packages/airflow/example_dags/example_task_group_decorator.py
[2022-11-09T04:00:31.816+0000] {processor.py:756} INFO - Processing file /home/airflow/.local/lib/python3.7/site-packages/airflow/example_dags/example_task_group_decorator.py for tasks to queue
[2022-11-09T04:00:31.817+0000] {logging_mixin.py:120} INFO - [2022-11-09T04:00:31.817+0000] {dagbag.py:537} INFO - Filling up the DagBag from /home/airflow/.local/lib/python3.7/site-packages/airflow/example_dags/example_task_group_decorator.py
[2022-11-09T04:00:31.832+0000] {processor.py:766} INFO - DAG(s) dict_keys(['example_task_group_decorator']) retrieved from /home/airflow/.local/lib/python3.7/site-packages/airflow/example_dags/example_task_group_decorator.py
[2022-11-09T04:00:31.854+0000] {logging_mixin.py:120} INFO - [2022-11-09T04:00:31.854+0000] {dag.py:2585} INFO - Sync 1 DAGs
[2022-11-09T04:00:31.867+0000] {logging_mixin.py:120} INFO - [2022-11-09T04:00:31.867+0000] {dag.py:3340} INFO - Setting next_dagrun for example_task_group_decorator to 2022-11-08T04:00:31.867712+00:00, run_after=2022-11-09T04:00:31.867712+00:00
[2022-11-09T04:00:31.879+0000] {processor.py:176} INFO - Processing /home/airflow/.local/lib/python3.7/site-packages/airflow/example_dags/example_task_group_decorator.py took 0.065 seconds
[2022-11-09T04:01:02.029+0000] {processor.py:154} INFO - Started process (PID=31697) to work on /home/airflow/.local/lib/python3.7/site-packages/airflow/example_dags/example_task_group_decorator.py
[2022-11-09T04:01:02.029+0000] {processor.py:756} INFO - Processing file /home/airflow/.local/lib/python3.7/site-packages/airflow/example_dags/example_task_group_decorator.py for tasks to queue
[2022-11-09T04:01:02.030+0000] {logging_mixin.py:120} INFO - [2022-11-09T04:01:02.030+0000] {dagbag.py:537} INFO - Filling up the DagBag from /home/airflow/.local/lib/python3.7/site-packages/airflow/example_dags/example_task_group_decorator.py
[2022-11-09T04:01:02.045+0000] {processor.py:766} INFO - DAG(s) dict_keys(['example_task_group_decorator']) retrieved from /home/airflow/.local/lib/python3.7/site-packages/airflow/example_dags/example_task_group_decorator.py
[2022-11-09T04:01:02.070+0000] {logging_mixin.py:120} INFO - [2022-11-09T04:01:02.070+0000] {dag.py:2585} INFO - Sync 1 DAGs
[2022-11-09T04:01:02.084+0000] {logging_mixin.py:120} INFO - [2022-11-09T04:01:02.084+0000] {dag.py:3340} INFO - Setting next_dagrun for example_task_group_decorator to 2022-11-08T04:01:02.084440+00:00, run_after=2022-11-09T04:01:02.084440+00:00
[2022-11-09T04:01:02.094+0000] {processor.py:176} INFO - Processing /home/airflow/.local/lib/python3.7/site-packages/airflow/example_dags/example_task_group_decorator.py took 0.067 seconds
[2022-11-09T04:01:32.190+0000] {processor.py:154} INFO - Started process (PID=31762) to work on /home/airflow/.local/lib/python3.7/site-packages/airflow/example_dags/example_task_group_decorator.py
[2022-11-09T04:01:32.191+0000] {processor.py:756} INFO - Processing file /home/airflow/.local/lib/python3.7/site-packages/airflow/example_dags/example_task_group_decorator.py for tasks to queue
[2022-11-09T04:01:32.191+0000] {logging_mixin.py:120} INFO - [2022-11-09T04:01:32.191+0000] {dagbag.py:537} INFO - Filling up the DagBag from /home/airflow/.local/lib/python3.7/site-packages/airflow/example_dags/example_task_group_decorator.py
[2022-11-09T04:01:32.207+0000] {processor.py:766} INFO - DAG(s) dict_keys(['example_task_group_decorator']) retrieved from /home/airflow/.local/lib/python3.7/site-packages/airflow/example_dags/example_task_group_decorator.py
[2022-11-09T04:01:32.230+0000] {logging_mixin.py:120} INFO - [2022-11-09T04:01:32.230+0000] {dag.py:2585} INFO - Sync 1 DAGs
[2022-11-09T04:01:32.244+0000] {logging_mixin.py:120} INFO - [2022-11-09T04:01:32.244+0000] {dag.py:3340} INFO - Setting next_dagrun for example_task_group_decorator to 2022-11-08T04:01:32.244248+00:00, run_after=2022-11-09T04:01:32.244248+00:00
[2022-11-09T04:01:32.254+0000] {processor.py:176} INFO - Processing /home/airflow/.local/lib/python3.7/site-packages/airflow/example_dags/example_task_group_decorator.py took 0.066 seconds
[2022-11-09T04:02:02.387+0000] {processor.py:154} INFO - Started process (PID=31832) to work on /home/airflow/.local/lib/python3.7/site-packages/airflow/example_dags/example_task_group_decorator.py
[2022-11-09T04:02:02.388+0000] {processor.py:756} INFO - Processing file /home/airflow/.local/lib/python3.7/site-packages/airflow/example_dags/example_task_group_decorator.py for tasks to queue
[2022-11-09T04:02:02.389+0000] {logging_mixin.py:120} INFO - [2022-11-09T04:02:02.389+0000] {dagbag.py:537} INFO - Filling up the DagBag from /home/airflow/.local/lib/python3.7/site-packages/airflow/example_dags/example_task_group_decorator.py
[2022-11-09T04:02:02.406+0000] {processor.py:766} INFO - DAG(s) dict_keys(['example_task_group_decorator']) retrieved from /home/airflow/.local/lib/python3.7/site-packages/airflow/example_dags/example_task_group_decorator.py
[2022-11-09T04:02:02.428+0000] {logging_mixin.py:120} INFO - [2022-11-09T04:02:02.428+0000] {dag.py:2585} INFO - Sync 1 DAGs
[2022-11-09T04:02:02.441+0000] {logging_mixin.py:120} INFO - [2022-11-09T04:02:02.441+0000] {dag.py:3340} INFO - Setting next_dagrun for example_task_group_decorator to 2022-11-08T04:02:02.441271+00:00, run_after=2022-11-09T04:02:02.441271+00:00
[2022-11-09T04:02:02.451+0000] {processor.py:176} INFO - Processing /home/airflow/.local/lib/python3.7/site-packages/airflow/example_dags/example_task_group_decorator.py took 0.065 seconds
[2022-11-09T04:02:32.555+0000] {processor.py:154} INFO - Started process (PID=31900) to work on /home/airflow/.local/lib/python3.7/site-packages/airflow/example_dags/example_task_group_decorator.py
[2022-11-09T04:02:32.556+0000] {processor.py:756} INFO - Processing file /home/airflow/.local/lib/python3.7/site-packages/airflow/example_dags/example_task_group_decorator.py for tasks to queue
[2022-11-09T04:02:32.556+0000] {logging_mixin.py:120} INFO - [2022-11-09T04:02:32.556+0000] {dagbag.py:537} INFO - Filling up the DagBag from /home/airflow/.local/lib/python3.7/site-packages/airflow/example_dags/example_task_group_decorator.py
[2022-11-09T04:02:32.574+0000] {processor.py:766} INFO - DAG(s) dict_keys(['example_task_group_decorator']) retrieved from /home/airflow/.local/lib/python3.7/site-packages/airflow/example_dags/example_task_group_decorator.py
[2022-11-09T04:02:32.601+0000] {logging_mixin.py:120} INFO - [2022-11-09T04:02:32.601+0000] {dag.py:2585} INFO - Sync 1 DAGs
[2022-11-09T04:02:32.616+0000] {logging_mixin.py:120} INFO - [2022-11-09T04:02:32.616+0000] {dag.py:3340} INFO - Setting next_dagrun for example_task_group_decorator to 2022-11-08T04:02:32.616719+00:00, run_after=2022-11-09T04:02:32.616719+00:00
[2022-11-09T04:02:32.628+0000] {processor.py:176} INFO - Processing /home/airflow/.local/lib/python3.7/site-packages/airflow/example_dags/example_task_group_decorator.py took 0.074 seconds
[2022-11-09T04:03:03.654+0000] {processor.py:154} INFO - Started process (PID=31966) to work on /home/airflow/.local/lib/python3.7/site-packages/airflow/example_dags/example_task_group_decorator.py
[2022-11-09T04:03:03.655+0000] {processor.py:756} INFO - Processing file /home/airflow/.local/lib/python3.7/site-packages/airflow/example_dags/example_task_group_decorator.py for tasks to queue
[2022-11-09T04:03:03.655+0000] {logging_mixin.py:120} INFO - [2022-11-09T04:03:03.655+0000] {dagbag.py:537} INFO - Filling up the DagBag from /home/airflow/.local/lib/python3.7/site-packages/airflow/example_dags/example_task_group_decorator.py
[2022-11-09T04:03:03.670+0000] {processor.py:766} INFO - DAG(s) dict_keys(['example_task_group_decorator']) retrieved from /home/airflow/.local/lib/python3.7/site-packages/airflow/example_dags/example_task_group_decorator.py
[2022-11-09T04:03:03.694+0000] {logging_mixin.py:120} INFO - [2022-11-09T04:03:03.694+0000] {dag.py:2585} INFO - Sync 1 DAGs
[2022-11-09T04:03:03.708+0000] {logging_mixin.py:120} INFO - [2022-11-09T04:03:03.708+0000] {dag.py:3340} INFO - Setting next_dagrun for example_task_group_decorator to 2022-11-08T04:03:03.708253+00:00, run_after=2022-11-09T04:03:03.708253+00:00
[2022-11-09T04:03:03.718+0000] {processor.py:176} INFO - Processing /home/airflow/.local/lib/python3.7/site-packages/airflow/example_dags/example_task_group_decorator.py took 0.066 seconds
[2022-11-09T04:03:33.775+0000] {processor.py:154} INFO - Started process (PID=32021) to work on /home/airflow/.local/lib/python3.7/site-packages/airflow/example_dags/example_task_group_decorator.py
[2022-11-09T04:03:33.776+0000] {processor.py:756} INFO - Processing file /home/airflow/.local/lib/python3.7/site-packages/airflow/example_dags/example_task_group_decorator.py for tasks to queue
[2022-11-09T04:03:33.777+0000] {logging_mixin.py:120} INFO - [2022-11-09T04:03:33.777+0000] {dagbag.py:537} INFO - Filling up the DagBag from /home/airflow/.local/lib/python3.7/site-packages/airflow/example_dags/example_task_group_decorator.py
[2022-11-09T04:03:33.793+0000] {processor.py:766} INFO - DAG(s) dict_keys(['example_task_group_decorator']) retrieved from /home/airflow/.local/lib/python3.7/site-packages/airflow/example_dags/example_task_group_decorator.py
[2022-11-09T04:03:33.820+0000] {logging_mixin.py:120} INFO - [2022-11-09T04:03:33.820+0000] {dag.py:2585} INFO - Sync 1 DAGs
[2022-11-09T04:03:33.834+0000] {logging_mixin.py:120} INFO - [2022-11-09T04:03:33.834+0000] {dag.py:3340} INFO - Setting next_dagrun for example_task_group_decorator to 2022-11-08T04:03:33.834340+00:00, run_after=2022-11-09T04:03:33.834340+00:00
[2022-11-09T04:03:33.844+0000] {processor.py:176} INFO - Processing /home/airflow/.local/lib/python3.7/site-packages/airflow/example_dags/example_task_group_decorator.py took 0.071 seconds
[2022-11-09T04:04:04.956+0000] {processor.py:154} INFO - Started process (PID=32091) to work on /home/airflow/.local/lib/python3.7/site-packages/airflow/example_dags/example_task_group_decorator.py
[2022-11-09T04:04:04.957+0000] {processor.py:756} INFO - Processing file /home/airflow/.local/lib/python3.7/site-packages/airflow/example_dags/example_task_group_decorator.py for tasks to queue
[2022-11-09T04:04:04.957+0000] {logging_mixin.py:120} INFO - [2022-11-09T04:04:04.957+0000] {dagbag.py:537} INFO - Filling up the DagBag from /home/airflow/.local/lib/python3.7/site-packages/airflow/example_dags/example_task_group_decorator.py
[2022-11-09T04:04:04.976+0000] {processor.py:766} INFO - DAG(s) dict_keys(['example_task_group_decorator']) retrieved from /home/airflow/.local/lib/python3.7/site-packages/airflow/example_dags/example_task_group_decorator.py
[2022-11-09T04:04:04.999+0000] {logging_mixin.py:120} INFO - [2022-11-09T04:04:04.999+0000] {dag.py:2585} INFO - Sync 1 DAGs
[2022-11-09T04:04:05.012+0000] {logging_mixin.py:120} INFO - [2022-11-09T04:04:05.012+0000] {dag.py:3340} INFO - Setting next_dagrun for example_task_group_decorator to 2022-11-08T04:04:05.012626+00:00, run_after=2022-11-09T04:04:05.012626+00:00
[2022-11-09T04:04:05.023+0000] {processor.py:176} INFO - Processing /home/airflow/.local/lib/python3.7/site-packages/airflow/example_dags/example_task_group_decorator.py took 0.068 seconds
[2022-11-09T04:04:36.014+0000] {processor.py:154} INFO - Started process (PID=32162) to work on /home/airflow/.local/lib/python3.7/site-packages/airflow/example_dags/example_task_group_decorator.py
[2022-11-09T04:04:36.015+0000] {processor.py:756} INFO - Processing file /home/airflow/.local/lib/python3.7/site-packages/airflow/example_dags/example_task_group_decorator.py for tasks to queue
[2022-11-09T04:04:36.015+0000] {logging_mixin.py:120} INFO - [2022-11-09T04:04:36.015+0000] {dagbag.py:537} INFO - Filling up the DagBag from /home/airflow/.local/lib/python3.7/site-packages/airflow/example_dags/example_task_group_decorator.py
[2022-11-09T04:04:36.030+0000] {processor.py:766} INFO - DAG(s) dict_keys(['example_task_group_decorator']) retrieved from /home/airflow/.local/lib/python3.7/site-packages/airflow/example_dags/example_task_group_decorator.py
[2022-11-09T04:04:36.053+0000] {logging_mixin.py:120} INFO - [2022-11-09T04:04:36.053+0000] {dag.py:2585} INFO - Sync 1 DAGs
[2022-11-09T04:04:36.067+0000] {logging_mixin.py:120} INFO - [2022-11-09T04:04:36.067+0000] {dag.py:3340} INFO - Setting next_dagrun for example_task_group_decorator to 2022-11-08T04:04:36.067587+00:00, run_after=2022-11-09T04:04:36.067587+00:00
[2022-11-09T04:04:36.079+0000] {processor.py:176} INFO - Processing /home/airflow/.local/lib/python3.7/site-packages/airflow/example_dags/example_task_group_decorator.py took 0.067 seconds
[2022-11-09T04:05:07.019+0000] {processor.py:154} INFO - Started process (PID=32229) to work on /home/airflow/.local/lib/python3.7/site-packages/airflow/example_dags/example_task_group_decorator.py
[2022-11-09T04:05:07.019+0000] {processor.py:756} INFO - Processing file /home/airflow/.local/lib/python3.7/site-packages/airflow/example_dags/example_task_group_decorator.py for tasks to queue
[2022-11-09T04:05:07.020+0000] {logging_mixin.py:120} INFO - [2022-11-09T04:05:07.019+0000] {dagbag.py:537} INFO - Filling up the DagBag from /home/airflow/.local/lib/python3.7/site-packages/airflow/example_dags/example_task_group_decorator.py
[2022-11-09T04:05:07.034+0000] {processor.py:766} INFO - DAG(s) dict_keys(['example_task_group_decorator']) retrieved from /home/airflow/.local/lib/python3.7/site-packages/airflow/example_dags/example_task_group_decorator.py
[2022-11-09T04:05:07.056+0000] {logging_mixin.py:120} INFO - [2022-11-09T04:05:07.056+0000] {dag.py:2585} INFO - Sync 1 DAGs
[2022-11-09T04:05:07.069+0000] {logging_mixin.py:120} INFO - [2022-11-09T04:05:07.069+0000] {dag.py:3340} INFO - Setting next_dagrun for example_task_group_decorator to 2022-11-08T04:05:07.069489+00:00, run_after=2022-11-09T04:05:07.069489+00:00
[2022-11-09T04:05:07.080+0000] {processor.py:176} INFO - Processing /home/airflow/.local/lib/python3.7/site-packages/airflow/example_dags/example_task_group_decorator.py took 0.063 seconds
[2022-11-09T04:05:37.858+0000] {processor.py:154} INFO - Started process (PID=32294) to work on /home/airflow/.local/lib/python3.7/site-packages/airflow/example_dags/example_task_group_decorator.py
[2022-11-09T04:05:37.858+0000] {processor.py:756} INFO - Processing file /home/airflow/.local/lib/python3.7/site-packages/airflow/example_dags/example_task_group_decorator.py for tasks to queue
[2022-11-09T04:05:37.859+0000] {logging_mixin.py:120} INFO - [2022-11-09T04:05:37.859+0000] {dagbag.py:537} INFO - Filling up the DagBag from /home/airflow/.local/lib/python3.7/site-packages/airflow/example_dags/example_task_group_decorator.py
[2022-11-09T04:05:37.873+0000] {processor.py:766} INFO - DAG(s) dict_keys(['example_task_group_decorator']) retrieved from /home/airflow/.local/lib/python3.7/site-packages/airflow/example_dags/example_task_group_decorator.py
[2022-11-09T04:05:37.897+0000] {logging_mixin.py:120} INFO - [2022-11-09T04:05:37.897+0000] {dag.py:2585} INFO - Sync 1 DAGs
[2022-11-09T04:05:37.910+0000] {logging_mixin.py:120} INFO - [2022-11-09T04:05:37.910+0000] {dag.py:3340} INFO - Setting next_dagrun for example_task_group_decorator to 2022-11-08T04:05:37.910749+00:00, run_after=2022-11-09T04:05:37.910749+00:00
[2022-11-09T04:05:37.921+0000] {processor.py:176} INFO - Processing /home/airflow/.local/lib/python3.7/site-packages/airflow/example_dags/example_task_group_decorator.py took 0.065 seconds
[2022-11-09T04:06:08.676+0000] {processor.py:154} INFO - Started process (PID=32359) to work on /home/airflow/.local/lib/python3.7/site-packages/airflow/example_dags/example_task_group_decorator.py
[2022-11-09T04:06:08.676+0000] {processor.py:756} INFO - Processing file /home/airflow/.local/lib/python3.7/site-packages/airflow/example_dags/example_task_group_decorator.py for tasks to queue
[2022-11-09T04:06:08.676+0000] {logging_mixin.py:120} INFO - [2022-11-09T04:06:08.676+0000] {dagbag.py:537} INFO - Filling up the DagBag from /home/airflow/.local/lib/python3.7/site-packages/airflow/example_dags/example_task_group_decorator.py
[2022-11-09T04:06:08.691+0000] {processor.py:766} INFO - DAG(s) dict_keys(['example_task_group_decorator']) retrieved from /home/airflow/.local/lib/python3.7/site-packages/airflow/example_dags/example_task_group_decorator.py
[2022-11-09T04:06:08.714+0000] {logging_mixin.py:120} INFO - [2022-11-09T04:06:08.714+0000] {dag.py:2585} INFO - Sync 1 DAGs
[2022-11-09T04:06:08.727+0000] {logging_mixin.py:120} INFO - [2022-11-09T04:06:08.727+0000] {dag.py:3340} INFO - Setting next_dagrun for example_task_group_decorator to 2022-11-08T04:06:08.727355+00:00, run_after=2022-11-09T04:06:08.727355+00:00
[2022-11-09T04:06:08.738+0000] {processor.py:176} INFO - Processing /home/airflow/.local/lib/python3.7/site-packages/airflow/example_dags/example_task_group_decorator.py took 0.065 seconds
[2022-11-09T04:06:39.582+0000] {processor.py:154} INFO - Started process (PID=32428) to work on /home/airflow/.local/lib/python3.7/site-packages/airflow/example_dags/example_task_group_decorator.py
[2022-11-09T04:06:39.583+0000] {processor.py:756} INFO - Processing file /home/airflow/.local/lib/python3.7/site-packages/airflow/example_dags/example_task_group_decorator.py for tasks to queue
[2022-11-09T04:06:39.583+0000] {logging_mixin.py:120} INFO - [2022-11-09T04:06:39.583+0000] {dagbag.py:537} INFO - Filling up the DagBag from /home/airflow/.local/lib/python3.7/site-packages/airflow/example_dags/example_task_group_decorator.py
[2022-11-09T04:06:39.598+0000] {processor.py:766} INFO - DAG(s) dict_keys(['example_task_group_decorator']) retrieved from /home/airflow/.local/lib/python3.7/site-packages/airflow/example_dags/example_task_group_decorator.py
[2022-11-09T04:06:39.620+0000] {logging_mixin.py:120} INFO - [2022-11-09T04:06:39.620+0000] {dag.py:2585} INFO - Sync 1 DAGs
[2022-11-09T04:06:39.634+0000] {logging_mixin.py:120} INFO - [2022-11-09T04:06:39.634+0000] {dag.py:3340} INFO - Setting next_dagrun for example_task_group_decorator to 2022-11-08T04:06:39.634146+00:00, run_after=2022-11-09T04:06:39.634146+00:00
[2022-11-09T04:06:39.645+0000] {processor.py:176} INFO - Processing /home/airflow/.local/lib/python3.7/site-packages/airflow/example_dags/example_task_group_decorator.py took 0.065 seconds
[2022-11-09T04:17:39.850+0000] {processor.py:154} INFO - Started process (PID=32495) to work on /home/airflow/.local/lib/python3.7/site-packages/airflow/example_dags/example_task_group_decorator.py
[2022-11-09T04:17:39.852+0000] {processor.py:756} INFO - Processing file /home/airflow/.local/lib/python3.7/site-packages/airflow/example_dags/example_task_group_decorator.py for tasks to queue
[2022-11-09T04:17:39.853+0000] {logging_mixin.py:120} INFO - [2022-11-09T04:17:39.853+0000] {dagbag.py:537} INFO - Filling up the DagBag from /home/airflow/.local/lib/python3.7/site-packages/airflow/example_dags/example_task_group_decorator.py
[2022-11-09T04:17:39.902+0000] {processor.py:766} INFO - DAG(s) dict_keys(['example_task_group_decorator']) retrieved from /home/airflow/.local/lib/python3.7/site-packages/airflow/example_dags/example_task_group_decorator.py
[2022-11-09T04:17:40.023+0000] {logging_mixin.py:120} INFO - [2022-11-09T04:17:40.022+0000] {dag.py:2585} INFO - Sync 1 DAGs
[2022-11-09T04:17:40.052+0000] {logging_mixin.py:120} INFO - [2022-11-09T04:17:40.052+0000] {dag.py:3340} INFO - Setting next_dagrun for example_task_group_decorator to 2022-11-08T04:17:40.052693+00:00, run_after=2022-11-09T04:17:40.052693+00:00
[2022-11-09T04:17:40.101+0000] {processor.py:176} INFO - Processing /home/airflow/.local/lib/python3.7/site-packages/airflow/example_dags/example_task_group_decorator.py took 0.254 seconds
[2022-11-09T04:18:10.294+0000] {processor.py:154} INFO - Started process (PID=32554) to work on /home/airflow/.local/lib/python3.7/site-packages/airflow/example_dags/example_task_group_decorator.py
[2022-11-09T04:18:10.294+0000] {processor.py:756} INFO - Processing file /home/airflow/.local/lib/python3.7/site-packages/airflow/example_dags/example_task_group_decorator.py for tasks to queue
[2022-11-09T04:18:10.295+0000] {logging_mixin.py:120} INFO - [2022-11-09T04:18:10.295+0000] {dagbag.py:537} INFO - Filling up the DagBag from /home/airflow/.local/lib/python3.7/site-packages/airflow/example_dags/example_task_group_decorator.py
[2022-11-09T04:18:10.311+0000] {processor.py:766} INFO - DAG(s) dict_keys(['example_task_group_decorator']) retrieved from /home/airflow/.local/lib/python3.7/site-packages/airflow/example_dags/example_task_group_decorator.py
[2022-11-09T04:18:10.333+0000] {logging_mixin.py:120} INFO - [2022-11-09T04:18:10.333+0000] {dag.py:2585} INFO - Sync 1 DAGs
[2022-11-09T04:18:10.346+0000] {logging_mixin.py:120} INFO - [2022-11-09T04:18:10.346+0000] {dag.py:3340} INFO - Setting next_dagrun for example_task_group_decorator to 2022-11-08T04:18:10.346132+00:00, run_after=2022-11-09T04:18:10.346132+00:00
[2022-11-09T04:18:10.356+0000] {processor.py:176} INFO - Processing /home/airflow/.local/lib/python3.7/site-packages/airflow/example_dags/example_task_group_decorator.py took 0.064 seconds
[2022-11-09T04:18:41.426+0000] {processor.py:154} INFO - Started process (PID=32621) to work on /home/airflow/.local/lib/python3.7/site-packages/airflow/example_dags/example_task_group_decorator.py
[2022-11-09T04:18:41.427+0000] {processor.py:756} INFO - Processing file /home/airflow/.local/lib/python3.7/site-packages/airflow/example_dags/example_task_group_decorator.py for tasks to queue
[2022-11-09T04:18:41.427+0000] {logging_mixin.py:120} INFO - [2022-11-09T04:18:41.427+0000] {dagbag.py:537} INFO - Filling up the DagBag from /home/airflow/.local/lib/python3.7/site-packages/airflow/example_dags/example_task_group_decorator.py
[2022-11-09T04:18:41.442+0000] {processor.py:766} INFO - DAG(s) dict_keys(['example_task_group_decorator']) retrieved from /home/airflow/.local/lib/python3.7/site-packages/airflow/example_dags/example_task_group_decorator.py
[2022-11-09T04:18:41.464+0000] {logging_mixin.py:120} INFO - [2022-11-09T04:18:41.464+0000] {dag.py:2585} INFO - Sync 1 DAGs
[2022-11-09T04:18:41.477+0000] {logging_mixin.py:120} INFO - [2022-11-09T04:18:41.477+0000] {dag.py:3340} INFO - Setting next_dagrun for example_task_group_decorator to 2022-11-08T04:18:41.477403+00:00, run_after=2022-11-09T04:18:41.477403+00:00
[2022-11-09T04:18:41.488+0000] {processor.py:176} INFO - Processing /home/airflow/.local/lib/python3.7/site-packages/airflow/example_dags/example_task_group_decorator.py took 0.064 seconds
[2022-11-09T04:19:12.510+0000] {processor.py:154} INFO - Started process (PID=32687) to work on /home/airflow/.local/lib/python3.7/site-packages/airflow/example_dags/example_task_group_decorator.py
[2022-11-09T04:19:12.511+0000] {processor.py:756} INFO - Processing file /home/airflow/.local/lib/python3.7/site-packages/airflow/example_dags/example_task_group_decorator.py for tasks to queue
[2022-11-09T04:19:12.512+0000] {logging_mixin.py:120} INFO - [2022-11-09T04:19:12.512+0000] {dagbag.py:537} INFO - Filling up the DagBag from /home/airflow/.local/lib/python3.7/site-packages/airflow/example_dags/example_task_group_decorator.py
[2022-11-09T04:19:12.529+0000] {processor.py:766} INFO - DAG(s) dict_keys(['example_task_group_decorator']) retrieved from /home/airflow/.local/lib/python3.7/site-packages/airflow/example_dags/example_task_group_decorator.py
[2022-11-09T04:19:12.554+0000] {logging_mixin.py:120} INFO - [2022-11-09T04:19:12.554+0000] {dag.py:2585} INFO - Sync 1 DAGs
[2022-11-09T04:19:12.573+0000] {logging_mixin.py:120} INFO - [2022-11-09T04:19:12.572+0000] {dag.py:3340} INFO - Setting next_dagrun for example_task_group_decorator to 2022-11-08T04:19:12.572730+00:00, run_after=2022-11-09T04:19:12.572730+00:00
[2022-11-09T04:19:12.587+0000] {processor.py:176} INFO - Processing /home/airflow/.local/lib/python3.7/site-packages/airflow/example_dags/example_task_group_decorator.py took 0.079 seconds
[2022-11-09T04:19:43.292+0000] {processor.py:154} INFO - Started process (PID=32754) to work on /home/airflow/.local/lib/python3.7/site-packages/airflow/example_dags/example_task_group_decorator.py
[2022-11-09T04:19:43.293+0000] {processor.py:756} INFO - Processing file /home/airflow/.local/lib/python3.7/site-packages/airflow/example_dags/example_task_group_decorator.py for tasks to queue
[2022-11-09T04:19:43.294+0000] {logging_mixin.py:120} INFO - [2022-11-09T04:19:43.294+0000] {dagbag.py:537} INFO - Filling up the DagBag from /home/airflow/.local/lib/python3.7/site-packages/airflow/example_dags/example_task_group_decorator.py
[2022-11-09T04:19:43.310+0000] {processor.py:766} INFO - DAG(s) dict_keys(['example_task_group_decorator']) retrieved from /home/airflow/.local/lib/python3.7/site-packages/airflow/example_dags/example_task_group_decorator.py
[2022-11-09T04:19:43.338+0000] {logging_mixin.py:120} INFO - [2022-11-09T04:19:43.338+0000] {dag.py:2585} INFO - Sync 1 DAGs
[2022-11-09T04:19:43.354+0000] {logging_mixin.py:120} INFO - [2022-11-09T04:19:43.354+0000] {dag.py:3340} INFO - Setting next_dagrun for example_task_group_decorator to 2022-11-08T04:19:43.353902+00:00, run_after=2022-11-09T04:19:43.353902+00:00
[2022-11-09T04:19:43.366+0000] {processor.py:176} INFO - Processing /home/airflow/.local/lib/python3.7/site-packages/airflow/example_dags/example_task_group_decorator.py took 0.076 seconds
