[2022-11-09T00:12:01.036+0000] {processor.py:154} INFO - Started process (PID=30706) to work on /home/airflow/.local/lib/python3.7/site-packages/airflow/example_dags/example_nested_branch_dag.py
[2022-11-09T00:12:01.036+0000] {processor.py:756} INFO - Processing file /home/airflow/.local/lib/python3.7/site-packages/airflow/example_dags/example_nested_branch_dag.py for tasks to queue
[2022-11-09T00:12:01.037+0000] {logging_mixin.py:120} INFO - [2022-11-09T00:12:01.037+0000] {dagbag.py:537} INFO - Filling up the DagBag from /home/airflow/.local/lib/python3.7/site-packages/airflow/example_dags/example_nested_branch_dag.py
[2022-11-09T00:12:01.055+0000] {processor.py:766} INFO - DAG(s) dict_keys(['example_nested_branch_dag']) retrieved from /home/airflow/.local/lib/python3.7/site-packages/airflow/example_dags/example_nested_branch_dag.py
[2022-11-09T00:12:01.101+0000] {logging_mixin.py:120} INFO - [2022-11-09T00:12:01.101+0000] {dag.py:2585} INFO - Sync 1 DAGs
[2022-11-09T00:12:01.128+0000] {logging_mixin.py:120} INFO - [2022-11-09T00:12:01.128+0000] {dag.py:3340} INFO - Setting next_dagrun for example_nested_branch_dag to 2022-11-08T00:00:00+00:00, run_after=2022-11-09T00:00:00+00:00
[2022-11-09T00:12:01.140+0000] {processor.py:176} INFO - Processing /home/airflow/.local/lib/python3.7/site-packages/airflow/example_dags/example_nested_branch_dag.py took 0.107 seconds
[2022-11-09T00:27:34.301+0000] {processor.py:154} INFO - Started process (PID=30753) to work on /home/airflow/.local/lib/python3.7/site-packages/airflow/example_dags/example_nested_branch_dag.py
[2022-11-09T00:27:34.302+0000] {processor.py:756} INFO - Processing file /home/airflow/.local/lib/python3.7/site-packages/airflow/example_dags/example_nested_branch_dag.py for tasks to queue
[2022-11-09T00:27:34.302+0000] {logging_mixin.py:120} INFO - [2022-11-09T00:27:34.302+0000] {dagbag.py:537} INFO - Filling up the DagBag from /home/airflow/.local/lib/python3.7/site-packages/airflow/example_dags/example_nested_branch_dag.py
[2022-11-09T00:27:34.322+0000] {processor.py:766} INFO - DAG(s) dict_keys(['example_nested_branch_dag']) retrieved from /home/airflow/.local/lib/python3.7/site-packages/airflow/example_dags/example_nested_branch_dag.py
[2022-11-09T00:27:34.363+0000] {logging_mixin.py:120} INFO - [2022-11-09T00:27:34.362+0000] {dag.py:2585} INFO - Sync 1 DAGs
[2022-11-09T00:27:34.384+0000] {logging_mixin.py:120} INFO - [2022-11-09T00:27:34.384+0000] {dag.py:3340} INFO - Setting next_dagrun for example_nested_branch_dag to 2022-11-08T00:00:00+00:00, run_after=2022-11-09T00:00:00+00:00
[2022-11-09T00:27:34.404+0000] {processor.py:176} INFO - Processing /home/airflow/.local/lib/python3.7/site-packages/airflow/example_dags/example_nested_branch_dag.py took 0.106 seconds
[2022-11-09T01:00:48.552+0000] {processor.py:154} INFO - Started process (PID=30803) to work on /home/airflow/.local/lib/python3.7/site-packages/airflow/example_dags/example_nested_branch_dag.py
[2022-11-09T01:00:48.552+0000] {processor.py:756} INFO - Processing file /home/airflow/.local/lib/python3.7/site-packages/airflow/example_dags/example_nested_branch_dag.py for tasks to queue
[2022-11-09T01:00:48.553+0000] {logging_mixin.py:120} INFO - [2022-11-09T01:00:48.553+0000] {dagbag.py:537} INFO - Filling up the DagBag from /home/airflow/.local/lib/python3.7/site-packages/airflow/example_dags/example_nested_branch_dag.py
[2022-11-09T01:00:48.568+0000] {processor.py:766} INFO - DAG(s) dict_keys(['example_nested_branch_dag']) retrieved from /home/airflow/.local/lib/python3.7/site-packages/airflow/example_dags/example_nested_branch_dag.py
[2022-11-09T01:00:48.603+0000] {logging_mixin.py:120} INFO - [2022-11-09T01:00:48.602+0000] {dag.py:2585} INFO - Sync 1 DAGs
[2022-11-09T01:00:48.618+0000] {logging_mixin.py:120} INFO - [2022-11-09T01:00:48.617+0000] {dag.py:3340} INFO - Setting next_dagrun for example_nested_branch_dag to 2022-11-08T00:00:00+00:00, run_after=2022-11-09T00:00:00+00:00
[2022-11-09T01:00:48.629+0000] {processor.py:176} INFO - Processing /home/airflow/.local/lib/python3.7/site-packages/airflow/example_dags/example_nested_branch_dag.py took 0.079 seconds
[2022-11-09T01:34:44.304+0000] {processor.py:154} INFO - Started process (PID=30851) to work on /home/airflow/.local/lib/python3.7/site-packages/airflow/example_dags/example_nested_branch_dag.py
[2022-11-09T01:34:44.305+0000] {processor.py:756} INFO - Processing file /home/airflow/.local/lib/python3.7/site-packages/airflow/example_dags/example_nested_branch_dag.py for tasks to queue
[2022-11-09T01:34:44.306+0000] {logging_mixin.py:120} INFO - [2022-11-09T01:34:44.306+0000] {dagbag.py:537} INFO - Filling up the DagBag from /home/airflow/.local/lib/python3.7/site-packages/airflow/example_dags/example_nested_branch_dag.py
[2022-11-09T01:34:44.328+0000] {processor.py:766} INFO - DAG(s) dict_keys(['example_nested_branch_dag']) retrieved from /home/airflow/.local/lib/python3.7/site-packages/airflow/example_dags/example_nested_branch_dag.py
[2022-11-09T01:34:44.376+0000] {logging_mixin.py:120} INFO - [2022-11-09T01:34:44.376+0000] {dag.py:2585} INFO - Sync 1 DAGs
[2022-11-09T01:34:44.400+0000] {logging_mixin.py:120} INFO - [2022-11-09T01:34:44.400+0000] {dag.py:3340} INFO - Setting next_dagrun for example_nested_branch_dag to 2022-11-08T00:00:00+00:00, run_after=2022-11-09T00:00:00+00:00
[2022-11-09T01:34:44.419+0000] {processor.py:176} INFO - Processing /home/airflow/.local/lib/python3.7/site-packages/airflow/example_dags/example_nested_branch_dag.py took 0.118 seconds
[2022-11-09T01:50:24.445+0000] {processor.py:154} INFO - Started process (PID=30898) to work on /home/airflow/.local/lib/python3.7/site-packages/airflow/example_dags/example_nested_branch_dag.py
[2022-11-09T01:50:24.448+0000] {processor.py:756} INFO - Processing file /home/airflow/.local/lib/python3.7/site-packages/airflow/example_dags/example_nested_branch_dag.py for tasks to queue
[2022-11-09T01:50:24.448+0000] {logging_mixin.py:120} INFO - [2022-11-09T01:50:24.448+0000] {dagbag.py:537} INFO - Filling up the DagBag from /home/airflow/.local/lib/python3.7/site-packages/airflow/example_dags/example_nested_branch_dag.py
[2022-11-09T01:50:24.471+0000] {processor.py:766} INFO - DAG(s) dict_keys(['example_nested_branch_dag']) retrieved from /home/airflow/.local/lib/python3.7/site-packages/airflow/example_dags/example_nested_branch_dag.py
[2022-11-09T01:50:24.516+0000] {logging_mixin.py:120} INFO - [2022-11-09T01:50:24.516+0000] {dag.py:2585} INFO - Sync 1 DAGs
[2022-11-09T01:50:24.537+0000] {logging_mixin.py:120} INFO - [2022-11-09T01:50:24.534+0000] {dag.py:3340} INFO - Setting next_dagrun for example_nested_branch_dag to 2022-11-08T00:00:00+00:00, run_after=2022-11-09T00:00:00+00:00
[2022-11-09T01:50:24.555+0000] {processor.py:176} INFO - Processing /home/airflow/.local/lib/python3.7/site-packages/airflow/example_dags/example_nested_branch_dag.py took 0.113 seconds
[2022-11-09T01:55:23.695+0000] {processor.py:154} INFO - Started process (PID=30946) to work on /home/airflow/.local/lib/python3.7/site-packages/airflow/example_dags/example_nested_branch_dag.py
[2022-11-09T01:55:23.695+0000] {processor.py:756} INFO - Processing file /home/airflow/.local/lib/python3.7/site-packages/airflow/example_dags/example_nested_branch_dag.py for tasks to queue
[2022-11-09T01:55:23.696+0000] {logging_mixin.py:120} INFO - [2022-11-09T01:55:23.696+0000] {dagbag.py:537} INFO - Filling up the DagBag from /home/airflow/.local/lib/python3.7/site-packages/airflow/example_dags/example_nested_branch_dag.py
[2022-11-09T01:55:23.711+0000] {processor.py:766} INFO - DAG(s) dict_keys(['example_nested_branch_dag']) retrieved from /home/airflow/.local/lib/python3.7/site-packages/airflow/example_dags/example_nested_branch_dag.py
[2022-11-09T01:55:23.735+0000] {logging_mixin.py:120} INFO - [2022-11-09T01:55:23.735+0000] {dag.py:2585} INFO - Sync 1 DAGs
[2022-11-09T01:55:23.748+0000] {logging_mixin.py:120} INFO - [2022-11-09T01:55:23.748+0000] {dag.py:3340} INFO - Setting next_dagrun for example_nested_branch_dag to 2022-11-08T00:00:00+00:00, run_after=2022-11-09T00:00:00+00:00
[2022-11-09T01:55:23.757+0000] {processor.py:176} INFO - Processing /home/airflow/.local/lib/python3.7/site-packages/airflow/example_dags/example_nested_branch_dag.py took 0.064 seconds
[2022-11-09T02:10:49.141+0000] {processor.py:154} INFO - Started process (PID=30993) to work on /home/airflow/.local/lib/python3.7/site-packages/airflow/example_dags/example_nested_branch_dag.py
[2022-11-09T02:10:49.143+0000] {processor.py:756} INFO - Processing file /home/airflow/.local/lib/python3.7/site-packages/airflow/example_dags/example_nested_branch_dag.py for tasks to queue
[2022-11-09T02:10:49.150+0000] {logging_mixin.py:120} INFO - [2022-11-09T02:10:49.150+0000] {dagbag.py:537} INFO - Filling up the DagBag from /home/airflow/.local/lib/python3.7/site-packages/airflow/example_dags/example_nested_branch_dag.py
[2022-11-09T02:10:49.165+0000] {processor.py:766} INFO - DAG(s) dict_keys(['example_nested_branch_dag']) retrieved from /home/airflow/.local/lib/python3.7/site-packages/airflow/example_dags/example_nested_branch_dag.py
[2022-11-09T02:10:49.199+0000] {logging_mixin.py:120} INFO - [2022-11-09T02:10:49.199+0000] {dag.py:2585} INFO - Sync 1 DAGs
[2022-11-09T02:10:49.218+0000] {logging_mixin.py:120} INFO - [2022-11-09T02:10:49.218+0000] {dag.py:3340} INFO - Setting next_dagrun for example_nested_branch_dag to 2022-11-08T00:00:00+00:00, run_after=2022-11-09T00:00:00+00:00
[2022-11-09T02:10:49.234+0000] {processor.py:176} INFO - Processing /home/airflow/.local/lib/python3.7/site-packages/airflow/example_dags/example_nested_branch_dag.py took 0.095 seconds
[2022-11-09T02:26:23.613+0000] {processor.py:154} INFO - Started process (PID=31040) to work on /home/airflow/.local/lib/python3.7/site-packages/airflow/example_dags/example_nested_branch_dag.py
[2022-11-09T02:26:23.617+0000] {processor.py:756} INFO - Processing file /home/airflow/.local/lib/python3.7/site-packages/airflow/example_dags/example_nested_branch_dag.py for tasks to queue
[2022-11-09T02:26:23.619+0000] {logging_mixin.py:120} INFO - [2022-11-09T02:26:23.618+0000] {dagbag.py:537} INFO - Filling up the DagBag from /home/airflow/.local/lib/python3.7/site-packages/airflow/example_dags/example_nested_branch_dag.py
[2022-11-09T02:26:23.633+0000] {processor.py:766} INFO - DAG(s) dict_keys(['example_nested_branch_dag']) retrieved from /home/airflow/.local/lib/python3.7/site-packages/airflow/example_dags/example_nested_branch_dag.py
[2022-11-09T02:26:23.666+0000] {logging_mixin.py:120} INFO - [2022-11-09T02:26:23.665+0000] {dag.py:2585} INFO - Sync 1 DAGs
[2022-11-09T02:26:23.683+0000] {logging_mixin.py:120} INFO - [2022-11-09T02:26:23.683+0000] {dag.py:3340} INFO - Setting next_dagrun for example_nested_branch_dag to 2022-11-08T00:00:00+00:00, run_after=2022-11-09T00:00:00+00:00
[2022-11-09T02:26:23.719+0000] {processor.py:176} INFO - Processing /home/airflow/.local/lib/python3.7/site-packages/airflow/example_dags/example_nested_branch_dag.py took 0.108 seconds
[2022-11-09T02:44:01.306+0000] {processor.py:154} INFO - Started process (PID=31088) to work on /home/airflow/.local/lib/python3.7/site-packages/airflow/example_dags/example_nested_branch_dag.py
[2022-11-09T02:44:01.313+0000] {processor.py:756} INFO - Processing file /home/airflow/.local/lib/python3.7/site-packages/airflow/example_dags/example_nested_branch_dag.py for tasks to queue
[2022-11-09T02:44:01.313+0000] {logging_mixin.py:120} INFO - [2022-11-09T02:44:01.313+0000] {dagbag.py:537} INFO - Filling up the DagBag from /home/airflow/.local/lib/python3.7/site-packages/airflow/example_dags/example_nested_branch_dag.py
[2022-11-09T02:44:01.333+0000] {processor.py:766} INFO - DAG(s) dict_keys(['example_nested_branch_dag']) retrieved from /home/airflow/.local/lib/python3.7/site-packages/airflow/example_dags/example_nested_branch_dag.py
[2022-11-09T02:44:01.371+0000] {logging_mixin.py:120} INFO - [2022-11-09T02:44:01.371+0000] {dag.py:2585} INFO - Sync 1 DAGs
[2022-11-09T02:44:01.400+0000] {logging_mixin.py:120} INFO - [2022-11-09T02:44:01.400+0000] {dag.py:3340} INFO - Setting next_dagrun for example_nested_branch_dag to 2022-11-08T00:00:00+00:00, run_after=2022-11-09T00:00:00+00:00
[2022-11-09T02:44:01.427+0000] {processor.py:176} INFO - Processing /home/airflow/.local/lib/python3.7/site-packages/airflow/example_dags/example_nested_branch_dag.py took 0.123 seconds
[2022-11-09T03:01:03.018+0000] {processor.py:154} INFO - Started process (PID=31147) to work on /home/airflow/.local/lib/python3.7/site-packages/airflow/example_dags/example_nested_branch_dag.py
[2022-11-09T03:01:03.018+0000] {processor.py:756} INFO - Processing file /home/airflow/.local/lib/python3.7/site-packages/airflow/example_dags/example_nested_branch_dag.py for tasks to queue
[2022-11-09T03:01:03.019+0000] {logging_mixin.py:120} INFO - [2022-11-09T03:01:03.018+0000] {dagbag.py:537} INFO - Filling up the DagBag from /home/airflow/.local/lib/python3.7/site-packages/airflow/example_dags/example_nested_branch_dag.py
[2022-11-09T03:01:03.032+0000] {processor.py:766} INFO - DAG(s) dict_keys(['example_nested_branch_dag']) retrieved from /home/airflow/.local/lib/python3.7/site-packages/airflow/example_dags/example_nested_branch_dag.py
[2022-11-09T03:01:03.054+0000] {logging_mixin.py:120} INFO - [2022-11-09T03:01:03.053+0000] {dag.py:2585} INFO - Sync 1 DAGs
[2022-11-09T03:01:03.067+0000] {logging_mixin.py:120} INFO - [2022-11-09T03:01:03.067+0000] {dag.py:3340} INFO - Setting next_dagrun for example_nested_branch_dag to 2022-11-08T00:00:00+00:00, run_after=2022-11-09T00:00:00+00:00
[2022-11-09T03:01:03.077+0000] {processor.py:176} INFO - Processing /home/airflow/.local/lib/python3.7/site-packages/airflow/example_dags/example_nested_branch_dag.py took 0.061 seconds
[2022-11-09T03:03:52.511+0000] {processor.py:154} INFO - Started process (PID=31212) to work on /home/airflow/.local/lib/python3.7/site-packages/airflow/example_dags/example_nested_branch_dag.py
[2022-11-09T03:03:52.511+0000] {processor.py:756} INFO - Processing file /home/airflow/.local/lib/python3.7/site-packages/airflow/example_dags/example_nested_branch_dag.py for tasks to queue
[2022-11-09T03:03:52.512+0000] {logging_mixin.py:120} INFO - [2022-11-09T03:03:52.512+0000] {dagbag.py:537} INFO - Filling up the DagBag from /home/airflow/.local/lib/python3.7/site-packages/airflow/example_dags/example_nested_branch_dag.py
[2022-11-09T03:03:52.535+0000] {processor.py:766} INFO - DAG(s) dict_keys(['example_nested_branch_dag']) retrieved from /home/airflow/.local/lib/python3.7/site-packages/airflow/example_dags/example_nested_branch_dag.py
[2022-11-09T03:03:52.629+0000] {logging_mixin.py:120} INFO - [2022-11-09T03:03:52.629+0000] {dag.py:2585} INFO - Sync 1 DAGs
[2022-11-09T03:03:52.662+0000] {logging_mixin.py:120} INFO - [2022-11-09T03:03:52.662+0000] {dag.py:3340} INFO - Setting next_dagrun for example_nested_branch_dag to 2022-11-08T00:00:00+00:00, run_after=2022-11-09T00:00:00+00:00
[2022-11-09T03:03:52.691+0000] {processor.py:176} INFO - Processing /home/airflow/.local/lib/python3.7/site-packages/airflow/example_dags/example_nested_branch_dag.py took 0.182 seconds
[2022-11-09T03:19:28.461+0000] {processor.py:154} INFO - Started process (PID=31259) to work on /home/airflow/.local/lib/python3.7/site-packages/airflow/example_dags/example_nested_branch_dag.py
[2022-11-09T03:19:28.462+0000] {processor.py:756} INFO - Processing file /home/airflow/.local/lib/python3.7/site-packages/airflow/example_dags/example_nested_branch_dag.py for tasks to queue
[2022-11-09T03:19:28.463+0000] {logging_mixin.py:120} INFO - [2022-11-09T03:19:28.463+0000] {dagbag.py:537} INFO - Filling up the DagBag from /home/airflow/.local/lib/python3.7/site-packages/airflow/example_dags/example_nested_branch_dag.py
[2022-11-09T03:19:28.485+0000] {processor.py:766} INFO - DAG(s) dict_keys(['example_nested_branch_dag']) retrieved from /home/airflow/.local/lib/python3.7/site-packages/airflow/example_dags/example_nested_branch_dag.py
[2022-11-09T03:19:28.535+0000] {logging_mixin.py:120} INFO - [2022-11-09T03:19:28.535+0000] {dag.py:2585} INFO - Sync 1 DAGs
[2022-11-09T03:19:28.580+0000] {logging_mixin.py:120} INFO - [2022-11-09T03:19:28.580+0000] {dag.py:3340} INFO - Setting next_dagrun for example_nested_branch_dag to 2022-11-08T00:00:00+00:00, run_after=2022-11-09T00:00:00+00:00
[2022-11-09T03:19:28.604+0000] {processor.py:176} INFO - Processing /home/airflow/.local/lib/python3.7/site-packages/airflow/example_dags/example_nested_branch_dag.py took 0.146 seconds
[2022-11-09T03:35:52.182+0000] {processor.py:154} INFO - Started process (PID=31317) to work on /home/airflow/.local/lib/python3.7/site-packages/airflow/example_dags/example_nested_branch_dag.py
[2022-11-09T03:35:52.182+0000] {processor.py:756} INFO - Processing file /home/airflow/.local/lib/python3.7/site-packages/airflow/example_dags/example_nested_branch_dag.py for tasks to queue
[2022-11-09T03:35:52.183+0000] {logging_mixin.py:120} INFO - [2022-11-09T03:35:52.182+0000] {dagbag.py:537} INFO - Filling up the DagBag from /home/airflow/.local/lib/python3.7/site-packages/airflow/example_dags/example_nested_branch_dag.py
[2022-11-09T03:35:52.199+0000] {processor.py:766} INFO - DAG(s) dict_keys(['example_nested_branch_dag']) retrieved from /home/airflow/.local/lib/python3.7/site-packages/airflow/example_dags/example_nested_branch_dag.py
[2022-11-09T03:35:52.239+0000] {logging_mixin.py:120} INFO - [2022-11-09T03:35:52.238+0000] {dag.py:2585} INFO - Sync 1 DAGs
[2022-11-09T03:35:52.259+0000] {logging_mixin.py:120} INFO - [2022-11-09T03:35:52.259+0000] {dag.py:3340} INFO - Setting next_dagrun for example_nested_branch_dag to 2022-11-08T00:00:00+00:00, run_after=2022-11-09T00:00:00+00:00
[2022-11-09T03:35:52.288+0000] {processor.py:176} INFO - Processing /home/airflow/.local/lib/python3.7/site-packages/airflow/example_dags/example_nested_branch_dag.py took 0.109 seconds
[2022-11-09T03:58:28.295+0000] {processor.py:154} INFO - Started process (PID=31364) to work on /home/airflow/.local/lib/python3.7/site-packages/airflow/example_dags/example_nested_branch_dag.py
[2022-11-09T03:58:28.295+0000] {processor.py:756} INFO - Processing file /home/airflow/.local/lib/python3.7/site-packages/airflow/example_dags/example_nested_branch_dag.py for tasks to queue
[2022-11-09T03:58:28.296+0000] {logging_mixin.py:120} INFO - [2022-11-09T03:58:28.296+0000] {dagbag.py:537} INFO - Filling up the DagBag from /home/airflow/.local/lib/python3.7/site-packages/airflow/example_dags/example_nested_branch_dag.py
[2022-11-09T03:58:28.326+0000] {processor.py:766} INFO - DAG(s) dict_keys(['example_nested_branch_dag']) retrieved from /home/airflow/.local/lib/python3.7/site-packages/airflow/example_dags/example_nested_branch_dag.py
[2022-11-09T03:58:28.374+0000] {logging_mixin.py:120} INFO - [2022-11-09T03:58:28.374+0000] {dag.py:2585} INFO - Sync 1 DAGs
[2022-11-09T03:58:28.403+0000] {logging_mixin.py:120} INFO - [2022-11-09T03:58:28.403+0000] {dag.py:3340} INFO - Setting next_dagrun for example_nested_branch_dag to 2022-11-08T00:00:00+00:00, run_after=2022-11-09T00:00:00+00:00
[2022-11-09T03:58:28.425+0000] {processor.py:176} INFO - Processing /home/airflow/.local/lib/python3.7/site-packages/airflow/example_dags/example_nested_branch_dag.py took 0.132 seconds
[2022-11-09T03:58:58.982+0000] {processor.py:154} INFO - Started process (PID=31434) to work on /home/airflow/.local/lib/python3.7/site-packages/airflow/example_dags/example_nested_branch_dag.py
[2022-11-09T03:58:58.983+0000] {processor.py:756} INFO - Processing file /home/airflow/.local/lib/python3.7/site-packages/airflow/example_dags/example_nested_branch_dag.py for tasks to queue
[2022-11-09T03:58:58.984+0000] {logging_mixin.py:120} INFO - [2022-11-09T03:58:58.983+0000] {dagbag.py:537} INFO - Filling up the DagBag from /home/airflow/.local/lib/python3.7/site-packages/airflow/example_dags/example_nested_branch_dag.py
[2022-11-09T03:58:58.998+0000] {processor.py:766} INFO - DAG(s) dict_keys(['example_nested_branch_dag']) retrieved from /home/airflow/.local/lib/python3.7/site-packages/airflow/example_dags/example_nested_branch_dag.py
[2022-11-09T03:58:59.023+0000] {logging_mixin.py:120} INFO - [2022-11-09T03:58:59.023+0000] {dag.py:2585} INFO - Sync 1 DAGs
[2022-11-09T03:58:59.038+0000] {logging_mixin.py:120} INFO - [2022-11-09T03:58:59.038+0000] {dag.py:3340} INFO - Setting next_dagrun for example_nested_branch_dag to 2022-11-08T00:00:00+00:00, run_after=2022-11-09T00:00:00+00:00
[2022-11-09T03:58:59.049+0000] {processor.py:176} INFO - Processing /home/airflow/.local/lib/python3.7/site-packages/airflow/example_dags/example_nested_branch_dag.py took 0.069 seconds
[2022-11-09T03:59:29.959+0000] {processor.py:154} INFO - Started process (PID=31506) to work on /home/airflow/.local/lib/python3.7/site-packages/airflow/example_dags/example_nested_branch_dag.py
[2022-11-09T03:59:29.960+0000] {processor.py:756} INFO - Processing file /home/airflow/.local/lib/python3.7/site-packages/airflow/example_dags/example_nested_branch_dag.py for tasks to queue
[2022-11-09T03:59:29.960+0000] {logging_mixin.py:120} INFO - [2022-11-09T03:59:29.960+0000] {dagbag.py:537} INFO - Filling up the DagBag from /home/airflow/.local/lib/python3.7/site-packages/airflow/example_dags/example_nested_branch_dag.py
[2022-11-09T03:59:29.973+0000] {processor.py:766} INFO - DAG(s) dict_keys(['example_nested_branch_dag']) retrieved from /home/airflow/.local/lib/python3.7/site-packages/airflow/example_dags/example_nested_branch_dag.py
[2022-11-09T03:59:29.996+0000] {logging_mixin.py:120} INFO - [2022-11-09T03:59:29.996+0000] {dag.py:2585} INFO - Sync 1 DAGs
[2022-11-09T03:59:30.009+0000] {logging_mixin.py:120} INFO - [2022-11-09T03:59:30.009+0000] {dag.py:3340} INFO - Setting next_dagrun for example_nested_branch_dag to 2022-11-08T00:00:00+00:00, run_after=2022-11-09T00:00:00+00:00
[2022-11-09T03:59:30.019+0000] {processor.py:176} INFO - Processing /home/airflow/.local/lib/python3.7/site-packages/airflow/example_dags/example_nested_branch_dag.py took 0.062 seconds
[2022-11-09T04:00:00.845+0000] {processor.py:154} INFO - Started process (PID=31572) to work on /home/airflow/.local/lib/python3.7/site-packages/airflow/example_dags/example_nested_branch_dag.py
[2022-11-09T04:00:00.846+0000] {processor.py:756} INFO - Processing file /home/airflow/.local/lib/python3.7/site-packages/airflow/example_dags/example_nested_branch_dag.py for tasks to queue
[2022-11-09T04:00:00.846+0000] {logging_mixin.py:120} INFO - [2022-11-09T04:00:00.846+0000] {dagbag.py:537} INFO - Filling up the DagBag from /home/airflow/.local/lib/python3.7/site-packages/airflow/example_dags/example_nested_branch_dag.py
[2022-11-09T04:00:00.860+0000] {processor.py:766} INFO - DAG(s) dict_keys(['example_nested_branch_dag']) retrieved from /home/airflow/.local/lib/python3.7/site-packages/airflow/example_dags/example_nested_branch_dag.py
[2022-11-09T04:00:00.883+0000] {logging_mixin.py:120} INFO - [2022-11-09T04:00:00.883+0000] {dag.py:2585} INFO - Sync 1 DAGs
[2022-11-09T04:00:00.902+0000] {logging_mixin.py:120} INFO - [2022-11-09T04:00:00.902+0000] {dag.py:3340} INFO - Setting next_dagrun for example_nested_branch_dag to 2022-11-08T00:00:00+00:00, run_after=2022-11-09T00:00:00+00:00
[2022-11-09T04:00:00.914+0000] {processor.py:176} INFO - Processing /home/airflow/.local/lib/python3.7/site-packages/airflow/example_dags/example_nested_branch_dag.py took 0.071 seconds
[2022-11-09T04:00:31.726+0000] {processor.py:154} INFO - Started process (PID=31629) to work on /home/airflow/.local/lib/python3.7/site-packages/airflow/example_dags/example_nested_branch_dag.py
[2022-11-09T04:00:31.727+0000] {processor.py:756} INFO - Processing file /home/airflow/.local/lib/python3.7/site-packages/airflow/example_dags/example_nested_branch_dag.py for tasks to queue
[2022-11-09T04:00:31.727+0000] {logging_mixin.py:120} INFO - [2022-11-09T04:00:31.727+0000] {dagbag.py:537} INFO - Filling up the DagBag from /home/airflow/.local/lib/python3.7/site-packages/airflow/example_dags/example_nested_branch_dag.py
[2022-11-09T04:00:31.741+0000] {processor.py:766} INFO - DAG(s) dict_keys(['example_nested_branch_dag']) retrieved from /home/airflow/.local/lib/python3.7/site-packages/airflow/example_dags/example_nested_branch_dag.py
[2022-11-09T04:00:31.764+0000] {logging_mixin.py:120} INFO - [2022-11-09T04:00:31.763+0000] {dag.py:2585} INFO - Sync 1 DAGs
[2022-11-09T04:00:31.778+0000] {logging_mixin.py:120} INFO - [2022-11-09T04:00:31.778+0000] {dag.py:3340} INFO - Setting next_dagrun for example_nested_branch_dag to 2022-11-08T00:00:00+00:00, run_after=2022-11-09T00:00:00+00:00
[2022-11-09T04:00:31.788+0000] {processor.py:176} INFO - Processing /home/airflow/.local/lib/python3.7/site-packages/airflow/example_dags/example_nested_branch_dag.py took 0.063 seconds
[2022-11-09T04:01:01.921+0000] {processor.py:154} INFO - Started process (PID=31694) to work on /home/airflow/.local/lib/python3.7/site-packages/airflow/example_dags/example_nested_branch_dag.py
[2022-11-09T04:01:01.922+0000] {processor.py:756} INFO - Processing file /home/airflow/.local/lib/python3.7/site-packages/airflow/example_dags/example_nested_branch_dag.py for tasks to queue
[2022-11-09T04:01:01.923+0000] {logging_mixin.py:120} INFO - [2022-11-09T04:01:01.923+0000] {dagbag.py:537} INFO - Filling up the DagBag from /home/airflow/.local/lib/python3.7/site-packages/airflow/example_dags/example_nested_branch_dag.py
[2022-11-09T04:01:01.939+0000] {processor.py:766} INFO - DAG(s) dict_keys(['example_nested_branch_dag']) retrieved from /home/airflow/.local/lib/python3.7/site-packages/airflow/example_dags/example_nested_branch_dag.py
[2022-11-09T04:01:01.966+0000] {logging_mixin.py:120} INFO - [2022-11-09T04:01:01.966+0000] {dag.py:2585} INFO - Sync 1 DAGs
[2022-11-09T04:01:01.980+0000] {logging_mixin.py:120} INFO - [2022-11-09T04:01:01.980+0000] {dag.py:3340} INFO - Setting next_dagrun for example_nested_branch_dag to 2022-11-08T00:00:00+00:00, run_after=2022-11-09T00:00:00+00:00
[2022-11-09T04:01:01.992+0000] {processor.py:176} INFO - Processing /home/airflow/.local/lib/python3.7/site-packages/airflow/example_dags/example_nested_branch_dag.py took 0.073 seconds
[2022-11-09T04:01:32.115+0000] {processor.py:154} INFO - Started process (PID=31760) to work on /home/airflow/.local/lib/python3.7/site-packages/airflow/example_dags/example_nested_branch_dag.py
[2022-11-09T04:01:32.115+0000] {processor.py:756} INFO - Processing file /home/airflow/.local/lib/python3.7/site-packages/airflow/example_dags/example_nested_branch_dag.py for tasks to queue
[2022-11-09T04:01:32.116+0000] {logging_mixin.py:120} INFO - [2022-11-09T04:01:32.116+0000] {dagbag.py:537} INFO - Filling up the DagBag from /home/airflow/.local/lib/python3.7/site-packages/airflow/example_dags/example_nested_branch_dag.py
[2022-11-09T04:01:32.129+0000] {processor.py:766} INFO - DAG(s) dict_keys(['example_nested_branch_dag']) retrieved from /home/airflow/.local/lib/python3.7/site-packages/airflow/example_dags/example_nested_branch_dag.py
[2022-11-09T04:01:32.152+0000] {logging_mixin.py:120} INFO - [2022-11-09T04:01:32.152+0000] {dag.py:2585} INFO - Sync 1 DAGs
[2022-11-09T04:01:32.167+0000] {logging_mixin.py:120} INFO - [2022-11-09T04:01:32.167+0000] {dag.py:3340} INFO - Setting next_dagrun for example_nested_branch_dag to 2022-11-08T00:00:00+00:00, run_after=2022-11-09T00:00:00+00:00
[2022-11-09T04:01:32.177+0000] {processor.py:176} INFO - Processing /home/airflow/.local/lib/python3.7/site-packages/airflow/example_dags/example_nested_branch_dag.py took 0.065 seconds
[2022-11-09T04:02:02.273+0000] {processor.py:154} INFO - Started process (PID=31830) to work on /home/airflow/.local/lib/python3.7/site-packages/airflow/example_dags/example_nested_branch_dag.py
[2022-11-09T04:02:02.274+0000] {processor.py:756} INFO - Processing file /home/airflow/.local/lib/python3.7/site-packages/airflow/example_dags/example_nested_branch_dag.py for tasks to queue
[2022-11-09T04:02:02.274+0000] {logging_mixin.py:120} INFO - [2022-11-09T04:02:02.274+0000] {dagbag.py:537} INFO - Filling up the DagBag from /home/airflow/.local/lib/python3.7/site-packages/airflow/example_dags/example_nested_branch_dag.py
[2022-11-09T04:02:02.288+0000] {processor.py:766} INFO - DAG(s) dict_keys(['example_nested_branch_dag']) retrieved from /home/airflow/.local/lib/python3.7/site-packages/airflow/example_dags/example_nested_branch_dag.py
[2022-11-09T04:02:02.312+0000] {logging_mixin.py:120} INFO - [2022-11-09T04:02:02.312+0000] {dag.py:2585} INFO - Sync 1 DAGs
[2022-11-09T04:02:02.328+0000] {logging_mixin.py:120} INFO - [2022-11-09T04:02:02.328+0000] {dag.py:3340} INFO - Setting next_dagrun for example_nested_branch_dag to 2022-11-08T00:00:00+00:00, run_after=2022-11-09T00:00:00+00:00
[2022-11-09T04:02:02.343+0000] {processor.py:176} INFO - Processing /home/airflow/.local/lib/python3.7/site-packages/airflow/example_dags/example_nested_branch_dag.py took 0.072 seconds
[2022-11-09T04:02:32.463+0000] {processor.py:154} INFO - Started process (PID=31898) to work on /home/airflow/.local/lib/python3.7/site-packages/airflow/example_dags/example_nested_branch_dag.py
[2022-11-09T04:02:32.464+0000] {processor.py:756} INFO - Processing file /home/airflow/.local/lib/python3.7/site-packages/airflow/example_dags/example_nested_branch_dag.py for tasks to queue
[2022-11-09T04:02:32.464+0000] {logging_mixin.py:120} INFO - [2022-11-09T04:02:32.464+0000] {dagbag.py:537} INFO - Filling up the DagBag from /home/airflow/.local/lib/python3.7/site-packages/airflow/example_dags/example_nested_branch_dag.py
[2022-11-09T04:02:32.480+0000] {processor.py:766} INFO - DAG(s) dict_keys(['example_nested_branch_dag']) retrieved from /home/airflow/.local/lib/python3.7/site-packages/airflow/example_dags/example_nested_branch_dag.py
[2022-11-09T04:02:32.505+0000] {logging_mixin.py:120} INFO - [2022-11-09T04:02:32.505+0000] {dag.py:2585} INFO - Sync 1 DAGs
[2022-11-09T04:02:32.521+0000] {logging_mixin.py:120} INFO - [2022-11-09T04:02:32.521+0000] {dag.py:3340} INFO - Setting next_dagrun for example_nested_branch_dag to 2022-11-08T00:00:00+00:00, run_after=2022-11-09T00:00:00+00:00
[2022-11-09T04:02:32.535+0000] {processor.py:176} INFO - Processing /home/airflow/.local/lib/python3.7/site-packages/airflow/example_dags/example_nested_branch_dag.py took 0.074 seconds
[2022-11-09T04:03:03.555+0000] {processor.py:154} INFO - Started process (PID=31963) to work on /home/airflow/.local/lib/python3.7/site-packages/airflow/example_dags/example_nested_branch_dag.py
[2022-11-09T04:03:03.556+0000] {processor.py:756} INFO - Processing file /home/airflow/.local/lib/python3.7/site-packages/airflow/example_dags/example_nested_branch_dag.py for tasks to queue
[2022-11-09T04:03:03.556+0000] {logging_mixin.py:120} INFO - [2022-11-09T04:03:03.556+0000] {dagbag.py:537} INFO - Filling up the DagBag from /home/airflow/.local/lib/python3.7/site-packages/airflow/example_dags/example_nested_branch_dag.py
[2022-11-09T04:03:03.571+0000] {processor.py:766} INFO - DAG(s) dict_keys(['example_nested_branch_dag']) retrieved from /home/airflow/.local/lib/python3.7/site-packages/airflow/example_dags/example_nested_branch_dag.py
[2022-11-09T04:03:03.596+0000] {logging_mixin.py:120} INFO - [2022-11-09T04:03:03.596+0000] {dag.py:2585} INFO - Sync 1 DAGs
[2022-11-09T04:03:03.616+0000] {logging_mixin.py:120} INFO - [2022-11-09T04:03:03.616+0000] {dag.py:3340} INFO - Setting next_dagrun for example_nested_branch_dag to 2022-11-08T00:00:00+00:00, run_after=2022-11-09T00:00:00+00:00
[2022-11-09T04:03:03.627+0000] {processor.py:176} INFO - Processing /home/airflow/.local/lib/python3.7/site-packages/airflow/example_dags/example_nested_branch_dag.py took 0.074 seconds
[2022-11-09T04:03:33.667+0000] {processor.py:154} INFO - Started process (PID=32019) to work on /home/airflow/.local/lib/python3.7/site-packages/airflow/example_dags/example_nested_branch_dag.py
[2022-11-09T04:03:33.668+0000] {processor.py:756} INFO - Processing file /home/airflow/.local/lib/python3.7/site-packages/airflow/example_dags/example_nested_branch_dag.py for tasks to queue
[2022-11-09T04:03:33.668+0000] {logging_mixin.py:120} INFO - [2022-11-09T04:03:33.668+0000] {dagbag.py:537} INFO - Filling up the DagBag from /home/airflow/.local/lib/python3.7/site-packages/airflow/example_dags/example_nested_branch_dag.py
[2022-11-09T04:03:33.682+0000] {processor.py:766} INFO - DAG(s) dict_keys(['example_nested_branch_dag']) retrieved from /home/airflow/.local/lib/python3.7/site-packages/airflow/example_dags/example_nested_branch_dag.py
[2022-11-09T04:03:33.706+0000] {logging_mixin.py:120} INFO - [2022-11-09T04:03:33.706+0000] {dag.py:2585} INFO - Sync 1 DAGs
[2022-11-09T04:03:33.724+0000] {logging_mixin.py:120} INFO - [2022-11-09T04:03:33.723+0000] {dag.py:3340} INFO - Setting next_dagrun for example_nested_branch_dag to 2022-11-08T00:00:00+00:00, run_after=2022-11-09T00:00:00+00:00
[2022-11-09T04:03:33.734+0000] {processor.py:176} INFO - Processing /home/airflow/.local/lib/python3.7/site-packages/airflow/example_dags/example_nested_branch_dag.py took 0.069 seconds
[2022-11-09T04:04:04.767+0000] {processor.py:154} INFO - Started process (PID=32088) to work on /home/airflow/.local/lib/python3.7/site-packages/airflow/example_dags/example_nested_branch_dag.py
[2022-11-09T04:04:04.768+0000] {processor.py:756} INFO - Processing file /home/airflow/.local/lib/python3.7/site-packages/airflow/example_dags/example_nested_branch_dag.py for tasks to queue
[2022-11-09T04:04:04.768+0000] {logging_mixin.py:120} INFO - [2022-11-09T04:04:04.768+0000] {dagbag.py:537} INFO - Filling up the DagBag from /home/airflow/.local/lib/python3.7/site-packages/airflow/example_dags/example_nested_branch_dag.py
[2022-11-09T04:04:04.781+0000] {processor.py:766} INFO - DAG(s) dict_keys(['example_nested_branch_dag']) retrieved from /home/airflow/.local/lib/python3.7/site-packages/airflow/example_dags/example_nested_branch_dag.py
[2022-11-09T04:04:04.803+0000] {logging_mixin.py:120} INFO - [2022-11-09T04:04:04.803+0000] {dag.py:2585} INFO - Sync 1 DAGs
[2022-11-09T04:04:04.816+0000] {logging_mixin.py:120} INFO - [2022-11-09T04:04:04.816+0000] {dag.py:3340} INFO - Setting next_dagrun for example_nested_branch_dag to 2022-11-08T00:00:00+00:00, run_after=2022-11-09T00:00:00+00:00
[2022-11-09T04:04:04.825+0000] {processor.py:176} INFO - Processing /home/airflow/.local/lib/python3.7/site-packages/airflow/example_dags/example_nested_branch_dag.py took 0.060 seconds
[2022-11-09T04:04:35.877+0000] {processor.py:154} INFO - Started process (PID=32159) to work on /home/airflow/.local/lib/python3.7/site-packages/airflow/example_dags/example_nested_branch_dag.py
[2022-11-09T04:04:35.878+0000] {processor.py:756} INFO - Processing file /home/airflow/.local/lib/python3.7/site-packages/airflow/example_dags/example_nested_branch_dag.py for tasks to queue
[2022-11-09T04:04:35.878+0000] {logging_mixin.py:120} INFO - [2022-11-09T04:04:35.878+0000] {dagbag.py:537} INFO - Filling up the DagBag from /home/airflow/.local/lib/python3.7/site-packages/airflow/example_dags/example_nested_branch_dag.py
[2022-11-09T04:04:35.892+0000] {processor.py:766} INFO - DAG(s) dict_keys(['example_nested_branch_dag']) retrieved from /home/airflow/.local/lib/python3.7/site-packages/airflow/example_dags/example_nested_branch_dag.py
[2022-11-09T04:04:35.915+0000] {logging_mixin.py:120} INFO - [2022-11-09T04:04:35.915+0000] {dag.py:2585} INFO - Sync 1 DAGs
[2022-11-09T04:04:35.930+0000] {logging_mixin.py:120} INFO - [2022-11-09T04:04:35.930+0000] {dag.py:3340} INFO - Setting next_dagrun for example_nested_branch_dag to 2022-11-08T00:00:00+00:00, run_after=2022-11-09T00:00:00+00:00
[2022-11-09T04:04:35.940+0000] {processor.py:176} INFO - Processing /home/airflow/.local/lib/python3.7/site-packages/airflow/example_dags/example_nested_branch_dag.py took 0.064 seconds
[2022-11-09T04:05:06.889+0000] {processor.py:154} INFO - Started process (PID=32226) to work on /home/airflow/.local/lib/python3.7/site-packages/airflow/example_dags/example_nested_branch_dag.py
[2022-11-09T04:05:06.890+0000] {processor.py:756} INFO - Processing file /home/airflow/.local/lib/python3.7/site-packages/airflow/example_dags/example_nested_branch_dag.py for tasks to queue
[2022-11-09T04:05:06.890+0000] {logging_mixin.py:120} INFO - [2022-11-09T04:05:06.890+0000] {dagbag.py:537} INFO - Filling up the DagBag from /home/airflow/.local/lib/python3.7/site-packages/airflow/example_dags/example_nested_branch_dag.py
[2022-11-09T04:05:06.903+0000] {processor.py:766} INFO - DAG(s) dict_keys(['example_nested_branch_dag']) retrieved from /home/airflow/.local/lib/python3.7/site-packages/airflow/example_dags/example_nested_branch_dag.py
[2022-11-09T04:05:06.926+0000] {logging_mixin.py:120} INFO - [2022-11-09T04:05:06.926+0000] {dag.py:2585} INFO - Sync 1 DAGs
[2022-11-09T04:05:06.940+0000] {logging_mixin.py:120} INFO - [2022-11-09T04:05:06.940+0000] {dag.py:3340} INFO - Setting next_dagrun for example_nested_branch_dag to 2022-11-08T00:00:00+00:00, run_after=2022-11-09T00:00:00+00:00
[2022-11-09T04:05:06.954+0000] {processor.py:176} INFO - Processing /home/airflow/.local/lib/python3.7/site-packages/airflow/example_dags/example_nested_branch_dag.py took 0.067 seconds
[2022-11-09T04:05:37.718+0000] {processor.py:154} INFO - Started process (PID=32291) to work on /home/airflow/.local/lib/python3.7/site-packages/airflow/example_dags/example_nested_branch_dag.py
[2022-11-09T04:05:37.718+0000] {processor.py:756} INFO - Processing file /home/airflow/.local/lib/python3.7/site-packages/airflow/example_dags/example_nested_branch_dag.py for tasks to queue
[2022-11-09T04:05:37.718+0000] {logging_mixin.py:120} INFO - [2022-11-09T04:05:37.718+0000] {dagbag.py:537} INFO - Filling up the DagBag from /home/airflow/.local/lib/python3.7/site-packages/airflow/example_dags/example_nested_branch_dag.py
[2022-11-09T04:05:37.731+0000] {processor.py:766} INFO - DAG(s) dict_keys(['example_nested_branch_dag']) retrieved from /home/airflow/.local/lib/python3.7/site-packages/airflow/example_dags/example_nested_branch_dag.py
[2022-11-09T04:05:37.753+0000] {logging_mixin.py:120} INFO - [2022-11-09T04:05:37.753+0000] {dag.py:2585} INFO - Sync 1 DAGs
[2022-11-09T04:05:37.767+0000] {logging_mixin.py:120} INFO - [2022-11-09T04:05:37.766+0000] {dag.py:3340} INFO - Setting next_dagrun for example_nested_branch_dag to 2022-11-08T00:00:00+00:00, run_after=2022-11-09T00:00:00+00:00
[2022-11-09T04:05:37.776+0000] {processor.py:176} INFO - Processing /home/airflow/.local/lib/python3.7/site-packages/airflow/example_dags/example_nested_branch_dag.py took 0.061 seconds
[2022-11-09T04:06:08.593+0000] {processor.py:154} INFO - Started process (PID=32356) to work on /home/airflow/.local/lib/python3.7/site-packages/airflow/example_dags/example_nested_branch_dag.py
[2022-11-09T04:06:08.594+0000] {processor.py:756} INFO - Processing file /home/airflow/.local/lib/python3.7/site-packages/airflow/example_dags/example_nested_branch_dag.py for tasks to queue
[2022-11-09T04:06:08.594+0000] {logging_mixin.py:120} INFO - [2022-11-09T04:06:08.594+0000] {dagbag.py:537} INFO - Filling up the DagBag from /home/airflow/.local/lib/python3.7/site-packages/airflow/example_dags/example_nested_branch_dag.py
[2022-11-09T04:06:08.607+0000] {processor.py:766} INFO - DAG(s) dict_keys(['example_nested_branch_dag']) retrieved from /home/airflow/.local/lib/python3.7/site-packages/airflow/example_dags/example_nested_branch_dag.py
[2022-11-09T04:06:08.629+0000] {logging_mixin.py:120} INFO - [2022-11-09T04:06:08.629+0000] {dag.py:2585} INFO - Sync 1 DAGs
[2022-11-09T04:06:08.643+0000] {logging_mixin.py:120} INFO - [2022-11-09T04:06:08.643+0000] {dag.py:3340} INFO - Setting next_dagrun for example_nested_branch_dag to 2022-11-08T00:00:00+00:00, run_after=2022-11-09T00:00:00+00:00
[2022-11-09T04:06:08.654+0000] {processor.py:176} INFO - Processing /home/airflow/.local/lib/python3.7/site-packages/airflow/example_dags/example_nested_branch_dag.py took 0.063 seconds
[2022-11-09T04:06:39.453+0000] {processor.py:154} INFO - Started process (PID=32425) to work on /home/airflow/.local/lib/python3.7/site-packages/airflow/example_dags/example_nested_branch_dag.py
[2022-11-09T04:06:39.454+0000] {processor.py:756} INFO - Processing file /home/airflow/.local/lib/python3.7/site-packages/airflow/example_dags/example_nested_branch_dag.py for tasks to queue
[2022-11-09T04:06:39.454+0000] {logging_mixin.py:120} INFO - [2022-11-09T04:06:39.454+0000] {dagbag.py:537} INFO - Filling up the DagBag from /home/airflow/.local/lib/python3.7/site-packages/airflow/example_dags/example_nested_branch_dag.py
[2022-11-09T04:06:39.466+0000] {processor.py:766} INFO - DAG(s) dict_keys(['example_nested_branch_dag']) retrieved from /home/airflow/.local/lib/python3.7/site-packages/airflow/example_dags/example_nested_branch_dag.py
[2022-11-09T04:06:39.489+0000] {logging_mixin.py:120} INFO - [2022-11-09T04:06:39.489+0000] {dag.py:2585} INFO - Sync 1 DAGs
[2022-11-09T04:06:39.504+0000] {logging_mixin.py:120} INFO - [2022-11-09T04:06:39.504+0000] {dag.py:3340} INFO - Setting next_dagrun for example_nested_branch_dag to 2022-11-08T00:00:00+00:00, run_after=2022-11-09T00:00:00+00:00
[2022-11-09T04:06:39.514+0000] {processor.py:176} INFO - Processing /home/airflow/.local/lib/python3.7/site-packages/airflow/example_dags/example_nested_branch_dag.py took 0.063 seconds
[2022-11-09T04:17:39.550+0000] {processor.py:154} INFO - Started process (PID=32484) to work on /home/airflow/.local/lib/python3.7/site-packages/airflow/example_dags/example_nested_branch_dag.py
[2022-11-09T04:17:39.550+0000] {processor.py:756} INFO - Processing file /home/airflow/.local/lib/python3.7/site-packages/airflow/example_dags/example_nested_branch_dag.py for tasks to queue
[2022-11-09T04:17:39.551+0000] {logging_mixin.py:120} INFO - [2022-11-09T04:17:39.551+0000] {dagbag.py:537} INFO - Filling up the DagBag from /home/airflow/.local/lib/python3.7/site-packages/airflow/example_dags/example_nested_branch_dag.py
[2022-11-09T04:17:39.571+0000] {processor.py:766} INFO - DAG(s) dict_keys(['example_nested_branch_dag']) retrieved from /home/airflow/.local/lib/python3.7/site-packages/airflow/example_dags/example_nested_branch_dag.py
[2022-11-09T04:17:39.600+0000] {logging_mixin.py:120} INFO - [2022-11-09T04:17:39.600+0000] {dag.py:2585} INFO - Sync 1 DAGs
[2022-11-09T04:17:39.616+0000] {logging_mixin.py:120} INFO - [2022-11-09T04:17:39.616+0000] {dag.py:3340} INFO - Setting next_dagrun for example_nested_branch_dag to 2022-11-08T00:00:00+00:00, run_after=2022-11-09T00:00:00+00:00
[2022-11-09T04:17:39.627+0000] {processor.py:176} INFO - Processing /home/airflow/.local/lib/python3.7/site-packages/airflow/example_dags/example_nested_branch_dag.py took 0.080 seconds
[2022-11-09T04:18:10.213+0000] {processor.py:154} INFO - Started process (PID=32551) to work on /home/airflow/.local/lib/python3.7/site-packages/airflow/example_dags/example_nested_branch_dag.py
[2022-11-09T04:18:10.213+0000] {processor.py:756} INFO - Processing file /home/airflow/.local/lib/python3.7/site-packages/airflow/example_dags/example_nested_branch_dag.py for tasks to queue
[2022-11-09T04:18:10.214+0000] {logging_mixin.py:120} INFO - [2022-11-09T04:18:10.214+0000] {dagbag.py:537} INFO - Filling up the DagBag from /home/airflow/.local/lib/python3.7/site-packages/airflow/example_dags/example_nested_branch_dag.py
[2022-11-09T04:18:10.228+0000] {processor.py:766} INFO - DAG(s) dict_keys(['example_nested_branch_dag']) retrieved from /home/airflow/.local/lib/python3.7/site-packages/airflow/example_dags/example_nested_branch_dag.py
[2022-11-09T04:18:10.250+0000] {logging_mixin.py:120} INFO - [2022-11-09T04:18:10.250+0000] {dag.py:2585} INFO - Sync 1 DAGs
[2022-11-09T04:18:10.264+0000] {logging_mixin.py:120} INFO - [2022-11-09T04:18:10.264+0000] {dag.py:3340} INFO - Setting next_dagrun for example_nested_branch_dag to 2022-11-08T00:00:00+00:00, run_after=2022-11-09T00:00:00+00:00
[2022-11-09T04:18:10.274+0000] {processor.py:176} INFO - Processing /home/airflow/.local/lib/python3.7/site-packages/airflow/example_dags/example_nested_branch_dag.py took 0.063 seconds
[2022-11-09T04:18:41.312+0000] {processor.py:154} INFO - Started process (PID=32618) to work on /home/airflow/.local/lib/python3.7/site-packages/airflow/example_dags/example_nested_branch_dag.py
[2022-11-09T04:18:41.312+0000] {processor.py:756} INFO - Processing file /home/airflow/.local/lib/python3.7/site-packages/airflow/example_dags/example_nested_branch_dag.py for tasks to queue
[2022-11-09T04:18:41.313+0000] {logging_mixin.py:120} INFO - [2022-11-09T04:18:41.313+0000] {dagbag.py:537} INFO - Filling up the DagBag from /home/airflow/.local/lib/python3.7/site-packages/airflow/example_dags/example_nested_branch_dag.py
[2022-11-09T04:18:41.326+0000] {processor.py:766} INFO - DAG(s) dict_keys(['example_nested_branch_dag']) retrieved from /home/airflow/.local/lib/python3.7/site-packages/airflow/example_dags/example_nested_branch_dag.py
[2022-11-09T04:18:41.349+0000] {logging_mixin.py:120} INFO - [2022-11-09T04:18:41.349+0000] {dag.py:2585} INFO - Sync 1 DAGs
[2022-11-09T04:18:41.363+0000] {logging_mixin.py:120} INFO - [2022-11-09T04:18:41.363+0000] {dag.py:3340} INFO - Setting next_dagrun for example_nested_branch_dag to 2022-11-08T00:00:00+00:00, run_after=2022-11-09T00:00:00+00:00
[2022-11-09T04:18:41.373+0000] {processor.py:176} INFO - Processing /home/airflow/.local/lib/python3.7/site-packages/airflow/example_dags/example_nested_branch_dag.py took 0.063 seconds
[2022-11-09T04:19:12.362+0000] {processor.py:154} INFO - Started process (PID=32684) to work on /home/airflow/.local/lib/python3.7/site-packages/airflow/example_dags/example_nested_branch_dag.py
[2022-11-09T04:19:12.363+0000] {processor.py:756} INFO - Processing file /home/airflow/.local/lib/python3.7/site-packages/airflow/example_dags/example_nested_branch_dag.py for tasks to queue
[2022-11-09T04:19:12.363+0000] {logging_mixin.py:120} INFO - [2022-11-09T04:19:12.363+0000] {dagbag.py:537} INFO - Filling up the DagBag from /home/airflow/.local/lib/python3.7/site-packages/airflow/example_dags/example_nested_branch_dag.py
[2022-11-09T04:19:12.376+0000] {processor.py:766} INFO - DAG(s) dict_keys(['example_nested_branch_dag']) retrieved from /home/airflow/.local/lib/python3.7/site-packages/airflow/example_dags/example_nested_branch_dag.py
[2022-11-09T04:19:12.398+0000] {logging_mixin.py:120} INFO - [2022-11-09T04:19:12.397+0000] {dag.py:2585} INFO - Sync 1 DAGs
[2022-11-09T04:19:12.412+0000] {logging_mixin.py:120} INFO - [2022-11-09T04:19:12.412+0000] {dag.py:3340} INFO - Setting next_dagrun for example_nested_branch_dag to 2022-11-08T00:00:00+00:00, run_after=2022-11-09T00:00:00+00:00
[2022-11-09T04:19:12.423+0000] {processor.py:176} INFO - Processing /home/airflow/.local/lib/python3.7/site-packages/airflow/example_dags/example_nested_branch_dag.py took 0.063 seconds
[2022-11-09T04:19:43.139+0000] {processor.py:154} INFO - Started process (PID=32751) to work on /home/airflow/.local/lib/python3.7/site-packages/airflow/example_dags/example_nested_branch_dag.py
[2022-11-09T04:19:43.139+0000] {processor.py:756} INFO - Processing file /home/airflow/.local/lib/python3.7/site-packages/airflow/example_dags/example_nested_branch_dag.py for tasks to queue
[2022-11-09T04:19:43.140+0000] {logging_mixin.py:120} INFO - [2022-11-09T04:19:43.140+0000] {dagbag.py:537} INFO - Filling up the DagBag from /home/airflow/.local/lib/python3.7/site-packages/airflow/example_dags/example_nested_branch_dag.py
[2022-11-09T04:19:43.154+0000] {processor.py:766} INFO - DAG(s) dict_keys(['example_nested_branch_dag']) retrieved from /home/airflow/.local/lib/python3.7/site-packages/airflow/example_dags/example_nested_branch_dag.py
[2022-11-09T04:19:43.179+0000] {logging_mixin.py:120} INFO - [2022-11-09T04:19:43.179+0000] {dag.py:2585} INFO - Sync 1 DAGs
[2022-11-09T04:19:43.194+0000] {logging_mixin.py:120} INFO - [2022-11-09T04:19:43.194+0000] {dag.py:3340} INFO - Setting next_dagrun for example_nested_branch_dag to 2022-11-08T00:00:00+00:00, run_after=2022-11-09T00:00:00+00:00
[2022-11-09T04:19:43.207+0000] {processor.py:176} INFO - Processing /home/airflow/.local/lib/python3.7/site-packages/airflow/example_dags/example_nested_branch_dag.py took 0.070 seconds
