[2022-11-09T00:11:59.876+0000] {processor.py:154} INFO - Started process (PID=30694) to work on /home/airflow/.local/lib/python3.7/site-packages/airflow/example_dags/example_trigger_controller_dag.py
[2022-11-09T00:11:59.877+0000] {processor.py:756} INFO - Processing file /home/airflow/.local/lib/python3.7/site-packages/airflow/example_dags/example_trigger_controller_dag.py for tasks to queue
[2022-11-09T00:11:59.877+0000] {logging_mixin.py:120} INFO - [2022-11-09T00:11:59.877+0000] {dagbag.py:537} INFO - Filling up the DagBag from /home/airflow/.local/lib/python3.7/site-packages/airflow/example_dags/example_trigger_controller_dag.py
[2022-11-09T00:11:59.886+0000] {processor.py:766} INFO - DAG(s) dict_keys(['example_trigger_controller_dag']) retrieved from /home/airflow/.local/lib/python3.7/site-packages/airflow/example_dags/example_trigger_controller_dag.py
[2022-11-09T00:11:59.947+0000] {logging_mixin.py:120} INFO - [2022-11-09T00:11:59.946+0000] {dag.py:2585} INFO - Sync 1 DAGs
[2022-11-09T00:11:59.981+0000] {logging_mixin.py:120} INFO - [2022-11-09T00:11:59.981+0000] {dag.py:3340} INFO - Setting next_dagrun for example_trigger_controller_dag to 2021-01-01T00:00:00+00:00, run_after=2021-01-01T00:00:00+00:00
[2022-11-09T00:12:00.016+0000] {processor.py:176} INFO - Processing /home/airflow/.local/lib/python3.7/site-packages/airflow/example_dags/example_trigger_controller_dag.py took 0.142 seconds
[2022-11-09T00:27:33.434+0000] {processor.py:154} INFO - Started process (PID=30741) to work on /home/airflow/.local/lib/python3.7/site-packages/airflow/example_dags/example_trigger_controller_dag.py
[2022-11-09T00:27:33.435+0000] {processor.py:756} INFO - Processing file /home/airflow/.local/lib/python3.7/site-packages/airflow/example_dags/example_trigger_controller_dag.py for tasks to queue
[2022-11-09T00:27:33.435+0000] {logging_mixin.py:120} INFO - [2022-11-09T00:27:33.435+0000] {dagbag.py:537} INFO - Filling up the DagBag from /home/airflow/.local/lib/python3.7/site-packages/airflow/example_dags/example_trigger_controller_dag.py
[2022-11-09T00:27:33.443+0000] {processor.py:766} INFO - DAG(s) dict_keys(['example_trigger_controller_dag']) retrieved from /home/airflow/.local/lib/python3.7/site-packages/airflow/example_dags/example_trigger_controller_dag.py
[2022-11-09T00:27:33.467+0000] {logging_mixin.py:120} INFO - [2022-11-09T00:27:33.467+0000] {dag.py:2585} INFO - Sync 1 DAGs
[2022-11-09T00:27:33.480+0000] {logging_mixin.py:120} INFO - [2022-11-09T00:27:33.480+0000] {dag.py:3340} INFO - Setting next_dagrun for example_trigger_controller_dag to 2021-01-01T00:00:00+00:00, run_after=2021-01-01T00:00:00+00:00
[2022-11-09T00:27:33.491+0000] {processor.py:176} INFO - Processing /home/airflow/.local/lib/python3.7/site-packages/airflow/example_dags/example_trigger_controller_dag.py took 0.059 seconds
[2022-11-09T01:00:47.593+0000] {processor.py:154} INFO - Started process (PID=30791) to work on /home/airflow/.local/lib/python3.7/site-packages/airflow/example_dags/example_trigger_controller_dag.py
[2022-11-09T01:00:47.596+0000] {processor.py:756} INFO - Processing file /home/airflow/.local/lib/python3.7/site-packages/airflow/example_dags/example_trigger_controller_dag.py for tasks to queue
[2022-11-09T01:00:47.597+0000] {logging_mixin.py:120} INFO - [2022-11-09T01:00:47.597+0000] {dagbag.py:537} INFO - Filling up the DagBag from /home/airflow/.local/lib/python3.7/site-packages/airflow/example_dags/example_trigger_controller_dag.py
[2022-11-09T01:00:47.617+0000] {processor.py:766} INFO - DAG(s) dict_keys(['example_trigger_controller_dag']) retrieved from /home/airflow/.local/lib/python3.7/site-packages/airflow/example_dags/example_trigger_controller_dag.py
[2022-11-09T01:00:47.662+0000] {logging_mixin.py:120} INFO - [2022-11-09T01:00:47.662+0000] {dag.py:2585} INFO - Sync 1 DAGs
[2022-11-09T01:00:47.698+0000] {logging_mixin.py:120} INFO - [2022-11-09T01:00:47.698+0000] {dag.py:3340} INFO - Setting next_dagrun for example_trigger_controller_dag to 2021-01-01T00:00:00+00:00, run_after=2021-01-01T00:00:00+00:00
[2022-11-09T01:00:47.709+0000] {processor.py:176} INFO - Processing /home/airflow/.local/lib/python3.7/site-packages/airflow/example_dags/example_trigger_controller_dag.py took 0.119 seconds
[2022-11-09T01:34:43.165+0000] {processor.py:154} INFO - Started process (PID=30839) to work on /home/airflow/.local/lib/python3.7/site-packages/airflow/example_dags/example_trigger_controller_dag.py
[2022-11-09T01:34:43.167+0000] {processor.py:756} INFO - Processing file /home/airflow/.local/lib/python3.7/site-packages/airflow/example_dags/example_trigger_controller_dag.py for tasks to queue
[2022-11-09T01:34:43.168+0000] {logging_mixin.py:120} INFO - [2022-11-09T01:34:43.168+0000] {dagbag.py:537} INFO - Filling up the DagBag from /home/airflow/.local/lib/python3.7/site-packages/airflow/example_dags/example_trigger_controller_dag.py
[2022-11-09T01:34:43.176+0000] {processor.py:766} INFO - DAG(s) dict_keys(['example_trigger_controller_dag']) retrieved from /home/airflow/.local/lib/python3.7/site-packages/airflow/example_dags/example_trigger_controller_dag.py
[2022-11-09T01:34:43.215+0000] {logging_mixin.py:120} INFO - [2022-11-09T01:34:43.215+0000] {dag.py:2585} INFO - Sync 1 DAGs
[2022-11-09T01:34:43.236+0000] {logging_mixin.py:120} INFO - [2022-11-09T01:34:43.236+0000] {dag.py:3340} INFO - Setting next_dagrun for example_trigger_controller_dag to 2021-01-01T00:00:00+00:00, run_after=2021-01-01T00:00:00+00:00
[2022-11-09T01:34:43.248+0000] {processor.py:176} INFO - Processing /home/airflow/.local/lib/python3.7/site-packages/airflow/example_dags/example_trigger_controller_dag.py took 0.087 seconds
[2022-11-09T01:50:23.706+0000] {processor.py:154} INFO - Started process (PID=30886) to work on /home/airflow/.local/lib/python3.7/site-packages/airflow/example_dags/example_trigger_controller_dag.py
[2022-11-09T01:50:23.707+0000] {processor.py:756} INFO - Processing file /home/airflow/.local/lib/python3.7/site-packages/airflow/example_dags/example_trigger_controller_dag.py for tasks to queue
[2022-11-09T01:50:23.707+0000] {logging_mixin.py:120} INFO - [2022-11-09T01:50:23.707+0000] {dagbag.py:537} INFO - Filling up the DagBag from /home/airflow/.local/lib/python3.7/site-packages/airflow/example_dags/example_trigger_controller_dag.py
[2022-11-09T01:50:23.717+0000] {processor.py:766} INFO - DAG(s) dict_keys(['example_trigger_controller_dag']) retrieved from /home/airflow/.local/lib/python3.7/site-packages/airflow/example_dags/example_trigger_controller_dag.py
[2022-11-09T01:50:23.761+0000] {logging_mixin.py:120} INFO - [2022-11-09T01:50:23.761+0000] {dag.py:2585} INFO - Sync 1 DAGs
[2022-11-09T01:50:23.792+0000] {logging_mixin.py:120} INFO - [2022-11-09T01:50:23.792+0000] {dag.py:3340} INFO - Setting next_dagrun for example_trigger_controller_dag to 2021-01-01T00:00:00+00:00, run_after=2021-01-01T00:00:00+00:00
[2022-11-09T01:50:23.847+0000] {processor.py:176} INFO - Processing /home/airflow/.local/lib/python3.7/site-packages/airflow/example_dags/example_trigger_controller_dag.py took 0.143 seconds
[2022-11-09T01:55:22.798+0000] {processor.py:154} INFO - Started process (PID=30934) to work on /home/airflow/.local/lib/python3.7/site-packages/airflow/example_dags/example_trigger_controller_dag.py
[2022-11-09T01:55:22.799+0000] {processor.py:756} INFO - Processing file /home/airflow/.local/lib/python3.7/site-packages/airflow/example_dags/example_trigger_controller_dag.py for tasks to queue
[2022-11-09T01:55:22.799+0000] {logging_mixin.py:120} INFO - [2022-11-09T01:55:22.799+0000] {dagbag.py:537} INFO - Filling up the DagBag from /home/airflow/.local/lib/python3.7/site-packages/airflow/example_dags/example_trigger_controller_dag.py
[2022-11-09T01:55:22.805+0000] {processor.py:766} INFO - DAG(s) dict_keys(['example_trigger_controller_dag']) retrieved from /home/airflow/.local/lib/python3.7/site-packages/airflow/example_dags/example_trigger_controller_dag.py
[2022-11-09T01:55:22.828+0000] {logging_mixin.py:120} INFO - [2022-11-09T01:55:22.828+0000] {dag.py:2585} INFO - Sync 1 DAGs
[2022-11-09T01:55:22.841+0000] {logging_mixin.py:120} INFO - [2022-11-09T01:55:22.841+0000] {dag.py:3340} INFO - Setting next_dagrun for example_trigger_controller_dag to 2021-01-01T00:00:00+00:00, run_after=2021-01-01T00:00:00+00:00
[2022-11-09T01:55:22.852+0000] {processor.py:176} INFO - Processing /home/airflow/.local/lib/python3.7/site-packages/airflow/example_dags/example_trigger_controller_dag.py took 0.056 seconds
[2022-11-09T02:10:48.370+0000] {processor.py:154} INFO - Started process (PID=30981) to work on /home/airflow/.local/lib/python3.7/site-packages/airflow/example_dags/example_trigger_controller_dag.py
[2022-11-09T02:10:48.381+0000] {processor.py:756} INFO - Processing file /home/airflow/.local/lib/python3.7/site-packages/airflow/example_dags/example_trigger_controller_dag.py for tasks to queue
[2022-11-09T02:10:48.381+0000] {logging_mixin.py:120} INFO - [2022-11-09T02:10:48.381+0000] {dagbag.py:537} INFO - Filling up the DagBag from /home/airflow/.local/lib/python3.7/site-packages/airflow/example_dags/example_trigger_controller_dag.py
[2022-11-09T02:10:48.390+0000] {processor.py:766} INFO - DAG(s) dict_keys(['example_trigger_controller_dag']) retrieved from /home/airflow/.local/lib/python3.7/site-packages/airflow/example_dags/example_trigger_controller_dag.py
[2022-11-09T02:10:48.430+0000] {logging_mixin.py:120} INFO - [2022-11-09T02:10:48.430+0000] {dag.py:2585} INFO - Sync 1 DAGs
[2022-11-09T02:10:48.447+0000] {logging_mixin.py:120} INFO - [2022-11-09T02:10:48.447+0000] {dag.py:3340} INFO - Setting next_dagrun for example_trigger_controller_dag to 2021-01-01T00:00:00+00:00, run_after=2021-01-01T00:00:00+00:00
[2022-11-09T02:10:48.459+0000] {processor.py:176} INFO - Processing /home/airflow/.local/lib/python3.7/site-packages/airflow/example_dags/example_trigger_controller_dag.py took 0.091 seconds
[2022-11-09T02:26:22.740+0000] {processor.py:154} INFO - Started process (PID=31028) to work on /home/airflow/.local/lib/python3.7/site-packages/airflow/example_dags/example_trigger_controller_dag.py
[2022-11-09T02:26:22.740+0000] {processor.py:756} INFO - Processing file /home/airflow/.local/lib/python3.7/site-packages/airflow/example_dags/example_trigger_controller_dag.py for tasks to queue
[2022-11-09T02:26:22.741+0000] {logging_mixin.py:120} INFO - [2022-11-09T02:26:22.741+0000] {dagbag.py:537} INFO - Filling up the DagBag from /home/airflow/.local/lib/python3.7/site-packages/airflow/example_dags/example_trigger_controller_dag.py
[2022-11-09T02:26:22.748+0000] {processor.py:766} INFO - DAG(s) dict_keys(['example_trigger_controller_dag']) retrieved from /home/airflow/.local/lib/python3.7/site-packages/airflow/example_dags/example_trigger_controller_dag.py
[2022-11-09T02:26:22.772+0000] {logging_mixin.py:120} INFO - [2022-11-09T02:26:22.771+0000] {dag.py:2585} INFO - Sync 1 DAGs
[2022-11-09T02:26:22.785+0000] {logging_mixin.py:120} INFO - [2022-11-09T02:26:22.785+0000] {dag.py:3340} INFO - Setting next_dagrun for example_trigger_controller_dag to 2021-01-01T00:00:00+00:00, run_after=2021-01-01T00:00:00+00:00
[2022-11-09T02:26:22.795+0000] {processor.py:176} INFO - Processing /home/airflow/.local/lib/python3.7/site-packages/airflow/example_dags/example_trigger_controller_dag.py took 0.057 seconds
[2022-11-09T02:44:00.452+0000] {processor.py:154} INFO - Started process (PID=31076) to work on /home/airflow/.local/lib/python3.7/site-packages/airflow/example_dags/example_trigger_controller_dag.py
[2022-11-09T02:44:00.457+0000] {processor.py:756} INFO - Processing file /home/airflow/.local/lib/python3.7/site-packages/airflow/example_dags/example_trigger_controller_dag.py for tasks to queue
[2022-11-09T02:44:00.458+0000] {logging_mixin.py:120} INFO - [2022-11-09T02:44:00.458+0000] {dagbag.py:537} INFO - Filling up the DagBag from /home/airflow/.local/lib/python3.7/site-packages/airflow/example_dags/example_trigger_controller_dag.py
[2022-11-09T02:44:00.466+0000] {processor.py:766} INFO - DAG(s) dict_keys(['example_trigger_controller_dag']) retrieved from /home/airflow/.local/lib/python3.7/site-packages/airflow/example_dags/example_trigger_controller_dag.py
[2022-11-09T02:44:00.517+0000] {logging_mixin.py:120} INFO - [2022-11-09T02:44:00.517+0000] {dag.py:2585} INFO - Sync 1 DAGs
[2022-11-09T02:44:00.534+0000] {logging_mixin.py:120} INFO - [2022-11-09T02:44:00.534+0000] {dag.py:3340} INFO - Setting next_dagrun for example_trigger_controller_dag to 2021-01-01T00:00:00+00:00, run_after=2021-01-01T00:00:00+00:00
[2022-11-09T02:44:00.547+0000] {processor.py:176} INFO - Processing /home/airflow/.local/lib/python3.7/site-packages/airflow/example_dags/example_trigger_controller_dag.py took 0.098 seconds
[2022-11-09T03:01:02.412+0000] {processor.py:154} INFO - Started process (PID=31135) to work on /home/airflow/.local/lib/python3.7/site-packages/airflow/example_dags/example_trigger_controller_dag.py
[2022-11-09T03:01:02.413+0000] {processor.py:756} INFO - Processing file /home/airflow/.local/lib/python3.7/site-packages/airflow/example_dags/example_trigger_controller_dag.py for tasks to queue
[2022-11-09T03:01:02.414+0000] {logging_mixin.py:120} INFO - [2022-11-09T03:01:02.413+0000] {dagbag.py:537} INFO - Filling up the DagBag from /home/airflow/.local/lib/python3.7/site-packages/airflow/example_dags/example_trigger_controller_dag.py
[2022-11-09T03:01:02.421+0000] {processor.py:766} INFO - DAG(s) dict_keys(['example_trigger_controller_dag']) retrieved from /home/airflow/.local/lib/python3.7/site-packages/airflow/example_dags/example_trigger_controller_dag.py
[2022-11-09T03:01:02.455+0000] {logging_mixin.py:120} INFO - [2022-11-09T03:01:02.455+0000] {dag.py:2585} INFO - Sync 1 DAGs
[2022-11-09T03:01:02.471+0000] {logging_mixin.py:120} INFO - [2022-11-09T03:01:02.471+0000] {dag.py:3340} INFO - Setting next_dagrun for example_trigger_controller_dag to 2021-01-01T00:00:00+00:00, run_after=2021-01-01T00:00:00+00:00
[2022-11-09T03:01:02.482+0000] {processor.py:176} INFO - Processing /home/airflow/.local/lib/python3.7/site-packages/airflow/example_dags/example_trigger_controller_dag.py took 0.072 seconds
[2022-11-09T03:03:51.606+0000] {processor.py:154} INFO - Started process (PID=31200) to work on /home/airflow/.local/lib/python3.7/site-packages/airflow/example_dags/example_trigger_controller_dag.py
[2022-11-09T03:03:51.607+0000] {processor.py:756} INFO - Processing file /home/airflow/.local/lib/python3.7/site-packages/airflow/example_dags/example_trigger_controller_dag.py for tasks to queue
[2022-11-09T03:03:51.607+0000] {logging_mixin.py:120} INFO - [2022-11-09T03:03:51.607+0000] {dagbag.py:537} INFO - Filling up the DagBag from /home/airflow/.local/lib/python3.7/site-packages/airflow/example_dags/example_trigger_controller_dag.py
[2022-11-09T03:03:51.615+0000] {processor.py:766} INFO - DAG(s) dict_keys(['example_trigger_controller_dag']) retrieved from /home/airflow/.local/lib/python3.7/site-packages/airflow/example_dags/example_trigger_controller_dag.py
[2022-11-09T03:03:51.639+0000] {logging_mixin.py:120} INFO - [2022-11-09T03:03:51.639+0000] {dag.py:2585} INFO - Sync 1 DAGs
[2022-11-09T03:03:51.653+0000] {logging_mixin.py:120} INFO - [2022-11-09T03:03:51.653+0000] {dag.py:3340} INFO - Setting next_dagrun for example_trigger_controller_dag to 2021-01-01T00:00:00+00:00, run_after=2021-01-01T00:00:00+00:00
[2022-11-09T03:03:51.663+0000] {processor.py:176} INFO - Processing /home/airflow/.local/lib/python3.7/site-packages/airflow/example_dags/example_trigger_controller_dag.py took 0.059 seconds
[2022-11-09T03:19:27.567+0000] {processor.py:154} INFO - Started process (PID=31247) to work on /home/airflow/.local/lib/python3.7/site-packages/airflow/example_dags/example_trigger_controller_dag.py
[2022-11-09T03:19:27.567+0000] {processor.py:756} INFO - Processing file /home/airflow/.local/lib/python3.7/site-packages/airflow/example_dags/example_trigger_controller_dag.py for tasks to queue
[2022-11-09T03:19:27.577+0000] {logging_mixin.py:120} INFO - [2022-11-09T03:19:27.577+0000] {dagbag.py:537} INFO - Filling up the DagBag from /home/airflow/.local/lib/python3.7/site-packages/airflow/example_dags/example_trigger_controller_dag.py
[2022-11-09T03:19:27.585+0000] {processor.py:766} INFO - DAG(s) dict_keys(['example_trigger_controller_dag']) retrieved from /home/airflow/.local/lib/python3.7/site-packages/airflow/example_dags/example_trigger_controller_dag.py
[2022-11-09T03:19:27.610+0000] {logging_mixin.py:120} INFO - [2022-11-09T03:19:27.610+0000] {dag.py:2585} INFO - Sync 1 DAGs
[2022-11-09T03:19:27.625+0000] {logging_mixin.py:120} INFO - [2022-11-09T03:19:27.624+0000] {dag.py:3340} INFO - Setting next_dagrun for example_trigger_controller_dag to 2021-01-01T00:00:00+00:00, run_after=2021-01-01T00:00:00+00:00
[2022-11-09T03:19:27.641+0000] {processor.py:176} INFO - Processing /home/airflow/.local/lib/python3.7/site-packages/airflow/example_dags/example_trigger_controller_dag.py took 0.076 seconds
[2022-11-09T03:35:51.223+0000] {processor.py:154} INFO - Started process (PID=31305) to work on /home/airflow/.local/lib/python3.7/site-packages/airflow/example_dags/example_trigger_controller_dag.py
[2022-11-09T03:35:51.224+0000] {processor.py:756} INFO - Processing file /home/airflow/.local/lib/python3.7/site-packages/airflow/example_dags/example_trigger_controller_dag.py for tasks to queue
[2022-11-09T03:35:51.225+0000] {logging_mixin.py:120} INFO - [2022-11-09T03:35:51.224+0000] {dagbag.py:537} INFO - Filling up the DagBag from /home/airflow/.local/lib/python3.7/site-packages/airflow/example_dags/example_trigger_controller_dag.py
[2022-11-09T03:35:51.233+0000] {processor.py:766} INFO - DAG(s) dict_keys(['example_trigger_controller_dag']) retrieved from /home/airflow/.local/lib/python3.7/site-packages/airflow/example_dags/example_trigger_controller_dag.py
[2022-11-09T03:35:51.301+0000] {logging_mixin.py:120} INFO - [2022-11-09T03:35:51.301+0000] {dag.py:2585} INFO - Sync 1 DAGs
[2022-11-09T03:35:51.327+0000] {logging_mixin.py:120} INFO - [2022-11-09T03:35:51.327+0000] {dag.py:3340} INFO - Setting next_dagrun for example_trigger_controller_dag to 2021-01-01T00:00:00+00:00, run_after=2021-01-01T00:00:00+00:00
[2022-11-09T03:35:51.348+0000] {processor.py:176} INFO - Processing /home/airflow/.local/lib/python3.7/site-packages/airflow/example_dags/example_trigger_controller_dag.py took 0.129 seconds
[2022-11-09T03:58:26.955+0000] {processor.py:154} INFO - Started process (PID=31352) to work on /home/airflow/.local/lib/python3.7/site-packages/airflow/example_dags/example_trigger_controller_dag.py
[2022-11-09T03:58:26.962+0000] {processor.py:756} INFO - Processing file /home/airflow/.local/lib/python3.7/site-packages/airflow/example_dags/example_trigger_controller_dag.py for tasks to queue
[2022-11-09T03:58:26.962+0000] {logging_mixin.py:120} INFO - [2022-11-09T03:58:26.962+0000] {dagbag.py:537} INFO - Filling up the DagBag from /home/airflow/.local/lib/python3.7/site-packages/airflow/example_dags/example_trigger_controller_dag.py
[2022-11-09T03:58:26.974+0000] {processor.py:766} INFO - DAG(s) dict_keys(['example_trigger_controller_dag']) retrieved from /home/airflow/.local/lib/python3.7/site-packages/airflow/example_dags/example_trigger_controller_dag.py
[2022-11-09T03:58:27.041+0000] {logging_mixin.py:120} INFO - [2022-11-09T03:58:27.040+0000] {dag.py:2585} INFO - Sync 1 DAGs
[2022-11-09T03:58:27.059+0000] {logging_mixin.py:120} INFO - [2022-11-09T03:58:27.059+0000] {dag.py:3340} INFO - Setting next_dagrun for example_trigger_controller_dag to 2021-01-01T00:00:00+00:00, run_after=2021-01-01T00:00:00+00:00
[2022-11-09T03:58:27.073+0000] {processor.py:176} INFO - Processing /home/airflow/.local/lib/python3.7/site-packages/airflow/example_dags/example_trigger_controller_dag.py took 0.120 seconds
[2022-11-09T03:58:57.448+0000] {processor.py:154} INFO - Started process (PID=31422) to work on /home/airflow/.local/lib/python3.7/site-packages/airflow/example_dags/example_trigger_controller_dag.py
[2022-11-09T03:58:57.448+0000] {processor.py:756} INFO - Processing file /home/airflow/.local/lib/python3.7/site-packages/airflow/example_dags/example_trigger_controller_dag.py for tasks to queue
[2022-11-09T03:58:57.449+0000] {logging_mixin.py:120} INFO - [2022-11-09T03:58:57.449+0000] {dagbag.py:537} INFO - Filling up the DagBag from /home/airflow/.local/lib/python3.7/site-packages/airflow/example_dags/example_trigger_controller_dag.py
[2022-11-09T03:58:57.457+0000] {processor.py:766} INFO - DAG(s) dict_keys(['example_trigger_controller_dag']) retrieved from /home/airflow/.local/lib/python3.7/site-packages/airflow/example_dags/example_trigger_controller_dag.py
[2022-11-09T03:58:57.482+0000] {logging_mixin.py:120} INFO - [2022-11-09T03:58:57.482+0000] {dag.py:2585} INFO - Sync 1 DAGs
[2022-11-09T03:58:57.498+0000] {logging_mixin.py:120} INFO - [2022-11-09T03:58:57.498+0000] {dag.py:3340} INFO - Setting next_dagrun for example_trigger_controller_dag to 2021-01-01T00:00:00+00:00, run_after=2021-01-01T00:00:00+00:00
[2022-11-09T03:58:57.513+0000] {processor.py:176} INFO - Processing /home/airflow/.local/lib/python3.7/site-packages/airflow/example_dags/example_trigger_controller_dag.py took 0.068 seconds
[2022-11-09T03:59:28.440+0000] {processor.py:154} INFO - Started process (PID=31494) to work on /home/airflow/.local/lib/python3.7/site-packages/airflow/example_dags/example_trigger_controller_dag.py
[2022-11-09T03:59:28.441+0000] {processor.py:756} INFO - Processing file /home/airflow/.local/lib/python3.7/site-packages/airflow/example_dags/example_trigger_controller_dag.py for tasks to queue
[2022-11-09T03:59:28.442+0000] {logging_mixin.py:120} INFO - [2022-11-09T03:59:28.442+0000] {dagbag.py:537} INFO - Filling up the DagBag from /home/airflow/.local/lib/python3.7/site-packages/airflow/example_dags/example_trigger_controller_dag.py
[2022-11-09T03:59:28.450+0000] {processor.py:766} INFO - DAG(s) dict_keys(['example_trigger_controller_dag']) retrieved from /home/airflow/.local/lib/python3.7/site-packages/airflow/example_dags/example_trigger_controller_dag.py
[2022-11-09T03:59:28.475+0000] {logging_mixin.py:120} INFO - [2022-11-09T03:59:28.475+0000] {dag.py:2585} INFO - Sync 1 DAGs
[2022-11-09T03:59:28.488+0000] {logging_mixin.py:120} INFO - [2022-11-09T03:59:28.488+0000] {dag.py:3340} INFO - Setting next_dagrun for example_trigger_controller_dag to 2021-01-01T00:00:00+00:00, run_after=2021-01-01T00:00:00+00:00
[2022-11-09T03:59:28.497+0000] {processor.py:176} INFO - Processing /home/airflow/.local/lib/python3.7/site-packages/airflow/example_dags/example_trigger_controller_dag.py took 0.060 seconds
[2022-11-09T03:59:59.282+0000] {processor.py:154} INFO - Started process (PID=31551) to work on /home/airflow/.local/lib/python3.7/site-packages/airflow/example_dags/example_trigger_controller_dag.py
[2022-11-09T03:59:59.282+0000] {processor.py:756} INFO - Processing file /home/airflow/.local/lib/python3.7/site-packages/airflow/example_dags/example_trigger_controller_dag.py for tasks to queue
[2022-11-09T03:59:59.283+0000] {logging_mixin.py:120} INFO - [2022-11-09T03:59:59.283+0000] {dagbag.py:537} INFO - Filling up the DagBag from /home/airflow/.local/lib/python3.7/site-packages/airflow/example_dags/example_trigger_controller_dag.py
[2022-11-09T03:59:59.290+0000] {processor.py:766} INFO - DAG(s) dict_keys(['example_trigger_controller_dag']) retrieved from /home/airflow/.local/lib/python3.7/site-packages/airflow/example_dags/example_trigger_controller_dag.py
[2022-11-09T03:59:59.314+0000] {logging_mixin.py:120} INFO - [2022-11-09T03:59:59.314+0000] {dag.py:2585} INFO - Sync 1 DAGs
[2022-11-09T03:59:59.328+0000] {logging_mixin.py:120} INFO - [2022-11-09T03:59:59.328+0000] {dag.py:3340} INFO - Setting next_dagrun for example_trigger_controller_dag to 2021-01-01T00:00:00+00:00, run_after=2021-01-01T00:00:00+00:00
[2022-11-09T03:59:59.339+0000] {processor.py:176} INFO - Processing /home/airflow/.local/lib/python3.7/site-packages/airflow/example_dags/example_trigger_controller_dag.py took 0.059 seconds
[2022-11-09T04:00:30.158+0000] {processor.py:154} INFO - Started process (PID=31617) to work on /home/airflow/.local/lib/python3.7/site-packages/airflow/example_dags/example_trigger_controller_dag.py
[2022-11-09T04:00:30.158+0000] {processor.py:756} INFO - Processing file /home/airflow/.local/lib/python3.7/site-packages/airflow/example_dags/example_trigger_controller_dag.py for tasks to queue
[2022-11-09T04:00:30.159+0000] {logging_mixin.py:120} INFO - [2022-11-09T04:00:30.159+0000] {dagbag.py:537} INFO - Filling up the DagBag from /home/airflow/.local/lib/python3.7/site-packages/airflow/example_dags/example_trigger_controller_dag.py
[2022-11-09T04:00:30.167+0000] {processor.py:766} INFO - DAG(s) dict_keys(['example_trigger_controller_dag']) retrieved from /home/airflow/.local/lib/python3.7/site-packages/airflow/example_dags/example_trigger_controller_dag.py
[2022-11-09T04:00:30.189+0000] {logging_mixin.py:120} INFO - [2022-11-09T04:00:30.189+0000] {dag.py:2585} INFO - Sync 1 DAGs
[2022-11-09T04:00:30.202+0000] {logging_mixin.py:120} INFO - [2022-11-09T04:00:30.202+0000] {dag.py:3340} INFO - Setting next_dagrun for example_trigger_controller_dag to 2021-01-01T00:00:00+00:00, run_after=2021-01-01T00:00:00+00:00
[2022-11-09T04:00:30.215+0000] {processor.py:176} INFO - Processing /home/airflow/.local/lib/python3.7/site-packages/airflow/example_dags/example_trigger_controller_dag.py took 0.059 seconds
[2022-11-09T04:01:01.340+0000] {processor.py:154} INFO - Started process (PID=31682) to work on /home/airflow/.local/lib/python3.7/site-packages/airflow/example_dags/example_trigger_controller_dag.py
[2022-11-09T04:01:01.341+0000] {processor.py:756} INFO - Processing file /home/airflow/.local/lib/python3.7/site-packages/airflow/example_dags/example_trigger_controller_dag.py for tasks to queue
[2022-11-09T04:01:01.341+0000] {logging_mixin.py:120} INFO - [2022-11-09T04:01:01.341+0000] {dagbag.py:537} INFO - Filling up the DagBag from /home/airflow/.local/lib/python3.7/site-packages/airflow/example_dags/example_trigger_controller_dag.py
[2022-11-09T04:01:01.349+0000] {processor.py:766} INFO - DAG(s) dict_keys(['example_trigger_controller_dag']) retrieved from /home/airflow/.local/lib/python3.7/site-packages/airflow/example_dags/example_trigger_controller_dag.py
[2022-11-09T04:01:01.370+0000] {logging_mixin.py:120} INFO - [2022-11-09T04:01:01.370+0000] {dag.py:2585} INFO - Sync 1 DAGs
[2022-11-09T04:01:01.384+0000] {logging_mixin.py:120} INFO - [2022-11-09T04:01:01.384+0000] {dag.py:3340} INFO - Setting next_dagrun for example_trigger_controller_dag to 2021-01-01T00:00:00+00:00, run_after=2021-01-01T00:00:00+00:00
[2022-11-09T04:01:01.395+0000] {processor.py:176} INFO - Processing /home/airflow/.local/lib/python3.7/site-packages/airflow/example_dags/example_trigger_controller_dag.py took 0.057 seconds
[2022-11-09T04:01:31.497+0000] {processor.py:154} INFO - Started process (PID=31748) to work on /home/airflow/.local/lib/python3.7/site-packages/airflow/example_dags/example_trigger_controller_dag.py
[2022-11-09T04:01:31.497+0000] {processor.py:756} INFO - Processing file /home/airflow/.local/lib/python3.7/site-packages/airflow/example_dags/example_trigger_controller_dag.py for tasks to queue
[2022-11-09T04:01:31.498+0000] {logging_mixin.py:120} INFO - [2022-11-09T04:01:31.497+0000] {dagbag.py:537} INFO - Filling up the DagBag from /home/airflow/.local/lib/python3.7/site-packages/airflow/example_dags/example_trigger_controller_dag.py
[2022-11-09T04:01:31.505+0000] {processor.py:766} INFO - DAG(s) dict_keys(['example_trigger_controller_dag']) retrieved from /home/airflow/.local/lib/python3.7/site-packages/airflow/example_dags/example_trigger_controller_dag.py
[2022-11-09T04:01:31.529+0000] {logging_mixin.py:120} INFO - [2022-11-09T04:01:31.529+0000] {dag.py:2585} INFO - Sync 1 DAGs
[2022-11-09T04:01:31.543+0000] {logging_mixin.py:120} INFO - [2022-11-09T04:01:31.542+0000] {dag.py:3340} INFO - Setting next_dagrun for example_trigger_controller_dag to 2021-01-01T00:00:00+00:00, run_after=2021-01-01T00:00:00+00:00
[2022-11-09T04:01:31.554+0000] {processor.py:176} INFO - Processing /home/airflow/.local/lib/python3.7/site-packages/airflow/example_dags/example_trigger_controller_dag.py took 0.059 seconds
[2022-11-09T04:02:01.595+0000] {processor.py:154} INFO - Started process (PID=31818) to work on /home/airflow/.local/lib/python3.7/site-packages/airflow/example_dags/example_trigger_controller_dag.py
[2022-11-09T04:02:01.596+0000] {processor.py:756} INFO - Processing file /home/airflow/.local/lib/python3.7/site-packages/airflow/example_dags/example_trigger_controller_dag.py for tasks to queue
[2022-11-09T04:02:01.596+0000] {logging_mixin.py:120} INFO - [2022-11-09T04:02:01.596+0000] {dagbag.py:537} INFO - Filling up the DagBag from /home/airflow/.local/lib/python3.7/site-packages/airflow/example_dags/example_trigger_controller_dag.py
[2022-11-09T04:02:01.603+0000] {processor.py:766} INFO - DAG(s) dict_keys(['example_trigger_controller_dag']) retrieved from /home/airflow/.local/lib/python3.7/site-packages/airflow/example_dags/example_trigger_controller_dag.py
[2022-11-09T04:02:01.624+0000] {logging_mixin.py:120} INFO - [2022-11-09T04:02:01.624+0000] {dag.py:2585} INFO - Sync 1 DAGs
[2022-11-09T04:02:01.636+0000] {logging_mixin.py:120} INFO - [2022-11-09T04:02:01.636+0000] {dag.py:3340} INFO - Setting next_dagrun for example_trigger_controller_dag to 2021-01-01T00:00:00+00:00, run_after=2021-01-01T00:00:00+00:00
[2022-11-09T04:02:01.645+0000] {processor.py:176} INFO - Processing /home/airflow/.local/lib/python3.7/site-packages/airflow/example_dags/example_trigger_controller_dag.py took 0.051 seconds
[2022-11-09T04:02:31.769+0000] {processor.py:154} INFO - Started process (PID=31886) to work on /home/airflow/.local/lib/python3.7/site-packages/airflow/example_dags/example_trigger_controller_dag.py
[2022-11-09T04:02:31.770+0000] {processor.py:756} INFO - Processing file /home/airflow/.local/lib/python3.7/site-packages/airflow/example_dags/example_trigger_controller_dag.py for tasks to queue
[2022-11-09T04:02:31.770+0000] {logging_mixin.py:120} INFO - [2022-11-09T04:02:31.770+0000] {dagbag.py:537} INFO - Filling up the DagBag from /home/airflow/.local/lib/python3.7/site-packages/airflow/example_dags/example_trigger_controller_dag.py
[2022-11-09T04:02:31.777+0000] {processor.py:766} INFO - DAG(s) dict_keys(['example_trigger_controller_dag']) retrieved from /home/airflow/.local/lib/python3.7/site-packages/airflow/example_dags/example_trigger_controller_dag.py
[2022-11-09T04:02:31.802+0000] {logging_mixin.py:120} INFO - [2022-11-09T04:02:31.801+0000] {dag.py:2585} INFO - Sync 1 DAGs
[2022-11-09T04:02:31.817+0000] {logging_mixin.py:120} INFO - [2022-11-09T04:02:31.817+0000] {dag.py:3340} INFO - Setting next_dagrun for example_trigger_controller_dag to 2021-01-01T00:00:00+00:00, run_after=2021-01-01T00:00:00+00:00
[2022-11-09T04:02:31.831+0000] {processor.py:176} INFO - Processing /home/airflow/.local/lib/python3.7/site-packages/airflow/example_dags/example_trigger_controller_dag.py took 0.063 seconds
[2022-11-09T04:03:02.861+0000] {processor.py:154} INFO - Started process (PID=31951) to work on /home/airflow/.local/lib/python3.7/site-packages/airflow/example_dags/example_trigger_controller_dag.py
[2022-11-09T04:03:02.861+0000] {processor.py:756} INFO - Processing file /home/airflow/.local/lib/python3.7/site-packages/airflow/example_dags/example_trigger_controller_dag.py for tasks to queue
[2022-11-09T04:03:02.862+0000] {logging_mixin.py:120} INFO - [2022-11-09T04:03:02.862+0000] {dagbag.py:537} INFO - Filling up the DagBag from /home/airflow/.local/lib/python3.7/site-packages/airflow/example_dags/example_trigger_controller_dag.py
[2022-11-09T04:03:02.868+0000] {processor.py:766} INFO - DAG(s) dict_keys(['example_trigger_controller_dag']) retrieved from /home/airflow/.local/lib/python3.7/site-packages/airflow/example_dags/example_trigger_controller_dag.py
[2022-11-09T04:03:02.892+0000] {logging_mixin.py:120} INFO - [2022-11-09T04:03:02.892+0000] {dag.py:2585} INFO - Sync 1 DAGs
[2022-11-09T04:03:02.906+0000] {logging_mixin.py:120} INFO - [2022-11-09T04:03:02.906+0000] {dag.py:3340} INFO - Setting next_dagrun for example_trigger_controller_dag to 2021-01-01T00:00:00+00:00, run_after=2021-01-01T00:00:00+00:00
[2022-11-09T04:03:02.940+0000] {processor.py:176} INFO - Processing /home/airflow/.local/lib/python3.7/site-packages/airflow/example_dags/example_trigger_controller_dag.py took 0.081 seconds
[2022-11-09T04:03:33.110+0000] {processor.py:154} INFO - Started process (PID=32007) to work on /home/airflow/.local/lib/python3.7/site-packages/airflow/example_dags/example_trigger_controller_dag.py
[2022-11-09T04:03:33.111+0000] {processor.py:756} INFO - Processing file /home/airflow/.local/lib/python3.7/site-packages/airflow/example_dags/example_trigger_controller_dag.py for tasks to queue
[2022-11-09T04:03:33.111+0000] {logging_mixin.py:120} INFO - [2022-11-09T04:03:33.111+0000] {dagbag.py:537} INFO - Filling up the DagBag from /home/airflow/.local/lib/python3.7/site-packages/airflow/example_dags/example_trigger_controller_dag.py
[2022-11-09T04:03:33.118+0000] {processor.py:766} INFO - DAG(s) dict_keys(['example_trigger_controller_dag']) retrieved from /home/airflow/.local/lib/python3.7/site-packages/airflow/example_dags/example_trigger_controller_dag.py
[2022-11-09T04:03:33.142+0000] {logging_mixin.py:120} INFO - [2022-11-09T04:03:33.142+0000] {dag.py:2585} INFO - Sync 1 DAGs
[2022-11-09T04:03:33.155+0000] {logging_mixin.py:120} INFO - [2022-11-09T04:03:33.155+0000] {dag.py:3340} INFO - Setting next_dagrun for example_trigger_controller_dag to 2021-01-01T00:00:00+00:00, run_after=2021-01-01T00:00:00+00:00
[2022-11-09T04:03:33.166+0000] {processor.py:176} INFO - Processing /home/airflow/.local/lib/python3.7/site-packages/airflow/example_dags/example_trigger_controller_dag.py took 0.058 seconds
[2022-11-09T04:04:04.229+0000] {processor.py:154} INFO - Started process (PID=32076) to work on /home/airflow/.local/lib/python3.7/site-packages/airflow/example_dags/example_trigger_controller_dag.py
[2022-11-09T04:04:04.230+0000] {processor.py:756} INFO - Processing file /home/airflow/.local/lib/python3.7/site-packages/airflow/example_dags/example_trigger_controller_dag.py for tasks to queue
[2022-11-09T04:04:04.230+0000] {logging_mixin.py:120} INFO - [2022-11-09T04:04:04.230+0000] {dagbag.py:537} INFO - Filling up the DagBag from /home/airflow/.local/lib/python3.7/site-packages/airflow/example_dags/example_trigger_controller_dag.py
[2022-11-09T04:04:04.237+0000] {processor.py:766} INFO - DAG(s) dict_keys(['example_trigger_controller_dag']) retrieved from /home/airflow/.local/lib/python3.7/site-packages/airflow/example_dags/example_trigger_controller_dag.py
[2022-11-09T04:04:04.260+0000] {logging_mixin.py:120} INFO - [2022-11-09T04:04:04.260+0000] {dag.py:2585} INFO - Sync 1 DAGs
[2022-11-09T04:04:04.273+0000] {logging_mixin.py:120} INFO - [2022-11-09T04:04:04.273+0000] {dag.py:3340} INFO - Setting next_dagrun for example_trigger_controller_dag to 2021-01-01T00:00:00+00:00, run_after=2021-01-01T00:00:00+00:00
[2022-11-09T04:04:04.284+0000] {processor.py:176} INFO - Processing /home/airflow/.local/lib/python3.7/site-packages/airflow/example_dags/example_trigger_controller_dag.py took 0.057 seconds
[2022-11-09T04:04:35.307+0000] {processor.py:154} INFO - Started process (PID=32147) to work on /home/airflow/.local/lib/python3.7/site-packages/airflow/example_dags/example_trigger_controller_dag.py
[2022-11-09T04:04:35.307+0000] {processor.py:756} INFO - Processing file /home/airflow/.local/lib/python3.7/site-packages/airflow/example_dags/example_trigger_controller_dag.py for tasks to queue
[2022-11-09T04:04:35.308+0000] {logging_mixin.py:120} INFO - [2022-11-09T04:04:35.308+0000] {dagbag.py:537} INFO - Filling up the DagBag from /home/airflow/.local/lib/python3.7/site-packages/airflow/example_dags/example_trigger_controller_dag.py
[2022-11-09T04:04:35.315+0000] {processor.py:766} INFO - DAG(s) dict_keys(['example_trigger_controller_dag']) retrieved from /home/airflow/.local/lib/python3.7/site-packages/airflow/example_dags/example_trigger_controller_dag.py
[2022-11-09T04:04:35.337+0000] {logging_mixin.py:120} INFO - [2022-11-09T04:04:35.337+0000] {dag.py:2585} INFO - Sync 1 DAGs
[2022-11-09T04:04:35.352+0000] {logging_mixin.py:120} INFO - [2022-11-09T04:04:35.352+0000] {dag.py:3340} INFO - Setting next_dagrun for example_trigger_controller_dag to 2021-01-01T00:00:00+00:00, run_after=2021-01-01T00:00:00+00:00
[2022-11-09T04:04:35.363+0000] {processor.py:176} INFO - Processing /home/airflow/.local/lib/python3.7/site-packages/airflow/example_dags/example_trigger_controller_dag.py took 0.058 seconds
[2022-11-09T04:05:06.401+0000] {processor.py:154} INFO - Started process (PID=32214) to work on /home/airflow/.local/lib/python3.7/site-packages/airflow/example_dags/example_trigger_controller_dag.py
[2022-11-09T04:05:06.401+0000] {processor.py:756} INFO - Processing file /home/airflow/.local/lib/python3.7/site-packages/airflow/example_dags/example_trigger_controller_dag.py for tasks to queue
[2022-11-09T04:05:06.402+0000] {logging_mixin.py:120} INFO - [2022-11-09T04:05:06.402+0000] {dagbag.py:537} INFO - Filling up the DagBag from /home/airflow/.local/lib/python3.7/site-packages/airflow/example_dags/example_trigger_controller_dag.py
[2022-11-09T04:05:06.409+0000] {processor.py:766} INFO - DAG(s) dict_keys(['example_trigger_controller_dag']) retrieved from /home/airflow/.local/lib/python3.7/site-packages/airflow/example_dags/example_trigger_controller_dag.py
[2022-11-09T04:05:06.430+0000] {logging_mixin.py:120} INFO - [2022-11-09T04:05:06.430+0000] {dag.py:2585} INFO - Sync 1 DAGs
[2022-11-09T04:05:06.443+0000] {logging_mixin.py:120} INFO - [2022-11-09T04:05:06.443+0000] {dag.py:3340} INFO - Setting next_dagrun for example_trigger_controller_dag to 2021-01-01T00:00:00+00:00, run_after=2021-01-01T00:00:00+00:00
[2022-11-09T04:05:06.453+0000] {processor.py:176} INFO - Processing /home/airflow/.local/lib/python3.7/site-packages/airflow/example_dags/example_trigger_controller_dag.py took 0.054 seconds
[2022-11-09T04:05:37.267+0000] {processor.py:154} INFO - Started process (PID=32279) to work on /home/airflow/.local/lib/python3.7/site-packages/airflow/example_dags/example_trigger_controller_dag.py
[2022-11-09T04:05:37.268+0000] {processor.py:756} INFO - Processing file /home/airflow/.local/lib/python3.7/site-packages/airflow/example_dags/example_trigger_controller_dag.py for tasks to queue
[2022-11-09T04:05:37.268+0000] {logging_mixin.py:120} INFO - [2022-11-09T04:05:37.268+0000] {dagbag.py:537} INFO - Filling up the DagBag from /home/airflow/.local/lib/python3.7/site-packages/airflow/example_dags/example_trigger_controller_dag.py
[2022-11-09T04:05:37.275+0000] {processor.py:766} INFO - DAG(s) dict_keys(['example_trigger_controller_dag']) retrieved from /home/airflow/.local/lib/python3.7/site-packages/airflow/example_dags/example_trigger_controller_dag.py
[2022-11-09T04:05:37.298+0000] {logging_mixin.py:120} INFO - [2022-11-09T04:05:37.298+0000] {dag.py:2585} INFO - Sync 1 DAGs
[2022-11-09T04:05:37.311+0000] {logging_mixin.py:120} INFO - [2022-11-09T04:05:37.311+0000] {dag.py:3340} INFO - Setting next_dagrun for example_trigger_controller_dag to 2021-01-01T00:00:00+00:00, run_after=2021-01-01T00:00:00+00:00
[2022-11-09T04:05:37.320+0000] {processor.py:176} INFO - Processing /home/airflow/.local/lib/python3.7/site-packages/airflow/example_dags/example_trigger_controller_dag.py took 0.056 seconds
[2022-11-09T04:06:08.063+0000] {processor.py:154} INFO - Started process (PID=32344) to work on /home/airflow/.local/lib/python3.7/site-packages/airflow/example_dags/example_trigger_controller_dag.py
[2022-11-09T04:06:08.063+0000] {processor.py:756} INFO - Processing file /home/airflow/.local/lib/python3.7/site-packages/airflow/example_dags/example_trigger_controller_dag.py for tasks to queue
[2022-11-09T04:06:08.064+0000] {logging_mixin.py:120} INFO - [2022-11-09T04:06:08.064+0000] {dagbag.py:537} INFO - Filling up the DagBag from /home/airflow/.local/lib/python3.7/site-packages/airflow/example_dags/example_trigger_controller_dag.py
[2022-11-09T04:06:08.071+0000] {processor.py:766} INFO - DAG(s) dict_keys(['example_trigger_controller_dag']) retrieved from /home/airflow/.local/lib/python3.7/site-packages/airflow/example_dags/example_trigger_controller_dag.py
[2022-11-09T04:06:08.093+0000] {logging_mixin.py:120} INFO - [2022-11-09T04:06:08.093+0000] {dag.py:2585} INFO - Sync 1 DAGs
[2022-11-09T04:06:08.106+0000] {logging_mixin.py:120} INFO - [2022-11-09T04:06:08.106+0000] {dag.py:3340} INFO - Setting next_dagrun for example_trigger_controller_dag to 2021-01-01T00:00:00+00:00, run_after=2021-01-01T00:00:00+00:00
[2022-11-09T04:06:08.116+0000] {processor.py:176} INFO - Processing /home/airflow/.local/lib/python3.7/site-packages/airflow/example_dags/example_trigger_controller_dag.py took 0.055 seconds
[2022-11-09T04:06:38.931+0000] {processor.py:154} INFO - Started process (PID=32413) to work on /home/airflow/.local/lib/python3.7/site-packages/airflow/example_dags/example_trigger_controller_dag.py
[2022-11-09T04:06:38.932+0000] {processor.py:756} INFO - Processing file /home/airflow/.local/lib/python3.7/site-packages/airflow/example_dags/example_trigger_controller_dag.py for tasks to queue
[2022-11-09T04:06:38.932+0000] {logging_mixin.py:120} INFO - [2022-11-09T04:06:38.932+0000] {dagbag.py:537} INFO - Filling up the DagBag from /home/airflow/.local/lib/python3.7/site-packages/airflow/example_dags/example_trigger_controller_dag.py
[2022-11-09T04:06:38.939+0000] {processor.py:766} INFO - DAG(s) dict_keys(['example_trigger_controller_dag']) retrieved from /home/airflow/.local/lib/python3.7/site-packages/airflow/example_dags/example_trigger_controller_dag.py
[2022-11-09T04:06:38.962+0000] {logging_mixin.py:120} INFO - [2022-11-09T04:06:38.961+0000] {dag.py:2585} INFO - Sync 1 DAGs
[2022-11-09T04:06:38.975+0000] {logging_mixin.py:120} INFO - [2022-11-09T04:06:38.975+0000] {dag.py:3340} INFO - Setting next_dagrun for example_trigger_controller_dag to 2021-01-01T00:00:00+00:00, run_after=2021-01-01T00:00:00+00:00
[2022-11-09T04:06:38.986+0000] {processor.py:176} INFO - Processing /home/airflow/.local/lib/python3.7/site-packages/airflow/example_dags/example_trigger_controller_dag.py took 0.057 seconds
[2022-11-09T04:17:38.354+0000] {processor.py:154} INFO - Started process (PID=32472) to work on /home/airflow/.local/lib/python3.7/site-packages/airflow/example_dags/example_trigger_controller_dag.py
[2022-11-09T04:17:38.359+0000] {processor.py:756} INFO - Processing file /home/airflow/.local/lib/python3.7/site-packages/airflow/example_dags/example_trigger_controller_dag.py for tasks to queue
[2022-11-09T04:17:38.360+0000] {logging_mixin.py:120} INFO - [2022-11-09T04:17:38.360+0000] {dagbag.py:537} INFO - Filling up the DagBag from /home/airflow/.local/lib/python3.7/site-packages/airflow/example_dags/example_trigger_controller_dag.py
[2022-11-09T04:17:38.372+0000] {processor.py:766} INFO - DAG(s) dict_keys(['example_trigger_controller_dag']) retrieved from /home/airflow/.local/lib/python3.7/site-packages/airflow/example_dags/example_trigger_controller_dag.py
[2022-11-09T04:17:38.469+0000] {logging_mixin.py:120} INFO - [2022-11-09T04:17:38.469+0000] {dag.py:2585} INFO - Sync 1 DAGs
[2022-11-09T04:17:38.492+0000] {logging_mixin.py:120} INFO - [2022-11-09T04:17:38.492+0000] {dag.py:3340} INFO - Setting next_dagrun for example_trigger_controller_dag to 2021-01-01T00:00:00+00:00, run_after=2021-01-01T00:00:00+00:00
[2022-11-09T04:17:38.511+0000] {processor.py:176} INFO - Processing /home/airflow/.local/lib/python3.7/site-packages/airflow/example_dags/example_trigger_controller_dag.py took 0.160 seconds
[2022-11-09T04:18:08.644+0000] {processor.py:154} INFO - Started process (PID=32539) to work on /home/airflow/.local/lib/python3.7/site-packages/airflow/example_dags/example_trigger_controller_dag.py
[2022-11-09T04:18:08.644+0000] {processor.py:756} INFO - Processing file /home/airflow/.local/lib/python3.7/site-packages/airflow/example_dags/example_trigger_controller_dag.py for tasks to queue
[2022-11-09T04:18:08.645+0000] {logging_mixin.py:120} INFO - [2022-11-09T04:18:08.645+0000] {dagbag.py:537} INFO - Filling up the DagBag from /home/airflow/.local/lib/python3.7/site-packages/airflow/example_dags/example_trigger_controller_dag.py
[2022-11-09T04:18:08.651+0000] {processor.py:766} INFO - DAG(s) dict_keys(['example_trigger_controller_dag']) retrieved from /home/airflow/.local/lib/python3.7/site-packages/airflow/example_dags/example_trigger_controller_dag.py
[2022-11-09T04:18:08.672+0000] {logging_mixin.py:120} INFO - [2022-11-09T04:18:08.672+0000] {dag.py:2585} INFO - Sync 1 DAGs
[2022-11-09T04:18:08.684+0000] {logging_mixin.py:120} INFO - [2022-11-09T04:18:08.684+0000] {dag.py:3340} INFO - Setting next_dagrun for example_trigger_controller_dag to 2021-01-01T00:00:00+00:00, run_after=2021-01-01T00:00:00+00:00
[2022-11-09T04:18:08.693+0000] {processor.py:176} INFO - Processing /home/airflow/.local/lib/python3.7/site-packages/airflow/example_dags/example_trigger_controller_dag.py took 0.051 seconds
[2022-11-09T04:18:39.718+0000] {processor.py:154} INFO - Started process (PID=32606) to work on /home/airflow/.local/lib/python3.7/site-packages/airflow/example_dags/example_trigger_controller_dag.py
[2022-11-09T04:18:39.719+0000] {processor.py:756} INFO - Processing file /home/airflow/.local/lib/python3.7/site-packages/airflow/example_dags/example_trigger_controller_dag.py for tasks to queue
[2022-11-09T04:18:39.719+0000] {logging_mixin.py:120} INFO - [2022-11-09T04:18:39.719+0000] {dagbag.py:537} INFO - Filling up the DagBag from /home/airflow/.local/lib/python3.7/site-packages/airflow/example_dags/example_trigger_controller_dag.py
[2022-11-09T04:18:39.726+0000] {processor.py:766} INFO - DAG(s) dict_keys(['example_trigger_controller_dag']) retrieved from /home/airflow/.local/lib/python3.7/site-packages/airflow/example_dags/example_trigger_controller_dag.py
[2022-11-09T04:18:39.749+0000] {logging_mixin.py:120} INFO - [2022-11-09T04:18:39.748+0000] {dag.py:2585} INFO - Sync 1 DAGs
[2022-11-09T04:18:39.761+0000] {logging_mixin.py:120} INFO - [2022-11-09T04:18:39.761+0000] {dag.py:3340} INFO - Setting next_dagrun for example_trigger_controller_dag to 2021-01-01T00:00:00+00:00, run_after=2021-01-01T00:00:00+00:00
[2022-11-09T04:18:39.769+0000] {processor.py:176} INFO - Processing /home/airflow/.local/lib/python3.7/site-packages/airflow/example_dags/example_trigger_controller_dag.py took 0.053 seconds
[2022-11-09T04:19:10.726+0000] {processor.py:154} INFO - Started process (PID=32672) to work on /home/airflow/.local/lib/python3.7/site-packages/airflow/example_dags/example_trigger_controller_dag.py
[2022-11-09T04:19:10.727+0000] {processor.py:756} INFO - Processing file /home/airflow/.local/lib/python3.7/site-packages/airflow/example_dags/example_trigger_controller_dag.py for tasks to queue
[2022-11-09T04:19:10.728+0000] {logging_mixin.py:120} INFO - [2022-11-09T04:19:10.728+0000] {dagbag.py:537} INFO - Filling up the DagBag from /home/airflow/.local/lib/python3.7/site-packages/airflow/example_dags/example_trigger_controller_dag.py
[2022-11-09T04:19:10.735+0000] {processor.py:766} INFO - DAG(s) dict_keys(['example_trigger_controller_dag']) retrieved from /home/airflow/.local/lib/python3.7/site-packages/airflow/example_dags/example_trigger_controller_dag.py
[2022-11-09T04:19:10.759+0000] {logging_mixin.py:120} INFO - [2022-11-09T04:19:10.759+0000] {dag.py:2585} INFO - Sync 1 DAGs
[2022-11-09T04:19:10.774+0000] {logging_mixin.py:120} INFO - [2022-11-09T04:19:10.774+0000] {dag.py:3340} INFO - Setting next_dagrun for example_trigger_controller_dag to 2021-01-01T00:00:00+00:00, run_after=2021-01-01T00:00:00+00:00
[2022-11-09T04:19:10.786+0000] {processor.py:176} INFO - Processing /home/airflow/.local/lib/python3.7/site-packages/airflow/example_dags/example_trigger_controller_dag.py took 0.061 seconds
[2022-11-09T04:19:41.631+0000] {processor.py:154} INFO - Started process (PID=32739) to work on /home/airflow/.local/lib/python3.7/site-packages/airflow/example_dags/example_trigger_controller_dag.py
[2022-11-09T04:19:41.632+0000] {processor.py:756} INFO - Processing file /home/airflow/.local/lib/python3.7/site-packages/airflow/example_dags/example_trigger_controller_dag.py for tasks to queue
[2022-11-09T04:19:41.633+0000] {logging_mixin.py:120} INFO - [2022-11-09T04:19:41.632+0000] {dagbag.py:537} INFO - Filling up the DagBag from /home/airflow/.local/lib/python3.7/site-packages/airflow/example_dags/example_trigger_controller_dag.py
[2022-11-09T04:19:41.640+0000] {processor.py:766} INFO - DAG(s) dict_keys(['example_trigger_controller_dag']) retrieved from /home/airflow/.local/lib/python3.7/site-packages/airflow/example_dags/example_trigger_controller_dag.py
[2022-11-09T04:19:41.663+0000] {logging_mixin.py:120} INFO - [2022-11-09T04:19:41.663+0000] {dag.py:2585} INFO - Sync 1 DAGs
[2022-11-09T04:19:41.677+0000] {logging_mixin.py:120} INFO - [2022-11-09T04:19:41.677+0000] {dag.py:3340} INFO - Setting next_dagrun for example_trigger_controller_dag to 2021-01-01T00:00:00+00:00, run_after=2021-01-01T00:00:00+00:00
[2022-11-09T04:19:41.689+0000] {processor.py:176} INFO - Processing /home/airflow/.local/lib/python3.7/site-packages/airflow/example_dags/example_trigger_controller_dag.py took 0.059 seconds
