[2022-11-09T00:12:01.178+0000] {processor.py:154} INFO - Started process (PID=30708) to work on /home/airflow/.local/lib/python3.7/site-packages/airflow/example_dags/example_external_task_marker_dag.py
[2022-11-09T00:12:01.187+0000] {processor.py:756} INFO - Processing file /home/airflow/.local/lib/python3.7/site-packages/airflow/example_dags/example_external_task_marker_dag.py for tasks to queue
[2022-11-09T00:12:01.188+0000] {logging_mixin.py:120} INFO - [2022-11-09T00:12:01.188+0000] {dagbag.py:537} INFO - Filling up the DagBag from /home/airflow/.local/lib/python3.7/site-packages/airflow/example_dags/example_external_task_marker_dag.py
[2022-11-09T00:12:01.205+0000] {processor.py:766} INFO - DAG(s) dict_keys(['example_external_task_marker_parent', 'example_external_task_marker_child']) retrieved from /home/airflow/.local/lib/python3.7/site-packages/airflow/example_dags/example_external_task_marker_dag.py
[2022-11-09T00:12:01.390+0000] {logging_mixin.py:120} INFO - [2022-11-09T00:12:01.390+0000] {dag.py:2585} INFO - Sync 2 DAGs
[2022-11-09T00:12:01.426+0000] {logging_mixin.py:120} INFO - [2022-11-09T00:12:01.426+0000] {dag.py:3340} INFO - Setting next_dagrun for example_external_task_marker_child to None, run_after=None
[2022-11-09T00:12:01.428+0000] {logging_mixin.py:120} INFO - [2022-11-09T00:12:01.428+0000] {dag.py:3340} INFO - Setting next_dagrun for example_external_task_marker_parent to None, run_after=None
[2022-11-09T00:12:01.464+0000] {processor.py:176} INFO - Processing /home/airflow/.local/lib/python3.7/site-packages/airflow/example_dags/example_external_task_marker_dag.py took 0.292 seconds
[2022-11-09T00:27:34.418+0000] {processor.py:154} INFO - Started process (PID=30755) to work on /home/airflow/.local/lib/python3.7/site-packages/airflow/example_dags/example_external_task_marker_dag.py
[2022-11-09T00:27:34.419+0000] {processor.py:756} INFO - Processing file /home/airflow/.local/lib/python3.7/site-packages/airflow/example_dags/example_external_task_marker_dag.py for tasks to queue
[2022-11-09T00:27:34.419+0000] {logging_mixin.py:120} INFO - [2022-11-09T00:27:34.419+0000] {dagbag.py:537} INFO - Filling up the DagBag from /home/airflow/.local/lib/python3.7/site-packages/airflow/example_dags/example_external_task_marker_dag.py
[2022-11-09T00:27:34.429+0000] {processor.py:766} INFO - DAG(s) dict_keys(['example_external_task_marker_parent', 'example_external_task_marker_child']) retrieved from /home/airflow/.local/lib/python3.7/site-packages/airflow/example_dags/example_external_task_marker_dag.py
[2022-11-09T00:27:34.588+0000] {logging_mixin.py:120} INFO - [2022-11-09T00:27:34.588+0000] {dag.py:2585} INFO - Sync 2 DAGs
[2022-11-09T00:27:34.610+0000] {logging_mixin.py:120} INFO - [2022-11-09T00:27:34.610+0000] {dag.py:3340} INFO - Setting next_dagrun for example_external_task_marker_child to None, run_after=None
[2022-11-09T00:27:34.613+0000] {logging_mixin.py:120} INFO - [2022-11-09T00:27:34.613+0000] {dag.py:3340} INFO - Setting next_dagrun for example_external_task_marker_parent to None, run_after=None
[2022-11-09T00:27:34.650+0000] {processor.py:176} INFO - Processing /home/airflow/.local/lib/python3.7/site-packages/airflow/example_dags/example_external_task_marker_dag.py took 0.236 seconds
[2022-11-09T01:00:48.665+0000] {processor.py:154} INFO - Started process (PID=30805) to work on /home/airflow/.local/lib/python3.7/site-packages/airflow/example_dags/example_external_task_marker_dag.py
[2022-11-09T01:00:48.673+0000] {processor.py:756} INFO - Processing file /home/airflow/.local/lib/python3.7/site-packages/airflow/example_dags/example_external_task_marker_dag.py for tasks to queue
[2022-11-09T01:00:48.673+0000] {logging_mixin.py:120} INFO - [2022-11-09T01:00:48.673+0000] {dagbag.py:537} INFO - Filling up the DagBag from /home/airflow/.local/lib/python3.7/site-packages/airflow/example_dags/example_external_task_marker_dag.py
[2022-11-09T01:00:48.680+0000] {processor.py:766} INFO - DAG(s) dict_keys(['example_external_task_marker_parent', 'example_external_task_marker_child']) retrieved from /home/airflow/.local/lib/python3.7/site-packages/airflow/example_dags/example_external_task_marker_dag.py
[2022-11-09T01:00:48.790+0000] {logging_mixin.py:120} INFO - [2022-11-09T01:00:48.790+0000] {dag.py:2585} INFO - Sync 2 DAGs
[2022-11-09T01:00:48.807+0000] {logging_mixin.py:120} INFO - [2022-11-09T01:00:48.807+0000] {dag.py:3340} INFO - Setting next_dagrun for example_external_task_marker_child to None, run_after=None
[2022-11-09T01:00:48.810+0000] {logging_mixin.py:120} INFO - [2022-11-09T01:00:48.810+0000] {dag.py:3340} INFO - Setting next_dagrun for example_external_task_marker_parent to None, run_after=None
[2022-11-09T01:00:48.830+0000] {processor.py:176} INFO - Processing /home/airflow/.local/lib/python3.7/site-packages/airflow/example_dags/example_external_task_marker_dag.py took 0.167 seconds
[2022-11-09T01:34:44.435+0000] {processor.py:154} INFO - Started process (PID=30853) to work on /home/airflow/.local/lib/python3.7/site-packages/airflow/example_dags/example_external_task_marker_dag.py
[2022-11-09T01:34:44.436+0000] {processor.py:756} INFO - Processing file /home/airflow/.local/lib/python3.7/site-packages/airflow/example_dags/example_external_task_marker_dag.py for tasks to queue
[2022-11-09T01:34:44.437+0000] {logging_mixin.py:120} INFO - [2022-11-09T01:34:44.437+0000] {dagbag.py:537} INFO - Filling up the DagBag from /home/airflow/.local/lib/python3.7/site-packages/airflow/example_dags/example_external_task_marker_dag.py
[2022-11-09T01:34:44.445+0000] {processor.py:766} INFO - DAG(s) dict_keys(['example_external_task_marker_child', 'example_external_task_marker_parent']) retrieved from /home/airflow/.local/lib/python3.7/site-packages/airflow/example_dags/example_external_task_marker_dag.py
[2022-11-09T01:34:44.636+0000] {logging_mixin.py:120} INFO - [2022-11-09T01:34:44.636+0000] {dag.py:2585} INFO - Sync 2 DAGs
[2022-11-09T01:34:44.651+0000] {logging_mixin.py:120} INFO - [2022-11-09T01:34:44.651+0000] {dag.py:3340} INFO - Setting next_dagrun for example_external_task_marker_child to None, run_after=None
[2022-11-09T01:34:44.653+0000] {logging_mixin.py:120} INFO - [2022-11-09T01:34:44.653+0000] {dag.py:3340} INFO - Setting next_dagrun for example_external_task_marker_parent to None, run_after=None
[2022-11-09T01:34:44.674+0000] {processor.py:176} INFO - Processing /home/airflow/.local/lib/python3.7/site-packages/airflow/example_dags/example_external_task_marker_dag.py took 0.242 seconds
[2022-11-09T01:50:24.568+0000] {processor.py:154} INFO - Started process (PID=30900) to work on /home/airflow/.local/lib/python3.7/site-packages/airflow/example_dags/example_external_task_marker_dag.py
[2022-11-09T01:50:24.569+0000] {processor.py:756} INFO - Processing file /home/airflow/.local/lib/python3.7/site-packages/airflow/example_dags/example_external_task_marker_dag.py for tasks to queue
[2022-11-09T01:50:24.570+0000] {logging_mixin.py:120} INFO - [2022-11-09T01:50:24.569+0000] {dagbag.py:537} INFO - Filling up the DagBag from /home/airflow/.local/lib/python3.7/site-packages/airflow/example_dags/example_external_task_marker_dag.py
[2022-11-09T01:50:24.577+0000] {processor.py:766} INFO - DAG(s) dict_keys(['example_external_task_marker_parent', 'example_external_task_marker_child']) retrieved from /home/airflow/.local/lib/python3.7/site-packages/airflow/example_dags/example_external_task_marker_dag.py
[2022-11-09T01:50:24.691+0000] {logging_mixin.py:120} INFO - [2022-11-09T01:50:24.691+0000] {dag.py:2585} INFO - Sync 2 DAGs
[2022-11-09T01:50:24.705+0000] {logging_mixin.py:120} INFO - [2022-11-09T01:50:24.705+0000] {dag.py:3340} INFO - Setting next_dagrun for example_external_task_marker_child to None, run_after=None
[2022-11-09T01:50:24.707+0000] {logging_mixin.py:120} INFO - [2022-11-09T01:50:24.707+0000] {dag.py:3340} INFO - Setting next_dagrun for example_external_task_marker_parent to None, run_after=None
[2022-11-09T01:50:24.718+0000] {processor.py:176} INFO - Processing /home/airflow/.local/lib/python3.7/site-packages/airflow/example_dags/example_external_task_marker_dag.py took 0.151 seconds
[2022-11-09T01:55:23.773+0000] {processor.py:154} INFO - Started process (PID=30948) to work on /home/airflow/.local/lib/python3.7/site-packages/airflow/example_dags/example_external_task_marker_dag.py
[2022-11-09T01:55:23.773+0000] {processor.py:756} INFO - Processing file /home/airflow/.local/lib/python3.7/site-packages/airflow/example_dags/example_external_task_marker_dag.py for tasks to queue
[2022-11-09T01:55:23.774+0000] {logging_mixin.py:120} INFO - [2022-11-09T01:55:23.774+0000] {dagbag.py:537} INFO - Filling up the DagBag from /home/airflow/.local/lib/python3.7/site-packages/airflow/example_dags/example_external_task_marker_dag.py
[2022-11-09T01:55:23.787+0000] {processor.py:766} INFO - DAG(s) dict_keys(['example_external_task_marker_parent', 'example_external_task_marker_child']) retrieved from /home/airflow/.local/lib/python3.7/site-packages/airflow/example_dags/example_external_task_marker_dag.py
[2022-11-09T01:55:23.901+0000] {logging_mixin.py:120} INFO - [2022-11-09T01:55:23.901+0000] {dag.py:2585} INFO - Sync 2 DAGs
[2022-11-09T01:55:23.925+0000] {logging_mixin.py:120} INFO - [2022-11-09T01:55:23.925+0000] {dag.py:3340} INFO - Setting next_dagrun for example_external_task_marker_child to None, run_after=None
[2022-11-09T01:55:23.927+0000] {logging_mixin.py:120} INFO - [2022-11-09T01:55:23.927+0000] {dag.py:3340} INFO - Setting next_dagrun for example_external_task_marker_parent to None, run_after=None
[2022-11-09T01:55:23.951+0000] {processor.py:176} INFO - Processing /home/airflow/.local/lib/python3.7/site-packages/airflow/example_dags/example_external_task_marker_dag.py took 0.181 seconds
[2022-11-09T02:10:49.254+0000] {processor.py:154} INFO - Started process (PID=30995) to work on /home/airflow/.local/lib/python3.7/site-packages/airflow/example_dags/example_external_task_marker_dag.py
[2022-11-09T02:10:49.254+0000] {processor.py:756} INFO - Processing file /home/airflow/.local/lib/python3.7/site-packages/airflow/example_dags/example_external_task_marker_dag.py for tasks to queue
[2022-11-09T02:10:49.255+0000] {logging_mixin.py:120} INFO - [2022-11-09T02:10:49.255+0000] {dagbag.py:537} INFO - Filling up the DagBag from /home/airflow/.local/lib/python3.7/site-packages/airflow/example_dags/example_external_task_marker_dag.py
[2022-11-09T02:10:49.264+0000] {processor.py:766} INFO - DAG(s) dict_keys(['example_external_task_marker_child', 'example_external_task_marker_parent']) retrieved from /home/airflow/.local/lib/python3.7/site-packages/airflow/example_dags/example_external_task_marker_dag.py
[2022-11-09T02:10:49.441+0000] {logging_mixin.py:120} INFO - [2022-11-09T02:10:49.441+0000] {dag.py:2585} INFO - Sync 2 DAGs
[2022-11-09T02:10:49.462+0000] {logging_mixin.py:120} INFO - [2022-11-09T02:10:49.462+0000] {dag.py:3340} INFO - Setting next_dagrun for example_external_task_marker_child to None, run_after=None
[2022-11-09T02:10:49.472+0000] {logging_mixin.py:120} INFO - [2022-11-09T02:10:49.472+0000] {dag.py:3340} INFO - Setting next_dagrun for example_external_task_marker_parent to None, run_after=None
[2022-11-09T02:10:49.496+0000] {processor.py:176} INFO - Processing /home/airflow/.local/lib/python3.7/site-packages/airflow/example_dags/example_external_task_marker_dag.py took 0.245 seconds
[2022-11-09T02:26:23.743+0000] {processor.py:154} INFO - Started process (PID=31042) to work on /home/airflow/.local/lib/python3.7/site-packages/airflow/example_dags/example_external_task_marker_dag.py
[2022-11-09T02:26:23.745+0000] {processor.py:756} INFO - Processing file /home/airflow/.local/lib/python3.7/site-packages/airflow/example_dags/example_external_task_marker_dag.py for tasks to queue
[2022-11-09T02:26:23.747+0000] {logging_mixin.py:120} INFO - [2022-11-09T02:26:23.747+0000] {dagbag.py:537} INFO - Filling up the DagBag from /home/airflow/.local/lib/python3.7/site-packages/airflow/example_dags/example_external_task_marker_dag.py
[2022-11-09T02:26:23.758+0000] {processor.py:766} INFO - DAG(s) dict_keys(['example_external_task_marker_parent', 'example_external_task_marker_child']) retrieved from /home/airflow/.local/lib/python3.7/site-packages/airflow/example_dags/example_external_task_marker_dag.py
[2022-11-09T02:26:23.946+0000] {logging_mixin.py:120} INFO - [2022-11-09T02:26:23.946+0000] {dag.py:2585} INFO - Sync 2 DAGs
[2022-11-09T02:26:23.980+0000] {logging_mixin.py:120} INFO - [2022-11-09T02:26:23.979+0000] {dag.py:3340} INFO - Setting next_dagrun for example_external_task_marker_child to None, run_after=None
[2022-11-09T02:26:23.997+0000] {logging_mixin.py:120} INFO - [2022-11-09T02:26:23.997+0000] {dag.py:3340} INFO - Setting next_dagrun for example_external_task_marker_parent to None, run_after=None
[2022-11-09T02:26:24.016+0000] {processor.py:176} INFO - Processing /home/airflow/.local/lib/python3.7/site-packages/airflow/example_dags/example_external_task_marker_dag.py took 0.275 seconds
[2022-11-09T02:44:01.495+0000] {processor.py:154} INFO - Started process (PID=31090) to work on /home/airflow/.local/lib/python3.7/site-packages/airflow/example_dags/example_external_task_marker_dag.py
[2022-11-09T02:44:01.496+0000] {processor.py:756} INFO - Processing file /home/airflow/.local/lib/python3.7/site-packages/airflow/example_dags/example_external_task_marker_dag.py for tasks to queue
[2022-11-09T02:44:01.496+0000] {logging_mixin.py:120} INFO - [2022-11-09T02:44:01.496+0000] {dagbag.py:537} INFO - Filling up the DagBag from /home/airflow/.local/lib/python3.7/site-packages/airflow/example_dags/example_external_task_marker_dag.py
[2022-11-09T02:44:01.507+0000] {processor.py:766} INFO - DAG(s) dict_keys(['example_external_task_marker_child', 'example_external_task_marker_parent']) retrieved from /home/airflow/.local/lib/python3.7/site-packages/airflow/example_dags/example_external_task_marker_dag.py
[2022-11-09T02:44:01.674+0000] {logging_mixin.py:120} INFO - [2022-11-09T02:44:01.674+0000] {dag.py:2585} INFO - Sync 2 DAGs
[2022-11-09T02:44:01.698+0000] {logging_mixin.py:120} INFO - [2022-11-09T02:44:01.698+0000] {dag.py:3340} INFO - Setting next_dagrun for example_external_task_marker_child to None, run_after=None
[2022-11-09T02:44:01.700+0000] {logging_mixin.py:120} INFO - [2022-11-09T02:44:01.700+0000] {dag.py:3340} INFO - Setting next_dagrun for example_external_task_marker_parent to None, run_after=None
[2022-11-09T02:44:01.720+0000] {processor.py:176} INFO - Processing /home/airflow/.local/lib/python3.7/site-packages/airflow/example_dags/example_external_task_marker_dag.py took 0.229 seconds
[2022-11-09T03:01:03.092+0000] {processor.py:154} INFO - Started process (PID=31149) to work on /home/airflow/.local/lib/python3.7/site-packages/airflow/example_dags/example_external_task_marker_dag.py
[2022-11-09T03:01:03.093+0000] {processor.py:756} INFO - Processing file /home/airflow/.local/lib/python3.7/site-packages/airflow/example_dags/example_external_task_marker_dag.py for tasks to queue
[2022-11-09T03:01:03.094+0000] {logging_mixin.py:120} INFO - [2022-11-09T03:01:03.093+0000] {dagbag.py:537} INFO - Filling up the DagBag from /home/airflow/.local/lib/python3.7/site-packages/airflow/example_dags/example_external_task_marker_dag.py
[2022-11-09T03:01:03.100+0000] {processor.py:766} INFO - DAG(s) dict_keys(['example_external_task_marker_child', 'example_external_task_marker_parent']) retrieved from /home/airflow/.local/lib/python3.7/site-packages/airflow/example_dags/example_external_task_marker_dag.py
[2022-11-09T03:01:03.200+0000] {logging_mixin.py:120} INFO - [2022-11-09T03:01:03.200+0000] {dag.py:2585} INFO - Sync 2 DAGs
[2022-11-09T03:01:03.213+0000] {logging_mixin.py:120} INFO - [2022-11-09T03:01:03.213+0000] {dag.py:3340} INFO - Setting next_dagrun for example_external_task_marker_child to None, run_after=None
[2022-11-09T03:01:03.215+0000] {logging_mixin.py:120} INFO - [2022-11-09T03:01:03.215+0000] {dag.py:3340} INFO - Setting next_dagrun for example_external_task_marker_parent to None, run_after=None
[2022-11-09T03:01:03.226+0000] {processor.py:176} INFO - Processing /home/airflow/.local/lib/python3.7/site-packages/airflow/example_dags/example_external_task_marker_dag.py took 0.136 seconds
[2022-11-09T03:03:52.636+0000] {processor.py:154} INFO - Started process (PID=31214) to work on /home/airflow/.local/lib/python3.7/site-packages/airflow/example_dags/example_external_task_marker_dag.py
[2022-11-09T03:03:52.637+0000] {processor.py:756} INFO - Processing file /home/airflow/.local/lib/python3.7/site-packages/airflow/example_dags/example_external_task_marker_dag.py for tasks to queue
[2022-11-09T03:03:52.637+0000] {logging_mixin.py:120} INFO - [2022-11-09T03:03:52.637+0000] {dagbag.py:537} INFO - Filling up the DagBag from /home/airflow/.local/lib/python3.7/site-packages/airflow/example_dags/example_external_task_marker_dag.py
[2022-11-09T03:03:52.647+0000] {processor.py:766} INFO - DAG(s) dict_keys(['example_external_task_marker_child', 'example_external_task_marker_parent']) retrieved from /home/airflow/.local/lib/python3.7/site-packages/airflow/example_dags/example_external_task_marker_dag.py
[2022-11-09T03:03:52.758+0000] {logging_mixin.py:120} INFO - [2022-11-09T03:03:52.758+0000] {dag.py:2585} INFO - Sync 2 DAGs
[2022-11-09T03:03:52.777+0000] {logging_mixin.py:120} INFO - [2022-11-09T03:03:52.777+0000] {dag.py:3340} INFO - Setting next_dagrun for example_external_task_marker_child to None, run_after=None
[2022-11-09T03:03:52.780+0000] {logging_mixin.py:120} INFO - [2022-11-09T03:03:52.780+0000] {dag.py:3340} INFO - Setting next_dagrun for example_external_task_marker_parent to None, run_after=None
[2022-11-09T03:03:52.827+0000] {processor.py:176} INFO - Processing /home/airflow/.local/lib/python3.7/site-packages/airflow/example_dags/example_external_task_marker_dag.py took 0.194 seconds
[2022-11-09T03:19:28.623+0000] {processor.py:154} INFO - Started process (PID=31261) to work on /home/airflow/.local/lib/python3.7/site-packages/airflow/example_dags/example_external_task_marker_dag.py
[2022-11-09T03:19:28.627+0000] {processor.py:756} INFO - Processing file /home/airflow/.local/lib/python3.7/site-packages/airflow/example_dags/example_external_task_marker_dag.py for tasks to queue
[2022-11-09T03:19:28.628+0000] {logging_mixin.py:120} INFO - [2022-11-09T03:19:28.628+0000] {dagbag.py:537} INFO - Filling up the DagBag from /home/airflow/.local/lib/python3.7/site-packages/airflow/example_dags/example_external_task_marker_dag.py
[2022-11-09T03:19:28.641+0000] {processor.py:766} INFO - DAG(s) dict_keys(['example_external_task_marker_parent', 'example_external_task_marker_child']) retrieved from /home/airflow/.local/lib/python3.7/site-packages/airflow/example_dags/example_external_task_marker_dag.py
[2022-11-09T03:19:28.758+0000] {logging_mixin.py:120} INFO - [2022-11-09T03:19:28.758+0000] {dag.py:2585} INFO - Sync 2 DAGs
[2022-11-09T03:19:28.773+0000] {logging_mixin.py:120} INFO - [2022-11-09T03:19:28.772+0000] {dag.py:3340} INFO - Setting next_dagrun for example_external_task_marker_child to None, run_after=None
[2022-11-09T03:19:28.779+0000] {logging_mixin.py:120} INFO - [2022-11-09T03:19:28.779+0000] {dag.py:3340} INFO - Setting next_dagrun for example_external_task_marker_parent to None, run_after=None
[2022-11-09T03:19:28.790+0000] {processor.py:176} INFO - Processing /home/airflow/.local/lib/python3.7/site-packages/airflow/example_dags/example_external_task_marker_dag.py took 0.168 seconds
[2022-11-09T03:35:52.306+0000] {processor.py:154} INFO - Started process (PID=31319) to work on /home/airflow/.local/lib/python3.7/site-packages/airflow/example_dags/example_external_task_marker_dag.py
[2022-11-09T03:35:52.307+0000] {processor.py:756} INFO - Processing file /home/airflow/.local/lib/python3.7/site-packages/airflow/example_dags/example_external_task_marker_dag.py for tasks to queue
[2022-11-09T03:35:52.308+0000] {logging_mixin.py:120} INFO - [2022-11-09T03:35:52.307+0000] {dagbag.py:537} INFO - Filling up the DagBag from /home/airflow/.local/lib/python3.7/site-packages/airflow/example_dags/example_external_task_marker_dag.py
[2022-11-09T03:35:52.321+0000] {processor.py:766} INFO - DAG(s) dict_keys(['example_external_task_marker_parent', 'example_external_task_marker_child']) retrieved from /home/airflow/.local/lib/python3.7/site-packages/airflow/example_dags/example_external_task_marker_dag.py
[2022-11-09T03:35:52.434+0000] {logging_mixin.py:120} INFO - [2022-11-09T03:35:52.434+0000] {dag.py:2585} INFO - Sync 2 DAGs
[2022-11-09T03:35:52.455+0000] {logging_mixin.py:120} INFO - [2022-11-09T03:35:52.455+0000] {dag.py:3340} INFO - Setting next_dagrun for example_external_task_marker_child to None, run_after=None
[2022-11-09T03:35:52.462+0000] {logging_mixin.py:120} INFO - [2022-11-09T03:35:52.461+0000] {dag.py:3340} INFO - Setting next_dagrun for example_external_task_marker_parent to None, run_after=None
[2022-11-09T03:35:52.480+0000] {processor.py:176} INFO - Processing /home/airflow/.local/lib/python3.7/site-packages/airflow/example_dags/example_external_task_marker_dag.py took 0.176 seconds
[2022-11-09T03:58:28.449+0000] {processor.py:154} INFO - Started process (PID=31366) to work on /home/airflow/.local/lib/python3.7/site-packages/airflow/example_dags/example_external_task_marker_dag.py
[2022-11-09T03:58:28.450+0000] {processor.py:756} INFO - Processing file /home/airflow/.local/lib/python3.7/site-packages/airflow/example_dags/example_external_task_marker_dag.py for tasks to queue
[2022-11-09T03:58:28.451+0000] {logging_mixin.py:120} INFO - [2022-11-09T03:58:28.451+0000] {dagbag.py:537} INFO - Filling up the DagBag from /home/airflow/.local/lib/python3.7/site-packages/airflow/example_dags/example_external_task_marker_dag.py
[2022-11-09T03:58:28.459+0000] {processor.py:766} INFO - DAG(s) dict_keys(['example_external_task_marker_parent', 'example_external_task_marker_child']) retrieved from /home/airflow/.local/lib/python3.7/site-packages/airflow/example_dags/example_external_task_marker_dag.py
[2022-11-09T03:58:28.620+0000] {logging_mixin.py:120} INFO - [2022-11-09T03:58:28.620+0000] {dag.py:2585} INFO - Sync 2 DAGs
[2022-11-09T03:58:28.640+0000] {logging_mixin.py:120} INFO - [2022-11-09T03:58:28.639+0000] {dag.py:3340} INFO - Setting next_dagrun for example_external_task_marker_child to None, run_after=None
[2022-11-09T03:58:28.643+0000] {logging_mixin.py:120} INFO - [2022-11-09T03:58:28.643+0000] {dag.py:3340} INFO - Setting next_dagrun for example_external_task_marker_parent to None, run_after=None
[2022-11-09T03:58:28.652+0000] {processor.py:176} INFO - Processing /home/airflow/.local/lib/python3.7/site-packages/airflow/example_dags/example_external_task_marker_dag.py took 0.206 seconds
[2022-11-09T03:58:59.064+0000] {processor.py:154} INFO - Started process (PID=31436) to work on /home/airflow/.local/lib/python3.7/site-packages/airflow/example_dags/example_external_task_marker_dag.py
[2022-11-09T03:58:59.065+0000] {processor.py:756} INFO - Processing file /home/airflow/.local/lib/python3.7/site-packages/airflow/example_dags/example_external_task_marker_dag.py for tasks to queue
[2022-11-09T03:58:59.065+0000] {logging_mixin.py:120} INFO - [2022-11-09T03:58:59.065+0000] {dagbag.py:537} INFO - Filling up the DagBag from /home/airflow/.local/lib/python3.7/site-packages/airflow/example_dags/example_external_task_marker_dag.py
[2022-11-09T03:58:59.074+0000] {processor.py:766} INFO - DAG(s) dict_keys(['example_external_task_marker_child', 'example_external_task_marker_parent']) retrieved from /home/airflow/.local/lib/python3.7/site-packages/airflow/example_dags/example_external_task_marker_dag.py
[2022-11-09T03:58:59.168+0000] {logging_mixin.py:120} INFO - [2022-11-09T03:58:59.167+0000] {dag.py:2585} INFO - Sync 2 DAGs
[2022-11-09T03:58:59.181+0000] {logging_mixin.py:120} INFO - [2022-11-09T03:58:59.181+0000] {dag.py:3340} INFO - Setting next_dagrun for example_external_task_marker_child to None, run_after=None
[2022-11-09T03:58:59.183+0000] {logging_mixin.py:120} INFO - [2022-11-09T03:58:59.183+0000] {dag.py:3340} INFO - Setting next_dagrun for example_external_task_marker_parent to None, run_after=None
[2022-11-09T03:58:59.194+0000] {processor.py:176} INFO - Processing /home/airflow/.local/lib/python3.7/site-packages/airflow/example_dags/example_external_task_marker_dag.py took 0.133 seconds
[2022-11-09T03:59:30.032+0000] {processor.py:154} INFO - Started process (PID=31508) to work on /home/airflow/.local/lib/python3.7/site-packages/airflow/example_dags/example_external_task_marker_dag.py
[2022-11-09T03:59:30.033+0000] {processor.py:756} INFO - Processing file /home/airflow/.local/lib/python3.7/site-packages/airflow/example_dags/example_external_task_marker_dag.py for tasks to queue
[2022-11-09T03:59:30.033+0000] {logging_mixin.py:120} INFO - [2022-11-09T03:59:30.033+0000] {dagbag.py:537} INFO - Filling up the DagBag from /home/airflow/.local/lib/python3.7/site-packages/airflow/example_dags/example_external_task_marker_dag.py
[2022-11-09T03:59:30.041+0000] {processor.py:766} INFO - DAG(s) dict_keys(['example_external_task_marker_child', 'example_external_task_marker_parent']) retrieved from /home/airflow/.local/lib/python3.7/site-packages/airflow/example_dags/example_external_task_marker_dag.py
[2022-11-09T03:59:30.132+0000] {logging_mixin.py:120} INFO - [2022-11-09T03:59:30.132+0000] {dag.py:2585} INFO - Sync 2 DAGs
[2022-11-09T03:59:30.144+0000] {logging_mixin.py:120} INFO - [2022-11-09T03:59:30.144+0000] {dag.py:3340} INFO - Setting next_dagrun for example_external_task_marker_child to None, run_after=None
[2022-11-09T03:59:30.146+0000] {logging_mixin.py:120} INFO - [2022-11-09T03:59:30.146+0000] {dag.py:3340} INFO - Setting next_dagrun for example_external_task_marker_parent to None, run_after=None
[2022-11-09T03:59:30.157+0000] {processor.py:176} INFO - Processing /home/airflow/.local/lib/python3.7/site-packages/airflow/example_dags/example_external_task_marker_dag.py took 0.127 seconds
[2022-11-09T04:00:00.921+0000] {processor.py:154} INFO - Started process (PID=31574) to work on /home/airflow/.local/lib/python3.7/site-packages/airflow/example_dags/example_external_task_marker_dag.py
[2022-11-09T04:00:00.922+0000] {processor.py:756} INFO - Processing file /home/airflow/.local/lib/python3.7/site-packages/airflow/example_dags/example_external_task_marker_dag.py for tasks to queue
[2022-11-09T04:00:00.922+0000] {logging_mixin.py:120} INFO - [2022-11-09T04:00:00.922+0000] {dagbag.py:537} INFO - Filling up the DagBag from /home/airflow/.local/lib/python3.7/site-packages/airflow/example_dags/example_external_task_marker_dag.py
[2022-11-09T04:00:00.930+0000] {processor.py:766} INFO - DAG(s) dict_keys(['example_external_task_marker_child', 'example_external_task_marker_parent']) retrieved from /home/airflow/.local/lib/python3.7/site-packages/airflow/example_dags/example_external_task_marker_dag.py
[2022-11-09T04:00:01.022+0000] {logging_mixin.py:120} INFO - [2022-11-09T04:00:01.022+0000] {dag.py:2585} INFO - Sync 2 DAGs
[2022-11-09T04:00:01.037+0000] {logging_mixin.py:120} INFO - [2022-11-09T04:00:01.037+0000] {dag.py:3340} INFO - Setting next_dagrun for example_external_task_marker_child to None, run_after=None
[2022-11-09T04:00:01.038+0000] {logging_mixin.py:120} INFO - [2022-11-09T04:00:01.038+0000] {dag.py:3340} INFO - Setting next_dagrun for example_external_task_marker_parent to None, run_after=None
[2022-11-09T04:00:01.047+0000] {processor.py:176} INFO - Processing /home/airflow/.local/lib/python3.7/site-packages/airflow/example_dags/example_external_task_marker_dag.py took 0.128 seconds
[2022-11-09T04:00:31.801+0000] {processor.py:154} INFO - Started process (PID=31631) to work on /home/airflow/.local/lib/python3.7/site-packages/airflow/example_dags/example_external_task_marker_dag.py
[2022-11-09T04:00:31.802+0000] {processor.py:756} INFO - Processing file /home/airflow/.local/lib/python3.7/site-packages/airflow/example_dags/example_external_task_marker_dag.py for tasks to queue
[2022-11-09T04:00:31.802+0000] {logging_mixin.py:120} INFO - [2022-11-09T04:00:31.802+0000] {dagbag.py:537} INFO - Filling up the DagBag from /home/airflow/.local/lib/python3.7/site-packages/airflow/example_dags/example_external_task_marker_dag.py
[2022-11-09T04:00:31.810+0000] {processor.py:766} INFO - DAG(s) dict_keys(['example_external_task_marker_parent', 'example_external_task_marker_child']) retrieved from /home/airflow/.local/lib/python3.7/site-packages/airflow/example_dags/example_external_task_marker_dag.py
[2022-11-09T04:00:31.901+0000] {logging_mixin.py:120} INFO - [2022-11-09T04:00:31.901+0000] {dag.py:2585} INFO - Sync 2 DAGs
[2022-11-09T04:00:31.913+0000] {logging_mixin.py:120} INFO - [2022-11-09T04:00:31.913+0000] {dag.py:3340} INFO - Setting next_dagrun for example_external_task_marker_child to None, run_after=None
[2022-11-09T04:00:31.915+0000] {logging_mixin.py:120} INFO - [2022-11-09T04:00:31.915+0000] {dag.py:3340} INFO - Setting next_dagrun for example_external_task_marker_parent to None, run_after=None
[2022-11-09T04:00:31.923+0000] {processor.py:176} INFO - Processing /home/airflow/.local/lib/python3.7/site-packages/airflow/example_dags/example_external_task_marker_dag.py took 0.124 seconds
[2022-11-09T04:01:02.029+0000] {processor.py:154} INFO - Started process (PID=31696) to work on /home/airflow/.local/lib/python3.7/site-packages/airflow/example_dags/example_external_task_marker_dag.py
[2022-11-09T04:01:02.029+0000] {processor.py:756} INFO - Processing file /home/airflow/.local/lib/python3.7/site-packages/airflow/example_dags/example_external_task_marker_dag.py for tasks to queue
[2022-11-09T04:01:02.030+0000] {logging_mixin.py:120} INFO - [2022-11-09T04:01:02.030+0000] {dagbag.py:537} INFO - Filling up the DagBag from /home/airflow/.local/lib/python3.7/site-packages/airflow/example_dags/example_external_task_marker_dag.py
[2022-11-09T04:01:02.038+0000] {processor.py:766} INFO - DAG(s) dict_keys(['example_external_task_marker_child', 'example_external_task_marker_parent']) retrieved from /home/airflow/.local/lib/python3.7/site-packages/airflow/example_dags/example_external_task_marker_dag.py
[2022-11-09T04:01:02.133+0000] {logging_mixin.py:120} INFO - [2022-11-09T04:01:02.132+0000] {dag.py:2585} INFO - Sync 2 DAGs
[2022-11-09T04:01:02.146+0000] {logging_mixin.py:120} INFO - [2022-11-09T04:01:02.146+0000] {dag.py:3340} INFO - Setting next_dagrun for example_external_task_marker_child to None, run_after=None
[2022-11-09T04:01:02.148+0000] {logging_mixin.py:120} INFO - [2022-11-09T04:01:02.148+0000] {dag.py:3340} INFO - Setting next_dagrun for example_external_task_marker_parent to None, run_after=None
[2022-11-09T04:01:02.158+0000] {processor.py:176} INFO - Processing /home/airflow/.local/lib/python3.7/site-packages/airflow/example_dags/example_external_task_marker_dag.py took 0.132 seconds
[2022-11-09T04:01:32.204+0000] {processor.py:154} INFO - Started process (PID=31763) to work on /home/airflow/.local/lib/python3.7/site-packages/airflow/example_dags/example_external_task_marker_dag.py
[2022-11-09T04:01:32.205+0000] {processor.py:756} INFO - Processing file /home/airflow/.local/lib/python3.7/site-packages/airflow/example_dags/example_external_task_marker_dag.py for tasks to queue
[2022-11-09T04:01:32.205+0000] {logging_mixin.py:120} INFO - [2022-11-09T04:01:32.205+0000] {dagbag.py:537} INFO - Filling up the DagBag from /home/airflow/.local/lib/python3.7/site-packages/airflow/example_dags/example_external_task_marker_dag.py
[2022-11-09T04:01:32.213+0000] {processor.py:766} INFO - DAG(s) dict_keys(['example_external_task_marker_parent', 'example_external_task_marker_child']) retrieved from /home/airflow/.local/lib/python3.7/site-packages/airflow/example_dags/example_external_task_marker_dag.py
[2022-11-09T04:01:32.302+0000] {logging_mixin.py:120} INFO - [2022-11-09T04:01:32.302+0000] {dag.py:2585} INFO - Sync 2 DAGs
[2022-11-09T04:01:32.315+0000] {logging_mixin.py:120} INFO - [2022-11-09T04:01:32.315+0000] {dag.py:3340} INFO - Setting next_dagrun for example_external_task_marker_child to None, run_after=None
[2022-11-09T04:01:32.319+0000] {logging_mixin.py:120} INFO - [2022-11-09T04:01:32.319+0000] {dag.py:3340} INFO - Setting next_dagrun for example_external_task_marker_parent to None, run_after=None
[2022-11-09T04:01:32.329+0000] {processor.py:176} INFO - Processing /home/airflow/.local/lib/python3.7/site-packages/airflow/example_dags/example_external_task_marker_dag.py took 0.126 seconds
[2022-11-09T04:02:02.464+0000] {processor.py:154} INFO - Started process (PID=31833) to work on /home/airflow/.local/lib/python3.7/site-packages/airflow/example_dags/example_external_task_marker_dag.py
[2022-11-09T04:02:02.465+0000] {processor.py:756} INFO - Processing file /home/airflow/.local/lib/python3.7/site-packages/airflow/example_dags/example_external_task_marker_dag.py for tasks to queue
[2022-11-09T04:02:02.466+0000] {logging_mixin.py:120} INFO - [2022-11-09T04:02:02.466+0000] {dagbag.py:537} INFO - Filling up the DagBag from /home/airflow/.local/lib/python3.7/site-packages/airflow/example_dags/example_external_task_marker_dag.py
[2022-11-09T04:02:02.474+0000] {processor.py:766} INFO - DAG(s) dict_keys(['example_external_task_marker_child', 'example_external_task_marker_parent']) retrieved from /home/airflow/.local/lib/python3.7/site-packages/airflow/example_dags/example_external_task_marker_dag.py
[2022-11-09T04:02:02.570+0000] {logging_mixin.py:120} INFO - [2022-11-09T04:02:02.570+0000] {dag.py:2585} INFO - Sync 2 DAGs
[2022-11-09T04:02:02.584+0000] {logging_mixin.py:120} INFO - [2022-11-09T04:02:02.584+0000] {dag.py:3340} INFO - Setting next_dagrun for example_external_task_marker_child to None, run_after=None
[2022-11-09T04:02:02.586+0000] {logging_mixin.py:120} INFO - [2022-11-09T04:02:02.586+0000] {dag.py:3340} INFO - Setting next_dagrun for example_external_task_marker_parent to None, run_after=None
[2022-11-09T04:02:02.596+0000] {processor.py:176} INFO - Processing /home/airflow/.local/lib/python3.7/site-packages/airflow/example_dags/example_external_task_marker_dag.py took 0.133 seconds
[2022-11-09T04:02:32.641+0000] {processor.py:154} INFO - Started process (PID=31902) to work on /home/airflow/.local/lib/python3.7/site-packages/airflow/example_dags/example_external_task_marker_dag.py
[2022-11-09T04:02:32.642+0000] {processor.py:756} INFO - Processing file /home/airflow/.local/lib/python3.7/site-packages/airflow/example_dags/example_external_task_marker_dag.py for tasks to queue
[2022-11-09T04:02:32.642+0000] {logging_mixin.py:120} INFO - [2022-11-09T04:02:32.642+0000] {dagbag.py:537} INFO - Filling up the DagBag from /home/airflow/.local/lib/python3.7/site-packages/airflow/example_dags/example_external_task_marker_dag.py
[2022-11-09T04:02:32.651+0000] {processor.py:766} INFO - DAG(s) dict_keys(['example_external_task_marker_child', 'example_external_task_marker_parent']) retrieved from /home/airflow/.local/lib/python3.7/site-packages/airflow/example_dags/example_external_task_marker_dag.py
[2022-11-09T04:02:32.742+0000] {logging_mixin.py:120} INFO - [2022-11-09T04:02:32.742+0000] {dag.py:2585} INFO - Sync 2 DAGs
[2022-11-09T04:02:32.756+0000] {logging_mixin.py:120} INFO - [2022-11-09T04:02:32.756+0000] {dag.py:3340} INFO - Setting next_dagrun for example_external_task_marker_child to None, run_after=None
[2022-11-09T04:02:32.758+0000] {logging_mixin.py:120} INFO - [2022-11-09T04:02:32.758+0000] {dag.py:3340} INFO - Setting next_dagrun for example_external_task_marker_parent to None, run_after=None
[2022-11-09T04:02:32.768+0000] {processor.py:176} INFO - Processing /home/airflow/.local/lib/python3.7/site-packages/airflow/example_dags/example_external_task_marker_dag.py took 0.129 seconds
[2022-11-09T04:03:03.641+0000] {processor.py:154} INFO - Started process (PID=31965) to work on /home/airflow/.local/lib/python3.7/site-packages/airflow/example_dags/example_external_task_marker_dag.py
[2022-11-09T04:03:03.642+0000] {processor.py:756} INFO - Processing file /home/airflow/.local/lib/python3.7/site-packages/airflow/example_dags/example_external_task_marker_dag.py for tasks to queue
[2022-11-09T04:03:03.642+0000] {logging_mixin.py:120} INFO - [2022-11-09T04:03:03.642+0000] {dagbag.py:537} INFO - Filling up the DagBag from /home/airflow/.local/lib/python3.7/site-packages/airflow/example_dags/example_external_task_marker_dag.py
[2022-11-09T04:03:03.651+0000] {processor.py:766} INFO - DAG(s) dict_keys(['example_external_task_marker_parent', 'example_external_task_marker_child']) retrieved from /home/airflow/.local/lib/python3.7/site-packages/airflow/example_dags/example_external_task_marker_dag.py
[2022-11-09T04:03:03.743+0000] {logging_mixin.py:120} INFO - [2022-11-09T04:03:03.743+0000] {dag.py:2585} INFO - Sync 2 DAGs
[2022-11-09T04:03:03.757+0000] {logging_mixin.py:120} INFO - [2022-11-09T04:03:03.757+0000] {dag.py:3340} INFO - Setting next_dagrun for example_external_task_marker_child to None, run_after=None
[2022-11-09T04:03:03.759+0000] {logging_mixin.py:120} INFO - [2022-11-09T04:03:03.759+0000] {dag.py:3340} INFO - Setting next_dagrun for example_external_task_marker_parent to None, run_after=None
[2022-11-09T04:03:03.769+0000] {processor.py:176} INFO - Processing /home/airflow/.local/lib/python3.7/site-packages/airflow/example_dags/example_external_task_marker_dag.py took 0.130 seconds
[2022-11-09T04:03:33.825+0000] {processor.py:154} INFO - Started process (PID=32022) to work on /home/airflow/.local/lib/python3.7/site-packages/airflow/example_dags/example_external_task_marker_dag.py
[2022-11-09T04:03:33.825+0000] {processor.py:756} INFO - Processing file /home/airflow/.local/lib/python3.7/site-packages/airflow/example_dags/example_external_task_marker_dag.py for tasks to queue
[2022-11-09T04:03:33.825+0000] {logging_mixin.py:120} INFO - [2022-11-09T04:03:33.825+0000] {dagbag.py:537} INFO - Filling up the DagBag from /home/airflow/.local/lib/python3.7/site-packages/airflow/example_dags/example_external_task_marker_dag.py
[2022-11-09T04:03:33.833+0000] {processor.py:766} INFO - DAG(s) dict_keys(['example_external_task_marker_parent', 'example_external_task_marker_child']) retrieved from /home/airflow/.local/lib/python3.7/site-packages/airflow/example_dags/example_external_task_marker_dag.py
[2022-11-09T04:03:33.923+0000] {logging_mixin.py:120} INFO - [2022-11-09T04:03:33.923+0000] {dag.py:2585} INFO - Sync 2 DAGs
[2022-11-09T04:03:33.937+0000] {logging_mixin.py:120} INFO - [2022-11-09T04:03:33.937+0000] {dag.py:3340} INFO - Setting next_dagrun for example_external_task_marker_child to None, run_after=None
[2022-11-09T04:03:33.939+0000] {logging_mixin.py:120} INFO - [2022-11-09T04:03:33.939+0000] {dag.py:3340} INFO - Setting next_dagrun for example_external_task_marker_parent to None, run_after=None
[2022-11-09T04:03:33.948+0000] {processor.py:176} INFO - Processing /home/airflow/.local/lib/python3.7/site-packages/airflow/example_dags/example_external_task_marker_dag.py took 0.125 seconds
[2022-11-09T04:04:04.953+0000] {processor.py:154} INFO - Started process (PID=32090) to work on /home/airflow/.local/lib/python3.7/site-packages/airflow/example_dags/example_external_task_marker_dag.py
[2022-11-09T04:04:04.954+0000] {processor.py:756} INFO - Processing file /home/airflow/.local/lib/python3.7/site-packages/airflow/example_dags/example_external_task_marker_dag.py for tasks to queue
[2022-11-09T04:04:04.955+0000] {logging_mixin.py:120} INFO - [2022-11-09T04:04:04.955+0000] {dagbag.py:537} INFO - Filling up the DagBag from /home/airflow/.local/lib/python3.7/site-packages/airflow/example_dags/example_external_task_marker_dag.py
[2022-11-09T04:04:04.966+0000] {processor.py:766} INFO - DAG(s) dict_keys(['example_external_task_marker_child', 'example_external_task_marker_parent']) retrieved from /home/airflow/.local/lib/python3.7/site-packages/airflow/example_dags/example_external_task_marker_dag.py
[2022-11-09T04:04:05.059+0000] {logging_mixin.py:120} INFO - [2022-11-09T04:04:05.059+0000] {dag.py:2585} INFO - Sync 2 DAGs
[2022-11-09T04:04:05.073+0000] {logging_mixin.py:120} INFO - [2022-11-09T04:04:05.073+0000] {dag.py:3340} INFO - Setting next_dagrun for example_external_task_marker_child to None, run_after=None
[2022-11-09T04:04:05.075+0000] {logging_mixin.py:120} INFO - [2022-11-09T04:04:05.075+0000] {dag.py:3340} INFO - Setting next_dagrun for example_external_task_marker_parent to None, run_after=None
[2022-11-09T04:04:05.084+0000] {processor.py:176} INFO - Processing /home/airflow/.local/lib/python3.7/site-packages/airflow/example_dags/example_external_task_marker_dag.py took 0.133 seconds
[2022-11-09T04:04:35.954+0000] {processor.py:154} INFO - Started process (PID=32161) to work on /home/airflow/.local/lib/python3.7/site-packages/airflow/example_dags/example_external_task_marker_dag.py
[2022-11-09T04:04:35.955+0000] {processor.py:756} INFO - Processing file /home/airflow/.local/lib/python3.7/site-packages/airflow/example_dags/example_external_task_marker_dag.py for tasks to queue
[2022-11-09T04:04:35.955+0000] {logging_mixin.py:120} INFO - [2022-11-09T04:04:35.955+0000] {dagbag.py:537} INFO - Filling up the DagBag from /home/airflow/.local/lib/python3.7/site-packages/airflow/example_dags/example_external_task_marker_dag.py
[2022-11-09T04:04:35.964+0000] {processor.py:766} INFO - DAG(s) dict_keys(['example_external_task_marker_child', 'example_external_task_marker_parent']) retrieved from /home/airflow/.local/lib/python3.7/site-packages/airflow/example_dags/example_external_task_marker_dag.py
[2022-11-09T04:04:36.056+0000] {logging_mixin.py:120} INFO - [2022-11-09T04:04:36.056+0000] {dag.py:2585} INFO - Sync 2 DAGs
[2022-11-09T04:04:36.069+0000] {logging_mixin.py:120} INFO - [2022-11-09T04:04:36.069+0000] {dag.py:3340} INFO - Setting next_dagrun for example_external_task_marker_child to None, run_after=None
[2022-11-09T04:04:36.071+0000] {logging_mixin.py:120} INFO - [2022-11-09T04:04:36.070+0000] {dag.py:3340} INFO - Setting next_dagrun for example_external_task_marker_parent to None, run_after=None
[2022-11-09T04:04:36.081+0000] {processor.py:176} INFO - Processing /home/airflow/.local/lib/python3.7/site-packages/airflow/example_dags/example_external_task_marker_dag.py took 0.129 seconds
[2022-11-09T04:05:06.968+0000] {processor.py:154} INFO - Started process (PID=32228) to work on /home/airflow/.local/lib/python3.7/site-packages/airflow/example_dags/example_external_task_marker_dag.py
[2022-11-09T04:05:06.968+0000] {processor.py:756} INFO - Processing file /home/airflow/.local/lib/python3.7/site-packages/airflow/example_dags/example_external_task_marker_dag.py for tasks to queue
[2022-11-09T04:05:06.968+0000] {logging_mixin.py:120} INFO - [2022-11-09T04:05:06.968+0000] {dagbag.py:537} INFO - Filling up the DagBag from /home/airflow/.local/lib/python3.7/site-packages/airflow/example_dags/example_external_task_marker_dag.py
[2022-11-09T04:05:06.976+0000] {processor.py:766} INFO - DAG(s) dict_keys(['example_external_task_marker_parent', 'example_external_task_marker_child']) retrieved from /home/airflow/.local/lib/python3.7/site-packages/airflow/example_dags/example_external_task_marker_dag.py
[2022-11-09T04:05:07.066+0000] {logging_mixin.py:120} INFO - [2022-11-09T04:05:07.066+0000] {dag.py:2585} INFO - Sync 2 DAGs
[2022-11-09T04:05:07.078+0000] {logging_mixin.py:120} INFO - [2022-11-09T04:05:07.078+0000] {dag.py:3340} INFO - Setting next_dagrun for example_external_task_marker_child to None, run_after=None
[2022-11-09T04:05:07.081+0000] {logging_mixin.py:120} INFO - [2022-11-09T04:05:07.081+0000] {dag.py:3340} INFO - Setting next_dagrun for example_external_task_marker_parent to None, run_after=None
[2022-11-09T04:05:07.091+0000] {processor.py:176} INFO - Processing /home/airflow/.local/lib/python3.7/site-packages/airflow/example_dags/example_external_task_marker_dag.py took 0.125 seconds
[2022-11-09T04:05:37.849+0000] {processor.py:154} INFO - Started process (PID=32293) to work on /home/airflow/.local/lib/python3.7/site-packages/airflow/example_dags/example_external_task_marker_dag.py
[2022-11-09T04:05:37.850+0000] {processor.py:756} INFO - Processing file /home/airflow/.local/lib/python3.7/site-packages/airflow/example_dags/example_external_task_marker_dag.py for tasks to queue
[2022-11-09T04:05:37.850+0000] {logging_mixin.py:120} INFO - [2022-11-09T04:05:37.850+0000] {dagbag.py:537} INFO - Filling up the DagBag from /home/airflow/.local/lib/python3.7/site-packages/airflow/example_dags/example_external_task_marker_dag.py
[2022-11-09T04:05:37.859+0000] {processor.py:766} INFO - DAG(s) dict_keys(['example_external_task_marker_child', 'example_external_task_marker_parent']) retrieved from /home/airflow/.local/lib/python3.7/site-packages/airflow/example_dags/example_external_task_marker_dag.py
[2022-11-09T04:05:37.949+0000] {logging_mixin.py:120} INFO - [2022-11-09T04:05:37.949+0000] {dag.py:2585} INFO - Sync 2 DAGs
[2022-11-09T04:05:37.962+0000] {logging_mixin.py:120} INFO - [2022-11-09T04:05:37.961+0000] {dag.py:3340} INFO - Setting next_dagrun for example_external_task_marker_child to None, run_after=None
[2022-11-09T04:05:37.963+0000] {logging_mixin.py:120} INFO - [2022-11-09T04:05:37.963+0000] {dag.py:3340} INFO - Setting next_dagrun for example_external_task_marker_parent to None, run_after=None
[2022-11-09T04:05:37.972+0000] {processor.py:176} INFO - Processing /home/airflow/.local/lib/python3.7/site-packages/airflow/example_dags/example_external_task_marker_dag.py took 0.124 seconds
[2022-11-09T04:06:08.667+0000] {processor.py:154} INFO - Started process (PID=32358) to work on /home/airflow/.local/lib/python3.7/site-packages/airflow/example_dags/example_external_task_marker_dag.py
[2022-11-09T04:06:08.668+0000] {processor.py:756} INFO - Processing file /home/airflow/.local/lib/python3.7/site-packages/airflow/example_dags/example_external_task_marker_dag.py for tasks to queue
[2022-11-09T04:06:08.668+0000] {logging_mixin.py:120} INFO - [2022-11-09T04:06:08.668+0000] {dagbag.py:537} INFO - Filling up the DagBag from /home/airflow/.local/lib/python3.7/site-packages/airflow/example_dags/example_external_task_marker_dag.py
[2022-11-09T04:06:08.676+0000] {processor.py:766} INFO - DAG(s) dict_keys(['example_external_task_marker_parent', 'example_external_task_marker_child']) retrieved from /home/airflow/.local/lib/python3.7/site-packages/airflow/example_dags/example_external_task_marker_dag.py
[2022-11-09T04:06:08.773+0000] {logging_mixin.py:120} INFO - [2022-11-09T04:06:08.773+0000] {dag.py:2585} INFO - Sync 2 DAGs
[2022-11-09T04:06:08.787+0000] {logging_mixin.py:120} INFO - [2022-11-09T04:06:08.787+0000] {dag.py:3340} INFO - Setting next_dagrun for example_external_task_marker_child to None, run_after=None
[2022-11-09T04:06:08.788+0000] {logging_mixin.py:120} INFO - [2022-11-09T04:06:08.788+0000] {dag.py:3340} INFO - Setting next_dagrun for example_external_task_marker_parent to None, run_after=None
[2022-11-09T04:06:08.797+0000] {processor.py:176} INFO - Processing /home/airflow/.local/lib/python3.7/site-packages/airflow/example_dags/example_external_task_marker_dag.py took 0.133 seconds
[2022-11-09T04:06:39.528+0000] {processor.py:154} INFO - Started process (PID=32427) to work on /home/airflow/.local/lib/python3.7/site-packages/airflow/example_dags/example_external_task_marker_dag.py
[2022-11-09T04:06:39.528+0000] {processor.py:756} INFO - Processing file /home/airflow/.local/lib/python3.7/site-packages/airflow/example_dags/example_external_task_marker_dag.py for tasks to queue
[2022-11-09T04:06:39.529+0000] {logging_mixin.py:120} INFO - [2022-11-09T04:06:39.529+0000] {dagbag.py:537} INFO - Filling up the DagBag from /home/airflow/.local/lib/python3.7/site-packages/airflow/example_dags/example_external_task_marker_dag.py
[2022-11-09T04:06:39.537+0000] {processor.py:766} INFO - DAG(s) dict_keys(['example_external_task_marker_child', 'example_external_task_marker_parent']) retrieved from /home/airflow/.local/lib/python3.7/site-packages/airflow/example_dags/example_external_task_marker_dag.py
[2022-11-09T04:06:39.627+0000] {logging_mixin.py:120} INFO - [2022-11-09T04:06:39.627+0000] {dag.py:2585} INFO - Sync 2 DAGs
[2022-11-09T04:06:39.639+0000] {logging_mixin.py:120} INFO - [2022-11-09T04:06:39.639+0000] {dag.py:3340} INFO - Setting next_dagrun for example_external_task_marker_child to None, run_after=None
[2022-11-09T04:06:39.642+0000] {logging_mixin.py:120} INFO - [2022-11-09T04:06:39.642+0000] {dag.py:3340} INFO - Setting next_dagrun for example_external_task_marker_parent to None, run_after=None
[2022-11-09T04:06:39.652+0000] {processor.py:176} INFO - Processing /home/airflow/.local/lib/python3.7/site-packages/airflow/example_dags/example_external_task_marker_dag.py took 0.126 seconds
[2022-11-09T04:17:39.699+0000] {processor.py:154} INFO - Started process (PID=32486) to work on /home/airflow/.local/lib/python3.7/site-packages/airflow/example_dags/example_external_task_marker_dag.py
[2022-11-09T04:17:39.709+0000] {processor.py:756} INFO - Processing file /home/airflow/.local/lib/python3.7/site-packages/airflow/example_dags/example_external_task_marker_dag.py for tasks to queue
[2022-11-09T04:17:39.710+0000] {logging_mixin.py:120} INFO - [2022-11-09T04:17:39.710+0000] {dagbag.py:537} INFO - Filling up the DagBag from /home/airflow/.local/lib/python3.7/site-packages/airflow/example_dags/example_external_task_marker_dag.py
[2022-11-09T04:17:39.727+0000] {processor.py:766} INFO - DAG(s) dict_keys(['example_external_task_marker_child', 'example_external_task_marker_parent']) retrieved from /home/airflow/.local/lib/python3.7/site-packages/airflow/example_dags/example_external_task_marker_dag.py
[2022-11-09T04:17:39.975+0000] {logging_mixin.py:120} INFO - [2022-11-09T04:17:39.975+0000] {dag.py:2585} INFO - Sync 2 DAGs
[2022-11-09T04:17:40.007+0000] {logging_mixin.py:120} INFO - [2022-11-09T04:17:40.007+0000] {dag.py:3340} INFO - Setting next_dagrun for example_external_task_marker_child to None, run_after=None
[2022-11-09T04:17:40.013+0000] {logging_mixin.py:120} INFO - [2022-11-09T04:17:40.013+0000] {dag.py:3340} INFO - Setting next_dagrun for example_external_task_marker_parent to None, run_after=None
[2022-11-09T04:17:40.032+0000] {processor.py:176} INFO - Processing /home/airflow/.local/lib/python3.7/site-packages/airflow/example_dags/example_external_task_marker_dag.py took 0.336 seconds
[2022-11-09T04:18:10.286+0000] {processor.py:154} INFO - Started process (PID=32553) to work on /home/airflow/.local/lib/python3.7/site-packages/airflow/example_dags/example_external_task_marker_dag.py
[2022-11-09T04:18:10.287+0000] {processor.py:756} INFO - Processing file /home/airflow/.local/lib/python3.7/site-packages/airflow/example_dags/example_external_task_marker_dag.py for tasks to queue
[2022-11-09T04:18:10.287+0000] {logging_mixin.py:120} INFO - [2022-11-09T04:18:10.287+0000] {dagbag.py:537} INFO - Filling up the DagBag from /home/airflow/.local/lib/python3.7/site-packages/airflow/example_dags/example_external_task_marker_dag.py
[2022-11-09T04:18:10.296+0000] {processor.py:766} INFO - DAG(s) dict_keys(['example_external_task_marker_child', 'example_external_task_marker_parent']) retrieved from /home/airflow/.local/lib/python3.7/site-packages/airflow/example_dags/example_external_task_marker_dag.py
[2022-11-09T04:18:10.387+0000] {logging_mixin.py:120} INFO - [2022-11-09T04:18:10.387+0000] {dag.py:2585} INFO - Sync 2 DAGs
[2022-11-09T04:18:10.400+0000] {logging_mixin.py:120} INFO - [2022-11-09T04:18:10.400+0000] {dag.py:3340} INFO - Setting next_dagrun for example_external_task_marker_child to None, run_after=None
[2022-11-09T04:18:10.402+0000] {logging_mixin.py:120} INFO - [2022-11-09T04:18:10.402+0000] {dag.py:3340} INFO - Setting next_dagrun for example_external_task_marker_parent to None, run_after=None
[2022-11-09T04:18:10.412+0000] {processor.py:176} INFO - Processing /home/airflow/.local/lib/python3.7/site-packages/airflow/example_dags/example_external_task_marker_dag.py took 0.127 seconds
[2022-11-09T04:18:41.386+0000] {processor.py:154} INFO - Started process (PID=32620) to work on /home/airflow/.local/lib/python3.7/site-packages/airflow/example_dags/example_external_task_marker_dag.py
[2022-11-09T04:18:41.386+0000] {processor.py:756} INFO - Processing file /home/airflow/.local/lib/python3.7/site-packages/airflow/example_dags/example_external_task_marker_dag.py for tasks to queue
[2022-11-09T04:18:41.387+0000] {logging_mixin.py:120} INFO - [2022-11-09T04:18:41.387+0000] {dagbag.py:537} INFO - Filling up the DagBag from /home/airflow/.local/lib/python3.7/site-packages/airflow/example_dags/example_external_task_marker_dag.py
[2022-11-09T04:18:41.395+0000] {processor.py:766} INFO - DAG(s) dict_keys(['example_external_task_marker_parent', 'example_external_task_marker_child']) retrieved from /home/airflow/.local/lib/python3.7/site-packages/airflow/example_dags/example_external_task_marker_dag.py
[2022-11-09T04:18:41.484+0000] {logging_mixin.py:120} INFO - [2022-11-09T04:18:41.484+0000] {dag.py:2585} INFO - Sync 2 DAGs
[2022-11-09T04:18:41.498+0000] {logging_mixin.py:120} INFO - [2022-11-09T04:18:41.498+0000] {dag.py:3340} INFO - Setting next_dagrun for example_external_task_marker_child to None, run_after=None
[2022-11-09T04:18:41.500+0000] {logging_mixin.py:120} INFO - [2022-11-09T04:18:41.500+0000] {dag.py:3340} INFO - Setting next_dagrun for example_external_task_marker_parent to None, run_after=None
[2022-11-09T04:18:41.510+0000] {processor.py:176} INFO - Processing /home/airflow/.local/lib/python3.7/site-packages/airflow/example_dags/example_external_task_marker_dag.py took 0.126 seconds
[2022-11-09T04:19:12.439+0000] {processor.py:154} INFO - Started process (PID=32686) to work on /home/airflow/.local/lib/python3.7/site-packages/airflow/example_dags/example_external_task_marker_dag.py
[2022-11-09T04:19:12.439+0000] {processor.py:756} INFO - Processing file /home/airflow/.local/lib/python3.7/site-packages/airflow/example_dags/example_external_task_marker_dag.py for tasks to queue
[2022-11-09T04:19:12.440+0000] {logging_mixin.py:120} INFO - [2022-11-09T04:19:12.440+0000] {dagbag.py:537} INFO - Filling up the DagBag from /home/airflow/.local/lib/python3.7/site-packages/airflow/example_dags/example_external_task_marker_dag.py
[2022-11-09T04:19:12.447+0000] {processor.py:766} INFO - DAG(s) dict_keys(['example_external_task_marker_parent', 'example_external_task_marker_child']) retrieved from /home/airflow/.local/lib/python3.7/site-packages/airflow/example_dags/example_external_task_marker_dag.py
[2022-11-09T04:19:12.544+0000] {logging_mixin.py:120} INFO - [2022-11-09T04:19:12.544+0000] {dag.py:2585} INFO - Sync 2 DAGs
[2022-11-09T04:19:12.559+0000] {logging_mixin.py:120} INFO - [2022-11-09T04:19:12.559+0000] {dag.py:3340} INFO - Setting next_dagrun for example_external_task_marker_child to None, run_after=None
[2022-11-09T04:19:12.562+0000] {logging_mixin.py:120} INFO - [2022-11-09T04:19:12.562+0000] {dag.py:3340} INFO - Setting next_dagrun for example_external_task_marker_parent to None, run_after=None
[2022-11-09T04:19:12.576+0000] {processor.py:176} INFO - Processing /home/airflow/.local/lib/python3.7/site-packages/airflow/example_dags/example_external_task_marker_dag.py took 0.139 seconds
[2022-11-09T04:19:43.222+0000] {processor.py:154} INFO - Started process (PID=32753) to work on /home/airflow/.local/lib/python3.7/site-packages/airflow/example_dags/example_external_task_marker_dag.py
[2022-11-09T04:19:43.222+0000] {processor.py:756} INFO - Processing file /home/airflow/.local/lib/python3.7/site-packages/airflow/example_dags/example_external_task_marker_dag.py for tasks to queue
[2022-11-09T04:19:43.223+0000] {logging_mixin.py:120} INFO - [2022-11-09T04:19:43.223+0000] {dagbag.py:537} INFO - Filling up the DagBag from /home/airflow/.local/lib/python3.7/site-packages/airflow/example_dags/example_external_task_marker_dag.py
[2022-11-09T04:19:43.231+0000] {processor.py:766} INFO - DAG(s) dict_keys(['example_external_task_marker_parent', 'example_external_task_marker_child']) retrieved from /home/airflow/.local/lib/python3.7/site-packages/airflow/example_dags/example_external_task_marker_dag.py
[2022-11-09T04:19:43.335+0000] {logging_mixin.py:120} INFO - [2022-11-09T04:19:43.335+0000] {dag.py:2585} INFO - Sync 2 DAGs
[2022-11-09T04:19:43.351+0000] {logging_mixin.py:120} INFO - [2022-11-09T04:19:43.351+0000] {dag.py:3340} INFO - Setting next_dagrun for example_external_task_marker_child to None, run_after=None
[2022-11-09T04:19:43.354+0000] {logging_mixin.py:120} INFO - [2022-11-09T04:19:43.354+0000] {dag.py:3340} INFO - Setting next_dagrun for example_external_task_marker_parent to None, run_after=None
[2022-11-09T04:19:43.366+0000] {processor.py:176} INFO - Processing /home/airflow/.local/lib/python3.7/site-packages/airflow/example_dags/example_external_task_marker_dag.py took 0.146 seconds
