[2022-11-09T00:12:01.509+0000] {processor.py:154} INFO - Started process (PID=30711) to work on /home/airflow/.local/lib/python3.7/site-packages/airflow/example_dags/example_local_kubernetes_executor.py
[2022-11-09T00:12:01.509+0000] {processor.py:756} INFO - Processing file /home/airflow/.local/lib/python3.7/site-packages/airflow/example_dags/example_local_kubernetes_executor.py for tasks to queue
[2022-11-09T00:12:01.516+0000] {logging_mixin.py:120} INFO - [2022-11-09T00:12:01.516+0000] {dagbag.py:537} INFO - Filling up the DagBag from /home/airflow/.local/lib/python3.7/site-packages/airflow/example_dags/example_local_kubernetes_executor.py
[2022-11-09T00:12:01.530+0000] {processor.py:766} INFO - DAG(s) dict_keys(['example_local_kubernetes_executor']) retrieved from /home/airflow/.local/lib/python3.7/site-packages/airflow/example_dags/example_local_kubernetes_executor.py
[2022-11-09T00:12:01.564+0000] {logging_mixin.py:120} INFO - [2022-11-09T00:12:01.564+0000] {dag.py:2585} INFO - Sync 1 DAGs
[2022-11-09T00:12:01.579+0000] {logging_mixin.py:120} INFO - [2022-11-09T00:12:01.579+0000] {dag.py:3340} INFO - Setting next_dagrun for example_local_kubernetes_executor to None, run_after=None
[2022-11-09T00:12:01.589+0000] {processor.py:176} INFO - Processing /home/airflow/.local/lib/python3.7/site-packages/airflow/example_dags/example_local_kubernetes_executor.py took 0.082 seconds
[2022-11-09T00:27:34.682+0000] {processor.py:154} INFO - Started process (PID=30758) to work on /home/airflow/.local/lib/python3.7/site-packages/airflow/example_dags/example_local_kubernetes_executor.py
[2022-11-09T00:27:34.684+0000] {processor.py:756} INFO - Processing file /home/airflow/.local/lib/python3.7/site-packages/airflow/example_dags/example_local_kubernetes_executor.py for tasks to queue
[2022-11-09T00:27:34.684+0000] {logging_mixin.py:120} INFO - [2022-11-09T00:27:34.684+0000] {dagbag.py:537} INFO - Filling up the DagBag from /home/airflow/.local/lib/python3.7/site-packages/airflow/example_dags/example_local_kubernetes_executor.py
[2022-11-09T00:27:34.697+0000] {processor.py:766} INFO - DAG(s) dict_keys(['example_local_kubernetes_executor']) retrieved from /home/airflow/.local/lib/python3.7/site-packages/airflow/example_dags/example_local_kubernetes_executor.py
[2022-11-09T00:27:34.738+0000] {logging_mixin.py:120} INFO - [2022-11-09T00:27:34.738+0000] {dag.py:2585} INFO - Sync 1 DAGs
[2022-11-09T00:27:34.755+0000] {logging_mixin.py:120} INFO - [2022-11-09T00:27:34.755+0000] {dag.py:3340} INFO - Setting next_dagrun for example_local_kubernetes_executor to None, run_after=None
[2022-11-09T00:27:34.771+0000] {processor.py:176} INFO - Processing /home/airflow/.local/lib/python3.7/site-packages/airflow/example_dags/example_local_kubernetes_executor.py took 0.092 seconds
[2022-11-09T01:00:48.884+0000] {processor.py:154} INFO - Started process (PID=30808) to work on /home/airflow/.local/lib/python3.7/site-packages/airflow/example_dags/example_local_kubernetes_executor.py
[2022-11-09T01:00:48.885+0000] {processor.py:756} INFO - Processing file /home/airflow/.local/lib/python3.7/site-packages/airflow/example_dags/example_local_kubernetes_executor.py for tasks to queue
[2022-11-09T01:00:48.885+0000] {logging_mixin.py:120} INFO - [2022-11-09T01:00:48.885+0000] {dagbag.py:537} INFO - Filling up the DagBag from /home/airflow/.local/lib/python3.7/site-packages/airflow/example_dags/example_local_kubernetes_executor.py
[2022-11-09T01:00:48.898+0000] {processor.py:766} INFO - DAG(s) dict_keys(['example_local_kubernetes_executor']) retrieved from /home/airflow/.local/lib/python3.7/site-packages/airflow/example_dags/example_local_kubernetes_executor.py
[2022-11-09T01:00:48.927+0000] {logging_mixin.py:120} INFO - [2022-11-09T01:00:48.927+0000] {dag.py:2585} INFO - Sync 1 DAGs
[2022-11-09T01:00:48.942+0000] {logging_mixin.py:120} INFO - [2022-11-09T01:00:48.942+0000] {dag.py:3340} INFO - Setting next_dagrun for example_local_kubernetes_executor to None, run_after=None
[2022-11-09T01:00:48.958+0000] {processor.py:176} INFO - Processing /home/airflow/.local/lib/python3.7/site-packages/airflow/example_dags/example_local_kubernetes_executor.py took 0.077 seconds
[2022-11-09T01:34:44.689+0000] {processor.py:154} INFO - Started process (PID=30856) to work on /home/airflow/.local/lib/python3.7/site-packages/airflow/example_dags/example_local_kubernetes_executor.py
[2022-11-09T01:34:44.690+0000] {processor.py:756} INFO - Processing file /home/airflow/.local/lib/python3.7/site-packages/airflow/example_dags/example_local_kubernetes_executor.py for tasks to queue
[2022-11-09T01:34:44.690+0000] {logging_mixin.py:120} INFO - [2022-11-09T01:34:44.690+0000] {dagbag.py:537} INFO - Filling up the DagBag from /home/airflow/.local/lib/python3.7/site-packages/airflow/example_dags/example_local_kubernetes_executor.py
[2022-11-09T01:34:44.704+0000] {processor.py:766} INFO - DAG(s) dict_keys(['example_local_kubernetes_executor']) retrieved from /home/airflow/.local/lib/python3.7/site-packages/airflow/example_dags/example_local_kubernetes_executor.py
[2022-11-09T01:34:44.738+0000] {logging_mixin.py:120} INFO - [2022-11-09T01:34:44.738+0000] {dag.py:2585} INFO - Sync 1 DAGs
[2022-11-09T01:34:44.760+0000] {logging_mixin.py:120} INFO - [2022-11-09T01:34:44.760+0000] {dag.py:3340} INFO - Setting next_dagrun for example_local_kubernetes_executor to None, run_after=None
[2022-11-09T01:34:44.778+0000] {processor.py:176} INFO - Processing /home/airflow/.local/lib/python3.7/site-packages/airflow/example_dags/example_local_kubernetes_executor.py took 0.091 seconds
[2022-11-09T01:50:24.776+0000] {processor.py:154} INFO - Started process (PID=30903) to work on /home/airflow/.local/lib/python3.7/site-packages/airflow/example_dags/example_local_kubernetes_executor.py
[2022-11-09T01:50:24.776+0000] {processor.py:756} INFO - Processing file /home/airflow/.local/lib/python3.7/site-packages/airflow/example_dags/example_local_kubernetes_executor.py for tasks to queue
[2022-11-09T01:50:24.777+0000] {logging_mixin.py:120} INFO - [2022-11-09T01:50:24.777+0000] {dagbag.py:537} INFO - Filling up the DagBag from /home/airflow/.local/lib/python3.7/site-packages/airflow/example_dags/example_local_kubernetes_executor.py
[2022-11-09T01:50:24.810+0000] {processor.py:766} INFO - DAG(s) dict_keys(['example_local_kubernetes_executor']) retrieved from /home/airflow/.local/lib/python3.7/site-packages/airflow/example_dags/example_local_kubernetes_executor.py
[2022-11-09T01:50:24.856+0000] {logging_mixin.py:120} INFO - [2022-11-09T01:50:24.856+0000] {dag.py:2585} INFO - Sync 1 DAGs
[2022-11-09T01:50:24.877+0000] {logging_mixin.py:120} INFO - [2022-11-09T01:50:24.877+0000] {dag.py:3340} INFO - Setting next_dagrun for example_local_kubernetes_executor to None, run_after=None
[2022-11-09T01:50:24.899+0000] {processor.py:176} INFO - Processing /home/airflow/.local/lib/python3.7/site-packages/airflow/example_dags/example_local_kubernetes_executor.py took 0.126 seconds
[2022-11-09T01:55:23.981+0000] {processor.py:154} INFO - Started process (PID=30951) to work on /home/airflow/.local/lib/python3.7/site-packages/airflow/example_dags/example_local_kubernetes_executor.py
[2022-11-09T01:55:23.984+0000] {processor.py:756} INFO - Processing file /home/airflow/.local/lib/python3.7/site-packages/airflow/example_dags/example_local_kubernetes_executor.py for tasks to queue
[2022-11-09T01:55:23.984+0000] {logging_mixin.py:120} INFO - [2022-11-09T01:55:23.984+0000] {dagbag.py:537} INFO - Filling up the DagBag from /home/airflow/.local/lib/python3.7/site-packages/airflow/example_dags/example_local_kubernetes_executor.py
[2022-11-09T01:55:24.002+0000] {processor.py:766} INFO - DAG(s) dict_keys(['example_local_kubernetes_executor']) retrieved from /home/airflow/.local/lib/python3.7/site-packages/airflow/example_dags/example_local_kubernetes_executor.py
[2022-11-09T01:55:24.026+0000] {logging_mixin.py:120} INFO - [2022-11-09T01:55:24.026+0000] {dag.py:2585} INFO - Sync 1 DAGs
[2022-11-09T01:55:24.039+0000] {logging_mixin.py:120} INFO - [2022-11-09T01:55:24.039+0000] {dag.py:3340} INFO - Setting next_dagrun for example_local_kubernetes_executor to None, run_after=None
[2022-11-09T01:55:24.050+0000] {processor.py:176} INFO - Processing /home/airflow/.local/lib/python3.7/site-packages/airflow/example_dags/example_local_kubernetes_executor.py took 0.074 seconds
[2022-11-09T02:10:49.520+0000] {processor.py:154} INFO - Started process (PID=30998) to work on /home/airflow/.local/lib/python3.7/site-packages/airflow/example_dags/example_local_kubernetes_executor.py
[2022-11-09T02:10:49.521+0000] {processor.py:756} INFO - Processing file /home/airflow/.local/lib/python3.7/site-packages/airflow/example_dags/example_local_kubernetes_executor.py for tasks to queue
[2022-11-09T02:10:49.521+0000] {logging_mixin.py:120} INFO - [2022-11-09T02:10:49.521+0000] {dagbag.py:537} INFO - Filling up the DagBag from /home/airflow/.local/lib/python3.7/site-packages/airflow/example_dags/example_local_kubernetes_executor.py
[2022-11-09T02:10:49.545+0000] {processor.py:766} INFO - DAG(s) dict_keys(['example_local_kubernetes_executor']) retrieved from /home/airflow/.local/lib/python3.7/site-packages/airflow/example_dags/example_local_kubernetes_executor.py
[2022-11-09T02:10:49.602+0000] {logging_mixin.py:120} INFO - [2022-11-09T02:10:49.602+0000] {dag.py:2585} INFO - Sync 1 DAGs
[2022-11-09T02:10:49.625+0000] {logging_mixin.py:120} INFO - [2022-11-09T02:10:49.625+0000] {dag.py:3340} INFO - Setting next_dagrun for example_local_kubernetes_executor to None, run_after=None
[2022-11-09T02:10:49.637+0000] {processor.py:176} INFO - Processing /home/airflow/.local/lib/python3.7/site-packages/airflow/example_dags/example_local_kubernetes_executor.py took 0.119 seconds
[2022-11-09T02:26:24.051+0000] {processor.py:154} INFO - Started process (PID=31045) to work on /home/airflow/.local/lib/python3.7/site-packages/airflow/example_dags/example_local_kubernetes_executor.py
[2022-11-09T02:26:24.051+0000] {processor.py:756} INFO - Processing file /home/airflow/.local/lib/python3.7/site-packages/airflow/example_dags/example_local_kubernetes_executor.py for tasks to queue
[2022-11-09T02:26:24.052+0000] {logging_mixin.py:120} INFO - [2022-11-09T02:26:24.052+0000] {dagbag.py:537} INFO - Filling up the DagBag from /home/airflow/.local/lib/python3.7/site-packages/airflow/example_dags/example_local_kubernetes_executor.py
[2022-11-09T02:26:24.072+0000] {processor.py:766} INFO - DAG(s) dict_keys(['example_local_kubernetes_executor']) retrieved from /home/airflow/.local/lib/python3.7/site-packages/airflow/example_dags/example_local_kubernetes_executor.py
[2022-11-09T02:26:24.118+0000] {logging_mixin.py:120} INFO - [2022-11-09T02:26:24.118+0000] {dag.py:2585} INFO - Sync 1 DAGs
[2022-11-09T02:26:24.145+0000] {logging_mixin.py:120} INFO - [2022-11-09T02:26:24.145+0000] {dag.py:3340} INFO - Setting next_dagrun for example_local_kubernetes_executor to None, run_after=None
[2022-11-09T02:26:24.194+0000] {processor.py:176} INFO - Processing /home/airflow/.local/lib/python3.7/site-packages/airflow/example_dags/example_local_kubernetes_executor.py took 0.145 seconds
[2022-11-09T02:44:01.736+0000] {processor.py:154} INFO - Started process (PID=31093) to work on /home/airflow/.local/lib/python3.7/site-packages/airflow/example_dags/example_local_kubernetes_executor.py
[2022-11-09T02:44:01.738+0000] {processor.py:756} INFO - Processing file /home/airflow/.local/lib/python3.7/site-packages/airflow/example_dags/example_local_kubernetes_executor.py for tasks to queue
[2022-11-09T02:44:01.739+0000] {logging_mixin.py:120} INFO - [2022-11-09T02:44:01.739+0000] {dagbag.py:537} INFO - Filling up the DagBag from /home/airflow/.local/lib/python3.7/site-packages/airflow/example_dags/example_local_kubernetes_executor.py
[2022-11-09T02:44:01.754+0000] {processor.py:766} INFO - DAG(s) dict_keys(['example_local_kubernetes_executor']) retrieved from /home/airflow/.local/lib/python3.7/site-packages/airflow/example_dags/example_local_kubernetes_executor.py
[2022-11-09T02:44:01.783+0000] {logging_mixin.py:120} INFO - [2022-11-09T02:44:01.783+0000] {dag.py:2585} INFO - Sync 1 DAGs
[2022-11-09T02:44:01.799+0000] {logging_mixin.py:120} INFO - [2022-11-09T02:44:01.799+0000] {dag.py:3340} INFO - Setting next_dagrun for example_local_kubernetes_executor to None, run_after=None
[2022-11-09T02:44:01.815+0000] {processor.py:176} INFO - Processing /home/airflow/.local/lib/python3.7/site-packages/airflow/example_dags/example_local_kubernetes_executor.py took 0.081 seconds
[2022-11-09T03:01:03.310+0000] {processor.py:154} INFO - Started process (PID=31152) to work on /home/airflow/.local/lib/python3.7/site-packages/airflow/example_dags/example_local_kubernetes_executor.py
[2022-11-09T03:01:03.312+0000] {processor.py:756} INFO - Processing file /home/airflow/.local/lib/python3.7/site-packages/airflow/example_dags/example_local_kubernetes_executor.py for tasks to queue
[2022-11-09T03:01:03.313+0000] {logging_mixin.py:120} INFO - [2022-11-09T03:01:03.313+0000] {dagbag.py:537} INFO - Filling up the DagBag from /home/airflow/.local/lib/python3.7/site-packages/airflow/example_dags/example_local_kubernetes_executor.py
[2022-11-09T03:01:03.324+0000] {processor.py:766} INFO - DAG(s) dict_keys(['example_local_kubernetes_executor']) retrieved from /home/airflow/.local/lib/python3.7/site-packages/airflow/example_dags/example_local_kubernetes_executor.py
[2022-11-09T03:01:03.346+0000] {logging_mixin.py:120} INFO - [2022-11-09T03:01:03.346+0000] {dag.py:2585} INFO - Sync 1 DAGs
[2022-11-09T03:01:03.359+0000] {logging_mixin.py:120} INFO - [2022-11-09T03:01:03.359+0000] {dag.py:3340} INFO - Setting next_dagrun for example_local_kubernetes_executor to None, run_after=None
[2022-11-09T03:01:03.374+0000] {processor.py:176} INFO - Processing /home/airflow/.local/lib/python3.7/site-packages/airflow/example_dags/example_local_kubernetes_executor.py took 0.066 seconds
[2022-11-09T03:03:53.317+0000] {processor.py:154} INFO - Started process (PID=31217) to work on /home/airflow/.local/lib/python3.7/site-packages/airflow/example_dags/example_local_kubernetes_executor.py
[2022-11-09T03:03:53.318+0000] {processor.py:756} INFO - Processing file /home/airflow/.local/lib/python3.7/site-packages/airflow/example_dags/example_local_kubernetes_executor.py for tasks to queue
[2022-11-09T03:03:53.319+0000] {logging_mixin.py:120} INFO - [2022-11-09T03:03:53.319+0000] {dagbag.py:537} INFO - Filling up the DagBag from /home/airflow/.local/lib/python3.7/site-packages/airflow/example_dags/example_local_kubernetes_executor.py
[2022-11-09T03:03:53.333+0000] {processor.py:766} INFO - DAG(s) dict_keys(['example_local_kubernetes_executor']) retrieved from /home/airflow/.local/lib/python3.7/site-packages/airflow/example_dags/example_local_kubernetes_executor.py
[2022-11-09T03:03:53.361+0000] {logging_mixin.py:120} INFO - [2022-11-09T03:03:53.361+0000] {dag.py:2585} INFO - Sync 1 DAGs
[2022-11-09T03:03:53.374+0000] {logging_mixin.py:120} INFO - [2022-11-09T03:03:53.374+0000] {dag.py:3340} INFO - Setting next_dagrun for example_local_kubernetes_executor to None, run_after=None
[2022-11-09T03:03:53.387+0000] {processor.py:176} INFO - Processing /home/airflow/.local/lib/python3.7/site-packages/airflow/example_dags/example_local_kubernetes_executor.py took 0.072 seconds
[2022-11-09T03:19:28.804+0000] {processor.py:154} INFO - Started process (PID=31264) to work on /home/airflow/.local/lib/python3.7/site-packages/airflow/example_dags/example_local_kubernetes_executor.py
[2022-11-09T03:19:28.805+0000] {processor.py:756} INFO - Processing file /home/airflow/.local/lib/python3.7/site-packages/airflow/example_dags/example_local_kubernetes_executor.py for tasks to queue
[2022-11-09T03:19:28.805+0000] {logging_mixin.py:120} INFO - [2022-11-09T03:19:28.805+0000] {dagbag.py:537} INFO - Filling up the DagBag from /home/airflow/.local/lib/python3.7/site-packages/airflow/example_dags/example_local_kubernetes_executor.py
[2022-11-09T03:19:28.819+0000] {processor.py:766} INFO - DAG(s) dict_keys(['example_local_kubernetes_executor']) retrieved from /home/airflow/.local/lib/python3.7/site-packages/airflow/example_dags/example_local_kubernetes_executor.py
[2022-11-09T03:19:28.843+0000] {logging_mixin.py:120} INFO - [2022-11-09T03:19:28.843+0000] {dag.py:2585} INFO - Sync 1 DAGs
[2022-11-09T03:19:28.857+0000] {logging_mixin.py:120} INFO - [2022-11-09T03:19:28.857+0000] {dag.py:3340} INFO - Setting next_dagrun for example_local_kubernetes_executor to None, run_after=None
[2022-11-09T03:19:28.869+0000] {processor.py:176} INFO - Processing /home/airflow/.local/lib/python3.7/site-packages/airflow/example_dags/example_local_kubernetes_executor.py took 0.067 seconds
[2022-11-09T03:35:52.496+0000] {processor.py:154} INFO - Started process (PID=31322) to work on /home/airflow/.local/lib/python3.7/site-packages/airflow/example_dags/example_local_kubernetes_executor.py
[2022-11-09T03:35:52.497+0000] {processor.py:756} INFO - Processing file /home/airflow/.local/lib/python3.7/site-packages/airflow/example_dags/example_local_kubernetes_executor.py for tasks to queue
[2022-11-09T03:35:52.497+0000] {logging_mixin.py:120} INFO - [2022-11-09T03:35:52.497+0000] {dagbag.py:537} INFO - Filling up the DagBag from /home/airflow/.local/lib/python3.7/site-packages/airflow/example_dags/example_local_kubernetes_executor.py
[2022-11-09T03:35:52.513+0000] {processor.py:766} INFO - DAG(s) dict_keys(['example_local_kubernetes_executor']) retrieved from /home/airflow/.local/lib/python3.7/site-packages/airflow/example_dags/example_local_kubernetes_executor.py
[2022-11-09T03:35:52.544+0000] {logging_mixin.py:120} INFO - [2022-11-09T03:35:52.544+0000] {dag.py:2585} INFO - Sync 1 DAGs
[2022-11-09T03:35:52.562+0000] {logging_mixin.py:120} INFO - [2022-11-09T03:35:52.561+0000] {dag.py:3340} INFO - Setting next_dagrun for example_local_kubernetes_executor to None, run_after=None
[2022-11-09T03:35:52.577+0000] {processor.py:176} INFO - Processing /home/airflow/.local/lib/python3.7/site-packages/airflow/example_dags/example_local_kubernetes_executor.py took 0.085 seconds
[2022-11-09T03:58:28.685+0000] {processor.py:154} INFO - Started process (PID=31369) to work on /home/airflow/.local/lib/python3.7/site-packages/airflow/example_dags/example_local_kubernetes_executor.py
[2022-11-09T03:58:28.694+0000] {processor.py:756} INFO - Processing file /home/airflow/.local/lib/python3.7/site-packages/airflow/example_dags/example_local_kubernetes_executor.py for tasks to queue
[2022-11-09T03:58:28.694+0000] {logging_mixin.py:120} INFO - [2022-11-09T03:58:28.694+0000] {dagbag.py:537} INFO - Filling up the DagBag from /home/airflow/.local/lib/python3.7/site-packages/airflow/example_dags/example_local_kubernetes_executor.py
[2022-11-09T03:58:28.707+0000] {processor.py:766} INFO - DAG(s) dict_keys(['example_local_kubernetes_executor']) retrieved from /home/airflow/.local/lib/python3.7/site-packages/airflow/example_dags/example_local_kubernetes_executor.py
[2022-11-09T03:58:28.752+0000] {logging_mixin.py:120} INFO - [2022-11-09T03:58:28.752+0000] {dag.py:2585} INFO - Sync 1 DAGs
[2022-11-09T03:58:28.777+0000] {logging_mixin.py:120} INFO - [2022-11-09T03:58:28.777+0000] {dag.py:3340} INFO - Setting next_dagrun for example_local_kubernetes_executor to None, run_after=None
[2022-11-09T03:58:28.795+0000] {processor.py:176} INFO - Processing /home/airflow/.local/lib/python3.7/site-packages/airflow/example_dags/example_local_kubernetes_executor.py took 0.113 seconds
[2022-11-09T03:58:59.208+0000] {processor.py:154} INFO - Started process (PID=31439) to work on /home/airflow/.local/lib/python3.7/site-packages/airflow/example_dags/example_local_kubernetes_executor.py
[2022-11-09T03:58:59.209+0000] {processor.py:756} INFO - Processing file /home/airflow/.local/lib/python3.7/site-packages/airflow/example_dags/example_local_kubernetes_executor.py for tasks to queue
[2022-11-09T03:58:59.210+0000] {logging_mixin.py:120} INFO - [2022-11-09T03:58:59.210+0000] {dagbag.py:537} INFO - Filling up the DagBag from /home/airflow/.local/lib/python3.7/site-packages/airflow/example_dags/example_local_kubernetes_executor.py
[2022-11-09T03:58:59.224+0000] {processor.py:766} INFO - DAG(s) dict_keys(['example_local_kubernetes_executor']) retrieved from /home/airflow/.local/lib/python3.7/site-packages/airflow/example_dags/example_local_kubernetes_executor.py
[2022-11-09T03:58:59.248+0000] {logging_mixin.py:120} INFO - [2022-11-09T03:58:59.248+0000] {dag.py:2585} INFO - Sync 1 DAGs
[2022-11-09T03:58:59.262+0000] {logging_mixin.py:120} INFO - [2022-11-09T03:58:59.261+0000] {dag.py:3340} INFO - Setting next_dagrun for example_local_kubernetes_executor to None, run_after=None
[2022-11-09T03:58:59.274+0000] {processor.py:176} INFO - Processing /home/airflow/.local/lib/python3.7/site-packages/airflow/example_dags/example_local_kubernetes_executor.py took 0.068 seconds
[2022-11-09T03:59:30.170+0000] {processor.py:154} INFO - Started process (PID=31511) to work on /home/airflow/.local/lib/python3.7/site-packages/airflow/example_dags/example_local_kubernetes_executor.py
[2022-11-09T03:59:30.171+0000] {processor.py:756} INFO - Processing file /home/airflow/.local/lib/python3.7/site-packages/airflow/example_dags/example_local_kubernetes_executor.py for tasks to queue
[2022-11-09T03:59:30.171+0000] {logging_mixin.py:120} INFO - [2022-11-09T03:59:30.171+0000] {dagbag.py:537} INFO - Filling up the DagBag from /home/airflow/.local/lib/python3.7/site-packages/airflow/example_dags/example_local_kubernetes_executor.py
[2022-11-09T03:59:30.189+0000] {processor.py:766} INFO - DAG(s) dict_keys(['example_local_kubernetes_executor']) retrieved from /home/airflow/.local/lib/python3.7/site-packages/airflow/example_dags/example_local_kubernetes_executor.py
[2022-11-09T03:59:30.211+0000] {logging_mixin.py:120} INFO - [2022-11-09T03:59:30.211+0000] {dag.py:2585} INFO - Sync 1 DAGs
[2022-11-09T03:59:30.224+0000] {logging_mixin.py:120} INFO - [2022-11-09T03:59:30.224+0000] {dag.py:3340} INFO - Setting next_dagrun for example_local_kubernetes_executor to None, run_after=None
[2022-11-09T03:59:30.234+0000] {processor.py:176} INFO - Processing /home/airflow/.local/lib/python3.7/site-packages/airflow/example_dags/example_local_kubernetes_executor.py took 0.066 seconds
[2022-11-09T04:00:01.060+0000] {processor.py:154} INFO - Started process (PID=31577) to work on /home/airflow/.local/lib/python3.7/site-packages/airflow/example_dags/example_local_kubernetes_executor.py
[2022-11-09T04:00:01.061+0000] {processor.py:756} INFO - Processing file /home/airflow/.local/lib/python3.7/site-packages/airflow/example_dags/example_local_kubernetes_executor.py for tasks to queue
[2022-11-09T04:00:01.061+0000] {logging_mixin.py:120} INFO - [2022-11-09T04:00:01.061+0000] {dagbag.py:537} INFO - Filling up the DagBag from /home/airflow/.local/lib/python3.7/site-packages/airflow/example_dags/example_local_kubernetes_executor.py
[2022-11-09T04:00:01.074+0000] {processor.py:766} INFO - DAG(s) dict_keys(['example_local_kubernetes_executor']) retrieved from /home/airflow/.local/lib/python3.7/site-packages/airflow/example_dags/example_local_kubernetes_executor.py
[2022-11-09T04:00:01.096+0000] {logging_mixin.py:120} INFO - [2022-11-09T04:00:01.096+0000] {dag.py:2585} INFO - Sync 1 DAGs
[2022-11-09T04:00:01.112+0000] {logging_mixin.py:120} INFO - [2022-11-09T04:00:01.112+0000] {dag.py:3340} INFO - Setting next_dagrun for example_local_kubernetes_executor to None, run_after=None
[2022-11-09T04:00:01.126+0000] {processor.py:176} INFO - Processing /home/airflow/.local/lib/python3.7/site-packages/airflow/example_dags/example_local_kubernetes_executor.py took 0.068 seconds
[2022-11-09T04:00:32.009+0000] {processor.py:154} INFO - Started process (PID=31642) to work on /home/airflow/.local/lib/python3.7/site-packages/airflow/example_dags/example_local_kubernetes_executor.py
[2022-11-09T04:00:32.009+0000] {processor.py:756} INFO - Processing file /home/airflow/.local/lib/python3.7/site-packages/airflow/example_dags/example_local_kubernetes_executor.py for tasks to queue
[2022-11-09T04:00:32.010+0000] {logging_mixin.py:120} INFO - [2022-11-09T04:00:32.010+0000] {dagbag.py:537} INFO - Filling up the DagBag from /home/airflow/.local/lib/python3.7/site-packages/airflow/example_dags/example_local_kubernetes_executor.py
[2022-11-09T04:00:32.021+0000] {processor.py:766} INFO - DAG(s) dict_keys(['example_local_kubernetes_executor']) retrieved from /home/airflow/.local/lib/python3.7/site-packages/airflow/example_dags/example_local_kubernetes_executor.py
[2022-11-09T04:00:32.042+0000] {logging_mixin.py:120} INFO - [2022-11-09T04:00:32.042+0000] {dag.py:2585} INFO - Sync 1 DAGs
[2022-11-09T04:00:32.056+0000] {logging_mixin.py:120} INFO - [2022-11-09T04:00:32.056+0000] {dag.py:3340} INFO - Setting next_dagrun for example_local_kubernetes_executor to None, run_after=None
[2022-11-09T04:00:32.068+0000] {processor.py:176} INFO - Processing /home/airflow/.local/lib/python3.7/site-packages/airflow/example_dags/example_local_kubernetes_executor.py took 0.062 seconds
[2022-11-09T04:01:02.172+0000] {processor.py:154} INFO - Started process (PID=31699) to work on /home/airflow/.local/lib/python3.7/site-packages/airflow/example_dags/example_local_kubernetes_executor.py
[2022-11-09T04:01:02.173+0000] {processor.py:756} INFO - Processing file /home/airflow/.local/lib/python3.7/site-packages/airflow/example_dags/example_local_kubernetes_executor.py for tasks to queue
[2022-11-09T04:01:02.173+0000] {logging_mixin.py:120} INFO - [2022-11-09T04:01:02.173+0000] {dagbag.py:537} INFO - Filling up the DagBag from /home/airflow/.local/lib/python3.7/site-packages/airflow/example_dags/example_local_kubernetes_executor.py
[2022-11-09T04:01:02.188+0000] {processor.py:766} INFO - DAG(s) dict_keys(['example_local_kubernetes_executor']) retrieved from /home/airflow/.local/lib/python3.7/site-packages/airflow/example_dags/example_local_kubernetes_executor.py
[2022-11-09T04:01:02.258+0000] {logging_mixin.py:120} INFO - [2022-11-09T04:01:02.258+0000] {dag.py:2585} INFO - Sync 1 DAGs
[2022-11-09T04:01:02.271+0000] {logging_mixin.py:120} INFO - [2022-11-09T04:01:02.271+0000] {dag.py:3340} INFO - Setting next_dagrun for example_local_kubernetes_executor to None, run_after=None
[2022-11-09T04:01:02.282+0000] {processor.py:176} INFO - Processing /home/airflow/.local/lib/python3.7/site-packages/airflow/example_dags/example_local_kubernetes_executor.py took 0.112 seconds
[2022-11-09T04:01:32.366+0000] {processor.py:154} INFO - Started process (PID=31765) to work on /home/airflow/.local/lib/python3.7/site-packages/airflow/example_dags/example_local_kubernetes_executor.py
[2022-11-09T04:01:32.366+0000] {processor.py:756} INFO - Processing file /home/airflow/.local/lib/python3.7/site-packages/airflow/example_dags/example_local_kubernetes_executor.py for tasks to queue
[2022-11-09T04:01:32.367+0000] {logging_mixin.py:120} INFO - [2022-11-09T04:01:32.367+0000] {dagbag.py:537} INFO - Filling up the DagBag from /home/airflow/.local/lib/python3.7/site-packages/airflow/example_dags/example_local_kubernetes_executor.py
[2022-11-09T04:01:32.381+0000] {processor.py:766} INFO - DAG(s) dict_keys(['example_local_kubernetes_executor']) retrieved from /home/airflow/.local/lib/python3.7/site-packages/airflow/example_dags/example_local_kubernetes_executor.py
[2022-11-09T04:01:32.402+0000] {logging_mixin.py:120} INFO - [2022-11-09T04:01:32.402+0000] {dag.py:2585} INFO - Sync 1 DAGs
[2022-11-09T04:01:32.414+0000] {logging_mixin.py:120} INFO - [2022-11-09T04:01:32.414+0000] {dag.py:3340} INFO - Setting next_dagrun for example_local_kubernetes_executor to None, run_after=None
[2022-11-09T04:01:32.423+0000] {processor.py:176} INFO - Processing /home/airflow/.local/lib/python3.7/site-packages/airflow/example_dags/example_local_kubernetes_executor.py took 0.059 seconds
[2022-11-09T04:02:02.546+0000] {processor.py:154} INFO - Started process (PID=31835) to work on /home/airflow/.local/lib/python3.7/site-packages/airflow/example_dags/example_local_kubernetes_executor.py
[2022-11-09T04:02:02.546+0000] {processor.py:756} INFO - Processing file /home/airflow/.local/lib/python3.7/site-packages/airflow/example_dags/example_local_kubernetes_executor.py for tasks to queue
[2022-11-09T04:02:02.547+0000] {logging_mixin.py:120} INFO - [2022-11-09T04:02:02.547+0000] {dagbag.py:537} INFO - Filling up the DagBag from /home/airflow/.local/lib/python3.7/site-packages/airflow/example_dags/example_local_kubernetes_executor.py
[2022-11-09T04:02:02.559+0000] {processor.py:766} INFO - DAG(s) dict_keys(['example_local_kubernetes_executor']) retrieved from /home/airflow/.local/lib/python3.7/site-packages/airflow/example_dags/example_local_kubernetes_executor.py
[2022-11-09T04:02:02.582+0000] {logging_mixin.py:120} INFO - [2022-11-09T04:02:02.582+0000] {dag.py:2585} INFO - Sync 1 DAGs
[2022-11-09T04:02:02.594+0000] {logging_mixin.py:120} INFO - [2022-11-09T04:02:02.594+0000] {dag.py:3340} INFO - Setting next_dagrun for example_local_kubernetes_executor to None, run_after=None
[2022-11-09T04:02:02.607+0000] {processor.py:176} INFO - Processing /home/airflow/.local/lib/python3.7/site-packages/airflow/example_dags/example_local_kubernetes_executor.py took 0.063 seconds
[2022-11-09T04:02:32.651+0000] {processor.py:154} INFO - Started process (PID=31903) to work on /home/airflow/.local/lib/python3.7/site-packages/airflow/example_dags/example_local_kubernetes_executor.py
[2022-11-09T04:02:32.652+0000] {processor.py:756} INFO - Processing file /home/airflow/.local/lib/python3.7/site-packages/airflow/example_dags/example_local_kubernetes_executor.py for tasks to queue
[2022-11-09T04:02:32.652+0000] {logging_mixin.py:120} INFO - [2022-11-09T04:02:32.652+0000] {dagbag.py:537} INFO - Filling up the DagBag from /home/airflow/.local/lib/python3.7/site-packages/airflow/example_dags/example_local_kubernetes_executor.py
[2022-11-09T04:02:32.665+0000] {processor.py:766} INFO - DAG(s) dict_keys(['example_local_kubernetes_executor']) retrieved from /home/airflow/.local/lib/python3.7/site-packages/airflow/example_dags/example_local_kubernetes_executor.py
[2022-11-09T04:02:32.687+0000] {logging_mixin.py:120} INFO - [2022-11-09T04:02:32.687+0000] {dag.py:2585} INFO - Sync 1 DAGs
[2022-11-09T04:02:32.702+0000] {logging_mixin.py:120} INFO - [2022-11-09T04:02:32.701+0000] {dag.py:3340} INFO - Setting next_dagrun for example_local_kubernetes_executor to None, run_after=None
[2022-11-09T04:02:32.712+0000] {processor.py:176} INFO - Processing /home/airflow/.local/lib/python3.7/site-packages/airflow/example_dags/example_local_kubernetes_executor.py took 0.063 seconds
[2022-11-09T04:03:03.783+0000] {processor.py:154} INFO - Started process (PID=31968) to work on /home/airflow/.local/lib/python3.7/site-packages/airflow/example_dags/example_local_kubernetes_executor.py
[2022-11-09T04:03:03.784+0000] {processor.py:756} INFO - Processing file /home/airflow/.local/lib/python3.7/site-packages/airflow/example_dags/example_local_kubernetes_executor.py for tasks to queue
[2022-11-09T04:03:03.784+0000] {logging_mixin.py:120} INFO - [2022-11-09T04:03:03.784+0000] {dagbag.py:537} INFO - Filling up the DagBag from /home/airflow/.local/lib/python3.7/site-packages/airflow/example_dags/example_local_kubernetes_executor.py
[2022-11-09T04:03:03.798+0000] {processor.py:766} INFO - DAG(s) dict_keys(['example_local_kubernetes_executor']) retrieved from /home/airflow/.local/lib/python3.7/site-packages/airflow/example_dags/example_local_kubernetes_executor.py
[2022-11-09T04:03:03.823+0000] {logging_mixin.py:120} INFO - [2022-11-09T04:03:03.823+0000] {dag.py:2585} INFO - Sync 1 DAGs
[2022-11-09T04:03:03.838+0000] {logging_mixin.py:120} INFO - [2022-11-09T04:03:03.838+0000] {dag.py:3340} INFO - Setting next_dagrun for example_local_kubernetes_executor to None, run_after=None
[2022-11-09T04:03:03.860+0000] {processor.py:176} INFO - Processing /home/airflow/.local/lib/python3.7/site-packages/airflow/example_dags/example_local_kubernetes_executor.py took 0.079 seconds
[2022-11-09T04:03:33.931+0000] {processor.py:154} INFO - Started process (PID=32024) to work on /home/airflow/.local/lib/python3.7/site-packages/airflow/example_dags/example_local_kubernetes_executor.py
[2022-11-09T04:03:33.931+0000] {processor.py:756} INFO - Processing file /home/airflow/.local/lib/python3.7/site-packages/airflow/example_dags/example_local_kubernetes_executor.py for tasks to queue
[2022-11-09T04:03:33.932+0000] {logging_mixin.py:120} INFO - [2022-11-09T04:03:33.932+0000] {dagbag.py:537} INFO - Filling up the DagBag from /home/airflow/.local/lib/python3.7/site-packages/airflow/example_dags/example_local_kubernetes_executor.py
[2022-11-09T04:03:33.944+0000] {processor.py:766} INFO - DAG(s) dict_keys(['example_local_kubernetes_executor']) retrieved from /home/airflow/.local/lib/python3.7/site-packages/airflow/example_dags/example_local_kubernetes_executor.py
[2022-11-09T04:03:33.966+0000] {logging_mixin.py:120} INFO - [2022-11-09T04:03:33.966+0000] {dag.py:2585} INFO - Sync 1 DAGs
[2022-11-09T04:03:33.979+0000] {logging_mixin.py:120} INFO - [2022-11-09T04:03:33.979+0000] {dag.py:3340} INFO - Setting next_dagrun for example_local_kubernetes_executor to None, run_after=None
[2022-11-09T04:03:33.990+0000] {processor.py:176} INFO - Processing /home/airflow/.local/lib/python3.7/site-packages/airflow/example_dags/example_local_kubernetes_executor.py took 0.061 seconds
[2022-11-09T04:04:05.097+0000] {processor.py:154} INFO - Started process (PID=32093) to work on /home/airflow/.local/lib/python3.7/site-packages/airflow/example_dags/example_local_kubernetes_executor.py
[2022-11-09T04:04:05.097+0000] {processor.py:756} INFO - Processing file /home/airflow/.local/lib/python3.7/site-packages/airflow/example_dags/example_local_kubernetes_executor.py for tasks to queue
[2022-11-09T04:04:05.098+0000] {logging_mixin.py:120} INFO - [2022-11-09T04:04:05.098+0000] {dagbag.py:537} INFO - Filling up the DagBag from /home/airflow/.local/lib/python3.7/site-packages/airflow/example_dags/example_local_kubernetes_executor.py
[2022-11-09T04:04:05.112+0000] {processor.py:766} INFO - DAG(s) dict_keys(['example_local_kubernetes_executor']) retrieved from /home/airflow/.local/lib/python3.7/site-packages/airflow/example_dags/example_local_kubernetes_executor.py
[2022-11-09T04:04:05.134+0000] {logging_mixin.py:120} INFO - [2022-11-09T04:04:05.134+0000] {dag.py:2585} INFO - Sync 1 DAGs
[2022-11-09T04:04:05.149+0000] {logging_mixin.py:120} INFO - [2022-11-09T04:04:05.148+0000] {dag.py:3340} INFO - Setting next_dagrun for example_local_kubernetes_executor to None, run_after=None
[2022-11-09T04:04:05.158+0000] {processor.py:176} INFO - Processing /home/airflow/.local/lib/python3.7/site-packages/airflow/example_dags/example_local_kubernetes_executor.py took 0.064 seconds
[2022-11-09T04:04:36.165+0000] {processor.py:154} INFO - Started process (PID=32164) to work on /home/airflow/.local/lib/python3.7/site-packages/airflow/example_dags/example_local_kubernetes_executor.py
[2022-11-09T04:04:36.166+0000] {processor.py:756} INFO - Processing file /home/airflow/.local/lib/python3.7/site-packages/airflow/example_dags/example_local_kubernetes_executor.py for tasks to queue
[2022-11-09T04:04:36.167+0000] {logging_mixin.py:120} INFO - [2022-11-09T04:04:36.167+0000] {dagbag.py:537} INFO - Filling up the DagBag from /home/airflow/.local/lib/python3.7/site-packages/airflow/example_dags/example_local_kubernetes_executor.py
[2022-11-09T04:04:36.180+0000] {processor.py:766} INFO - DAG(s) dict_keys(['example_local_kubernetes_executor']) retrieved from /home/airflow/.local/lib/python3.7/site-packages/airflow/example_dags/example_local_kubernetes_executor.py
[2022-11-09T04:04:36.202+0000] {logging_mixin.py:120} INFO - [2022-11-09T04:04:36.202+0000] {dag.py:2585} INFO - Sync 1 DAGs
[2022-11-09T04:04:36.216+0000] {logging_mixin.py:120} INFO - [2022-11-09T04:04:36.216+0000] {dag.py:3340} INFO - Setting next_dagrun for example_local_kubernetes_executor to None, run_after=None
[2022-11-09T04:04:36.226+0000] {processor.py:176} INFO - Processing /home/airflow/.local/lib/python3.7/site-packages/airflow/example_dags/example_local_kubernetes_executor.py took 0.063 seconds
[2022-11-09T04:05:07.104+0000] {processor.py:154} INFO - Started process (PID=32231) to work on /home/airflow/.local/lib/python3.7/site-packages/airflow/example_dags/example_local_kubernetes_executor.py
[2022-11-09T04:05:07.105+0000] {processor.py:756} INFO - Processing file /home/airflow/.local/lib/python3.7/site-packages/airflow/example_dags/example_local_kubernetes_executor.py for tasks to queue
[2022-11-09T04:05:07.105+0000] {logging_mixin.py:120} INFO - [2022-11-09T04:05:07.105+0000] {dagbag.py:537} INFO - Filling up the DagBag from /home/airflow/.local/lib/python3.7/site-packages/airflow/example_dags/example_local_kubernetes_executor.py
[2022-11-09T04:05:07.117+0000] {processor.py:766} INFO - DAG(s) dict_keys(['example_local_kubernetes_executor']) retrieved from /home/airflow/.local/lib/python3.7/site-packages/airflow/example_dags/example_local_kubernetes_executor.py
[2022-11-09T04:05:07.138+0000] {logging_mixin.py:120} INFO - [2022-11-09T04:05:07.138+0000] {dag.py:2585} INFO - Sync 1 DAGs
[2022-11-09T04:05:07.151+0000] {logging_mixin.py:120} INFO - [2022-11-09T04:05:07.151+0000] {dag.py:3340} INFO - Setting next_dagrun for example_local_kubernetes_executor to None, run_after=None
[2022-11-09T04:05:07.162+0000] {processor.py:176} INFO - Processing /home/airflow/.local/lib/python3.7/site-packages/airflow/example_dags/example_local_kubernetes_executor.py took 0.060 seconds
[2022-11-09T04:05:37.984+0000] {processor.py:154} INFO - Started process (PID=32296) to work on /home/airflow/.local/lib/python3.7/site-packages/airflow/example_dags/example_local_kubernetes_executor.py
[2022-11-09T04:05:37.985+0000] {processor.py:756} INFO - Processing file /home/airflow/.local/lib/python3.7/site-packages/airflow/example_dags/example_local_kubernetes_executor.py for tasks to queue
[2022-11-09T04:05:37.985+0000] {logging_mixin.py:120} INFO - [2022-11-09T04:05:37.985+0000] {dagbag.py:537} INFO - Filling up the DagBag from /home/airflow/.local/lib/python3.7/site-packages/airflow/example_dags/example_local_kubernetes_executor.py
[2022-11-09T04:05:37.998+0000] {processor.py:766} INFO - DAG(s) dict_keys(['example_local_kubernetes_executor']) retrieved from /home/airflow/.local/lib/python3.7/site-packages/airflow/example_dags/example_local_kubernetes_executor.py
[2022-11-09T04:05:38.020+0000] {logging_mixin.py:120} INFO - [2022-11-09T04:05:38.020+0000] {dag.py:2585} INFO - Sync 1 DAGs
[2022-11-09T04:05:38.033+0000] {logging_mixin.py:120} INFO - [2022-11-09T04:05:38.033+0000] {dag.py:3340} INFO - Setting next_dagrun for example_local_kubernetes_executor to None, run_after=None
[2022-11-09T04:05:38.043+0000] {processor.py:176} INFO - Processing /home/airflow/.local/lib/python3.7/site-packages/airflow/example_dags/example_local_kubernetes_executor.py took 0.062 seconds
[2022-11-09T04:06:08.811+0000] {processor.py:154} INFO - Started process (PID=32361) to work on /home/airflow/.local/lib/python3.7/site-packages/airflow/example_dags/example_local_kubernetes_executor.py
[2022-11-09T04:06:08.812+0000] {processor.py:756} INFO - Processing file /home/airflow/.local/lib/python3.7/site-packages/airflow/example_dags/example_local_kubernetes_executor.py for tasks to queue
[2022-11-09T04:06:08.812+0000] {logging_mixin.py:120} INFO - [2022-11-09T04:06:08.812+0000] {dagbag.py:537} INFO - Filling up the DagBag from /home/airflow/.local/lib/python3.7/site-packages/airflow/example_dags/example_local_kubernetes_executor.py
[2022-11-09T04:06:08.825+0000] {processor.py:766} INFO - DAG(s) dict_keys(['example_local_kubernetes_executor']) retrieved from /home/airflow/.local/lib/python3.7/site-packages/airflow/example_dags/example_local_kubernetes_executor.py
[2022-11-09T04:06:08.846+0000] {logging_mixin.py:120} INFO - [2022-11-09T04:06:08.846+0000] {dag.py:2585} INFO - Sync 1 DAGs
[2022-11-09T04:06:08.860+0000] {logging_mixin.py:120} INFO - [2022-11-09T04:06:08.860+0000] {dag.py:3340} INFO - Setting next_dagrun for example_local_kubernetes_executor to None, run_after=None
[2022-11-09T04:06:08.870+0000] {processor.py:176} INFO - Processing /home/airflow/.local/lib/python3.7/site-packages/airflow/example_dags/example_local_kubernetes_executor.py took 0.060 seconds
[2022-11-09T04:06:39.666+0000] {processor.py:154} INFO - Started process (PID=32430) to work on /home/airflow/.local/lib/python3.7/site-packages/airflow/example_dags/example_local_kubernetes_executor.py
[2022-11-09T04:06:39.666+0000] {processor.py:756} INFO - Processing file /home/airflow/.local/lib/python3.7/site-packages/airflow/example_dags/example_local_kubernetes_executor.py for tasks to queue
[2022-11-09T04:06:39.667+0000] {logging_mixin.py:120} INFO - [2022-11-09T04:06:39.667+0000] {dagbag.py:537} INFO - Filling up the DagBag from /home/airflow/.local/lib/python3.7/site-packages/airflow/example_dags/example_local_kubernetes_executor.py
[2022-11-09T04:06:39.678+0000] {processor.py:766} INFO - DAG(s) dict_keys(['example_local_kubernetes_executor']) retrieved from /home/airflow/.local/lib/python3.7/site-packages/airflow/example_dags/example_local_kubernetes_executor.py
[2022-11-09T04:06:39.700+0000] {logging_mixin.py:120} INFO - [2022-11-09T04:06:39.700+0000] {dag.py:2585} INFO - Sync 1 DAGs
[2022-11-09T04:06:39.714+0000] {logging_mixin.py:120} INFO - [2022-11-09T04:06:39.714+0000] {dag.py:3340} INFO - Setting next_dagrun for example_local_kubernetes_executor to None, run_after=None
[2022-11-09T04:06:39.724+0000] {processor.py:176} INFO - Processing /home/airflow/.local/lib/python3.7/site-packages/airflow/example_dags/example_local_kubernetes_executor.py took 0.060 seconds
[2022-11-09T04:17:40.147+0000] {processor.py:154} INFO - Started process (PID=32499) to work on /home/airflow/.local/lib/python3.7/site-packages/airflow/example_dags/example_local_kubernetes_executor.py
[2022-11-09T04:17:40.147+0000] {processor.py:756} INFO - Processing file /home/airflow/.local/lib/python3.7/site-packages/airflow/example_dags/example_local_kubernetes_executor.py for tasks to queue
[2022-11-09T04:17:40.148+0000] {logging_mixin.py:120} INFO - [2022-11-09T04:17:40.148+0000] {dagbag.py:537} INFO - Filling up the DagBag from /home/airflow/.local/lib/python3.7/site-packages/airflow/example_dags/example_local_kubernetes_executor.py
[2022-11-09T04:17:40.181+0000] {processor.py:766} INFO - DAG(s) dict_keys(['example_local_kubernetes_executor']) retrieved from /home/airflow/.local/lib/python3.7/site-packages/airflow/example_dags/example_local_kubernetes_executor.py
[2022-11-09T04:17:40.227+0000] {logging_mixin.py:120} INFO - [2022-11-09T04:17:40.227+0000] {dag.py:2585} INFO - Sync 1 DAGs
[2022-11-09T04:17:40.241+0000] {logging_mixin.py:120} INFO - [2022-11-09T04:17:40.241+0000] {dag.py:3340} INFO - Setting next_dagrun for example_local_kubernetes_executor to None, run_after=None
[2022-11-09T04:17:40.263+0000] {processor.py:176} INFO - Processing /home/airflow/.local/lib/python3.7/site-packages/airflow/example_dags/example_local_kubernetes_executor.py took 0.118 seconds
[2022-11-09T04:18:10.424+0000] {processor.py:154} INFO - Started process (PID=32556) to work on /home/airflow/.local/lib/python3.7/site-packages/airflow/example_dags/example_local_kubernetes_executor.py
[2022-11-09T04:18:10.425+0000] {processor.py:756} INFO - Processing file /home/airflow/.local/lib/python3.7/site-packages/airflow/example_dags/example_local_kubernetes_executor.py for tasks to queue
[2022-11-09T04:18:10.425+0000] {logging_mixin.py:120} INFO - [2022-11-09T04:18:10.425+0000] {dagbag.py:537} INFO - Filling up the DagBag from /home/airflow/.local/lib/python3.7/site-packages/airflow/example_dags/example_local_kubernetes_executor.py
[2022-11-09T04:18:10.438+0000] {processor.py:766} INFO - DAG(s) dict_keys(['example_local_kubernetes_executor']) retrieved from /home/airflow/.local/lib/python3.7/site-packages/airflow/example_dags/example_local_kubernetes_executor.py
[2022-11-09T04:18:10.459+0000] {logging_mixin.py:120} INFO - [2022-11-09T04:18:10.459+0000] {dag.py:2585} INFO - Sync 1 DAGs
[2022-11-09T04:18:10.473+0000] {logging_mixin.py:120} INFO - [2022-11-09T04:18:10.472+0000] {dag.py:3340} INFO - Setting next_dagrun for example_local_kubernetes_executor to None, run_after=None
[2022-11-09T04:18:10.484+0000] {processor.py:176} INFO - Processing /home/airflow/.local/lib/python3.7/site-packages/airflow/example_dags/example_local_kubernetes_executor.py took 0.062 seconds
[2022-11-09T04:18:41.523+0000] {processor.py:154} INFO - Started process (PID=32623) to work on /home/airflow/.local/lib/python3.7/site-packages/airflow/example_dags/example_local_kubernetes_executor.py
[2022-11-09T04:18:41.523+0000] {processor.py:756} INFO - Processing file /home/airflow/.local/lib/python3.7/site-packages/airflow/example_dags/example_local_kubernetes_executor.py for tasks to queue
[2022-11-09T04:18:41.524+0000] {logging_mixin.py:120} INFO - [2022-11-09T04:18:41.524+0000] {dagbag.py:537} INFO - Filling up the DagBag from /home/airflow/.local/lib/python3.7/site-packages/airflow/example_dags/example_local_kubernetes_executor.py
[2022-11-09T04:18:41.537+0000] {processor.py:766} INFO - DAG(s) dict_keys(['example_local_kubernetes_executor']) retrieved from /home/airflow/.local/lib/python3.7/site-packages/airflow/example_dags/example_local_kubernetes_executor.py
[2022-11-09T04:18:41.557+0000] {logging_mixin.py:120} INFO - [2022-11-09T04:18:41.557+0000] {dag.py:2585} INFO - Sync 1 DAGs
[2022-11-09T04:18:41.571+0000] {logging_mixin.py:120} INFO - [2022-11-09T04:18:41.571+0000] {dag.py:3340} INFO - Setting next_dagrun for example_local_kubernetes_executor to None, run_after=None
[2022-11-09T04:18:41.582+0000] {processor.py:176} INFO - Processing /home/airflow/.local/lib/python3.7/site-packages/airflow/example_dags/example_local_kubernetes_executor.py took 0.061 seconds
[2022-11-09T04:19:12.602+0000] {processor.py:154} INFO - Started process (PID=32689) to work on /home/airflow/.local/lib/python3.7/site-packages/airflow/example_dags/example_local_kubernetes_executor.py
[2022-11-09T04:19:12.602+0000] {processor.py:756} INFO - Processing file /home/airflow/.local/lib/python3.7/site-packages/airflow/example_dags/example_local_kubernetes_executor.py for tasks to queue
[2022-11-09T04:19:12.603+0000] {logging_mixin.py:120} INFO - [2022-11-09T04:19:12.603+0000] {dagbag.py:537} INFO - Filling up the DagBag from /home/airflow/.local/lib/python3.7/site-packages/airflow/example_dags/example_local_kubernetes_executor.py
[2022-11-09T04:19:12.617+0000] {processor.py:766} INFO - DAG(s) dict_keys(['example_local_kubernetes_executor']) retrieved from /home/airflow/.local/lib/python3.7/site-packages/airflow/example_dags/example_local_kubernetes_executor.py
[2022-11-09T04:19:12.643+0000] {logging_mixin.py:120} INFO - [2022-11-09T04:19:12.643+0000] {dag.py:2585} INFO - Sync 1 DAGs
[2022-11-09T04:19:12.659+0000] {logging_mixin.py:120} INFO - [2022-11-09T04:19:12.659+0000] {dag.py:3340} INFO - Setting next_dagrun for example_local_kubernetes_executor to None, run_after=None
[2022-11-09T04:19:12.672+0000] {processor.py:176} INFO - Processing /home/airflow/.local/lib/python3.7/site-packages/airflow/example_dags/example_local_kubernetes_executor.py took 0.072 seconds
[2022-11-09T04:19:43.468+0000] {processor.py:154} INFO - Started process (PID=32756) to work on /home/airflow/.local/lib/python3.7/site-packages/airflow/example_dags/example_local_kubernetes_executor.py
[2022-11-09T04:19:43.469+0000] {processor.py:756} INFO - Processing file /home/airflow/.local/lib/python3.7/site-packages/airflow/example_dags/example_local_kubernetes_executor.py for tasks to queue
[2022-11-09T04:19:43.469+0000] {logging_mixin.py:120} INFO - [2022-11-09T04:19:43.469+0000] {dagbag.py:537} INFO - Filling up the DagBag from /home/airflow/.local/lib/python3.7/site-packages/airflow/example_dags/example_local_kubernetes_executor.py
[2022-11-09T04:19:43.482+0000] {processor.py:766} INFO - DAG(s) dict_keys(['example_local_kubernetes_executor']) retrieved from /home/airflow/.local/lib/python3.7/site-packages/airflow/example_dags/example_local_kubernetes_executor.py
[2022-11-09T04:19:43.505+0000] {logging_mixin.py:120} INFO - [2022-11-09T04:19:43.505+0000] {dag.py:2585} INFO - Sync 1 DAGs
[2022-11-09T04:19:43.521+0000] {logging_mixin.py:120} INFO - [2022-11-09T04:19:43.521+0000] {dag.py:3340} INFO - Setting next_dagrun for example_local_kubernetes_executor to None, run_after=None
[2022-11-09T04:19:43.535+0000] {processor.py:176} INFO - Processing /home/airflow/.local/lib/python3.7/site-packages/airflow/example_dags/example_local_kubernetes_executor.py took 0.070 seconds
