[2022-11-09T00:11:59.539+0000] {processor.py:154} INFO - Started process (PID=30689) to work on /home/airflow/.local/lib/python3.7/site-packages/airflow/example_dags/example_subdag_operator.py
[2022-11-09T00:11:59.540+0000] {processor.py:756} INFO - Processing file /home/airflow/.local/lib/python3.7/site-packages/airflow/example_dags/example_subdag_operator.py for tasks to queue
[2022-11-09T00:11:59.541+0000] {logging_mixin.py:120} INFO - [2022-11-09T00:11:59.541+0000] {dagbag.py:537} INFO - Filling up the DagBag from /home/airflow/.local/lib/python3.7/site-packages/airflow/example_dags/example_subdag_operator.py
[2022-11-09T00:11:59.568+0000] {processor.py:766} INFO - DAG(s) dict_keys(['example_subdag_operator.section-1', 'example_subdag_operator.section-2', 'example_subdag_operator']) retrieved from /home/airflow/.local/lib/python3.7/site-packages/airflow/example_dags/example_subdag_operator.py
[2022-11-09T00:11:59.671+0000] {logging_mixin.py:120} INFO - [2022-11-09T00:11:59.671+0000] {dag.py:2585} INFO - Sync 3 DAGs
[2022-11-09T00:11:59.688+0000] {logging_mixin.py:120} INFO - [2022-11-09T00:11:59.688+0000] {dag.py:3340} INFO - Setting next_dagrun for example_subdag_operator to 2022-01-01T00:00:00+00:00, run_after=2022-01-01T00:00:00+00:00
[2022-11-09T00:11:59.692+0000] {logging_mixin.py:120} INFO - [2022-11-09T00:11:59.692+0000] {dag.py:3340} INFO - Setting next_dagrun for example_subdag_operator.section-1 to None, run_after=None
[2022-11-09T00:11:59.693+0000] {logging_mixin.py:120} INFO - [2022-11-09T00:11:59.693+0000] {dag.py:3340} INFO - Setting next_dagrun for example_subdag_operator.section-2 to None, run_after=None
[2022-11-09T00:11:59.703+0000] {logging_mixin.py:120} INFO - [2022-11-09T00:11:59.703+0000] {dag.py:2585} INFO - Sync 2 DAGs
[2022-11-09T00:11:59.712+0000] {logging_mixin.py:120} INFO - [2022-11-09T00:11:59.711+0000] {dag.py:3340} INFO - Setting next_dagrun for example_subdag_operator.section-1 to None, run_after=None
[2022-11-09T00:11:59.712+0000] {logging_mixin.py:120} INFO - [2022-11-09T00:11:59.712+0000] {dag.py:3340} INFO - Setting next_dagrun for example_subdag_operator.section-2 to None, run_after=None
[2022-11-09T00:11:59.726+0000] {processor.py:176} INFO - Processing /home/airflow/.local/lib/python3.7/site-packages/airflow/example_dags/example_subdag_operator.py took 0.190 seconds
[2022-11-09T00:27:33.078+0000] {processor.py:154} INFO - Started process (PID=30736) to work on /home/airflow/.local/lib/python3.7/site-packages/airflow/example_dags/example_subdag_operator.py
[2022-11-09T00:27:33.089+0000] {processor.py:756} INFO - Processing file /home/airflow/.local/lib/python3.7/site-packages/airflow/example_dags/example_subdag_operator.py for tasks to queue
[2022-11-09T00:27:33.090+0000] {logging_mixin.py:120} INFO - [2022-11-09T00:27:33.090+0000] {dagbag.py:537} INFO - Filling up the DagBag from /home/airflow/.local/lib/python3.7/site-packages/airflow/example_dags/example_subdag_operator.py
[2022-11-09T00:27:33.164+0000] {processor.py:766} INFO - DAG(s) dict_keys(['example_subdag_operator.section-1', 'example_subdag_operator.section-2', 'example_subdag_operator']) retrieved from /home/airflow/.local/lib/python3.7/site-packages/airflow/example_dags/example_subdag_operator.py
[2022-11-09T00:27:33.282+0000] {logging_mixin.py:120} INFO - [2022-11-09T00:27:33.282+0000] {dag.py:2585} INFO - Sync 3 DAGs
[2022-11-09T00:27:33.296+0000] {logging_mixin.py:120} INFO - [2022-11-09T00:27:33.296+0000] {dag.py:3340} INFO - Setting next_dagrun for example_subdag_operator to 2022-01-01T00:00:00+00:00, run_after=2022-01-01T00:00:00+00:00
[2022-11-09T00:27:33.298+0000] {logging_mixin.py:120} INFO - [2022-11-09T00:27:33.298+0000] {dag.py:3340} INFO - Setting next_dagrun for example_subdag_operator.section-1 to None, run_after=None
[2022-11-09T00:27:33.299+0000] {logging_mixin.py:120} INFO - [2022-11-09T00:27:33.299+0000] {dag.py:3340} INFO - Setting next_dagrun for example_subdag_operator.section-2 to None, run_after=None
[2022-11-09T00:27:33.302+0000] {logging_mixin.py:120} INFO - [2022-11-09T00:27:33.302+0000] {dag.py:2585} INFO - Sync 2 DAGs
[2022-11-09T00:27:33.305+0000] {logging_mixin.py:120} INFO - [2022-11-09T00:27:33.305+0000] {dag.py:3340} INFO - Setting next_dagrun for example_subdag_operator.section-1 to None, run_after=None
[2022-11-09T00:27:33.305+0000] {logging_mixin.py:120} INFO - [2022-11-09T00:27:33.305+0000] {dag.py:3340} INFO - Setting next_dagrun for example_subdag_operator.section-2 to None, run_after=None
[2022-11-09T00:27:33.311+0000] {processor.py:176} INFO - Processing /home/airflow/.local/lib/python3.7/site-packages/airflow/example_dags/example_subdag_operator.py took 0.235 seconds
[2022-11-09T01:00:46.937+0000] {processor.py:154} INFO - Started process (PID=30786) to work on /home/airflow/.local/lib/python3.7/site-packages/airflow/example_dags/example_subdag_operator.py
[2022-11-09T01:00:46.944+0000] {processor.py:756} INFO - Processing file /home/airflow/.local/lib/python3.7/site-packages/airflow/example_dags/example_subdag_operator.py for tasks to queue
[2022-11-09T01:00:46.945+0000] {logging_mixin.py:120} INFO - [2022-11-09T01:00:46.945+0000] {dagbag.py:537} INFO - Filling up the DagBag from /home/airflow/.local/lib/python3.7/site-packages/airflow/example_dags/example_subdag_operator.py
[2022-11-09T01:00:47.259+0000] {processor.py:766} INFO - DAG(s) dict_keys(['example_subdag_operator.section-1', 'example_subdag_operator.section-2', 'example_subdag_operator']) retrieved from /home/airflow/.local/lib/python3.7/site-packages/airflow/example_dags/example_subdag_operator.py
[2022-11-09T01:00:47.444+0000] {logging_mixin.py:120} INFO - [2022-11-09T01:00:47.443+0000] {dag.py:2585} INFO - Sync 3 DAGs
[2022-11-09T01:00:47.460+0000] {logging_mixin.py:120} INFO - [2022-11-09T01:00:47.460+0000] {dag.py:3340} INFO - Setting next_dagrun for example_subdag_operator to 2022-01-01T00:00:00+00:00, run_after=2022-01-01T00:00:00+00:00
[2022-11-09T01:00:47.462+0000] {logging_mixin.py:120} INFO - [2022-11-09T01:00:47.462+0000] {dag.py:3340} INFO - Setting next_dagrun for example_subdag_operator.section-1 to None, run_after=None
[2022-11-09T01:00:47.463+0000] {logging_mixin.py:120} INFO - [2022-11-09T01:00:47.463+0000] {dag.py:3340} INFO - Setting next_dagrun for example_subdag_operator.section-2 to None, run_after=None
[2022-11-09T01:00:47.468+0000] {logging_mixin.py:120} INFO - [2022-11-09T01:00:47.468+0000] {dag.py:2585} INFO - Sync 2 DAGs
[2022-11-09T01:00:47.471+0000] {logging_mixin.py:120} INFO - [2022-11-09T01:00:47.471+0000] {dag.py:3340} INFO - Setting next_dagrun for example_subdag_operator.section-1 to None, run_after=None
[2022-11-09T01:00:47.471+0000] {logging_mixin.py:120} INFO - [2022-11-09T01:00:47.471+0000] {dag.py:3340} INFO - Setting next_dagrun for example_subdag_operator.section-2 to None, run_after=None
[2022-11-09T01:00:47.479+0000] {processor.py:176} INFO - Processing /home/airflow/.local/lib/python3.7/site-packages/airflow/example_dags/example_subdag_operator.py took 0.546 seconds
[2022-11-09T01:34:42.814+0000] {processor.py:154} INFO - Started process (PID=30834) to work on /home/airflow/.local/lib/python3.7/site-packages/airflow/example_dags/example_subdag_operator.py
[2022-11-09T01:34:42.828+0000] {processor.py:756} INFO - Processing file /home/airflow/.local/lib/python3.7/site-packages/airflow/example_dags/example_subdag_operator.py for tasks to queue
[2022-11-09T01:34:42.828+0000] {logging_mixin.py:120} INFO - [2022-11-09T01:34:42.828+0000] {dagbag.py:537} INFO - Filling up the DagBag from /home/airflow/.local/lib/python3.7/site-packages/airflow/example_dags/example_subdag_operator.py
[2022-11-09T01:34:42.858+0000] {processor.py:766} INFO - DAG(s) dict_keys(['example_subdag_operator.section-1', 'example_subdag_operator.section-2', 'example_subdag_operator']) retrieved from /home/airflow/.local/lib/python3.7/site-packages/airflow/example_dags/example_subdag_operator.py
[2022-11-09T01:34:42.968+0000] {logging_mixin.py:120} INFO - [2022-11-09T01:34:42.968+0000] {dag.py:2585} INFO - Sync 3 DAGs
[2022-11-09T01:34:42.987+0000] {logging_mixin.py:120} INFO - [2022-11-09T01:34:42.987+0000] {dag.py:3340} INFO - Setting next_dagrun for example_subdag_operator to 2022-01-01T00:00:00+00:00, run_after=2022-01-01T00:00:00+00:00
[2022-11-09T01:34:42.990+0000] {logging_mixin.py:120} INFO - [2022-11-09T01:34:42.990+0000] {dag.py:3340} INFO - Setting next_dagrun for example_subdag_operator.section-1 to None, run_after=None
[2022-11-09T01:34:42.991+0000] {logging_mixin.py:120} INFO - [2022-11-09T01:34:42.991+0000] {dag.py:3340} INFO - Setting next_dagrun for example_subdag_operator.section-2 to None, run_after=None
[2022-11-09T01:34:42.996+0000] {logging_mixin.py:120} INFO - [2022-11-09T01:34:42.996+0000] {dag.py:2585} INFO - Sync 2 DAGs
[2022-11-09T01:34:42.999+0000] {logging_mixin.py:120} INFO - [2022-11-09T01:34:42.999+0000] {dag.py:3340} INFO - Setting next_dagrun for example_subdag_operator.section-1 to None, run_after=None
[2022-11-09T01:34:43.000+0000] {logging_mixin.py:120} INFO - [2022-11-09T01:34:43.000+0000] {dag.py:3340} INFO - Setting next_dagrun for example_subdag_operator.section-2 to None, run_after=None
[2022-11-09T01:34:43.009+0000] {processor.py:176} INFO - Processing /home/airflow/.local/lib/python3.7/site-packages/airflow/example_dags/example_subdag_operator.py took 0.199 seconds
[2022-11-09T01:50:22.877+0000] {processor.py:154} INFO - Started process (PID=30881) to work on /home/airflow/.local/lib/python3.7/site-packages/airflow/example_dags/example_subdag_operator.py
[2022-11-09T01:50:22.883+0000] {processor.py:756} INFO - Processing file /home/airflow/.local/lib/python3.7/site-packages/airflow/example_dags/example_subdag_operator.py for tasks to queue
[2022-11-09T01:50:22.884+0000] {logging_mixin.py:120} INFO - [2022-11-09T01:50:22.884+0000] {dagbag.py:537} INFO - Filling up the DagBag from /home/airflow/.local/lib/python3.7/site-packages/airflow/example_dags/example_subdag_operator.py
[2022-11-09T01:50:22.941+0000] {processor.py:766} INFO - DAG(s) dict_keys(['example_subdag_operator.section-1', 'example_subdag_operator.section-2', 'example_subdag_operator']) retrieved from /home/airflow/.local/lib/python3.7/site-packages/airflow/example_dags/example_subdag_operator.py
[2022-11-09T01:50:23.116+0000] {logging_mixin.py:120} INFO - [2022-11-09T01:50:23.116+0000] {dag.py:2585} INFO - Sync 3 DAGs
[2022-11-09T01:50:23.446+0000] {logging_mixin.py:120} INFO - [2022-11-09T01:50:23.445+0000] {dag.py:3340} INFO - Setting next_dagrun for example_subdag_operator to 2022-01-01T00:00:00+00:00, run_after=2022-01-01T00:00:00+00:00
[2022-11-09T01:50:23.456+0000] {logging_mixin.py:120} INFO - [2022-11-09T01:50:23.456+0000] {dag.py:3340} INFO - Setting next_dagrun for example_subdag_operator.section-1 to None, run_after=None
[2022-11-09T01:50:23.467+0000] {logging_mixin.py:120} INFO - [2022-11-09T01:50:23.467+0000] {dag.py:3340} INFO - Setting next_dagrun for example_subdag_operator.section-2 to None, run_after=None
[2022-11-09T01:50:23.482+0000] {logging_mixin.py:120} INFO - [2022-11-09T01:50:23.482+0000] {dag.py:2585} INFO - Sync 2 DAGs
[2022-11-09T01:50:23.496+0000] {logging_mixin.py:120} INFO - [2022-11-09T01:50:23.496+0000] {dag.py:3340} INFO - Setting next_dagrun for example_subdag_operator.section-1 to None, run_after=None
[2022-11-09T01:50:23.497+0000] {logging_mixin.py:120} INFO - [2022-11-09T01:50:23.497+0000] {dag.py:3340} INFO - Setting next_dagrun for example_subdag_operator.section-2 to None, run_after=None
[2022-11-09T01:50:23.602+0000] {processor.py:176} INFO - Processing /home/airflow/.local/lib/python3.7/site-packages/airflow/example_dags/example_subdag_operator.py took 0.730 seconds
[2022-11-09T01:55:22.572+0000] {processor.py:154} INFO - Started process (PID=30929) to work on /home/airflow/.local/lib/python3.7/site-packages/airflow/example_dags/example_subdag_operator.py
[2022-11-09T01:55:22.573+0000] {processor.py:756} INFO - Processing file /home/airflow/.local/lib/python3.7/site-packages/airflow/example_dags/example_subdag_operator.py for tasks to queue
[2022-11-09T01:55:22.573+0000] {logging_mixin.py:120} INFO - [2022-11-09T01:55:22.573+0000] {dagbag.py:537} INFO - Filling up the DagBag from /home/airflow/.local/lib/python3.7/site-packages/airflow/example_dags/example_subdag_operator.py
[2022-11-09T01:55:22.594+0000] {processor.py:766} INFO - DAG(s) dict_keys(['example_subdag_operator.section-1', 'example_subdag_operator.section-2', 'example_subdag_operator']) retrieved from /home/airflow/.local/lib/python3.7/site-packages/airflow/example_dags/example_subdag_operator.py
[2022-11-09T01:55:22.679+0000] {logging_mixin.py:120} INFO - [2022-11-09T01:55:22.679+0000] {dag.py:2585} INFO - Sync 3 DAGs
[2022-11-09T01:55:22.692+0000] {logging_mixin.py:120} INFO - [2022-11-09T01:55:22.692+0000] {dag.py:3340} INFO - Setting next_dagrun for example_subdag_operator to 2022-01-01T00:00:00+00:00, run_after=2022-01-01T00:00:00+00:00
[2022-11-09T01:55:22.693+0000] {logging_mixin.py:120} INFO - [2022-11-09T01:55:22.693+0000] {dag.py:3340} INFO - Setting next_dagrun for example_subdag_operator.section-1 to None, run_after=None
[2022-11-09T01:55:22.694+0000] {logging_mixin.py:120} INFO - [2022-11-09T01:55:22.694+0000] {dag.py:3340} INFO - Setting next_dagrun for example_subdag_operator.section-2 to None, run_after=None
[2022-11-09T01:55:22.698+0000] {logging_mixin.py:120} INFO - [2022-11-09T01:55:22.698+0000] {dag.py:2585} INFO - Sync 2 DAGs
[2022-11-09T01:55:22.701+0000] {logging_mixin.py:120} INFO - [2022-11-09T01:55:22.701+0000] {dag.py:3340} INFO - Setting next_dagrun for example_subdag_operator.section-1 to None, run_after=None
[2022-11-09T01:55:22.701+0000] {logging_mixin.py:120} INFO - [2022-11-09T01:55:22.701+0000] {dag.py:3340} INFO - Setting next_dagrun for example_subdag_operator.section-2 to None, run_after=None
[2022-11-09T01:55:22.709+0000] {processor.py:176} INFO - Processing /home/airflow/.local/lib/python3.7/site-packages/airflow/example_dags/example_subdag_operator.py took 0.139 seconds
[2022-11-09T02:10:47.951+0000] {processor.py:154} INFO - Started process (PID=30976) to work on /home/airflow/.local/lib/python3.7/site-packages/airflow/example_dags/example_subdag_operator.py
[2022-11-09T02:10:47.962+0000] {processor.py:756} INFO - Processing file /home/airflow/.local/lib/python3.7/site-packages/airflow/example_dags/example_subdag_operator.py for tasks to queue
[2022-11-09T02:10:47.962+0000] {logging_mixin.py:120} INFO - [2022-11-09T02:10:47.962+0000] {dagbag.py:537} INFO - Filling up the DagBag from /home/airflow/.local/lib/python3.7/site-packages/airflow/example_dags/example_subdag_operator.py
[2022-11-09T02:10:47.994+0000] {processor.py:766} INFO - DAG(s) dict_keys(['example_subdag_operator.section-1', 'example_subdag_operator.section-2', 'example_subdag_operator']) retrieved from /home/airflow/.local/lib/python3.7/site-packages/airflow/example_dags/example_subdag_operator.py
[2022-11-09T02:10:48.134+0000] {logging_mixin.py:120} INFO - [2022-11-09T02:10:48.134+0000] {dag.py:2585} INFO - Sync 3 DAGs
[2022-11-09T02:10:48.163+0000] {logging_mixin.py:120} INFO - [2022-11-09T02:10:48.163+0000] {dag.py:3340} INFO - Setting next_dagrun for example_subdag_operator to 2022-01-01T00:00:00+00:00, run_after=2022-01-01T00:00:00+00:00
[2022-11-09T02:10:48.171+0000] {logging_mixin.py:120} INFO - [2022-11-09T02:10:48.171+0000] {dag.py:3340} INFO - Setting next_dagrun for example_subdag_operator.section-1 to None, run_after=None
[2022-11-09T02:10:48.172+0000] {logging_mixin.py:120} INFO - [2022-11-09T02:10:48.172+0000] {dag.py:3340} INFO - Setting next_dagrun for example_subdag_operator.section-2 to None, run_after=None
[2022-11-09T02:10:48.181+0000] {logging_mixin.py:120} INFO - [2022-11-09T02:10:48.181+0000] {dag.py:2585} INFO - Sync 2 DAGs
[2022-11-09T02:10:48.184+0000] {logging_mixin.py:120} INFO - [2022-11-09T02:10:48.184+0000] {dag.py:3340} INFO - Setting next_dagrun for example_subdag_operator.section-1 to None, run_after=None
[2022-11-09T02:10:48.184+0000] {logging_mixin.py:120} INFO - [2022-11-09T02:10:48.184+0000] {dag.py:3340} INFO - Setting next_dagrun for example_subdag_operator.section-2 to None, run_after=None
[2022-11-09T02:10:48.199+0000] {processor.py:176} INFO - Processing /home/airflow/.local/lib/python3.7/site-packages/airflow/example_dags/example_subdag_operator.py took 0.250 seconds
[2022-11-09T02:26:22.525+0000] {processor.py:154} INFO - Started process (PID=31023) to work on /home/airflow/.local/lib/python3.7/site-packages/airflow/example_dags/example_subdag_operator.py
[2022-11-09T02:26:22.526+0000] {processor.py:756} INFO - Processing file /home/airflow/.local/lib/python3.7/site-packages/airflow/example_dags/example_subdag_operator.py for tasks to queue
[2022-11-09T02:26:22.526+0000] {logging_mixin.py:120} INFO - [2022-11-09T02:26:22.526+0000] {dagbag.py:537} INFO - Filling up the DagBag from /home/airflow/.local/lib/python3.7/site-packages/airflow/example_dags/example_subdag_operator.py
[2022-11-09T02:26:22.546+0000] {processor.py:766} INFO - DAG(s) dict_keys(['example_subdag_operator.section-1', 'example_subdag_operator.section-2', 'example_subdag_operator']) retrieved from /home/airflow/.local/lib/python3.7/site-packages/airflow/example_dags/example_subdag_operator.py
[2022-11-09T02:26:22.633+0000] {logging_mixin.py:120} INFO - [2022-11-09T02:26:22.633+0000] {dag.py:2585} INFO - Sync 3 DAGs
[2022-11-09T02:26:22.645+0000] {logging_mixin.py:120} INFO - [2022-11-09T02:26:22.645+0000] {dag.py:3340} INFO - Setting next_dagrun for example_subdag_operator to 2022-01-01T00:00:00+00:00, run_after=2022-01-01T00:00:00+00:00
[2022-11-09T02:26:22.647+0000] {logging_mixin.py:120} INFO - [2022-11-09T02:26:22.647+0000] {dag.py:3340} INFO - Setting next_dagrun for example_subdag_operator.section-1 to None, run_after=None
[2022-11-09T02:26:22.648+0000] {logging_mixin.py:120} INFO - [2022-11-09T02:26:22.648+0000] {dag.py:3340} INFO - Setting next_dagrun for example_subdag_operator.section-2 to None, run_after=None
[2022-11-09T02:26:22.653+0000] {logging_mixin.py:120} INFO - [2022-11-09T02:26:22.653+0000] {dag.py:2585} INFO - Sync 2 DAGs
[2022-11-09T02:26:22.656+0000] {logging_mixin.py:120} INFO - [2022-11-09T02:26:22.656+0000] {dag.py:3340} INFO - Setting next_dagrun for example_subdag_operator.section-1 to None, run_after=None
[2022-11-09T02:26:22.656+0000] {logging_mixin.py:120} INFO - [2022-11-09T02:26:22.656+0000] {dag.py:3340} INFO - Setting next_dagrun for example_subdag_operator.section-2 to None, run_after=None
[2022-11-09T02:26:22.664+0000] {processor.py:176} INFO - Processing /home/airflow/.local/lib/python3.7/site-packages/airflow/example_dags/example_subdag_operator.py took 0.141 seconds
[2022-11-09T02:44:00.055+0000] {processor.py:154} INFO - Started process (PID=31071) to work on /home/airflow/.local/lib/python3.7/site-packages/airflow/example_dags/example_subdag_operator.py
[2022-11-09T02:44:00.055+0000] {processor.py:756} INFO - Processing file /home/airflow/.local/lib/python3.7/site-packages/airflow/example_dags/example_subdag_operator.py for tasks to queue
[2022-11-09T02:44:00.056+0000] {logging_mixin.py:120} INFO - [2022-11-09T02:44:00.056+0000] {dagbag.py:537} INFO - Filling up the DagBag from /home/airflow/.local/lib/python3.7/site-packages/airflow/example_dags/example_subdag_operator.py
[2022-11-09T02:44:00.104+0000] {processor.py:766} INFO - DAG(s) dict_keys(['example_subdag_operator.section-1', 'example_subdag_operator.section-2', 'example_subdag_operator']) retrieved from /home/airflow/.local/lib/python3.7/site-packages/airflow/example_dags/example_subdag_operator.py
[2022-11-09T02:44:00.215+0000] {logging_mixin.py:120} INFO - [2022-11-09T02:44:00.215+0000] {dag.py:2585} INFO - Sync 3 DAGs
[2022-11-09T02:44:00.240+0000] {logging_mixin.py:120} INFO - [2022-11-09T02:44:00.240+0000] {dag.py:3340} INFO - Setting next_dagrun for example_subdag_operator to 2022-01-01T00:00:00+00:00, run_after=2022-01-01T00:00:00+00:00
[2022-11-09T02:44:00.242+0000] {logging_mixin.py:120} INFO - [2022-11-09T02:44:00.242+0000] {dag.py:3340} INFO - Setting next_dagrun for example_subdag_operator.section-1 to None, run_after=None
[2022-11-09T02:44:00.243+0000] {logging_mixin.py:120} INFO - [2022-11-09T02:44:00.242+0000] {dag.py:3340} INFO - Setting next_dagrun for example_subdag_operator.section-2 to None, run_after=None
[2022-11-09T02:44:00.247+0000] {logging_mixin.py:120} INFO - [2022-11-09T02:44:00.247+0000] {dag.py:2585} INFO - Sync 2 DAGs
[2022-11-09T02:44:00.250+0000] {logging_mixin.py:120} INFO - [2022-11-09T02:44:00.250+0000] {dag.py:3340} INFO - Setting next_dagrun for example_subdag_operator.section-1 to None, run_after=None
[2022-11-09T02:44:00.250+0000] {logging_mixin.py:120} INFO - [2022-11-09T02:44:00.250+0000] {dag.py:3340} INFO - Setting next_dagrun for example_subdag_operator.section-2 to None, run_after=None
[2022-11-09T02:44:00.256+0000] {processor.py:176} INFO - Processing /home/airflow/.local/lib/python3.7/site-packages/airflow/example_dags/example_subdag_operator.py took 0.204 seconds
[2022-11-09T03:01:02.138+0000] {processor.py:154} INFO - Started process (PID=31130) to work on /home/airflow/.local/lib/python3.7/site-packages/airflow/example_dags/example_subdag_operator.py
[2022-11-09T03:01:02.138+0000] {processor.py:756} INFO - Processing file /home/airflow/.local/lib/python3.7/site-packages/airflow/example_dags/example_subdag_operator.py for tasks to queue
[2022-11-09T03:01:02.139+0000] {logging_mixin.py:120} INFO - [2022-11-09T03:01:02.139+0000] {dagbag.py:537} INFO - Filling up the DagBag from /home/airflow/.local/lib/python3.7/site-packages/airflow/example_dags/example_subdag_operator.py
[2022-11-09T03:01:02.161+0000] {processor.py:766} INFO - DAG(s) dict_keys(['example_subdag_operator.section-1', 'example_subdag_operator.section-2', 'example_subdag_operator']) retrieved from /home/airflow/.local/lib/python3.7/site-packages/airflow/example_dags/example_subdag_operator.py
[2022-11-09T03:01:02.258+0000] {logging_mixin.py:120} INFO - [2022-11-09T03:01:02.257+0000] {dag.py:2585} INFO - Sync 3 DAGs
[2022-11-09T03:01:02.270+0000] {logging_mixin.py:120} INFO - [2022-11-09T03:01:02.270+0000] {dag.py:3340} INFO - Setting next_dagrun for example_subdag_operator to 2022-01-01T00:00:00+00:00, run_after=2022-01-01T00:00:00+00:00
[2022-11-09T03:01:02.273+0000] {logging_mixin.py:120} INFO - [2022-11-09T03:01:02.273+0000] {dag.py:3340} INFO - Setting next_dagrun for example_subdag_operator.section-1 to None, run_after=None
[2022-11-09T03:01:02.274+0000] {logging_mixin.py:120} INFO - [2022-11-09T03:01:02.274+0000] {dag.py:3340} INFO - Setting next_dagrun for example_subdag_operator.section-2 to None, run_after=None
[2022-11-09T03:01:02.278+0000] {logging_mixin.py:120} INFO - [2022-11-09T03:01:02.278+0000] {dag.py:2585} INFO - Sync 2 DAGs
[2022-11-09T03:01:02.281+0000] {logging_mixin.py:120} INFO - [2022-11-09T03:01:02.281+0000] {dag.py:3340} INFO - Setting next_dagrun for example_subdag_operator.section-1 to None, run_after=None
[2022-11-09T03:01:02.281+0000] {logging_mixin.py:120} INFO - [2022-11-09T03:01:02.281+0000] {dag.py:3340} INFO - Setting next_dagrun for example_subdag_operator.section-2 to None, run_after=None
[2022-11-09T03:01:02.290+0000] {processor.py:176} INFO - Processing /home/airflow/.local/lib/python3.7/site-packages/airflow/example_dags/example_subdag_operator.py took 0.154 seconds
[2022-11-09T03:03:51.319+0000] {processor.py:154} INFO - Started process (PID=31195) to work on /home/airflow/.local/lib/python3.7/site-packages/airflow/example_dags/example_subdag_operator.py
[2022-11-09T03:03:51.320+0000] {processor.py:756} INFO - Processing file /home/airflow/.local/lib/python3.7/site-packages/airflow/example_dags/example_subdag_operator.py for tasks to queue
[2022-11-09T03:03:51.320+0000] {logging_mixin.py:120} INFO - [2022-11-09T03:03:51.320+0000] {dagbag.py:537} INFO - Filling up the DagBag from /home/airflow/.local/lib/python3.7/site-packages/airflow/example_dags/example_subdag_operator.py
[2022-11-09T03:03:51.338+0000] {processor.py:766} INFO - DAG(s) dict_keys(['example_subdag_operator.section-1', 'example_subdag_operator.section-2', 'example_subdag_operator']) retrieved from /home/airflow/.local/lib/python3.7/site-packages/airflow/example_dags/example_subdag_operator.py
[2022-11-09T03:03:51.425+0000] {logging_mixin.py:120} INFO - [2022-11-09T03:03:51.425+0000] {dag.py:2585} INFO - Sync 3 DAGs
[2022-11-09T03:03:51.437+0000] {logging_mixin.py:120} INFO - [2022-11-09T03:03:51.437+0000] {dag.py:3340} INFO - Setting next_dagrun for example_subdag_operator to 2022-01-01T00:00:00+00:00, run_after=2022-01-01T00:00:00+00:00
[2022-11-09T03:03:51.440+0000] {logging_mixin.py:120} INFO - [2022-11-09T03:03:51.440+0000] {dag.py:3340} INFO - Setting next_dagrun for example_subdag_operator.section-1 to None, run_after=None
[2022-11-09T03:03:51.441+0000] {logging_mixin.py:120} INFO - [2022-11-09T03:03:51.440+0000] {dag.py:3340} INFO - Setting next_dagrun for example_subdag_operator.section-2 to None, run_after=None
[2022-11-09T03:03:51.445+0000] {logging_mixin.py:120} INFO - [2022-11-09T03:03:51.445+0000] {dag.py:2585} INFO - Sync 2 DAGs
[2022-11-09T03:03:51.448+0000] {logging_mixin.py:120} INFO - [2022-11-09T03:03:51.448+0000] {dag.py:3340} INFO - Setting next_dagrun for example_subdag_operator.section-1 to None, run_after=None
[2022-11-09T03:03:51.448+0000] {logging_mixin.py:120} INFO - [2022-11-09T03:03:51.448+0000] {dag.py:3340} INFO - Setting next_dagrun for example_subdag_operator.section-2 to None, run_after=None
[2022-11-09T03:03:51.454+0000] {processor.py:176} INFO - Processing /home/airflow/.local/lib/python3.7/site-packages/airflow/example_dags/example_subdag_operator.py took 0.137 seconds
[2022-11-09T03:19:27.151+0000] {processor.py:154} INFO - Started process (PID=31242) to work on /home/airflow/.local/lib/python3.7/site-packages/airflow/example_dags/example_subdag_operator.py
[2022-11-09T03:19:27.157+0000] {processor.py:756} INFO - Processing file /home/airflow/.local/lib/python3.7/site-packages/airflow/example_dags/example_subdag_operator.py for tasks to queue
[2022-11-09T03:19:27.158+0000] {logging_mixin.py:120} INFO - [2022-11-09T03:19:27.158+0000] {dagbag.py:537} INFO - Filling up the DagBag from /home/airflow/.local/lib/python3.7/site-packages/airflow/example_dags/example_subdag_operator.py
[2022-11-09T03:19:27.227+0000] {processor.py:766} INFO - DAG(s) dict_keys(['example_subdag_operator.section-1', 'example_subdag_operator.section-2', 'example_subdag_operator']) retrieved from /home/airflow/.local/lib/python3.7/site-packages/airflow/example_dags/example_subdag_operator.py
[2022-11-09T03:19:27.326+0000] {logging_mixin.py:120} INFO - [2022-11-09T03:19:27.326+0000] {dag.py:2585} INFO - Sync 3 DAGs
[2022-11-09T03:19:27.341+0000] {logging_mixin.py:120} INFO - [2022-11-09T03:19:27.341+0000] {dag.py:3340} INFO - Setting next_dagrun for example_subdag_operator to 2022-01-01T00:00:00+00:00, run_after=2022-01-01T00:00:00+00:00
[2022-11-09T03:19:27.343+0000] {logging_mixin.py:120} INFO - [2022-11-09T03:19:27.343+0000] {dag.py:3340} INFO - Setting next_dagrun for example_subdag_operator.section-1 to None, run_after=None
[2022-11-09T03:19:27.344+0000] {logging_mixin.py:120} INFO - [2022-11-09T03:19:27.344+0000] {dag.py:3340} INFO - Setting next_dagrun for example_subdag_operator.section-2 to None, run_after=None
[2022-11-09T03:19:27.349+0000] {logging_mixin.py:120} INFO - [2022-11-09T03:19:27.348+0000] {dag.py:2585} INFO - Sync 2 DAGs
[2022-11-09T03:19:27.352+0000] {logging_mixin.py:120} INFO - [2022-11-09T03:19:27.352+0000] {dag.py:3340} INFO - Setting next_dagrun for example_subdag_operator.section-1 to None, run_after=None
[2022-11-09T03:19:27.352+0000] {logging_mixin.py:120} INFO - [2022-11-09T03:19:27.352+0000] {dag.py:3340} INFO - Setting next_dagrun for example_subdag_operator.section-2 to None, run_after=None
[2022-11-09T03:19:27.359+0000] {processor.py:176} INFO - Processing /home/airflow/.local/lib/python3.7/site-packages/airflow/example_dags/example_subdag_operator.py took 0.211 seconds
[2022-11-09T03:35:50.777+0000] {processor.py:154} INFO - Started process (PID=31300) to work on /home/airflow/.local/lib/python3.7/site-packages/airflow/example_dags/example_subdag_operator.py
[2022-11-09T03:35:50.784+0000] {processor.py:756} INFO - Processing file /home/airflow/.local/lib/python3.7/site-packages/airflow/example_dags/example_subdag_operator.py for tasks to queue
[2022-11-09T03:35:50.794+0000] {logging_mixin.py:120} INFO - [2022-11-09T03:35:50.794+0000] {dagbag.py:537} INFO - Filling up the DagBag from /home/airflow/.local/lib/python3.7/site-packages/airflow/example_dags/example_subdag_operator.py
[2022-11-09T03:35:50.845+0000] {processor.py:766} INFO - DAG(s) dict_keys(['example_subdag_operator.section-1', 'example_subdag_operator.section-2', 'example_subdag_operator']) retrieved from /home/airflow/.local/lib/python3.7/site-packages/airflow/example_dags/example_subdag_operator.py
[2022-11-09T03:35:51.004+0000] {logging_mixin.py:120} INFO - [2022-11-09T03:35:51.004+0000] {dag.py:2585} INFO - Sync 3 DAGs
[2022-11-09T03:35:51.026+0000] {logging_mixin.py:120} INFO - [2022-11-09T03:35:51.026+0000] {dag.py:3340} INFO - Setting next_dagrun for example_subdag_operator to 2022-01-01T00:00:00+00:00, run_after=2022-01-01T00:00:00+00:00
[2022-11-09T03:35:51.034+0000] {logging_mixin.py:120} INFO - [2022-11-09T03:35:51.034+0000] {dag.py:3340} INFO - Setting next_dagrun for example_subdag_operator.section-1 to None, run_after=None
[2022-11-09T03:35:51.035+0000] {logging_mixin.py:120} INFO - [2022-11-09T03:35:51.035+0000] {dag.py:3340} INFO - Setting next_dagrun for example_subdag_operator.section-2 to None, run_after=None
[2022-11-09T03:35:51.044+0000] {logging_mixin.py:120} INFO - [2022-11-09T03:35:51.044+0000] {dag.py:2585} INFO - Sync 2 DAGs
[2022-11-09T03:35:51.048+0000] {logging_mixin.py:120} INFO - [2022-11-09T03:35:51.047+0000] {dag.py:3340} INFO - Setting next_dagrun for example_subdag_operator.section-1 to None, run_after=None
[2022-11-09T03:35:51.048+0000] {logging_mixin.py:120} INFO - [2022-11-09T03:35:51.048+0000] {dag.py:3340} INFO - Setting next_dagrun for example_subdag_operator.section-2 to None, run_after=None
[2022-11-09T03:35:51.074+0000] {processor.py:176} INFO - Processing /home/airflow/.local/lib/python3.7/site-packages/airflow/example_dags/example_subdag_operator.py took 0.299 seconds
[2022-11-09T03:58:26.444+0000] {processor.py:154} INFO - Started process (PID=31347) to work on /home/airflow/.local/lib/python3.7/site-packages/airflow/example_dags/example_subdag_operator.py
[2022-11-09T03:58:26.444+0000] {processor.py:756} INFO - Processing file /home/airflow/.local/lib/python3.7/site-packages/airflow/example_dags/example_subdag_operator.py for tasks to queue
[2022-11-09T03:58:26.445+0000] {logging_mixin.py:120} INFO - [2022-11-09T03:58:26.445+0000] {dagbag.py:537} INFO - Filling up the DagBag from /home/airflow/.local/lib/python3.7/site-packages/airflow/example_dags/example_subdag_operator.py
[2022-11-09T03:58:26.464+0000] {processor.py:766} INFO - DAG(s) dict_keys(['example_subdag_operator.section-1', 'example_subdag_operator.section-2', 'example_subdag_operator']) retrieved from /home/airflow/.local/lib/python3.7/site-packages/airflow/example_dags/example_subdag_operator.py
[2022-11-09T03:58:26.567+0000] {logging_mixin.py:120} INFO - [2022-11-09T03:58:26.567+0000] {dag.py:2585} INFO - Sync 3 DAGs
[2022-11-09T03:58:26.581+0000] {logging_mixin.py:120} INFO - [2022-11-09T03:58:26.581+0000] {dag.py:3340} INFO - Setting next_dagrun for example_subdag_operator to 2022-01-01T00:00:00+00:00, run_after=2022-01-01T00:00:00+00:00
[2022-11-09T03:58:26.583+0000] {logging_mixin.py:120} INFO - [2022-11-09T03:58:26.583+0000] {dag.py:3340} INFO - Setting next_dagrun for example_subdag_operator.section-1 to None, run_after=None
[2022-11-09T03:58:26.584+0000] {logging_mixin.py:120} INFO - [2022-11-09T03:58:26.584+0000] {dag.py:3340} INFO - Setting next_dagrun for example_subdag_operator.section-2 to None, run_after=None
[2022-11-09T03:58:26.600+0000] {logging_mixin.py:120} INFO - [2022-11-09T03:58:26.600+0000] {dag.py:2585} INFO - Sync 2 DAGs
[2022-11-09T03:58:26.637+0000] {logging_mixin.py:120} INFO - [2022-11-09T03:58:26.636+0000] {dag.py:3340} INFO - Setting next_dagrun for example_subdag_operator.section-1 to None, run_after=None
[2022-11-09T03:58:26.637+0000] {logging_mixin.py:120} INFO - [2022-11-09T03:58:26.637+0000] {dag.py:3340} INFO - Setting next_dagrun for example_subdag_operator.section-2 to None, run_after=None
[2022-11-09T03:58:26.664+0000] {processor.py:176} INFO - Processing /home/airflow/.local/lib/python3.7/site-packages/airflow/example_dags/example_subdag_operator.py took 0.223 seconds
[2022-11-09T03:58:57.187+0000] {processor.py:154} INFO - Started process (PID=31417) to work on /home/airflow/.local/lib/python3.7/site-packages/airflow/example_dags/example_subdag_operator.py
[2022-11-09T03:58:57.187+0000] {processor.py:756} INFO - Processing file /home/airflow/.local/lib/python3.7/site-packages/airflow/example_dags/example_subdag_operator.py for tasks to queue
[2022-11-09T03:58:57.188+0000] {logging_mixin.py:120} INFO - [2022-11-09T03:58:57.188+0000] {dagbag.py:537} INFO - Filling up the DagBag from /home/airflow/.local/lib/python3.7/site-packages/airflow/example_dags/example_subdag_operator.py
[2022-11-09T03:58:57.208+0000] {processor.py:766} INFO - DAG(s) dict_keys(['example_subdag_operator.section-1', 'example_subdag_operator.section-2', 'example_subdag_operator']) retrieved from /home/airflow/.local/lib/python3.7/site-packages/airflow/example_dags/example_subdag_operator.py
[2022-11-09T03:58:57.299+0000] {logging_mixin.py:120} INFO - [2022-11-09T03:58:57.299+0000] {dag.py:2585} INFO - Sync 3 DAGs
[2022-11-09T03:58:57.313+0000] {logging_mixin.py:120} INFO - [2022-11-09T03:58:57.313+0000] {dag.py:3340} INFO - Setting next_dagrun for example_subdag_operator to 2022-01-01T00:00:00+00:00, run_after=2022-01-01T00:00:00+00:00
[2022-11-09T03:58:57.315+0000] {logging_mixin.py:120} INFO - [2022-11-09T03:58:57.315+0000] {dag.py:3340} INFO - Setting next_dagrun for example_subdag_operator.section-1 to None, run_after=None
[2022-11-09T03:58:57.316+0000] {logging_mixin.py:120} INFO - [2022-11-09T03:58:57.315+0000] {dag.py:3340} INFO - Setting next_dagrun for example_subdag_operator.section-2 to None, run_after=None
[2022-11-09T03:58:57.320+0000] {logging_mixin.py:120} INFO - [2022-11-09T03:58:57.320+0000] {dag.py:2585} INFO - Sync 2 DAGs
[2022-11-09T03:58:57.325+0000] {logging_mixin.py:120} INFO - [2022-11-09T03:58:57.325+0000] {dag.py:3340} INFO - Setting next_dagrun for example_subdag_operator.section-1 to None, run_after=None
[2022-11-09T03:58:57.325+0000] {logging_mixin.py:120} INFO - [2022-11-09T03:58:57.325+0000] {dag.py:3340} INFO - Setting next_dagrun for example_subdag_operator.section-2 to None, run_after=None
[2022-11-09T03:58:57.333+0000] {processor.py:176} INFO - Processing /home/airflow/.local/lib/python3.7/site-packages/airflow/example_dags/example_subdag_operator.py took 0.148 seconds
[2022-11-09T03:59:28.190+0000] {processor.py:154} INFO - Started process (PID=31489) to work on /home/airflow/.local/lib/python3.7/site-packages/airflow/example_dags/example_subdag_operator.py
[2022-11-09T03:59:28.191+0000] {processor.py:756} INFO - Processing file /home/airflow/.local/lib/python3.7/site-packages/airflow/example_dags/example_subdag_operator.py for tasks to queue
[2022-11-09T03:59:28.192+0000] {logging_mixin.py:120} INFO - [2022-11-09T03:59:28.192+0000] {dagbag.py:537} INFO - Filling up the DagBag from /home/airflow/.local/lib/python3.7/site-packages/airflow/example_dags/example_subdag_operator.py
[2022-11-09T03:59:28.211+0000] {processor.py:766} INFO - DAG(s) dict_keys(['example_subdag_operator.section-1', 'example_subdag_operator.section-2', 'example_subdag_operator']) retrieved from /home/airflow/.local/lib/python3.7/site-packages/airflow/example_dags/example_subdag_operator.py
[2022-11-09T03:59:28.295+0000] {logging_mixin.py:120} INFO - [2022-11-09T03:59:28.295+0000] {dag.py:2585} INFO - Sync 3 DAGs
[2022-11-09T03:59:28.307+0000] {logging_mixin.py:120} INFO - [2022-11-09T03:59:28.307+0000] {dag.py:3340} INFO - Setting next_dagrun for example_subdag_operator to 2022-01-01T00:00:00+00:00, run_after=2022-01-01T00:00:00+00:00
[2022-11-09T03:59:28.309+0000] {logging_mixin.py:120} INFO - [2022-11-09T03:59:28.309+0000] {dag.py:3340} INFO - Setting next_dagrun for example_subdag_operator.section-1 to None, run_after=None
[2022-11-09T03:59:28.310+0000] {logging_mixin.py:120} INFO - [2022-11-09T03:59:28.310+0000] {dag.py:3340} INFO - Setting next_dagrun for example_subdag_operator.section-2 to None, run_after=None
[2022-11-09T03:59:28.314+0000] {logging_mixin.py:120} INFO - [2022-11-09T03:59:28.314+0000] {dag.py:2585} INFO - Sync 2 DAGs
[2022-11-09T03:59:28.317+0000] {logging_mixin.py:120} INFO - [2022-11-09T03:59:28.317+0000] {dag.py:3340} INFO - Setting next_dagrun for example_subdag_operator.section-1 to None, run_after=None
[2022-11-09T03:59:28.318+0000] {logging_mixin.py:120} INFO - [2022-11-09T03:59:28.318+0000] {dag.py:3340} INFO - Setting next_dagrun for example_subdag_operator.section-2 to None, run_after=None
[2022-11-09T03:59:28.325+0000] {processor.py:176} INFO - Processing /home/airflow/.local/lib/python3.7/site-packages/airflow/example_dags/example_subdag_operator.py took 0.136 seconds
[2022-11-09T03:59:59.035+0000] {processor.py:154} INFO - Started process (PID=31546) to work on /home/airflow/.local/lib/python3.7/site-packages/airflow/example_dags/example_subdag_operator.py
[2022-11-09T03:59:59.035+0000] {processor.py:756} INFO - Processing file /home/airflow/.local/lib/python3.7/site-packages/airflow/example_dags/example_subdag_operator.py for tasks to queue
[2022-11-09T03:59:59.036+0000] {logging_mixin.py:120} INFO - [2022-11-09T03:59:59.036+0000] {dagbag.py:537} INFO - Filling up the DagBag from /home/airflow/.local/lib/python3.7/site-packages/airflow/example_dags/example_subdag_operator.py
[2022-11-09T03:59:59.055+0000] {processor.py:766} INFO - DAG(s) dict_keys(['example_subdag_operator.section-1', 'example_subdag_operator.section-2', 'example_subdag_operator']) retrieved from /home/airflow/.local/lib/python3.7/site-packages/airflow/example_dags/example_subdag_operator.py
[2022-11-09T03:59:59.149+0000] {logging_mixin.py:120} INFO - [2022-11-09T03:59:59.149+0000] {dag.py:2585} INFO - Sync 3 DAGs
[2022-11-09T03:59:59.164+0000] {logging_mixin.py:120} INFO - [2022-11-09T03:59:59.164+0000] {dag.py:3340} INFO - Setting next_dagrun for example_subdag_operator to 2022-01-01T00:00:00+00:00, run_after=2022-01-01T00:00:00+00:00
[2022-11-09T03:59:59.166+0000] {logging_mixin.py:120} INFO - [2022-11-09T03:59:59.165+0000] {dag.py:3340} INFO - Setting next_dagrun for example_subdag_operator.section-1 to None, run_after=None
[2022-11-09T03:59:59.166+0000] {logging_mixin.py:120} INFO - [2022-11-09T03:59:59.166+0000] {dag.py:3340} INFO - Setting next_dagrun for example_subdag_operator.section-2 to None, run_after=None
[2022-11-09T03:59:59.170+0000] {logging_mixin.py:120} INFO - [2022-11-09T03:59:59.170+0000] {dag.py:2585} INFO - Sync 2 DAGs
[2022-11-09T03:59:59.174+0000] {logging_mixin.py:120} INFO - [2022-11-09T03:59:59.174+0000] {dag.py:3340} INFO - Setting next_dagrun for example_subdag_operator.section-1 to None, run_after=None
[2022-11-09T03:59:59.175+0000] {logging_mixin.py:120} INFO - [2022-11-09T03:59:59.174+0000] {dag.py:3340} INFO - Setting next_dagrun for example_subdag_operator.section-2 to None, run_after=None
[2022-11-09T03:59:59.182+0000] {processor.py:176} INFO - Processing /home/airflow/.local/lib/python3.7/site-packages/airflow/example_dags/example_subdag_operator.py took 0.149 seconds
[2022-11-09T04:00:29.933+0000] {processor.py:154} INFO - Started process (PID=31612) to work on /home/airflow/.local/lib/python3.7/site-packages/airflow/example_dags/example_subdag_operator.py
[2022-11-09T04:00:29.933+0000] {processor.py:756} INFO - Processing file /home/airflow/.local/lib/python3.7/site-packages/airflow/example_dags/example_subdag_operator.py for tasks to queue
[2022-11-09T04:00:29.934+0000] {logging_mixin.py:120} INFO - [2022-11-09T04:00:29.934+0000] {dagbag.py:537} INFO - Filling up the DagBag from /home/airflow/.local/lib/python3.7/site-packages/airflow/example_dags/example_subdag_operator.py
[2022-11-09T04:00:29.952+0000] {processor.py:766} INFO - DAG(s) dict_keys(['example_subdag_operator.section-1', 'example_subdag_operator.section-2', 'example_subdag_operator']) retrieved from /home/airflow/.local/lib/python3.7/site-packages/airflow/example_dags/example_subdag_operator.py
[2022-11-09T04:00:30.039+0000] {logging_mixin.py:120} INFO - [2022-11-09T04:00:30.039+0000] {dag.py:2585} INFO - Sync 3 DAGs
[2022-11-09T04:00:30.052+0000] {logging_mixin.py:120} INFO - [2022-11-09T04:00:30.052+0000] {dag.py:3340} INFO - Setting next_dagrun for example_subdag_operator to 2022-01-01T00:00:00+00:00, run_after=2022-01-01T00:00:00+00:00
[2022-11-09T04:00:30.054+0000] {logging_mixin.py:120} INFO - [2022-11-09T04:00:30.054+0000] {dag.py:3340} INFO - Setting next_dagrun for example_subdag_operator.section-1 to None, run_after=None
[2022-11-09T04:00:30.055+0000] {logging_mixin.py:120} INFO - [2022-11-09T04:00:30.055+0000] {dag.py:3340} INFO - Setting next_dagrun for example_subdag_operator.section-2 to None, run_after=None
[2022-11-09T04:00:30.059+0000] {logging_mixin.py:120} INFO - [2022-11-09T04:00:30.059+0000] {dag.py:2585} INFO - Sync 2 DAGs
[2022-11-09T04:00:30.062+0000] {logging_mixin.py:120} INFO - [2022-11-09T04:00:30.062+0000] {dag.py:3340} INFO - Setting next_dagrun for example_subdag_operator.section-1 to None, run_after=None
[2022-11-09T04:00:30.062+0000] {logging_mixin.py:120} INFO - [2022-11-09T04:00:30.062+0000] {dag.py:3340} INFO - Setting next_dagrun for example_subdag_operator.section-2 to None, run_after=None
[2022-11-09T04:00:30.068+0000] {processor.py:176} INFO - Processing /home/airflow/.local/lib/python3.7/site-packages/airflow/example_dags/example_subdag_operator.py took 0.137 seconds
[2022-11-09T04:01:01.121+0000] {processor.py:154} INFO - Started process (PID=31677) to work on /home/airflow/.local/lib/python3.7/site-packages/airflow/example_dags/example_subdag_operator.py
[2022-11-09T04:01:01.122+0000] {processor.py:756} INFO - Processing file /home/airflow/.local/lib/python3.7/site-packages/airflow/example_dags/example_subdag_operator.py for tasks to queue
[2022-11-09T04:01:01.122+0000] {logging_mixin.py:120} INFO - [2022-11-09T04:01:01.122+0000] {dagbag.py:537} INFO - Filling up the DagBag from /home/airflow/.local/lib/python3.7/site-packages/airflow/example_dags/example_subdag_operator.py
[2022-11-09T04:01:01.143+0000] {processor.py:766} INFO - DAG(s) dict_keys(['example_subdag_operator.section-1', 'example_subdag_operator.section-2', 'example_subdag_operator']) retrieved from /home/airflow/.local/lib/python3.7/site-packages/airflow/example_dags/example_subdag_operator.py
[2022-11-09T04:01:01.229+0000] {logging_mixin.py:120} INFO - [2022-11-09T04:01:01.229+0000] {dag.py:2585} INFO - Sync 3 DAGs
[2022-11-09T04:01:01.241+0000] {logging_mixin.py:120} INFO - [2022-11-09T04:01:01.241+0000] {dag.py:3340} INFO - Setting next_dagrun for example_subdag_operator to 2022-01-01T00:00:00+00:00, run_after=2022-01-01T00:00:00+00:00
[2022-11-09T04:01:01.243+0000] {logging_mixin.py:120} INFO - [2022-11-09T04:01:01.243+0000] {dag.py:3340} INFO - Setting next_dagrun for example_subdag_operator.section-1 to None, run_after=None
[2022-11-09T04:01:01.244+0000] {logging_mixin.py:120} INFO - [2022-11-09T04:01:01.244+0000] {dag.py:3340} INFO - Setting next_dagrun for example_subdag_operator.section-2 to None, run_after=None
[2022-11-09T04:01:01.248+0000] {logging_mixin.py:120} INFO - [2022-11-09T04:01:01.247+0000] {dag.py:2585} INFO - Sync 2 DAGs
[2022-11-09T04:01:01.251+0000] {logging_mixin.py:120} INFO - [2022-11-09T04:01:01.250+0000] {dag.py:3340} INFO - Setting next_dagrun for example_subdag_operator.section-1 to None, run_after=None
[2022-11-09T04:01:01.251+0000] {logging_mixin.py:120} INFO - [2022-11-09T04:01:01.251+0000] {dag.py:3340} INFO - Setting next_dagrun for example_subdag_operator.section-2 to None, run_after=None
[2022-11-09T04:01:01.258+0000] {processor.py:176} INFO - Processing /home/airflow/.local/lib/python3.7/site-packages/airflow/example_dags/example_subdag_operator.py took 0.139 seconds
[2022-11-09T04:01:31.274+0000] {processor.py:154} INFO - Started process (PID=31744) to work on /home/airflow/.local/lib/python3.7/site-packages/airflow/example_dags/example_subdag_operator.py
[2022-11-09T04:01:31.274+0000] {processor.py:756} INFO - Processing file /home/airflow/.local/lib/python3.7/site-packages/airflow/example_dags/example_subdag_operator.py for tasks to queue
[2022-11-09T04:01:31.275+0000] {logging_mixin.py:120} INFO - [2022-11-09T04:01:31.275+0000] {dagbag.py:537} INFO - Filling up the DagBag from /home/airflow/.local/lib/python3.7/site-packages/airflow/example_dags/example_subdag_operator.py
[2022-11-09T04:01:31.294+0000] {processor.py:766} INFO - DAG(s) dict_keys(['example_subdag_operator.section-1', 'example_subdag_operator.section-2', 'example_subdag_operator']) retrieved from /home/airflow/.local/lib/python3.7/site-packages/airflow/example_dags/example_subdag_operator.py
[2022-11-09T04:01:31.380+0000] {logging_mixin.py:120} INFO - [2022-11-09T04:01:31.380+0000] {dag.py:2585} INFO - Sync 3 DAGs
[2022-11-09T04:01:31.393+0000] {logging_mixin.py:120} INFO - [2022-11-09T04:01:31.393+0000] {dag.py:3340} INFO - Setting next_dagrun for example_subdag_operator to 2022-01-01T00:00:00+00:00, run_after=2022-01-01T00:00:00+00:00
[2022-11-09T04:01:31.395+0000] {logging_mixin.py:120} INFO - [2022-11-09T04:01:31.395+0000] {dag.py:3340} INFO - Setting next_dagrun for example_subdag_operator.section-1 to None, run_after=None
[2022-11-09T04:01:31.396+0000] {logging_mixin.py:120} INFO - [2022-11-09T04:01:31.396+0000] {dag.py:3340} INFO - Setting next_dagrun for example_subdag_operator.section-2 to None, run_after=None
[2022-11-09T04:01:31.400+0000] {logging_mixin.py:120} INFO - [2022-11-09T04:01:31.400+0000] {dag.py:2585} INFO - Sync 2 DAGs
[2022-11-09T04:01:31.403+0000] {logging_mixin.py:120} INFO - [2022-11-09T04:01:31.403+0000] {dag.py:3340} INFO - Setting next_dagrun for example_subdag_operator.section-1 to None, run_after=None
[2022-11-09T04:01:31.403+0000] {logging_mixin.py:120} INFO - [2022-11-09T04:01:31.403+0000] {dag.py:3340} INFO - Setting next_dagrun for example_subdag_operator.section-2 to None, run_after=None
[2022-11-09T04:01:31.410+0000] {processor.py:176} INFO - Processing /home/airflow/.local/lib/python3.7/site-packages/airflow/example_dags/example_subdag_operator.py took 0.139 seconds
[2022-11-09T04:02:01.447+0000] {processor.py:154} INFO - Started process (PID=31815) to work on /home/airflow/.local/lib/python3.7/site-packages/airflow/example_dags/example_subdag_operator.py
[2022-11-09T04:02:01.447+0000] {processor.py:756} INFO - Processing file /home/airflow/.local/lib/python3.7/site-packages/airflow/example_dags/example_subdag_operator.py for tasks to queue
[2022-11-09T04:02:01.447+0000] {logging_mixin.py:120} INFO - [2022-11-09T04:02:01.447+0000] {dagbag.py:537} INFO - Filling up the DagBag from /home/airflow/.local/lib/python3.7/site-packages/airflow/example_dags/example_subdag_operator.py
[2022-11-09T04:02:01.467+0000] {processor.py:766} INFO - DAG(s) dict_keys(['example_subdag_operator.section-1', 'example_subdag_operator.section-2', 'example_subdag_operator']) retrieved from /home/airflow/.local/lib/python3.7/site-packages/airflow/example_dags/example_subdag_operator.py
[2022-11-09T04:02:01.552+0000] {logging_mixin.py:120} INFO - [2022-11-09T04:02:01.552+0000] {dag.py:2585} INFO - Sync 3 DAGs
[2022-11-09T04:02:01.565+0000] {logging_mixin.py:120} INFO - [2022-11-09T04:02:01.565+0000] {dag.py:3340} INFO - Setting next_dagrun for example_subdag_operator to 2022-01-01T00:00:00+00:00, run_after=2022-01-01T00:00:00+00:00
[2022-11-09T04:02:01.567+0000] {logging_mixin.py:120} INFO - [2022-11-09T04:02:01.567+0000] {dag.py:3340} INFO - Setting next_dagrun for example_subdag_operator.section-1 to None, run_after=None
[2022-11-09T04:02:01.568+0000] {logging_mixin.py:120} INFO - [2022-11-09T04:02:01.568+0000] {dag.py:3340} INFO - Setting next_dagrun for example_subdag_operator.section-2 to None, run_after=None
[2022-11-09T04:02:01.572+0000] {logging_mixin.py:120} INFO - [2022-11-09T04:02:01.572+0000] {dag.py:2585} INFO - Sync 2 DAGs
[2022-11-09T04:02:01.575+0000] {logging_mixin.py:120} INFO - [2022-11-09T04:02:01.575+0000] {dag.py:3340} INFO - Setting next_dagrun for example_subdag_operator.section-1 to None, run_after=None
[2022-11-09T04:02:01.575+0000] {logging_mixin.py:120} INFO - [2022-11-09T04:02:01.575+0000] {dag.py:3340} INFO - Setting next_dagrun for example_subdag_operator.section-2 to None, run_after=None
[2022-11-09T04:02:01.582+0000] {processor.py:176} INFO - Processing /home/airflow/.local/lib/python3.7/site-packages/airflow/example_dags/example_subdag_operator.py took 0.138 seconds
[2022-11-09T04:02:31.682+0000] {processor.py:154} INFO - Started process (PID=31884) to work on /home/airflow/.local/lib/python3.7/site-packages/airflow/example_dags/example_subdag_operator.py
[2022-11-09T04:02:31.683+0000] {processor.py:756} INFO - Processing file /home/airflow/.local/lib/python3.7/site-packages/airflow/example_dags/example_subdag_operator.py for tasks to queue
[2022-11-09T04:02:31.683+0000] {logging_mixin.py:120} INFO - [2022-11-09T04:02:31.683+0000] {dagbag.py:537} INFO - Filling up the DagBag from /home/airflow/.local/lib/python3.7/site-packages/airflow/example_dags/example_subdag_operator.py
[2022-11-09T04:02:31.703+0000] {processor.py:766} INFO - DAG(s) dict_keys(['example_subdag_operator.section-1', 'example_subdag_operator.section-2', 'example_subdag_operator']) retrieved from /home/airflow/.local/lib/python3.7/site-packages/airflow/example_dags/example_subdag_operator.py
[2022-11-09T04:02:31.790+0000] {logging_mixin.py:120} INFO - [2022-11-09T04:02:31.790+0000] {dag.py:2585} INFO - Sync 3 DAGs
[2022-11-09T04:02:31.804+0000] {logging_mixin.py:120} INFO - [2022-11-09T04:02:31.804+0000] {dag.py:3340} INFO - Setting next_dagrun for example_subdag_operator to 2022-01-01T00:00:00+00:00, run_after=2022-01-01T00:00:00+00:00
[2022-11-09T04:02:31.806+0000] {logging_mixin.py:120} INFO - [2022-11-09T04:02:31.806+0000] {dag.py:3340} INFO - Setting next_dagrun for example_subdag_operator.section-1 to None, run_after=None
[2022-11-09T04:02:31.807+0000] {logging_mixin.py:120} INFO - [2022-11-09T04:02:31.807+0000] {dag.py:3340} INFO - Setting next_dagrun for example_subdag_operator.section-2 to None, run_after=None
[2022-11-09T04:02:31.811+0000] {logging_mixin.py:120} INFO - [2022-11-09T04:02:31.811+0000] {dag.py:2585} INFO - Sync 2 DAGs
[2022-11-09T04:02:31.814+0000] {logging_mixin.py:120} INFO - [2022-11-09T04:02:31.814+0000] {dag.py:3340} INFO - Setting next_dagrun for example_subdag_operator.section-1 to None, run_after=None
[2022-11-09T04:02:31.814+0000] {logging_mixin.py:120} INFO - [2022-11-09T04:02:31.814+0000] {dag.py:3340} INFO - Setting next_dagrun for example_subdag_operator.section-2 to None, run_after=None
[2022-11-09T04:02:31.821+0000] {processor.py:176} INFO - Processing /home/airflow/.local/lib/python3.7/site-packages/airflow/example_dags/example_subdag_operator.py took 0.141 seconds
[2022-11-09T04:03:02.610+0000] {processor.py:154} INFO - Started process (PID=31946) to work on /home/airflow/.local/lib/python3.7/site-packages/airflow/example_dags/example_subdag_operator.py
[2022-11-09T04:03:02.610+0000] {processor.py:756} INFO - Processing file /home/airflow/.local/lib/python3.7/site-packages/airflow/example_dags/example_subdag_operator.py for tasks to queue
[2022-11-09T04:03:02.611+0000] {logging_mixin.py:120} INFO - [2022-11-09T04:03:02.611+0000] {dagbag.py:537} INFO - Filling up the DagBag from /home/airflow/.local/lib/python3.7/site-packages/airflow/example_dags/example_subdag_operator.py
[2022-11-09T04:03:02.634+0000] {processor.py:766} INFO - DAG(s) dict_keys(['example_subdag_operator.section-1', 'example_subdag_operator.section-2', 'example_subdag_operator']) retrieved from /home/airflow/.local/lib/python3.7/site-packages/airflow/example_dags/example_subdag_operator.py
[2022-11-09T04:03:02.742+0000] {logging_mixin.py:120} INFO - [2022-11-09T04:03:02.742+0000] {dag.py:2585} INFO - Sync 3 DAGs
[2022-11-09T04:03:02.765+0000] {logging_mixin.py:120} INFO - [2022-11-09T04:03:02.765+0000] {dag.py:3340} INFO - Setting next_dagrun for example_subdag_operator to 2022-01-01T00:00:00+00:00, run_after=2022-01-01T00:00:00+00:00
[2022-11-09T04:03:02.767+0000] {logging_mixin.py:120} INFO - [2022-11-09T04:03:02.767+0000] {dag.py:3340} INFO - Setting next_dagrun for example_subdag_operator.section-1 to None, run_after=None
[2022-11-09T04:03:02.768+0000] {logging_mixin.py:120} INFO - [2022-11-09T04:03:02.768+0000] {dag.py:3340} INFO - Setting next_dagrun for example_subdag_operator.section-2 to None, run_after=None
[2022-11-09T04:03:02.773+0000] {logging_mixin.py:120} INFO - [2022-11-09T04:03:02.773+0000] {dag.py:2585} INFO - Sync 2 DAGs
[2022-11-09T04:03:02.777+0000] {logging_mixin.py:120} INFO - [2022-11-09T04:03:02.777+0000] {dag.py:3340} INFO - Setting next_dagrun for example_subdag_operator.section-1 to None, run_after=None
[2022-11-09T04:03:02.777+0000] {logging_mixin.py:120} INFO - [2022-11-09T04:03:02.777+0000] {dag.py:3340} INFO - Setting next_dagrun for example_subdag_operator.section-2 to None, run_after=None
[2022-11-09T04:03:02.785+0000] {processor.py:176} INFO - Processing /home/airflow/.local/lib/python3.7/site-packages/airflow/example_dags/example_subdag_operator.py took 0.178 seconds
[2022-11-09T04:03:32.961+0000] {processor.py:154} INFO - Started process (PID=32003) to work on /home/airflow/.local/lib/python3.7/site-packages/airflow/example_dags/example_subdag_operator.py
[2022-11-09T04:03:32.962+0000] {processor.py:756} INFO - Processing file /home/airflow/.local/lib/python3.7/site-packages/airflow/example_dags/example_subdag_operator.py for tasks to queue
[2022-11-09T04:03:32.962+0000] {logging_mixin.py:120} INFO - [2022-11-09T04:03:32.962+0000] {dagbag.py:537} INFO - Filling up the DagBag from /home/airflow/.local/lib/python3.7/site-packages/airflow/example_dags/example_subdag_operator.py
[2022-11-09T04:03:32.980+0000] {processor.py:766} INFO - DAG(s) dict_keys(['example_subdag_operator.section-1', 'example_subdag_operator.section-2', 'example_subdag_operator']) retrieved from /home/airflow/.local/lib/python3.7/site-packages/airflow/example_dags/example_subdag_operator.py
[2022-11-09T04:03:33.066+0000] {logging_mixin.py:120} INFO - [2022-11-09T04:03:33.066+0000] {dag.py:2585} INFO - Sync 3 DAGs
[2022-11-09T04:03:33.079+0000] {logging_mixin.py:120} INFO - [2022-11-09T04:03:33.079+0000] {dag.py:3340} INFO - Setting next_dagrun for example_subdag_operator to 2022-01-01T00:00:00+00:00, run_after=2022-01-01T00:00:00+00:00
[2022-11-09T04:03:33.082+0000] {logging_mixin.py:120} INFO - [2022-11-09T04:03:33.081+0000] {dag.py:3340} INFO - Setting next_dagrun for example_subdag_operator.section-1 to None, run_after=None
[2022-11-09T04:03:33.082+0000] {logging_mixin.py:120} INFO - [2022-11-09T04:03:33.082+0000] {dag.py:3340} INFO - Setting next_dagrun for example_subdag_operator.section-2 to None, run_after=None
[2022-11-09T04:03:33.086+0000] {logging_mixin.py:120} INFO - [2022-11-09T04:03:33.086+0000] {dag.py:2585} INFO - Sync 2 DAGs
[2022-11-09T04:03:33.089+0000] {logging_mixin.py:120} INFO - [2022-11-09T04:03:33.089+0000] {dag.py:3340} INFO - Setting next_dagrun for example_subdag_operator.section-1 to None, run_after=None
[2022-11-09T04:03:33.089+0000] {logging_mixin.py:120} INFO - [2022-11-09T04:03:33.089+0000] {dag.py:3340} INFO - Setting next_dagrun for example_subdag_operator.section-2 to None, run_after=None
[2022-11-09T04:03:33.096+0000] {processor.py:176} INFO - Processing /home/airflow/.local/lib/python3.7/site-packages/airflow/example_dags/example_subdag_operator.py took 0.137 seconds
[2022-11-09T04:04:03.968+0000] {processor.py:154} INFO - Started process (PID=32071) to work on /home/airflow/.local/lib/python3.7/site-packages/airflow/example_dags/example_subdag_operator.py
[2022-11-09T04:04:03.969+0000] {processor.py:756} INFO - Processing file /home/airflow/.local/lib/python3.7/site-packages/airflow/example_dags/example_subdag_operator.py for tasks to queue
[2022-11-09T04:04:03.970+0000] {logging_mixin.py:120} INFO - [2022-11-09T04:04:03.970+0000] {dagbag.py:537} INFO - Filling up the DagBag from /home/airflow/.local/lib/python3.7/site-packages/airflow/example_dags/example_subdag_operator.py
[2022-11-09T04:04:03.989+0000] {processor.py:766} INFO - DAG(s) dict_keys(['example_subdag_operator.section-1', 'example_subdag_operator.section-2', 'example_subdag_operator']) retrieved from /home/airflow/.local/lib/python3.7/site-packages/airflow/example_dags/example_subdag_operator.py
[2022-11-09T04:04:04.075+0000] {logging_mixin.py:120} INFO - [2022-11-09T04:04:04.075+0000] {dag.py:2585} INFO - Sync 3 DAGs
[2022-11-09T04:04:04.089+0000] {logging_mixin.py:120} INFO - [2022-11-09T04:04:04.089+0000] {dag.py:3340} INFO - Setting next_dagrun for example_subdag_operator to 2022-01-01T00:00:00+00:00, run_after=2022-01-01T00:00:00+00:00
[2022-11-09T04:04:04.091+0000] {logging_mixin.py:120} INFO - [2022-11-09T04:04:04.091+0000] {dag.py:3340} INFO - Setting next_dagrun for example_subdag_operator.section-1 to None, run_after=None
[2022-11-09T04:04:04.092+0000] {logging_mixin.py:120} INFO - [2022-11-09T04:04:04.092+0000] {dag.py:3340} INFO - Setting next_dagrun for example_subdag_operator.section-2 to None, run_after=None
[2022-11-09T04:04:04.097+0000] {logging_mixin.py:120} INFO - [2022-11-09T04:04:04.097+0000] {dag.py:2585} INFO - Sync 2 DAGs
[2022-11-09T04:04:04.101+0000] {logging_mixin.py:120} INFO - [2022-11-09T04:04:04.101+0000] {dag.py:3340} INFO - Setting next_dagrun for example_subdag_operator.section-1 to None, run_after=None
[2022-11-09T04:04:04.101+0000] {logging_mixin.py:120} INFO - [2022-11-09T04:04:04.101+0000] {dag.py:3340} INFO - Setting next_dagrun for example_subdag_operator.section-2 to None, run_after=None
[2022-11-09T04:04:04.107+0000] {processor.py:176} INFO - Processing /home/airflow/.local/lib/python3.7/site-packages/airflow/example_dags/example_subdag_operator.py took 0.140 seconds
[2022-11-09T04:04:35.074+0000] {processor.py:154} INFO - Started process (PID=32142) to work on /home/airflow/.local/lib/python3.7/site-packages/airflow/example_dags/example_subdag_operator.py
[2022-11-09T04:04:35.074+0000] {processor.py:756} INFO - Processing file /home/airflow/.local/lib/python3.7/site-packages/airflow/example_dags/example_subdag_operator.py for tasks to queue
[2022-11-09T04:04:35.074+0000] {logging_mixin.py:120} INFO - [2022-11-09T04:04:35.074+0000] {dagbag.py:537} INFO - Filling up the DagBag from /home/airflow/.local/lib/python3.7/site-packages/airflow/example_dags/example_subdag_operator.py
[2022-11-09T04:04:35.093+0000] {processor.py:766} INFO - DAG(s) dict_keys(['example_subdag_operator.section-1', 'example_subdag_operator.section-2', 'example_subdag_operator']) retrieved from /home/airflow/.local/lib/python3.7/site-packages/airflow/example_dags/example_subdag_operator.py
[2022-11-09T04:04:35.180+0000] {logging_mixin.py:120} INFO - [2022-11-09T04:04:35.180+0000] {dag.py:2585} INFO - Sync 3 DAGs
[2022-11-09T04:04:35.193+0000] {logging_mixin.py:120} INFO - [2022-11-09T04:04:35.193+0000] {dag.py:3340} INFO - Setting next_dagrun for example_subdag_operator to 2022-01-01T00:00:00+00:00, run_after=2022-01-01T00:00:00+00:00
[2022-11-09T04:04:35.195+0000] {logging_mixin.py:120} INFO - [2022-11-09T04:04:35.195+0000] {dag.py:3340} INFO - Setting next_dagrun for example_subdag_operator.section-1 to None, run_after=None
[2022-11-09T04:04:35.196+0000] {logging_mixin.py:120} INFO - [2022-11-09T04:04:35.196+0000] {dag.py:3340} INFO - Setting next_dagrun for example_subdag_operator.section-2 to None, run_after=None
[2022-11-09T04:04:35.200+0000] {logging_mixin.py:120} INFO - [2022-11-09T04:04:35.200+0000] {dag.py:2585} INFO - Sync 2 DAGs
[2022-11-09T04:04:35.203+0000] {logging_mixin.py:120} INFO - [2022-11-09T04:04:35.203+0000] {dag.py:3340} INFO - Setting next_dagrun for example_subdag_operator.section-1 to None, run_after=None
[2022-11-09T04:04:35.204+0000] {logging_mixin.py:120} INFO - [2022-11-09T04:04:35.204+0000] {dag.py:3340} INFO - Setting next_dagrun for example_subdag_operator.section-2 to None, run_after=None
[2022-11-09T04:04:35.210+0000] {processor.py:176} INFO - Processing /home/airflow/.local/lib/python3.7/site-packages/airflow/example_dags/example_subdag_operator.py took 0.139 seconds
[2022-11-09T04:05:06.185+0000] {processor.py:154} INFO - Started process (PID=32209) to work on /home/airflow/.local/lib/python3.7/site-packages/airflow/example_dags/example_subdag_operator.py
[2022-11-09T04:05:06.186+0000] {processor.py:756} INFO - Processing file /home/airflow/.local/lib/python3.7/site-packages/airflow/example_dags/example_subdag_operator.py for tasks to queue
[2022-11-09T04:05:06.186+0000] {logging_mixin.py:120} INFO - [2022-11-09T04:05:06.186+0000] {dagbag.py:537} INFO - Filling up the DagBag from /home/airflow/.local/lib/python3.7/site-packages/airflow/example_dags/example_subdag_operator.py
[2022-11-09T04:05:06.205+0000] {processor.py:766} INFO - DAG(s) dict_keys(['example_subdag_operator.section-1', 'example_subdag_operator.section-2', 'example_subdag_operator']) retrieved from /home/airflow/.local/lib/python3.7/site-packages/airflow/example_dags/example_subdag_operator.py
[2022-11-09T04:05:06.289+0000] {logging_mixin.py:120} INFO - [2022-11-09T04:05:06.289+0000] {dag.py:2585} INFO - Sync 3 DAGs
[2022-11-09T04:05:06.301+0000] {logging_mixin.py:120} INFO - [2022-11-09T04:05:06.301+0000] {dag.py:3340} INFO - Setting next_dagrun for example_subdag_operator to 2022-01-01T00:00:00+00:00, run_after=2022-01-01T00:00:00+00:00
[2022-11-09T04:05:06.303+0000] {logging_mixin.py:120} INFO - [2022-11-09T04:05:06.303+0000] {dag.py:3340} INFO - Setting next_dagrun for example_subdag_operator.section-1 to None, run_after=None
[2022-11-09T04:05:06.304+0000] {logging_mixin.py:120} INFO - [2022-11-09T04:05:06.304+0000] {dag.py:3340} INFO - Setting next_dagrun for example_subdag_operator.section-2 to None, run_after=None
[2022-11-09T04:05:06.308+0000] {logging_mixin.py:120} INFO - [2022-11-09T04:05:06.308+0000] {dag.py:2585} INFO - Sync 2 DAGs
[2022-11-09T04:05:06.312+0000] {logging_mixin.py:120} INFO - [2022-11-09T04:05:06.312+0000] {dag.py:3340} INFO - Setting next_dagrun for example_subdag_operator.section-1 to None, run_after=None
[2022-11-09T04:05:06.312+0000] {logging_mixin.py:120} INFO - [2022-11-09T04:05:06.312+0000] {dag.py:3340} INFO - Setting next_dagrun for example_subdag_operator.section-2 to None, run_after=None
[2022-11-09T04:05:06.318+0000] {processor.py:176} INFO - Processing /home/airflow/.local/lib/python3.7/site-packages/airflow/example_dags/example_subdag_operator.py took 0.135 seconds
[2022-11-09T04:05:37.049+0000] {processor.py:154} INFO - Started process (PID=32274) to work on /home/airflow/.local/lib/python3.7/site-packages/airflow/example_dags/example_subdag_operator.py
[2022-11-09T04:05:37.050+0000] {processor.py:756} INFO - Processing file /home/airflow/.local/lib/python3.7/site-packages/airflow/example_dags/example_subdag_operator.py for tasks to queue
[2022-11-09T04:05:37.051+0000] {logging_mixin.py:120} INFO - [2022-11-09T04:05:37.051+0000] {dagbag.py:537} INFO - Filling up the DagBag from /home/airflow/.local/lib/python3.7/site-packages/airflow/example_dags/example_subdag_operator.py
[2022-11-09T04:05:37.071+0000] {processor.py:766} INFO - DAG(s) dict_keys(['example_subdag_operator.section-1', 'example_subdag_operator.section-2', 'example_subdag_operator']) retrieved from /home/airflow/.local/lib/python3.7/site-packages/airflow/example_dags/example_subdag_operator.py
[2022-11-09T04:05:37.155+0000] {logging_mixin.py:120} INFO - [2022-11-09T04:05:37.155+0000] {dag.py:2585} INFO - Sync 3 DAGs
[2022-11-09T04:05:37.167+0000] {logging_mixin.py:120} INFO - [2022-11-09T04:05:37.167+0000] {dag.py:3340} INFO - Setting next_dagrun for example_subdag_operator to 2022-01-01T00:00:00+00:00, run_after=2022-01-01T00:00:00+00:00
[2022-11-09T04:05:37.169+0000] {logging_mixin.py:120} INFO - [2022-11-09T04:05:37.169+0000] {dag.py:3340} INFO - Setting next_dagrun for example_subdag_operator.section-1 to None, run_after=None
[2022-11-09T04:05:37.169+0000] {logging_mixin.py:120} INFO - [2022-11-09T04:05:37.169+0000] {dag.py:3340} INFO - Setting next_dagrun for example_subdag_operator.section-2 to None, run_after=None
[2022-11-09T04:05:37.173+0000] {logging_mixin.py:120} INFO - [2022-11-09T04:05:37.173+0000] {dag.py:2585} INFO - Sync 2 DAGs
[2022-11-09T04:05:37.176+0000] {logging_mixin.py:120} INFO - [2022-11-09T04:05:37.176+0000] {dag.py:3340} INFO - Setting next_dagrun for example_subdag_operator.section-1 to None, run_after=None
[2022-11-09T04:05:37.177+0000] {logging_mixin.py:120} INFO - [2022-11-09T04:05:37.177+0000] {dag.py:3340} INFO - Setting next_dagrun for example_subdag_operator.section-2 to None, run_after=None
[2022-11-09T04:05:37.184+0000] {processor.py:176} INFO - Processing /home/airflow/.local/lib/python3.7/site-packages/airflow/example_dags/example_subdag_operator.py took 0.137 seconds
[2022-11-09T04:06:07.850+0000] {processor.py:154} INFO - Started process (PID=32339) to work on /home/airflow/.local/lib/python3.7/site-packages/airflow/example_dags/example_subdag_operator.py
[2022-11-09T04:06:07.850+0000] {processor.py:756} INFO - Processing file /home/airflow/.local/lib/python3.7/site-packages/airflow/example_dags/example_subdag_operator.py for tasks to queue
[2022-11-09T04:06:07.851+0000] {logging_mixin.py:120} INFO - [2022-11-09T04:06:07.850+0000] {dagbag.py:537} INFO - Filling up the DagBag from /home/airflow/.local/lib/python3.7/site-packages/airflow/example_dags/example_subdag_operator.py
[2022-11-09T04:06:07.868+0000] {processor.py:766} INFO - DAG(s) dict_keys(['example_subdag_operator.section-1', 'example_subdag_operator.section-2', 'example_subdag_operator']) retrieved from /home/airflow/.local/lib/python3.7/site-packages/airflow/example_dags/example_subdag_operator.py
[2022-11-09T04:06:07.951+0000] {logging_mixin.py:120} INFO - [2022-11-09T04:06:07.951+0000] {dag.py:2585} INFO - Sync 3 DAGs
[2022-11-09T04:06:07.963+0000] {logging_mixin.py:120} INFO - [2022-11-09T04:06:07.963+0000] {dag.py:3340} INFO - Setting next_dagrun for example_subdag_operator to 2022-01-01T00:00:00+00:00, run_after=2022-01-01T00:00:00+00:00
[2022-11-09T04:06:07.965+0000] {logging_mixin.py:120} INFO - [2022-11-09T04:06:07.965+0000] {dag.py:3340} INFO - Setting next_dagrun for example_subdag_operator.section-1 to None, run_after=None
[2022-11-09T04:06:07.966+0000] {logging_mixin.py:120} INFO - [2022-11-09T04:06:07.966+0000] {dag.py:3340} INFO - Setting next_dagrun for example_subdag_operator.section-2 to None, run_after=None
[2022-11-09T04:06:07.970+0000] {logging_mixin.py:120} INFO - [2022-11-09T04:06:07.970+0000] {dag.py:2585} INFO - Sync 2 DAGs
[2022-11-09T04:06:07.973+0000] {logging_mixin.py:120} INFO - [2022-11-09T04:06:07.973+0000] {dag.py:3340} INFO - Setting next_dagrun for example_subdag_operator.section-1 to None, run_after=None
[2022-11-09T04:06:07.974+0000] {logging_mixin.py:120} INFO - [2022-11-09T04:06:07.974+0000] {dag.py:3340} INFO - Setting next_dagrun for example_subdag_operator.section-2 to None, run_after=None
[2022-11-09T04:06:07.980+0000] {processor.py:176} INFO - Processing /home/airflow/.local/lib/python3.7/site-packages/airflow/example_dags/example_subdag_operator.py took 0.132 seconds
[2022-11-09T04:06:38.705+0000] {processor.py:154} INFO - Started process (PID=32408) to work on /home/airflow/.local/lib/python3.7/site-packages/airflow/example_dags/example_subdag_operator.py
[2022-11-09T04:06:38.706+0000] {processor.py:756} INFO - Processing file /home/airflow/.local/lib/python3.7/site-packages/airflow/example_dags/example_subdag_operator.py for tasks to queue
[2022-11-09T04:06:38.706+0000] {logging_mixin.py:120} INFO - [2022-11-09T04:06:38.706+0000] {dagbag.py:537} INFO - Filling up the DagBag from /home/airflow/.local/lib/python3.7/site-packages/airflow/example_dags/example_subdag_operator.py
[2022-11-09T04:06:38.726+0000] {processor.py:766} INFO - DAG(s) dict_keys(['example_subdag_operator.section-1', 'example_subdag_operator.section-2', 'example_subdag_operator']) retrieved from /home/airflow/.local/lib/python3.7/site-packages/airflow/example_dags/example_subdag_operator.py
[2022-11-09T04:06:38.813+0000] {logging_mixin.py:120} INFO - [2022-11-09T04:06:38.812+0000] {dag.py:2585} INFO - Sync 3 DAGs
[2022-11-09T04:06:38.827+0000] {logging_mixin.py:120} INFO - [2022-11-09T04:06:38.827+0000] {dag.py:3340} INFO - Setting next_dagrun for example_subdag_operator to 2022-01-01T00:00:00+00:00, run_after=2022-01-01T00:00:00+00:00
[2022-11-09T04:06:38.828+0000] {logging_mixin.py:120} INFO - [2022-11-09T04:06:38.828+0000] {dag.py:3340} INFO - Setting next_dagrun for example_subdag_operator.section-1 to None, run_after=None
[2022-11-09T04:06:38.829+0000] {logging_mixin.py:120} INFO - [2022-11-09T04:06:38.829+0000] {dag.py:3340} INFO - Setting next_dagrun for example_subdag_operator.section-2 to None, run_after=None
[2022-11-09T04:06:38.833+0000] {logging_mixin.py:120} INFO - [2022-11-09T04:06:38.833+0000] {dag.py:2585} INFO - Sync 2 DAGs
[2022-11-09T04:06:38.837+0000] {logging_mixin.py:120} INFO - [2022-11-09T04:06:38.837+0000] {dag.py:3340} INFO - Setting next_dagrun for example_subdag_operator.section-1 to None, run_after=None
[2022-11-09T04:06:38.837+0000] {logging_mixin.py:120} INFO - [2022-11-09T04:06:38.837+0000] {dag.py:3340} INFO - Setting next_dagrun for example_subdag_operator.section-2 to None, run_after=None
[2022-11-09T04:06:38.844+0000] {processor.py:176} INFO - Processing /home/airflow/.local/lib/python3.7/site-packages/airflow/example_dags/example_subdag_operator.py took 0.141 seconds
[2022-11-09T04:17:37.919+0000] {processor.py:154} INFO - Started process (PID=32467) to work on /home/airflow/.local/lib/python3.7/site-packages/airflow/example_dags/example_subdag_operator.py
[2022-11-09T04:17:37.920+0000] {processor.py:756} INFO - Processing file /home/airflow/.local/lib/python3.7/site-packages/airflow/example_dags/example_subdag_operator.py for tasks to queue
[2022-11-09T04:17:37.920+0000] {logging_mixin.py:120} INFO - [2022-11-09T04:17:37.920+0000] {dagbag.py:537} INFO - Filling up the DagBag from /home/airflow/.local/lib/python3.7/site-packages/airflow/example_dags/example_subdag_operator.py
[2022-11-09T04:17:37.940+0000] {processor.py:766} INFO - DAG(s) dict_keys(['example_subdag_operator.section-1', 'example_subdag_operator.section-2', 'example_subdag_operator']) retrieved from /home/airflow/.local/lib/python3.7/site-packages/airflow/example_dags/example_subdag_operator.py
[2022-11-09T04:17:38.081+0000] {logging_mixin.py:120} INFO - [2022-11-09T04:17:38.081+0000] {dag.py:2585} INFO - Sync 3 DAGs
[2022-11-09T04:17:38.105+0000] {logging_mixin.py:120} INFO - [2022-11-09T04:17:38.104+0000] {dag.py:3340} INFO - Setting next_dagrun for example_subdag_operator to 2022-01-01T00:00:00+00:00, run_after=2022-01-01T00:00:00+00:00
[2022-11-09T04:17:38.108+0000] {logging_mixin.py:120} INFO - [2022-11-09T04:17:38.108+0000] {dag.py:3340} INFO - Setting next_dagrun for example_subdag_operator.section-1 to None, run_after=None
[2022-11-09T04:17:38.113+0000] {logging_mixin.py:120} INFO - [2022-11-09T04:17:38.113+0000] {dag.py:3340} INFO - Setting next_dagrun for example_subdag_operator.section-2 to None, run_after=None
[2022-11-09T04:17:38.130+0000] {logging_mixin.py:120} INFO - [2022-11-09T04:17:38.130+0000] {dag.py:2585} INFO - Sync 2 DAGs
[2022-11-09T04:17:38.139+0000] {logging_mixin.py:120} INFO - [2022-11-09T04:17:38.139+0000] {dag.py:3340} INFO - Setting next_dagrun for example_subdag_operator.section-1 to None, run_after=None
[2022-11-09T04:17:38.140+0000] {logging_mixin.py:120} INFO - [2022-11-09T04:17:38.139+0000] {dag.py:3340} INFO - Setting next_dagrun for example_subdag_operator.section-2 to None, run_after=None
[2022-11-09T04:17:38.152+0000] {processor.py:176} INFO - Processing /home/airflow/.local/lib/python3.7/site-packages/airflow/example_dags/example_subdag_operator.py took 0.235 seconds
[2022-11-09T04:18:08.424+0000] {processor.py:154} INFO - Started process (PID=32534) to work on /home/airflow/.local/lib/python3.7/site-packages/airflow/example_dags/example_subdag_operator.py
[2022-11-09T04:18:08.425+0000] {processor.py:756} INFO - Processing file /home/airflow/.local/lib/python3.7/site-packages/airflow/example_dags/example_subdag_operator.py for tasks to queue
[2022-11-09T04:18:08.425+0000] {logging_mixin.py:120} INFO - [2022-11-09T04:18:08.425+0000] {dagbag.py:537} INFO - Filling up the DagBag from /home/airflow/.local/lib/python3.7/site-packages/airflow/example_dags/example_subdag_operator.py
[2022-11-09T04:18:08.444+0000] {processor.py:766} INFO - DAG(s) dict_keys(['example_subdag_operator.section-1', 'example_subdag_operator.section-2', 'example_subdag_operator']) retrieved from /home/airflow/.local/lib/python3.7/site-packages/airflow/example_dags/example_subdag_operator.py
[2022-11-09T04:18:08.532+0000] {logging_mixin.py:120} INFO - [2022-11-09T04:18:08.532+0000] {dag.py:2585} INFO - Sync 3 DAGs
[2022-11-09T04:18:08.544+0000] {logging_mixin.py:120} INFO - [2022-11-09T04:18:08.544+0000] {dag.py:3340} INFO - Setting next_dagrun for example_subdag_operator to 2022-01-01T00:00:00+00:00, run_after=2022-01-01T00:00:00+00:00
[2022-11-09T04:18:08.546+0000] {logging_mixin.py:120} INFO - [2022-11-09T04:18:08.546+0000] {dag.py:3340} INFO - Setting next_dagrun for example_subdag_operator.section-1 to None, run_after=None
[2022-11-09T04:18:08.547+0000] {logging_mixin.py:120} INFO - [2022-11-09T04:18:08.547+0000] {dag.py:3340} INFO - Setting next_dagrun for example_subdag_operator.section-2 to None, run_after=None
[2022-11-09T04:18:08.551+0000] {logging_mixin.py:120} INFO - [2022-11-09T04:18:08.551+0000] {dag.py:2585} INFO - Sync 2 DAGs
[2022-11-09T04:18:08.555+0000] {logging_mixin.py:120} INFO - [2022-11-09T04:18:08.555+0000] {dag.py:3340} INFO - Setting next_dagrun for example_subdag_operator.section-1 to None, run_after=None
[2022-11-09T04:18:08.555+0000] {logging_mixin.py:120} INFO - [2022-11-09T04:18:08.555+0000] {dag.py:3340} INFO - Setting next_dagrun for example_subdag_operator.section-2 to None, run_after=None
[2022-11-09T04:18:08.561+0000] {processor.py:176} INFO - Processing /home/airflow/.local/lib/python3.7/site-packages/airflow/example_dags/example_subdag_operator.py took 0.139 seconds
[2022-11-09T04:18:39.500+0000] {processor.py:154} INFO - Started process (PID=32601) to work on /home/airflow/.local/lib/python3.7/site-packages/airflow/example_dags/example_subdag_operator.py
[2022-11-09T04:18:39.501+0000] {processor.py:756} INFO - Processing file /home/airflow/.local/lib/python3.7/site-packages/airflow/example_dags/example_subdag_operator.py for tasks to queue
[2022-11-09T04:18:39.502+0000] {logging_mixin.py:120} INFO - [2022-11-09T04:18:39.502+0000] {dagbag.py:537} INFO - Filling up the DagBag from /home/airflow/.local/lib/python3.7/site-packages/airflow/example_dags/example_subdag_operator.py
[2022-11-09T04:18:39.520+0000] {processor.py:766} INFO - DAG(s) dict_keys(['example_subdag_operator.section-1', 'example_subdag_operator.section-2', 'example_subdag_operator']) retrieved from /home/airflow/.local/lib/python3.7/site-packages/airflow/example_dags/example_subdag_operator.py
[2022-11-09T04:18:39.608+0000] {logging_mixin.py:120} INFO - [2022-11-09T04:18:39.608+0000] {dag.py:2585} INFO - Sync 3 DAGs
[2022-11-09T04:18:39.621+0000] {logging_mixin.py:120} INFO - [2022-11-09T04:18:39.621+0000] {dag.py:3340} INFO - Setting next_dagrun for example_subdag_operator to 2022-01-01T00:00:00+00:00, run_after=2022-01-01T00:00:00+00:00
[2022-11-09T04:18:39.623+0000] {logging_mixin.py:120} INFO - [2022-11-09T04:18:39.623+0000] {dag.py:3340} INFO - Setting next_dagrun for example_subdag_operator.section-1 to None, run_after=None
[2022-11-09T04:18:39.624+0000] {logging_mixin.py:120} INFO - [2022-11-09T04:18:39.624+0000] {dag.py:3340} INFO - Setting next_dagrun for example_subdag_operator.section-2 to None, run_after=None
[2022-11-09T04:18:39.628+0000] {logging_mixin.py:120} INFO - [2022-11-09T04:18:39.628+0000] {dag.py:2585} INFO - Sync 2 DAGs
[2022-11-09T04:18:39.631+0000] {logging_mixin.py:120} INFO - [2022-11-09T04:18:39.631+0000] {dag.py:3340} INFO - Setting next_dagrun for example_subdag_operator.section-1 to None, run_after=None
[2022-11-09T04:18:39.631+0000] {logging_mixin.py:120} INFO - [2022-11-09T04:18:39.631+0000] {dag.py:3340} INFO - Setting next_dagrun for example_subdag_operator.section-2 to None, run_after=None
[2022-11-09T04:18:39.639+0000] {processor.py:176} INFO - Processing /home/airflow/.local/lib/python3.7/site-packages/airflow/example_dags/example_subdag_operator.py took 0.141 seconds
[2022-11-09T04:19:10.468+0000] {processor.py:154} INFO - Started process (PID=32667) to work on /home/airflow/.local/lib/python3.7/site-packages/airflow/example_dags/example_subdag_operator.py
[2022-11-09T04:19:10.469+0000] {processor.py:756} INFO - Processing file /home/airflow/.local/lib/python3.7/site-packages/airflow/example_dags/example_subdag_operator.py for tasks to queue
[2022-11-09T04:19:10.470+0000] {logging_mixin.py:120} INFO - [2022-11-09T04:19:10.470+0000] {dagbag.py:537} INFO - Filling up the DagBag from /home/airflow/.local/lib/python3.7/site-packages/airflow/example_dags/example_subdag_operator.py
[2022-11-09T04:19:10.491+0000] {processor.py:766} INFO - DAG(s) dict_keys(['example_subdag_operator.section-1', 'example_subdag_operator.section-2', 'example_subdag_operator']) retrieved from /home/airflow/.local/lib/python3.7/site-packages/airflow/example_dags/example_subdag_operator.py
[2022-11-09T04:19:10.588+0000] {logging_mixin.py:120} INFO - [2022-11-09T04:19:10.588+0000] {dag.py:2585} INFO - Sync 3 DAGs
[2022-11-09T04:19:10.608+0000] {logging_mixin.py:120} INFO - [2022-11-09T04:19:10.607+0000] {dag.py:3340} INFO - Setting next_dagrun for example_subdag_operator to 2022-01-01T00:00:00+00:00, run_after=2022-01-01T00:00:00+00:00
[2022-11-09T04:19:10.610+0000] {logging_mixin.py:120} INFO - [2022-11-09T04:19:10.610+0000] {dag.py:3340} INFO - Setting next_dagrun for example_subdag_operator.section-1 to None, run_after=None
[2022-11-09T04:19:10.611+0000] {logging_mixin.py:120} INFO - [2022-11-09T04:19:10.611+0000] {dag.py:3340} INFO - Setting next_dagrun for example_subdag_operator.section-2 to None, run_after=None
[2022-11-09T04:19:10.616+0000] {logging_mixin.py:120} INFO - [2022-11-09T04:19:10.616+0000] {dag.py:2585} INFO - Sync 2 DAGs
[2022-11-09T04:19:10.619+0000] {logging_mixin.py:120} INFO - [2022-11-09T04:19:10.619+0000] {dag.py:3340} INFO - Setting next_dagrun for example_subdag_operator.section-1 to None, run_after=None
[2022-11-09T04:19:10.620+0000] {logging_mixin.py:120} INFO - [2022-11-09T04:19:10.620+0000] {dag.py:3340} INFO - Setting next_dagrun for example_subdag_operator.section-2 to None, run_after=None
[2022-11-09T04:19:10.627+0000] {processor.py:176} INFO - Processing /home/airflow/.local/lib/python3.7/site-packages/airflow/example_dags/example_subdag_operator.py took 0.161 seconds
[2022-11-09T04:19:41.392+0000] {processor.py:154} INFO - Started process (PID=32734) to work on /home/airflow/.local/lib/python3.7/site-packages/airflow/example_dags/example_subdag_operator.py
[2022-11-09T04:19:41.392+0000] {processor.py:756} INFO - Processing file /home/airflow/.local/lib/python3.7/site-packages/airflow/example_dags/example_subdag_operator.py for tasks to queue
[2022-11-09T04:19:41.393+0000] {logging_mixin.py:120} INFO - [2022-11-09T04:19:41.393+0000] {dagbag.py:537} INFO - Filling up the DagBag from /home/airflow/.local/lib/python3.7/site-packages/airflow/example_dags/example_subdag_operator.py
[2022-11-09T04:19:41.413+0000] {processor.py:766} INFO - DAG(s) dict_keys(['example_subdag_operator.section-1', 'example_subdag_operator.section-2', 'example_subdag_operator']) retrieved from /home/airflow/.local/lib/python3.7/site-packages/airflow/example_dags/example_subdag_operator.py
[2022-11-09T04:19:41.503+0000] {logging_mixin.py:120} INFO - [2022-11-09T04:19:41.502+0000] {dag.py:2585} INFO - Sync 3 DAGs
[2022-11-09T04:19:41.516+0000] {logging_mixin.py:120} INFO - [2022-11-09T04:19:41.516+0000] {dag.py:3340} INFO - Setting next_dagrun for example_subdag_operator to 2022-01-01T00:00:00+00:00, run_after=2022-01-01T00:00:00+00:00
[2022-11-09T04:19:41.518+0000] {logging_mixin.py:120} INFO - [2022-11-09T04:19:41.518+0000] {dag.py:3340} INFO - Setting next_dagrun for example_subdag_operator.section-1 to None, run_after=None
[2022-11-09T04:19:41.519+0000] {logging_mixin.py:120} INFO - [2022-11-09T04:19:41.519+0000] {dag.py:3340} INFO - Setting next_dagrun for example_subdag_operator.section-2 to None, run_after=None
[2022-11-09T04:19:41.523+0000] {logging_mixin.py:120} INFO - [2022-11-09T04:19:41.523+0000] {dag.py:2585} INFO - Sync 2 DAGs
[2022-11-09T04:19:41.527+0000] {logging_mixin.py:120} INFO - [2022-11-09T04:19:41.527+0000] {dag.py:3340} INFO - Setting next_dagrun for example_subdag_operator.section-1 to None, run_after=None
[2022-11-09T04:19:41.527+0000] {logging_mixin.py:120} INFO - [2022-11-09T04:19:41.527+0000] {dag.py:3340} INFO - Setting next_dagrun for example_subdag_operator.section-2 to None, run_after=None
[2022-11-09T04:19:41.534+0000] {processor.py:176} INFO - Processing /home/airflow/.local/lib/python3.7/site-packages/airflow/example_dags/example_subdag_operator.py took 0.144 seconds
