[2022-11-09T00:11:59.718+0000] {processor.py:154} INFO - Started process (PID=30691) to work on /home/airflow/.local/lib/python3.7/site-packages/airflow/example_dags/example_skip_dag.py
[2022-11-09T00:11:59.719+0000] {processor.py:756} INFO - Processing file /home/airflow/.local/lib/python3.7/site-packages/airflow/example_dags/example_skip_dag.py for tasks to queue
[2022-11-09T00:11:59.719+0000] {logging_mixin.py:120} INFO - [2022-11-09T00:11:59.719+0000] {dagbag.py:537} INFO - Filling up the DagBag from /home/airflow/.local/lib/python3.7/site-packages/airflow/example_dags/example_skip_dag.py
[2022-11-09T00:11:59.730+0000] {processor.py:766} INFO - DAG(s) dict_keys(['example_skip_dag']) retrieved from /home/airflow/.local/lib/python3.7/site-packages/airflow/example_dags/example_skip_dag.py
[2022-11-09T00:11:59.765+0000] {logging_mixin.py:120} INFO - [2022-11-09T00:11:59.765+0000] {dag.py:2585} INFO - Sync 1 DAGs
[2022-11-09T00:11:59.783+0000] {logging_mixin.py:120} INFO - [2022-11-09T00:11:59.783+0000] {dag.py:3340} INFO - Setting next_dagrun for example_skip_dag to 2022-11-08T00:11:59.783016+00:00, run_after=2022-11-09T00:11:59.783016+00:00
[2022-11-09T00:11:59.817+0000] {processor.py:176} INFO - Processing /home/airflow/.local/lib/python3.7/site-packages/airflow/example_dags/example_skip_dag.py took 0.102 seconds
[2022-11-09T00:27:33.241+0000] {processor.py:154} INFO - Started process (PID=30738) to work on /home/airflow/.local/lib/python3.7/site-packages/airflow/example_dags/example_skip_dag.py
[2022-11-09T00:27:33.248+0000] {processor.py:756} INFO - Processing file /home/airflow/.local/lib/python3.7/site-packages/airflow/example_dags/example_skip_dag.py for tasks to queue
[2022-11-09T00:27:33.249+0000] {logging_mixin.py:120} INFO - [2022-11-09T00:27:33.249+0000] {dagbag.py:537} INFO - Filling up the DagBag from /home/airflow/.local/lib/python3.7/site-packages/airflow/example_dags/example_skip_dag.py
[2022-11-09T00:27:33.258+0000] {processor.py:766} INFO - DAG(s) dict_keys(['example_skip_dag']) retrieved from /home/airflow/.local/lib/python3.7/site-packages/airflow/example_dags/example_skip_dag.py
[2022-11-09T00:27:33.312+0000] {logging_mixin.py:120} INFO - [2022-11-09T00:27:33.312+0000] {dag.py:2585} INFO - Sync 1 DAGs
[2022-11-09T00:27:33.331+0000] {logging_mixin.py:120} INFO - [2022-11-09T00:27:33.331+0000] {dag.py:3340} INFO - Setting next_dagrun for example_skip_dag to 2022-11-08T00:27:33.331375+00:00, run_after=2022-11-09T00:27:33.331375+00:00
[2022-11-09T00:27:33.346+0000] {processor.py:176} INFO - Processing /home/airflow/.local/lib/python3.7/site-packages/airflow/example_dags/example_skip_dag.py took 0.108 seconds
[2022-11-09T01:00:47.479+0000] {processor.py:154} INFO - Started process (PID=30788) to work on /home/airflow/.local/lib/python3.7/site-packages/airflow/example_dags/example_skip_dag.py
[2022-11-09T01:00:47.481+0000] {processor.py:756} INFO - Processing file /home/airflow/.local/lib/python3.7/site-packages/airflow/example_dags/example_skip_dag.py for tasks to queue
[2022-11-09T01:00:47.482+0000] {logging_mixin.py:120} INFO - [2022-11-09T01:00:47.482+0000] {dagbag.py:537} INFO - Filling up the DagBag from /home/airflow/.local/lib/python3.7/site-packages/airflow/example_dags/example_skip_dag.py
[2022-11-09T01:00:47.492+0000] {processor.py:766} INFO - DAG(s) dict_keys(['example_skip_dag']) retrieved from /home/airflow/.local/lib/python3.7/site-packages/airflow/example_dags/example_skip_dag.py
[2022-11-09T01:00:47.517+0000] {logging_mixin.py:120} INFO - [2022-11-09T01:00:47.516+0000] {dag.py:2585} INFO - Sync 1 DAGs
[2022-11-09T01:00:47.532+0000] {logging_mixin.py:120} INFO - [2022-11-09T01:00:47.532+0000] {dag.py:3340} INFO - Setting next_dagrun for example_skip_dag to 2022-11-08T01:00:47.532739+00:00, run_after=2022-11-09T01:00:47.532739+00:00
[2022-11-09T01:00:47.541+0000] {processor.py:176} INFO - Processing /home/airflow/.local/lib/python3.7/site-packages/airflow/example_dags/example_skip_dag.py took 0.065 seconds
[2022-11-09T01:34:43.036+0000] {processor.py:154} INFO - Started process (PID=30836) to work on /home/airflow/.local/lib/python3.7/site-packages/airflow/example_dags/example_skip_dag.py
[2022-11-09T01:34:43.036+0000] {processor.py:756} INFO - Processing file /home/airflow/.local/lib/python3.7/site-packages/airflow/example_dags/example_skip_dag.py for tasks to queue
[2022-11-09T01:34:43.037+0000] {logging_mixin.py:120} INFO - [2022-11-09T01:34:43.037+0000] {dagbag.py:537} INFO - Filling up the DagBag from /home/airflow/.local/lib/python3.7/site-packages/airflow/example_dags/example_skip_dag.py
[2022-11-09T01:34:43.049+0000] {processor.py:766} INFO - DAG(s) dict_keys(['example_skip_dag']) retrieved from /home/airflow/.local/lib/python3.7/site-packages/airflow/example_dags/example_skip_dag.py
[2022-11-09T01:34:43.079+0000] {logging_mixin.py:120} INFO - [2022-11-09T01:34:43.079+0000] {dag.py:2585} INFO - Sync 1 DAGs
[2022-11-09T01:34:43.094+0000] {logging_mixin.py:120} INFO - [2022-11-09T01:34:43.094+0000] {dag.py:3340} INFO - Setting next_dagrun for example_skip_dag to 2022-11-08T01:34:43.094473+00:00, run_after=2022-11-09T01:34:43.094473+00:00
[2022-11-09T01:34:43.105+0000] {processor.py:176} INFO - Processing /home/airflow/.local/lib/python3.7/site-packages/airflow/example_dags/example_skip_dag.py took 0.073 seconds
[2022-11-09T01:50:23.097+0000] {processor.py:154} INFO - Started process (PID=30883) to work on /home/airflow/.local/lib/python3.7/site-packages/airflow/example_dags/example_skip_dag.py
[2022-11-09T01:50:23.098+0000] {processor.py:756} INFO - Processing file /home/airflow/.local/lib/python3.7/site-packages/airflow/example_dags/example_skip_dag.py for tasks to queue
[2022-11-09T01:50:23.098+0000] {logging_mixin.py:120} INFO - [2022-11-09T01:50:23.098+0000] {dagbag.py:537} INFO - Filling up the DagBag from /home/airflow/.local/lib/python3.7/site-packages/airflow/example_dags/example_skip_dag.py
[2022-11-09T01:50:23.110+0000] {processor.py:766} INFO - DAG(s) dict_keys(['example_skip_dag']) retrieved from /home/airflow/.local/lib/python3.7/site-packages/airflow/example_dags/example_skip_dag.py
[2022-11-09T01:50:23.436+0000] {logging_mixin.py:120} INFO - [2022-11-09T01:50:23.435+0000] {dag.py:2585} INFO - Sync 1 DAGs
[2022-11-09T01:50:23.491+0000] {logging_mixin.py:120} INFO - [2022-11-09T01:50:23.491+0000] {dag.py:3340} INFO - Setting next_dagrun for example_skip_dag to 2022-11-08T01:50:23.490757+00:00, run_after=2022-11-09T01:50:23.490757+00:00
[2022-11-09T01:50:23.588+0000] {processor.py:176} INFO - Processing /home/airflow/.local/lib/python3.7/site-packages/airflow/example_dags/example_skip_dag.py took 0.495 seconds
[2022-11-09T01:55:22.662+0000] {processor.py:154} INFO - Started process (PID=30931) to work on /home/airflow/.local/lib/python3.7/site-packages/airflow/example_dags/example_skip_dag.py
[2022-11-09T01:55:22.662+0000] {processor.py:756} INFO - Processing file /home/airflow/.local/lib/python3.7/site-packages/airflow/example_dags/example_skip_dag.py for tasks to queue
[2022-11-09T01:55:22.663+0000] {logging_mixin.py:120} INFO - [2022-11-09T01:55:22.663+0000] {dagbag.py:537} INFO - Filling up the DagBag from /home/airflow/.local/lib/python3.7/site-packages/airflow/example_dags/example_skip_dag.py
[2022-11-09T01:55:22.670+0000] {processor.py:766} INFO - DAG(s) dict_keys(['example_skip_dag']) retrieved from /home/airflow/.local/lib/python3.7/site-packages/airflow/example_dags/example_skip_dag.py
[2022-11-09T01:55:22.691+0000] {logging_mixin.py:120} INFO - [2022-11-09T01:55:22.691+0000] {dag.py:2585} INFO - Sync 1 DAGs
[2022-11-09T01:55:22.704+0000] {logging_mixin.py:120} INFO - [2022-11-09T01:55:22.704+0000] {dag.py:3340} INFO - Setting next_dagrun for example_skip_dag to 2022-11-08T01:55:22.704275+00:00, run_after=2022-11-09T01:55:22.704275+00:00
[2022-11-09T01:55:22.714+0000] {processor.py:176} INFO - Processing /home/airflow/.local/lib/python3.7/site-packages/airflow/example_dags/example_skip_dag.py took 0.054 seconds
[2022-11-09T02:10:48.093+0000] {processor.py:154} INFO - Started process (PID=30978) to work on /home/airflow/.local/lib/python3.7/site-packages/airflow/example_dags/example_skip_dag.py
[2022-11-09T02:10:48.094+0000] {processor.py:756} INFO - Processing file /home/airflow/.local/lib/python3.7/site-packages/airflow/example_dags/example_skip_dag.py for tasks to queue
[2022-11-09T02:10:48.095+0000] {logging_mixin.py:120} INFO - [2022-11-09T02:10:48.095+0000] {dagbag.py:537} INFO - Filling up the DagBag from /home/airflow/.local/lib/python3.7/site-packages/airflow/example_dags/example_skip_dag.py
[2022-11-09T02:10:48.115+0000] {processor.py:766} INFO - DAG(s) dict_keys(['example_skip_dag']) retrieved from /home/airflow/.local/lib/python3.7/site-packages/airflow/example_dags/example_skip_dag.py
[2022-11-09T02:10:48.201+0000] {logging_mixin.py:120} INFO - [2022-11-09T02:10:48.201+0000] {dag.py:2585} INFO - Sync 1 DAGs
[2022-11-09T02:10:48.230+0000] {logging_mixin.py:120} INFO - [2022-11-09T02:10:48.230+0000] {dag.py:3340} INFO - Setting next_dagrun for example_skip_dag to 2022-11-08T02:10:48.230137+00:00, run_after=2022-11-09T02:10:48.230137+00:00
[2022-11-09T02:10:48.250+0000] {processor.py:176} INFO - Processing /home/airflow/.local/lib/python3.7/site-packages/airflow/example_dags/example_skip_dag.py took 0.159 seconds
[2022-11-09T02:26:22.594+0000] {processor.py:154} INFO - Started process (PID=31025) to work on /home/airflow/.local/lib/python3.7/site-packages/airflow/example_dags/example_skip_dag.py
[2022-11-09T02:26:22.594+0000] {processor.py:756} INFO - Processing file /home/airflow/.local/lib/python3.7/site-packages/airflow/example_dags/example_skip_dag.py for tasks to queue
[2022-11-09T02:26:22.595+0000] {logging_mixin.py:120} INFO - [2022-11-09T02:26:22.594+0000] {dagbag.py:537} INFO - Filling up the DagBag from /home/airflow/.local/lib/python3.7/site-packages/airflow/example_dags/example_skip_dag.py
[2022-11-09T02:26:22.602+0000] {processor.py:766} INFO - DAG(s) dict_keys(['example_skip_dag']) retrieved from /home/airflow/.local/lib/python3.7/site-packages/airflow/example_dags/example_skip_dag.py
[2022-11-09T02:26:22.624+0000] {logging_mixin.py:120} INFO - [2022-11-09T02:26:22.624+0000] {dag.py:2585} INFO - Sync 1 DAGs
[2022-11-09T02:26:22.637+0000] {logging_mixin.py:120} INFO - [2022-11-09T02:26:22.637+0000] {dag.py:3340} INFO - Setting next_dagrun for example_skip_dag to 2022-11-08T02:26:22.637681+00:00, run_after=2022-11-09T02:26:22.637681+00:00
[2022-11-09T02:26:22.648+0000] {processor.py:176} INFO - Processing /home/airflow/.local/lib/python3.7/site-packages/airflow/example_dags/example_skip_dag.py took 0.057 seconds
[2022-11-09T02:44:00.264+0000] {processor.py:154} INFO - Started process (PID=31073) to work on /home/airflow/.local/lib/python3.7/site-packages/airflow/example_dags/example_skip_dag.py
[2022-11-09T02:44:00.277+0000] {processor.py:756} INFO - Processing file /home/airflow/.local/lib/python3.7/site-packages/airflow/example_dags/example_skip_dag.py for tasks to queue
[2022-11-09T02:44:00.278+0000] {logging_mixin.py:120} INFO - [2022-11-09T02:44:00.278+0000] {dagbag.py:537} INFO - Filling up the DagBag from /home/airflow/.local/lib/python3.7/site-packages/airflow/example_dags/example_skip_dag.py
[2022-11-09T02:44:00.299+0000] {processor.py:766} INFO - DAG(s) dict_keys(['example_skip_dag']) retrieved from /home/airflow/.local/lib/python3.7/site-packages/airflow/example_dags/example_skip_dag.py
[2022-11-09T02:44:00.361+0000] {logging_mixin.py:120} INFO - [2022-11-09T02:44:00.361+0000] {dag.py:2585} INFO - Sync 1 DAGs
[2022-11-09T02:44:00.385+0000] {logging_mixin.py:120} INFO - [2022-11-09T02:44:00.385+0000] {dag.py:3340} INFO - Setting next_dagrun for example_skip_dag to 2022-11-08T02:44:00.385152+00:00, run_after=2022-11-09T02:44:00.385152+00:00
[2022-11-09T02:44:00.422+0000] {processor.py:176} INFO - Processing /home/airflow/.local/lib/python3.7/site-packages/airflow/example_dags/example_skip_dag.py took 0.163 seconds
[2022-11-09T03:01:02.303+0000] {processor.py:154} INFO - Started process (PID=31132) to work on /home/airflow/.local/lib/python3.7/site-packages/airflow/example_dags/example_skip_dag.py
[2022-11-09T03:01:02.304+0000] {processor.py:756} INFO - Processing file /home/airflow/.local/lib/python3.7/site-packages/airflow/example_dags/example_skip_dag.py for tasks to queue
[2022-11-09T03:01:02.304+0000] {logging_mixin.py:120} INFO - [2022-11-09T03:01:02.304+0000] {dagbag.py:537} INFO - Filling up the DagBag from /home/airflow/.local/lib/python3.7/site-packages/airflow/example_dags/example_skip_dag.py
[2022-11-09T03:01:02.313+0000] {processor.py:766} INFO - DAG(s) dict_keys(['example_skip_dag']) retrieved from /home/airflow/.local/lib/python3.7/site-packages/airflow/example_dags/example_skip_dag.py
[2022-11-09T03:01:02.337+0000] {logging_mixin.py:120} INFO - [2022-11-09T03:01:02.337+0000] {dag.py:2585} INFO - Sync 1 DAGs
[2022-11-09T03:01:02.352+0000] {logging_mixin.py:120} INFO - [2022-11-09T03:01:02.352+0000] {dag.py:3340} INFO - Setting next_dagrun for example_skip_dag to 2022-11-08T03:01:02.352605+00:00, run_after=2022-11-09T03:01:02.352605+00:00
[2022-11-09T03:01:02.364+0000] {processor.py:176} INFO - Processing /home/airflow/.local/lib/python3.7/site-packages/airflow/example_dags/example_skip_dag.py took 0.063 seconds
[2022-11-09T03:03:51.447+0000] {processor.py:154} INFO - Started process (PID=31197) to work on /home/airflow/.local/lib/python3.7/site-packages/airflow/example_dags/example_skip_dag.py
[2022-11-09T03:03:51.448+0000] {processor.py:756} INFO - Processing file /home/airflow/.local/lib/python3.7/site-packages/airflow/example_dags/example_skip_dag.py for tasks to queue
[2022-11-09T03:03:51.449+0000] {logging_mixin.py:120} INFO - [2022-11-09T03:03:51.449+0000] {dagbag.py:537} INFO - Filling up the DagBag from /home/airflow/.local/lib/python3.7/site-packages/airflow/example_dags/example_skip_dag.py
[2022-11-09T03:03:51.458+0000] {processor.py:766} INFO - DAG(s) dict_keys(['example_skip_dag']) retrieved from /home/airflow/.local/lib/python3.7/site-packages/airflow/example_dags/example_skip_dag.py
[2022-11-09T03:03:51.482+0000] {logging_mixin.py:120} INFO - [2022-11-09T03:03:51.481+0000] {dag.py:2585} INFO - Sync 1 DAGs
[2022-11-09T03:03:51.495+0000] {logging_mixin.py:120} INFO - [2022-11-09T03:03:51.495+0000] {dag.py:3340} INFO - Setting next_dagrun for example_skip_dag to 2022-11-08T03:03:51.495442+00:00, run_after=2022-11-09T03:03:51.495442+00:00
[2022-11-09T03:03:51.505+0000] {processor.py:176} INFO - Processing /home/airflow/.local/lib/python3.7/site-packages/airflow/example_dags/example_skip_dag.py took 0.060 seconds
[2022-11-09T03:19:27.374+0000] {processor.py:154} INFO - Started process (PID=31244) to work on /home/airflow/.local/lib/python3.7/site-packages/airflow/example_dags/example_skip_dag.py
[2022-11-09T03:19:27.375+0000] {processor.py:756} INFO - Processing file /home/airflow/.local/lib/python3.7/site-packages/airflow/example_dags/example_skip_dag.py for tasks to queue
[2022-11-09T03:19:27.375+0000] {logging_mixin.py:120} INFO - [2022-11-09T03:19:27.375+0000] {dagbag.py:537} INFO - Filling up the DagBag from /home/airflow/.local/lib/python3.7/site-packages/airflow/example_dags/example_skip_dag.py
[2022-11-09T03:19:27.392+0000] {processor.py:766} INFO - DAG(s) dict_keys(['example_skip_dag']) retrieved from /home/airflow/.local/lib/python3.7/site-packages/airflow/example_dags/example_skip_dag.py
[2022-11-09T03:19:27.420+0000] {logging_mixin.py:120} INFO - [2022-11-09T03:19:27.419+0000] {dag.py:2585} INFO - Sync 1 DAGs
[2022-11-09T03:19:27.437+0000] {logging_mixin.py:120} INFO - [2022-11-09T03:19:27.437+0000] {dag.py:3340} INFO - Setting next_dagrun for example_skip_dag to 2022-11-08T03:19:27.436799+00:00, run_after=2022-11-09T03:19:27.436799+00:00
[2022-11-09T03:19:27.447+0000] {processor.py:176} INFO - Processing /home/airflow/.local/lib/python3.7/site-packages/airflow/example_dags/example_skip_dag.py took 0.076 seconds
[2022-11-09T03:35:50.909+0000] {processor.py:154} INFO - Started process (PID=31302) to work on /home/airflow/.local/lib/python3.7/site-packages/airflow/example_dags/example_skip_dag.py
[2022-11-09T03:35:50.910+0000] {processor.py:756} INFO - Processing file /home/airflow/.local/lib/python3.7/site-packages/airflow/example_dags/example_skip_dag.py for tasks to queue
[2022-11-09T03:35:50.911+0000] {logging_mixin.py:120} INFO - [2022-11-09T03:35:50.911+0000] {dagbag.py:537} INFO - Filling up the DagBag from /home/airflow/.local/lib/python3.7/site-packages/airflow/example_dags/example_skip_dag.py
[2022-11-09T03:35:50.922+0000] {processor.py:766} INFO - DAG(s) dict_keys(['example_skip_dag']) retrieved from /home/airflow/.local/lib/python3.7/site-packages/airflow/example_dags/example_skip_dag.py
[2022-11-09T03:35:50.954+0000] {logging_mixin.py:120} INFO - [2022-11-09T03:35:50.954+0000] {dag.py:2585} INFO - Sync 1 DAGs
[2022-11-09T03:35:50.968+0000] {logging_mixin.py:120} INFO - [2022-11-09T03:35:50.968+0000] {dag.py:3340} INFO - Setting next_dagrun for example_skip_dag to 2022-11-08T03:35:50.968434+00:00, run_after=2022-11-09T03:35:50.968434+00:00
[2022-11-09T03:35:50.979+0000] {processor.py:176} INFO - Processing /home/airflow/.local/lib/python3.7/site-packages/airflow/example_dags/example_skip_dag.py took 0.077 seconds
[2022-11-09T03:58:26.516+0000] {processor.py:154} INFO - Started process (PID=31349) to work on /home/airflow/.local/lib/python3.7/site-packages/airflow/example_dags/example_skip_dag.py
[2022-11-09T03:58:26.517+0000] {processor.py:756} INFO - Processing file /home/airflow/.local/lib/python3.7/site-packages/airflow/example_dags/example_skip_dag.py for tasks to queue
[2022-11-09T03:58:26.517+0000] {logging_mixin.py:120} INFO - [2022-11-09T03:58:26.517+0000] {dagbag.py:537} INFO - Filling up the DagBag from /home/airflow/.local/lib/python3.7/site-packages/airflow/example_dags/example_skip_dag.py
[2022-11-09T03:58:26.527+0000] {processor.py:766} INFO - DAG(s) dict_keys(['example_skip_dag']) retrieved from /home/airflow/.local/lib/python3.7/site-packages/airflow/example_dags/example_skip_dag.py
[2022-11-09T03:58:26.554+0000] {logging_mixin.py:120} INFO - [2022-11-09T03:58:26.554+0000] {dag.py:2585} INFO - Sync 1 DAGs
[2022-11-09T03:58:26.569+0000] {logging_mixin.py:120} INFO - [2022-11-09T03:58:26.569+0000] {dag.py:3340} INFO - Setting next_dagrun for example_skip_dag to 2022-11-08T03:58:26.569400+00:00, run_after=2022-11-09T03:58:26.569400+00:00
[2022-11-09T03:58:26.582+0000] {processor.py:176} INFO - Processing /home/airflow/.local/lib/python3.7/site-packages/airflow/example_dags/example_skip_dag.py took 0.068 seconds
[2022-11-09T03:58:57.260+0000] {processor.py:154} INFO - Started process (PID=31419) to work on /home/airflow/.local/lib/python3.7/site-packages/airflow/example_dags/example_skip_dag.py
[2022-11-09T03:58:57.261+0000] {processor.py:756} INFO - Processing file /home/airflow/.local/lib/python3.7/site-packages/airflow/example_dags/example_skip_dag.py for tasks to queue
[2022-11-09T03:58:57.262+0000] {logging_mixin.py:120} INFO - [2022-11-09T03:58:57.262+0000] {dagbag.py:537} INFO - Filling up the DagBag from /home/airflow/.local/lib/python3.7/site-packages/airflow/example_dags/example_skip_dag.py
[2022-11-09T03:58:57.270+0000] {processor.py:766} INFO - DAG(s) dict_keys(['example_skip_dag']) retrieved from /home/airflow/.local/lib/python3.7/site-packages/airflow/example_dags/example_skip_dag.py
[2022-11-09T03:58:57.293+0000] {logging_mixin.py:120} INFO - [2022-11-09T03:58:57.293+0000] {dag.py:2585} INFO - Sync 1 DAGs
[2022-11-09T03:58:57.309+0000] {logging_mixin.py:120} INFO - [2022-11-09T03:58:57.309+0000] {dag.py:3340} INFO - Setting next_dagrun for example_skip_dag to 2022-11-08T03:58:57.309210+00:00, run_after=2022-11-09T03:58:57.309210+00:00
[2022-11-09T03:58:57.323+0000] {processor.py:176} INFO - Processing /home/airflow/.local/lib/python3.7/site-packages/airflow/example_dags/example_skip_dag.py took 0.064 seconds
[2022-11-09T03:59:28.260+0000] {processor.py:154} INFO - Started process (PID=31491) to work on /home/airflow/.local/lib/python3.7/site-packages/airflow/example_dags/example_skip_dag.py
[2022-11-09T03:59:28.260+0000] {processor.py:756} INFO - Processing file /home/airflow/.local/lib/python3.7/site-packages/airflow/example_dags/example_skip_dag.py for tasks to queue
[2022-11-09T03:59:28.261+0000] {logging_mixin.py:120} INFO - [2022-11-09T03:59:28.261+0000] {dagbag.py:537} INFO - Filling up the DagBag from /home/airflow/.local/lib/python3.7/site-packages/airflow/example_dags/example_skip_dag.py
[2022-11-09T03:59:28.269+0000] {processor.py:766} INFO - DAG(s) dict_keys(['example_skip_dag']) retrieved from /home/airflow/.local/lib/python3.7/site-packages/airflow/example_dags/example_skip_dag.py
[2022-11-09T03:59:28.292+0000] {logging_mixin.py:120} INFO - [2022-11-09T03:59:28.292+0000] {dag.py:2585} INFO - Sync 1 DAGs
[2022-11-09T03:59:28.304+0000] {logging_mixin.py:120} INFO - [2022-11-09T03:59:28.304+0000] {dag.py:3340} INFO - Setting next_dagrun for example_skip_dag to 2022-11-08T03:59:28.304266+00:00, run_after=2022-11-09T03:59:28.304266+00:00
[2022-11-09T03:59:28.315+0000] {processor.py:176} INFO - Processing /home/airflow/.local/lib/python3.7/site-packages/airflow/example_dags/example_skip_dag.py took 0.057 seconds
[2022-11-09T03:59:59.185+0000] {processor.py:154} INFO - Started process (PID=31548) to work on /home/airflow/.local/lib/python3.7/site-packages/airflow/example_dags/example_skip_dag.py
[2022-11-09T03:59:59.185+0000] {processor.py:756} INFO - Processing file /home/airflow/.local/lib/python3.7/site-packages/airflow/example_dags/example_skip_dag.py for tasks to queue
[2022-11-09T03:59:59.186+0000] {logging_mixin.py:120} INFO - [2022-11-09T03:59:59.186+0000] {dagbag.py:537} INFO - Filling up the DagBag from /home/airflow/.local/lib/python3.7/site-packages/airflow/example_dags/example_skip_dag.py
[2022-11-09T03:59:59.195+0000] {processor.py:766} INFO - DAG(s) dict_keys(['example_skip_dag']) retrieved from /home/airflow/.local/lib/python3.7/site-packages/airflow/example_dags/example_skip_dag.py
[2022-11-09T03:59:59.220+0000] {logging_mixin.py:120} INFO - [2022-11-09T03:59:59.220+0000] {dag.py:2585} INFO - Sync 1 DAGs
[2022-11-09T03:59:59.235+0000] {logging_mixin.py:120} INFO - [2022-11-09T03:59:59.235+0000] {dag.py:3340} INFO - Setting next_dagrun for example_skip_dag to 2022-11-08T03:59:59.235143+00:00, run_after=2022-11-09T03:59:59.235143+00:00
[2022-11-09T03:59:59.247+0000] {processor.py:176} INFO - Processing /home/airflow/.local/lib/python3.7/site-packages/airflow/example_dags/example_skip_dag.py took 0.064 seconds
[2022-11-09T04:00:30.070+0000] {processor.py:154} INFO - Started process (PID=31614) to work on /home/airflow/.local/lib/python3.7/site-packages/airflow/example_dags/example_skip_dag.py
[2022-11-09T04:00:30.070+0000] {processor.py:756} INFO - Processing file /home/airflow/.local/lib/python3.7/site-packages/airflow/example_dags/example_skip_dag.py for tasks to queue
[2022-11-09T04:00:30.071+0000] {logging_mixin.py:120} INFO - [2022-11-09T04:00:30.071+0000] {dagbag.py:537} INFO - Filling up the DagBag from /home/airflow/.local/lib/python3.7/site-packages/airflow/example_dags/example_skip_dag.py
[2022-11-09T04:00:30.080+0000] {processor.py:766} INFO - DAG(s) dict_keys(['example_skip_dag']) retrieved from /home/airflow/.local/lib/python3.7/site-packages/airflow/example_dags/example_skip_dag.py
[2022-11-09T04:00:30.102+0000] {logging_mixin.py:120} INFO - [2022-11-09T04:00:30.102+0000] {dag.py:2585} INFO - Sync 1 DAGs
[2022-11-09T04:00:30.115+0000] {logging_mixin.py:120} INFO - [2022-11-09T04:00:30.115+0000] {dag.py:3340} INFO - Setting next_dagrun for example_skip_dag to 2022-11-08T04:00:30.115515+00:00, run_after=2022-11-09T04:00:30.115515+00:00
[2022-11-09T04:00:30.126+0000] {processor.py:176} INFO - Processing /home/airflow/.local/lib/python3.7/site-packages/airflow/example_dags/example_skip_dag.py took 0.059 seconds
[2022-11-09T04:01:01.194+0000] {processor.py:154} INFO - Started process (PID=31679) to work on /home/airflow/.local/lib/python3.7/site-packages/airflow/example_dags/example_skip_dag.py
[2022-11-09T04:01:01.194+0000] {processor.py:756} INFO - Processing file /home/airflow/.local/lib/python3.7/site-packages/airflow/example_dags/example_skip_dag.py for tasks to queue
[2022-11-09T04:01:01.195+0000] {logging_mixin.py:120} INFO - [2022-11-09T04:01:01.194+0000] {dagbag.py:537} INFO - Filling up the DagBag from /home/airflow/.local/lib/python3.7/site-packages/airflow/example_dags/example_skip_dag.py
[2022-11-09T04:01:01.203+0000] {processor.py:766} INFO - DAG(s) dict_keys(['example_skip_dag']) retrieved from /home/airflow/.local/lib/python3.7/site-packages/airflow/example_dags/example_skip_dag.py
[2022-11-09T04:01:01.225+0000] {logging_mixin.py:120} INFO - [2022-11-09T04:01:01.225+0000] {dag.py:2585} INFO - Sync 1 DAGs
[2022-11-09T04:01:01.238+0000] {logging_mixin.py:120} INFO - [2022-11-09T04:01:01.238+0000] {dag.py:3340} INFO - Setting next_dagrun for example_skip_dag to 2022-11-08T04:01:01.238373+00:00, run_after=2022-11-09T04:01:01.238373+00:00
[2022-11-09T04:01:01.248+0000] {processor.py:176} INFO - Processing /home/airflow/.local/lib/python3.7/site-packages/airflow/example_dags/example_skip_dag.py took 0.056 seconds
[2022-11-09T04:01:31.274+0000] {processor.py:154} INFO - Started process (PID=31745) to work on /home/airflow/.local/lib/python3.7/site-packages/airflow/example_dags/example_skip_dag.py
[2022-11-09T04:01:31.274+0000] {processor.py:756} INFO - Processing file /home/airflow/.local/lib/python3.7/site-packages/airflow/example_dags/example_skip_dag.py for tasks to queue
[2022-11-09T04:01:31.275+0000] {logging_mixin.py:120} INFO - [2022-11-09T04:01:31.275+0000] {dagbag.py:537} INFO - Filling up the DagBag from /home/airflow/.local/lib/python3.7/site-packages/airflow/example_dags/example_skip_dag.py
[2022-11-09T04:01:31.283+0000] {processor.py:766} INFO - DAG(s) dict_keys(['example_skip_dag']) retrieved from /home/airflow/.local/lib/python3.7/site-packages/airflow/example_dags/example_skip_dag.py
[2022-11-09T04:01:31.306+0000] {logging_mixin.py:120} INFO - [2022-11-09T04:01:31.306+0000] {dag.py:2585} INFO - Sync 1 DAGs
[2022-11-09T04:01:31.320+0000] {logging_mixin.py:120} INFO - [2022-11-09T04:01:31.320+0000] {dag.py:3340} INFO - Setting next_dagrun for example_skip_dag to 2022-11-08T04:01:31.319901+00:00, run_after=2022-11-09T04:01:31.319901+00:00
[2022-11-09T04:01:31.330+0000] {processor.py:176} INFO - Processing /home/airflow/.local/lib/python3.7/site-packages/airflow/example_dags/example_skip_dag.py took 0.058 seconds
[2022-11-09T04:02:01.384+0000] {processor.py:154} INFO - Started process (PID=31814) to work on /home/airflow/.local/lib/python3.7/site-packages/airflow/example_dags/example_skip_dag.py
[2022-11-09T04:02:01.385+0000] {processor.py:756} INFO - Processing file /home/airflow/.local/lib/python3.7/site-packages/airflow/example_dags/example_skip_dag.py for tasks to queue
[2022-11-09T04:02:01.385+0000] {logging_mixin.py:120} INFO - [2022-11-09T04:02:01.385+0000] {dagbag.py:537} INFO - Filling up the DagBag from /home/airflow/.local/lib/python3.7/site-packages/airflow/example_dags/example_skip_dag.py
[2022-11-09T04:02:01.393+0000] {processor.py:766} INFO - DAG(s) dict_keys(['example_skip_dag']) retrieved from /home/airflow/.local/lib/python3.7/site-packages/airflow/example_dags/example_skip_dag.py
[2022-11-09T04:02:01.413+0000] {logging_mixin.py:120} INFO - [2022-11-09T04:02:01.413+0000] {dag.py:2585} INFO - Sync 1 DAGs
[2022-11-09T04:02:01.425+0000] {logging_mixin.py:120} INFO - [2022-11-09T04:02:01.425+0000] {dag.py:3340} INFO - Setting next_dagrun for example_skip_dag to 2022-11-08T04:02:01.425234+00:00, run_after=2022-11-09T04:02:01.425234+00:00
[2022-11-09T04:02:01.435+0000] {processor.py:176} INFO - Processing /home/airflow/.local/lib/python3.7/site-packages/airflow/example_dags/example_skip_dag.py took 0.052 seconds
[2022-11-09T04:02:31.536+0000] {processor.py:154} INFO - Started process (PID=31882) to work on /home/airflow/.local/lib/python3.7/site-packages/airflow/example_dags/example_skip_dag.py
[2022-11-09T04:02:31.536+0000] {processor.py:756} INFO - Processing file /home/airflow/.local/lib/python3.7/site-packages/airflow/example_dags/example_skip_dag.py for tasks to queue
[2022-11-09T04:02:31.537+0000] {logging_mixin.py:120} INFO - [2022-11-09T04:02:31.537+0000] {dagbag.py:537} INFO - Filling up the DagBag from /home/airflow/.local/lib/python3.7/site-packages/airflow/example_dags/example_skip_dag.py
[2022-11-09T04:02:31.545+0000] {processor.py:766} INFO - DAG(s) dict_keys(['example_skip_dag']) retrieved from /home/airflow/.local/lib/python3.7/site-packages/airflow/example_dags/example_skip_dag.py
[2022-11-09T04:02:31.566+0000] {logging_mixin.py:120} INFO - [2022-11-09T04:02:31.566+0000] {dag.py:2585} INFO - Sync 1 DAGs
[2022-11-09T04:02:31.579+0000] {logging_mixin.py:120} INFO - [2022-11-09T04:02:31.579+0000] {dag.py:3340} INFO - Setting next_dagrun for example_skip_dag to 2022-11-08T04:02:31.579595+00:00, run_after=2022-11-09T04:02:31.579595+00:00
[2022-11-09T04:02:31.590+0000] {processor.py:176} INFO - Processing /home/airflow/.local/lib/python3.7/site-packages/airflow/example_dags/example_skip_dag.py took 0.057 seconds
[2022-11-09T04:03:02.690+0000] {processor.py:154} INFO - Started process (PID=31948) to work on /home/airflow/.local/lib/python3.7/site-packages/airflow/example_dags/example_skip_dag.py
[2022-11-09T04:03:02.691+0000] {processor.py:756} INFO - Processing file /home/airflow/.local/lib/python3.7/site-packages/airflow/example_dags/example_skip_dag.py for tasks to queue
[2022-11-09T04:03:02.692+0000] {logging_mixin.py:120} INFO - [2022-11-09T04:03:02.691+0000] {dagbag.py:537} INFO - Filling up the DagBag from /home/airflow/.local/lib/python3.7/site-packages/airflow/example_dags/example_skip_dag.py
[2022-11-09T04:03:02.699+0000] {processor.py:766} INFO - DAG(s) dict_keys(['example_skip_dag']) retrieved from /home/airflow/.local/lib/python3.7/site-packages/airflow/example_dags/example_skip_dag.py
[2022-11-09T04:03:02.722+0000] {logging_mixin.py:120} INFO - [2022-11-09T04:03:02.722+0000] {dag.py:2585} INFO - Sync 1 DAGs
[2022-11-09T04:03:02.754+0000] {logging_mixin.py:120} INFO - [2022-11-09T04:03:02.754+0000] {dag.py:3340} INFO - Setting next_dagrun for example_skip_dag to 2022-11-08T04:03:02.754149+00:00, run_after=2022-11-09T04:03:02.754149+00:00
[2022-11-09T04:03:02.768+0000] {processor.py:176} INFO - Processing /home/airflow/.local/lib/python3.7/site-packages/airflow/example_dags/example_skip_dag.py took 0.080 seconds
[2022-11-09T04:03:32.963+0000] {processor.py:154} INFO - Started process (PID=32004) to work on /home/airflow/.local/lib/python3.7/site-packages/airflow/example_dags/example_skip_dag.py
[2022-11-09T04:03:32.964+0000] {processor.py:756} INFO - Processing file /home/airflow/.local/lib/python3.7/site-packages/airflow/example_dags/example_skip_dag.py for tasks to queue
[2022-11-09T04:03:32.965+0000] {logging_mixin.py:120} INFO - [2022-11-09T04:03:32.965+0000] {dagbag.py:537} INFO - Filling up the DagBag from /home/airflow/.local/lib/python3.7/site-packages/airflow/example_dags/example_skip_dag.py
[2022-11-09T04:03:32.972+0000] {processor.py:766} INFO - DAG(s) dict_keys(['example_skip_dag']) retrieved from /home/airflow/.local/lib/python3.7/site-packages/airflow/example_dags/example_skip_dag.py
[2022-11-09T04:03:32.996+0000] {logging_mixin.py:120} INFO - [2022-11-09T04:03:32.996+0000] {dag.py:2585} INFO - Sync 1 DAGs
[2022-11-09T04:03:33.009+0000] {logging_mixin.py:120} INFO - [2022-11-09T04:03:33.009+0000] {dag.py:3340} INFO - Setting next_dagrun for example_skip_dag to 2022-11-08T04:03:33.009358+00:00, run_after=2022-11-09T04:03:33.009358+00:00
[2022-11-09T04:03:33.019+0000] {processor.py:176} INFO - Processing /home/airflow/.local/lib/python3.7/site-packages/airflow/example_dags/example_skip_dag.py took 0.059 seconds
[2022-11-09T04:04:04.098+0000] {processor.py:154} INFO - Started process (PID=32073) to work on /home/airflow/.local/lib/python3.7/site-packages/airflow/example_dags/example_skip_dag.py
[2022-11-09T04:04:04.099+0000] {processor.py:756} INFO - Processing file /home/airflow/.local/lib/python3.7/site-packages/airflow/example_dags/example_skip_dag.py for tasks to queue
[2022-11-09T04:04:04.099+0000] {logging_mixin.py:120} INFO - [2022-11-09T04:04:04.099+0000] {dagbag.py:537} INFO - Filling up the DagBag from /home/airflow/.local/lib/python3.7/site-packages/airflow/example_dags/example_skip_dag.py
[2022-11-09T04:04:04.107+0000] {processor.py:766} INFO - DAG(s) dict_keys(['example_skip_dag']) retrieved from /home/airflow/.local/lib/python3.7/site-packages/airflow/example_dags/example_skip_dag.py
[2022-11-09T04:04:04.132+0000] {logging_mixin.py:120} INFO - [2022-11-09T04:04:04.132+0000] {dag.py:2585} INFO - Sync 1 DAGs
[2022-11-09T04:04:04.145+0000] {logging_mixin.py:120} INFO - [2022-11-09T04:04:04.145+0000] {dag.py:3340} INFO - Setting next_dagrun for example_skip_dag to 2022-11-08T04:04:04.145140+00:00, run_after=2022-11-09T04:04:04.145140+00:00
[2022-11-09T04:04:04.156+0000] {processor.py:176} INFO - Processing /home/airflow/.local/lib/python3.7/site-packages/airflow/example_dags/example_skip_dag.py took 0.059 seconds
[2022-11-09T04:04:35.207+0000] {processor.py:154} INFO - Started process (PID=32144) to work on /home/airflow/.local/lib/python3.7/site-packages/airflow/example_dags/example_skip_dag.py
[2022-11-09T04:04:35.207+0000] {processor.py:756} INFO - Processing file /home/airflow/.local/lib/python3.7/site-packages/airflow/example_dags/example_skip_dag.py for tasks to queue
[2022-11-09T04:04:35.208+0000] {logging_mixin.py:120} INFO - [2022-11-09T04:04:35.208+0000] {dagbag.py:537} INFO - Filling up the DagBag from /home/airflow/.local/lib/python3.7/site-packages/airflow/example_dags/example_skip_dag.py
[2022-11-09T04:04:35.216+0000] {processor.py:766} INFO - DAG(s) dict_keys(['example_skip_dag']) retrieved from /home/airflow/.local/lib/python3.7/site-packages/airflow/example_dags/example_skip_dag.py
[2022-11-09T04:04:35.239+0000] {logging_mixin.py:120} INFO - [2022-11-09T04:04:35.239+0000] {dag.py:2585} INFO - Sync 1 DAGs
[2022-11-09T04:04:35.254+0000] {logging_mixin.py:120} INFO - [2022-11-09T04:04:35.254+0000] {dag.py:3340} INFO - Setting next_dagrun for example_skip_dag to 2022-11-08T04:04:35.253991+00:00, run_after=2022-11-09T04:04:35.253991+00:00
[2022-11-09T04:04:35.266+0000] {processor.py:176} INFO - Processing /home/airflow/.local/lib/python3.7/site-packages/airflow/example_dags/example_skip_dag.py took 0.061 seconds
[2022-11-09T04:05:06.254+0000] {processor.py:154} INFO - Started process (PID=32211) to work on /home/airflow/.local/lib/python3.7/site-packages/airflow/example_dags/example_skip_dag.py
[2022-11-09T04:05:06.255+0000] {processor.py:756} INFO - Processing file /home/airflow/.local/lib/python3.7/site-packages/airflow/example_dags/example_skip_dag.py for tasks to queue
[2022-11-09T04:05:06.255+0000] {logging_mixin.py:120} INFO - [2022-11-09T04:05:06.255+0000] {dagbag.py:537} INFO - Filling up the DagBag from /home/airflow/.local/lib/python3.7/site-packages/airflow/example_dags/example_skip_dag.py
[2022-11-09T04:05:06.263+0000] {processor.py:766} INFO - DAG(s) dict_keys(['example_skip_dag']) retrieved from /home/airflow/.local/lib/python3.7/site-packages/airflow/example_dags/example_skip_dag.py
[2022-11-09T04:05:06.286+0000] {logging_mixin.py:120} INFO - [2022-11-09T04:05:06.285+0000] {dag.py:2585} INFO - Sync 1 DAGs
[2022-11-09T04:05:06.299+0000] {logging_mixin.py:120} INFO - [2022-11-09T04:05:06.299+0000] {dag.py:3340} INFO - Setting next_dagrun for example_skip_dag to 2022-11-08T04:05:06.299264+00:00, run_after=2022-11-09T04:05:06.299264+00:00
[2022-11-09T04:05:06.311+0000] {processor.py:176} INFO - Processing /home/airflow/.local/lib/python3.7/site-packages/airflow/example_dags/example_skip_dag.py took 0.059 seconds
[2022-11-09T04:05:37.119+0000] {processor.py:154} INFO - Started process (PID=32276) to work on /home/airflow/.local/lib/python3.7/site-packages/airflow/example_dags/example_skip_dag.py
[2022-11-09T04:05:37.119+0000] {processor.py:756} INFO - Processing file /home/airflow/.local/lib/python3.7/site-packages/airflow/example_dags/example_skip_dag.py for tasks to queue
[2022-11-09T04:05:37.120+0000] {logging_mixin.py:120} INFO - [2022-11-09T04:05:37.119+0000] {dagbag.py:537} INFO - Filling up the DagBag from /home/airflow/.local/lib/python3.7/site-packages/airflow/example_dags/example_skip_dag.py
[2022-11-09T04:05:37.128+0000] {processor.py:766} INFO - DAG(s) dict_keys(['example_skip_dag']) retrieved from /home/airflow/.local/lib/python3.7/site-packages/airflow/example_dags/example_skip_dag.py
[2022-11-09T04:05:37.150+0000] {logging_mixin.py:120} INFO - [2022-11-09T04:05:37.150+0000] {dag.py:2585} INFO - Sync 1 DAGs
[2022-11-09T04:05:37.164+0000] {logging_mixin.py:120} INFO - [2022-11-09T04:05:37.164+0000] {dag.py:3340} INFO - Setting next_dagrun for example_skip_dag to 2022-11-08T04:05:37.164582+00:00, run_after=2022-11-09T04:05:37.164582+00:00
[2022-11-09T04:05:37.176+0000] {processor.py:176} INFO - Processing /home/airflow/.local/lib/python3.7/site-packages/airflow/example_dags/example_skip_dag.py took 0.059 seconds
[2022-11-09T04:06:07.918+0000] {processor.py:154} INFO - Started process (PID=32341) to work on /home/airflow/.local/lib/python3.7/site-packages/airflow/example_dags/example_skip_dag.py
[2022-11-09T04:06:07.918+0000] {processor.py:756} INFO - Processing file /home/airflow/.local/lib/python3.7/site-packages/airflow/example_dags/example_skip_dag.py for tasks to queue
[2022-11-09T04:06:07.919+0000] {logging_mixin.py:120} INFO - [2022-11-09T04:06:07.919+0000] {dagbag.py:537} INFO - Filling up the DagBag from /home/airflow/.local/lib/python3.7/site-packages/airflow/example_dags/example_skip_dag.py
[2022-11-09T04:06:07.928+0000] {processor.py:766} INFO - DAG(s) dict_keys(['example_skip_dag']) retrieved from /home/airflow/.local/lib/python3.7/site-packages/airflow/example_dags/example_skip_dag.py
[2022-11-09T04:06:07.950+0000] {logging_mixin.py:120} INFO - [2022-11-09T04:06:07.950+0000] {dag.py:2585} INFO - Sync 1 DAGs
[2022-11-09T04:06:07.964+0000] {logging_mixin.py:120} INFO - [2022-11-09T04:06:07.963+0000] {dag.py:3340} INFO - Setting next_dagrun for example_skip_dag to 2022-11-08T04:06:07.963795+00:00, run_after=2022-11-09T04:06:07.963795+00:00
[2022-11-09T04:06:07.975+0000] {processor.py:176} INFO - Processing /home/airflow/.local/lib/python3.7/site-packages/airflow/example_dags/example_skip_dag.py took 0.059 seconds
[2022-11-09T04:06:38.781+0000] {processor.py:154} INFO - Started process (PID=32410) to work on /home/airflow/.local/lib/python3.7/site-packages/airflow/example_dags/example_skip_dag.py
[2022-11-09T04:06:38.782+0000] {processor.py:756} INFO - Processing file /home/airflow/.local/lib/python3.7/site-packages/airflow/example_dags/example_skip_dag.py for tasks to queue
[2022-11-09T04:06:38.782+0000] {logging_mixin.py:120} INFO - [2022-11-09T04:06:38.782+0000] {dagbag.py:537} INFO - Filling up the DagBag from /home/airflow/.local/lib/python3.7/site-packages/airflow/example_dags/example_skip_dag.py
[2022-11-09T04:06:38.792+0000] {processor.py:766} INFO - DAG(s) dict_keys(['example_skip_dag']) retrieved from /home/airflow/.local/lib/python3.7/site-packages/airflow/example_dags/example_skip_dag.py
[2022-11-09T04:06:38.816+0000] {logging_mixin.py:120} INFO - [2022-11-09T04:06:38.816+0000] {dag.py:2585} INFO - Sync 1 DAGs
[2022-11-09T04:06:38.831+0000] {logging_mixin.py:120} INFO - [2022-11-09T04:06:38.831+0000] {dag.py:3340} INFO - Setting next_dagrun for example_skip_dag to 2022-11-08T04:06:38.831307+00:00, run_after=2022-11-09T04:06:38.831307+00:00
[2022-11-09T04:06:38.842+0000] {processor.py:176} INFO - Processing /home/airflow/.local/lib/python3.7/site-packages/airflow/example_dags/example_skip_dag.py took 0.064 seconds
[2022-11-09T04:17:38.006+0000] {processor.py:154} INFO - Started process (PID=32469) to work on /home/airflow/.local/lib/python3.7/site-packages/airflow/example_dags/example_skip_dag.py
[2022-11-09T04:17:38.007+0000] {processor.py:756} INFO - Processing file /home/airflow/.local/lib/python3.7/site-packages/airflow/example_dags/example_skip_dag.py for tasks to queue
[2022-11-09T04:17:38.008+0000] {logging_mixin.py:120} INFO - [2022-11-09T04:17:38.008+0000] {dagbag.py:537} INFO - Filling up the DagBag from /home/airflow/.local/lib/python3.7/site-packages/airflow/example_dags/example_skip_dag.py
[2022-11-09T04:17:38.034+0000] {processor.py:766} INFO - DAG(s) dict_keys(['example_skip_dag']) retrieved from /home/airflow/.local/lib/python3.7/site-packages/airflow/example_dags/example_skip_dag.py
[2022-11-09T04:17:38.084+0000] {logging_mixin.py:120} INFO - [2022-11-09T04:17:38.084+0000] {dag.py:2585} INFO - Sync 1 DAGs
[2022-11-09T04:17:38.116+0000] {logging_mixin.py:120} INFO - [2022-11-09T04:17:38.116+0000] {dag.py:3340} INFO - Setting next_dagrun for example_skip_dag to 2022-11-08T04:17:38.116533+00:00, run_after=2022-11-09T04:17:38.116533+00:00
[2022-11-09T04:17:38.137+0000] {processor.py:176} INFO - Processing /home/airflow/.local/lib/python3.7/site-packages/airflow/example_dags/example_skip_dag.py took 0.140 seconds
[2022-11-09T04:18:08.501+0000] {processor.py:154} INFO - Started process (PID=32536) to work on /home/airflow/.local/lib/python3.7/site-packages/airflow/example_dags/example_skip_dag.py
[2022-11-09T04:18:08.502+0000] {processor.py:756} INFO - Processing file /home/airflow/.local/lib/python3.7/site-packages/airflow/example_dags/example_skip_dag.py for tasks to queue
[2022-11-09T04:18:08.502+0000] {logging_mixin.py:120} INFO - [2022-11-09T04:18:08.502+0000] {dagbag.py:537} INFO - Filling up the DagBag from /home/airflow/.local/lib/python3.7/site-packages/airflow/example_dags/example_skip_dag.py
[2022-11-09T04:18:08.510+0000] {processor.py:766} INFO - DAG(s) dict_keys(['example_skip_dag']) retrieved from /home/airflow/.local/lib/python3.7/site-packages/airflow/example_dags/example_skip_dag.py
[2022-11-09T04:18:08.533+0000] {logging_mixin.py:120} INFO - [2022-11-09T04:18:08.533+0000] {dag.py:2585} INFO - Sync 1 DAGs
[2022-11-09T04:18:08.545+0000] {logging_mixin.py:120} INFO - [2022-11-09T04:18:08.545+0000] {dag.py:3340} INFO - Setting next_dagrun for example_skip_dag to 2022-11-08T04:18:08.545051+00:00, run_after=2022-11-09T04:18:08.545051+00:00
[2022-11-09T04:18:08.555+0000] {processor.py:176} INFO - Processing /home/airflow/.local/lib/python3.7/site-packages/airflow/example_dags/example_skip_dag.py took 0.055 seconds
[2022-11-09T04:18:39.569+0000] {processor.py:154} INFO - Started process (PID=32603) to work on /home/airflow/.local/lib/python3.7/site-packages/airflow/example_dags/example_skip_dag.py
[2022-11-09T04:18:39.570+0000] {processor.py:756} INFO - Processing file /home/airflow/.local/lib/python3.7/site-packages/airflow/example_dags/example_skip_dag.py for tasks to queue
[2022-11-09T04:18:39.570+0000] {logging_mixin.py:120} INFO - [2022-11-09T04:18:39.570+0000] {dagbag.py:537} INFO - Filling up the DagBag from /home/airflow/.local/lib/python3.7/site-packages/airflow/example_dags/example_skip_dag.py
[2022-11-09T04:18:39.579+0000] {processor.py:766} INFO - DAG(s) dict_keys(['example_skip_dag']) retrieved from /home/airflow/.local/lib/python3.7/site-packages/airflow/example_dags/example_skip_dag.py
[2022-11-09T04:18:39.602+0000] {logging_mixin.py:120} INFO - [2022-11-09T04:18:39.602+0000] {dag.py:2585} INFO - Sync 1 DAGs
[2022-11-09T04:18:39.616+0000] {logging_mixin.py:120} INFO - [2022-11-09T04:18:39.615+0000] {dag.py:3340} INFO - Setting next_dagrun for example_skip_dag to 2022-11-08T04:18:39.615822+00:00, run_after=2022-11-09T04:18:39.615822+00:00
[2022-11-09T04:18:39.626+0000] {processor.py:176} INFO - Processing /home/airflow/.local/lib/python3.7/site-packages/airflow/example_dags/example_skip_dag.py took 0.059 seconds
[2022-11-09T04:19:10.619+0000] {processor.py:154} INFO - Started process (PID=32669) to work on /home/airflow/.local/lib/python3.7/site-packages/airflow/example_dags/example_skip_dag.py
[2022-11-09T04:19:10.620+0000] {processor.py:756} INFO - Processing file /home/airflow/.local/lib/python3.7/site-packages/airflow/example_dags/example_skip_dag.py for tasks to queue
[2022-11-09T04:19:10.621+0000] {logging_mixin.py:120} INFO - [2022-11-09T04:19:10.620+0000] {dagbag.py:537} INFO - Filling up the DagBag from /home/airflow/.local/lib/python3.7/site-packages/airflow/example_dags/example_skip_dag.py
[2022-11-09T04:19:10.629+0000] {processor.py:766} INFO - DAG(s) dict_keys(['example_skip_dag']) retrieved from /home/airflow/.local/lib/python3.7/site-packages/airflow/example_dags/example_skip_dag.py
[2022-11-09T04:19:10.655+0000] {logging_mixin.py:120} INFO - [2022-11-09T04:19:10.655+0000] {dag.py:2585} INFO - Sync 1 DAGs
[2022-11-09T04:19:10.670+0000] {logging_mixin.py:120} INFO - [2022-11-09T04:19:10.670+0000] {dag.py:3340} INFO - Setting next_dagrun for example_skip_dag to 2022-11-08T04:19:10.669866+00:00, run_after=2022-11-09T04:19:10.669866+00:00
[2022-11-09T04:19:10.681+0000] {processor.py:176} INFO - Processing /home/airflow/.local/lib/python3.7/site-packages/airflow/example_dags/example_skip_dag.py took 0.064 seconds
[2022-11-09T04:19:41.533+0000] {processor.py:154} INFO - Started process (PID=32736) to work on /home/airflow/.local/lib/python3.7/site-packages/airflow/example_dags/example_skip_dag.py
[2022-11-09T04:19:41.533+0000] {processor.py:756} INFO - Processing file /home/airflow/.local/lib/python3.7/site-packages/airflow/example_dags/example_skip_dag.py for tasks to queue
[2022-11-09T04:19:41.534+0000] {logging_mixin.py:120} INFO - [2022-11-09T04:19:41.534+0000] {dagbag.py:537} INFO - Filling up the DagBag from /home/airflow/.local/lib/python3.7/site-packages/airflow/example_dags/example_skip_dag.py
[2022-11-09T04:19:41.542+0000] {processor.py:766} INFO - DAG(s) dict_keys(['example_skip_dag']) retrieved from /home/airflow/.local/lib/python3.7/site-packages/airflow/example_dags/example_skip_dag.py
[2022-11-09T04:19:41.565+0000] {logging_mixin.py:120} INFO - [2022-11-09T04:19:41.565+0000] {dag.py:2585} INFO - Sync 1 DAGs
[2022-11-09T04:19:41.580+0000] {logging_mixin.py:120} INFO - [2022-11-09T04:19:41.580+0000] {dag.py:3340} INFO - Setting next_dagrun for example_skip_dag to 2022-11-08T04:19:41.580456+00:00, run_after=2022-11-09T04:19:41.580456+00:00
[2022-11-09T04:19:41.591+0000] {processor.py:176} INFO - Processing /home/airflow/.local/lib/python3.7/site-packages/airflow/example_dags/example_skip_dag.py took 0.060 seconds
