[2022-11-09T00:12:01.873+0000] {processor.py:154} INFO - Started process (PID=30717) to work on /home/airflow/.local/lib/python3.7/site-packages/airflow/example_dags/example_short_circuit_decorator.py
[2022-11-09T00:12:01.874+0000] {processor.py:756} INFO - Processing file /home/airflow/.local/lib/python3.7/site-packages/airflow/example_dags/example_short_circuit_decorator.py for tasks to queue
[2022-11-09T00:12:01.874+0000] {logging_mixin.py:120} INFO - [2022-11-09T00:12:01.874+0000] {dagbag.py:537} INFO - Filling up the DagBag from /home/airflow/.local/lib/python3.7/site-packages/airflow/example_dags/example_short_circuit_decorator.py
[2022-11-09T00:12:01.897+0000] {processor.py:766} INFO - DAG(s) dict_keys(['example_short_circuit_decorator']) retrieved from /home/airflow/.local/lib/python3.7/site-packages/airflow/example_dags/example_short_circuit_decorator.py
[2022-11-09T00:12:01.949+0000] {logging_mixin.py:120} INFO - [2022-11-09T00:12:01.949+0000] {dag.py:2585} INFO - Sync 1 DAGs
[2022-11-09T00:12:01.970+0000] {logging_mixin.py:120} INFO - [2022-11-09T00:12:01.970+0000] {dag.py:3340} INFO - Setting next_dagrun for example_short_circuit_decorator to 2022-11-08T00:12:01.970458+00:00, run_after=2022-11-09T00:12:01.970458+00:00
[2022-11-09T00:12:01.983+0000] {processor.py:176} INFO - Processing /home/airflow/.local/lib/python3.7/site-packages/airflow/example_dags/example_short_circuit_decorator.py took 0.112 seconds
[2022-11-09T00:27:35.099+0000] {processor.py:154} INFO - Started process (PID=30764) to work on /home/airflow/.local/lib/python3.7/site-packages/airflow/example_dags/example_short_circuit_decorator.py
[2022-11-09T00:27:35.100+0000] {processor.py:756} INFO - Processing file /home/airflow/.local/lib/python3.7/site-packages/airflow/example_dags/example_short_circuit_decorator.py for tasks to queue
[2022-11-09T00:27:35.100+0000] {logging_mixin.py:120} INFO - [2022-11-09T00:27:35.100+0000] {dagbag.py:537} INFO - Filling up the DagBag from /home/airflow/.local/lib/python3.7/site-packages/airflow/example_dags/example_short_circuit_decorator.py
[2022-11-09T00:27:35.115+0000] {processor.py:766} INFO - DAG(s) dict_keys(['example_short_circuit_decorator']) retrieved from /home/airflow/.local/lib/python3.7/site-packages/airflow/example_dags/example_short_circuit_decorator.py
[2022-11-09T00:27:35.141+0000] {logging_mixin.py:120} INFO - [2022-11-09T00:27:35.141+0000] {dag.py:2585} INFO - Sync 1 DAGs
[2022-11-09T00:27:35.156+0000] {logging_mixin.py:120} INFO - [2022-11-09T00:27:35.156+0000] {dag.py:3340} INFO - Setting next_dagrun for example_short_circuit_decorator to 2022-11-08T00:27:35.155915+00:00, run_after=2022-11-09T00:27:35.155915+00:00
[2022-11-09T00:27:35.198+0000] {processor.py:176} INFO - Processing /home/airflow/.local/lib/python3.7/site-packages/airflow/example_dags/example_short_circuit_decorator.py took 0.100 seconds
[2022-11-09T01:00:49.201+0000] {processor.py:154} INFO - Started process (PID=30814) to work on /home/airflow/.local/lib/python3.7/site-packages/airflow/example_dags/example_short_circuit_decorator.py
[2022-11-09T01:00:49.202+0000] {processor.py:756} INFO - Processing file /home/airflow/.local/lib/python3.7/site-packages/airflow/example_dags/example_short_circuit_decorator.py for tasks to queue
[2022-11-09T01:00:49.204+0000] {logging_mixin.py:120} INFO - [2022-11-09T01:00:49.203+0000] {dagbag.py:537} INFO - Filling up the DagBag from /home/airflow/.local/lib/python3.7/site-packages/airflow/example_dags/example_short_circuit_decorator.py
[2022-11-09T01:00:49.221+0000] {processor.py:766} INFO - DAG(s) dict_keys(['example_short_circuit_decorator']) retrieved from /home/airflow/.local/lib/python3.7/site-packages/airflow/example_dags/example_short_circuit_decorator.py
[2022-11-09T01:00:49.243+0000] {logging_mixin.py:120} INFO - [2022-11-09T01:00:49.243+0000] {dag.py:2585} INFO - Sync 1 DAGs
[2022-11-09T01:00:49.258+0000] {logging_mixin.py:120} INFO - [2022-11-09T01:00:49.258+0000] {dag.py:3340} INFO - Setting next_dagrun for example_short_circuit_decorator to 2022-11-08T01:00:49.258632+00:00, run_after=2022-11-09T01:00:49.258632+00:00
[2022-11-09T01:00:49.268+0000] {processor.py:176} INFO - Processing /home/airflow/.local/lib/python3.7/site-packages/airflow/example_dags/example_short_circuit_decorator.py took 0.069 seconds
[2022-11-09T01:34:45.210+0000] {processor.py:154} INFO - Started process (PID=30862) to work on /home/airflow/.local/lib/python3.7/site-packages/airflow/example_dags/example_short_circuit_decorator.py
[2022-11-09T01:34:45.211+0000] {processor.py:756} INFO - Processing file /home/airflow/.local/lib/python3.7/site-packages/airflow/example_dags/example_short_circuit_decorator.py for tasks to queue
[2022-11-09T01:34:45.212+0000] {logging_mixin.py:120} INFO - [2022-11-09T01:34:45.212+0000] {dagbag.py:537} INFO - Filling up the DagBag from /home/airflow/.local/lib/python3.7/site-packages/airflow/example_dags/example_short_circuit_decorator.py
[2022-11-09T01:34:45.227+0000] {processor.py:766} INFO - DAG(s) dict_keys(['example_short_circuit_decorator']) retrieved from /home/airflow/.local/lib/python3.7/site-packages/airflow/example_dags/example_short_circuit_decorator.py
[2022-11-09T01:34:45.279+0000] {logging_mixin.py:120} INFO - [2022-11-09T01:34:45.279+0000] {dag.py:2585} INFO - Sync 1 DAGs
[2022-11-09T01:34:45.301+0000] {logging_mixin.py:120} INFO - [2022-11-09T01:34:45.301+0000] {dag.py:3340} INFO - Setting next_dagrun for example_short_circuit_decorator to 2022-11-08T01:34:45.301567+00:00, run_after=2022-11-09T01:34:45.301567+00:00
[2022-11-09T01:34:45.319+0000] {processor.py:176} INFO - Processing /home/airflow/.local/lib/python3.7/site-packages/airflow/example_dags/example_short_circuit_decorator.py took 0.111 seconds
[2022-11-09T01:50:25.147+0000] {processor.py:154} INFO - Started process (PID=30909) to work on /home/airflow/.local/lib/python3.7/site-packages/airflow/example_dags/example_short_circuit_decorator.py
[2022-11-09T01:50:25.148+0000] {processor.py:756} INFO - Processing file /home/airflow/.local/lib/python3.7/site-packages/airflow/example_dags/example_short_circuit_decorator.py for tasks to queue
[2022-11-09T01:50:25.148+0000] {logging_mixin.py:120} INFO - [2022-11-09T01:50:25.148+0000] {dagbag.py:537} INFO - Filling up the DagBag from /home/airflow/.local/lib/python3.7/site-packages/airflow/example_dags/example_short_circuit_decorator.py
[2022-11-09T01:50:25.162+0000] {processor.py:766} INFO - DAG(s) dict_keys(['example_short_circuit_decorator']) retrieved from /home/airflow/.local/lib/python3.7/site-packages/airflow/example_dags/example_short_circuit_decorator.py
[2022-11-09T01:50:25.183+0000] {logging_mixin.py:120} INFO - [2022-11-09T01:50:25.183+0000] {dag.py:2585} INFO - Sync 1 DAGs
[2022-11-09T01:50:25.197+0000] {logging_mixin.py:120} INFO - [2022-11-09T01:50:25.197+0000] {dag.py:3340} INFO - Setting next_dagrun for example_short_circuit_decorator to 2022-11-08T01:50:25.197422+00:00, run_after=2022-11-09T01:50:25.197422+00:00
[2022-11-09T01:50:25.205+0000] {processor.py:176} INFO - Processing /home/airflow/.local/lib/python3.7/site-packages/airflow/example_dags/example_short_circuit_decorator.py took 0.060 seconds
[2022-11-09T01:55:24.262+0000] {processor.py:154} INFO - Started process (PID=30957) to work on /home/airflow/.local/lib/python3.7/site-packages/airflow/example_dags/example_short_circuit_decorator.py
[2022-11-09T01:55:24.275+0000] {processor.py:756} INFO - Processing file /home/airflow/.local/lib/python3.7/site-packages/airflow/example_dags/example_short_circuit_decorator.py for tasks to queue
[2022-11-09T01:55:24.275+0000] {logging_mixin.py:120} INFO - [2022-11-09T01:55:24.275+0000] {dagbag.py:537} INFO - Filling up the DagBag from /home/airflow/.local/lib/python3.7/site-packages/airflow/example_dags/example_short_circuit_decorator.py
[2022-11-09T01:55:24.289+0000] {processor.py:766} INFO - DAG(s) dict_keys(['example_short_circuit_decorator']) retrieved from /home/airflow/.local/lib/python3.7/site-packages/airflow/example_dags/example_short_circuit_decorator.py
[2022-11-09T01:55:24.329+0000] {logging_mixin.py:120} INFO - [2022-11-09T01:55:24.329+0000] {dag.py:2585} INFO - Sync 1 DAGs
[2022-11-09T01:55:24.342+0000] {logging_mixin.py:120} INFO - [2022-11-09T01:55:24.342+0000] {dag.py:3340} INFO - Setting next_dagrun for example_short_circuit_decorator to 2022-11-08T01:55:24.342547+00:00, run_after=2022-11-09T01:55:24.342547+00:00
[2022-11-09T01:55:24.352+0000] {processor.py:176} INFO - Processing /home/airflow/.local/lib/python3.7/site-packages/airflow/example_dags/example_short_circuit_decorator.py took 0.092 seconds
[2022-11-09T02:10:49.970+0000] {processor.py:154} INFO - Started process (PID=31004) to work on /home/airflow/.local/lib/python3.7/site-packages/airflow/example_dags/example_short_circuit_decorator.py
[2022-11-09T02:10:49.981+0000] {processor.py:756} INFO - Processing file /home/airflow/.local/lib/python3.7/site-packages/airflow/example_dags/example_short_circuit_decorator.py for tasks to queue
[2022-11-09T02:10:49.981+0000] {logging_mixin.py:120} INFO - [2022-11-09T02:10:49.981+0000] {dagbag.py:537} INFO - Filling up the DagBag from /home/airflow/.local/lib/python3.7/site-packages/airflow/example_dags/example_short_circuit_decorator.py
[2022-11-09T02:10:49.998+0000] {processor.py:766} INFO - DAG(s) dict_keys(['example_short_circuit_decorator']) retrieved from /home/airflow/.local/lib/python3.7/site-packages/airflow/example_dags/example_short_circuit_decorator.py
[2022-11-09T02:10:50.061+0000] {logging_mixin.py:120} INFO - [2022-11-09T02:10:50.061+0000] {dag.py:2585} INFO - Sync 1 DAGs
[2022-11-09T02:10:50.091+0000] {logging_mixin.py:120} INFO - [2022-11-09T02:10:50.091+0000] {dag.py:3340} INFO - Setting next_dagrun for example_short_circuit_decorator to 2022-11-08T02:10:50.091298+00:00, run_after=2022-11-09T02:10:50.091298+00:00
[2022-11-09T02:10:50.106+0000] {processor.py:176} INFO - Processing /home/airflow/.local/lib/python3.7/site-packages/airflow/example_dags/example_short_circuit_decorator.py took 0.138 seconds
[2022-11-09T02:26:24.479+0000] {processor.py:154} INFO - Started process (PID=31051) to work on /home/airflow/.local/lib/python3.7/site-packages/airflow/example_dags/example_short_circuit_decorator.py
[2022-11-09T02:26:24.483+0000] {processor.py:756} INFO - Processing file /home/airflow/.local/lib/python3.7/site-packages/airflow/example_dags/example_short_circuit_decorator.py for tasks to queue
[2022-11-09T02:26:24.486+0000] {logging_mixin.py:120} INFO - [2022-11-09T02:26:24.483+0000] {dagbag.py:537} INFO - Filling up the DagBag from /home/airflow/.local/lib/python3.7/site-packages/airflow/example_dags/example_short_circuit_decorator.py
[2022-11-09T02:26:24.501+0000] {processor.py:766} INFO - DAG(s) dict_keys(['example_short_circuit_decorator']) retrieved from /home/airflow/.local/lib/python3.7/site-packages/airflow/example_dags/example_short_circuit_decorator.py
[2022-11-09T02:26:24.537+0000] {logging_mixin.py:120} INFO - [2022-11-09T02:26:24.537+0000] {dag.py:2585} INFO - Sync 1 DAGs
[2022-11-09T02:26:24.556+0000] {logging_mixin.py:120} INFO - [2022-11-09T02:26:24.555+0000] {dag.py:3340} INFO - Setting next_dagrun for example_short_circuit_decorator to 2022-11-08T02:26:24.555750+00:00, run_after=2022-11-09T02:26:24.555750+00:00
[2022-11-09T02:26:24.569+0000] {processor.py:176} INFO - Processing /home/airflow/.local/lib/python3.7/site-packages/airflow/example_dags/example_short_circuit_decorator.py took 0.092 seconds
[2022-11-09T02:44:02.101+0000] {processor.py:154} INFO - Started process (PID=31099) to work on /home/airflow/.local/lib/python3.7/site-packages/airflow/example_dags/example_short_circuit_decorator.py
[2022-11-09T02:44:02.102+0000] {processor.py:756} INFO - Processing file /home/airflow/.local/lib/python3.7/site-packages/airflow/example_dags/example_short_circuit_decorator.py for tasks to queue
[2022-11-09T02:44:02.102+0000] {logging_mixin.py:120} INFO - [2022-11-09T02:44:02.102+0000] {dagbag.py:537} INFO - Filling up the DagBag from /home/airflow/.local/lib/python3.7/site-packages/airflow/example_dags/example_short_circuit_decorator.py
[2022-11-09T02:44:02.132+0000] {processor.py:766} INFO - DAG(s) dict_keys(['example_short_circuit_decorator']) retrieved from /home/airflow/.local/lib/python3.7/site-packages/airflow/example_dags/example_short_circuit_decorator.py
[2022-11-09T02:44:02.162+0000] {logging_mixin.py:120} INFO - [2022-11-09T02:44:02.162+0000] {dag.py:2585} INFO - Sync 1 DAGs
[2022-11-09T02:44:02.187+0000] {logging_mixin.py:120} INFO - [2022-11-09T02:44:02.187+0000] {dag.py:3340} INFO - Setting next_dagrun for example_short_circuit_decorator to 2022-11-08T02:44:02.187593+00:00, run_after=2022-11-09T02:44:02.187593+00:00
[2022-11-09T02:44:02.215+0000] {processor.py:176} INFO - Processing /home/airflow/.local/lib/python3.7/site-packages/airflow/example_dags/example_short_circuit_decorator.py took 0.116 seconds
[2022-11-09T03:01:03.566+0000] {processor.py:154} INFO - Started process (PID=31164) to work on /home/airflow/.local/lib/python3.7/site-packages/airflow/example_dags/example_short_circuit_decorator.py
[2022-11-09T03:01:03.568+0000] {processor.py:756} INFO - Processing file /home/airflow/.local/lib/python3.7/site-packages/airflow/example_dags/example_short_circuit_decorator.py for tasks to queue
[2022-11-09T03:01:03.569+0000] {logging_mixin.py:120} INFO - [2022-11-09T03:01:03.569+0000] {dagbag.py:537} INFO - Filling up the DagBag from /home/airflow/.local/lib/python3.7/site-packages/airflow/example_dags/example_short_circuit_decorator.py
[2022-11-09T03:01:03.585+0000] {processor.py:766} INFO - DAG(s) dict_keys(['example_short_circuit_decorator']) retrieved from /home/airflow/.local/lib/python3.7/site-packages/airflow/example_dags/example_short_circuit_decorator.py
[2022-11-09T03:01:03.654+0000] {logging_mixin.py:120} INFO - [2022-11-09T03:01:03.654+0000] {dag.py:2585} INFO - Sync 1 DAGs
[2022-11-09T03:01:03.690+0000] {logging_mixin.py:120} INFO - [2022-11-09T03:01:03.690+0000] {dag.py:3340} INFO - Setting next_dagrun for example_short_circuit_decorator to 2022-11-08T03:01:03.689829+00:00, run_after=2022-11-09T03:01:03.689829+00:00
[2022-11-09T03:01:03.709+0000] {processor.py:176} INFO - Processing /home/airflow/.local/lib/python3.7/site-packages/airflow/example_dags/example_short_circuit_decorator.py took 0.145 seconds
[2022-11-09T03:03:53.567+0000] {processor.py:154} INFO - Started process (PID=31223) to work on /home/airflow/.local/lib/python3.7/site-packages/airflow/example_dags/example_short_circuit_decorator.py
[2022-11-09T03:03:53.567+0000] {processor.py:756} INFO - Processing file /home/airflow/.local/lib/python3.7/site-packages/airflow/example_dags/example_short_circuit_decorator.py for tasks to queue
[2022-11-09T03:03:53.576+0000] {logging_mixin.py:120} INFO - [2022-11-09T03:03:53.575+0000] {dagbag.py:537} INFO - Filling up the DagBag from /home/airflow/.local/lib/python3.7/site-packages/airflow/example_dags/example_short_circuit_decorator.py
[2022-11-09T03:03:53.595+0000] {processor.py:766} INFO - DAG(s) dict_keys(['example_short_circuit_decorator']) retrieved from /home/airflow/.local/lib/python3.7/site-packages/airflow/example_dags/example_short_circuit_decorator.py
[2022-11-09T03:03:53.621+0000] {logging_mixin.py:120} INFO - [2022-11-09T03:03:53.621+0000] {dag.py:2585} INFO - Sync 1 DAGs
[2022-11-09T03:03:53.636+0000] {logging_mixin.py:120} INFO - [2022-11-09T03:03:53.636+0000] {dag.py:3340} INFO - Setting next_dagrun for example_short_circuit_decorator to 2022-11-08T03:03:53.635950+00:00, run_after=2022-11-09T03:03:53.635950+00:00
[2022-11-09T03:03:53.648+0000] {processor.py:176} INFO - Processing /home/airflow/.local/lib/python3.7/site-packages/airflow/example_dags/example_short_circuit_decorator.py took 0.084 seconds
[2022-11-09T03:19:29.054+0000] {processor.py:154} INFO - Started process (PID=31270) to work on /home/airflow/.local/lib/python3.7/site-packages/airflow/example_dags/example_short_circuit_decorator.py
[2022-11-09T03:19:29.055+0000] {processor.py:756} INFO - Processing file /home/airflow/.local/lib/python3.7/site-packages/airflow/example_dags/example_short_circuit_decorator.py for tasks to queue
[2022-11-09T03:19:29.055+0000] {logging_mixin.py:120} INFO - [2022-11-09T03:19:29.055+0000] {dagbag.py:537} INFO - Filling up the DagBag from /home/airflow/.local/lib/python3.7/site-packages/airflow/example_dags/example_short_circuit_decorator.py
[2022-11-09T03:19:29.071+0000] {processor.py:766} INFO - DAG(s) dict_keys(['example_short_circuit_decorator']) retrieved from /home/airflow/.local/lib/python3.7/site-packages/airflow/example_dags/example_short_circuit_decorator.py
[2022-11-09T03:19:29.101+0000] {logging_mixin.py:120} INFO - [2022-11-09T03:19:29.101+0000] {dag.py:2585} INFO - Sync 1 DAGs
[2022-11-09T03:19:29.120+0000] {logging_mixin.py:120} INFO - [2022-11-09T03:19:29.120+0000] {dag.py:3340} INFO - Setting next_dagrun for example_short_circuit_decorator to 2022-11-08T03:19:29.120734+00:00, run_after=2022-11-09T03:19:29.120734+00:00
[2022-11-09T03:19:29.130+0000] {processor.py:176} INFO - Processing /home/airflow/.local/lib/python3.7/site-packages/airflow/example_dags/example_short_circuit_decorator.py took 0.078 seconds
[2022-11-09T03:35:52.835+0000] {processor.py:154} INFO - Started process (PID=31328) to work on /home/airflow/.local/lib/python3.7/site-packages/airflow/example_dags/example_short_circuit_decorator.py
[2022-11-09T03:35:52.836+0000] {processor.py:756} INFO - Processing file /home/airflow/.local/lib/python3.7/site-packages/airflow/example_dags/example_short_circuit_decorator.py for tasks to queue
[2022-11-09T03:35:52.843+0000] {logging_mixin.py:120} INFO - [2022-11-09T03:35:52.843+0000] {dagbag.py:537} INFO - Filling up the DagBag from /home/airflow/.local/lib/python3.7/site-packages/airflow/example_dags/example_short_circuit_decorator.py
[2022-11-09T03:35:52.866+0000] {processor.py:766} INFO - DAG(s) dict_keys(['example_short_circuit_decorator']) retrieved from /home/airflow/.local/lib/python3.7/site-packages/airflow/example_dags/example_short_circuit_decorator.py
[2022-11-09T03:35:52.914+0000] {logging_mixin.py:120} INFO - [2022-11-09T03:35:52.914+0000] {dag.py:2585} INFO - Sync 1 DAGs
[2022-11-09T03:35:52.944+0000] {logging_mixin.py:120} INFO - [2022-11-09T03:35:52.944+0000] {dag.py:3340} INFO - Setting next_dagrun for example_short_circuit_decorator to 2022-11-08T03:35:52.944472+00:00, run_after=2022-11-09T03:35:52.944472+00:00
[2022-11-09T03:35:52.984+0000] {processor.py:176} INFO - Processing /home/airflow/.local/lib/python3.7/site-packages/airflow/example_dags/example_short_circuit_decorator.py took 0.151 seconds
[2022-11-09T03:58:29.232+0000] {processor.py:154} INFO - Started process (PID=31375) to work on /home/airflow/.local/lib/python3.7/site-packages/airflow/example_dags/example_short_circuit_decorator.py
[2022-11-09T03:58:29.233+0000] {processor.py:756} INFO - Processing file /home/airflow/.local/lib/python3.7/site-packages/airflow/example_dags/example_short_circuit_decorator.py for tasks to queue
[2022-11-09T03:58:29.233+0000] {logging_mixin.py:120} INFO - [2022-11-09T03:58:29.233+0000] {dagbag.py:537} INFO - Filling up the DagBag from /home/airflow/.local/lib/python3.7/site-packages/airflow/example_dags/example_short_circuit_decorator.py
[2022-11-09T03:58:29.259+0000] {processor.py:766} INFO - DAG(s) dict_keys(['example_short_circuit_decorator']) retrieved from /home/airflow/.local/lib/python3.7/site-packages/airflow/example_dags/example_short_circuit_decorator.py
[2022-11-09T03:58:29.312+0000] {logging_mixin.py:120} INFO - [2022-11-09T03:58:29.311+0000] {dag.py:2585} INFO - Sync 1 DAGs
[2022-11-09T03:58:29.334+0000] {logging_mixin.py:120} INFO - [2022-11-09T03:58:29.334+0000] {dag.py:3340} INFO - Setting next_dagrun for example_short_circuit_decorator to 2022-11-08T03:58:29.334083+00:00, run_after=2022-11-09T03:58:29.334083+00:00
[2022-11-09T03:58:29.404+0000] {processor.py:176} INFO - Processing /home/airflow/.local/lib/python3.7/site-packages/airflow/example_dags/example_short_circuit_decorator.py took 0.174 seconds
[2022-11-09T03:58:59.452+0000] {processor.py:154} INFO - Started process (PID=31445) to work on /home/airflow/.local/lib/python3.7/site-packages/airflow/example_dags/example_short_circuit_decorator.py
[2022-11-09T03:58:59.452+0000] {processor.py:756} INFO - Processing file /home/airflow/.local/lib/python3.7/site-packages/airflow/example_dags/example_short_circuit_decorator.py for tasks to queue
[2022-11-09T03:58:59.453+0000] {logging_mixin.py:120} INFO - [2022-11-09T03:58:59.453+0000] {dagbag.py:537} INFO - Filling up the DagBag from /home/airflow/.local/lib/python3.7/site-packages/airflow/example_dags/example_short_circuit_decorator.py
[2022-11-09T03:58:59.467+0000] {processor.py:766} INFO - DAG(s) dict_keys(['example_short_circuit_decorator']) retrieved from /home/airflow/.local/lib/python3.7/site-packages/airflow/example_dags/example_short_circuit_decorator.py
[2022-11-09T03:58:59.491+0000] {logging_mixin.py:120} INFO - [2022-11-09T03:58:59.491+0000] {dag.py:2585} INFO - Sync 1 DAGs
[2022-11-09T03:58:59.505+0000] {logging_mixin.py:120} INFO - [2022-11-09T03:58:59.505+0000] {dag.py:3340} INFO - Setting next_dagrun for example_short_circuit_decorator to 2022-11-08T03:58:59.505612+00:00, run_after=2022-11-09T03:58:59.505612+00:00
[2022-11-09T03:58:59.517+0000] {processor.py:176} INFO - Processing /home/airflow/.local/lib/python3.7/site-packages/airflow/example_dags/example_short_circuit_decorator.py took 0.068 seconds
[2022-11-09T03:59:30.406+0000] {processor.py:154} INFO - Started process (PID=31517) to work on /home/airflow/.local/lib/python3.7/site-packages/airflow/example_dags/example_short_circuit_decorator.py
[2022-11-09T03:59:30.406+0000] {processor.py:756} INFO - Processing file /home/airflow/.local/lib/python3.7/site-packages/airflow/example_dags/example_short_circuit_decorator.py for tasks to queue
[2022-11-09T03:59:30.407+0000] {logging_mixin.py:120} INFO - [2022-11-09T03:59:30.407+0000] {dagbag.py:537} INFO - Filling up the DagBag from /home/airflow/.local/lib/python3.7/site-packages/airflow/example_dags/example_short_circuit_decorator.py
[2022-11-09T03:59:30.424+0000] {processor.py:766} INFO - DAG(s) dict_keys(['example_short_circuit_decorator']) retrieved from /home/airflow/.local/lib/python3.7/site-packages/airflow/example_dags/example_short_circuit_decorator.py
[2022-11-09T03:59:30.447+0000] {logging_mixin.py:120} INFO - [2022-11-09T03:59:30.447+0000] {dag.py:2585} INFO - Sync 1 DAGs
[2022-11-09T03:59:30.460+0000] {logging_mixin.py:120} INFO - [2022-11-09T03:59:30.460+0000] {dag.py:3340} INFO - Setting next_dagrun for example_short_circuit_decorator to 2022-11-08T03:59:30.460217+00:00, run_after=2022-11-09T03:59:30.460217+00:00
[2022-11-09T03:59:30.470+0000] {processor.py:176} INFO - Processing /home/airflow/.local/lib/python3.7/site-packages/airflow/example_dags/example_short_circuit_decorator.py took 0.067 seconds
[2022-11-09T04:00:01.314+0000] {processor.py:154} INFO - Started process (PID=31583) to work on /home/airflow/.local/lib/python3.7/site-packages/airflow/example_dags/example_short_circuit_decorator.py
[2022-11-09T04:00:01.315+0000] {processor.py:756} INFO - Processing file /home/airflow/.local/lib/python3.7/site-packages/airflow/example_dags/example_short_circuit_decorator.py for tasks to queue
[2022-11-09T04:00:01.315+0000] {logging_mixin.py:120} INFO - [2022-11-09T04:00:01.315+0000] {dagbag.py:537} INFO - Filling up the DagBag from /home/airflow/.local/lib/python3.7/site-packages/airflow/example_dags/example_short_circuit_decorator.py
[2022-11-09T04:00:01.329+0000] {processor.py:766} INFO - DAG(s) dict_keys(['example_short_circuit_decorator']) retrieved from /home/airflow/.local/lib/python3.7/site-packages/airflow/example_dags/example_short_circuit_decorator.py
[2022-11-09T04:00:01.352+0000] {logging_mixin.py:120} INFO - [2022-11-09T04:00:01.352+0000] {dag.py:2585} INFO - Sync 1 DAGs
[2022-11-09T04:00:01.366+0000] {logging_mixin.py:120} INFO - [2022-11-09T04:00:01.365+0000] {dag.py:3340} INFO - Setting next_dagrun for example_short_circuit_decorator to 2022-11-08T04:00:01.365843+00:00, run_after=2022-11-09T04:00:01.365843+00:00
[2022-11-09T04:00:01.377+0000] {processor.py:176} INFO - Processing /home/airflow/.local/lib/python3.7/site-packages/airflow/example_dags/example_short_circuit_decorator.py took 0.064 seconds
[2022-11-09T04:00:32.302+0000] {processor.py:154} INFO - Started process (PID=31650) to work on /home/airflow/.local/lib/python3.7/site-packages/airflow/example_dags/example_short_circuit_decorator.py
[2022-11-09T04:00:32.303+0000] {processor.py:756} INFO - Processing file /home/airflow/.local/lib/python3.7/site-packages/airflow/example_dags/example_short_circuit_decorator.py for tasks to queue
[2022-11-09T04:00:32.304+0000] {logging_mixin.py:120} INFO - [2022-11-09T04:00:32.304+0000] {dagbag.py:537} INFO - Filling up the DagBag from /home/airflow/.local/lib/python3.7/site-packages/airflow/example_dags/example_short_circuit_decorator.py
[2022-11-09T04:00:32.317+0000] {processor.py:766} INFO - DAG(s) dict_keys(['example_short_circuit_decorator']) retrieved from /home/airflow/.local/lib/python3.7/site-packages/airflow/example_dags/example_short_circuit_decorator.py
[2022-11-09T04:00:32.339+0000] {logging_mixin.py:120} INFO - [2022-11-09T04:00:32.339+0000] {dag.py:2585} INFO - Sync 1 DAGs
[2022-11-09T04:00:32.352+0000] {logging_mixin.py:120} INFO - [2022-11-09T04:00:32.352+0000] {dag.py:3340} INFO - Setting next_dagrun for example_short_circuit_decorator to 2022-11-08T04:00:32.352448+00:00, run_after=2022-11-09T04:00:32.352448+00:00
[2022-11-09T04:00:32.363+0000] {processor.py:176} INFO - Processing /home/airflow/.local/lib/python3.7/site-packages/airflow/example_dags/example_short_circuit_decorator.py took 0.063 seconds
[2022-11-09T04:01:02.465+0000] {processor.py:154} INFO - Started process (PID=31705) to work on /home/airflow/.local/lib/python3.7/site-packages/airflow/example_dags/example_short_circuit_decorator.py
[2022-11-09T04:01:02.465+0000] {processor.py:756} INFO - Processing file /home/airflow/.local/lib/python3.7/site-packages/airflow/example_dags/example_short_circuit_decorator.py for tasks to queue
[2022-11-09T04:01:02.466+0000] {logging_mixin.py:120} INFO - [2022-11-09T04:01:02.466+0000] {dagbag.py:537} INFO - Filling up the DagBag from /home/airflow/.local/lib/python3.7/site-packages/airflow/example_dags/example_short_circuit_decorator.py
[2022-11-09T04:01:02.480+0000] {processor.py:766} INFO - DAG(s) dict_keys(['example_short_circuit_decorator']) retrieved from /home/airflow/.local/lib/python3.7/site-packages/airflow/example_dags/example_short_circuit_decorator.py
[2022-11-09T04:01:02.504+0000] {logging_mixin.py:120} INFO - [2022-11-09T04:01:02.504+0000] {dag.py:2585} INFO - Sync 1 DAGs
[2022-11-09T04:01:02.518+0000] {logging_mixin.py:120} INFO - [2022-11-09T04:01:02.518+0000] {dag.py:3340} INFO - Setting next_dagrun for example_short_circuit_decorator to 2022-11-08T04:01:02.518350+00:00, run_after=2022-11-09T04:01:02.518350+00:00
[2022-11-09T04:01:02.530+0000] {processor.py:176} INFO - Processing /home/airflow/.local/lib/python3.7/site-packages/airflow/example_dags/example_short_circuit_decorator.py took 0.067 seconds
[2022-11-09T04:01:32.645+0000] {processor.py:154} INFO - Started process (PID=31771) to work on /home/airflow/.local/lib/python3.7/site-packages/airflow/example_dags/example_short_circuit_decorator.py
[2022-11-09T04:01:32.645+0000] {processor.py:756} INFO - Processing file /home/airflow/.local/lib/python3.7/site-packages/airflow/example_dags/example_short_circuit_decorator.py for tasks to queue
[2022-11-09T04:01:32.646+0000] {logging_mixin.py:120} INFO - [2022-11-09T04:01:32.646+0000] {dagbag.py:537} INFO - Filling up the DagBag from /home/airflow/.local/lib/python3.7/site-packages/airflow/example_dags/example_short_circuit_decorator.py
[2022-11-09T04:01:32.658+0000] {processor.py:766} INFO - DAG(s) dict_keys(['example_short_circuit_decorator']) retrieved from /home/airflow/.local/lib/python3.7/site-packages/airflow/example_dags/example_short_circuit_decorator.py
[2022-11-09T04:01:32.683+0000] {logging_mixin.py:120} INFO - [2022-11-09T04:01:32.683+0000] {dag.py:2585} INFO - Sync 1 DAGs
[2022-11-09T04:01:32.696+0000] {logging_mixin.py:120} INFO - [2022-11-09T04:01:32.696+0000] {dag.py:3340} INFO - Setting next_dagrun for example_short_circuit_decorator to 2022-11-08T04:01:32.696043+00:00, run_after=2022-11-09T04:01:32.696043+00:00
[2022-11-09T04:01:32.706+0000] {processor.py:176} INFO - Processing /home/airflow/.local/lib/python3.7/site-packages/airflow/example_dags/example_short_circuit_decorator.py took 0.063 seconds
[2022-11-09T04:02:02.804+0000] {processor.py:154} INFO - Started process (PID=31841) to work on /home/airflow/.local/lib/python3.7/site-packages/airflow/example_dags/example_short_circuit_decorator.py
[2022-11-09T04:02:02.805+0000] {processor.py:756} INFO - Processing file /home/airflow/.local/lib/python3.7/site-packages/airflow/example_dags/example_short_circuit_decorator.py for tasks to queue
[2022-11-09T04:02:02.805+0000] {logging_mixin.py:120} INFO - [2022-11-09T04:02:02.805+0000] {dagbag.py:537} INFO - Filling up the DagBag from /home/airflow/.local/lib/python3.7/site-packages/airflow/example_dags/example_short_circuit_decorator.py
[2022-11-09T04:02:02.819+0000] {processor.py:766} INFO - DAG(s) dict_keys(['example_short_circuit_decorator']) retrieved from /home/airflow/.local/lib/python3.7/site-packages/airflow/example_dags/example_short_circuit_decorator.py
[2022-11-09T04:02:02.843+0000] {logging_mixin.py:120} INFO - [2022-11-09T04:02:02.843+0000] {dag.py:2585} INFO - Sync 1 DAGs
[2022-11-09T04:02:02.857+0000] {logging_mixin.py:120} INFO - [2022-11-09T04:02:02.857+0000] {dag.py:3340} INFO - Setting next_dagrun for example_short_circuit_decorator to 2022-11-08T04:02:02.856943+00:00, run_after=2022-11-09T04:02:02.856943+00:00
[2022-11-09T04:02:02.868+0000] {processor.py:176} INFO - Processing /home/airflow/.local/lib/python3.7/site-packages/airflow/example_dags/example_short_circuit_decorator.py took 0.066 seconds
[2022-11-09T04:02:32.947+0000] {processor.py:154} INFO - Started process (PID=31909) to work on /home/airflow/.local/lib/python3.7/site-packages/airflow/example_dags/example_short_circuit_decorator.py
[2022-11-09T04:02:32.948+0000] {processor.py:756} INFO - Processing file /home/airflow/.local/lib/python3.7/site-packages/airflow/example_dags/example_short_circuit_decorator.py for tasks to queue
[2022-11-09T04:02:32.948+0000] {logging_mixin.py:120} INFO - [2022-11-09T04:02:32.948+0000] {dagbag.py:537} INFO - Filling up the DagBag from /home/airflow/.local/lib/python3.7/site-packages/airflow/example_dags/example_short_circuit_decorator.py
[2022-11-09T04:02:32.962+0000] {processor.py:766} INFO - DAG(s) dict_keys(['example_short_circuit_decorator']) retrieved from /home/airflow/.local/lib/python3.7/site-packages/airflow/example_dags/example_short_circuit_decorator.py
[2022-11-09T04:02:32.989+0000] {logging_mixin.py:120} INFO - [2022-11-09T04:02:32.989+0000] {dag.py:2585} INFO - Sync 1 DAGs
[2022-11-09T04:02:33.006+0000] {logging_mixin.py:120} INFO - [2022-11-09T04:02:33.006+0000] {dag.py:3340} INFO - Setting next_dagrun for example_short_circuit_decorator to 2022-11-08T04:02:33.005973+00:00, run_after=2022-11-09T04:02:33.005973+00:00
[2022-11-09T04:02:33.022+0000] {processor.py:176} INFO - Processing /home/airflow/.local/lib/python3.7/site-packages/airflow/example_dags/example_short_circuit_decorator.py took 0.077 seconds
[2022-11-09T04:03:04.109+0000] {processor.py:154} INFO - Started process (PID=31974) to work on /home/airflow/.local/lib/python3.7/site-packages/airflow/example_dags/example_short_circuit_decorator.py
[2022-11-09T04:03:04.109+0000] {processor.py:756} INFO - Processing file /home/airflow/.local/lib/python3.7/site-packages/airflow/example_dags/example_short_circuit_decorator.py for tasks to queue
[2022-11-09T04:03:04.110+0000] {logging_mixin.py:120} INFO - [2022-11-09T04:03:04.110+0000] {dagbag.py:537} INFO - Filling up the DagBag from /home/airflow/.local/lib/python3.7/site-packages/airflow/example_dags/example_short_circuit_decorator.py
[2022-11-09T04:03:04.125+0000] {processor.py:766} INFO - DAG(s) dict_keys(['example_short_circuit_decorator']) retrieved from /home/airflow/.local/lib/python3.7/site-packages/airflow/example_dags/example_short_circuit_decorator.py
[2022-11-09T04:03:04.157+0000] {logging_mixin.py:120} INFO - [2022-11-09T04:03:04.157+0000] {dag.py:2585} INFO - Sync 1 DAGs
[2022-11-09T04:03:04.173+0000] {logging_mixin.py:120} INFO - [2022-11-09T04:03:04.173+0000] {dag.py:3340} INFO - Setting next_dagrun for example_short_circuit_decorator to 2022-11-08T04:03:04.173314+00:00, run_after=2022-11-09T04:03:04.173314+00:00
[2022-11-09T04:03:04.187+0000] {processor.py:176} INFO - Processing /home/airflow/.local/lib/python3.7/site-packages/airflow/example_dags/example_short_circuit_decorator.py took 0.080 seconds
[2022-11-09T04:03:34.303+0000] {processor.py:154} INFO - Started process (PID=32040) to work on /home/airflow/.local/lib/python3.7/site-packages/airflow/example_dags/example_short_circuit_decorator.py
[2022-11-09T04:03:34.306+0000] {processor.py:756} INFO - Processing file /home/airflow/.local/lib/python3.7/site-packages/airflow/example_dags/example_short_circuit_decorator.py for tasks to queue
[2022-11-09T04:03:34.307+0000] {logging_mixin.py:120} INFO - [2022-11-09T04:03:34.307+0000] {dagbag.py:537} INFO - Filling up the DagBag from /home/airflow/.local/lib/python3.7/site-packages/airflow/example_dags/example_short_circuit_decorator.py
[2022-11-09T04:03:34.322+0000] {processor.py:766} INFO - DAG(s) dict_keys(['example_short_circuit_decorator']) retrieved from /home/airflow/.local/lib/python3.7/site-packages/airflow/example_dags/example_short_circuit_decorator.py
[2022-11-09T04:03:34.346+0000] {logging_mixin.py:120} INFO - [2022-11-09T04:03:34.346+0000] {dag.py:2585} INFO - Sync 1 DAGs
[2022-11-09T04:03:34.364+0000] {logging_mixin.py:120} INFO - [2022-11-09T04:03:34.364+0000] {dag.py:3340} INFO - Setting next_dagrun for example_short_circuit_decorator to 2022-11-08T04:03:34.364347+00:00, run_after=2022-11-09T04:03:34.364347+00:00
[2022-11-09T04:03:34.374+0000] {processor.py:176} INFO - Processing /home/airflow/.local/lib/python3.7/site-packages/airflow/example_dags/example_short_circuit_decorator.py took 0.073 seconds
[2022-11-09T04:04:05.325+0000] {processor.py:154} INFO - Started process (PID=32099) to work on /home/airflow/.local/lib/python3.7/site-packages/airflow/example_dags/example_short_circuit_decorator.py
[2022-11-09T04:04:05.326+0000] {processor.py:756} INFO - Processing file /home/airflow/.local/lib/python3.7/site-packages/airflow/example_dags/example_short_circuit_decorator.py for tasks to queue
[2022-11-09T04:04:05.326+0000] {logging_mixin.py:120} INFO - [2022-11-09T04:04:05.326+0000] {dagbag.py:537} INFO - Filling up the DagBag from /home/airflow/.local/lib/python3.7/site-packages/airflow/example_dags/example_short_circuit_decorator.py
[2022-11-09T04:04:05.340+0000] {processor.py:766} INFO - DAG(s) dict_keys(['example_short_circuit_decorator']) retrieved from /home/airflow/.local/lib/python3.7/site-packages/airflow/example_dags/example_short_circuit_decorator.py
[2022-11-09T04:04:05.363+0000] {logging_mixin.py:120} INFO - [2022-11-09T04:04:05.363+0000] {dag.py:2585} INFO - Sync 1 DAGs
[2022-11-09T04:04:05.377+0000] {logging_mixin.py:120} INFO - [2022-11-09T04:04:05.377+0000] {dag.py:3340} INFO - Setting next_dagrun for example_short_circuit_decorator to 2022-11-08T04:04:05.377046+00:00, run_after=2022-11-09T04:04:05.377046+00:00
[2022-11-09T04:04:05.387+0000] {processor.py:176} INFO - Processing /home/airflow/.local/lib/python3.7/site-packages/airflow/example_dags/example_short_circuit_decorator.py took 0.063 seconds
[2022-11-09T04:04:36.460+0000] {processor.py:154} INFO - Started process (PID=32170) to work on /home/airflow/.local/lib/python3.7/site-packages/airflow/example_dags/example_short_circuit_decorator.py
[2022-11-09T04:04:36.461+0000] {processor.py:756} INFO - Processing file /home/airflow/.local/lib/python3.7/site-packages/airflow/example_dags/example_short_circuit_decorator.py for tasks to queue
[2022-11-09T04:04:36.461+0000] {logging_mixin.py:120} INFO - [2022-11-09T04:04:36.461+0000] {dagbag.py:537} INFO - Filling up the DagBag from /home/airflow/.local/lib/python3.7/site-packages/airflow/example_dags/example_short_circuit_decorator.py
[2022-11-09T04:04:36.476+0000] {processor.py:766} INFO - DAG(s) dict_keys(['example_short_circuit_decorator']) retrieved from /home/airflow/.local/lib/python3.7/site-packages/airflow/example_dags/example_short_circuit_decorator.py
[2022-11-09T04:04:36.502+0000] {logging_mixin.py:120} INFO - [2022-11-09T04:04:36.502+0000] {dag.py:2585} INFO - Sync 1 DAGs
[2022-11-09T04:04:36.516+0000] {logging_mixin.py:120} INFO - [2022-11-09T04:04:36.516+0000] {dag.py:3340} INFO - Setting next_dagrun for example_short_circuit_decorator to 2022-11-08T04:04:36.516560+00:00, run_after=2022-11-09T04:04:36.516560+00:00
[2022-11-09T04:04:36.527+0000] {processor.py:176} INFO - Processing /home/airflow/.local/lib/python3.7/site-packages/airflow/example_dags/example_short_circuit_decorator.py took 0.069 seconds
[2022-11-09T04:05:07.383+0000] {processor.py:154} INFO - Started process (PID=32237) to work on /home/airflow/.local/lib/python3.7/site-packages/airflow/example_dags/example_short_circuit_decorator.py
[2022-11-09T04:05:07.383+0000] {processor.py:756} INFO - Processing file /home/airflow/.local/lib/python3.7/site-packages/airflow/example_dags/example_short_circuit_decorator.py for tasks to queue
[2022-11-09T04:05:07.383+0000] {logging_mixin.py:120} INFO - [2022-11-09T04:05:07.383+0000] {dagbag.py:537} INFO - Filling up the DagBag from /home/airflow/.local/lib/python3.7/site-packages/airflow/example_dags/example_short_circuit_decorator.py
[2022-11-09T04:05:07.396+0000] {processor.py:766} INFO - DAG(s) dict_keys(['example_short_circuit_decorator']) retrieved from /home/airflow/.local/lib/python3.7/site-packages/airflow/example_dags/example_short_circuit_decorator.py
[2022-11-09T04:05:07.417+0000] {logging_mixin.py:120} INFO - [2022-11-09T04:05:07.417+0000] {dag.py:2585} INFO - Sync 1 DAGs
[2022-11-09T04:05:07.429+0000] {logging_mixin.py:120} INFO - [2022-11-09T04:05:07.429+0000] {dag.py:3340} INFO - Setting next_dagrun for example_short_circuit_decorator to 2022-11-08T04:05:07.429095+00:00, run_after=2022-11-09T04:05:07.429095+00:00
[2022-11-09T04:05:07.439+0000] {processor.py:176} INFO - Processing /home/airflow/.local/lib/python3.7/site-packages/airflow/example_dags/example_short_circuit_decorator.py took 0.059 seconds
[2022-11-09T04:05:38.204+0000] {processor.py:154} INFO - Started process (PID=32302) to work on /home/airflow/.local/lib/python3.7/site-packages/airflow/example_dags/example_short_circuit_decorator.py
[2022-11-09T04:05:38.204+0000] {processor.py:756} INFO - Processing file /home/airflow/.local/lib/python3.7/site-packages/airflow/example_dags/example_short_circuit_decorator.py for tasks to queue
[2022-11-09T04:05:38.205+0000] {logging_mixin.py:120} INFO - [2022-11-09T04:05:38.204+0000] {dagbag.py:537} INFO - Filling up the DagBag from /home/airflow/.local/lib/python3.7/site-packages/airflow/example_dags/example_short_circuit_decorator.py
[2022-11-09T04:05:38.219+0000] {processor.py:766} INFO - DAG(s) dict_keys(['example_short_circuit_decorator']) retrieved from /home/airflow/.local/lib/python3.7/site-packages/airflow/example_dags/example_short_circuit_decorator.py
[2022-11-09T04:05:38.243+0000] {logging_mixin.py:120} INFO - [2022-11-09T04:05:38.243+0000] {dag.py:2585} INFO - Sync 1 DAGs
[2022-11-09T04:05:38.256+0000] {logging_mixin.py:120} INFO - [2022-11-09T04:05:38.256+0000] {dag.py:3340} INFO - Setting next_dagrun for example_short_circuit_decorator to 2022-11-08T04:05:38.256583+00:00, run_after=2022-11-09T04:05:38.256583+00:00
[2022-11-09T04:05:38.266+0000] {processor.py:176} INFO - Processing /home/airflow/.local/lib/python3.7/site-packages/airflow/example_dags/example_short_circuit_decorator.py took 0.065 seconds
[2022-11-09T04:06:09.033+0000] {processor.py:154} INFO - Started process (PID=32367) to work on /home/airflow/.local/lib/python3.7/site-packages/airflow/example_dags/example_short_circuit_decorator.py
[2022-11-09T04:06:09.034+0000] {processor.py:756} INFO - Processing file /home/airflow/.local/lib/python3.7/site-packages/airflow/example_dags/example_short_circuit_decorator.py for tasks to queue
[2022-11-09T04:06:09.034+0000] {logging_mixin.py:120} INFO - [2022-11-09T04:06:09.034+0000] {dagbag.py:537} INFO - Filling up the DagBag from /home/airflow/.local/lib/python3.7/site-packages/airflow/example_dags/example_short_circuit_decorator.py
[2022-11-09T04:06:09.048+0000] {processor.py:766} INFO - DAG(s) dict_keys(['example_short_circuit_decorator']) retrieved from /home/airflow/.local/lib/python3.7/site-packages/airflow/example_dags/example_short_circuit_decorator.py
[2022-11-09T04:06:09.071+0000] {logging_mixin.py:120} INFO - [2022-11-09T04:06:09.071+0000] {dag.py:2585} INFO - Sync 1 DAGs
[2022-11-09T04:06:09.084+0000] {logging_mixin.py:120} INFO - [2022-11-09T04:06:09.084+0000] {dag.py:3340} INFO - Setting next_dagrun for example_short_circuit_decorator to 2022-11-08T04:06:09.084567+00:00, run_after=2022-11-09T04:06:09.084567+00:00
[2022-11-09T04:06:09.095+0000] {processor.py:176} INFO - Processing /home/airflow/.local/lib/python3.7/site-packages/airflow/example_dags/example_short_circuit_decorator.py took 0.064 seconds
[2022-11-09T04:06:39.942+0000] {processor.py:154} INFO - Started process (PID=32436) to work on /home/airflow/.local/lib/python3.7/site-packages/airflow/example_dags/example_short_circuit_decorator.py
[2022-11-09T04:06:39.942+0000] {processor.py:756} INFO - Processing file /home/airflow/.local/lib/python3.7/site-packages/airflow/example_dags/example_short_circuit_decorator.py for tasks to queue
[2022-11-09T04:06:39.943+0000] {logging_mixin.py:120} INFO - [2022-11-09T04:06:39.943+0000] {dagbag.py:537} INFO - Filling up the DagBag from /home/airflow/.local/lib/python3.7/site-packages/airflow/example_dags/example_short_circuit_decorator.py
[2022-11-09T04:06:39.956+0000] {processor.py:766} INFO - DAG(s) dict_keys(['example_short_circuit_decorator']) retrieved from /home/airflow/.local/lib/python3.7/site-packages/airflow/example_dags/example_short_circuit_decorator.py
[2022-11-09T04:06:39.977+0000] {logging_mixin.py:120} INFO - [2022-11-09T04:06:39.977+0000] {dag.py:2585} INFO - Sync 1 DAGs
[2022-11-09T04:06:39.990+0000] {logging_mixin.py:120} INFO - [2022-11-09T04:06:39.990+0000] {dag.py:3340} INFO - Setting next_dagrun for example_short_circuit_decorator to 2022-11-08T04:06:39.990589+00:00, run_after=2022-11-09T04:06:39.990589+00:00
[2022-11-09T04:06:40.032+0000] {processor.py:176} INFO - Processing /home/airflow/.local/lib/python3.7/site-packages/airflow/example_dags/example_short_circuit_decorator.py took 0.092 seconds
[2022-11-09T04:17:40.626+0000] {processor.py:154} INFO - Started process (PID=32505) to work on /home/airflow/.local/lib/python3.7/site-packages/airflow/example_dags/example_short_circuit_decorator.py
[2022-11-09T04:17:40.628+0000] {processor.py:756} INFO - Processing file /home/airflow/.local/lib/python3.7/site-packages/airflow/example_dags/example_short_circuit_decorator.py for tasks to queue
[2022-11-09T04:17:40.629+0000] {logging_mixin.py:120} INFO - [2022-11-09T04:17:40.629+0000] {dagbag.py:537} INFO - Filling up the DagBag from /home/airflow/.local/lib/python3.7/site-packages/airflow/example_dags/example_short_circuit_decorator.py
[2022-11-09T04:17:40.650+0000] {processor.py:766} INFO - DAG(s) dict_keys(['example_short_circuit_decorator']) retrieved from /home/airflow/.local/lib/python3.7/site-packages/airflow/example_dags/example_short_circuit_decorator.py
[2022-11-09T04:17:40.694+0000] {logging_mixin.py:120} INFO - [2022-11-09T04:17:40.694+0000] {dag.py:2585} INFO - Sync 1 DAGs
[2022-11-09T04:17:40.710+0000] {logging_mixin.py:120} INFO - [2022-11-09T04:17:40.710+0000] {dag.py:3340} INFO - Setting next_dagrun for example_short_circuit_decorator to 2022-11-08T04:17:40.710190+00:00, run_after=2022-11-09T04:17:40.710190+00:00
[2022-11-09T04:17:40.735+0000] {processor.py:176} INFO - Processing /home/airflow/.local/lib/python3.7/site-packages/airflow/example_dags/example_short_circuit_decorator.py took 0.112 seconds
[2022-11-09T04:18:10.766+0000] {processor.py:154} INFO - Started process (PID=32562) to work on /home/airflow/.local/lib/python3.7/site-packages/airflow/example_dags/example_short_circuit_decorator.py
[2022-11-09T04:18:10.767+0000] {processor.py:756} INFO - Processing file /home/airflow/.local/lib/python3.7/site-packages/airflow/example_dags/example_short_circuit_decorator.py for tasks to queue
[2022-11-09T04:18:10.768+0000] {logging_mixin.py:120} INFO - [2022-11-09T04:18:10.767+0000] {dagbag.py:537} INFO - Filling up the DagBag from /home/airflow/.local/lib/python3.7/site-packages/airflow/example_dags/example_short_circuit_decorator.py
[2022-11-09T04:18:10.781+0000] {processor.py:766} INFO - DAG(s) dict_keys(['example_short_circuit_decorator']) retrieved from /home/airflow/.local/lib/python3.7/site-packages/airflow/example_dags/example_short_circuit_decorator.py
[2022-11-09T04:18:10.802+0000] {logging_mixin.py:120} INFO - [2022-11-09T04:18:10.802+0000] {dag.py:2585} INFO - Sync 1 DAGs
[2022-11-09T04:18:10.814+0000] {logging_mixin.py:120} INFO - [2022-11-09T04:18:10.814+0000] {dag.py:3340} INFO - Setting next_dagrun for example_short_circuit_decorator to 2022-11-08T04:18:10.814415+00:00, run_after=2022-11-09T04:18:10.814415+00:00
[2022-11-09T04:18:10.823+0000] {processor.py:176} INFO - Processing /home/airflow/.local/lib/python3.7/site-packages/airflow/example_dags/example_short_circuit_decorator.py took 0.058 seconds
[2022-11-09T04:18:41.750+0000] {processor.py:154} INFO - Started process (PID=32629) to work on /home/airflow/.local/lib/python3.7/site-packages/airflow/example_dags/example_short_circuit_decorator.py
[2022-11-09T04:18:41.751+0000] {processor.py:756} INFO - Processing file /home/airflow/.local/lib/python3.7/site-packages/airflow/example_dags/example_short_circuit_decorator.py for tasks to queue
[2022-11-09T04:18:41.751+0000] {logging_mixin.py:120} INFO - [2022-11-09T04:18:41.751+0000] {dagbag.py:537} INFO - Filling up the DagBag from /home/airflow/.local/lib/python3.7/site-packages/airflow/example_dags/example_short_circuit_decorator.py
[2022-11-09T04:18:41.765+0000] {processor.py:766} INFO - DAG(s) dict_keys(['example_short_circuit_decorator']) retrieved from /home/airflow/.local/lib/python3.7/site-packages/airflow/example_dags/example_short_circuit_decorator.py
[2022-11-09T04:18:41.787+0000] {logging_mixin.py:120} INFO - [2022-11-09T04:18:41.787+0000] {dag.py:2585} INFO - Sync 1 DAGs
[2022-11-09T04:18:41.802+0000] {logging_mixin.py:120} INFO - [2022-11-09T04:18:41.801+0000] {dag.py:3340} INFO - Setting next_dagrun for example_short_circuit_decorator to 2022-11-08T04:18:41.801801+00:00, run_after=2022-11-09T04:18:41.801801+00:00
[2022-11-09T04:18:41.812+0000] {processor.py:176} INFO - Processing /home/airflow/.local/lib/python3.7/site-packages/airflow/example_dags/example_short_circuit_decorator.py took 0.064 seconds
[2022-11-09T04:19:12.848+0000] {processor.py:154} INFO - Started process (PID=32695) to work on /home/airflow/.local/lib/python3.7/site-packages/airflow/example_dags/example_short_circuit_decorator.py
[2022-11-09T04:19:12.849+0000] {processor.py:756} INFO - Processing file /home/airflow/.local/lib/python3.7/site-packages/airflow/example_dags/example_short_circuit_decorator.py for tasks to queue
[2022-11-09T04:19:12.850+0000] {logging_mixin.py:120} INFO - [2022-11-09T04:19:12.849+0000] {dagbag.py:537} INFO - Filling up the DagBag from /home/airflow/.local/lib/python3.7/site-packages/airflow/example_dags/example_short_circuit_decorator.py
[2022-11-09T04:19:12.863+0000] {processor.py:766} INFO - DAG(s) dict_keys(['example_short_circuit_decorator']) retrieved from /home/airflow/.local/lib/python3.7/site-packages/airflow/example_dags/example_short_circuit_decorator.py
[2022-11-09T04:19:12.888+0000] {logging_mixin.py:120} INFO - [2022-11-09T04:19:12.888+0000] {dag.py:2585} INFO - Sync 1 DAGs
[2022-11-09T04:19:12.904+0000] {logging_mixin.py:120} INFO - [2022-11-09T04:19:12.904+0000] {dag.py:3340} INFO - Setting next_dagrun for example_short_circuit_decorator to 2022-11-08T04:19:12.904226+00:00, run_after=2022-11-09T04:19:12.904226+00:00
[2022-11-09T04:19:12.916+0000] {processor.py:176} INFO - Processing /home/airflow/.local/lib/python3.7/site-packages/airflow/example_dags/example_short_circuit_decorator.py took 0.069 seconds
[2022-11-09T04:19:43.805+0000] {processor.py:154} INFO - Started process (PID=32762) to work on /home/airflow/.local/lib/python3.7/site-packages/airflow/example_dags/example_short_circuit_decorator.py
[2022-11-09T04:19:43.806+0000] {processor.py:756} INFO - Processing file /home/airflow/.local/lib/python3.7/site-packages/airflow/example_dags/example_short_circuit_decorator.py for tasks to queue
[2022-11-09T04:19:43.806+0000] {logging_mixin.py:120} INFO - [2022-11-09T04:19:43.806+0000] {dagbag.py:537} INFO - Filling up the DagBag from /home/airflow/.local/lib/python3.7/site-packages/airflow/example_dags/example_short_circuit_decorator.py
[2022-11-09T04:19:43.820+0000] {processor.py:766} INFO - DAG(s) dict_keys(['example_short_circuit_decorator']) retrieved from /home/airflow/.local/lib/python3.7/site-packages/airflow/example_dags/example_short_circuit_decorator.py
[2022-11-09T04:19:43.844+0000] {logging_mixin.py:120} INFO - [2022-11-09T04:19:43.844+0000] {dag.py:2585} INFO - Sync 1 DAGs
[2022-11-09T04:19:43.857+0000] {logging_mixin.py:120} INFO - [2022-11-09T04:19:43.857+0000] {dag.py:3340} INFO - Setting next_dagrun for example_short_circuit_decorator to 2022-11-08T04:19:43.857474+00:00, run_after=2022-11-09T04:19:43.857474+00:00
[2022-11-09T04:19:43.870+0000] {processor.py:176} INFO - Processing /home/airflow/.local/lib/python3.7/site-packages/airflow/example_dags/example_short_circuit_decorator.py took 0.068 seconds
