[2022-11-09T00:12:00.985+0000] {processor.py:154} INFO - Started process (PID=30705) to work on /home/airflow/.local/lib/python3.7/site-packages/airflow/example_dags/tutorial_dag.py
[2022-11-09T00:12:00.986+0000] {processor.py:756} INFO - Processing file /home/airflow/.local/lib/python3.7/site-packages/airflow/example_dags/tutorial_dag.py for tasks to queue
[2022-11-09T00:12:00.986+0000] {logging_mixin.py:120} INFO - [2022-11-09T00:12:00.986+0000] {dagbag.py:537} INFO - Filling up the DagBag from /home/airflow/.local/lib/python3.7/site-packages/airflow/example_dags/tutorial_dag.py
[2022-11-09T00:12:00.996+0000] {processor.py:766} INFO - DAG(s) dict_keys(['tutorial_dag']) retrieved from /home/airflow/.local/lib/python3.7/site-packages/airflow/example_dags/tutorial_dag.py
[2022-11-09T00:12:01.032+0000] {logging_mixin.py:120} INFO - [2022-11-09T00:12:01.031+0000] {dag.py:2585} INFO - Sync 1 DAGs
[2022-11-09T00:12:01.069+0000] {logging_mixin.py:120} INFO - [2022-11-09T00:12:01.068+0000] {dag.py:3340} INFO - Setting next_dagrun for tutorial_dag to None, run_after=None
[2022-11-09T00:12:01.107+0000] {processor.py:176} INFO - Processing /home/airflow/.local/lib/python3.7/site-packages/airflow/example_dags/tutorial_dag.py took 0.125 seconds
[2022-11-09T00:27:34.187+0000] {processor.py:154} INFO - Started process (PID=30752) to work on /home/airflow/.local/lib/python3.7/site-packages/airflow/example_dags/tutorial_dag.py
[2022-11-09T00:27:34.188+0000] {processor.py:756} INFO - Processing file /home/airflow/.local/lib/python3.7/site-packages/airflow/example_dags/tutorial_dag.py for tasks to queue
[2022-11-09T00:27:34.189+0000] {logging_mixin.py:120} INFO - [2022-11-09T00:27:34.189+0000] {dagbag.py:537} INFO - Filling up the DagBag from /home/airflow/.local/lib/python3.7/site-packages/airflow/example_dags/tutorial_dag.py
[2022-11-09T00:27:34.196+0000] {processor.py:766} INFO - DAG(s) dict_keys(['tutorial_dag']) retrieved from /home/airflow/.local/lib/python3.7/site-packages/airflow/example_dags/tutorial_dag.py
[2022-11-09T00:27:34.251+0000] {logging_mixin.py:120} INFO - [2022-11-09T00:27:34.251+0000] {dag.py:2585} INFO - Sync 1 DAGs
[2022-11-09T00:27:34.270+0000] {logging_mixin.py:120} INFO - [2022-11-09T00:27:34.269+0000] {dag.py:3340} INFO - Setting next_dagrun for tutorial_dag to None, run_after=None
[2022-11-09T00:27:34.279+0000] {processor.py:176} INFO - Processing /home/airflow/.local/lib/python3.7/site-packages/airflow/example_dags/tutorial_dag.py took 0.094 seconds
[2022-11-09T01:00:48.482+0000] {processor.py:154} INFO - Started process (PID=30802) to work on /home/airflow/.local/lib/python3.7/site-packages/airflow/example_dags/tutorial_dag.py
[2022-11-09T01:00:48.482+0000] {processor.py:756} INFO - Processing file /home/airflow/.local/lib/python3.7/site-packages/airflow/example_dags/tutorial_dag.py for tasks to queue
[2022-11-09T01:00:48.482+0000] {logging_mixin.py:120} INFO - [2022-11-09T01:00:48.482+0000] {dagbag.py:537} INFO - Filling up the DagBag from /home/airflow/.local/lib/python3.7/site-packages/airflow/example_dags/tutorial_dag.py
[2022-11-09T01:00:48.490+0000] {processor.py:766} INFO - DAG(s) dict_keys(['tutorial_dag']) retrieved from /home/airflow/.local/lib/python3.7/site-packages/airflow/example_dags/tutorial_dag.py
[2022-11-09T01:00:48.511+0000] {logging_mixin.py:120} INFO - [2022-11-09T01:00:48.511+0000] {dag.py:2585} INFO - Sync 1 DAGs
[2022-11-09T01:00:48.525+0000] {logging_mixin.py:120} INFO - [2022-11-09T01:00:48.525+0000] {dag.py:3340} INFO - Setting next_dagrun for tutorial_dag to None, run_after=None
[2022-11-09T01:00:48.535+0000] {processor.py:176} INFO - Processing /home/airflow/.local/lib/python3.7/site-packages/airflow/example_dags/tutorial_dag.py took 0.055 seconds
[2022-11-09T01:34:44.175+0000] {processor.py:154} INFO - Started process (PID=30850) to work on /home/airflow/.local/lib/python3.7/site-packages/airflow/example_dags/tutorial_dag.py
[2022-11-09T01:34:44.188+0000] {processor.py:756} INFO - Processing file /home/airflow/.local/lib/python3.7/site-packages/airflow/example_dags/tutorial_dag.py for tasks to queue
[2022-11-09T01:34:44.189+0000] {logging_mixin.py:120} INFO - [2022-11-09T01:34:44.189+0000] {dagbag.py:537} INFO - Filling up the DagBag from /home/airflow/.local/lib/python3.7/site-packages/airflow/example_dags/tutorial_dag.py
[2022-11-09T01:34:44.204+0000] {processor.py:766} INFO - DAG(s) dict_keys(['tutorial_dag']) retrieved from /home/airflow/.local/lib/python3.7/site-packages/airflow/example_dags/tutorial_dag.py
[2022-11-09T01:34:44.250+0000] {logging_mixin.py:120} INFO - [2022-11-09T01:34:44.249+0000] {dag.py:2585} INFO - Sync 1 DAGs
[2022-11-09T01:34:44.268+0000] {logging_mixin.py:120} INFO - [2022-11-09T01:34:44.268+0000] {dag.py:3340} INFO - Setting next_dagrun for tutorial_dag to None, run_after=None
[2022-11-09T01:34:44.288+0000] {processor.py:176} INFO - Processing /home/airflow/.local/lib/python3.7/site-packages/airflow/example_dags/tutorial_dag.py took 0.117 seconds
[2022-11-09T01:50:24.373+0000] {processor.py:154} INFO - Started process (PID=30897) to work on /home/airflow/.local/lib/python3.7/site-packages/airflow/example_dags/tutorial_dag.py
[2022-11-09T01:50:24.374+0000] {processor.py:756} INFO - Processing file /home/airflow/.local/lib/python3.7/site-packages/airflow/example_dags/tutorial_dag.py for tasks to queue
[2022-11-09T01:50:24.374+0000] {logging_mixin.py:120} INFO - [2022-11-09T01:50:24.374+0000] {dagbag.py:537} INFO - Filling up the DagBag from /home/airflow/.local/lib/python3.7/site-packages/airflow/example_dags/tutorial_dag.py
[2022-11-09T01:50:24.381+0000] {processor.py:766} INFO - DAG(s) dict_keys(['tutorial_dag']) retrieved from /home/airflow/.local/lib/python3.7/site-packages/airflow/example_dags/tutorial_dag.py
[2022-11-09T01:50:24.403+0000] {logging_mixin.py:120} INFO - [2022-11-09T01:50:24.403+0000] {dag.py:2585} INFO - Sync 1 DAGs
[2022-11-09T01:50:24.417+0000] {logging_mixin.py:120} INFO - [2022-11-09T01:50:24.417+0000] {dag.py:3340} INFO - Setting next_dagrun for tutorial_dag to None, run_after=None
[2022-11-09T01:50:24.428+0000] {processor.py:176} INFO - Processing /home/airflow/.local/lib/python3.7/site-packages/airflow/example_dags/tutorial_dag.py took 0.057 seconds
[2022-11-09T01:55:23.624+0000] {processor.py:154} INFO - Started process (PID=30945) to work on /home/airflow/.local/lib/python3.7/site-packages/airflow/example_dags/tutorial_dag.py
[2022-11-09T01:55:23.625+0000] {processor.py:756} INFO - Processing file /home/airflow/.local/lib/python3.7/site-packages/airflow/example_dags/tutorial_dag.py for tasks to queue
[2022-11-09T01:55:23.625+0000] {logging_mixin.py:120} INFO - [2022-11-09T01:55:23.625+0000] {dagbag.py:537} INFO - Filling up the DagBag from /home/airflow/.local/lib/python3.7/site-packages/airflow/example_dags/tutorial_dag.py
[2022-11-09T01:55:23.633+0000] {processor.py:766} INFO - DAG(s) dict_keys(['tutorial_dag']) retrieved from /home/airflow/.local/lib/python3.7/site-packages/airflow/example_dags/tutorial_dag.py
[2022-11-09T01:55:23.657+0000] {logging_mixin.py:120} INFO - [2022-11-09T01:55:23.657+0000] {dag.py:2585} INFO - Sync 1 DAGs
[2022-11-09T01:55:23.677+0000] {logging_mixin.py:120} INFO - [2022-11-09T01:55:23.677+0000] {dag.py:3340} INFO - Setting next_dagrun for tutorial_dag to None, run_after=None
[2022-11-09T01:55:23.695+0000] {processor.py:176} INFO - Processing /home/airflow/.local/lib/python3.7/site-packages/airflow/example_dags/tutorial_dag.py took 0.073 seconds
[2022-11-09T02:10:49.045+0000] {processor.py:154} INFO - Started process (PID=30992) to work on /home/airflow/.local/lib/python3.7/site-packages/airflow/example_dags/tutorial_dag.py
[2022-11-09T02:10:49.046+0000] {processor.py:756} INFO - Processing file /home/airflow/.local/lib/python3.7/site-packages/airflow/example_dags/tutorial_dag.py for tasks to queue
[2022-11-09T02:10:49.046+0000] {logging_mixin.py:120} INFO - [2022-11-09T02:10:49.046+0000] {dagbag.py:537} INFO - Filling up the DagBag from /home/airflow/.local/lib/python3.7/site-packages/airflow/example_dags/tutorial_dag.py
[2022-11-09T02:10:49.057+0000] {processor.py:766} INFO - DAG(s) dict_keys(['tutorial_dag']) retrieved from /home/airflow/.local/lib/python3.7/site-packages/airflow/example_dags/tutorial_dag.py
[2022-11-09T02:10:49.087+0000] {logging_mixin.py:120} INFO - [2022-11-09T02:10:49.087+0000] {dag.py:2585} INFO - Sync 1 DAGs
[2022-11-09T02:10:49.102+0000] {logging_mixin.py:120} INFO - [2022-11-09T02:10:49.102+0000] {dag.py:3340} INFO - Setting next_dagrun for tutorial_dag to None, run_after=None
[2022-11-09T02:10:49.120+0000] {processor.py:176} INFO - Processing /home/airflow/.local/lib/python3.7/site-packages/airflow/example_dags/tutorial_dag.py took 0.079 seconds
[2022-11-09T02:26:23.489+0000] {processor.py:154} INFO - Started process (PID=31039) to work on /home/airflow/.local/lib/python3.7/site-packages/airflow/example_dags/tutorial_dag.py
[2022-11-09T02:26:23.490+0000] {processor.py:756} INFO - Processing file /home/airflow/.local/lib/python3.7/site-packages/airflow/example_dags/tutorial_dag.py for tasks to queue
[2022-11-09T02:26:23.490+0000] {logging_mixin.py:120} INFO - [2022-11-09T02:26:23.490+0000] {dagbag.py:537} INFO - Filling up the DagBag from /home/airflow/.local/lib/python3.7/site-packages/airflow/example_dags/tutorial_dag.py
[2022-11-09T02:26:23.508+0000] {processor.py:766} INFO - DAG(s) dict_keys(['tutorial_dag']) retrieved from /home/airflow/.local/lib/python3.7/site-packages/airflow/example_dags/tutorial_dag.py
[2022-11-09T02:26:23.541+0000] {logging_mixin.py:120} INFO - [2022-11-09T02:26:23.541+0000] {dag.py:2585} INFO - Sync 1 DAGs
[2022-11-09T02:26:23.558+0000] {logging_mixin.py:120} INFO - [2022-11-09T02:26:23.558+0000] {dag.py:3340} INFO - Setting next_dagrun for tutorial_dag to None, run_after=None
[2022-11-09T02:26:23.570+0000] {processor.py:176} INFO - Processing /home/airflow/.local/lib/python3.7/site-packages/airflow/example_dags/tutorial_dag.py took 0.085 seconds
[2022-11-09T02:44:01.168+0000] {processor.py:154} INFO - Started process (PID=31087) to work on /home/airflow/.local/lib/python3.7/site-packages/airflow/example_dags/tutorial_dag.py
[2022-11-09T02:44:01.177+0000] {processor.py:756} INFO - Processing file /home/airflow/.local/lib/python3.7/site-packages/airflow/example_dags/tutorial_dag.py for tasks to queue
[2022-11-09T02:44:01.178+0000] {logging_mixin.py:120} INFO - [2022-11-09T02:44:01.178+0000] {dagbag.py:537} INFO - Filling up the DagBag from /home/airflow/.local/lib/python3.7/site-packages/airflow/example_dags/tutorial_dag.py
[2022-11-09T02:44:01.200+0000] {processor.py:766} INFO - DAG(s) dict_keys(['tutorial_dag']) retrieved from /home/airflow/.local/lib/python3.7/site-packages/airflow/example_dags/tutorial_dag.py
[2022-11-09T02:44:01.247+0000] {logging_mixin.py:120} INFO - [2022-11-09T02:44:01.247+0000] {dag.py:2585} INFO - Sync 1 DAGs
[2022-11-09T02:44:01.275+0000] {logging_mixin.py:120} INFO - [2022-11-09T02:44:01.275+0000] {dag.py:3340} INFO - Setting next_dagrun for tutorial_dag to None, run_after=None
[2022-11-09T02:44:01.289+0000] {processor.py:176} INFO - Processing /home/airflow/.local/lib/python3.7/site-packages/airflow/example_dags/tutorial_dag.py took 0.124 seconds
[2022-11-09T03:01:03.016+0000] {processor.py:154} INFO - Started process (PID=31146) to work on /home/airflow/.local/lib/python3.7/site-packages/airflow/example_dags/tutorial_dag.py
[2022-11-09T03:01:03.017+0000] {processor.py:756} INFO - Processing file /home/airflow/.local/lib/python3.7/site-packages/airflow/example_dags/tutorial_dag.py for tasks to queue
[2022-11-09T03:01:03.017+0000] {logging_mixin.py:120} INFO - [2022-11-09T03:01:03.017+0000] {dagbag.py:537} INFO - Filling up the DagBag from /home/airflow/.local/lib/python3.7/site-packages/airflow/example_dags/tutorial_dag.py
[2022-11-09T03:01:03.025+0000] {processor.py:766} INFO - DAG(s) dict_keys(['tutorial_dag']) retrieved from /home/airflow/.local/lib/python3.7/site-packages/airflow/example_dags/tutorial_dag.py
[2022-11-09T03:01:03.048+0000] {logging_mixin.py:120} INFO - [2022-11-09T03:01:03.048+0000] {dag.py:2585} INFO - Sync 1 DAGs
[2022-11-09T03:01:03.061+0000] {logging_mixin.py:120} INFO - [2022-11-09T03:01:03.061+0000] {dag.py:3340} INFO - Setting next_dagrun for tutorial_dag to None, run_after=None
[2022-11-09T03:01:03.071+0000] {processor.py:176} INFO - Processing /home/airflow/.local/lib/python3.7/site-packages/airflow/example_dags/tutorial_dag.py took 0.057 seconds
[2022-11-09T03:03:52.423+0000] {processor.py:154} INFO - Started process (PID=31211) to work on /home/airflow/.local/lib/python3.7/site-packages/airflow/example_dags/tutorial_dag.py
[2022-11-09T03:03:52.424+0000] {processor.py:756} INFO - Processing file /home/airflow/.local/lib/python3.7/site-packages/airflow/example_dags/tutorial_dag.py for tasks to queue
[2022-11-09T03:03:52.424+0000] {logging_mixin.py:120} INFO - [2022-11-09T03:03:52.424+0000] {dagbag.py:537} INFO - Filling up the DagBag from /home/airflow/.local/lib/python3.7/site-packages/airflow/example_dags/tutorial_dag.py
[2022-11-09T03:03:52.433+0000] {processor.py:766} INFO - DAG(s) dict_keys(['tutorial_dag']) retrieved from /home/airflow/.local/lib/python3.7/site-packages/airflow/example_dags/tutorial_dag.py
[2022-11-09T03:03:52.458+0000] {logging_mixin.py:120} INFO - [2022-11-09T03:03:52.458+0000] {dag.py:2585} INFO - Sync 1 DAGs
[2022-11-09T03:03:52.480+0000] {logging_mixin.py:120} INFO - [2022-11-09T03:03:52.480+0000] {dag.py:3340} INFO - Setting next_dagrun for tutorial_dag to None, run_after=None
[2022-11-09T03:03:52.489+0000] {processor.py:176} INFO - Processing /home/airflow/.local/lib/python3.7/site-packages/airflow/example_dags/tutorial_dag.py took 0.068 seconds
[2022-11-09T03:19:28.337+0000] {processor.py:154} INFO - Started process (PID=31258) to work on /home/airflow/.local/lib/python3.7/site-packages/airflow/example_dags/tutorial_dag.py
[2022-11-09T03:19:28.339+0000] {processor.py:756} INFO - Processing file /home/airflow/.local/lib/python3.7/site-packages/airflow/example_dags/tutorial_dag.py for tasks to queue
[2022-11-09T03:19:28.340+0000] {logging_mixin.py:120} INFO - [2022-11-09T03:19:28.340+0000] {dagbag.py:537} INFO - Filling up the DagBag from /home/airflow/.local/lib/python3.7/site-packages/airflow/example_dags/tutorial_dag.py
[2022-11-09T03:19:28.348+0000] {processor.py:766} INFO - DAG(s) dict_keys(['tutorial_dag']) retrieved from /home/airflow/.local/lib/python3.7/site-packages/airflow/example_dags/tutorial_dag.py
[2022-11-09T03:19:28.399+0000] {logging_mixin.py:120} INFO - [2022-11-09T03:19:28.399+0000] {dag.py:2585} INFO - Sync 1 DAGs
[2022-11-09T03:19:28.425+0000] {logging_mixin.py:120} INFO - [2022-11-09T03:19:28.425+0000] {dag.py:3340} INFO - Setting next_dagrun for tutorial_dag to None, run_after=None
[2022-11-09T03:19:28.444+0000] {processor.py:176} INFO - Processing /home/airflow/.local/lib/python3.7/site-packages/airflow/example_dags/tutorial_dag.py took 0.110 seconds
[2022-11-09T03:35:52.134+0000] {processor.py:154} INFO - Started process (PID=31316) to work on /home/airflow/.local/lib/python3.7/site-packages/airflow/example_dags/tutorial_dag.py
[2022-11-09T03:35:52.137+0000] {processor.py:756} INFO - Processing file /home/airflow/.local/lib/python3.7/site-packages/airflow/example_dags/tutorial_dag.py for tasks to queue
[2022-11-09T03:35:52.137+0000] {logging_mixin.py:120} INFO - [2022-11-09T03:35:52.137+0000] {dagbag.py:537} INFO - Filling up the DagBag from /home/airflow/.local/lib/python3.7/site-packages/airflow/example_dags/tutorial_dag.py
[2022-11-09T03:35:52.145+0000] {processor.py:766} INFO - DAG(s) dict_keys(['tutorial_dag']) retrieved from /home/airflow/.local/lib/python3.7/site-packages/airflow/example_dags/tutorial_dag.py
[2022-11-09T03:35:52.169+0000] {logging_mixin.py:120} INFO - [2022-11-09T03:35:52.169+0000] {dag.py:2585} INFO - Sync 1 DAGs
[2022-11-09T03:35:52.184+0000] {logging_mixin.py:120} INFO - [2022-11-09T03:35:52.184+0000] {dag.py:3340} INFO - Setting next_dagrun for tutorial_dag to None, run_after=None
[2022-11-09T03:35:52.195+0000] {processor.py:176} INFO - Processing /home/airflow/.local/lib/python3.7/site-packages/airflow/example_dags/tutorial_dag.py took 0.063 seconds
[2022-11-09T03:58:28.155+0000] {processor.py:154} INFO - Started process (PID=31363) to work on /home/airflow/.local/lib/python3.7/site-packages/airflow/example_dags/tutorial_dag.py
[2022-11-09T03:58:28.159+0000] {processor.py:756} INFO - Processing file /home/airflow/.local/lib/python3.7/site-packages/airflow/example_dags/tutorial_dag.py for tasks to queue
[2022-11-09T03:58:28.160+0000] {logging_mixin.py:120} INFO - [2022-11-09T03:58:28.160+0000] {dagbag.py:537} INFO - Filling up the DagBag from /home/airflow/.local/lib/python3.7/site-packages/airflow/example_dags/tutorial_dag.py
[2022-11-09T03:58:28.168+0000] {processor.py:766} INFO - DAG(s) dict_keys(['tutorial_dag']) retrieved from /home/airflow/.local/lib/python3.7/site-packages/airflow/example_dags/tutorial_dag.py
[2022-11-09T03:58:28.212+0000] {logging_mixin.py:120} INFO - [2022-11-09T03:58:28.211+0000] {dag.py:2585} INFO - Sync 1 DAGs
[2022-11-09T03:58:28.240+0000] {logging_mixin.py:120} INFO - [2022-11-09T03:58:28.240+0000] {dag.py:3340} INFO - Setting next_dagrun for tutorial_dag to None, run_after=None
[2022-11-09T03:58:28.273+0000] {processor.py:176} INFO - Processing /home/airflow/.local/lib/python3.7/site-packages/airflow/example_dags/tutorial_dag.py took 0.121 seconds
[2022-11-09T03:58:58.910+0000] {processor.py:154} INFO - Started process (PID=31433) to work on /home/airflow/.local/lib/python3.7/site-packages/airflow/example_dags/tutorial_dag.py
[2022-11-09T03:58:58.911+0000] {processor.py:756} INFO - Processing file /home/airflow/.local/lib/python3.7/site-packages/airflow/example_dags/tutorial_dag.py for tasks to queue
[2022-11-09T03:58:58.911+0000] {logging_mixin.py:120} INFO - [2022-11-09T03:58:58.911+0000] {dagbag.py:537} INFO - Filling up the DagBag from /home/airflow/.local/lib/python3.7/site-packages/airflow/example_dags/tutorial_dag.py
[2022-11-09T03:58:58.919+0000] {processor.py:766} INFO - DAG(s) dict_keys(['tutorial_dag']) retrieved from /home/airflow/.local/lib/python3.7/site-packages/airflow/example_dags/tutorial_dag.py
[2022-11-09T03:58:58.944+0000] {logging_mixin.py:120} INFO - [2022-11-09T03:58:58.943+0000] {dag.py:2585} INFO - Sync 1 DAGs
[2022-11-09T03:58:58.958+0000] {logging_mixin.py:120} INFO - [2022-11-09T03:58:58.958+0000] {dag.py:3340} INFO - Setting next_dagrun for tutorial_dag to None, run_after=None
[2022-11-09T03:58:58.968+0000] {processor.py:176} INFO - Processing /home/airflow/.local/lib/python3.7/site-packages/airflow/example_dags/tutorial_dag.py took 0.061 seconds
[2022-11-09T03:59:29.888+0000] {processor.py:154} INFO - Started process (PID=31505) to work on /home/airflow/.local/lib/python3.7/site-packages/airflow/example_dags/tutorial_dag.py
[2022-11-09T03:59:29.889+0000] {processor.py:756} INFO - Processing file /home/airflow/.local/lib/python3.7/site-packages/airflow/example_dags/tutorial_dag.py for tasks to queue
[2022-11-09T03:59:29.889+0000] {logging_mixin.py:120} INFO - [2022-11-09T03:59:29.889+0000] {dagbag.py:537} INFO - Filling up the DagBag from /home/airflow/.local/lib/python3.7/site-packages/airflow/example_dags/tutorial_dag.py
[2022-11-09T03:59:29.896+0000] {processor.py:766} INFO - DAG(s) dict_keys(['tutorial_dag']) retrieved from /home/airflow/.local/lib/python3.7/site-packages/airflow/example_dags/tutorial_dag.py
[2022-11-09T03:59:29.922+0000] {logging_mixin.py:120} INFO - [2022-11-09T03:59:29.921+0000] {dag.py:2585} INFO - Sync 1 DAGs
[2022-11-09T03:59:29.935+0000] {logging_mixin.py:120} INFO - [2022-11-09T03:59:29.935+0000] {dag.py:3340} INFO - Setting next_dagrun for tutorial_dag to None, run_after=None
[2022-11-09T03:59:29.946+0000] {processor.py:176} INFO - Processing /home/airflow/.local/lib/python3.7/site-packages/airflow/example_dags/tutorial_dag.py took 0.060 seconds
[2022-11-09T04:00:00.750+0000] {processor.py:154} INFO - Started process (PID=31571) to work on /home/airflow/.local/lib/python3.7/site-packages/airflow/example_dags/tutorial_dag.py
[2022-11-09T04:00:00.750+0000] {processor.py:756} INFO - Processing file /home/airflow/.local/lib/python3.7/site-packages/airflow/example_dags/tutorial_dag.py for tasks to queue
[2022-11-09T04:00:00.751+0000] {logging_mixin.py:120} INFO - [2022-11-09T04:00:00.751+0000] {dagbag.py:537} INFO - Filling up the DagBag from /home/airflow/.local/lib/python3.7/site-packages/airflow/example_dags/tutorial_dag.py
[2022-11-09T04:00:00.758+0000] {processor.py:766} INFO - DAG(s) dict_keys(['tutorial_dag']) retrieved from /home/airflow/.local/lib/python3.7/site-packages/airflow/example_dags/tutorial_dag.py
[2022-11-09T04:00:00.782+0000] {logging_mixin.py:120} INFO - [2022-11-09T04:00:00.782+0000] {dag.py:2585} INFO - Sync 1 DAGs
[2022-11-09T04:00:00.795+0000] {logging_mixin.py:120} INFO - [2022-11-09T04:00:00.795+0000] {dag.py:3340} INFO - Setting next_dagrun for tutorial_dag to None, run_after=None
[2022-11-09T04:00:00.833+0000] {processor.py:176} INFO - Processing /home/airflow/.local/lib/python3.7/site-packages/airflow/example_dags/tutorial_dag.py took 0.085 seconds
[2022-11-09T04:00:31.642+0000] {processor.py:154} INFO - Started process (PID=31628) to work on /home/airflow/.local/lib/python3.7/site-packages/airflow/example_dags/tutorial_dag.py
[2022-11-09T04:00:31.643+0000] {processor.py:756} INFO - Processing file /home/airflow/.local/lib/python3.7/site-packages/airflow/example_dags/tutorial_dag.py for tasks to queue
[2022-11-09T04:00:31.643+0000] {logging_mixin.py:120} INFO - [2022-11-09T04:00:31.643+0000] {dagbag.py:537} INFO - Filling up the DagBag from /home/airflow/.local/lib/python3.7/site-packages/airflow/example_dags/tutorial_dag.py
[2022-11-09T04:00:31.652+0000] {processor.py:766} INFO - DAG(s) dict_keys(['tutorial_dag']) retrieved from /home/airflow/.local/lib/python3.7/site-packages/airflow/example_dags/tutorial_dag.py
[2022-11-09T04:00:31.698+0000] {logging_mixin.py:120} INFO - [2022-11-09T04:00:31.698+0000] {dag.py:2585} INFO - Sync 1 DAGs
[2022-11-09T04:00:31.718+0000] {logging_mixin.py:120} INFO - [2022-11-09T04:00:31.718+0000] {dag.py:3340} INFO - Setting next_dagrun for tutorial_dag to None, run_after=None
[2022-11-09T04:00:31.728+0000] {processor.py:176} INFO - Processing /home/airflow/.local/lib/python3.7/site-packages/airflow/example_dags/tutorial_dag.py took 0.088 seconds
[2022-11-09T04:01:01.848+0000] {processor.py:154} INFO - Started process (PID=31693) to work on /home/airflow/.local/lib/python3.7/site-packages/airflow/example_dags/tutorial_dag.py
[2022-11-09T04:01:01.848+0000] {processor.py:756} INFO - Processing file /home/airflow/.local/lib/python3.7/site-packages/airflow/example_dags/tutorial_dag.py for tasks to queue
[2022-11-09T04:01:01.849+0000] {logging_mixin.py:120} INFO - [2022-11-09T04:01:01.849+0000] {dagbag.py:537} INFO - Filling up the DagBag from /home/airflow/.local/lib/python3.7/site-packages/airflow/example_dags/tutorial_dag.py
[2022-11-09T04:01:01.857+0000] {processor.py:766} INFO - DAG(s) dict_keys(['tutorial_dag']) retrieved from /home/airflow/.local/lib/python3.7/site-packages/airflow/example_dags/tutorial_dag.py
[2022-11-09T04:01:01.881+0000] {logging_mixin.py:120} INFO - [2022-11-09T04:01:01.881+0000] {dag.py:2585} INFO - Sync 1 DAGs
[2022-11-09T04:01:01.895+0000] {logging_mixin.py:120} INFO - [2022-11-09T04:01:01.895+0000] {dag.py:3340} INFO - Setting next_dagrun for tutorial_dag to None, run_after=None
[2022-11-09T04:01:01.907+0000] {processor.py:176} INFO - Processing /home/airflow/.local/lib/python3.7/site-packages/airflow/example_dags/tutorial_dag.py took 0.061 seconds
[2022-11-09T04:01:32.048+0000] {processor.py:154} INFO - Started process (PID=31759) to work on /home/airflow/.local/lib/python3.7/site-packages/airflow/example_dags/tutorial_dag.py
[2022-11-09T04:01:32.048+0000] {processor.py:756} INFO - Processing file /home/airflow/.local/lib/python3.7/site-packages/airflow/example_dags/tutorial_dag.py for tasks to queue
[2022-11-09T04:01:32.049+0000] {logging_mixin.py:120} INFO - [2022-11-09T04:01:32.049+0000] {dagbag.py:537} INFO - Filling up the DagBag from /home/airflow/.local/lib/python3.7/site-packages/airflow/example_dags/tutorial_dag.py
[2022-11-09T04:01:32.056+0000] {processor.py:766} INFO - DAG(s) dict_keys(['tutorial_dag']) retrieved from /home/airflow/.local/lib/python3.7/site-packages/airflow/example_dags/tutorial_dag.py
[2022-11-09T04:01:32.078+0000] {logging_mixin.py:120} INFO - [2022-11-09T04:01:32.078+0000] {dag.py:2585} INFO - Sync 1 DAGs
[2022-11-09T04:01:32.091+0000] {logging_mixin.py:120} INFO - [2022-11-09T04:01:32.091+0000] {dag.py:3340} INFO - Setting next_dagrun for tutorial_dag to None, run_after=None
[2022-11-09T04:01:32.101+0000] {processor.py:176} INFO - Processing /home/airflow/.local/lib/python3.7/site-packages/airflow/example_dags/tutorial_dag.py took 0.055 seconds
[2022-11-09T04:02:02.206+0000] {processor.py:154} INFO - Started process (PID=31829) to work on /home/airflow/.local/lib/python3.7/site-packages/airflow/example_dags/tutorial_dag.py
[2022-11-09T04:02:02.206+0000] {processor.py:756} INFO - Processing file /home/airflow/.local/lib/python3.7/site-packages/airflow/example_dags/tutorial_dag.py for tasks to queue
[2022-11-09T04:02:02.207+0000] {logging_mixin.py:120} INFO - [2022-11-09T04:02:02.207+0000] {dagbag.py:537} INFO - Filling up the DagBag from /home/airflow/.local/lib/python3.7/site-packages/airflow/example_dags/tutorial_dag.py
[2022-11-09T04:02:02.214+0000] {processor.py:766} INFO - DAG(s) dict_keys(['tutorial_dag']) retrieved from /home/airflow/.local/lib/python3.7/site-packages/airflow/example_dags/tutorial_dag.py
[2022-11-09T04:02:02.236+0000] {logging_mixin.py:120} INFO - [2022-11-09T04:02:02.236+0000] {dag.py:2585} INFO - Sync 1 DAGs
[2022-11-09T04:02:02.249+0000] {logging_mixin.py:120} INFO - [2022-11-09T04:02:02.249+0000] {dag.py:3340} INFO - Setting next_dagrun for tutorial_dag to None, run_after=None
[2022-11-09T04:02:02.259+0000] {processor.py:176} INFO - Processing /home/airflow/.local/lib/python3.7/site-packages/airflow/example_dags/tutorial_dag.py took 0.055 seconds
[2022-11-09T04:02:32.388+0000] {processor.py:154} INFO - Started process (PID=31897) to work on /home/airflow/.local/lib/python3.7/site-packages/airflow/example_dags/tutorial_dag.py
[2022-11-09T04:02:32.389+0000] {processor.py:756} INFO - Processing file /home/airflow/.local/lib/python3.7/site-packages/airflow/example_dags/tutorial_dag.py for tasks to queue
[2022-11-09T04:02:32.390+0000] {logging_mixin.py:120} INFO - [2022-11-09T04:02:32.389+0000] {dagbag.py:537} INFO - Filling up the DagBag from /home/airflow/.local/lib/python3.7/site-packages/airflow/example_dags/tutorial_dag.py
[2022-11-09T04:02:32.397+0000] {processor.py:766} INFO - DAG(s) dict_keys(['tutorial_dag']) retrieved from /home/airflow/.local/lib/python3.7/site-packages/airflow/example_dags/tutorial_dag.py
[2022-11-09T04:02:32.422+0000] {logging_mixin.py:120} INFO - [2022-11-09T04:02:32.422+0000] {dag.py:2585} INFO - Sync 1 DAGs
[2022-11-09T04:02:32.436+0000] {logging_mixin.py:120} INFO - [2022-11-09T04:02:32.436+0000] {dag.py:3340} INFO - Setting next_dagrun for tutorial_dag to None, run_after=None
[2022-11-09T04:02:32.448+0000] {processor.py:176} INFO - Processing /home/airflow/.local/lib/python3.7/site-packages/airflow/example_dags/tutorial_dag.py took 0.061 seconds
[2022-11-09T04:03:03.418+0000] {processor.py:154} INFO - Started process (PID=31962) to work on /home/airflow/.local/lib/python3.7/site-packages/airflow/example_dags/tutorial_dag.py
[2022-11-09T04:03:03.419+0000] {processor.py:756} INFO - Processing file /home/airflow/.local/lib/python3.7/site-packages/airflow/example_dags/tutorial_dag.py for tasks to queue
[2022-11-09T04:03:03.419+0000] {logging_mixin.py:120} INFO - [2022-11-09T04:03:03.419+0000] {dagbag.py:537} INFO - Filling up the DagBag from /home/airflow/.local/lib/python3.7/site-packages/airflow/example_dags/tutorial_dag.py
[2022-11-09T04:03:03.428+0000] {processor.py:766} INFO - DAG(s) dict_keys(['tutorial_dag']) retrieved from /home/airflow/.local/lib/python3.7/site-packages/airflow/example_dags/tutorial_dag.py
[2022-11-09T04:03:03.509+0000] {logging_mixin.py:120} INFO - [2022-11-09T04:03:03.509+0000] {dag.py:2585} INFO - Sync 1 DAGs
[2022-11-09T04:03:03.523+0000] {logging_mixin.py:120} INFO - [2022-11-09T04:03:03.523+0000] {dag.py:3340} INFO - Setting next_dagrun for tutorial_dag to None, run_after=None
[2022-11-09T04:03:03.539+0000] {processor.py:176} INFO - Processing /home/airflow/.local/lib/python3.7/site-packages/airflow/example_dags/tutorial_dag.py took 0.122 seconds
[2022-11-09T04:03:33.599+0000] {processor.py:154} INFO - Started process (PID=32018) to work on /home/airflow/.local/lib/python3.7/site-packages/airflow/example_dags/tutorial_dag.py
[2022-11-09T04:03:33.599+0000] {processor.py:756} INFO - Processing file /home/airflow/.local/lib/python3.7/site-packages/airflow/example_dags/tutorial_dag.py for tasks to queue
[2022-11-09T04:03:33.600+0000] {logging_mixin.py:120} INFO - [2022-11-09T04:03:33.600+0000] {dagbag.py:537} INFO - Filling up the DagBag from /home/airflow/.local/lib/python3.7/site-packages/airflow/example_dags/tutorial_dag.py
[2022-11-09T04:03:33.607+0000] {processor.py:766} INFO - DAG(s) dict_keys(['tutorial_dag']) retrieved from /home/airflow/.local/lib/python3.7/site-packages/airflow/example_dags/tutorial_dag.py
[2022-11-09T04:03:33.630+0000] {logging_mixin.py:120} INFO - [2022-11-09T04:03:33.630+0000] {dag.py:2585} INFO - Sync 1 DAGs
[2022-11-09T04:03:33.643+0000] {logging_mixin.py:120} INFO - [2022-11-09T04:03:33.643+0000] {dag.py:3340} INFO - Setting next_dagrun for tutorial_dag to None, run_after=None
[2022-11-09T04:03:33.654+0000] {processor.py:176} INFO - Processing /home/airflow/.local/lib/python3.7/site-packages/airflow/example_dags/tutorial_dag.py took 0.057 seconds
[2022-11-09T04:04:04.705+0000] {processor.py:154} INFO - Started process (PID=32087) to work on /home/airflow/.local/lib/python3.7/site-packages/airflow/example_dags/tutorial_dag.py
[2022-11-09T04:04:04.706+0000] {processor.py:756} INFO - Processing file /home/airflow/.local/lib/python3.7/site-packages/airflow/example_dags/tutorial_dag.py for tasks to queue
[2022-11-09T04:04:04.706+0000] {logging_mixin.py:120} INFO - [2022-11-09T04:04:04.706+0000] {dagbag.py:537} INFO - Filling up the DagBag from /home/airflow/.local/lib/python3.7/site-packages/airflow/example_dags/tutorial_dag.py
[2022-11-09T04:04:04.713+0000] {processor.py:766} INFO - DAG(s) dict_keys(['tutorial_dag']) retrieved from /home/airflow/.local/lib/python3.7/site-packages/airflow/example_dags/tutorial_dag.py
[2022-11-09T04:04:04.736+0000] {logging_mixin.py:120} INFO - [2022-11-09T04:04:04.736+0000] {dag.py:2585} INFO - Sync 1 DAGs
[2022-11-09T04:04:04.748+0000] {logging_mixin.py:120} INFO - [2022-11-09T04:04:04.748+0000] {dag.py:3340} INFO - Setting next_dagrun for tutorial_dag to None, run_after=None
[2022-11-09T04:04:04.759+0000] {processor.py:176} INFO - Processing /home/airflow/.local/lib/python3.7/site-packages/airflow/example_dags/tutorial_dag.py took 0.055 seconds
[2022-11-09T04:04:35.808+0000] {processor.py:154} INFO - Started process (PID=32158) to work on /home/airflow/.local/lib/python3.7/site-packages/airflow/example_dags/tutorial_dag.py
[2022-11-09T04:04:35.808+0000] {processor.py:756} INFO - Processing file /home/airflow/.local/lib/python3.7/site-packages/airflow/example_dags/tutorial_dag.py for tasks to queue
[2022-11-09T04:04:35.809+0000] {logging_mixin.py:120} INFO - [2022-11-09T04:04:35.809+0000] {dagbag.py:537} INFO - Filling up the DagBag from /home/airflow/.local/lib/python3.7/site-packages/airflow/example_dags/tutorial_dag.py
[2022-11-09T04:04:35.816+0000] {processor.py:766} INFO - DAG(s) dict_keys(['tutorial_dag']) retrieved from /home/airflow/.local/lib/python3.7/site-packages/airflow/example_dags/tutorial_dag.py
[2022-11-09T04:04:35.840+0000] {logging_mixin.py:120} INFO - [2022-11-09T04:04:35.840+0000] {dag.py:2585} INFO - Sync 1 DAGs
[2022-11-09T04:04:35.855+0000] {logging_mixin.py:120} INFO - [2022-11-09T04:04:35.855+0000] {dag.py:3340} INFO - Setting next_dagrun for tutorial_dag to None, run_after=None
[2022-11-09T04:04:35.866+0000] {processor.py:176} INFO - Processing /home/airflow/.local/lib/python3.7/site-packages/airflow/example_dags/tutorial_dag.py took 0.060 seconds
[2022-11-09T04:05:06.823+0000] {processor.py:154} INFO - Started process (PID=32225) to work on /home/airflow/.local/lib/python3.7/site-packages/airflow/example_dags/tutorial_dag.py
[2022-11-09T04:05:06.824+0000] {processor.py:756} INFO - Processing file /home/airflow/.local/lib/python3.7/site-packages/airflow/example_dags/tutorial_dag.py for tasks to queue
[2022-11-09T04:05:06.824+0000] {logging_mixin.py:120} INFO - [2022-11-09T04:05:06.824+0000] {dagbag.py:537} INFO - Filling up the DagBag from /home/airflow/.local/lib/python3.7/site-packages/airflow/example_dags/tutorial_dag.py
[2022-11-09T04:05:06.831+0000] {processor.py:766} INFO - DAG(s) dict_keys(['tutorial_dag']) retrieved from /home/airflow/.local/lib/python3.7/site-packages/airflow/example_dags/tutorial_dag.py
[2022-11-09T04:05:06.854+0000] {logging_mixin.py:120} INFO - [2022-11-09T04:05:06.854+0000] {dag.py:2585} INFO - Sync 1 DAGs
[2022-11-09T04:05:06.867+0000] {logging_mixin.py:120} INFO - [2022-11-09T04:05:06.867+0000] {dag.py:3340} INFO - Setting next_dagrun for tutorial_dag to None, run_after=None
[2022-11-09T04:05:06.878+0000] {processor.py:176} INFO - Processing /home/airflow/.local/lib/python3.7/site-packages/airflow/example_dags/tutorial_dag.py took 0.056 seconds
[2022-11-09T04:05:37.650+0000] {processor.py:154} INFO - Started process (PID=32289) to work on /home/airflow/.local/lib/python3.7/site-packages/airflow/example_dags/tutorial_dag.py
[2022-11-09T04:05:37.650+0000] {processor.py:756} INFO - Processing file /home/airflow/.local/lib/python3.7/site-packages/airflow/example_dags/tutorial_dag.py for tasks to queue
[2022-11-09T04:05:37.651+0000] {logging_mixin.py:120} INFO - [2022-11-09T04:05:37.651+0000] {dagbag.py:537} INFO - Filling up the DagBag from /home/airflow/.local/lib/python3.7/site-packages/airflow/example_dags/tutorial_dag.py
[2022-11-09T04:05:37.659+0000] {processor.py:766} INFO - DAG(s) dict_keys(['tutorial_dag']) retrieved from /home/airflow/.local/lib/python3.7/site-packages/airflow/example_dags/tutorial_dag.py
[2022-11-09T04:05:37.682+0000] {logging_mixin.py:120} INFO - [2022-11-09T04:05:37.682+0000] {dag.py:2585} INFO - Sync 1 DAGs
[2022-11-09T04:05:37.694+0000] {logging_mixin.py:120} INFO - [2022-11-09T04:05:37.694+0000] {dag.py:3340} INFO - Setting next_dagrun for tutorial_dag to None, run_after=None
[2022-11-09T04:05:37.704+0000] {processor.py:176} INFO - Processing /home/airflow/.local/lib/python3.7/site-packages/airflow/example_dags/tutorial_dag.py took 0.056 seconds
[2022-11-09T04:06:08.524+0000] {processor.py:154} INFO - Started process (PID=32355) to work on /home/airflow/.local/lib/python3.7/site-packages/airflow/example_dags/tutorial_dag.py
[2022-11-09T04:06:08.525+0000] {processor.py:756} INFO - Processing file /home/airflow/.local/lib/python3.7/site-packages/airflow/example_dags/tutorial_dag.py for tasks to queue
[2022-11-09T04:06:08.525+0000] {logging_mixin.py:120} INFO - [2022-11-09T04:06:08.525+0000] {dagbag.py:537} INFO - Filling up the DagBag from /home/airflow/.local/lib/python3.7/site-packages/airflow/example_dags/tutorial_dag.py
[2022-11-09T04:06:08.533+0000] {processor.py:766} INFO - DAG(s) dict_keys(['tutorial_dag']) retrieved from /home/airflow/.local/lib/python3.7/site-packages/airflow/example_dags/tutorial_dag.py
[2022-11-09T04:06:08.555+0000] {logging_mixin.py:120} INFO - [2022-11-09T04:06:08.555+0000] {dag.py:2585} INFO - Sync 1 DAGs
[2022-11-09T04:06:08.568+0000] {logging_mixin.py:120} INFO - [2022-11-09T04:06:08.568+0000] {dag.py:3340} INFO - Setting next_dagrun for tutorial_dag to None, run_after=None
[2022-11-09T04:06:08.580+0000] {processor.py:176} INFO - Processing /home/airflow/.local/lib/python3.7/site-packages/airflow/example_dags/tutorial_dag.py took 0.057 seconds
[2022-11-09T04:06:39.387+0000] {processor.py:154} INFO - Started process (PID=32424) to work on /home/airflow/.local/lib/python3.7/site-packages/airflow/example_dags/tutorial_dag.py
[2022-11-09T04:06:39.387+0000] {processor.py:756} INFO - Processing file /home/airflow/.local/lib/python3.7/site-packages/airflow/example_dags/tutorial_dag.py for tasks to queue
[2022-11-09T04:06:39.388+0000] {logging_mixin.py:120} INFO - [2022-11-09T04:06:39.388+0000] {dagbag.py:537} INFO - Filling up the DagBag from /home/airflow/.local/lib/python3.7/site-packages/airflow/example_dags/tutorial_dag.py
[2022-11-09T04:06:39.395+0000] {processor.py:766} INFO - DAG(s) dict_keys(['tutorial_dag']) retrieved from /home/airflow/.local/lib/python3.7/site-packages/airflow/example_dags/tutorial_dag.py
[2022-11-09T04:06:39.417+0000] {logging_mixin.py:120} INFO - [2022-11-09T04:06:39.417+0000] {dag.py:2585} INFO - Sync 1 DAGs
[2022-11-09T04:06:39.431+0000] {logging_mixin.py:120} INFO - [2022-11-09T04:06:39.431+0000] {dag.py:3340} INFO - Setting next_dagrun for tutorial_dag to None, run_after=None
[2022-11-09T04:06:39.440+0000] {processor.py:176} INFO - Processing /home/airflow/.local/lib/python3.7/site-packages/airflow/example_dags/tutorial_dag.py took 0.056 seconds
[2022-11-09T04:17:39.452+0000] {processor.py:154} INFO - Started process (PID=32483) to work on /home/airflow/.local/lib/python3.7/site-packages/airflow/example_dags/tutorial_dag.py
[2022-11-09T04:17:39.454+0000] {processor.py:756} INFO - Processing file /home/airflow/.local/lib/python3.7/site-packages/airflow/example_dags/tutorial_dag.py for tasks to queue
[2022-11-09T04:17:39.456+0000] {logging_mixin.py:120} INFO - [2022-11-09T04:17:39.455+0000] {dagbag.py:537} INFO - Filling up the DagBag from /home/airflow/.local/lib/python3.7/site-packages/airflow/example_dags/tutorial_dag.py
[2022-11-09T04:17:39.467+0000] {processor.py:766} INFO - DAG(s) dict_keys(['tutorial_dag']) retrieved from /home/airflow/.local/lib/python3.7/site-packages/airflow/example_dags/tutorial_dag.py
[2022-11-09T04:17:39.529+0000] {logging_mixin.py:120} INFO - [2022-11-09T04:17:39.529+0000] {dag.py:2585} INFO - Sync 1 DAGs
[2022-11-09T04:17:39.551+0000] {logging_mixin.py:120} INFO - [2022-11-09T04:17:39.551+0000] {dag.py:3340} INFO - Setting next_dagrun for tutorial_dag to None, run_after=None
[2022-11-09T04:17:39.584+0000] {processor.py:176} INFO - Processing /home/airflow/.local/lib/python3.7/site-packages/airflow/example_dags/tutorial_dag.py took 0.134 seconds
[2022-11-09T04:18:10.144+0000] {processor.py:154} INFO - Started process (PID=32550) to work on /home/airflow/.local/lib/python3.7/site-packages/airflow/example_dags/tutorial_dag.py
[2022-11-09T04:18:10.145+0000] {processor.py:756} INFO - Processing file /home/airflow/.local/lib/python3.7/site-packages/airflow/example_dags/tutorial_dag.py for tasks to queue
[2022-11-09T04:18:10.146+0000] {logging_mixin.py:120} INFO - [2022-11-09T04:18:10.145+0000] {dagbag.py:537} INFO - Filling up the DagBag from /home/airflow/.local/lib/python3.7/site-packages/airflow/example_dags/tutorial_dag.py
[2022-11-09T04:18:10.152+0000] {processor.py:766} INFO - DAG(s) dict_keys(['tutorial_dag']) retrieved from /home/airflow/.local/lib/python3.7/site-packages/airflow/example_dags/tutorial_dag.py
[2022-11-09T04:18:10.175+0000] {logging_mixin.py:120} INFO - [2022-11-09T04:18:10.175+0000] {dag.py:2585} INFO - Sync 1 DAGs
[2022-11-09T04:18:10.188+0000] {logging_mixin.py:120} INFO - [2022-11-09T04:18:10.188+0000] {dag.py:3340} INFO - Setting next_dagrun for tutorial_dag to None, run_after=None
[2022-11-09T04:18:10.199+0000] {processor.py:176} INFO - Processing /home/airflow/.local/lib/python3.7/site-packages/airflow/example_dags/tutorial_dag.py took 0.057 seconds
[2022-11-09T04:18:41.244+0000] {processor.py:154} INFO - Started process (PID=32617) to work on /home/airflow/.local/lib/python3.7/site-packages/airflow/example_dags/tutorial_dag.py
[2022-11-09T04:18:41.245+0000] {processor.py:756} INFO - Processing file /home/airflow/.local/lib/python3.7/site-packages/airflow/example_dags/tutorial_dag.py for tasks to queue
[2022-11-09T04:18:41.245+0000] {logging_mixin.py:120} INFO - [2022-11-09T04:18:41.245+0000] {dagbag.py:537} INFO - Filling up the DagBag from /home/airflow/.local/lib/python3.7/site-packages/airflow/example_dags/tutorial_dag.py
[2022-11-09T04:18:41.253+0000] {processor.py:766} INFO - DAG(s) dict_keys(['tutorial_dag']) retrieved from /home/airflow/.local/lib/python3.7/site-packages/airflow/example_dags/tutorial_dag.py
[2022-11-09T04:18:41.275+0000] {logging_mixin.py:120} INFO - [2022-11-09T04:18:41.275+0000] {dag.py:2585} INFO - Sync 1 DAGs
[2022-11-09T04:18:41.288+0000] {logging_mixin.py:120} INFO - [2022-11-09T04:18:41.288+0000] {dag.py:3340} INFO - Setting next_dagrun for tutorial_dag to None, run_after=None
[2022-11-09T04:18:41.298+0000] {processor.py:176} INFO - Processing /home/airflow/.local/lib/python3.7/site-packages/airflow/example_dags/tutorial_dag.py took 0.056 seconds
[2022-11-09T04:19:12.361+0000] {processor.py:154} INFO - Started process (PID=32683) to work on /home/airflow/.local/lib/python3.7/site-packages/airflow/example_dags/tutorial_dag.py
[2022-11-09T04:19:12.361+0000] {processor.py:756} INFO - Processing file /home/airflow/.local/lib/python3.7/site-packages/airflow/example_dags/tutorial_dag.py for tasks to queue
[2022-11-09T04:19:12.362+0000] {logging_mixin.py:120} INFO - [2022-11-09T04:19:12.362+0000] {dagbag.py:537} INFO - Filling up the DagBag from /home/airflow/.local/lib/python3.7/site-packages/airflow/example_dags/tutorial_dag.py
[2022-11-09T04:19:12.369+0000] {processor.py:766} INFO - DAG(s) dict_keys(['tutorial_dag']) retrieved from /home/airflow/.local/lib/python3.7/site-packages/airflow/example_dags/tutorial_dag.py
[2022-11-09T04:19:12.392+0000] {logging_mixin.py:120} INFO - [2022-11-09T04:19:12.391+0000] {dag.py:2585} INFO - Sync 1 DAGs
[2022-11-09T04:19:12.405+0000] {logging_mixin.py:120} INFO - [2022-11-09T04:19:12.404+0000] {dag.py:3340} INFO - Setting next_dagrun for tutorial_dag to None, run_after=None
[2022-11-09T04:19:12.415+0000] {processor.py:176} INFO - Processing /home/airflow/.local/lib/python3.7/site-packages/airflow/example_dags/tutorial_dag.py took 0.057 seconds
[2022-11-09T04:19:43.064+0000] {processor.py:154} INFO - Started process (PID=32750) to work on /home/airflow/.local/lib/python3.7/site-packages/airflow/example_dags/tutorial_dag.py
[2022-11-09T04:19:43.064+0000] {processor.py:756} INFO - Processing file /home/airflow/.local/lib/python3.7/site-packages/airflow/example_dags/tutorial_dag.py for tasks to queue
[2022-11-09T04:19:43.064+0000] {logging_mixin.py:120} INFO - [2022-11-09T04:19:43.064+0000] {dagbag.py:537} INFO - Filling up the DagBag from /home/airflow/.local/lib/python3.7/site-packages/airflow/example_dags/tutorial_dag.py
[2022-11-09T04:19:43.073+0000] {processor.py:766} INFO - DAG(s) dict_keys(['tutorial_dag']) retrieved from /home/airflow/.local/lib/python3.7/site-packages/airflow/example_dags/tutorial_dag.py
[2022-11-09T04:19:43.098+0000] {logging_mixin.py:120} INFO - [2022-11-09T04:19:43.098+0000] {dag.py:2585} INFO - Sync 1 DAGs
[2022-11-09T04:19:43.112+0000] {logging_mixin.py:120} INFO - [2022-11-09T04:19:43.112+0000] {dag.py:3340} INFO - Setting next_dagrun for tutorial_dag to None, run_after=None
[2022-11-09T04:19:43.125+0000] {processor.py:176} INFO - Processing /home/airflow/.local/lib/python3.7/site-packages/airflow/example_dags/tutorial_dag.py took 0.063 seconds
