[2022-11-09T00:12:01.155+0000] {processor.py:154} INFO - Started process (PID=30707) to work on /home/airflow/.local/lib/python3.7/site-packages/airflow/example_dags/tutorial_taskflow_api.py
[2022-11-09T00:12:01.155+0000] {processor.py:756} INFO - Processing file /home/airflow/.local/lib/python3.7/site-packages/airflow/example_dags/tutorial_taskflow_api.py for tasks to queue
[2022-11-09T00:12:01.155+0000] {logging_mixin.py:120} INFO - [2022-11-09T00:12:01.155+0000] {dagbag.py:537} INFO - Filling up the DagBag from /home/airflow/.local/lib/python3.7/site-packages/airflow/example_dags/tutorial_taskflow_api.py
[2022-11-09T00:12:01.169+0000] {processor.py:766} INFO - DAG(s) dict_keys(['tutorial_taskflow_api']) retrieved from /home/airflow/.local/lib/python3.7/site-packages/airflow/example_dags/tutorial_taskflow_api.py
[2022-11-09T00:12:01.228+0000] {logging_mixin.py:120} INFO - [2022-11-09T00:12:01.228+0000] {dag.py:2585} INFO - Sync 1 DAGs
[2022-11-09T00:12:01.246+0000] {logging_mixin.py:120} INFO - [2022-11-09T00:12:01.246+0000] {dag.py:3340} INFO - Setting next_dagrun for tutorial_taskflow_api to None, run_after=None
[2022-11-09T00:12:01.270+0000] {processor.py:176} INFO - Processing /home/airflow/.local/lib/python3.7/site-packages/airflow/example_dags/tutorial_taskflow_api.py took 0.118 seconds
[2022-11-09T00:27:34.334+0000] {processor.py:154} INFO - Started process (PID=30754) to work on /home/airflow/.local/lib/python3.7/site-packages/airflow/example_dags/tutorial_taskflow_api.py
[2022-11-09T00:27:34.335+0000] {processor.py:756} INFO - Processing file /home/airflow/.local/lib/python3.7/site-packages/airflow/example_dags/tutorial_taskflow_api.py for tasks to queue
[2022-11-09T00:27:34.335+0000] {logging_mixin.py:120} INFO - [2022-11-09T00:27:34.335+0000] {dagbag.py:537} INFO - Filling up the DagBag from /home/airflow/.local/lib/python3.7/site-packages/airflow/example_dags/tutorial_taskflow_api.py
[2022-11-09T00:27:34.351+0000] {processor.py:766} INFO - DAG(s) dict_keys(['tutorial_taskflow_api']) retrieved from /home/airflow/.local/lib/python3.7/site-packages/airflow/example_dags/tutorial_taskflow_api.py
[2022-11-09T00:27:34.376+0000] {logging_mixin.py:120} INFO - [2022-11-09T00:27:34.376+0000] {dag.py:2585} INFO - Sync 1 DAGs
[2022-11-09T00:27:34.389+0000] {logging_mixin.py:120} INFO - [2022-11-09T00:27:34.389+0000] {dag.py:3340} INFO - Setting next_dagrun for tutorial_taskflow_api to None, run_after=None
[2022-11-09T00:27:34.398+0000] {processor.py:176} INFO - Processing /home/airflow/.local/lib/python3.7/site-packages/airflow/example_dags/tutorial_taskflow_api.py took 0.067 seconds
[2022-11-09T01:00:48.647+0000] {processor.py:154} INFO - Started process (PID=30804) to work on /home/airflow/.local/lib/python3.7/site-packages/airflow/example_dags/tutorial_taskflow_api.py
[2022-11-09T01:00:48.648+0000] {processor.py:756} INFO - Processing file /home/airflow/.local/lib/python3.7/site-packages/airflow/example_dags/tutorial_taskflow_api.py for tasks to queue
[2022-11-09T01:00:48.648+0000] {logging_mixin.py:120} INFO - [2022-11-09T01:00:48.648+0000] {dagbag.py:537} INFO - Filling up the DagBag from /home/airflow/.local/lib/python3.7/site-packages/airflow/example_dags/tutorial_taskflow_api.py
[2022-11-09T01:00:48.659+0000] {processor.py:766} INFO - DAG(s) dict_keys(['tutorial_taskflow_api']) retrieved from /home/airflow/.local/lib/python3.7/site-packages/airflow/example_dags/tutorial_taskflow_api.py
[2022-11-09T01:00:48.704+0000] {logging_mixin.py:120} INFO - [2022-11-09T01:00:48.704+0000] {dag.py:2585} INFO - Sync 1 DAGs
[2022-11-09T01:00:48.724+0000] {logging_mixin.py:120} INFO - [2022-11-09T01:00:48.724+0000] {dag.py:3340} INFO - Setting next_dagrun for tutorial_taskflow_api to None, run_after=None
[2022-11-09T01:00:48.740+0000] {processor.py:176} INFO - Processing /home/airflow/.local/lib/python3.7/site-packages/airflow/example_dags/tutorial_taskflow_api.py took 0.099 seconds
[2022-11-09T01:34:44.355+0000] {processor.py:154} INFO - Started process (PID=30852) to work on /home/airflow/.local/lib/python3.7/site-packages/airflow/example_dags/tutorial_taskflow_api.py
[2022-11-09T01:34:44.356+0000] {processor.py:756} INFO - Processing file /home/airflow/.local/lib/python3.7/site-packages/airflow/example_dags/tutorial_taskflow_api.py for tasks to queue
[2022-11-09T01:34:44.358+0000] {logging_mixin.py:120} INFO - [2022-11-09T01:34:44.358+0000] {dagbag.py:537} INFO - Filling up the DagBag from /home/airflow/.local/lib/python3.7/site-packages/airflow/example_dags/tutorial_taskflow_api.py
[2022-11-09T01:34:44.374+0000] {processor.py:766} INFO - DAG(s) dict_keys(['tutorial_taskflow_api']) retrieved from /home/airflow/.local/lib/python3.7/site-packages/airflow/example_dags/tutorial_taskflow_api.py
[2022-11-09T01:34:44.415+0000] {logging_mixin.py:120} INFO - [2022-11-09T01:34:44.415+0000] {dag.py:2585} INFO - Sync 1 DAGs
[2022-11-09T01:34:44.434+0000] {logging_mixin.py:120} INFO - [2022-11-09T01:34:44.433+0000] {dag.py:3340} INFO - Setting next_dagrun for tutorial_taskflow_api to None, run_after=None
[2022-11-09T01:34:44.445+0000] {processor.py:176} INFO - Processing /home/airflow/.local/lib/python3.7/site-packages/airflow/example_dags/tutorial_taskflow_api.py took 0.095 seconds
[2022-11-09T01:50:24.502+0000] {processor.py:154} INFO - Started process (PID=30899) to work on /home/airflow/.local/lib/python3.7/site-packages/airflow/example_dags/tutorial_taskflow_api.py
[2022-11-09T01:50:24.503+0000] {processor.py:756} INFO - Processing file /home/airflow/.local/lib/python3.7/site-packages/airflow/example_dags/tutorial_taskflow_api.py for tasks to queue
[2022-11-09T01:50:24.504+0000] {logging_mixin.py:120} INFO - [2022-11-09T01:50:24.504+0000] {dagbag.py:537} INFO - Filling up the DagBag from /home/airflow/.local/lib/python3.7/site-packages/airflow/example_dags/tutorial_taskflow_api.py
[2022-11-09T01:50:24.515+0000] {processor.py:766} INFO - DAG(s) dict_keys(['tutorial_taskflow_api']) retrieved from /home/airflow/.local/lib/python3.7/site-packages/airflow/example_dags/tutorial_taskflow_api.py
[2022-11-09T01:50:24.541+0000] {logging_mixin.py:120} INFO - [2022-11-09T01:50:24.541+0000] {dag.py:2585} INFO - Sync 1 DAGs
[2022-11-09T01:50:24.569+0000] {logging_mixin.py:120} INFO - [2022-11-09T01:50:24.569+0000] {dag.py:3340} INFO - Setting next_dagrun for tutorial_taskflow_api to None, run_after=None
[2022-11-09T01:50:24.596+0000] {processor.py:176} INFO - Processing /home/airflow/.local/lib/python3.7/site-packages/airflow/example_dags/tutorial_taskflow_api.py took 0.096 seconds
[2022-11-09T01:55:23.710+0000] {processor.py:154} INFO - Started process (PID=30947) to work on /home/airflow/.local/lib/python3.7/site-packages/airflow/example_dags/tutorial_taskflow_api.py
[2022-11-09T01:55:23.711+0000] {processor.py:756} INFO - Processing file /home/airflow/.local/lib/python3.7/site-packages/airflow/example_dags/tutorial_taskflow_api.py for tasks to queue
[2022-11-09T01:55:23.711+0000] {logging_mixin.py:120} INFO - [2022-11-09T01:55:23.711+0000] {dagbag.py:537} INFO - Filling up the DagBag from /home/airflow/.local/lib/python3.7/site-packages/airflow/example_dags/tutorial_taskflow_api.py
[2022-11-09T01:55:23.724+0000] {processor.py:766} INFO - DAG(s) dict_keys(['tutorial_taskflow_api']) retrieved from /home/airflow/.local/lib/python3.7/site-packages/airflow/example_dags/tutorial_taskflow_api.py
[2022-11-09T01:55:23.748+0000] {logging_mixin.py:120} INFO - [2022-11-09T01:55:23.748+0000] {dag.py:2585} INFO - Sync 1 DAGs
[2022-11-09T01:55:23.761+0000] {logging_mixin.py:120} INFO - [2022-11-09T01:55:23.761+0000] {dag.py:3340} INFO - Setting next_dagrun for tutorial_taskflow_api to None, run_after=None
[2022-11-09T01:55:23.774+0000] {processor.py:176} INFO - Processing /home/airflow/.local/lib/python3.7/site-packages/airflow/example_dags/tutorial_taskflow_api.py took 0.065 seconds
[2022-11-09T02:10:49.163+0000] {processor.py:154} INFO - Started process (PID=30994) to work on /home/airflow/.local/lib/python3.7/site-packages/airflow/example_dags/tutorial_taskflow_api.py
[2022-11-09T02:10:49.164+0000] {processor.py:756} INFO - Processing file /home/airflow/.local/lib/python3.7/site-packages/airflow/example_dags/tutorial_taskflow_api.py for tasks to queue
[2022-11-09T02:10:49.165+0000] {logging_mixin.py:120} INFO - [2022-11-09T02:10:49.164+0000] {dagbag.py:537} INFO - Filling up the DagBag from /home/airflow/.local/lib/python3.7/site-packages/airflow/example_dags/tutorial_taskflow_api.py
[2022-11-09T02:10:49.179+0000] {processor.py:766} INFO - DAG(s) dict_keys(['tutorial_taskflow_api']) retrieved from /home/airflow/.local/lib/python3.7/site-packages/airflow/example_dags/tutorial_taskflow_api.py
[2022-11-09T02:10:49.204+0000] {logging_mixin.py:120} INFO - [2022-11-09T02:10:49.204+0000] {dag.py:2585} INFO - Sync 1 DAGs
[2022-11-09T02:10:49.222+0000] {logging_mixin.py:120} INFO - [2022-11-09T02:10:49.222+0000] {dag.py:3340} INFO - Setting next_dagrun for tutorial_taskflow_api to None, run_after=None
[2022-11-09T02:10:49.234+0000] {processor.py:176} INFO - Processing /home/airflow/.local/lib/python3.7/site-packages/airflow/example_dags/tutorial_taskflow_api.py took 0.074 seconds
[2022-11-09T02:26:23.662+0000] {processor.py:154} INFO - Started process (PID=31041) to work on /home/airflow/.local/lib/python3.7/site-packages/airflow/example_dags/tutorial_taskflow_api.py
[2022-11-09T02:26:23.663+0000] {processor.py:756} INFO - Processing file /home/airflow/.local/lib/python3.7/site-packages/airflow/example_dags/tutorial_taskflow_api.py for tasks to queue
[2022-11-09T02:26:23.664+0000] {logging_mixin.py:120} INFO - [2022-11-09T02:26:23.664+0000] {dagbag.py:537} INFO - Filling up the DagBag from /home/airflow/.local/lib/python3.7/site-packages/airflow/example_dags/tutorial_taskflow_api.py
[2022-11-09T02:26:23.683+0000] {processor.py:766} INFO - DAG(s) dict_keys(['tutorial_taskflow_api']) retrieved from /home/airflow/.local/lib/python3.7/site-packages/airflow/example_dags/tutorial_taskflow_api.py
[2022-11-09T02:26:23.718+0000] {logging_mixin.py:120} INFO - [2022-11-09T02:26:23.718+0000] {dag.py:2585} INFO - Sync 1 DAGs
[2022-11-09T02:26:23.738+0000] {logging_mixin.py:120} INFO - [2022-11-09T02:26:23.738+0000] {dag.py:3340} INFO - Setting next_dagrun for tutorial_taskflow_api to None, run_after=None
[2022-11-09T02:26:23.762+0000] {processor.py:176} INFO - Processing /home/airflow/.local/lib/python3.7/site-packages/airflow/example_dags/tutorial_taskflow_api.py took 0.103 seconds
[2022-11-09T02:44:01.394+0000] {processor.py:154} INFO - Started process (PID=31089) to work on /home/airflow/.local/lib/python3.7/site-packages/airflow/example_dags/tutorial_taskflow_api.py
[2022-11-09T02:44:01.400+0000] {processor.py:756} INFO - Processing file /home/airflow/.local/lib/python3.7/site-packages/airflow/example_dags/tutorial_taskflow_api.py for tasks to queue
[2022-11-09T02:44:01.400+0000] {logging_mixin.py:120} INFO - [2022-11-09T02:44:01.400+0000] {dagbag.py:537} INFO - Filling up the DagBag from /home/airflow/.local/lib/python3.7/site-packages/airflow/example_dags/tutorial_taskflow_api.py
[2022-11-09T02:44:01.422+0000] {processor.py:766} INFO - DAG(s) dict_keys(['tutorial_taskflow_api']) retrieved from /home/airflow/.local/lib/python3.7/site-packages/airflow/example_dags/tutorial_taskflow_api.py
[2022-11-09T02:44:01.507+0000] {logging_mixin.py:120} INFO - [2022-11-09T02:44:01.507+0000] {dag.py:2585} INFO - Sync 1 DAGs
[2022-11-09T02:44:01.530+0000] {logging_mixin.py:120} INFO - [2022-11-09T02:44:01.530+0000] {dag.py:3340} INFO - Setting next_dagrun for tutorial_taskflow_api to None, run_after=None
[2022-11-09T02:44:01.551+0000] {processor.py:176} INFO - Processing /home/airflow/.local/lib/python3.7/site-packages/airflow/example_dags/tutorial_taskflow_api.py took 0.159 seconds
[2022-11-09T03:01:03.085+0000] {processor.py:154} INFO - Started process (PID=31148) to work on /home/airflow/.local/lib/python3.7/site-packages/airflow/example_dags/tutorial_taskflow_api.py
[2022-11-09T03:01:03.085+0000] {processor.py:756} INFO - Processing file /home/airflow/.local/lib/python3.7/site-packages/airflow/example_dags/tutorial_taskflow_api.py for tasks to queue
[2022-11-09T03:01:03.086+0000] {logging_mixin.py:120} INFO - [2022-11-09T03:01:03.085+0000] {dagbag.py:537} INFO - Filling up the DagBag from /home/airflow/.local/lib/python3.7/site-packages/airflow/example_dags/tutorial_taskflow_api.py
[2022-11-09T03:01:03.097+0000] {processor.py:766} INFO - DAG(s) dict_keys(['tutorial_taskflow_api']) retrieved from /home/airflow/.local/lib/python3.7/site-packages/airflow/example_dags/tutorial_taskflow_api.py
[2022-11-09T03:01:03.120+0000] {logging_mixin.py:120} INFO - [2022-11-09T03:01:03.120+0000] {dag.py:2585} INFO - Sync 1 DAGs
[2022-11-09T03:01:03.133+0000] {logging_mixin.py:120} INFO - [2022-11-09T03:01:03.133+0000] {dag.py:3340} INFO - Setting next_dagrun for tutorial_taskflow_api to None, run_after=None
[2022-11-09T03:01:03.144+0000] {processor.py:176} INFO - Processing /home/airflow/.local/lib/python3.7/site-packages/airflow/example_dags/tutorial_taskflow_api.py took 0.061 seconds
[2022-11-09T03:03:52.541+0000] {processor.py:154} INFO - Started process (PID=31213) to work on /home/airflow/.local/lib/python3.7/site-packages/airflow/example_dags/tutorial_taskflow_api.py
[2022-11-09T03:03:52.541+0000] {processor.py:756} INFO - Processing file /home/airflow/.local/lib/python3.7/site-packages/airflow/example_dags/tutorial_taskflow_api.py for tasks to queue
[2022-11-09T03:03:52.552+0000] {logging_mixin.py:120} INFO - [2022-11-09T03:03:52.552+0000] {dagbag.py:537} INFO - Filling up the DagBag from /home/airflow/.local/lib/python3.7/site-packages/airflow/example_dags/tutorial_taskflow_api.py
[2022-11-09T03:03:52.563+0000] {processor.py:766} INFO - DAG(s) dict_keys(['tutorial_taskflow_api']) retrieved from /home/airflow/.local/lib/python3.7/site-packages/airflow/example_dags/tutorial_taskflow_api.py
[2022-11-09T03:03:52.593+0000] {logging_mixin.py:120} INFO - [2022-11-09T03:03:52.593+0000] {dag.py:2585} INFO - Sync 1 DAGs
[2022-11-09T03:03:52.607+0000] {logging_mixin.py:120} INFO - [2022-11-09T03:03:52.607+0000] {dag.py:3340} INFO - Setting next_dagrun for tutorial_taskflow_api to None, run_after=None
[2022-11-09T03:03:52.617+0000] {processor.py:176} INFO - Processing /home/airflow/.local/lib/python3.7/site-packages/airflow/example_dags/tutorial_taskflow_api.py took 0.095 seconds
[2022-11-09T03:19:28.548+0000] {processor.py:154} INFO - Started process (PID=31260) to work on /home/airflow/.local/lib/python3.7/site-packages/airflow/example_dags/tutorial_taskflow_api.py
[2022-11-09T03:19:28.549+0000] {processor.py:756} INFO - Processing file /home/airflow/.local/lib/python3.7/site-packages/airflow/example_dags/tutorial_taskflow_api.py for tasks to queue
[2022-11-09T03:19:28.551+0000] {logging_mixin.py:120} INFO - [2022-11-09T03:19:28.551+0000] {dagbag.py:537} INFO - Filling up the DagBag from /home/airflow/.local/lib/python3.7/site-packages/airflow/example_dags/tutorial_taskflow_api.py
[2022-11-09T03:19:28.587+0000] {processor.py:766} INFO - DAG(s) dict_keys(['tutorial_taskflow_api']) retrieved from /home/airflow/.local/lib/python3.7/site-packages/airflow/example_dags/tutorial_taskflow_api.py
[2022-11-09T03:19:28.625+0000] {logging_mixin.py:120} INFO - [2022-11-09T03:19:28.625+0000] {dag.py:2585} INFO - Sync 1 DAGs
[2022-11-09T03:19:28.639+0000] {logging_mixin.py:120} INFO - [2022-11-09T03:19:28.639+0000] {dag.py:3340} INFO - Setting next_dagrun for tutorial_taskflow_api to None, run_after=None
[2022-11-09T03:19:28.658+0000] {processor.py:176} INFO - Processing /home/airflow/.local/lib/python3.7/site-packages/airflow/example_dags/tutorial_taskflow_api.py took 0.114 seconds
[2022-11-09T03:35:52.212+0000] {processor.py:154} INFO - Started process (PID=31318) to work on /home/airflow/.local/lib/python3.7/site-packages/airflow/example_dags/tutorial_taskflow_api.py
[2022-11-09T03:35:52.213+0000] {processor.py:756} INFO - Processing file /home/airflow/.local/lib/python3.7/site-packages/airflow/example_dags/tutorial_taskflow_api.py for tasks to queue
[2022-11-09T03:35:52.214+0000] {logging_mixin.py:120} INFO - [2022-11-09T03:35:52.213+0000] {dagbag.py:537} INFO - Filling up the DagBag from /home/airflow/.local/lib/python3.7/site-packages/airflow/example_dags/tutorial_taskflow_api.py
[2022-11-09T03:35:52.235+0000] {processor.py:766} INFO - DAG(s) dict_keys(['tutorial_taskflow_api']) retrieved from /home/airflow/.local/lib/python3.7/site-packages/airflow/example_dags/tutorial_taskflow_api.py
[2022-11-09T03:35:52.275+0000] {logging_mixin.py:120} INFO - [2022-11-09T03:35:52.275+0000] {dag.py:2585} INFO - Sync 1 DAGs
[2022-11-09T03:35:52.302+0000] {logging_mixin.py:120} INFO - [2022-11-09T03:35:52.302+0000] {dag.py:3340} INFO - Setting next_dagrun for tutorial_taskflow_api to None, run_after=None
[2022-11-09T03:35:52.325+0000] {processor.py:176} INFO - Processing /home/airflow/.local/lib/python3.7/site-packages/airflow/example_dags/tutorial_taskflow_api.py took 0.115 seconds
[2022-11-09T03:58:28.377+0000] {processor.py:154} INFO - Started process (PID=31365) to work on /home/airflow/.local/lib/python3.7/site-packages/airflow/example_dags/tutorial_taskflow_api.py
[2022-11-09T03:58:28.378+0000] {processor.py:756} INFO - Processing file /home/airflow/.local/lib/python3.7/site-packages/airflow/example_dags/tutorial_taskflow_api.py for tasks to queue
[2022-11-09T03:58:28.380+0000] {logging_mixin.py:120} INFO - [2022-11-09T03:58:28.380+0000] {dagbag.py:537} INFO - Filling up the DagBag from /home/airflow/.local/lib/python3.7/site-packages/airflow/example_dags/tutorial_taskflow_api.py
[2022-11-09T03:58:28.396+0000] {processor.py:766} INFO - DAG(s) dict_keys(['tutorial_taskflow_api']) retrieved from /home/airflow/.local/lib/python3.7/site-packages/airflow/example_dags/tutorial_taskflow_api.py
[2022-11-09T03:58:28.429+0000] {logging_mixin.py:120} INFO - [2022-11-09T03:58:28.429+0000] {dag.py:2585} INFO - Sync 1 DAGs
[2022-11-09T03:58:28.452+0000] {logging_mixin.py:120} INFO - [2022-11-09T03:58:28.452+0000] {dag.py:3340} INFO - Setting next_dagrun for tutorial_taskflow_api to None, run_after=None
[2022-11-09T03:58:28.471+0000] {processor.py:176} INFO - Processing /home/airflow/.local/lib/python3.7/site-packages/airflow/example_dags/tutorial_taskflow_api.py took 0.103 seconds
[2022-11-09T03:58:58.998+0000] {processor.py:154} INFO - Started process (PID=31435) to work on /home/airflow/.local/lib/python3.7/site-packages/airflow/example_dags/tutorial_taskflow_api.py
[2022-11-09T03:58:58.999+0000] {processor.py:756} INFO - Processing file /home/airflow/.local/lib/python3.7/site-packages/airflow/example_dags/tutorial_taskflow_api.py for tasks to queue
[2022-11-09T03:58:59.000+0000] {logging_mixin.py:120} INFO - [2022-11-09T03:58:58.999+0000] {dagbag.py:537} INFO - Filling up the DagBag from /home/airflow/.local/lib/python3.7/site-packages/airflow/example_dags/tutorial_taskflow_api.py
[2022-11-09T03:58:59.011+0000] {processor.py:766} INFO - DAG(s) dict_keys(['tutorial_taskflow_api']) retrieved from /home/airflow/.local/lib/python3.7/site-packages/airflow/example_dags/tutorial_taskflow_api.py
[2022-11-09T03:58:59.036+0000] {logging_mixin.py:120} INFO - [2022-11-09T03:58:59.036+0000] {dag.py:2585} INFO - Sync 1 DAGs
[2022-11-09T03:58:59.049+0000] {logging_mixin.py:120} INFO - [2022-11-09T03:58:59.049+0000] {dag.py:3340} INFO - Setting next_dagrun for tutorial_taskflow_api to None, run_after=None
[2022-11-09T03:58:59.060+0000] {processor.py:176} INFO - Processing /home/airflow/.local/lib/python3.7/site-packages/airflow/example_dags/tutorial_taskflow_api.py took 0.065 seconds
[2022-11-09T03:59:29.969+0000] {processor.py:154} INFO - Started process (PID=31507) to work on /home/airflow/.local/lib/python3.7/site-packages/airflow/example_dags/tutorial_taskflow_api.py
[2022-11-09T03:59:29.970+0000] {processor.py:756} INFO - Processing file /home/airflow/.local/lib/python3.7/site-packages/airflow/example_dags/tutorial_taskflow_api.py for tasks to queue
[2022-11-09T03:59:29.970+0000] {logging_mixin.py:120} INFO - [2022-11-09T03:59:29.970+0000] {dagbag.py:537} INFO - Filling up the DagBag from /home/airflow/.local/lib/python3.7/site-packages/airflow/example_dags/tutorial_taskflow_api.py
[2022-11-09T03:59:29.980+0000] {processor.py:766} INFO - DAG(s) dict_keys(['tutorial_taskflow_api']) retrieved from /home/airflow/.local/lib/python3.7/site-packages/airflow/example_dags/tutorial_taskflow_api.py
[2022-11-09T03:59:30.004+0000] {logging_mixin.py:120} INFO - [2022-11-09T03:59:30.004+0000] {dag.py:2585} INFO - Sync 1 DAGs
[2022-11-09T03:59:30.017+0000] {logging_mixin.py:120} INFO - [2022-11-09T03:59:30.017+0000] {dag.py:3340} INFO - Setting next_dagrun for tutorial_taskflow_api to None, run_after=None
[2022-11-09T03:59:30.030+0000] {processor.py:176} INFO - Processing /home/airflow/.local/lib/python3.7/site-packages/airflow/example_dags/tutorial_taskflow_api.py took 0.063 seconds
[2022-11-09T04:00:00.849+0000] {processor.py:154} INFO - Started process (PID=31573) to work on /home/airflow/.local/lib/python3.7/site-packages/airflow/example_dags/tutorial_taskflow_api.py
[2022-11-09T04:00:00.850+0000] {processor.py:756} INFO - Processing file /home/airflow/.local/lib/python3.7/site-packages/airflow/example_dags/tutorial_taskflow_api.py for tasks to queue
[2022-11-09T04:00:00.850+0000] {logging_mixin.py:120} INFO - [2022-11-09T04:00:00.850+0000] {dagbag.py:537} INFO - Filling up the DagBag from /home/airflow/.local/lib/python3.7/site-packages/airflow/example_dags/tutorial_taskflow_api.py
[2022-11-09T04:00:00.860+0000] {processor.py:766} INFO - DAG(s) dict_keys(['tutorial_taskflow_api']) retrieved from /home/airflow/.local/lib/python3.7/site-packages/airflow/example_dags/tutorial_taskflow_api.py
[2022-11-09T04:00:00.883+0000] {logging_mixin.py:120} INFO - [2022-11-09T04:00:00.883+0000] {dag.py:2585} INFO - Sync 1 DAGs
[2022-11-09T04:00:00.896+0000] {logging_mixin.py:120} INFO - [2022-11-09T04:00:00.896+0000] {dag.py:3340} INFO - Setting next_dagrun for tutorial_taskflow_api to None, run_after=None
[2022-11-09T04:00:00.908+0000] {processor.py:176} INFO - Processing /home/airflow/.local/lib/python3.7/site-packages/airflow/example_dags/tutorial_taskflow_api.py took 0.061 seconds
[2022-11-09T04:00:31.741+0000] {processor.py:154} INFO - Started process (PID=31630) to work on /home/airflow/.local/lib/python3.7/site-packages/airflow/example_dags/tutorial_taskflow_api.py
[2022-11-09T04:00:31.742+0000] {processor.py:756} INFO - Processing file /home/airflow/.local/lib/python3.7/site-packages/airflow/example_dags/tutorial_taskflow_api.py for tasks to queue
[2022-11-09T04:00:31.742+0000] {logging_mixin.py:120} INFO - [2022-11-09T04:00:31.742+0000] {dagbag.py:537} INFO - Filling up the DagBag from /home/airflow/.local/lib/python3.7/site-packages/airflow/example_dags/tutorial_taskflow_api.py
[2022-11-09T04:00:31.754+0000] {processor.py:766} INFO - DAG(s) dict_keys(['tutorial_taskflow_api']) retrieved from /home/airflow/.local/lib/python3.7/site-packages/airflow/example_dags/tutorial_taskflow_api.py
[2022-11-09T04:00:31.777+0000] {logging_mixin.py:120} INFO - [2022-11-09T04:00:31.777+0000] {dag.py:2585} INFO - Sync 1 DAGs
[2022-11-09T04:00:31.792+0000] {logging_mixin.py:120} INFO - [2022-11-09T04:00:31.791+0000] {dag.py:3340} INFO - Setting next_dagrun for tutorial_taskflow_api to None, run_after=None
[2022-11-09T04:00:31.802+0000] {processor.py:176} INFO - Processing /home/airflow/.local/lib/python3.7/site-packages/airflow/example_dags/tutorial_taskflow_api.py took 0.063 seconds
[2022-11-09T04:01:01.931+0000] {processor.py:154} INFO - Started process (PID=31695) to work on /home/airflow/.local/lib/python3.7/site-packages/airflow/example_dags/tutorial_taskflow_api.py
[2022-11-09T04:01:01.932+0000] {processor.py:756} INFO - Processing file /home/airflow/.local/lib/python3.7/site-packages/airflow/example_dags/tutorial_taskflow_api.py for tasks to queue
[2022-11-09T04:01:01.932+0000] {logging_mixin.py:120} INFO - [2022-11-09T04:01:01.932+0000] {dagbag.py:537} INFO - Filling up the DagBag from /home/airflow/.local/lib/python3.7/site-packages/airflow/example_dags/tutorial_taskflow_api.py
[2022-11-09T04:01:01.944+0000] {processor.py:766} INFO - DAG(s) dict_keys(['tutorial_taskflow_api']) retrieved from /home/airflow/.local/lib/python3.7/site-packages/airflow/example_dags/tutorial_taskflow_api.py
[2022-11-09T04:01:01.967+0000] {logging_mixin.py:120} INFO - [2022-11-09T04:01:01.967+0000] {dag.py:2585} INFO - Sync 1 DAGs
[2022-11-09T04:01:01.980+0000] {logging_mixin.py:120} INFO - [2022-11-09T04:01:01.980+0000] {dag.py:3340} INFO - Setting next_dagrun for tutorial_taskflow_api to None, run_after=None
[2022-11-09T04:01:01.991+0000] {processor.py:176} INFO - Processing /home/airflow/.local/lib/python3.7/site-packages/airflow/example_dags/tutorial_taskflow_api.py took 0.062 seconds
[2022-11-09T04:01:32.131+0000] {processor.py:154} INFO - Started process (PID=31761) to work on /home/airflow/.local/lib/python3.7/site-packages/airflow/example_dags/tutorial_taskflow_api.py
[2022-11-09T04:01:32.132+0000] {processor.py:756} INFO - Processing file /home/airflow/.local/lib/python3.7/site-packages/airflow/example_dags/tutorial_taskflow_api.py for tasks to queue
[2022-11-09T04:01:32.132+0000] {logging_mixin.py:120} INFO - [2022-11-09T04:01:32.132+0000] {dagbag.py:537} INFO - Filling up the DagBag from /home/airflow/.local/lib/python3.7/site-packages/airflow/example_dags/tutorial_taskflow_api.py
[2022-11-09T04:01:32.143+0000] {processor.py:766} INFO - DAG(s) dict_keys(['tutorial_taskflow_api']) retrieved from /home/airflow/.local/lib/python3.7/site-packages/airflow/example_dags/tutorial_taskflow_api.py
[2022-11-09T04:01:32.166+0000] {logging_mixin.py:120} INFO - [2022-11-09T04:01:32.166+0000] {dag.py:2585} INFO - Sync 1 DAGs
[2022-11-09T04:01:32.180+0000] {logging_mixin.py:120} INFO - [2022-11-09T04:01:32.179+0000] {dag.py:3340} INFO - Setting next_dagrun for tutorial_taskflow_api to None, run_after=None
[2022-11-09T04:01:32.190+0000] {processor.py:176} INFO - Processing /home/airflow/.local/lib/python3.7/site-packages/airflow/example_dags/tutorial_taskflow_api.py took 0.061 seconds
[2022-11-09T04:02:02.286+0000] {processor.py:154} INFO - Started process (PID=31831) to work on /home/airflow/.local/lib/python3.7/site-packages/airflow/example_dags/tutorial_taskflow_api.py
[2022-11-09T04:02:02.287+0000] {processor.py:756} INFO - Processing file /home/airflow/.local/lib/python3.7/site-packages/airflow/example_dags/tutorial_taskflow_api.py for tasks to queue
[2022-11-09T04:02:02.287+0000] {logging_mixin.py:120} INFO - [2022-11-09T04:02:02.287+0000] {dagbag.py:537} INFO - Filling up the DagBag from /home/airflow/.local/lib/python3.7/site-packages/airflow/example_dags/tutorial_taskflow_api.py
[2022-11-09T04:02:02.298+0000] {processor.py:766} INFO - DAG(s) dict_keys(['tutorial_taskflow_api']) retrieved from /home/airflow/.local/lib/python3.7/site-packages/airflow/example_dags/tutorial_taskflow_api.py
[2022-11-09T04:02:02.328+0000] {logging_mixin.py:120} INFO - [2022-11-09T04:02:02.328+0000] {dag.py:2585} INFO - Sync 1 DAGs
[2022-11-09T04:02:02.342+0000] {logging_mixin.py:120} INFO - [2022-11-09T04:02:02.342+0000] {dag.py:3340} INFO - Setting next_dagrun for tutorial_taskflow_api to None, run_after=None
[2022-11-09T04:02:02.353+0000] {processor.py:176} INFO - Processing /home/airflow/.local/lib/python3.7/site-packages/airflow/example_dags/tutorial_taskflow_api.py took 0.069 seconds
[2022-11-09T04:02:32.475+0000] {processor.py:154} INFO - Started process (PID=31899) to work on /home/airflow/.local/lib/python3.7/site-packages/airflow/example_dags/tutorial_taskflow_api.py
[2022-11-09T04:02:32.476+0000] {processor.py:756} INFO - Processing file /home/airflow/.local/lib/python3.7/site-packages/airflow/example_dags/tutorial_taskflow_api.py for tasks to queue
[2022-11-09T04:02:32.476+0000] {logging_mixin.py:120} INFO - [2022-11-09T04:02:32.476+0000] {dagbag.py:537} INFO - Filling up the DagBag from /home/airflow/.local/lib/python3.7/site-packages/airflow/example_dags/tutorial_taskflow_api.py
[2022-11-09T04:02:32.490+0000] {processor.py:766} INFO - DAG(s) dict_keys(['tutorial_taskflow_api']) retrieved from /home/airflow/.local/lib/python3.7/site-packages/airflow/example_dags/tutorial_taskflow_api.py
[2022-11-09T04:02:32.516+0000] {logging_mixin.py:120} INFO - [2022-11-09T04:02:32.516+0000] {dag.py:2585} INFO - Sync 1 DAGs
[2022-11-09T04:02:32.532+0000] {logging_mixin.py:120} INFO - [2022-11-09T04:02:32.532+0000] {dag.py:3340} INFO - Setting next_dagrun for tutorial_taskflow_api to None, run_after=None
[2022-11-09T04:02:32.552+0000] {processor.py:176} INFO - Processing /home/airflow/.local/lib/python3.7/site-packages/airflow/example_dags/tutorial_taskflow_api.py took 0.079 seconds
[2022-11-09T04:03:03.566+0000] {processor.py:154} INFO - Started process (PID=31964) to work on /home/airflow/.local/lib/python3.7/site-packages/airflow/example_dags/tutorial_taskflow_api.py
[2022-11-09T04:03:03.567+0000] {processor.py:756} INFO - Processing file /home/airflow/.local/lib/python3.7/site-packages/airflow/example_dags/tutorial_taskflow_api.py for tasks to queue
[2022-11-09T04:03:03.567+0000] {logging_mixin.py:120} INFO - [2022-11-09T04:03:03.567+0000] {dagbag.py:537} INFO - Filling up the DagBag from /home/airflow/.local/lib/python3.7/site-packages/airflow/example_dags/tutorial_taskflow_api.py
[2022-11-09T04:03:03.578+0000] {processor.py:766} INFO - DAG(s) dict_keys(['tutorial_taskflow_api']) retrieved from /home/airflow/.local/lib/python3.7/site-packages/airflow/example_dags/tutorial_taskflow_api.py
[2022-11-09T04:03:03.612+0000] {logging_mixin.py:120} INFO - [2022-11-09T04:03:03.612+0000] {dag.py:2585} INFO - Sync 1 DAGs
[2022-11-09T04:03:03.626+0000] {logging_mixin.py:120} INFO - [2022-11-09T04:03:03.626+0000] {dag.py:3340} INFO - Setting next_dagrun for tutorial_taskflow_api to None, run_after=None
[2022-11-09T04:03:03.638+0000] {processor.py:176} INFO - Processing /home/airflow/.local/lib/python3.7/site-packages/airflow/example_dags/tutorial_taskflow_api.py took 0.074 seconds
[2022-11-09T04:03:33.714+0000] {processor.py:154} INFO - Started process (PID=32020) to work on /home/airflow/.local/lib/python3.7/site-packages/airflow/example_dags/tutorial_taskflow_api.py
[2022-11-09T04:03:33.714+0000] {processor.py:756} INFO - Processing file /home/airflow/.local/lib/python3.7/site-packages/airflow/example_dags/tutorial_taskflow_api.py for tasks to queue
[2022-11-09T04:03:33.715+0000] {logging_mixin.py:120} INFO - [2022-11-09T04:03:33.715+0000] {dagbag.py:537} INFO - Filling up the DagBag from /home/airflow/.local/lib/python3.7/site-packages/airflow/example_dags/tutorial_taskflow_api.py
[2022-11-09T04:03:33.729+0000] {processor.py:766} INFO - DAG(s) dict_keys(['tutorial_taskflow_api']) retrieved from /home/airflow/.local/lib/python3.7/site-packages/airflow/example_dags/tutorial_taskflow_api.py
[2022-11-09T04:03:33.778+0000] {logging_mixin.py:120} INFO - [2022-11-09T04:03:33.778+0000] {dag.py:2585} INFO - Sync 1 DAGs
[2022-11-09T04:03:33.791+0000] {logging_mixin.py:120} INFO - [2022-11-09T04:03:33.791+0000] {dag.py:3340} INFO - Setting next_dagrun for tutorial_taskflow_api to None, run_after=None
[2022-11-09T04:03:33.803+0000] {processor.py:176} INFO - Processing /home/airflow/.local/lib/python3.7/site-packages/airflow/example_dags/tutorial_taskflow_api.py took 0.092 seconds
[2022-11-09T04:04:04.838+0000] {processor.py:154} INFO - Started process (PID=32089) to work on /home/airflow/.local/lib/python3.7/site-packages/airflow/example_dags/tutorial_taskflow_api.py
[2022-11-09T04:04:04.839+0000] {processor.py:756} INFO - Processing file /home/airflow/.local/lib/python3.7/site-packages/airflow/example_dags/tutorial_taskflow_api.py for tasks to queue
[2022-11-09T04:04:04.839+0000] {logging_mixin.py:120} INFO - [2022-11-09T04:04:04.839+0000] {dagbag.py:537} INFO - Filling up the DagBag from /home/airflow/.local/lib/python3.7/site-packages/airflow/example_dags/tutorial_taskflow_api.py
[2022-11-09T04:04:04.851+0000] {processor.py:766} INFO - DAG(s) dict_keys(['tutorial_taskflow_api']) retrieved from /home/airflow/.local/lib/python3.7/site-packages/airflow/example_dags/tutorial_taskflow_api.py
[2022-11-09T04:04:04.875+0000] {logging_mixin.py:120} INFO - [2022-11-09T04:04:04.875+0000] {dag.py:2585} INFO - Sync 1 DAGs
[2022-11-09T04:04:04.888+0000] {logging_mixin.py:120} INFO - [2022-11-09T04:04:04.888+0000] {dag.py:3340} INFO - Setting next_dagrun for tutorial_taskflow_api to None, run_after=None
[2022-11-09T04:04:04.901+0000] {processor.py:176} INFO - Processing /home/airflow/.local/lib/python3.7/site-packages/airflow/example_dags/tutorial_taskflow_api.py took 0.065 seconds
[2022-11-09T04:04:35.939+0000] {processor.py:154} INFO - Started process (PID=32160) to work on /home/airflow/.local/lib/python3.7/site-packages/airflow/example_dags/tutorial_taskflow_api.py
[2022-11-09T04:04:35.939+0000] {processor.py:756} INFO - Processing file /home/airflow/.local/lib/python3.7/site-packages/airflow/example_dags/tutorial_taskflow_api.py for tasks to queue
[2022-11-09T04:04:35.940+0000] {logging_mixin.py:120} INFO - [2022-11-09T04:04:35.940+0000] {dagbag.py:537} INFO - Filling up the DagBag from /home/airflow/.local/lib/python3.7/site-packages/airflow/example_dags/tutorial_taskflow_api.py
[2022-11-09T04:04:35.953+0000] {processor.py:766} INFO - DAG(s) dict_keys(['tutorial_taskflow_api']) retrieved from /home/airflow/.local/lib/python3.7/site-packages/airflow/example_dags/tutorial_taskflow_api.py
[2022-11-09T04:04:35.976+0000] {logging_mixin.py:120} INFO - [2022-11-09T04:04:35.976+0000] {dag.py:2585} INFO - Sync 1 DAGs
[2022-11-09T04:04:35.991+0000] {logging_mixin.py:120} INFO - [2022-11-09T04:04:35.991+0000] {dag.py:3340} INFO - Setting next_dagrun for tutorial_taskflow_api to None, run_after=None
[2022-11-09T04:04:36.000+0000] {processor.py:176} INFO - Processing /home/airflow/.local/lib/python3.7/site-packages/airflow/example_dags/tutorial_taskflow_api.py took 0.064 seconds
[2022-11-09T04:05:06.947+0000] {processor.py:154} INFO - Started process (PID=32227) to work on /home/airflow/.local/lib/python3.7/site-packages/airflow/example_dags/tutorial_taskflow_api.py
[2022-11-09T04:05:06.947+0000] {processor.py:756} INFO - Processing file /home/airflow/.local/lib/python3.7/site-packages/airflow/example_dags/tutorial_taskflow_api.py for tasks to queue
[2022-11-09T04:05:06.948+0000] {logging_mixin.py:120} INFO - [2022-11-09T04:05:06.948+0000] {dagbag.py:537} INFO - Filling up the DagBag from /home/airflow/.local/lib/python3.7/site-packages/airflow/example_dags/tutorial_taskflow_api.py
[2022-11-09T04:05:06.960+0000] {processor.py:766} INFO - DAG(s) dict_keys(['tutorial_taskflow_api']) retrieved from /home/airflow/.local/lib/python3.7/site-packages/airflow/example_dags/tutorial_taskflow_api.py
[2022-11-09T04:05:06.984+0000] {logging_mixin.py:120} INFO - [2022-11-09T04:05:06.984+0000] {dag.py:2585} INFO - Sync 1 DAGs
[2022-11-09T04:05:06.997+0000] {logging_mixin.py:120} INFO - [2022-11-09T04:05:06.997+0000] {dag.py:3340} INFO - Setting next_dagrun for tutorial_taskflow_api to None, run_after=None
[2022-11-09T04:05:07.006+0000] {processor.py:176} INFO - Processing /home/airflow/.local/lib/python3.7/site-packages/airflow/example_dags/tutorial_taskflow_api.py took 0.062 seconds
[2022-11-09T04:05:37.789+0000] {processor.py:154} INFO - Started process (PID=32292) to work on /home/airflow/.local/lib/python3.7/site-packages/airflow/example_dags/tutorial_taskflow_api.py
[2022-11-09T04:05:37.790+0000] {processor.py:756} INFO - Processing file /home/airflow/.local/lib/python3.7/site-packages/airflow/example_dags/tutorial_taskflow_api.py for tasks to queue
[2022-11-09T04:05:37.790+0000] {logging_mixin.py:120} INFO - [2022-11-09T04:05:37.790+0000] {dagbag.py:537} INFO - Filling up the DagBag from /home/airflow/.local/lib/python3.7/site-packages/airflow/example_dags/tutorial_taskflow_api.py
[2022-11-09T04:05:37.800+0000] {processor.py:766} INFO - DAG(s) dict_keys(['tutorial_taskflow_api']) retrieved from /home/airflow/.local/lib/python3.7/site-packages/airflow/example_dags/tutorial_taskflow_api.py
[2022-11-09T04:05:37.822+0000] {logging_mixin.py:120} INFO - [2022-11-09T04:05:37.822+0000] {dag.py:2585} INFO - Sync 1 DAGs
[2022-11-09T04:05:37.834+0000] {logging_mixin.py:120} INFO - [2022-11-09T04:05:37.834+0000] {dag.py:3340} INFO - Setting next_dagrun for tutorial_taskflow_api to None, run_after=None
[2022-11-09T04:05:37.844+0000] {processor.py:176} INFO - Processing /home/airflow/.local/lib/python3.7/site-packages/airflow/example_dags/tutorial_taskflow_api.py took 0.057 seconds
[2022-11-09T04:06:08.604+0000] {processor.py:154} INFO - Started process (PID=32357) to work on /home/airflow/.local/lib/python3.7/site-packages/airflow/example_dags/tutorial_taskflow_api.py
[2022-11-09T04:06:08.605+0000] {processor.py:756} INFO - Processing file /home/airflow/.local/lib/python3.7/site-packages/airflow/example_dags/tutorial_taskflow_api.py for tasks to queue
[2022-11-09T04:06:08.606+0000] {logging_mixin.py:120} INFO - [2022-11-09T04:06:08.606+0000] {dagbag.py:537} INFO - Filling up the DagBag from /home/airflow/.local/lib/python3.7/site-packages/airflow/example_dags/tutorial_taskflow_api.py
[2022-11-09T04:06:08.616+0000] {processor.py:766} INFO - DAG(s) dict_keys(['tutorial_taskflow_api']) retrieved from /home/airflow/.local/lib/python3.7/site-packages/airflow/example_dags/tutorial_taskflow_api.py
[2022-11-09T04:06:08.638+0000] {logging_mixin.py:120} INFO - [2022-11-09T04:06:08.638+0000] {dag.py:2585} INFO - Sync 1 DAGs
[2022-11-09T04:06:08.651+0000] {logging_mixin.py:120} INFO - [2022-11-09T04:06:08.651+0000] {dag.py:3340} INFO - Setting next_dagrun for tutorial_taskflow_api to None, run_after=None
[2022-11-09T04:06:08.663+0000] {processor.py:176} INFO - Processing /home/airflow/.local/lib/python3.7/site-packages/airflow/example_dags/tutorial_taskflow_api.py took 0.061 seconds
[2022-11-09T04:06:39.512+0000] {processor.py:154} INFO - Started process (PID=32426) to work on /home/airflow/.local/lib/python3.7/site-packages/airflow/example_dags/tutorial_taskflow_api.py
[2022-11-09T04:06:39.512+0000] {processor.py:756} INFO - Processing file /home/airflow/.local/lib/python3.7/site-packages/airflow/example_dags/tutorial_taskflow_api.py for tasks to queue
[2022-11-09T04:06:39.512+0000] {logging_mixin.py:120} INFO - [2022-11-09T04:06:39.512+0000] {dagbag.py:537} INFO - Filling up the DagBag from /home/airflow/.local/lib/python3.7/site-packages/airflow/example_dags/tutorial_taskflow_api.py
[2022-11-09T04:06:39.524+0000] {processor.py:766} INFO - DAG(s) dict_keys(['tutorial_taskflow_api']) retrieved from /home/airflow/.local/lib/python3.7/site-packages/airflow/example_dags/tutorial_taskflow_api.py
[2022-11-09T04:06:39.546+0000] {logging_mixin.py:120} INFO - [2022-11-09T04:06:39.546+0000] {dag.py:2585} INFO - Sync 1 DAGs
[2022-11-09T04:06:39.560+0000] {logging_mixin.py:120} INFO - [2022-11-09T04:06:39.560+0000] {dag.py:3340} INFO - Setting next_dagrun for tutorial_taskflow_api to None, run_after=None
[2022-11-09T04:06:39.570+0000] {processor.py:176} INFO - Processing /home/airflow/.local/lib/python3.7/site-packages/airflow/example_dags/tutorial_taskflow_api.py took 0.061 seconds
[2022-11-09T04:17:39.601+0000] {processor.py:154} INFO - Started process (PID=32485) to work on /home/airflow/.local/lib/python3.7/site-packages/airflow/example_dags/tutorial_taskflow_api.py
[2022-11-09T04:17:39.602+0000] {processor.py:756} INFO - Processing file /home/airflow/.local/lib/python3.7/site-packages/airflow/example_dags/tutorial_taskflow_api.py for tasks to queue
[2022-11-09T04:17:39.602+0000] {logging_mixin.py:120} INFO - [2022-11-09T04:17:39.602+0000] {dagbag.py:537} INFO - Filling up the DagBag from /home/airflow/.local/lib/python3.7/site-packages/airflow/example_dags/tutorial_taskflow_api.py
[2022-11-09T04:17:39.617+0000] {processor.py:766} INFO - DAG(s) dict_keys(['tutorial_taskflow_api']) retrieved from /home/airflow/.local/lib/python3.7/site-packages/airflow/example_dags/tutorial_taskflow_api.py
[2022-11-09T04:17:39.739+0000] {logging_mixin.py:120} INFO - [2022-11-09T04:17:39.739+0000] {dag.py:2585} INFO - Sync 1 DAGs
[2022-11-09T04:17:39.768+0000] {logging_mixin.py:120} INFO - [2022-11-09T04:17:39.767+0000] {dag.py:3340} INFO - Setting next_dagrun for tutorial_taskflow_api to None, run_after=None
[2022-11-09T04:17:39.806+0000] {processor.py:176} INFO - Processing /home/airflow/.local/lib/python3.7/site-packages/airflow/example_dags/tutorial_taskflow_api.py took 0.208 seconds
[2022-11-09T04:18:10.223+0000] {processor.py:154} INFO - Started process (PID=32552) to work on /home/airflow/.local/lib/python3.7/site-packages/airflow/example_dags/tutorial_taskflow_api.py
[2022-11-09T04:18:10.224+0000] {processor.py:756} INFO - Processing file /home/airflow/.local/lib/python3.7/site-packages/airflow/example_dags/tutorial_taskflow_api.py for tasks to queue
[2022-11-09T04:18:10.224+0000] {logging_mixin.py:120} INFO - [2022-11-09T04:18:10.224+0000] {dagbag.py:537} INFO - Filling up the DagBag from /home/airflow/.local/lib/python3.7/site-packages/airflow/example_dags/tutorial_taskflow_api.py
[2022-11-09T04:18:10.235+0000] {processor.py:766} INFO - DAG(s) dict_keys(['tutorial_taskflow_api']) retrieved from /home/airflow/.local/lib/python3.7/site-packages/airflow/example_dags/tutorial_taskflow_api.py
[2022-11-09T04:18:10.257+0000] {logging_mixin.py:120} INFO - [2022-11-09T04:18:10.257+0000] {dag.py:2585} INFO - Sync 1 DAGs
[2022-11-09T04:18:10.270+0000] {logging_mixin.py:120} INFO - [2022-11-09T04:18:10.270+0000] {dag.py:3340} INFO - Setting next_dagrun for tutorial_taskflow_api to None, run_after=None
[2022-11-09T04:18:10.280+0000] {processor.py:176} INFO - Processing /home/airflow/.local/lib/python3.7/site-packages/airflow/example_dags/tutorial_taskflow_api.py took 0.058 seconds
[2022-11-09T04:18:41.353+0000] {processor.py:154} INFO - Started process (PID=32619) to work on /home/airflow/.local/lib/python3.7/site-packages/airflow/example_dags/tutorial_taskflow_api.py
[2022-11-09T04:18:41.354+0000] {processor.py:756} INFO - Processing file /home/airflow/.local/lib/python3.7/site-packages/airflow/example_dags/tutorial_taskflow_api.py for tasks to queue
[2022-11-09T04:18:41.354+0000] {logging_mixin.py:120} INFO - [2022-11-09T04:18:41.354+0000] {dagbag.py:537} INFO - Filling up the DagBag from /home/airflow/.local/lib/python3.7/site-packages/airflow/example_dags/tutorial_taskflow_api.py
[2022-11-09T04:18:41.365+0000] {processor.py:766} INFO - DAG(s) dict_keys(['tutorial_taskflow_api']) retrieved from /home/airflow/.local/lib/python3.7/site-packages/airflow/example_dags/tutorial_taskflow_api.py
[2022-11-09T04:18:41.389+0000] {logging_mixin.py:120} INFO - [2022-11-09T04:18:41.389+0000] {dag.py:2585} INFO - Sync 1 DAGs
[2022-11-09T04:18:41.403+0000] {logging_mixin.py:120} INFO - [2022-11-09T04:18:41.403+0000] {dag.py:3340} INFO - Setting next_dagrun for tutorial_taskflow_api to None, run_after=None
[2022-11-09T04:18:41.413+0000] {processor.py:176} INFO - Processing /home/airflow/.local/lib/python3.7/site-packages/airflow/example_dags/tutorial_taskflow_api.py took 0.062 seconds
[2022-11-09T04:19:12.430+0000] {processor.py:154} INFO - Started process (PID=32685) to work on /home/airflow/.local/lib/python3.7/site-packages/airflow/example_dags/tutorial_taskflow_api.py
[2022-11-09T04:19:12.430+0000] {processor.py:756} INFO - Processing file /home/airflow/.local/lib/python3.7/site-packages/airflow/example_dags/tutorial_taskflow_api.py for tasks to queue
[2022-11-09T04:19:12.431+0000] {logging_mixin.py:120} INFO - [2022-11-09T04:19:12.431+0000] {dagbag.py:537} INFO - Filling up the DagBag from /home/airflow/.local/lib/python3.7/site-packages/airflow/example_dags/tutorial_taskflow_api.py
[2022-11-09T04:19:12.444+0000] {processor.py:766} INFO - DAG(s) dict_keys(['tutorial_taskflow_api']) retrieved from /home/airflow/.local/lib/python3.7/site-packages/airflow/example_dags/tutorial_taskflow_api.py
[2022-11-09T04:19:12.469+0000] {logging_mixin.py:120} INFO - [2022-11-09T04:19:12.469+0000] {dag.py:2585} INFO - Sync 1 DAGs
[2022-11-09T04:19:12.484+0000] {logging_mixin.py:120} INFO - [2022-11-09T04:19:12.484+0000] {dag.py:3340} INFO - Setting next_dagrun for tutorial_taskflow_api to None, run_after=None
[2022-11-09T04:19:12.496+0000] {processor.py:176} INFO - Processing /home/airflow/.local/lib/python3.7/site-packages/airflow/example_dags/tutorial_taskflow_api.py took 0.069 seconds
[2022-11-09T04:19:43.205+0000] {processor.py:154} INFO - Started process (PID=32752) to work on /home/airflow/.local/lib/python3.7/site-packages/airflow/example_dags/tutorial_taskflow_api.py
[2022-11-09T04:19:43.205+0000] {processor.py:756} INFO - Processing file /home/airflow/.local/lib/python3.7/site-packages/airflow/example_dags/tutorial_taskflow_api.py for tasks to queue
[2022-11-09T04:19:43.206+0000] {logging_mixin.py:120} INFO - [2022-11-09T04:19:43.206+0000] {dagbag.py:537} INFO - Filling up the DagBag from /home/airflow/.local/lib/python3.7/site-packages/airflow/example_dags/tutorial_taskflow_api.py
[2022-11-09T04:19:43.221+0000] {processor.py:766} INFO - DAG(s) dict_keys(['tutorial_taskflow_api']) retrieved from /home/airflow/.local/lib/python3.7/site-packages/airflow/example_dags/tutorial_taskflow_api.py
[2022-11-09T04:19:43.247+0000] {logging_mixin.py:120} INFO - [2022-11-09T04:19:43.247+0000] {dag.py:2585} INFO - Sync 1 DAGs
[2022-11-09T04:19:43.263+0000] {logging_mixin.py:120} INFO - [2022-11-09T04:19:43.263+0000] {dag.py:3340} INFO - Setting next_dagrun for tutorial_taskflow_api to None, run_after=None
[2022-11-09T04:19:43.275+0000] {processor.py:176} INFO - Processing /home/airflow/.local/lib/python3.7/site-packages/airflow/example_dags/tutorial_taskflow_api.py took 0.073 seconds
