[2022-11-09T00:12:00.068+0000] {processor.py:154} INFO - Started process (PID=30696) to work on /home/airflow/.local/lib/python3.7/site-packages/airflow/example_dags/tutorial_taskflow_api_virtualenv.py
[2022-11-09T00:12:00.069+0000] {processor.py:756} INFO - Processing file /home/airflow/.local/lib/python3.7/site-packages/airflow/example_dags/tutorial_taskflow_api_virtualenv.py for tasks to queue
[2022-11-09T00:12:00.069+0000] {logging_mixin.py:120} INFO - [2022-11-09T00:12:00.069+0000] {dagbag.py:537} INFO - Filling up the DagBag from /home/airflow/.local/lib/python3.7/site-packages/airflow/example_dags/tutorial_taskflow_api_virtualenv.py
[2022-11-09T00:12:00.085+0000] {processor.py:766} INFO - DAG(s) dict_keys(['tutorial_taskflow_api_virtualenv']) retrieved from /home/airflow/.local/lib/python3.7/site-packages/airflow/example_dags/tutorial_taskflow_api_virtualenv.py
[2022-11-09T00:12:00.166+0000] {logging_mixin.py:120} INFO - [2022-11-09T00:12:00.166+0000] {dag.py:2585} INFO - Sync 1 DAGs
[2022-11-09T00:12:00.207+0000] {logging_mixin.py:120} INFO - [2022-11-09T00:12:00.206+0000] {dag.py:3340} INFO - Setting next_dagrun for tutorial_taskflow_api_virtualenv to None, run_after=None
[2022-11-09T00:12:00.234+0000] {processor.py:176} INFO - Processing /home/airflow/.local/lib/python3.7/site-packages/airflow/example_dags/tutorial_taskflow_api_virtualenv.py took 0.178 seconds
[2022-11-09T00:27:33.561+0000] {processor.py:154} INFO - Started process (PID=30743) to work on /home/airflow/.local/lib/python3.7/site-packages/airflow/example_dags/tutorial_taskflow_api_virtualenv.py
[2022-11-09T00:27:33.562+0000] {processor.py:756} INFO - Processing file /home/airflow/.local/lib/python3.7/site-packages/airflow/example_dags/tutorial_taskflow_api_virtualenv.py for tasks to queue
[2022-11-09T00:27:33.562+0000] {logging_mixin.py:120} INFO - [2022-11-09T00:27:33.562+0000] {dagbag.py:537} INFO - Filling up the DagBag from /home/airflow/.local/lib/python3.7/site-packages/airflow/example_dags/tutorial_taskflow_api_virtualenv.py
[2022-11-09T00:27:33.584+0000] {processor.py:766} INFO - DAG(s) dict_keys(['tutorial_taskflow_api_virtualenv']) retrieved from /home/airflow/.local/lib/python3.7/site-packages/airflow/example_dags/tutorial_taskflow_api_virtualenv.py
[2022-11-09T00:27:33.625+0000] {logging_mixin.py:120} INFO - [2022-11-09T00:27:33.625+0000] {dag.py:2585} INFO - Sync 1 DAGs
[2022-11-09T00:27:33.660+0000] {logging_mixin.py:120} INFO - [2022-11-09T00:27:33.660+0000] {dag.py:3340} INFO - Setting next_dagrun for tutorial_taskflow_api_virtualenv to None, run_after=None
[2022-11-09T00:27:33.716+0000] {processor.py:176} INFO - Processing /home/airflow/.local/lib/python3.7/site-packages/airflow/example_dags/tutorial_taskflow_api_virtualenv.py took 0.157 seconds
[2022-11-09T01:00:47.779+0000] {processor.py:154} INFO - Started process (PID=30793) to work on /home/airflow/.local/lib/python3.7/site-packages/airflow/example_dags/tutorial_taskflow_api_virtualenv.py
[2022-11-09T01:00:47.780+0000] {processor.py:756} INFO - Processing file /home/airflow/.local/lib/python3.7/site-packages/airflow/example_dags/tutorial_taskflow_api_virtualenv.py for tasks to queue
[2022-11-09T01:00:47.780+0000] {logging_mixin.py:120} INFO - [2022-11-09T01:00:47.780+0000] {dagbag.py:537} INFO - Filling up the DagBag from /home/airflow/.local/lib/python3.7/site-packages/airflow/example_dags/tutorial_taskflow_api_virtualenv.py
[2022-11-09T01:00:47.807+0000] {processor.py:766} INFO - DAG(s) dict_keys(['tutorial_taskflow_api_virtualenv']) retrieved from /home/airflow/.local/lib/python3.7/site-packages/airflow/example_dags/tutorial_taskflow_api_virtualenv.py
[2022-11-09T01:00:47.844+0000] {logging_mixin.py:120} INFO - [2022-11-09T01:00:47.844+0000] {dag.py:2585} INFO - Sync 1 DAGs
[2022-11-09T01:00:47.873+0000] {logging_mixin.py:120} INFO - [2022-11-09T01:00:47.873+0000] {dag.py:3340} INFO - Setting next_dagrun for tutorial_taskflow_api_virtualenv to None, run_after=None
[2022-11-09T01:00:47.896+0000] {processor.py:176} INFO - Processing /home/airflow/.local/lib/python3.7/site-packages/airflow/example_dags/tutorial_taskflow_api_virtualenv.py took 0.118 seconds
[2022-11-09T01:34:43.266+0000] {processor.py:154} INFO - Started process (PID=30841) to work on /home/airflow/.local/lib/python3.7/site-packages/airflow/example_dags/tutorial_taskflow_api_virtualenv.py
[2022-11-09T01:34:43.266+0000] {processor.py:756} INFO - Processing file /home/airflow/.local/lib/python3.7/site-packages/airflow/example_dags/tutorial_taskflow_api_virtualenv.py for tasks to queue
[2022-11-09T01:34:43.267+0000] {logging_mixin.py:120} INFO - [2022-11-09T01:34:43.267+0000] {dagbag.py:537} INFO - Filling up the DagBag from /home/airflow/.local/lib/python3.7/site-packages/airflow/example_dags/tutorial_taskflow_api_virtualenv.py
[2022-11-09T01:34:43.280+0000] {processor.py:766} INFO - DAG(s) dict_keys(['tutorial_taskflow_api_virtualenv']) retrieved from /home/airflow/.local/lib/python3.7/site-packages/airflow/example_dags/tutorial_taskflow_api_virtualenv.py
[2022-11-09T01:34:43.303+0000] {logging_mixin.py:120} INFO - [2022-11-09T01:34:43.303+0000] {dag.py:2585} INFO - Sync 1 DAGs
[2022-11-09T01:34:43.319+0000] {logging_mixin.py:120} INFO - [2022-11-09T01:34:43.319+0000] {dag.py:3340} INFO - Setting next_dagrun for tutorial_taskflow_api_virtualenv to None, run_after=None
[2022-11-09T01:34:43.332+0000] {processor.py:176} INFO - Processing /home/airflow/.local/lib/python3.7/site-packages/airflow/example_dags/tutorial_taskflow_api_virtualenv.py took 0.068 seconds
[2022-11-09T01:50:23.815+0000] {processor.py:154} INFO - Started process (PID=30888) to work on /home/airflow/.local/lib/python3.7/site-packages/airflow/example_dags/tutorial_taskflow_api_virtualenv.py
[2022-11-09T01:50:23.817+0000] {processor.py:756} INFO - Processing file /home/airflow/.local/lib/python3.7/site-packages/airflow/example_dags/tutorial_taskflow_api_virtualenv.py for tasks to queue
[2022-11-09T01:50:23.817+0000] {logging_mixin.py:120} INFO - [2022-11-09T01:50:23.817+0000] {dagbag.py:537} INFO - Filling up the DagBag from /home/airflow/.local/lib/python3.7/site-packages/airflow/example_dags/tutorial_taskflow_api_virtualenv.py
[2022-11-09T01:50:23.837+0000] {processor.py:766} INFO - DAG(s) dict_keys(['tutorial_taskflow_api_virtualenv']) retrieved from /home/airflow/.local/lib/python3.7/site-packages/airflow/example_dags/tutorial_taskflow_api_virtualenv.py
[2022-11-09T01:50:23.863+0000] {logging_mixin.py:120} INFO - [2022-11-09T01:50:23.863+0000] {dag.py:2585} INFO - Sync 1 DAGs
[2022-11-09T01:50:23.881+0000] {logging_mixin.py:120} INFO - [2022-11-09T01:50:23.881+0000] {dag.py:3340} INFO - Setting next_dagrun for tutorial_taskflow_api_virtualenv to None, run_after=None
[2022-11-09T01:50:23.890+0000] {processor.py:176} INFO - Processing /home/airflow/.local/lib/python3.7/site-packages/airflow/example_dags/tutorial_taskflow_api_virtualenv.py took 0.080 seconds
[2022-11-09T01:55:22.873+0000] {processor.py:154} INFO - Started process (PID=30936) to work on /home/airflow/.local/lib/python3.7/site-packages/airflow/example_dags/tutorial_taskflow_api_virtualenv.py
[2022-11-09T01:55:22.874+0000] {processor.py:756} INFO - Processing file /home/airflow/.local/lib/python3.7/site-packages/airflow/example_dags/tutorial_taskflow_api_virtualenv.py for tasks to queue
[2022-11-09T01:55:22.875+0000] {logging_mixin.py:120} INFO - [2022-11-09T01:55:22.875+0000] {dagbag.py:537} INFO - Filling up the DagBag from /home/airflow/.local/lib/python3.7/site-packages/airflow/example_dags/tutorial_taskflow_api_virtualenv.py
[2022-11-09T01:55:22.886+0000] {processor.py:766} INFO - DAG(s) dict_keys(['tutorial_taskflow_api_virtualenv']) retrieved from /home/airflow/.local/lib/python3.7/site-packages/airflow/example_dags/tutorial_taskflow_api_virtualenv.py
[2022-11-09T01:55:22.950+0000] {logging_mixin.py:120} INFO - [2022-11-09T01:55:22.950+0000] {dag.py:2585} INFO - Sync 1 DAGs
[2022-11-09T01:55:22.968+0000] {logging_mixin.py:120} INFO - [2022-11-09T01:55:22.968+0000] {dag.py:3340} INFO - Setting next_dagrun for tutorial_taskflow_api_virtualenv to None, run_after=None
[2022-11-09T01:55:22.981+0000] {processor.py:176} INFO - Processing /home/airflow/.local/lib/python3.7/site-packages/airflow/example_dags/tutorial_taskflow_api_virtualenv.py took 0.110 seconds
[2022-11-09T02:10:48.514+0000] {processor.py:154} INFO - Started process (PID=30983) to work on /home/airflow/.local/lib/python3.7/site-packages/airflow/example_dags/tutorial_taskflow_api_virtualenv.py
[2022-11-09T02:10:48.518+0000] {processor.py:756} INFO - Processing file /home/airflow/.local/lib/python3.7/site-packages/airflow/example_dags/tutorial_taskflow_api_virtualenv.py for tasks to queue
[2022-11-09T02:10:48.519+0000] {logging_mixin.py:120} INFO - [2022-11-09T02:10:48.519+0000] {dagbag.py:537} INFO - Filling up the DagBag from /home/airflow/.local/lib/python3.7/site-packages/airflow/example_dags/tutorial_taskflow_api_virtualenv.py
[2022-11-09T02:10:48.551+0000] {processor.py:766} INFO - DAG(s) dict_keys(['tutorial_taskflow_api_virtualenv']) retrieved from /home/airflow/.local/lib/python3.7/site-packages/airflow/example_dags/tutorial_taskflow_api_virtualenv.py
[2022-11-09T02:10:48.602+0000] {logging_mixin.py:120} INFO - [2022-11-09T02:10:48.602+0000] {dag.py:2585} INFO - Sync 1 DAGs
[2022-11-09T02:10:48.622+0000] {logging_mixin.py:120} INFO - [2022-11-09T02:10:48.622+0000] {dag.py:3340} INFO - Setting next_dagrun for tutorial_taskflow_api_virtualenv to None, run_after=None
[2022-11-09T02:10:48.638+0000] {processor.py:176} INFO - Processing /home/airflow/.local/lib/python3.7/site-packages/airflow/example_dags/tutorial_taskflow_api_virtualenv.py took 0.126 seconds
[2022-11-09T02:26:22.808+0000] {processor.py:154} INFO - Started process (PID=31030) to work on /home/airflow/.local/lib/python3.7/site-packages/airflow/example_dags/tutorial_taskflow_api_virtualenv.py
[2022-11-09T02:26:22.808+0000] {processor.py:756} INFO - Processing file /home/airflow/.local/lib/python3.7/site-packages/airflow/example_dags/tutorial_taskflow_api_virtualenv.py for tasks to queue
[2022-11-09T02:26:22.809+0000] {logging_mixin.py:120} INFO - [2022-11-09T02:26:22.809+0000] {dagbag.py:537} INFO - Filling up the DagBag from /home/airflow/.local/lib/python3.7/site-packages/airflow/example_dags/tutorial_taskflow_api_virtualenv.py
[2022-11-09T02:26:22.821+0000] {processor.py:766} INFO - DAG(s) dict_keys(['tutorial_taskflow_api_virtualenv']) retrieved from /home/airflow/.local/lib/python3.7/site-packages/airflow/example_dags/tutorial_taskflow_api_virtualenv.py
[2022-11-09T02:26:22.845+0000] {logging_mixin.py:120} INFO - [2022-11-09T02:26:22.844+0000] {dag.py:2585} INFO - Sync 1 DAGs
[2022-11-09T02:26:22.859+0000] {logging_mixin.py:120} INFO - [2022-11-09T02:26:22.859+0000] {dag.py:3340} INFO - Setting next_dagrun for tutorial_taskflow_api_virtualenv to None, run_after=None
[2022-11-09T02:26:22.870+0000] {processor.py:176} INFO - Processing /home/airflow/.local/lib/python3.7/site-packages/airflow/example_dags/tutorial_taskflow_api_virtualenv.py took 0.064 seconds
[2022-11-09T02:44:00.570+0000] {processor.py:154} INFO - Started process (PID=31078) to work on /home/airflow/.local/lib/python3.7/site-packages/airflow/example_dags/tutorial_taskflow_api_virtualenv.py
[2022-11-09T02:44:00.571+0000] {processor.py:756} INFO - Processing file /home/airflow/.local/lib/python3.7/site-packages/airflow/example_dags/tutorial_taskflow_api_virtualenv.py for tasks to queue
[2022-11-09T02:44:00.571+0000] {logging_mixin.py:120} INFO - [2022-11-09T02:44:00.571+0000] {dagbag.py:537} INFO - Filling up the DagBag from /home/airflow/.local/lib/python3.7/site-packages/airflow/example_dags/tutorial_taskflow_api_virtualenv.py
[2022-11-09T02:44:00.587+0000] {processor.py:766} INFO - DAG(s) dict_keys(['tutorial_taskflow_api_virtualenv']) retrieved from /home/airflow/.local/lib/python3.7/site-packages/airflow/example_dags/tutorial_taskflow_api_virtualenv.py
[2022-11-09T02:44:00.632+0000] {logging_mixin.py:120} INFO - [2022-11-09T02:44:00.632+0000] {dag.py:2585} INFO - Sync 1 DAGs
[2022-11-09T02:44:00.658+0000] {logging_mixin.py:120} INFO - [2022-11-09T02:44:00.658+0000] {dag.py:3340} INFO - Setting next_dagrun for tutorial_taskflow_api_virtualenv to None, run_after=None
[2022-11-09T02:44:00.669+0000] {processor.py:176} INFO - Processing /home/airflow/.local/lib/python3.7/site-packages/airflow/example_dags/tutorial_taskflow_api_virtualenv.py took 0.102 seconds
[2022-11-09T03:01:02.497+0000] {processor.py:154} INFO - Started process (PID=31137) to work on /home/airflow/.local/lib/python3.7/site-packages/airflow/example_dags/tutorial_taskflow_api_virtualenv.py
[2022-11-09T03:01:02.497+0000] {processor.py:756} INFO - Processing file /home/airflow/.local/lib/python3.7/site-packages/airflow/example_dags/tutorial_taskflow_api_virtualenv.py for tasks to queue
[2022-11-09T03:01:02.498+0000] {logging_mixin.py:120} INFO - [2022-11-09T03:01:02.498+0000] {dagbag.py:537} INFO - Filling up the DagBag from /home/airflow/.local/lib/python3.7/site-packages/airflow/example_dags/tutorial_taskflow_api_virtualenv.py
[2022-11-09T03:01:02.510+0000] {processor.py:766} INFO - DAG(s) dict_keys(['tutorial_taskflow_api_virtualenv']) retrieved from /home/airflow/.local/lib/python3.7/site-packages/airflow/example_dags/tutorial_taskflow_api_virtualenv.py
[2022-11-09T03:01:02.543+0000] {logging_mixin.py:120} INFO - [2022-11-09T03:01:02.542+0000] {dag.py:2585} INFO - Sync 1 DAGs
[2022-11-09T03:01:02.560+0000] {logging_mixin.py:120} INFO - [2022-11-09T03:01:02.560+0000] {dag.py:3340} INFO - Setting next_dagrun for tutorial_taskflow_api_virtualenv to None, run_after=None
[2022-11-09T03:01:02.571+0000] {processor.py:176} INFO - Processing /home/airflow/.local/lib/python3.7/site-packages/airflow/example_dags/tutorial_taskflow_api_virtualenv.py took 0.077 seconds
[2022-11-09T03:03:51.677+0000] {processor.py:154} INFO - Started process (PID=31202) to work on /home/airflow/.local/lib/python3.7/site-packages/airflow/example_dags/tutorial_taskflow_api_virtualenv.py
[2022-11-09T03:03:51.677+0000] {processor.py:756} INFO - Processing file /home/airflow/.local/lib/python3.7/site-packages/airflow/example_dags/tutorial_taskflow_api_virtualenv.py for tasks to queue
[2022-11-09T03:03:51.678+0000] {logging_mixin.py:120} INFO - [2022-11-09T03:03:51.678+0000] {dagbag.py:537} INFO - Filling up the DagBag from /home/airflow/.local/lib/python3.7/site-packages/airflow/example_dags/tutorial_taskflow_api_virtualenv.py
[2022-11-09T03:03:51.690+0000] {processor.py:766} INFO - DAG(s) dict_keys(['tutorial_taskflow_api_virtualenv']) retrieved from /home/airflow/.local/lib/python3.7/site-packages/airflow/example_dags/tutorial_taskflow_api_virtualenv.py
[2022-11-09T03:03:51.714+0000] {logging_mixin.py:120} INFO - [2022-11-09T03:03:51.714+0000] {dag.py:2585} INFO - Sync 1 DAGs
[2022-11-09T03:03:51.730+0000] {logging_mixin.py:120} INFO - [2022-11-09T03:03:51.729+0000] {dag.py:3340} INFO - Setting next_dagrun for tutorial_taskflow_api_virtualenv to None, run_after=None
[2022-11-09T03:03:51.740+0000] {processor.py:176} INFO - Processing /home/airflow/.local/lib/python3.7/site-packages/airflow/example_dags/tutorial_taskflow_api_virtualenv.py took 0.066 seconds
[2022-11-09T03:19:27.682+0000] {processor.py:154} INFO - Started process (PID=31249) to work on /home/airflow/.local/lib/python3.7/site-packages/airflow/example_dags/tutorial_taskflow_api_virtualenv.py
[2022-11-09T03:19:27.683+0000] {processor.py:756} INFO - Processing file /home/airflow/.local/lib/python3.7/site-packages/airflow/example_dags/tutorial_taskflow_api_virtualenv.py for tasks to queue
[2022-11-09T03:19:27.683+0000] {logging_mixin.py:120} INFO - [2022-11-09T03:19:27.683+0000] {dagbag.py:537} INFO - Filling up the DagBag from /home/airflow/.local/lib/python3.7/site-packages/airflow/example_dags/tutorial_taskflow_api_virtualenv.py
[2022-11-09T03:19:27.696+0000] {processor.py:766} INFO - DAG(s) dict_keys(['tutorial_taskflow_api_virtualenv']) retrieved from /home/airflow/.local/lib/python3.7/site-packages/airflow/example_dags/tutorial_taskflow_api_virtualenv.py
[2022-11-09T03:19:27.780+0000] {logging_mixin.py:120} INFO - [2022-11-09T03:19:27.780+0000] {dag.py:2585} INFO - Sync 1 DAGs
[2022-11-09T03:19:27.808+0000] {logging_mixin.py:120} INFO - [2022-11-09T03:19:27.808+0000] {dag.py:3340} INFO - Setting next_dagrun for tutorial_taskflow_api_virtualenv to None, run_after=None
[2022-11-09T03:19:27.822+0000] {processor.py:176} INFO - Processing /home/airflow/.local/lib/python3.7/site-packages/airflow/example_dags/tutorial_taskflow_api_virtualenv.py took 0.142 seconds
[2022-11-09T03:35:51.360+0000] {processor.py:154} INFO - Started process (PID=31307) to work on /home/airflow/.local/lib/python3.7/site-packages/airflow/example_dags/tutorial_taskflow_api_virtualenv.py
[2022-11-09T03:35:51.361+0000] {processor.py:756} INFO - Processing file /home/airflow/.local/lib/python3.7/site-packages/airflow/example_dags/tutorial_taskflow_api_virtualenv.py for tasks to queue
[2022-11-09T03:35:51.361+0000] {logging_mixin.py:120} INFO - [2022-11-09T03:35:51.361+0000] {dagbag.py:537} INFO - Filling up the DagBag from /home/airflow/.local/lib/python3.7/site-packages/airflow/example_dags/tutorial_taskflow_api_virtualenv.py
[2022-11-09T03:35:51.374+0000] {processor.py:766} INFO - DAG(s) dict_keys(['tutorial_taskflow_api_virtualenv']) retrieved from /home/airflow/.local/lib/python3.7/site-packages/airflow/example_dags/tutorial_taskflow_api_virtualenv.py
[2022-11-09T03:35:51.397+0000] {logging_mixin.py:120} INFO - [2022-11-09T03:35:51.397+0000] {dag.py:2585} INFO - Sync 1 DAGs
[2022-11-09T03:35:51.411+0000] {logging_mixin.py:120} INFO - [2022-11-09T03:35:51.411+0000] {dag.py:3340} INFO - Setting next_dagrun for tutorial_taskflow_api_virtualenv to None, run_after=None
[2022-11-09T03:35:51.421+0000] {processor.py:176} INFO - Processing /home/airflow/.local/lib/python3.7/site-packages/airflow/example_dags/tutorial_taskflow_api_virtualenv.py took 0.063 seconds
[2022-11-09T03:58:27.105+0000] {processor.py:154} INFO - Started process (PID=31354) to work on /home/airflow/.local/lib/python3.7/site-packages/airflow/example_dags/tutorial_taskflow_api_virtualenv.py
[2022-11-09T03:58:27.109+0000] {processor.py:756} INFO - Processing file /home/airflow/.local/lib/python3.7/site-packages/airflow/example_dags/tutorial_taskflow_api_virtualenv.py for tasks to queue
[2022-11-09T03:58:27.110+0000] {logging_mixin.py:120} INFO - [2022-11-09T03:58:27.110+0000] {dagbag.py:537} INFO - Filling up the DagBag from /home/airflow/.local/lib/python3.7/site-packages/airflow/example_dags/tutorial_taskflow_api_virtualenv.py
[2022-11-09T03:58:27.142+0000] {processor.py:766} INFO - DAG(s) dict_keys(['tutorial_taskflow_api_virtualenv']) retrieved from /home/airflow/.local/lib/python3.7/site-packages/airflow/example_dags/tutorial_taskflow_api_virtualenv.py
[2022-11-09T03:58:27.194+0000] {logging_mixin.py:120} INFO - [2022-11-09T03:58:27.193+0000] {dag.py:2585} INFO - Sync 1 DAGs
[2022-11-09T03:58:27.214+0000] {logging_mixin.py:120} INFO - [2022-11-09T03:58:27.213+0000] {dag.py:3340} INFO - Setting next_dagrun for tutorial_taskflow_api_virtualenv to None, run_after=None
[2022-11-09T03:58:27.262+0000] {processor.py:176} INFO - Processing /home/airflow/.local/lib/python3.7/site-packages/airflow/example_dags/tutorial_taskflow_api_virtualenv.py took 0.159 seconds
[2022-11-09T03:58:57.527+0000] {processor.py:154} INFO - Started process (PID=31424) to work on /home/airflow/.local/lib/python3.7/site-packages/airflow/example_dags/tutorial_taskflow_api_virtualenv.py
[2022-11-09T03:58:57.528+0000] {processor.py:756} INFO - Processing file /home/airflow/.local/lib/python3.7/site-packages/airflow/example_dags/tutorial_taskflow_api_virtualenv.py for tasks to queue
[2022-11-09T03:58:57.529+0000] {logging_mixin.py:120} INFO - [2022-11-09T03:58:57.529+0000] {dagbag.py:537} INFO - Filling up the DagBag from /home/airflow/.local/lib/python3.7/site-packages/airflow/example_dags/tutorial_taskflow_api_virtualenv.py
[2022-11-09T03:58:57.541+0000] {processor.py:766} INFO - DAG(s) dict_keys(['tutorial_taskflow_api_virtualenv']) retrieved from /home/airflow/.local/lib/python3.7/site-packages/airflow/example_dags/tutorial_taskflow_api_virtualenv.py
[2022-11-09T03:58:57.568+0000] {logging_mixin.py:120} INFO - [2022-11-09T03:58:57.568+0000] {dag.py:2585} INFO - Sync 1 DAGs
[2022-11-09T03:58:57.585+0000] {logging_mixin.py:120} INFO - [2022-11-09T03:58:57.585+0000] {dag.py:3340} INFO - Setting next_dagrun for tutorial_taskflow_api_virtualenv to None, run_after=None
[2022-11-09T03:58:57.597+0000] {processor.py:176} INFO - Processing /home/airflow/.local/lib/python3.7/site-packages/airflow/example_dags/tutorial_taskflow_api_virtualenv.py took 0.072 seconds
[2022-11-09T03:59:28.510+0000] {processor.py:154} INFO - Started process (PID=31496) to work on /home/airflow/.local/lib/python3.7/site-packages/airflow/example_dags/tutorial_taskflow_api_virtualenv.py
[2022-11-09T03:59:28.511+0000] {processor.py:756} INFO - Processing file /home/airflow/.local/lib/python3.7/site-packages/airflow/example_dags/tutorial_taskflow_api_virtualenv.py for tasks to queue
[2022-11-09T03:59:28.511+0000] {logging_mixin.py:120} INFO - [2022-11-09T03:59:28.511+0000] {dagbag.py:537} INFO - Filling up the DagBag from /home/airflow/.local/lib/python3.7/site-packages/airflow/example_dags/tutorial_taskflow_api_virtualenv.py
[2022-11-09T03:59:28.522+0000] {processor.py:766} INFO - DAG(s) dict_keys(['tutorial_taskflow_api_virtualenv']) retrieved from /home/airflow/.local/lib/python3.7/site-packages/airflow/example_dags/tutorial_taskflow_api_virtualenv.py
[2022-11-09T03:59:28.543+0000] {logging_mixin.py:120} INFO - [2022-11-09T03:59:28.543+0000] {dag.py:2585} INFO - Sync 1 DAGs
[2022-11-09T03:59:28.555+0000] {logging_mixin.py:120} INFO - [2022-11-09T03:59:28.555+0000] {dag.py:3340} INFO - Setting next_dagrun for tutorial_taskflow_api_virtualenv to None, run_after=None
[2022-11-09T03:59:28.567+0000] {processor.py:176} INFO - Processing /home/airflow/.local/lib/python3.7/site-packages/airflow/example_dags/tutorial_taskflow_api_virtualenv.py took 0.058 seconds
[2022-11-09T03:59:59.355+0000] {processor.py:154} INFO - Started process (PID=31553) to work on /home/airflow/.local/lib/python3.7/site-packages/airflow/example_dags/tutorial_taskflow_api_virtualenv.py
[2022-11-09T03:59:59.355+0000] {processor.py:756} INFO - Processing file /home/airflow/.local/lib/python3.7/site-packages/airflow/example_dags/tutorial_taskflow_api_virtualenv.py for tasks to queue
[2022-11-09T03:59:59.356+0000] {logging_mixin.py:120} INFO - [2022-11-09T03:59:59.356+0000] {dagbag.py:537} INFO - Filling up the DagBag from /home/airflow/.local/lib/python3.7/site-packages/airflow/example_dags/tutorial_taskflow_api_virtualenv.py
[2022-11-09T03:59:59.368+0000] {processor.py:766} INFO - DAG(s) dict_keys(['tutorial_taskflow_api_virtualenv']) retrieved from /home/airflow/.local/lib/python3.7/site-packages/airflow/example_dags/tutorial_taskflow_api_virtualenv.py
[2022-11-09T03:59:59.395+0000] {logging_mixin.py:120} INFO - [2022-11-09T03:59:59.395+0000] {dag.py:2585} INFO - Sync 1 DAGs
[2022-11-09T03:59:59.408+0000] {logging_mixin.py:120} INFO - [2022-11-09T03:59:59.408+0000] {dag.py:3340} INFO - Setting next_dagrun for tutorial_taskflow_api_virtualenv to None, run_after=None
[2022-11-09T03:59:59.421+0000] {processor.py:176} INFO - Processing /home/airflow/.local/lib/python3.7/site-packages/airflow/example_dags/tutorial_taskflow_api_virtualenv.py took 0.069 seconds
[2022-11-09T04:00:30.228+0000] {processor.py:154} INFO - Started process (PID=31619) to work on /home/airflow/.local/lib/python3.7/site-packages/airflow/example_dags/tutorial_taskflow_api_virtualenv.py
[2022-11-09T04:00:30.229+0000] {processor.py:756} INFO - Processing file /home/airflow/.local/lib/python3.7/site-packages/airflow/example_dags/tutorial_taskflow_api_virtualenv.py for tasks to queue
[2022-11-09T04:00:30.229+0000] {logging_mixin.py:120} INFO - [2022-11-09T04:00:30.229+0000] {dagbag.py:537} INFO - Filling up the DagBag from /home/airflow/.local/lib/python3.7/site-packages/airflow/example_dags/tutorial_taskflow_api_virtualenv.py
[2022-11-09T04:00:30.241+0000] {processor.py:766} INFO - DAG(s) dict_keys(['tutorial_taskflow_api_virtualenv']) retrieved from /home/airflow/.local/lib/python3.7/site-packages/airflow/example_dags/tutorial_taskflow_api_virtualenv.py
[2022-11-09T04:00:30.264+0000] {logging_mixin.py:120} INFO - [2022-11-09T04:00:30.264+0000] {dag.py:2585} INFO - Sync 1 DAGs
[2022-11-09T04:00:30.277+0000] {logging_mixin.py:120} INFO - [2022-11-09T04:00:30.277+0000] {dag.py:3340} INFO - Setting next_dagrun for tutorial_taskflow_api_virtualenv to None, run_after=None
[2022-11-09T04:00:30.289+0000] {processor.py:176} INFO - Processing /home/airflow/.local/lib/python3.7/site-packages/airflow/example_dags/tutorial_taskflow_api_virtualenv.py took 0.062 seconds
[2022-11-09T04:01:01.407+0000] {processor.py:154} INFO - Started process (PID=31684) to work on /home/airflow/.local/lib/python3.7/site-packages/airflow/example_dags/tutorial_taskflow_api_virtualenv.py
[2022-11-09T04:01:01.408+0000] {processor.py:756} INFO - Processing file /home/airflow/.local/lib/python3.7/site-packages/airflow/example_dags/tutorial_taskflow_api_virtualenv.py for tasks to queue
[2022-11-09T04:01:01.408+0000] {logging_mixin.py:120} INFO - [2022-11-09T04:01:01.408+0000] {dagbag.py:537} INFO - Filling up the DagBag from /home/airflow/.local/lib/python3.7/site-packages/airflow/example_dags/tutorial_taskflow_api_virtualenv.py
[2022-11-09T04:01:01.421+0000] {processor.py:766} INFO - DAG(s) dict_keys(['tutorial_taskflow_api_virtualenv']) retrieved from /home/airflow/.local/lib/python3.7/site-packages/airflow/example_dags/tutorial_taskflow_api_virtualenv.py
[2022-11-09T04:01:01.448+0000] {logging_mixin.py:120} INFO - [2022-11-09T04:01:01.448+0000] {dag.py:2585} INFO - Sync 1 DAGs
[2022-11-09T04:01:01.463+0000] {logging_mixin.py:120} INFO - [2022-11-09T04:01:01.463+0000] {dag.py:3340} INFO - Setting next_dagrun for tutorial_taskflow_api_virtualenv to None, run_after=None
[2022-11-09T04:01:01.480+0000] {processor.py:176} INFO - Processing /home/airflow/.local/lib/python3.7/site-packages/airflow/example_dags/tutorial_taskflow_api_virtualenv.py took 0.074 seconds
[2022-11-09T04:01:31.568+0000] {processor.py:154} INFO - Started process (PID=31750) to work on /home/airflow/.local/lib/python3.7/site-packages/airflow/example_dags/tutorial_taskflow_api_virtualenv.py
[2022-11-09T04:01:31.568+0000] {processor.py:756} INFO - Processing file /home/airflow/.local/lib/python3.7/site-packages/airflow/example_dags/tutorial_taskflow_api_virtualenv.py for tasks to queue
[2022-11-09T04:01:31.569+0000] {logging_mixin.py:120} INFO - [2022-11-09T04:01:31.569+0000] {dagbag.py:537} INFO - Filling up the DagBag from /home/airflow/.local/lib/python3.7/site-packages/airflow/example_dags/tutorial_taskflow_api_virtualenv.py
[2022-11-09T04:01:31.580+0000] {processor.py:766} INFO - DAG(s) dict_keys(['tutorial_taskflow_api_virtualenv']) retrieved from /home/airflow/.local/lib/python3.7/site-packages/airflow/example_dags/tutorial_taskflow_api_virtualenv.py
[2022-11-09T04:01:31.603+0000] {logging_mixin.py:120} INFO - [2022-11-09T04:01:31.603+0000] {dag.py:2585} INFO - Sync 1 DAGs
[2022-11-09T04:01:31.615+0000] {logging_mixin.py:120} INFO - [2022-11-09T04:01:31.615+0000] {dag.py:3340} INFO - Setting next_dagrun for tutorial_taskflow_api_virtualenv to None, run_after=None
[2022-11-09T04:01:31.624+0000] {processor.py:176} INFO - Processing /home/airflow/.local/lib/python3.7/site-packages/airflow/example_dags/tutorial_taskflow_api_virtualenv.py took 0.058 seconds
[2022-11-09T04:02:01.717+0000] {processor.py:154} INFO - Started process (PID=31820) to work on /home/airflow/.local/lib/python3.7/site-packages/airflow/example_dags/tutorial_taskflow_api_virtualenv.py
[2022-11-09T04:02:01.718+0000] {processor.py:756} INFO - Processing file /home/airflow/.local/lib/python3.7/site-packages/airflow/example_dags/tutorial_taskflow_api_virtualenv.py for tasks to queue
[2022-11-09T04:02:01.719+0000] {logging_mixin.py:120} INFO - [2022-11-09T04:02:01.719+0000] {dagbag.py:537} INFO - Filling up the DagBag from /home/airflow/.local/lib/python3.7/site-packages/airflow/example_dags/tutorial_taskflow_api_virtualenv.py
[2022-11-09T04:02:01.730+0000] {processor.py:766} INFO - DAG(s) dict_keys(['tutorial_taskflow_api_virtualenv']) retrieved from /home/airflow/.local/lib/python3.7/site-packages/airflow/example_dags/tutorial_taskflow_api_virtualenv.py
[2022-11-09T04:02:01.753+0000] {logging_mixin.py:120} INFO - [2022-11-09T04:02:01.753+0000] {dag.py:2585} INFO - Sync 1 DAGs
[2022-11-09T04:02:01.765+0000] {logging_mixin.py:120} INFO - [2022-11-09T04:02:01.765+0000] {dag.py:3340} INFO - Setting next_dagrun for tutorial_taskflow_api_virtualenv to None, run_after=None
[2022-11-09T04:02:01.777+0000] {processor.py:176} INFO - Processing /home/airflow/.local/lib/python3.7/site-packages/airflow/example_dags/tutorial_taskflow_api_virtualenv.py took 0.061 seconds
[2022-11-09T04:02:31.846+0000] {processor.py:154} INFO - Started process (PID=31888) to work on /home/airflow/.local/lib/python3.7/site-packages/airflow/example_dags/tutorial_taskflow_api_virtualenv.py
[2022-11-09T04:02:31.847+0000] {processor.py:756} INFO - Processing file /home/airflow/.local/lib/python3.7/site-packages/airflow/example_dags/tutorial_taskflow_api_virtualenv.py for tasks to queue
[2022-11-09T04:02:31.847+0000] {logging_mixin.py:120} INFO - [2022-11-09T04:02:31.847+0000] {dagbag.py:537} INFO - Filling up the DagBag from /home/airflow/.local/lib/python3.7/site-packages/airflow/example_dags/tutorial_taskflow_api_virtualenv.py
[2022-11-09T04:02:31.860+0000] {processor.py:766} INFO - DAG(s) dict_keys(['tutorial_taskflow_api_virtualenv']) retrieved from /home/airflow/.local/lib/python3.7/site-packages/airflow/example_dags/tutorial_taskflow_api_virtualenv.py
[2022-11-09T04:02:31.910+0000] {logging_mixin.py:120} INFO - [2022-11-09T04:02:31.910+0000] {dag.py:2585} INFO - Sync 1 DAGs
[2022-11-09T04:02:31.926+0000] {logging_mixin.py:120} INFO - [2022-11-09T04:02:31.926+0000] {dag.py:3340} INFO - Setting next_dagrun for tutorial_taskflow_api_virtualenv to None, run_after=None
[2022-11-09T04:02:31.936+0000] {processor.py:176} INFO - Processing /home/airflow/.local/lib/python3.7/site-packages/airflow/example_dags/tutorial_taskflow_api_virtualenv.py took 0.092 seconds
[2022-11-09T04:03:02.954+0000] {processor.py:154} INFO - Started process (PID=31953) to work on /home/airflow/.local/lib/python3.7/site-packages/airflow/example_dags/tutorial_taskflow_api_virtualenv.py
[2022-11-09T04:03:02.955+0000] {processor.py:756} INFO - Processing file /home/airflow/.local/lib/python3.7/site-packages/airflow/example_dags/tutorial_taskflow_api_virtualenv.py for tasks to queue
[2022-11-09T04:03:02.955+0000] {logging_mixin.py:120} INFO - [2022-11-09T04:03:02.955+0000] {dagbag.py:537} INFO - Filling up the DagBag from /home/airflow/.local/lib/python3.7/site-packages/airflow/example_dags/tutorial_taskflow_api_virtualenv.py
[2022-11-09T04:03:02.967+0000] {processor.py:766} INFO - DAG(s) dict_keys(['tutorial_taskflow_api_virtualenv']) retrieved from /home/airflow/.local/lib/python3.7/site-packages/airflow/example_dags/tutorial_taskflow_api_virtualenv.py
[2022-11-09T04:03:02.990+0000] {logging_mixin.py:120} INFO - [2022-11-09T04:03:02.990+0000] {dag.py:2585} INFO - Sync 1 DAGs
[2022-11-09T04:03:03.003+0000] {logging_mixin.py:120} INFO - [2022-11-09T04:03:03.003+0000] {dag.py:3340} INFO - Setting next_dagrun for tutorial_taskflow_api_virtualenv to None, run_after=None
[2022-11-09T04:03:03.014+0000] {processor.py:176} INFO - Processing /home/airflow/.local/lib/python3.7/site-packages/airflow/example_dags/tutorial_taskflow_api_virtualenv.py took 0.062 seconds
[2022-11-09T04:03:33.195+0000] {processor.py:154} INFO - Started process (PID=32009) to work on /home/airflow/.local/lib/python3.7/site-packages/airflow/example_dags/tutorial_taskflow_api_virtualenv.py
[2022-11-09T04:03:33.195+0000] {processor.py:756} INFO - Processing file /home/airflow/.local/lib/python3.7/site-packages/airflow/example_dags/tutorial_taskflow_api_virtualenv.py for tasks to queue
[2022-11-09T04:03:33.196+0000] {logging_mixin.py:120} INFO - [2022-11-09T04:03:33.196+0000] {dagbag.py:537} INFO - Filling up the DagBag from /home/airflow/.local/lib/python3.7/site-packages/airflow/example_dags/tutorial_taskflow_api_virtualenv.py
[2022-11-09T04:03:33.207+0000] {processor.py:766} INFO - DAG(s) dict_keys(['tutorial_taskflow_api_virtualenv']) retrieved from /home/airflow/.local/lib/python3.7/site-packages/airflow/example_dags/tutorial_taskflow_api_virtualenv.py
[2022-11-09T04:03:33.230+0000] {logging_mixin.py:120} INFO - [2022-11-09T04:03:33.230+0000] {dag.py:2585} INFO - Sync 1 DAGs
[2022-11-09T04:03:33.244+0000] {logging_mixin.py:120} INFO - [2022-11-09T04:03:33.244+0000] {dag.py:3340} INFO - Setting next_dagrun for tutorial_taskflow_api_virtualenv to None, run_after=None
[2022-11-09T04:03:33.255+0000] {processor.py:176} INFO - Processing /home/airflow/.local/lib/python3.7/site-packages/airflow/example_dags/tutorial_taskflow_api_virtualenv.py took 0.062 seconds
[2022-11-09T04:04:04.297+0000] {processor.py:154} INFO - Started process (PID=32078) to work on /home/airflow/.local/lib/python3.7/site-packages/airflow/example_dags/tutorial_taskflow_api_virtualenv.py
[2022-11-09T04:04:04.298+0000] {processor.py:756} INFO - Processing file /home/airflow/.local/lib/python3.7/site-packages/airflow/example_dags/tutorial_taskflow_api_virtualenv.py for tasks to queue
[2022-11-09T04:04:04.298+0000] {logging_mixin.py:120} INFO - [2022-11-09T04:04:04.298+0000] {dagbag.py:537} INFO - Filling up the DagBag from /home/airflow/.local/lib/python3.7/site-packages/airflow/example_dags/tutorial_taskflow_api_virtualenv.py
[2022-11-09T04:04:04.311+0000] {processor.py:766} INFO - DAG(s) dict_keys(['tutorial_taskflow_api_virtualenv']) retrieved from /home/airflow/.local/lib/python3.7/site-packages/airflow/example_dags/tutorial_taskflow_api_virtualenv.py
[2022-11-09T04:04:04.335+0000] {logging_mixin.py:120} INFO - [2022-11-09T04:04:04.335+0000] {dag.py:2585} INFO - Sync 1 DAGs
[2022-11-09T04:04:04.348+0000] {logging_mixin.py:120} INFO - [2022-11-09T04:04:04.348+0000] {dag.py:3340} INFO - Setting next_dagrun for tutorial_taskflow_api_virtualenv to None, run_after=None
[2022-11-09T04:04:04.360+0000] {processor.py:176} INFO - Processing /home/airflow/.local/lib/python3.7/site-packages/airflow/example_dags/tutorial_taskflow_api_virtualenv.py took 0.065 seconds
[2022-11-09T04:04:35.375+0000] {processor.py:154} INFO - Started process (PID=32149) to work on /home/airflow/.local/lib/python3.7/site-packages/airflow/example_dags/tutorial_taskflow_api_virtualenv.py
[2022-11-09T04:04:35.376+0000] {processor.py:756} INFO - Processing file /home/airflow/.local/lib/python3.7/site-packages/airflow/example_dags/tutorial_taskflow_api_virtualenv.py for tasks to queue
[2022-11-09T04:04:35.376+0000] {logging_mixin.py:120} INFO - [2022-11-09T04:04:35.376+0000] {dagbag.py:537} INFO - Filling up the DagBag from /home/airflow/.local/lib/python3.7/site-packages/airflow/example_dags/tutorial_taskflow_api_virtualenv.py
[2022-11-09T04:04:35.388+0000] {processor.py:766} INFO - DAG(s) dict_keys(['tutorial_taskflow_api_virtualenv']) retrieved from /home/airflow/.local/lib/python3.7/site-packages/airflow/example_dags/tutorial_taskflow_api_virtualenv.py
[2022-11-09T04:04:35.412+0000] {logging_mixin.py:120} INFO - [2022-11-09T04:04:35.412+0000] {dag.py:2585} INFO - Sync 1 DAGs
[2022-11-09T04:04:35.426+0000] {logging_mixin.py:120} INFO - [2022-11-09T04:04:35.426+0000] {dag.py:3340} INFO - Setting next_dagrun for tutorial_taskflow_api_virtualenv to None, run_after=None
[2022-11-09T04:04:35.435+0000] {processor.py:176} INFO - Processing /home/airflow/.local/lib/python3.7/site-packages/airflow/example_dags/tutorial_taskflow_api_virtualenv.py took 0.062 seconds
[2022-11-09T04:05:06.465+0000] {processor.py:154} INFO - Started process (PID=32216) to work on /home/airflow/.local/lib/python3.7/site-packages/airflow/example_dags/tutorial_taskflow_api_virtualenv.py
[2022-11-09T04:05:06.466+0000] {processor.py:756} INFO - Processing file /home/airflow/.local/lib/python3.7/site-packages/airflow/example_dags/tutorial_taskflow_api_virtualenv.py for tasks to queue
[2022-11-09T04:05:06.467+0000] {logging_mixin.py:120} INFO - [2022-11-09T04:05:06.466+0000] {dagbag.py:537} INFO - Filling up the DagBag from /home/airflow/.local/lib/python3.7/site-packages/airflow/example_dags/tutorial_taskflow_api_virtualenv.py
[2022-11-09T04:05:06.479+0000] {processor.py:766} INFO - DAG(s) dict_keys(['tutorial_taskflow_api_virtualenv']) retrieved from /home/airflow/.local/lib/python3.7/site-packages/airflow/example_dags/tutorial_taskflow_api_virtualenv.py
[2022-11-09T04:05:06.500+0000] {logging_mixin.py:120} INFO - [2022-11-09T04:05:06.500+0000] {dag.py:2585} INFO - Sync 1 DAGs
[2022-11-09T04:05:06.513+0000] {logging_mixin.py:120} INFO - [2022-11-09T04:05:06.512+0000] {dag.py:3340} INFO - Setting next_dagrun for tutorial_taskflow_api_virtualenv to None, run_after=None
[2022-11-09T04:05:06.554+0000] {processor.py:176} INFO - Processing /home/airflow/.local/lib/python3.7/site-packages/airflow/example_dags/tutorial_taskflow_api_virtualenv.py took 0.090 seconds
[2022-11-09T04:05:37.333+0000] {processor.py:154} INFO - Started process (PID=32281) to work on /home/airflow/.local/lib/python3.7/site-packages/airflow/example_dags/tutorial_taskflow_api_virtualenv.py
[2022-11-09T04:05:37.333+0000] {processor.py:756} INFO - Processing file /home/airflow/.local/lib/python3.7/site-packages/airflow/example_dags/tutorial_taskflow_api_virtualenv.py for tasks to queue
[2022-11-09T04:05:37.334+0000] {logging_mixin.py:120} INFO - [2022-11-09T04:05:37.334+0000] {dagbag.py:537} INFO - Filling up the DagBag from /home/airflow/.local/lib/python3.7/site-packages/airflow/example_dags/tutorial_taskflow_api_virtualenv.py
[2022-11-09T04:05:37.345+0000] {processor.py:766} INFO - DAG(s) dict_keys(['tutorial_taskflow_api_virtualenv']) retrieved from /home/airflow/.local/lib/python3.7/site-packages/airflow/example_dags/tutorial_taskflow_api_virtualenv.py
[2022-11-09T04:05:37.368+0000] {logging_mixin.py:120} INFO - [2022-11-09T04:05:37.368+0000] {dag.py:2585} INFO - Sync 1 DAGs
[2022-11-09T04:05:37.381+0000] {logging_mixin.py:120} INFO - [2022-11-09T04:05:37.381+0000] {dag.py:3340} INFO - Setting next_dagrun for tutorial_taskflow_api_virtualenv to None, run_after=None
[2022-11-09T04:05:37.392+0000] {processor.py:176} INFO - Processing /home/airflow/.local/lib/python3.7/site-packages/airflow/example_dags/tutorial_taskflow_api_virtualenv.py took 0.061 seconds
[2022-11-09T04:06:08.128+0000] {processor.py:154} INFO - Started process (PID=32346) to work on /home/airflow/.local/lib/python3.7/site-packages/airflow/example_dags/tutorial_taskflow_api_virtualenv.py
[2022-11-09T04:06:08.128+0000] {processor.py:756} INFO - Processing file /home/airflow/.local/lib/python3.7/site-packages/airflow/example_dags/tutorial_taskflow_api_virtualenv.py for tasks to queue
[2022-11-09T04:06:08.131+0000] {logging_mixin.py:120} INFO - [2022-11-09T04:06:08.130+0000] {dagbag.py:537} INFO - Filling up the DagBag from /home/airflow/.local/lib/python3.7/site-packages/airflow/example_dags/tutorial_taskflow_api_virtualenv.py
[2022-11-09T04:06:08.143+0000] {processor.py:766} INFO - DAG(s) dict_keys(['tutorial_taskflow_api_virtualenv']) retrieved from /home/airflow/.local/lib/python3.7/site-packages/airflow/example_dags/tutorial_taskflow_api_virtualenv.py
[2022-11-09T04:06:08.165+0000] {logging_mixin.py:120} INFO - [2022-11-09T04:06:08.165+0000] {dag.py:2585} INFO - Sync 1 DAGs
[2022-11-09T04:06:08.179+0000] {logging_mixin.py:120} INFO - [2022-11-09T04:06:08.179+0000] {dag.py:3340} INFO - Setting next_dagrun for tutorial_taskflow_api_virtualenv to None, run_after=None
[2022-11-09T04:06:08.192+0000] {processor.py:176} INFO - Processing /home/airflow/.local/lib/python3.7/site-packages/airflow/example_dags/tutorial_taskflow_api_virtualenv.py took 0.066 seconds
[2022-11-09T04:06:39.006+0000] {processor.py:154} INFO - Started process (PID=32415) to work on /home/airflow/.local/lib/python3.7/site-packages/airflow/example_dags/tutorial_taskflow_api_virtualenv.py
[2022-11-09T04:06:39.007+0000] {processor.py:756} INFO - Processing file /home/airflow/.local/lib/python3.7/site-packages/airflow/example_dags/tutorial_taskflow_api_virtualenv.py for tasks to queue
[2022-11-09T04:06:39.007+0000] {logging_mixin.py:120} INFO - [2022-11-09T04:06:39.007+0000] {dagbag.py:537} INFO - Filling up the DagBag from /home/airflow/.local/lib/python3.7/site-packages/airflow/example_dags/tutorial_taskflow_api_virtualenv.py
[2022-11-09T04:06:39.018+0000] {processor.py:766} INFO - DAG(s) dict_keys(['tutorial_taskflow_api_virtualenv']) retrieved from /home/airflow/.local/lib/python3.7/site-packages/airflow/example_dags/tutorial_taskflow_api_virtualenv.py
[2022-11-09T04:06:39.039+0000] {logging_mixin.py:120} INFO - [2022-11-09T04:06:39.039+0000] {dag.py:2585} INFO - Sync 1 DAGs
[2022-11-09T04:06:39.053+0000] {logging_mixin.py:120} INFO - [2022-11-09T04:06:39.053+0000] {dag.py:3340} INFO - Setting next_dagrun for tutorial_taskflow_api_virtualenv to None, run_after=None
[2022-11-09T04:06:39.063+0000] {processor.py:176} INFO - Processing /home/airflow/.local/lib/python3.7/site-packages/airflow/example_dags/tutorial_taskflow_api_virtualenv.py took 0.059 seconds
[2022-11-09T04:17:38.605+0000] {processor.py:154} INFO - Started process (PID=32474) to work on /home/airflow/.local/lib/python3.7/site-packages/airflow/example_dags/tutorial_taskflow_api_virtualenv.py
[2022-11-09T04:17:38.607+0000] {processor.py:756} INFO - Processing file /home/airflow/.local/lib/python3.7/site-packages/airflow/example_dags/tutorial_taskflow_api_virtualenv.py for tasks to queue
[2022-11-09T04:17:38.608+0000] {logging_mixin.py:120} INFO - [2022-11-09T04:17:38.608+0000] {dagbag.py:537} INFO - Filling up the DagBag from /home/airflow/.local/lib/python3.7/site-packages/airflow/example_dags/tutorial_taskflow_api_virtualenv.py
[2022-11-09T04:17:38.656+0000] {processor.py:766} INFO - DAG(s) dict_keys(['tutorial_taskflow_api_virtualenv']) retrieved from /home/airflow/.local/lib/python3.7/site-packages/airflow/example_dags/tutorial_taskflow_api_virtualenv.py
[2022-11-09T04:17:38.733+0000] {logging_mixin.py:120} INFO - [2022-11-09T04:17:38.733+0000] {dag.py:2585} INFO - Sync 1 DAGs
[2022-11-09T04:17:38.762+0000] {logging_mixin.py:120} INFO - [2022-11-09T04:17:38.761+0000] {dag.py:3340} INFO - Setting next_dagrun for tutorial_taskflow_api_virtualenv to None, run_after=None
[2022-11-09T04:17:38.799+0000] {processor.py:176} INFO - Processing /home/airflow/.local/lib/python3.7/site-packages/airflow/example_dags/tutorial_taskflow_api_virtualenv.py took 0.200 seconds
[2022-11-09T04:18:09.688+0000] {processor.py:154} INFO - Started process (PID=32541) to work on /home/airflow/.local/lib/python3.7/site-packages/airflow/example_dags/tutorial_taskflow_api_virtualenv.py
[2022-11-09T04:18:09.689+0000] {processor.py:756} INFO - Processing file /home/airflow/.local/lib/python3.7/site-packages/airflow/example_dags/tutorial_taskflow_api_virtualenv.py for tasks to queue
[2022-11-09T04:18:09.690+0000] {logging_mixin.py:120} INFO - [2022-11-09T04:18:09.690+0000] {dagbag.py:537} INFO - Filling up the DagBag from /home/airflow/.local/lib/python3.7/site-packages/airflow/example_dags/tutorial_taskflow_api_virtualenv.py
[2022-11-09T04:18:09.710+0000] {processor.py:766} INFO - DAG(s) dict_keys(['tutorial_taskflow_api_virtualenv']) retrieved from /home/airflow/.local/lib/python3.7/site-packages/airflow/example_dags/tutorial_taskflow_api_virtualenv.py
[2022-11-09T04:18:09.735+0000] {logging_mixin.py:120} INFO - [2022-11-09T04:18:09.735+0000] {dag.py:2585} INFO - Sync 1 DAGs
[2022-11-09T04:18:09.748+0000] {logging_mixin.py:120} INFO - [2022-11-09T04:18:09.748+0000] {dag.py:3340} INFO - Setting next_dagrun for tutorial_taskflow_api_virtualenv to None, run_after=None
[2022-11-09T04:18:09.758+0000] {processor.py:176} INFO - Processing /home/airflow/.local/lib/python3.7/site-packages/airflow/example_dags/tutorial_taskflow_api_virtualenv.py took 0.074 seconds
[2022-11-09T04:18:39.783+0000] {processor.py:154} INFO - Started process (PID=32608) to work on /home/airflow/.local/lib/python3.7/site-packages/airflow/example_dags/tutorial_taskflow_api_virtualenv.py
[2022-11-09T04:18:39.783+0000] {processor.py:756} INFO - Processing file /home/airflow/.local/lib/python3.7/site-packages/airflow/example_dags/tutorial_taskflow_api_virtualenv.py for tasks to queue
[2022-11-09T04:18:39.784+0000] {logging_mixin.py:120} INFO - [2022-11-09T04:18:39.784+0000] {dagbag.py:537} INFO - Filling up the DagBag from /home/airflow/.local/lib/python3.7/site-packages/airflow/example_dags/tutorial_taskflow_api_virtualenv.py
[2022-11-09T04:18:39.794+0000] {processor.py:766} INFO - DAG(s) dict_keys(['tutorial_taskflow_api_virtualenv']) retrieved from /home/airflow/.local/lib/python3.7/site-packages/airflow/example_dags/tutorial_taskflow_api_virtualenv.py
[2022-11-09T04:18:39.815+0000] {logging_mixin.py:120} INFO - [2022-11-09T04:18:39.815+0000] {dag.py:2585} INFO - Sync 1 DAGs
[2022-11-09T04:18:39.827+0000] {logging_mixin.py:120} INFO - [2022-11-09T04:18:39.827+0000] {dag.py:3340} INFO - Setting next_dagrun for tutorial_taskflow_api_virtualenv to None, run_after=None
[2022-11-09T04:18:39.837+0000] {processor.py:176} INFO - Processing /home/airflow/.local/lib/python3.7/site-packages/airflow/example_dags/tutorial_taskflow_api_virtualenv.py took 0.056 seconds
[2022-11-09T04:19:10.799+0000] {processor.py:154} INFO - Started process (PID=32674) to work on /home/airflow/.local/lib/python3.7/site-packages/airflow/example_dags/tutorial_taskflow_api_virtualenv.py
[2022-11-09T04:19:10.799+0000] {processor.py:756} INFO - Processing file /home/airflow/.local/lib/python3.7/site-packages/airflow/example_dags/tutorial_taskflow_api_virtualenv.py for tasks to queue
[2022-11-09T04:19:10.800+0000] {logging_mixin.py:120} INFO - [2022-11-09T04:19:10.800+0000] {dagbag.py:537} INFO - Filling up the DagBag from /home/airflow/.local/lib/python3.7/site-packages/airflow/example_dags/tutorial_taskflow_api_virtualenv.py
[2022-11-09T04:19:10.812+0000] {processor.py:766} INFO - DAG(s) dict_keys(['tutorial_taskflow_api_virtualenv']) retrieved from /home/airflow/.local/lib/python3.7/site-packages/airflow/example_dags/tutorial_taskflow_api_virtualenv.py
[2022-11-09T04:19:10.837+0000] {logging_mixin.py:120} INFO - [2022-11-09T04:19:10.837+0000] {dag.py:2585} INFO - Sync 1 DAGs
[2022-11-09T04:19:10.854+0000] {logging_mixin.py:120} INFO - [2022-11-09T04:19:10.854+0000] {dag.py:3340} INFO - Setting next_dagrun for tutorial_taskflow_api_virtualenv to None, run_after=None
[2022-11-09T04:19:10.866+0000] {processor.py:176} INFO - Processing /home/airflow/.local/lib/python3.7/site-packages/airflow/example_dags/tutorial_taskflow_api_virtualenv.py took 0.069 seconds
[2022-11-09T04:19:41.703+0000] {processor.py:154} INFO - Started process (PID=32741) to work on /home/airflow/.local/lib/python3.7/site-packages/airflow/example_dags/tutorial_taskflow_api_virtualenv.py
[2022-11-09T04:19:41.704+0000] {processor.py:756} INFO - Processing file /home/airflow/.local/lib/python3.7/site-packages/airflow/example_dags/tutorial_taskflow_api_virtualenv.py for tasks to queue
[2022-11-09T04:19:41.705+0000] {logging_mixin.py:120} INFO - [2022-11-09T04:19:41.705+0000] {dagbag.py:537} INFO - Filling up the DagBag from /home/airflow/.local/lib/python3.7/site-packages/airflow/example_dags/tutorial_taskflow_api_virtualenv.py
[2022-11-09T04:19:41.717+0000] {processor.py:766} INFO - DAG(s) dict_keys(['tutorial_taskflow_api_virtualenv']) retrieved from /home/airflow/.local/lib/python3.7/site-packages/airflow/example_dags/tutorial_taskflow_api_virtualenv.py
[2022-11-09T04:19:41.740+0000] {logging_mixin.py:120} INFO - [2022-11-09T04:19:41.740+0000] {dag.py:2585} INFO - Sync 1 DAGs
[2022-11-09T04:19:41.754+0000] {logging_mixin.py:120} INFO - [2022-11-09T04:19:41.754+0000] {dag.py:3340} INFO - Setting next_dagrun for tutorial_taskflow_api_virtualenv to None, run_after=None
[2022-11-09T04:19:41.765+0000] {processor.py:176} INFO - Processing /home/airflow/.local/lib/python3.7/site-packages/airflow/example_dags/tutorial_taskflow_api_virtualenv.py took 0.065 seconds
