[2022-11-09T00:12:01.605+0000] {processor.py:154} INFO - Started process (PID=30712) to work on /home/airflow/.local/lib/python3.7/site-packages/airflow/example_dags/tutorial.py
[2022-11-09T00:12:01.605+0000] {processor.py:756} INFO - Processing file /home/airflow/.local/lib/python3.7/site-packages/airflow/example_dags/tutorial.py for tasks to queue
[2022-11-09T00:12:01.605+0000] {logging_mixin.py:120} INFO - [2022-11-09T00:12:01.605+0000] {dagbag.py:537} INFO - Filling up the DagBag from /home/airflow/.local/lib/python3.7/site-packages/airflow/example_dags/tutorial.py
[2022-11-09T00:12:01.615+0000] {processor.py:766} INFO - DAG(s) dict_keys(['tutorial']) retrieved from /home/airflow/.local/lib/python3.7/site-packages/airflow/example_dags/tutorial.py
[2022-11-09T00:12:01.639+0000] {logging_mixin.py:120} INFO - [2022-11-09T00:12:01.639+0000] {dag.py:2585} INFO - Sync 1 DAGs
[2022-11-09T00:12:01.653+0000] {logging_mixin.py:120} INFO - [2022-11-09T00:12:01.653+0000] {dag.py:3340} INFO - Setting next_dagrun for tutorial to 2022-11-08T00:12:01.653183+00:00, run_after=2022-11-09T00:12:01.653183+00:00
[2022-11-09T00:12:01.663+0000] {processor.py:176} INFO - Processing /home/airflow/.local/lib/python3.7/site-packages/airflow/example_dags/tutorial.py took 0.060 seconds
[2022-11-09T00:27:34.792+0000] {processor.py:154} INFO - Started process (PID=30759) to work on /home/airflow/.local/lib/python3.7/site-packages/airflow/example_dags/tutorial.py
[2022-11-09T00:27:34.798+0000] {processor.py:756} INFO - Processing file /home/airflow/.local/lib/python3.7/site-packages/airflow/example_dags/tutorial.py for tasks to queue
[2022-11-09T00:27:34.799+0000] {logging_mixin.py:120} INFO - [2022-11-09T00:27:34.799+0000] {dagbag.py:537} INFO - Filling up the DagBag from /home/airflow/.local/lib/python3.7/site-packages/airflow/example_dags/tutorial.py
[2022-11-09T00:27:34.807+0000] {processor.py:766} INFO - DAG(s) dict_keys(['tutorial']) retrieved from /home/airflow/.local/lib/python3.7/site-packages/airflow/example_dags/tutorial.py
[2022-11-09T00:27:34.840+0000] {logging_mixin.py:120} INFO - [2022-11-09T00:27:34.840+0000] {dag.py:2585} INFO - Sync 1 DAGs
[2022-11-09T00:27:34.871+0000] {logging_mixin.py:120} INFO - [2022-11-09T00:27:34.870+0000] {dag.py:3340} INFO - Setting next_dagrun for tutorial to 2022-11-08T00:27:34.870829+00:00, run_after=2022-11-09T00:27:34.870829+00:00
[2022-11-09T00:27:34.889+0000] {processor.py:176} INFO - Processing /home/airflow/.local/lib/python3.7/site-packages/airflow/example_dags/tutorial.py took 0.100 seconds
[2022-11-09T01:00:48.974+0000] {processor.py:154} INFO - Started process (PID=30809) to work on /home/airflow/.local/lib/python3.7/site-packages/airflow/example_dags/tutorial.py
[2022-11-09T01:00:48.975+0000] {processor.py:756} INFO - Processing file /home/airflow/.local/lib/python3.7/site-packages/airflow/example_dags/tutorial.py for tasks to queue
[2022-11-09T01:00:48.979+0000] {logging_mixin.py:120} INFO - [2022-11-09T01:00:48.979+0000] {dagbag.py:537} INFO - Filling up the DagBag from /home/airflow/.local/lib/python3.7/site-packages/airflow/example_dags/tutorial.py
[2022-11-09T01:00:48.989+0000] {processor.py:766} INFO - DAG(s) dict_keys(['tutorial']) retrieved from /home/airflow/.local/lib/python3.7/site-packages/airflow/example_dags/tutorial.py
[2022-11-09T01:00:49.016+0000] {logging_mixin.py:120} INFO - [2022-11-09T01:00:49.016+0000] {dag.py:2585} INFO - Sync 1 DAGs
[2022-11-09T01:00:49.030+0000] {logging_mixin.py:120} INFO - [2022-11-09T01:00:49.029+0000] {dag.py:3340} INFO - Setting next_dagrun for tutorial to 2022-11-08T01:00:49.029793+00:00, run_after=2022-11-09T01:00:49.029793+00:00
[2022-11-09T01:00:49.039+0000] {processor.py:176} INFO - Processing /home/airflow/.local/lib/python3.7/site-packages/airflow/example_dags/tutorial.py took 0.067 seconds
[2022-11-09T01:34:44.800+0000] {processor.py:154} INFO - Started process (PID=30857) to work on /home/airflow/.local/lib/python3.7/site-packages/airflow/example_dags/tutorial.py
[2022-11-09T01:34:44.800+0000] {processor.py:756} INFO - Processing file /home/airflow/.local/lib/python3.7/site-packages/airflow/example_dags/tutorial.py for tasks to queue
[2022-11-09T01:34:44.802+0000] {logging_mixin.py:120} INFO - [2022-11-09T01:34:44.802+0000] {dagbag.py:537} INFO - Filling up the DagBag from /home/airflow/.local/lib/python3.7/site-packages/airflow/example_dags/tutorial.py
[2022-11-09T01:34:44.813+0000] {processor.py:766} INFO - DAG(s) dict_keys(['tutorial']) retrieved from /home/airflow/.local/lib/python3.7/site-packages/airflow/example_dags/tutorial.py
[2022-11-09T01:34:44.847+0000] {logging_mixin.py:120} INFO - [2022-11-09T01:34:44.847+0000] {dag.py:2585} INFO - Sync 1 DAGs
[2022-11-09T01:34:44.869+0000] {logging_mixin.py:120} INFO - [2022-11-09T01:34:44.869+0000] {dag.py:3340} INFO - Setting next_dagrun for tutorial to 2022-11-08T01:34:44.869269+00:00, run_after=2022-11-09T01:34:44.869269+00:00
[2022-11-09T01:34:44.884+0000] {processor.py:176} INFO - Processing /home/airflow/.local/lib/python3.7/site-packages/airflow/example_dags/tutorial.py took 0.087 seconds
[2022-11-09T01:50:24.882+0000] {processor.py:154} INFO - Started process (PID=30904) to work on /home/airflow/.local/lib/python3.7/site-packages/airflow/example_dags/tutorial.py
[2022-11-09T01:50:24.884+0000] {processor.py:756} INFO - Processing file /home/airflow/.local/lib/python3.7/site-packages/airflow/example_dags/tutorial.py for tasks to queue
[2022-11-09T01:50:24.885+0000] {logging_mixin.py:120} INFO - [2022-11-09T01:50:24.885+0000] {dagbag.py:537} INFO - Filling up the DagBag from /home/airflow/.local/lib/python3.7/site-packages/airflow/example_dags/tutorial.py
[2022-11-09T01:50:24.895+0000] {processor.py:766} INFO - DAG(s) dict_keys(['tutorial']) retrieved from /home/airflow/.local/lib/python3.7/site-packages/airflow/example_dags/tutorial.py
[2022-11-09T01:50:24.947+0000] {logging_mixin.py:120} INFO - [2022-11-09T01:50:24.947+0000] {dag.py:2585} INFO - Sync 1 DAGs
[2022-11-09T01:50:24.970+0000] {logging_mixin.py:120} INFO - [2022-11-09T01:50:24.970+0000] {dag.py:3340} INFO - Setting next_dagrun for tutorial to 2022-11-08T01:50:24.970599+00:00, run_after=2022-11-09T01:50:24.970599+00:00
[2022-11-09T01:50:24.991+0000] {processor.py:176} INFO - Processing /home/airflow/.local/lib/python3.7/site-packages/airflow/example_dags/tutorial.py took 0.111 seconds
[2022-11-09T01:55:23.991+0000] {processor.py:154} INFO - Started process (PID=30952) to work on /home/airflow/.local/lib/python3.7/site-packages/airflow/example_dags/tutorial.py
[2022-11-09T01:55:23.992+0000] {processor.py:756} INFO - Processing file /home/airflow/.local/lib/python3.7/site-packages/airflow/example_dags/tutorial.py for tasks to queue
[2022-11-09T01:55:23.992+0000] {logging_mixin.py:120} INFO - [2022-11-09T01:55:23.992+0000] {dagbag.py:537} INFO - Filling up the DagBag from /home/airflow/.local/lib/python3.7/site-packages/airflow/example_dags/tutorial.py
[2022-11-09T01:55:24.002+0000] {processor.py:766} INFO - DAG(s) dict_keys(['tutorial']) retrieved from /home/airflow/.local/lib/python3.7/site-packages/airflow/example_dags/tutorial.py
[2022-11-09T01:55:24.026+0000] {logging_mixin.py:120} INFO - [2022-11-09T01:55:24.026+0000] {dag.py:2585} INFO - Sync 1 DAGs
[2022-11-09T01:55:24.039+0000] {logging_mixin.py:120} INFO - [2022-11-09T01:55:24.039+0000] {dag.py:3340} INFO - Setting next_dagrun for tutorial to 2022-11-08T01:55:24.039167+00:00, run_after=2022-11-09T01:55:24.039167+00:00
[2022-11-09T01:55:24.057+0000] {processor.py:176} INFO - Processing /home/airflow/.local/lib/python3.7/site-packages/airflow/example_dags/tutorial.py took 0.067 seconds
[2022-11-09T02:10:49.552+0000] {processor.py:154} INFO - Started process (PID=30999) to work on /home/airflow/.local/lib/python3.7/site-packages/airflow/example_dags/tutorial.py
[2022-11-09T02:10:49.552+0000] {processor.py:756} INFO - Processing file /home/airflow/.local/lib/python3.7/site-packages/airflow/example_dags/tutorial.py for tasks to queue
[2022-11-09T02:10:49.553+0000] {logging_mixin.py:120} INFO - [2022-11-09T02:10:49.553+0000] {dagbag.py:537} INFO - Filling up the DagBag from /home/airflow/.local/lib/python3.7/site-packages/airflow/example_dags/tutorial.py
[2022-11-09T02:10:49.569+0000] {processor.py:766} INFO - DAG(s) dict_keys(['tutorial']) retrieved from /home/airflow/.local/lib/python3.7/site-packages/airflow/example_dags/tutorial.py
[2022-11-09T02:10:49.601+0000] {logging_mixin.py:120} INFO - [2022-11-09T02:10:49.601+0000] {dag.py:2585} INFO - Sync 1 DAGs
[2022-11-09T02:10:49.615+0000] {logging_mixin.py:120} INFO - [2022-11-09T02:10:49.615+0000] {dag.py:3340} INFO - Setting next_dagrun for tutorial to 2022-11-08T02:10:49.615101+00:00, run_after=2022-11-09T02:10:49.615101+00:00
[2022-11-09T02:10:49.624+0000] {processor.py:176} INFO - Processing /home/airflow/.local/lib/python3.7/site-packages/airflow/example_dags/tutorial.py took 0.074 seconds
[2022-11-09T02:26:24.153+0000] {processor.py:154} INFO - Started process (PID=31046) to work on /home/airflow/.local/lib/python3.7/site-packages/airflow/example_dags/tutorial.py
[2022-11-09T02:26:24.155+0000] {processor.py:756} INFO - Processing file /home/airflow/.local/lib/python3.7/site-packages/airflow/example_dags/tutorial.py for tasks to queue
[2022-11-09T02:26:24.156+0000] {logging_mixin.py:120} INFO - [2022-11-09T02:26:24.155+0000] {dagbag.py:537} INFO - Filling up the DagBag from /home/airflow/.local/lib/python3.7/site-packages/airflow/example_dags/tutorial.py
[2022-11-09T02:26:24.165+0000] {processor.py:766} INFO - DAG(s) dict_keys(['tutorial']) retrieved from /home/airflow/.local/lib/python3.7/site-packages/airflow/example_dags/tutorial.py
[2022-11-09T02:26:24.201+0000] {logging_mixin.py:120} INFO - [2022-11-09T02:26:24.201+0000] {dag.py:2585} INFO - Sync 1 DAGs
[2022-11-09T02:26:24.219+0000] {logging_mixin.py:120} INFO - [2022-11-09T02:26:24.219+0000] {dag.py:3340} INFO - Setting next_dagrun for tutorial to 2022-11-08T02:26:24.219302+00:00, run_after=2022-11-09T02:26:24.219302+00:00
[2022-11-09T02:26:24.244+0000] {processor.py:176} INFO - Processing /home/airflow/.local/lib/python3.7/site-packages/airflow/example_dags/tutorial.py took 0.094 seconds
[2022-11-09T02:44:01.824+0000] {processor.py:154} INFO - Started process (PID=31094) to work on /home/airflow/.local/lib/python3.7/site-packages/airflow/example_dags/tutorial.py
[2022-11-09T02:44:01.825+0000] {processor.py:756} INFO - Processing file /home/airflow/.local/lib/python3.7/site-packages/airflow/example_dags/tutorial.py for tasks to queue
[2022-11-09T02:44:01.826+0000] {logging_mixin.py:120} INFO - [2022-11-09T02:44:01.826+0000] {dagbag.py:537} INFO - Filling up the DagBag from /home/airflow/.local/lib/python3.7/site-packages/airflow/example_dags/tutorial.py
[2022-11-09T02:44:01.838+0000] {processor.py:766} INFO - DAG(s) dict_keys(['tutorial']) retrieved from /home/airflow/.local/lib/python3.7/site-packages/airflow/example_dags/tutorial.py
[2022-11-09T02:44:01.861+0000] {logging_mixin.py:120} INFO - [2022-11-09T02:44:01.861+0000] {dag.py:2585} INFO - Sync 1 DAGs
[2022-11-09T02:44:01.876+0000] {logging_mixin.py:120} INFO - [2022-11-09T02:44:01.876+0000] {dag.py:3340} INFO - Setting next_dagrun for tutorial to 2022-11-08T02:44:01.876191+00:00, run_after=2022-11-09T02:44:01.876191+00:00
[2022-11-09T02:44:01.888+0000] {processor.py:176} INFO - Processing /home/airflow/.local/lib/python3.7/site-packages/airflow/example_dags/tutorial.py took 0.067 seconds
[2022-11-09T03:01:03.312+0000] {processor.py:154} INFO - Started process (PID=31153) to work on /home/airflow/.local/lib/python3.7/site-packages/airflow/example_dags/tutorial.py
[2022-11-09T03:01:03.313+0000] {processor.py:756} INFO - Processing file /home/airflow/.local/lib/python3.7/site-packages/airflow/example_dags/tutorial.py for tasks to queue
[2022-11-09T03:01:03.314+0000] {logging_mixin.py:120} INFO - [2022-11-09T03:01:03.314+0000] {dagbag.py:537} INFO - Filling up the DagBag from /home/airflow/.local/lib/python3.7/site-packages/airflow/example_dags/tutorial.py
[2022-11-09T03:01:03.322+0000] {processor.py:766} INFO - DAG(s) dict_keys(['tutorial']) retrieved from /home/airflow/.local/lib/python3.7/site-packages/airflow/example_dags/tutorial.py
[2022-11-09T03:01:03.344+0000] {logging_mixin.py:120} INFO - [2022-11-09T03:01:03.344+0000] {dag.py:2585} INFO - Sync 1 DAGs
[2022-11-09T03:01:03.356+0000] {logging_mixin.py:120} INFO - [2022-11-09T03:01:03.356+0000] {dag.py:3340} INFO - Setting next_dagrun for tutorial to 2022-11-08T03:01:03.356623+00:00, run_after=2022-11-09T03:01:03.356623+00:00
[2022-11-09T03:01:03.368+0000] {processor.py:176} INFO - Processing /home/airflow/.local/lib/python3.7/site-packages/airflow/example_dags/tutorial.py took 0.058 seconds
[2022-11-09T03:03:53.318+0000] {processor.py:154} INFO - Started process (PID=31218) to work on /home/airflow/.local/lib/python3.7/site-packages/airflow/example_dags/tutorial.py
[2022-11-09T03:03:53.319+0000] {processor.py:756} INFO - Processing file /home/airflow/.local/lib/python3.7/site-packages/airflow/example_dags/tutorial.py for tasks to queue
[2022-11-09T03:03:53.319+0000] {logging_mixin.py:120} INFO - [2022-11-09T03:03:53.319+0000] {dagbag.py:537} INFO - Filling up the DagBag from /home/airflow/.local/lib/python3.7/site-packages/airflow/example_dags/tutorial.py
[2022-11-09T03:03:53.329+0000] {processor.py:766} INFO - DAG(s) dict_keys(['tutorial']) retrieved from /home/airflow/.local/lib/python3.7/site-packages/airflow/example_dags/tutorial.py
[2022-11-09T03:03:53.365+0000] {logging_mixin.py:120} INFO - [2022-11-09T03:03:53.365+0000] {dag.py:2585} INFO - Sync 1 DAGs
[2022-11-09T03:03:53.379+0000] {logging_mixin.py:120} INFO - [2022-11-09T03:03:53.379+0000] {dag.py:3340} INFO - Setting next_dagrun for tutorial to 2022-11-08T03:03:53.379363+00:00, run_after=2022-11-09T03:03:53.379363+00:00
[2022-11-09T03:03:53.395+0000] {processor.py:176} INFO - Processing /home/airflow/.local/lib/python3.7/site-packages/airflow/example_dags/tutorial.py took 0.079 seconds
[2022-11-09T03:19:28.873+0000] {processor.py:154} INFO - Started process (PID=31265) to work on /home/airflow/.local/lib/python3.7/site-packages/airflow/example_dags/tutorial.py
[2022-11-09T03:19:28.873+0000] {processor.py:756} INFO - Processing file /home/airflow/.local/lib/python3.7/site-packages/airflow/example_dags/tutorial.py for tasks to queue
[2022-11-09T03:19:28.874+0000] {logging_mixin.py:120} INFO - [2022-11-09T03:19:28.874+0000] {dagbag.py:537} INFO - Filling up the DagBag from /home/airflow/.local/lib/python3.7/site-packages/airflow/example_dags/tutorial.py
[2022-11-09T03:19:28.889+0000] {processor.py:766} INFO - DAG(s) dict_keys(['tutorial']) retrieved from /home/airflow/.local/lib/python3.7/site-packages/airflow/example_dags/tutorial.py
[2022-11-09T03:19:28.915+0000] {logging_mixin.py:120} INFO - [2022-11-09T03:19:28.915+0000] {dag.py:2585} INFO - Sync 1 DAGs
[2022-11-09T03:19:28.929+0000] {logging_mixin.py:120} INFO - [2022-11-09T03:19:28.929+0000] {dag.py:3340} INFO - Setting next_dagrun for tutorial to 2022-11-08T03:19:28.929167+00:00, run_after=2022-11-09T03:19:28.929167+00:00
[2022-11-09T03:19:28.939+0000] {processor.py:176} INFO - Processing /home/airflow/.local/lib/python3.7/site-packages/airflow/example_dags/tutorial.py took 0.068 seconds
[2022-11-09T03:35:52.567+0000] {processor.py:154} INFO - Started process (PID=31323) to work on /home/airflow/.local/lib/python3.7/site-packages/airflow/example_dags/tutorial.py
[2022-11-09T03:35:52.567+0000] {processor.py:756} INFO - Processing file /home/airflow/.local/lib/python3.7/site-packages/airflow/example_dags/tutorial.py for tasks to queue
[2022-11-09T03:35:52.568+0000] {logging_mixin.py:120} INFO - [2022-11-09T03:35:52.568+0000] {dagbag.py:537} INFO - Filling up the DagBag from /home/airflow/.local/lib/python3.7/site-packages/airflow/example_dags/tutorial.py
[2022-11-09T03:35:52.578+0000] {processor.py:766} INFO - DAG(s) dict_keys(['tutorial']) retrieved from /home/airflow/.local/lib/python3.7/site-packages/airflow/example_dags/tutorial.py
[2022-11-09T03:35:52.608+0000] {logging_mixin.py:120} INFO - [2022-11-09T03:35:52.608+0000] {dag.py:2585} INFO - Sync 1 DAGs
[2022-11-09T03:35:52.626+0000] {logging_mixin.py:120} INFO - [2022-11-09T03:35:52.626+0000] {dag.py:3340} INFO - Setting next_dagrun for tutorial to 2022-11-08T03:35:52.626257+00:00, run_after=2022-11-09T03:35:52.626257+00:00
[2022-11-09T03:35:52.641+0000] {processor.py:176} INFO - Processing /home/airflow/.local/lib/python3.7/site-packages/airflow/example_dags/tutorial.py took 0.077 seconds
[2022-11-09T03:58:28.808+0000] {processor.py:154} INFO - Started process (PID=31370) to work on /home/airflow/.local/lib/python3.7/site-packages/airflow/example_dags/tutorial.py
[2022-11-09T03:58:28.809+0000] {processor.py:756} INFO - Processing file /home/airflow/.local/lib/python3.7/site-packages/airflow/example_dags/tutorial.py for tasks to queue
[2022-11-09T03:58:28.810+0000] {logging_mixin.py:120} INFO - [2022-11-09T03:58:28.810+0000] {dagbag.py:537} INFO - Filling up the DagBag from /home/airflow/.local/lib/python3.7/site-packages/airflow/example_dags/tutorial.py
[2022-11-09T03:58:28.821+0000] {processor.py:766} INFO - DAG(s) dict_keys(['tutorial']) retrieved from /home/airflow/.local/lib/python3.7/site-packages/airflow/example_dags/tutorial.py
[2022-11-09T03:58:28.865+0000] {logging_mixin.py:120} INFO - [2022-11-09T03:58:28.865+0000] {dag.py:2585} INFO - Sync 1 DAGs
[2022-11-09T03:58:28.891+0000] {logging_mixin.py:120} INFO - [2022-11-09T03:58:28.891+0000] {dag.py:3340} INFO - Setting next_dagrun for tutorial to 2022-11-08T03:58:28.891438+00:00, run_after=2022-11-09T03:58:28.891438+00:00
[2022-11-09T03:58:28.910+0000] {processor.py:176} INFO - Processing /home/airflow/.local/lib/python3.7/site-packages/airflow/example_dags/tutorial.py took 0.104 seconds
[2022-11-09T03:58:59.237+0000] {processor.py:154} INFO - Started process (PID=31440) to work on /home/airflow/.local/lib/python3.7/site-packages/airflow/example_dags/tutorial.py
[2022-11-09T03:58:59.237+0000] {processor.py:756} INFO - Processing file /home/airflow/.local/lib/python3.7/site-packages/airflow/example_dags/tutorial.py for tasks to queue
[2022-11-09T03:58:59.238+0000] {logging_mixin.py:120} INFO - [2022-11-09T03:58:59.237+0000] {dagbag.py:537} INFO - Filling up the DagBag from /home/airflow/.local/lib/python3.7/site-packages/airflow/example_dags/tutorial.py
[2022-11-09T03:58:59.246+0000] {processor.py:766} INFO - DAG(s) dict_keys(['tutorial']) retrieved from /home/airflow/.local/lib/python3.7/site-packages/airflow/example_dags/tutorial.py
[2022-11-09T03:58:59.270+0000] {logging_mixin.py:120} INFO - [2022-11-09T03:58:59.270+0000] {dag.py:2585} INFO - Sync 1 DAGs
[2022-11-09T03:58:59.286+0000] {logging_mixin.py:120} INFO - [2022-11-09T03:58:59.286+0000] {dag.py:3340} INFO - Setting next_dagrun for tutorial to 2022-11-08T03:58:59.286731+00:00, run_after=2022-11-09T03:58:59.286731+00:00
[2022-11-09T03:58:59.299+0000] {processor.py:176} INFO - Processing /home/airflow/.local/lib/python3.7/site-packages/airflow/example_dags/tutorial.py took 0.064 seconds
[2022-11-09T03:59:30.193+0000] {processor.py:154} INFO - Started process (PID=31512) to work on /home/airflow/.local/lib/python3.7/site-packages/airflow/example_dags/tutorial.py
[2022-11-09T03:59:30.193+0000] {processor.py:756} INFO - Processing file /home/airflow/.local/lib/python3.7/site-packages/airflow/example_dags/tutorial.py for tasks to queue
[2022-11-09T03:59:30.193+0000] {logging_mixin.py:120} INFO - [2022-11-09T03:59:30.193+0000] {dagbag.py:537} INFO - Filling up the DagBag from /home/airflow/.local/lib/python3.7/site-packages/airflow/example_dags/tutorial.py
[2022-11-09T03:59:30.202+0000] {processor.py:766} INFO - DAG(s) dict_keys(['tutorial']) retrieved from /home/airflow/.local/lib/python3.7/site-packages/airflow/example_dags/tutorial.py
[2022-11-09T03:59:30.226+0000] {logging_mixin.py:120} INFO - [2022-11-09T03:59:30.226+0000] {dag.py:2585} INFO - Sync 1 DAGs
[2022-11-09T03:59:30.238+0000] {logging_mixin.py:120} INFO - [2022-11-09T03:59:30.238+0000] {dag.py:3340} INFO - Setting next_dagrun for tutorial to 2022-11-08T03:59:30.238696+00:00, run_after=2022-11-09T03:59:30.238696+00:00
[2022-11-09T03:59:30.249+0000] {processor.py:176} INFO - Processing /home/airflow/.local/lib/python3.7/site-packages/airflow/example_dags/tutorial.py took 0.058 seconds
[2022-11-09T04:00:01.084+0000] {processor.py:154} INFO - Started process (PID=31578) to work on /home/airflow/.local/lib/python3.7/site-packages/airflow/example_dags/tutorial.py
[2022-11-09T04:00:01.085+0000] {processor.py:756} INFO - Processing file /home/airflow/.local/lib/python3.7/site-packages/airflow/example_dags/tutorial.py for tasks to queue
[2022-11-09T04:00:01.085+0000] {logging_mixin.py:120} INFO - [2022-11-09T04:00:01.085+0000] {dagbag.py:537} INFO - Filling up the DagBag from /home/airflow/.local/lib/python3.7/site-packages/airflow/example_dags/tutorial.py
[2022-11-09T04:00:01.093+0000] {processor.py:766} INFO - DAG(s) dict_keys(['tutorial']) retrieved from /home/airflow/.local/lib/python3.7/site-packages/airflow/example_dags/tutorial.py
[2022-11-09T04:00:01.122+0000] {logging_mixin.py:120} INFO - [2022-11-09T04:00:01.122+0000] {dag.py:2585} INFO - Sync 1 DAGs
[2022-11-09T04:00:01.138+0000] {logging_mixin.py:120} INFO - [2022-11-09T04:00:01.138+0000] {dag.py:3340} INFO - Setting next_dagrun for tutorial to 2022-11-08T04:00:01.138271+00:00, run_after=2022-11-09T04:00:01.138271+00:00
[2022-11-09T04:00:01.150+0000] {processor.py:176} INFO - Processing /home/airflow/.local/lib/python3.7/site-packages/airflow/example_dags/tutorial.py took 0.067 seconds
[2022-11-09T04:00:32.010+0000] {processor.py:154} INFO - Started process (PID=31643) to work on /home/airflow/.local/lib/python3.7/site-packages/airflow/example_dags/tutorial.py
[2022-11-09T04:00:32.011+0000] {processor.py:756} INFO - Processing file /home/airflow/.local/lib/python3.7/site-packages/airflow/example_dags/tutorial.py for tasks to queue
[2022-11-09T04:00:32.011+0000] {logging_mixin.py:120} INFO - [2022-11-09T04:00:32.011+0000] {dagbag.py:537} INFO - Filling up the DagBag from /home/airflow/.local/lib/python3.7/site-packages/airflow/example_dags/tutorial.py
[2022-11-09T04:00:32.019+0000] {processor.py:766} INFO - DAG(s) dict_keys(['tutorial']) retrieved from /home/airflow/.local/lib/python3.7/site-packages/airflow/example_dags/tutorial.py
[2022-11-09T04:00:32.042+0000] {logging_mixin.py:120} INFO - [2022-11-09T04:00:32.042+0000] {dag.py:2585} INFO - Sync 1 DAGs
[2022-11-09T04:00:32.057+0000] {logging_mixin.py:120} INFO - [2022-11-09T04:00:32.057+0000] {dag.py:3340} INFO - Setting next_dagrun for tutorial to 2022-11-08T04:00:32.057727+00:00, run_after=2022-11-09T04:00:32.057727+00:00
[2022-11-09T04:00:32.068+0000] {processor.py:176} INFO - Processing /home/airflow/.local/lib/python3.7/site-packages/airflow/example_dags/tutorial.py took 0.060 seconds
[2022-11-09T04:01:02.189+0000] {processor.py:154} INFO - Started process (PID=31700) to work on /home/airflow/.local/lib/python3.7/site-packages/airflow/example_dags/tutorial.py
[2022-11-09T04:01:02.189+0000] {processor.py:756} INFO - Processing file /home/airflow/.local/lib/python3.7/site-packages/airflow/example_dags/tutorial.py for tasks to queue
[2022-11-09T04:01:02.190+0000] {logging_mixin.py:120} INFO - [2022-11-09T04:01:02.190+0000] {dagbag.py:537} INFO - Filling up the DagBag from /home/airflow/.local/lib/python3.7/site-packages/airflow/example_dags/tutorial.py
[2022-11-09T04:01:02.199+0000] {processor.py:766} INFO - DAG(s) dict_keys(['tutorial']) retrieved from /home/airflow/.local/lib/python3.7/site-packages/airflow/example_dags/tutorial.py
[2022-11-09T04:01:02.258+0000] {logging_mixin.py:120} INFO - [2022-11-09T04:01:02.258+0000] {dag.py:2585} INFO - Sync 1 DAGs
[2022-11-09T04:01:02.272+0000] {logging_mixin.py:120} INFO - [2022-11-09T04:01:02.272+0000] {dag.py:3340} INFO - Setting next_dagrun for tutorial to 2022-11-08T04:01:02.271905+00:00, run_after=2022-11-09T04:01:02.271905+00:00
[2022-11-09T04:01:02.282+0000] {processor.py:176} INFO - Processing /home/airflow/.local/lib/python3.7/site-packages/airflow/example_dags/tutorial.py took 0.095 seconds
[2022-11-09T04:01:32.434+0000] {processor.py:154} INFO - Started process (PID=31766) to work on /home/airflow/.local/lib/python3.7/site-packages/airflow/example_dags/tutorial.py
[2022-11-09T04:01:32.435+0000] {processor.py:756} INFO - Processing file /home/airflow/.local/lib/python3.7/site-packages/airflow/example_dags/tutorial.py for tasks to queue
[2022-11-09T04:01:32.435+0000] {logging_mixin.py:120} INFO - [2022-11-09T04:01:32.435+0000] {dagbag.py:537} INFO - Filling up the DagBag from /home/airflow/.local/lib/python3.7/site-packages/airflow/example_dags/tutorial.py
[2022-11-09T04:01:32.443+0000] {processor.py:766} INFO - DAG(s) dict_keys(['tutorial']) retrieved from /home/airflow/.local/lib/python3.7/site-packages/airflow/example_dags/tutorial.py
[2022-11-09T04:01:32.464+0000] {logging_mixin.py:120} INFO - [2022-11-09T04:01:32.464+0000] {dag.py:2585} INFO - Sync 1 DAGs
[2022-11-09T04:01:32.476+0000] {logging_mixin.py:120} INFO - [2022-11-09T04:01:32.476+0000] {dag.py:3340} INFO - Setting next_dagrun for tutorial to 2022-11-08T04:01:32.476341+00:00, run_after=2022-11-09T04:01:32.476341+00:00
[2022-11-09T04:01:32.485+0000] {processor.py:176} INFO - Processing /home/airflow/.local/lib/python3.7/site-packages/airflow/example_dags/tutorial.py took 0.053 seconds
[2022-11-09T04:02:02.610+0000] {processor.py:154} INFO - Started process (PID=31836) to work on /home/airflow/.local/lib/python3.7/site-packages/airflow/example_dags/tutorial.py
[2022-11-09T04:02:02.610+0000] {processor.py:756} INFO - Processing file /home/airflow/.local/lib/python3.7/site-packages/airflow/example_dags/tutorial.py for tasks to queue
[2022-11-09T04:02:02.611+0000] {logging_mixin.py:120} INFO - [2022-11-09T04:02:02.611+0000] {dagbag.py:537} INFO - Filling up the DagBag from /home/airflow/.local/lib/python3.7/site-packages/airflow/example_dags/tutorial.py
[2022-11-09T04:02:02.620+0000] {processor.py:766} INFO - DAG(s) dict_keys(['tutorial']) retrieved from /home/airflow/.local/lib/python3.7/site-packages/airflow/example_dags/tutorial.py
[2022-11-09T04:02:02.647+0000] {logging_mixin.py:120} INFO - [2022-11-09T04:02:02.647+0000] {dag.py:2585} INFO - Sync 1 DAGs
[2022-11-09T04:02:02.660+0000] {logging_mixin.py:120} INFO - [2022-11-09T04:02:02.660+0000] {dag.py:3340} INFO - Setting next_dagrun for tutorial to 2022-11-08T04:02:02.660257+00:00, run_after=2022-11-09T04:02:02.660257+00:00
[2022-11-09T04:02:02.669+0000] {processor.py:176} INFO - Processing /home/airflow/.local/lib/python3.7/site-packages/airflow/example_dags/tutorial.py took 0.062 seconds
[2022-11-09T04:02:32.725+0000] {processor.py:154} INFO - Started process (PID=31904) to work on /home/airflow/.local/lib/python3.7/site-packages/airflow/example_dags/tutorial.py
[2022-11-09T04:02:32.725+0000] {processor.py:756} INFO - Processing file /home/airflow/.local/lib/python3.7/site-packages/airflow/example_dags/tutorial.py for tasks to queue
[2022-11-09T04:02:32.726+0000] {logging_mixin.py:120} INFO - [2022-11-09T04:02:32.726+0000] {dagbag.py:537} INFO - Filling up the DagBag from /home/airflow/.local/lib/python3.7/site-packages/airflow/example_dags/tutorial.py
[2022-11-09T04:02:32.734+0000] {processor.py:766} INFO - DAG(s) dict_keys(['tutorial']) retrieved from /home/airflow/.local/lib/python3.7/site-packages/airflow/example_dags/tutorial.py
[2022-11-09T04:02:32.758+0000] {logging_mixin.py:120} INFO - [2022-11-09T04:02:32.758+0000] {dag.py:2585} INFO - Sync 1 DAGs
[2022-11-09T04:02:32.772+0000] {logging_mixin.py:120} INFO - [2022-11-09T04:02:32.772+0000] {dag.py:3340} INFO - Setting next_dagrun for tutorial to 2022-11-08T04:02:32.772752+00:00, run_after=2022-11-09T04:02:32.772752+00:00
[2022-11-09T04:02:32.783+0000] {processor.py:176} INFO - Processing /home/airflow/.local/lib/python3.7/site-packages/airflow/example_dags/tutorial.py took 0.060 seconds
[2022-11-09T04:03:03.814+0000] {processor.py:154} INFO - Started process (PID=31969) to work on /home/airflow/.local/lib/python3.7/site-packages/airflow/example_dags/tutorial.py
[2022-11-09T04:03:03.815+0000] {processor.py:756} INFO - Processing file /home/airflow/.local/lib/python3.7/site-packages/airflow/example_dags/tutorial.py for tasks to queue
[2022-11-09T04:03:03.816+0000] {logging_mixin.py:120} INFO - [2022-11-09T04:03:03.815+0000] {dagbag.py:537} INFO - Filling up the DagBag from /home/airflow/.local/lib/python3.7/site-packages/airflow/example_dags/tutorial.py
[2022-11-09T04:03:03.825+0000] {processor.py:766} INFO - DAG(s) dict_keys(['tutorial']) retrieved from /home/airflow/.local/lib/python3.7/site-packages/airflow/example_dags/tutorial.py
[2022-11-09T04:03:03.849+0000] {logging_mixin.py:120} INFO - [2022-11-09T04:03:03.849+0000] {dag.py:2585} INFO - Sync 1 DAGs
[2022-11-09T04:03:03.864+0000] {logging_mixin.py:120} INFO - [2022-11-09T04:03:03.864+0000] {dag.py:3340} INFO - Setting next_dagrun for tutorial to 2022-11-08T04:03:03.864421+00:00, run_after=2022-11-09T04:03:03.864421+00:00
[2022-11-09T04:03:03.877+0000] {processor.py:176} INFO - Processing /home/airflow/.local/lib/python3.7/site-packages/airflow/example_dags/tutorial.py took 0.064 seconds
[2022-11-09T04:03:33.961+0000] {processor.py:154} INFO - Started process (PID=32025) to work on /home/airflow/.local/lib/python3.7/site-packages/airflow/example_dags/tutorial.py
[2022-11-09T04:03:33.962+0000] {processor.py:756} INFO - Processing file /home/airflow/.local/lib/python3.7/site-packages/airflow/example_dags/tutorial.py for tasks to queue
[2022-11-09T04:03:33.962+0000] {logging_mixin.py:120} INFO - [2022-11-09T04:03:33.962+0000] {dagbag.py:537} INFO - Filling up the DagBag from /home/airflow/.local/lib/python3.7/site-packages/airflow/example_dags/tutorial.py
[2022-11-09T04:03:33.970+0000] {processor.py:766} INFO - DAG(s) dict_keys(['tutorial']) retrieved from /home/airflow/.local/lib/python3.7/site-packages/airflow/example_dags/tutorial.py
[2022-11-09T04:03:33.993+0000] {logging_mixin.py:120} INFO - [2022-11-09T04:03:33.993+0000] {dag.py:2585} INFO - Sync 1 DAGs
[2022-11-09T04:03:34.007+0000] {logging_mixin.py:120} INFO - [2022-11-09T04:03:34.006+0000] {dag.py:3340} INFO - Setting next_dagrun for tutorial to 2022-11-08T04:03:34.006872+00:00, run_after=2022-11-09T04:03:34.006872+00:00
[2022-11-09T04:03:34.017+0000] {processor.py:176} INFO - Processing /home/airflow/.local/lib/python3.7/site-packages/airflow/example_dags/tutorial.py took 0.058 seconds
[2022-11-09T04:04:05.113+0000] {processor.py:154} INFO - Started process (PID=32094) to work on /home/airflow/.local/lib/python3.7/site-packages/airflow/example_dags/tutorial.py
[2022-11-09T04:04:05.114+0000] {processor.py:756} INFO - Processing file /home/airflow/.local/lib/python3.7/site-packages/airflow/example_dags/tutorial.py for tasks to queue
[2022-11-09T04:04:05.114+0000] {logging_mixin.py:120} INFO - [2022-11-09T04:04:05.114+0000] {dagbag.py:537} INFO - Filling up the DagBag from /home/airflow/.local/lib/python3.7/site-packages/airflow/example_dags/tutorial.py
[2022-11-09T04:04:05.123+0000] {processor.py:766} INFO - DAG(s) dict_keys(['tutorial']) retrieved from /home/airflow/.local/lib/python3.7/site-packages/airflow/example_dags/tutorial.py
[2022-11-09T04:04:05.146+0000] {logging_mixin.py:120} INFO - [2022-11-09T04:04:05.146+0000] {dag.py:2585} INFO - Sync 1 DAGs
[2022-11-09T04:04:05.159+0000] {logging_mixin.py:120} INFO - [2022-11-09T04:04:05.159+0000] {dag.py:3340} INFO - Setting next_dagrun for tutorial to 2022-11-08T04:04:05.159616+00:00, run_after=2022-11-09T04:04:05.159616+00:00
[2022-11-09T04:04:05.171+0000] {processor.py:176} INFO - Processing /home/airflow/.local/lib/python3.7/site-packages/airflow/example_dags/tutorial.py took 0.060 seconds
[2022-11-09T04:04:36.167+0000] {processor.py:154} INFO - Started process (PID=32165) to work on /home/airflow/.local/lib/python3.7/site-packages/airflow/example_dags/tutorial.py
[2022-11-09T04:04:36.168+0000] {processor.py:756} INFO - Processing file /home/airflow/.local/lib/python3.7/site-packages/airflow/example_dags/tutorial.py for tasks to queue
[2022-11-09T04:04:36.168+0000] {logging_mixin.py:120} INFO - [2022-11-09T04:04:36.168+0000] {dagbag.py:537} INFO - Filling up the DagBag from /home/airflow/.local/lib/python3.7/site-packages/airflow/example_dags/tutorial.py
[2022-11-09T04:04:36.176+0000] {processor.py:766} INFO - DAG(s) dict_keys(['tutorial']) retrieved from /home/airflow/.local/lib/python3.7/site-packages/airflow/example_dags/tutorial.py
[2022-11-09T04:04:36.200+0000] {logging_mixin.py:120} INFO - [2022-11-09T04:04:36.200+0000] {dag.py:2585} INFO - Sync 1 DAGs
[2022-11-09T04:04:36.215+0000] {logging_mixin.py:120} INFO - [2022-11-09T04:04:36.215+0000] {dag.py:3340} INFO - Setting next_dagrun for tutorial to 2022-11-08T04:04:36.215646+00:00, run_after=2022-11-09T04:04:36.215646+00:00
[2022-11-09T04:04:36.226+0000] {processor.py:176} INFO - Processing /home/airflow/.local/lib/python3.7/site-packages/airflow/example_dags/tutorial.py took 0.061 seconds
[2022-11-09T04:05:07.171+0000] {processor.py:154} INFO - Started process (PID=32232) to work on /home/airflow/.local/lib/python3.7/site-packages/airflow/example_dags/tutorial.py
[2022-11-09T04:05:07.171+0000] {processor.py:756} INFO - Processing file /home/airflow/.local/lib/python3.7/site-packages/airflow/example_dags/tutorial.py for tasks to queue
[2022-11-09T04:05:07.172+0000] {logging_mixin.py:120} INFO - [2022-11-09T04:05:07.171+0000] {dagbag.py:537} INFO - Filling up the DagBag from /home/airflow/.local/lib/python3.7/site-packages/airflow/example_dags/tutorial.py
[2022-11-09T04:05:07.179+0000] {processor.py:766} INFO - DAG(s) dict_keys(['tutorial']) retrieved from /home/airflow/.local/lib/python3.7/site-packages/airflow/example_dags/tutorial.py
[2022-11-09T04:05:07.202+0000] {logging_mixin.py:120} INFO - [2022-11-09T04:05:07.202+0000] {dag.py:2585} INFO - Sync 1 DAGs
[2022-11-09T04:05:07.213+0000] {logging_mixin.py:120} INFO - [2022-11-09T04:05:07.213+0000] {dag.py:3340} INFO - Setting next_dagrun for tutorial to 2022-11-08T04:05:07.213645+00:00, run_after=2022-11-09T04:05:07.213645+00:00
[2022-11-09T04:05:07.225+0000] {processor.py:176} INFO - Processing /home/airflow/.local/lib/python3.7/site-packages/airflow/example_dags/tutorial.py took 0.056 seconds
[2022-11-09T04:05:38.008+0000] {processor.py:154} INFO - Started process (PID=32297) to work on /home/airflow/.local/lib/python3.7/site-packages/airflow/example_dags/tutorial.py
[2022-11-09T04:05:38.009+0000] {processor.py:756} INFO - Processing file /home/airflow/.local/lib/python3.7/site-packages/airflow/example_dags/tutorial.py for tasks to queue
[2022-11-09T04:05:38.009+0000] {logging_mixin.py:120} INFO - [2022-11-09T04:05:38.009+0000] {dagbag.py:537} INFO - Filling up the DagBag from /home/airflow/.local/lib/python3.7/site-packages/airflow/example_dags/tutorial.py
[2022-11-09T04:05:38.017+0000] {processor.py:766} INFO - DAG(s) dict_keys(['tutorial']) retrieved from /home/airflow/.local/lib/python3.7/site-packages/airflow/example_dags/tutorial.py
[2022-11-09T04:05:38.040+0000] {logging_mixin.py:120} INFO - [2022-11-09T04:05:38.040+0000] {dag.py:2585} INFO - Sync 1 DAGs
[2022-11-09T04:05:38.054+0000] {logging_mixin.py:120} INFO - [2022-11-09T04:05:38.054+0000] {dag.py:3340} INFO - Setting next_dagrun for tutorial to 2022-11-08T04:05:38.054339+00:00, run_after=2022-11-09T04:05:38.054339+00:00
[2022-11-09T04:05:38.065+0000] {processor.py:176} INFO - Processing /home/airflow/.local/lib/python3.7/site-packages/airflow/example_dags/tutorial.py took 0.059 seconds
[2022-11-09T04:06:08.826+0000] {processor.py:154} INFO - Started process (PID=32362) to work on /home/airflow/.local/lib/python3.7/site-packages/airflow/example_dags/tutorial.py
[2022-11-09T04:06:08.827+0000] {processor.py:756} INFO - Processing file /home/airflow/.local/lib/python3.7/site-packages/airflow/example_dags/tutorial.py for tasks to queue
[2022-11-09T04:06:08.827+0000] {logging_mixin.py:120} INFO - [2022-11-09T04:06:08.827+0000] {dagbag.py:537} INFO - Filling up the DagBag from /home/airflow/.local/lib/python3.7/site-packages/airflow/example_dags/tutorial.py
[2022-11-09T04:06:08.835+0000] {processor.py:766} INFO - DAG(s) dict_keys(['tutorial']) retrieved from /home/airflow/.local/lib/python3.7/site-packages/airflow/example_dags/tutorial.py
[2022-11-09T04:06:08.858+0000] {logging_mixin.py:120} INFO - [2022-11-09T04:06:08.858+0000] {dag.py:2585} INFO - Sync 1 DAGs
[2022-11-09T04:06:08.871+0000] {logging_mixin.py:120} INFO - [2022-11-09T04:06:08.870+0000] {dag.py:3340} INFO - Setting next_dagrun for tutorial to 2022-11-08T04:06:08.870838+00:00, run_after=2022-11-09T04:06:08.870838+00:00
[2022-11-09T04:06:08.883+0000] {processor.py:176} INFO - Processing /home/airflow/.local/lib/python3.7/site-packages/airflow/example_dags/tutorial.py took 0.059 seconds
[2022-11-09T04:06:39.734+0000] {processor.py:154} INFO - Started process (PID=32431) to work on /home/airflow/.local/lib/python3.7/site-packages/airflow/example_dags/tutorial.py
[2022-11-09T04:06:39.735+0000] {processor.py:756} INFO - Processing file /home/airflow/.local/lib/python3.7/site-packages/airflow/example_dags/tutorial.py for tasks to queue
[2022-11-09T04:06:39.735+0000] {logging_mixin.py:120} INFO - [2022-11-09T04:06:39.735+0000] {dagbag.py:537} INFO - Filling up the DagBag from /home/airflow/.local/lib/python3.7/site-packages/airflow/example_dags/tutorial.py
[2022-11-09T04:06:39.743+0000] {processor.py:766} INFO - DAG(s) dict_keys(['tutorial']) retrieved from /home/airflow/.local/lib/python3.7/site-packages/airflow/example_dags/tutorial.py
[2022-11-09T04:06:39.764+0000] {logging_mixin.py:120} INFO - [2022-11-09T04:06:39.764+0000] {dag.py:2585} INFO - Sync 1 DAGs
[2022-11-09T04:06:39.777+0000] {logging_mixin.py:120} INFO - [2022-11-09T04:06:39.777+0000] {dag.py:3340} INFO - Setting next_dagrun for tutorial to 2022-11-08T04:06:39.777155+00:00, run_after=2022-11-09T04:06:39.777155+00:00
[2022-11-09T04:06:39.786+0000] {processor.py:176} INFO - Processing /home/airflow/.local/lib/python3.7/site-packages/airflow/example_dags/tutorial.py took 0.053 seconds
[2022-11-09T04:17:40.225+0000] {processor.py:154} INFO - Started process (PID=32500) to work on /home/airflow/.local/lib/python3.7/site-packages/airflow/example_dags/tutorial.py
[2022-11-09T04:17:40.227+0000] {processor.py:756} INFO - Processing file /home/airflow/.local/lib/python3.7/site-packages/airflow/example_dags/tutorial.py for tasks to queue
[2022-11-09T04:17:40.228+0000] {logging_mixin.py:120} INFO - [2022-11-09T04:17:40.228+0000] {dagbag.py:537} INFO - Filling up the DagBag from /home/airflow/.local/lib/python3.7/site-packages/airflow/example_dags/tutorial.py
[2022-11-09T04:17:40.237+0000] {processor.py:766} INFO - DAG(s) dict_keys(['tutorial']) retrieved from /home/airflow/.local/lib/python3.7/site-packages/airflow/example_dags/tutorial.py
[2022-11-09T04:17:40.271+0000] {logging_mixin.py:120} INFO - [2022-11-09T04:17:40.271+0000] {dag.py:2585} INFO - Sync 1 DAGs
[2022-11-09T04:17:40.290+0000] {logging_mixin.py:120} INFO - [2022-11-09T04:17:40.290+0000] {dag.py:3340} INFO - Setting next_dagrun for tutorial to 2022-11-08T04:17:40.290473+00:00, run_after=2022-11-09T04:17:40.290473+00:00
[2022-11-09T04:17:40.300+0000] {processor.py:176} INFO - Processing /home/airflow/.local/lib/python3.7/site-packages/airflow/example_dags/tutorial.py took 0.078 seconds
[2022-11-09T04:18:10.444+0000] {processor.py:154} INFO - Started process (PID=32557) to work on /home/airflow/.local/lib/python3.7/site-packages/airflow/example_dags/tutorial.py
[2022-11-09T04:18:10.445+0000] {processor.py:756} INFO - Processing file /home/airflow/.local/lib/python3.7/site-packages/airflow/example_dags/tutorial.py for tasks to queue
[2022-11-09T04:18:10.445+0000] {logging_mixin.py:120} INFO - [2022-11-09T04:18:10.445+0000] {dagbag.py:537} INFO - Filling up the DagBag from /home/airflow/.local/lib/python3.7/site-packages/airflow/example_dags/tutorial.py
[2022-11-09T04:18:10.453+0000] {processor.py:766} INFO - DAG(s) dict_keys(['tutorial']) retrieved from /home/airflow/.local/lib/python3.7/site-packages/airflow/example_dags/tutorial.py
[2022-11-09T04:18:10.480+0000] {logging_mixin.py:120} INFO - [2022-11-09T04:18:10.479+0000] {dag.py:2585} INFO - Sync 1 DAGs
[2022-11-09T04:18:10.494+0000] {logging_mixin.py:120} INFO - [2022-11-09T04:18:10.494+0000] {dag.py:3340} INFO - Setting next_dagrun for tutorial to 2022-11-08T04:18:10.493959+00:00, run_after=2022-11-09T04:18:10.493959+00:00
[2022-11-09T04:18:10.505+0000] {processor.py:176} INFO - Processing /home/airflow/.local/lib/python3.7/site-packages/airflow/example_dags/tutorial.py took 0.063 seconds
[2022-11-09T04:18:41.575+0000] {processor.py:154} INFO - Started process (PID=32624) to work on /home/airflow/.local/lib/python3.7/site-packages/airflow/example_dags/tutorial.py
[2022-11-09T04:18:41.575+0000] {processor.py:756} INFO - Processing file /home/airflow/.local/lib/python3.7/site-packages/airflow/example_dags/tutorial.py for tasks to queue
[2022-11-09T04:18:41.576+0000] {logging_mixin.py:120} INFO - [2022-11-09T04:18:41.576+0000] {dagbag.py:537} INFO - Filling up the DagBag from /home/airflow/.local/lib/python3.7/site-packages/airflow/example_dags/tutorial.py
[2022-11-09T04:18:41.584+0000] {processor.py:766} INFO - DAG(s) dict_keys(['tutorial']) retrieved from /home/airflow/.local/lib/python3.7/site-packages/airflow/example_dags/tutorial.py
[2022-11-09T04:18:41.607+0000] {logging_mixin.py:120} INFO - [2022-11-09T04:18:41.607+0000] {dag.py:2585} INFO - Sync 1 DAGs
[2022-11-09T04:18:41.620+0000] {logging_mixin.py:120} INFO - [2022-11-09T04:18:41.619+0000] {dag.py:3340} INFO - Setting next_dagrun for tutorial to 2022-11-08T04:18:41.619839+00:00, run_after=2022-11-09T04:18:41.619839+00:00
[2022-11-09T04:18:41.633+0000] {processor.py:176} INFO - Processing /home/airflow/.local/lib/python3.7/site-packages/airflow/example_dags/tutorial.py took 0.060 seconds
[2022-11-09T04:19:12.679+0000] {processor.py:154} INFO - Started process (PID=32690) to work on /home/airflow/.local/lib/python3.7/site-packages/airflow/example_dags/tutorial.py
[2022-11-09T04:19:12.679+0000] {processor.py:756} INFO - Processing file /home/airflow/.local/lib/python3.7/site-packages/airflow/example_dags/tutorial.py for tasks to queue
[2022-11-09T04:19:12.680+0000] {logging_mixin.py:120} INFO - [2022-11-09T04:19:12.680+0000] {dagbag.py:537} INFO - Filling up the DagBag from /home/airflow/.local/lib/python3.7/site-packages/airflow/example_dags/tutorial.py
[2022-11-09T04:19:12.690+0000] {processor.py:766} INFO - DAG(s) dict_keys(['tutorial']) retrieved from /home/airflow/.local/lib/python3.7/site-packages/airflow/example_dags/tutorial.py
[2022-11-09T04:19:12.715+0000] {logging_mixin.py:120} INFO - [2022-11-09T04:19:12.715+0000] {dag.py:2585} INFO - Sync 1 DAGs
[2022-11-09T04:19:12.732+0000] {logging_mixin.py:120} INFO - [2022-11-09T04:19:12.731+0000] {dag.py:3340} INFO - Setting next_dagrun for tutorial to 2022-11-08T04:19:12.731810+00:00, run_after=2022-11-09T04:19:12.731810+00:00
[2022-11-09T04:19:12.743+0000] {processor.py:176} INFO - Processing /home/airflow/.local/lib/python3.7/site-packages/airflow/example_dags/tutorial.py took 0.067 seconds
[2022-11-09T04:19:43.470+0000] {processor.py:154} INFO - Started process (PID=32757) to work on /home/airflow/.local/lib/python3.7/site-packages/airflow/example_dags/tutorial.py
[2022-11-09T04:19:43.470+0000] {processor.py:756} INFO - Processing file /home/airflow/.local/lib/python3.7/site-packages/airflow/example_dags/tutorial.py for tasks to queue
[2022-11-09T04:19:43.471+0000] {logging_mixin.py:120} INFO - [2022-11-09T04:19:43.471+0000] {dagbag.py:537} INFO - Filling up the DagBag from /home/airflow/.local/lib/python3.7/site-packages/airflow/example_dags/tutorial.py
[2022-11-09T04:19:43.480+0000] {processor.py:766} INFO - DAG(s) dict_keys(['tutorial']) retrieved from /home/airflow/.local/lib/python3.7/site-packages/airflow/example_dags/tutorial.py
[2022-11-09T04:19:43.505+0000] {logging_mixin.py:120} INFO - [2022-11-09T04:19:43.505+0000] {dag.py:2585} INFO - Sync 1 DAGs
[2022-11-09T04:19:43.521+0000] {logging_mixin.py:120} INFO - [2022-11-09T04:19:43.521+0000] {dag.py:3340} INFO - Setting next_dagrun for tutorial to 2022-11-08T04:19:43.521522+00:00, run_after=2022-11-09T04:19:43.521522+00:00
[2022-11-09T04:19:43.535+0000] {processor.py:176} INFO - Processing /home/airflow/.local/lib/python3.7/site-packages/airflow/example_dags/tutorial.py took 0.068 seconds
