[2022-11-07T04:50:28.330+0000] {taskinstance.py:1165} INFO - Dependencies all met for <TaskInstance: my_dag.training_model_A scheduled__2022-11-06T00:00:00+00:00 [queued]>
[2022-11-07T04:50:28.338+0000] {taskinstance.py:1165} INFO - Dependencies all met for <TaskInstance: my_dag.training_model_A scheduled__2022-11-06T00:00:00+00:00 [queued]>
[2022-11-07T04:50:28.338+0000] {taskinstance.py:1362} INFO - 
--------------------------------------------------------------------------------
[2022-11-07T04:50:28.338+0000] {taskinstance.py:1363} INFO - Starting attempt 1 of 1
[2022-11-07T04:50:28.338+0000] {taskinstance.py:1364} INFO - 
--------------------------------------------------------------------------------
[2022-11-07T04:50:28.349+0000] {taskinstance.py:1383} INFO - Executing <Task(PythonOperator): training_model_A> on 2022-11-06 00:00:00+00:00
[2022-11-07T04:50:28.351+0000] {standard_task_runner.py:55} INFO - Started process 250 to run task
[2022-11-07T04:50:28.354+0000] {standard_task_runner.py:82} INFO - Running: ['***', 'tasks', 'run', 'my_dag', 'training_model_A', 'scheduled__2022-11-06T00:00:00+00:00', '--job-id', '162', '--raw', '--subdir', 'DAGS_FOLDER/my_dag.py', '--cfg-path', '/tmp/tmpy8c1r_8r']
[2022-11-07T04:50:28.354+0000] {standard_task_runner.py:83} INFO - Job 162: Subtask training_model_A
[2022-11-07T04:50:28.398+0000] {task_command.py:376} INFO - Running <TaskInstance: my_dag.training_model_A scheduled__2022-11-06T00:00:00+00:00 [running]> on host 65bebd3e66a2
[2022-11-07T04:50:28.443+0000] {taskinstance.py:1592} INFO - Exporting the following env vars:
AIRFLOW_CTX_DAG_OWNER=***
AIRFLOW_CTX_DAG_ID=my_dag
AIRFLOW_CTX_TASK_ID=training_model_A
AIRFLOW_CTX_EXECUTION_DATE=2022-11-06T00:00:00+00:00
AIRFLOW_CTX_TRY_NUMBER=1
AIRFLOW_CTX_DAG_RUN_ID=scheduled__2022-11-06T00:00:00+00:00
[2022-11-07T04:50:28.444+0000] {python.py:177} INFO - Done. Returned value was: 4
[2022-11-07T04:50:28.461+0000] {taskinstance.py:1406} INFO - Marking task as SUCCESS. dag_id=my_dag, task_id=training_model_A, execution_date=20221106T000000, start_date=20221107T045028, end_date=20221107T045028
[2022-11-07T04:50:28.486+0000] {local_task_job.py:164} INFO - Task exited with return code 0
[2022-11-07T04:50:28.504+0000] {local_task_job.py:273} INFO - 1 downstream tasks scheduled from follow-on schedule check
