[2022-11-07T04:59:18.906+0000] {taskinstance.py:1165} INFO - Dependencies all met for <TaskInstance: my_dag.accurate manual__2022-11-07T04:59:15.785214+00:00 [queued]>
[2022-11-07T04:59:18.912+0000] {taskinstance.py:1165} INFO - Dependencies all met for <TaskInstance: my_dag.accurate manual__2022-11-07T04:59:15.785214+00:00 [queued]>
[2022-11-07T04:59:18.912+0000] {taskinstance.py:1362} INFO - 
--------------------------------------------------------------------------------
[2022-11-07T04:59:18.913+0000] {taskinstance.py:1363} INFO - Starting attempt 1 of 1
[2022-11-07T04:59:18.913+0000] {taskinstance.py:1364} INFO - 
--------------------------------------------------------------------------------
[2022-11-07T04:59:18.921+0000] {taskinstance.py:1383} INFO - Executing <Task(BashOperator): accurate> on 2022-11-07 04:59:15.785214+00:00
[2022-11-07T04:59:18.923+0000] {standard_task_runner.py:55} INFO - Started process 764 to run task
[2022-11-07T04:59:18.925+0000] {standard_task_runner.py:82} INFO - Running: ['***', 'tasks', 'run', 'my_dag', 'accurate', 'manual__2022-11-07T04:59:15.785214+00:00', '--job-id', '168', '--raw', '--subdir', 'DAGS_FOLDER/my_dag.py', '--cfg-path', '/tmp/tmp0oq4ozr7']
[2022-11-07T04:59:18.926+0000] {standard_task_runner.py:83} INFO - Job 168: Subtask accurate
[2022-11-07T04:59:18.958+0000] {task_command.py:376} INFO - Running <TaskInstance: my_dag.accurate manual__2022-11-07T04:59:15.785214+00:00 [running]> on host 65bebd3e66a2
[2022-11-07T04:59:18.991+0000] {taskinstance.py:1592} INFO - Exporting the following env vars:
AIRFLOW_CTX_DAG_OWNER=***
AIRFLOW_CTX_DAG_ID=my_dag
AIRFLOW_CTX_TASK_ID=accurate
AIRFLOW_CTX_EXECUTION_DATE=2022-11-07T04:59:15.785214+00:00
AIRFLOW_CTX_TRY_NUMBER=1
AIRFLOW_CTX_DAG_RUN_ID=manual__2022-11-07T04:59:15.785214+00:00
[2022-11-07T04:59:18.992+0000] {subprocess.py:63} INFO - Tmp dir root location: 
 /tmp
[2022-11-07T04:59:18.993+0000] {subprocess.py:75} INFO - Running command: ['/bin/bash', '-c', "echo 'accurate'"]
[2022-11-07T04:59:18.999+0000] {subprocess.py:86} INFO - Output:
[2022-11-07T04:59:19.000+0000] {subprocess.py:93} INFO - accurate
[2022-11-07T04:59:19.000+0000] {subprocess.py:97} INFO - Command exited with return code 0
[2022-11-07T04:59:19.015+0000] {taskinstance.py:1406} INFO - Marking task as SUCCESS. dag_id=my_dag, task_id=accurate, execution_date=20221107T045915, start_date=20221107T045918, end_date=20221107T045919
[2022-11-07T04:59:19.059+0000] {local_task_job.py:164} INFO - Task exited with return code 0
[2022-11-07T04:59:19.070+0000] {local_task_job.py:273} INFO - 0 downstream tasks scheduled from follow-on schedule check
