[2022-11-20T12:59:10.403+0000] {processor.py:154} INFO - Started process (PID=52) to work on /home/airflow/.local/lib/python3.7/site-packages/airflow/example_dags/example_latest_only_with_trigger.py
[2022-11-20T12:59:10.414+0000] {processor.py:756} INFO - Processing file /home/airflow/.local/lib/python3.7/site-packages/airflow/example_dags/example_latest_only_with_trigger.py for tasks to queue
[2022-11-20T12:59:10.416+0000] {logging_mixin.py:120} INFO - [2022-11-20T12:59:10.415+0000] {dagbag.py:537} INFO - Filling up the DagBag from /home/airflow/.local/lib/python3.7/site-packages/airflow/example_dags/example_latest_only_with_trigger.py
[2022-11-20T12:59:10.435+0000] {processor.py:766} INFO - DAG(s) dict_keys(['latest_only_with_trigger']) retrieved from /home/airflow/.local/lib/python3.7/site-packages/airflow/example_dags/example_latest_only_with_trigger.py
[2022-11-20T12:59:10.501+0000] {logging_mixin.py:120} INFO - [2022-11-20T12:59:10.501+0000] {dag.py:2585} INFO - Sync 1 DAGs
[2022-11-20T12:59:10.526+0000] {logging_mixin.py:120} INFO - [2022-11-20T12:59:10.526+0000] {dag.py:3340} INFO - Setting next_dagrun for latest_only_with_trigger to 2022-11-20T08:59:10.526020+00:00, run_after=2022-11-20T12:59:10.526020+00:00
[2022-11-20T12:59:10.536+0000] {processor.py:176} INFO - Processing /home/airflow/.local/lib/python3.7/site-packages/airflow/example_dags/example_latest_only_with_trigger.py took 0.137 seconds
[2022-11-20T12:59:41.100+0000] {processor.py:154} INFO - Started process (PID=127) to work on /home/airflow/.local/lib/python3.7/site-packages/airflow/example_dags/example_latest_only_with_trigger.py
[2022-11-20T12:59:41.101+0000] {processor.py:756} INFO - Processing file /home/airflow/.local/lib/python3.7/site-packages/airflow/example_dags/example_latest_only_with_trigger.py for tasks to queue
[2022-11-20T12:59:41.101+0000] {logging_mixin.py:120} INFO - [2022-11-20T12:59:41.101+0000] {dagbag.py:537} INFO - Filling up the DagBag from /home/airflow/.local/lib/python3.7/site-packages/airflow/example_dags/example_latest_only_with_trigger.py
[2022-11-20T12:59:41.110+0000] {processor.py:766} INFO - DAG(s) dict_keys(['latest_only_with_trigger']) retrieved from /home/airflow/.local/lib/python3.7/site-packages/airflow/example_dags/example_latest_only_with_trigger.py
[2022-11-20T12:59:41.131+0000] {logging_mixin.py:120} INFO - [2022-11-20T12:59:41.131+0000] {dag.py:2585} INFO - Sync 1 DAGs
[2022-11-20T12:59:41.144+0000] {logging_mixin.py:120} INFO - [2022-11-20T12:59:41.144+0000] {dag.py:3340} INFO - Setting next_dagrun for latest_only_with_trigger to 2022-11-20T08:59:41.144351+00:00, run_after=2022-11-20T12:59:41.144351+00:00
[2022-11-20T12:59:41.154+0000] {processor.py:176} INFO - Processing /home/airflow/.local/lib/python3.7/site-packages/airflow/example_dags/example_latest_only_with_trigger.py took 0.056 seconds
[2022-11-20T13:00:11.940+0000] {processor.py:154} INFO - Started process (PID=195) to work on /home/airflow/.local/lib/python3.7/site-packages/airflow/example_dags/example_latest_only_with_trigger.py
[2022-11-20T13:00:11.941+0000] {processor.py:756} INFO - Processing file /home/airflow/.local/lib/python3.7/site-packages/airflow/example_dags/example_latest_only_with_trigger.py for tasks to queue
[2022-11-20T13:00:11.941+0000] {logging_mixin.py:120} INFO - [2022-11-20T13:00:11.941+0000] {dagbag.py:537} INFO - Filling up the DagBag from /home/airflow/.local/lib/python3.7/site-packages/airflow/example_dags/example_latest_only_with_trigger.py
[2022-11-20T13:00:11.949+0000] {processor.py:766} INFO - DAG(s) dict_keys(['latest_only_with_trigger']) retrieved from /home/airflow/.local/lib/python3.7/site-packages/airflow/example_dags/example_latest_only_with_trigger.py
[2022-11-20T13:00:11.972+0000] {logging_mixin.py:120} INFO - [2022-11-20T13:00:11.971+0000] {dag.py:2585} INFO - Sync 1 DAGs
[2022-11-20T13:00:11.984+0000] {logging_mixin.py:120} INFO - [2022-11-20T13:00:11.984+0000] {dag.py:3340} INFO - Setting next_dagrun for latest_only_with_trigger to 2022-11-20T09:00:11.984442+00:00, run_after=2022-11-20T13:00:11.984442+00:00
[2022-11-20T13:00:11.994+0000] {processor.py:176} INFO - Processing /home/airflow/.local/lib/python3.7/site-packages/airflow/example_dags/example_latest_only_with_trigger.py took 0.055 seconds
[2022-11-20T13:00:42.635+0000] {processor.py:154} INFO - Started process (PID=263) to work on /home/airflow/.local/lib/python3.7/site-packages/airflow/example_dags/example_latest_only_with_trigger.py
[2022-11-20T13:00:42.636+0000] {processor.py:756} INFO - Processing file /home/airflow/.local/lib/python3.7/site-packages/airflow/example_dags/example_latest_only_with_trigger.py for tasks to queue
[2022-11-20T13:00:42.636+0000] {logging_mixin.py:120} INFO - [2022-11-20T13:00:42.636+0000] {dagbag.py:537} INFO - Filling up the DagBag from /home/airflow/.local/lib/python3.7/site-packages/airflow/example_dags/example_latest_only_with_trigger.py
[2022-11-20T13:00:42.645+0000] {processor.py:766} INFO - DAG(s) dict_keys(['latest_only_with_trigger']) retrieved from /home/airflow/.local/lib/python3.7/site-packages/airflow/example_dags/example_latest_only_with_trigger.py
[2022-11-20T13:00:42.668+0000] {logging_mixin.py:120} INFO - [2022-11-20T13:00:42.668+0000] {dag.py:2585} INFO - Sync 1 DAGs
[2022-11-20T13:00:42.684+0000] {logging_mixin.py:120} INFO - [2022-11-20T13:00:42.684+0000] {dag.py:3340} INFO - Setting next_dagrun for latest_only_with_trigger to 2022-11-20T09:00:42.684688+00:00, run_after=2022-11-20T13:00:42.684688+00:00
[2022-11-20T13:00:42.696+0000] {processor.py:176} INFO - Processing /home/airflow/.local/lib/python3.7/site-packages/airflow/example_dags/example_latest_only_with_trigger.py took 0.063 seconds
[2022-11-20T13:01:13.557+0000] {processor.py:154} INFO - Started process (PID=331) to work on /home/airflow/.local/lib/python3.7/site-packages/airflow/example_dags/example_latest_only_with_trigger.py
[2022-11-20T13:01:13.557+0000] {processor.py:756} INFO - Processing file /home/airflow/.local/lib/python3.7/site-packages/airflow/example_dags/example_latest_only_with_trigger.py for tasks to queue
[2022-11-20T13:01:13.558+0000] {logging_mixin.py:120} INFO - [2022-11-20T13:01:13.558+0000] {dagbag.py:537} INFO - Filling up the DagBag from /home/airflow/.local/lib/python3.7/site-packages/airflow/example_dags/example_latest_only_with_trigger.py
[2022-11-20T13:01:13.568+0000] {processor.py:766} INFO - DAG(s) dict_keys(['latest_only_with_trigger']) retrieved from /home/airflow/.local/lib/python3.7/site-packages/airflow/example_dags/example_latest_only_with_trigger.py
[2022-11-20T13:01:13.603+0000] {logging_mixin.py:120} INFO - [2022-11-20T13:01:13.603+0000] {dag.py:2585} INFO - Sync 1 DAGs
[2022-11-20T13:01:13.619+0000] {logging_mixin.py:120} INFO - [2022-11-20T13:01:13.619+0000] {dag.py:3340} INFO - Setting next_dagrun for latest_only_with_trigger to 2022-11-20T09:01:13.619036+00:00, run_after=2022-11-20T13:01:13.619036+00:00
[2022-11-20T13:01:13.631+0000] {processor.py:176} INFO - Processing /home/airflow/.local/lib/python3.7/site-packages/airflow/example_dags/example_latest_only_with_trigger.py took 0.076 seconds
[2022-11-20T13:01:43.799+0000] {processor.py:154} INFO - Started process (PID=390) to work on /home/airflow/.local/lib/python3.7/site-packages/airflow/example_dags/example_latest_only_with_trigger.py
[2022-11-20T13:01:43.799+0000] {processor.py:756} INFO - Processing file /home/airflow/.local/lib/python3.7/site-packages/airflow/example_dags/example_latest_only_with_trigger.py for tasks to queue
[2022-11-20T13:01:43.800+0000] {logging_mixin.py:120} INFO - [2022-11-20T13:01:43.800+0000] {dagbag.py:537} INFO - Filling up the DagBag from /home/airflow/.local/lib/python3.7/site-packages/airflow/example_dags/example_latest_only_with_trigger.py
[2022-11-20T13:01:43.809+0000] {processor.py:766} INFO - DAG(s) dict_keys(['latest_only_with_trigger']) retrieved from /home/airflow/.local/lib/python3.7/site-packages/airflow/example_dags/example_latest_only_with_trigger.py
[2022-11-20T13:01:43.833+0000] {logging_mixin.py:120} INFO - [2022-11-20T13:01:43.833+0000] {dag.py:2585} INFO - Sync 1 DAGs
[2022-11-20T13:01:43.845+0000] {logging_mixin.py:120} INFO - [2022-11-20T13:01:43.845+0000] {dag.py:3340} INFO - Setting next_dagrun for latest_only_with_trigger to 2022-11-20T09:01:43.845626+00:00, run_after=2022-11-20T13:01:43.845626+00:00
[2022-11-20T13:01:43.855+0000] {processor.py:176} INFO - Processing /home/airflow/.local/lib/python3.7/site-packages/airflow/example_dags/example_latest_only_with_trigger.py took 0.059 seconds
[2022-11-20T13:02:14.814+0000] {processor.py:154} INFO - Started process (PID=456) to work on /home/airflow/.local/lib/python3.7/site-packages/airflow/example_dags/example_latest_only_with_trigger.py
[2022-11-20T13:02:14.815+0000] {processor.py:756} INFO - Processing file /home/airflow/.local/lib/python3.7/site-packages/airflow/example_dags/example_latest_only_with_trigger.py for tasks to queue
[2022-11-20T13:02:14.816+0000] {logging_mixin.py:120} INFO - [2022-11-20T13:02:14.816+0000] {dagbag.py:537} INFO - Filling up the DagBag from /home/airflow/.local/lib/python3.7/site-packages/airflow/example_dags/example_latest_only_with_trigger.py
[2022-11-20T13:02:14.824+0000] {processor.py:766} INFO - DAG(s) dict_keys(['latest_only_with_trigger']) retrieved from /home/airflow/.local/lib/python3.7/site-packages/airflow/example_dags/example_latest_only_with_trigger.py
[2022-11-20T13:02:14.845+0000] {logging_mixin.py:120} INFO - [2022-11-20T13:02:14.845+0000] {dag.py:2585} INFO - Sync 1 DAGs
[2022-11-20T13:02:14.859+0000] {logging_mixin.py:120} INFO - [2022-11-20T13:02:14.859+0000] {dag.py:3340} INFO - Setting next_dagrun for latest_only_with_trigger to 2022-11-20T09:02:14.859546+00:00, run_after=2022-11-20T13:02:14.859546+00:00
[2022-11-20T13:02:14.870+0000] {processor.py:176} INFO - Processing /home/airflow/.local/lib/python3.7/site-packages/airflow/example_dags/example_latest_only_with_trigger.py took 0.057 seconds
[2022-11-20T13:02:45.468+0000] {processor.py:154} INFO - Started process (PID=525) to work on /home/airflow/.local/lib/python3.7/site-packages/airflow/example_dags/example_latest_only_with_trigger.py
[2022-11-20T13:02:45.468+0000] {processor.py:756} INFO - Processing file /home/airflow/.local/lib/python3.7/site-packages/airflow/example_dags/example_latest_only_with_trigger.py for tasks to queue
[2022-11-20T13:02:45.468+0000] {logging_mixin.py:120} INFO - [2022-11-20T13:02:45.468+0000] {dagbag.py:537} INFO - Filling up the DagBag from /home/airflow/.local/lib/python3.7/site-packages/airflow/example_dags/example_latest_only_with_trigger.py
[2022-11-20T13:02:45.476+0000] {processor.py:766} INFO - DAG(s) dict_keys(['latest_only_with_trigger']) retrieved from /home/airflow/.local/lib/python3.7/site-packages/airflow/example_dags/example_latest_only_with_trigger.py
[2022-11-20T13:02:45.495+0000] {logging_mixin.py:120} INFO - [2022-11-20T13:02:45.495+0000] {dag.py:2585} INFO - Sync 1 DAGs
[2022-11-20T13:02:45.508+0000] {logging_mixin.py:120} INFO - [2022-11-20T13:02:45.508+0000] {dag.py:3340} INFO - Setting next_dagrun for latest_only_with_trigger to 2022-11-20T09:02:45.507925+00:00, run_after=2022-11-20T13:02:45.507925+00:00
[2022-11-20T13:02:45.517+0000] {processor.py:176} INFO - Processing /home/airflow/.local/lib/python3.7/site-packages/airflow/example_dags/example_latest_only_with_trigger.py took 0.051 seconds
[2022-11-20T13:03:16.363+0000] {processor.py:154} INFO - Started process (PID=588) to work on /home/airflow/.local/lib/python3.7/site-packages/airflow/example_dags/example_latest_only_with_trigger.py
[2022-11-20T13:03:16.364+0000] {processor.py:756} INFO - Processing file /home/airflow/.local/lib/python3.7/site-packages/airflow/example_dags/example_latest_only_with_trigger.py for tasks to queue
[2022-11-20T13:03:16.364+0000] {logging_mixin.py:120} INFO - [2022-11-20T13:03:16.364+0000] {dagbag.py:537} INFO - Filling up the DagBag from /home/airflow/.local/lib/python3.7/site-packages/airflow/example_dags/example_latest_only_with_trigger.py
[2022-11-20T13:03:16.373+0000] {processor.py:766} INFO - DAG(s) dict_keys(['latest_only_with_trigger']) retrieved from /home/airflow/.local/lib/python3.7/site-packages/airflow/example_dags/example_latest_only_with_trigger.py
[2022-11-20T13:03:16.402+0000] {logging_mixin.py:120} INFO - [2022-11-20T13:03:16.402+0000] {dag.py:2585} INFO - Sync 1 DAGs
[2022-11-20T13:03:16.421+0000] {logging_mixin.py:120} INFO - [2022-11-20T13:03:16.421+0000] {dag.py:3340} INFO - Setting next_dagrun for latest_only_with_trigger to 2022-11-20T09:03:16.421213+00:00, run_after=2022-11-20T13:03:16.421213+00:00
[2022-11-20T13:03:16.438+0000] {processor.py:176} INFO - Processing /home/airflow/.local/lib/python3.7/site-packages/airflow/example_dags/example_latest_only_with_trigger.py took 0.077 seconds
[2022-11-20T13:03:47.232+0000] {processor.py:154} INFO - Started process (PID=656) to work on /home/airflow/.local/lib/python3.7/site-packages/airflow/example_dags/example_latest_only_with_trigger.py
[2022-11-20T13:03:47.233+0000] {processor.py:756} INFO - Processing file /home/airflow/.local/lib/python3.7/site-packages/airflow/example_dags/example_latest_only_with_trigger.py for tasks to queue
[2022-11-20T13:03:47.234+0000] {logging_mixin.py:120} INFO - [2022-11-20T13:03:47.234+0000] {dagbag.py:537} INFO - Filling up the DagBag from /home/airflow/.local/lib/python3.7/site-packages/airflow/example_dags/example_latest_only_with_trigger.py
[2022-11-20T13:03:47.240+0000] {processor.py:766} INFO - DAG(s) dict_keys(['latest_only_with_trigger']) retrieved from /home/airflow/.local/lib/python3.7/site-packages/airflow/example_dags/example_latest_only_with_trigger.py
[2022-11-20T13:03:47.261+0000] {logging_mixin.py:120} INFO - [2022-11-20T13:03:47.261+0000] {dag.py:2585} INFO - Sync 1 DAGs
[2022-11-20T13:03:47.272+0000] {logging_mixin.py:120} INFO - [2022-11-20T13:03:47.272+0000] {dag.py:3340} INFO - Setting next_dagrun for latest_only_with_trigger to 2022-11-20T09:03:47.272763+00:00, run_after=2022-11-20T13:03:47.272763+00:00
[2022-11-20T13:03:47.282+0000] {processor.py:176} INFO - Processing /home/airflow/.local/lib/python3.7/site-packages/airflow/example_dags/example_latest_only_with_trigger.py took 0.052 seconds
[2022-11-20T13:04:18.058+0000] {processor.py:154} INFO - Started process (PID=725) to work on /home/airflow/.local/lib/python3.7/site-packages/airflow/example_dags/example_latest_only_with_trigger.py
[2022-11-20T13:04:18.059+0000] {processor.py:756} INFO - Processing file /home/airflow/.local/lib/python3.7/site-packages/airflow/example_dags/example_latest_only_with_trigger.py for tasks to queue
[2022-11-20T13:04:18.060+0000] {logging_mixin.py:120} INFO - [2022-11-20T13:04:18.060+0000] {dagbag.py:537} INFO - Filling up the DagBag from /home/airflow/.local/lib/python3.7/site-packages/airflow/example_dags/example_latest_only_with_trigger.py
[2022-11-20T13:04:18.067+0000] {processor.py:766} INFO - DAG(s) dict_keys(['latest_only_with_trigger']) retrieved from /home/airflow/.local/lib/python3.7/site-packages/airflow/example_dags/example_latest_only_with_trigger.py
[2022-11-20T13:04:18.089+0000] {logging_mixin.py:120} INFO - [2022-11-20T13:04:18.088+0000] {dag.py:2585} INFO - Sync 1 DAGs
[2022-11-20T13:04:18.101+0000] {logging_mixin.py:120} INFO - [2022-11-20T13:04:18.101+0000] {dag.py:3340} INFO - Setting next_dagrun for latest_only_with_trigger to 2022-11-20T09:04:18.101103+00:00, run_after=2022-11-20T13:04:18.101103+00:00
[2022-11-20T13:04:18.111+0000] {processor.py:176} INFO - Processing /home/airflow/.local/lib/python3.7/site-packages/airflow/example_dags/example_latest_only_with_trigger.py took 0.055 seconds
[2022-11-20T13:04:48.186+0000] {processor.py:154} INFO - Started process (PID=785) to work on /home/airflow/.local/lib/python3.7/site-packages/airflow/example_dags/example_latest_only_with_trigger.py
[2022-11-20T13:04:48.187+0000] {processor.py:756} INFO - Processing file /home/airflow/.local/lib/python3.7/site-packages/airflow/example_dags/example_latest_only_with_trigger.py for tasks to queue
[2022-11-20T13:04:48.188+0000] {logging_mixin.py:120} INFO - [2022-11-20T13:04:48.187+0000] {dagbag.py:537} INFO - Filling up the DagBag from /home/airflow/.local/lib/python3.7/site-packages/airflow/example_dags/example_latest_only_with_trigger.py
[2022-11-20T13:04:48.195+0000] {processor.py:766} INFO - DAG(s) dict_keys(['latest_only_with_trigger']) retrieved from /home/airflow/.local/lib/python3.7/site-packages/airflow/example_dags/example_latest_only_with_trigger.py
[2022-11-20T13:04:48.215+0000] {logging_mixin.py:120} INFO - [2022-11-20T13:04:48.215+0000] {dag.py:2585} INFO - Sync 1 DAGs
[2022-11-20T13:04:48.228+0000] {logging_mixin.py:120} INFO - [2022-11-20T13:04:48.228+0000] {dag.py:3340} INFO - Setting next_dagrun for latest_only_with_trigger to 2022-11-20T09:04:48.228038+00:00, run_after=2022-11-20T13:04:48.228038+00:00
[2022-11-20T13:04:48.237+0000] {processor.py:176} INFO - Processing /home/airflow/.local/lib/python3.7/site-packages/airflow/example_dags/example_latest_only_with_trigger.py took 0.053 seconds
[2022-11-20T13:05:18.337+0000] {processor.py:154} INFO - Started process (PID=850) to work on /home/airflow/.local/lib/python3.7/site-packages/airflow/example_dags/example_latest_only_with_trigger.py
[2022-11-20T13:05:18.338+0000] {processor.py:756} INFO - Processing file /home/airflow/.local/lib/python3.7/site-packages/airflow/example_dags/example_latest_only_with_trigger.py for tasks to queue
[2022-11-20T13:05:18.338+0000] {logging_mixin.py:120} INFO - [2022-11-20T13:05:18.338+0000] {dagbag.py:537} INFO - Filling up the DagBag from /home/airflow/.local/lib/python3.7/site-packages/airflow/example_dags/example_latest_only_with_trigger.py
[2022-11-20T13:05:18.346+0000] {processor.py:766} INFO - DAG(s) dict_keys(['latest_only_with_trigger']) retrieved from /home/airflow/.local/lib/python3.7/site-packages/airflow/example_dags/example_latest_only_with_trigger.py
[2022-11-20T13:05:18.366+0000] {logging_mixin.py:120} INFO - [2022-11-20T13:05:18.366+0000] {dag.py:2585} INFO - Sync 1 DAGs
[2022-11-20T13:05:18.378+0000] {logging_mixin.py:120} INFO - [2022-11-20T13:05:18.378+0000] {dag.py:3340} INFO - Setting next_dagrun for latest_only_with_trigger to 2022-11-20T09:05:18.378549+00:00, run_after=2022-11-20T13:05:18.378549+00:00
[2022-11-20T13:05:18.389+0000] {processor.py:176} INFO - Processing /home/airflow/.local/lib/python3.7/site-packages/airflow/example_dags/example_latest_only_with_trigger.py took 0.054 seconds
[2022-11-20T13:05:49.014+0000] {processor.py:154} INFO - Started process (PID=918) to work on /home/airflow/.local/lib/python3.7/site-packages/airflow/example_dags/example_latest_only_with_trigger.py
[2022-11-20T13:05:49.015+0000] {processor.py:756} INFO - Processing file /home/airflow/.local/lib/python3.7/site-packages/airflow/example_dags/example_latest_only_with_trigger.py for tasks to queue
[2022-11-20T13:05:49.015+0000] {logging_mixin.py:120} INFO - [2022-11-20T13:05:49.015+0000] {dagbag.py:537} INFO - Filling up the DagBag from /home/airflow/.local/lib/python3.7/site-packages/airflow/example_dags/example_latest_only_with_trigger.py
[2022-11-20T13:05:49.023+0000] {processor.py:766} INFO - DAG(s) dict_keys(['latest_only_with_trigger']) retrieved from /home/airflow/.local/lib/python3.7/site-packages/airflow/example_dags/example_latest_only_with_trigger.py
[2022-11-20T13:05:49.043+0000] {logging_mixin.py:120} INFO - [2022-11-20T13:05:49.043+0000] {dag.py:2585} INFO - Sync 1 DAGs
[2022-11-20T13:05:49.055+0000] {logging_mixin.py:120} INFO - [2022-11-20T13:05:49.055+0000] {dag.py:3340} INFO - Setting next_dagrun for latest_only_with_trigger to 2022-11-20T09:05:49.055473+00:00, run_after=2022-11-20T13:05:49.055473+00:00
[2022-11-20T13:05:49.065+0000] {processor.py:176} INFO - Processing /home/airflow/.local/lib/python3.7/site-packages/airflow/example_dags/example_latest_only_with_trigger.py took 0.053 seconds
[2022-11-20T13:06:19.804+0000] {processor.py:154} INFO - Started process (PID=983) to work on /home/airflow/.local/lib/python3.7/site-packages/airflow/example_dags/example_latest_only_with_trigger.py
[2022-11-20T13:06:19.804+0000] {processor.py:756} INFO - Processing file /home/airflow/.local/lib/python3.7/site-packages/airflow/example_dags/example_latest_only_with_trigger.py for tasks to queue
[2022-11-20T13:06:19.804+0000] {logging_mixin.py:120} INFO - [2022-11-20T13:06:19.804+0000] {dagbag.py:537} INFO - Filling up the DagBag from /home/airflow/.local/lib/python3.7/site-packages/airflow/example_dags/example_latest_only_with_trigger.py
[2022-11-20T13:06:19.812+0000] {processor.py:766} INFO - DAG(s) dict_keys(['latest_only_with_trigger']) retrieved from /home/airflow/.local/lib/python3.7/site-packages/airflow/example_dags/example_latest_only_with_trigger.py
[2022-11-20T13:06:19.832+0000] {logging_mixin.py:120} INFO - [2022-11-20T13:06:19.832+0000] {dag.py:2585} INFO - Sync 1 DAGs
[2022-11-20T13:06:19.844+0000] {logging_mixin.py:120} INFO - [2022-11-20T13:06:19.844+0000] {dag.py:3340} INFO - Setting next_dagrun for latest_only_with_trigger to 2022-11-20T09:06:19.844373+00:00, run_after=2022-11-20T13:06:19.844373+00:00
[2022-11-20T13:06:19.854+0000] {processor.py:176} INFO - Processing /home/airflow/.local/lib/python3.7/site-packages/airflow/example_dags/example_latest_only_with_trigger.py took 0.052 seconds
[2022-11-20T13:06:51.162+0000] {processor.py:154} INFO - Started process (PID=1051) to work on /home/airflow/.local/lib/python3.7/site-packages/airflow/example_dags/example_latest_only_with_trigger.py
[2022-11-20T13:06:51.163+0000] {processor.py:756} INFO - Processing file /home/airflow/.local/lib/python3.7/site-packages/airflow/example_dags/example_latest_only_with_trigger.py for tasks to queue
[2022-11-20T13:06:51.163+0000] {logging_mixin.py:120} INFO - [2022-11-20T13:06:51.163+0000] {dagbag.py:537} INFO - Filling up the DagBag from /home/airflow/.local/lib/python3.7/site-packages/airflow/example_dags/example_latest_only_with_trigger.py
[2022-11-20T13:06:51.172+0000] {processor.py:766} INFO - DAG(s) dict_keys(['latest_only_with_trigger']) retrieved from /home/airflow/.local/lib/python3.7/site-packages/airflow/example_dags/example_latest_only_with_trigger.py
[2022-11-20T13:06:51.197+0000] {logging_mixin.py:120} INFO - [2022-11-20T13:06:51.197+0000] {dag.py:2585} INFO - Sync 1 DAGs
[2022-11-20T13:06:51.216+0000] {logging_mixin.py:120} INFO - [2022-11-20T13:06:51.216+0000] {dag.py:3340} INFO - Setting next_dagrun for latest_only_with_trigger to 2022-11-20T09:06:51.216628+00:00, run_after=2022-11-20T13:06:51.216628+00:00
[2022-11-20T13:06:51.239+0000] {processor.py:176} INFO - Processing /home/airflow/.local/lib/python3.7/site-packages/airflow/example_dags/example_latest_only_with_trigger.py took 0.080 seconds
[2022-11-20T13:18:22.964+0000] {processor.py:154} INFO - Started process (PID=1096) to work on /home/airflow/.local/lib/python3.7/site-packages/airflow/example_dags/example_latest_only_with_trigger.py
[2022-11-20T13:18:22.966+0000] {processor.py:756} INFO - Processing file /home/airflow/.local/lib/python3.7/site-packages/airflow/example_dags/example_latest_only_with_trigger.py for tasks to queue
[2022-11-20T13:18:22.968+0000] {logging_mixin.py:120} INFO - [2022-11-20T13:18:22.968+0000] {dagbag.py:537} INFO - Filling up the DagBag from /home/airflow/.local/lib/python3.7/site-packages/airflow/example_dags/example_latest_only_with_trigger.py
[2022-11-20T13:18:23.000+0000] {processor.py:766} INFO - DAG(s) dict_keys(['latest_only_with_trigger']) retrieved from /home/airflow/.local/lib/python3.7/site-packages/airflow/example_dags/example_latest_only_with_trigger.py
[2022-11-20T13:18:23.069+0000] {logging_mixin.py:120} INFO - [2022-11-20T13:18:23.069+0000] {dag.py:2585} INFO - Sync 1 DAGs
[2022-11-20T13:18:23.124+0000] {logging_mixin.py:120} INFO - [2022-11-20T13:18:23.124+0000] {dag.py:3340} INFO - Setting next_dagrun for latest_only_with_trigger to 2022-11-20T09:18:23.124581+00:00, run_after=2022-11-20T13:18:23.124581+00:00
[2022-11-20T13:18:23.165+0000] {processor.py:176} INFO - Processing /home/airflow/.local/lib/python3.7/site-packages/airflow/example_dags/example_latest_only_with_trigger.py took 0.205 seconds
[2022-11-20T13:18:53.695+0000] {processor.py:154} INFO - Started process (PID=1163) to work on /home/airflow/.local/lib/python3.7/site-packages/airflow/example_dags/example_latest_only_with_trigger.py
[2022-11-20T13:18:53.696+0000] {processor.py:756} INFO - Processing file /home/airflow/.local/lib/python3.7/site-packages/airflow/example_dags/example_latest_only_with_trigger.py for tasks to queue
[2022-11-20T13:18:53.696+0000] {logging_mixin.py:120} INFO - [2022-11-20T13:18:53.696+0000] {dagbag.py:537} INFO - Filling up the DagBag from /home/airflow/.local/lib/python3.7/site-packages/airflow/example_dags/example_latest_only_with_trigger.py
[2022-11-20T13:18:53.704+0000] {processor.py:766} INFO - DAG(s) dict_keys(['latest_only_with_trigger']) retrieved from /home/airflow/.local/lib/python3.7/site-packages/airflow/example_dags/example_latest_only_with_trigger.py
[2022-11-20T13:18:53.724+0000] {logging_mixin.py:120} INFO - [2022-11-20T13:18:53.724+0000] {dag.py:2585} INFO - Sync 1 DAGs
[2022-11-20T13:18:53.737+0000] {logging_mixin.py:120} INFO - [2022-11-20T13:18:53.737+0000] {dag.py:3340} INFO - Setting next_dagrun for latest_only_with_trigger to 2022-11-20T09:18:53.737008+00:00, run_after=2022-11-20T13:18:53.737008+00:00
[2022-11-20T13:18:53.747+0000] {processor.py:176} INFO - Processing /home/airflow/.local/lib/python3.7/site-packages/airflow/example_dags/example_latest_only_with_trigger.py took 0.053 seconds
[2022-11-20T13:19:24.766+0000] {processor.py:154} INFO - Started process (PID=1230) to work on /home/airflow/.local/lib/python3.7/site-packages/airflow/example_dags/example_latest_only_with_trigger.py
[2022-11-20T13:19:24.766+0000] {processor.py:756} INFO - Processing file /home/airflow/.local/lib/python3.7/site-packages/airflow/example_dags/example_latest_only_with_trigger.py for tasks to queue
[2022-11-20T13:19:24.767+0000] {logging_mixin.py:120} INFO - [2022-11-20T13:19:24.767+0000] {dagbag.py:537} INFO - Filling up the DagBag from /home/airflow/.local/lib/python3.7/site-packages/airflow/example_dags/example_latest_only_with_trigger.py
[2022-11-20T13:19:24.775+0000] {processor.py:766} INFO - DAG(s) dict_keys(['latest_only_with_trigger']) retrieved from /home/airflow/.local/lib/python3.7/site-packages/airflow/example_dags/example_latest_only_with_trigger.py
[2022-11-20T13:19:24.795+0000] {logging_mixin.py:120} INFO - [2022-11-20T13:19:24.795+0000] {dag.py:2585} INFO - Sync 1 DAGs
[2022-11-20T13:19:24.807+0000] {logging_mixin.py:120} INFO - [2022-11-20T13:19:24.807+0000] {dag.py:3340} INFO - Setting next_dagrun for latest_only_with_trigger to 2022-11-20T09:19:24.807610+00:00, run_after=2022-11-20T13:19:24.807610+00:00
[2022-11-20T13:19:24.817+0000] {processor.py:176} INFO - Processing /home/airflow/.local/lib/python3.7/site-packages/airflow/example_dags/example_latest_only_with_trigger.py took 0.053 seconds
[2022-11-20T13:19:55.571+0000] {processor.py:154} INFO - Started process (PID=1291) to work on /home/airflow/.local/lib/python3.7/site-packages/airflow/example_dags/example_latest_only_with_trigger.py
[2022-11-20T13:19:55.572+0000] {processor.py:756} INFO - Processing file /home/airflow/.local/lib/python3.7/site-packages/airflow/example_dags/example_latest_only_with_trigger.py for tasks to queue
[2022-11-20T13:19:55.572+0000] {logging_mixin.py:120} INFO - [2022-11-20T13:19:55.572+0000] {dagbag.py:537} INFO - Filling up the DagBag from /home/airflow/.local/lib/python3.7/site-packages/airflow/example_dags/example_latest_only_with_trigger.py
[2022-11-20T13:19:55.580+0000] {processor.py:766} INFO - DAG(s) dict_keys(['latest_only_with_trigger']) retrieved from /home/airflow/.local/lib/python3.7/site-packages/airflow/example_dags/example_latest_only_with_trigger.py
[2022-11-20T13:19:55.604+0000] {logging_mixin.py:120} INFO - [2022-11-20T13:19:55.604+0000] {dag.py:2585} INFO - Sync 1 DAGs
[2022-11-20T13:19:55.618+0000] {logging_mixin.py:120} INFO - [2022-11-20T13:19:55.618+0000] {dag.py:3340} INFO - Setting next_dagrun for latest_only_with_trigger to 2022-11-20T09:19:55.618243+00:00, run_after=2022-11-20T13:19:55.618243+00:00
[2022-11-20T13:19:55.628+0000] {processor.py:176} INFO - Processing /home/airflow/.local/lib/python3.7/site-packages/airflow/example_dags/example_latest_only_with_trigger.py took 0.059 seconds
[2022-11-20T13:20:26.678+0000] {processor.py:154} INFO - Started process (PID=1357) to work on /home/airflow/.local/lib/python3.7/site-packages/airflow/example_dags/example_latest_only_with_trigger.py
[2022-11-20T13:20:26.679+0000] {processor.py:756} INFO - Processing file /home/airflow/.local/lib/python3.7/site-packages/airflow/example_dags/example_latest_only_with_trigger.py for tasks to queue
[2022-11-20T13:20:26.680+0000] {logging_mixin.py:120} INFO - [2022-11-20T13:20:26.680+0000] {dagbag.py:537} INFO - Filling up the DagBag from /home/airflow/.local/lib/python3.7/site-packages/airflow/example_dags/example_latest_only_with_trigger.py
[2022-11-20T13:20:26.687+0000] {processor.py:766} INFO - DAG(s) dict_keys(['latest_only_with_trigger']) retrieved from /home/airflow/.local/lib/python3.7/site-packages/airflow/example_dags/example_latest_only_with_trigger.py
[2022-11-20T13:20:26.708+0000] {logging_mixin.py:120} INFO - [2022-11-20T13:20:26.708+0000] {dag.py:2585} INFO - Sync 1 DAGs
[2022-11-20T13:20:26.721+0000] {logging_mixin.py:120} INFO - [2022-11-20T13:20:26.721+0000] {dag.py:3340} INFO - Setting next_dagrun for latest_only_with_trigger to 2022-11-20T09:20:26.721675+00:00, run_after=2022-11-20T13:20:26.721675+00:00
[2022-11-20T13:20:26.732+0000] {processor.py:176} INFO - Processing /home/airflow/.local/lib/python3.7/site-packages/airflow/example_dags/example_latest_only_with_trigger.py took 0.055 seconds
[2022-11-20T13:20:57.641+0000] {processor.py:154} INFO - Started process (PID=1424) to work on /home/airflow/.local/lib/python3.7/site-packages/airflow/example_dags/example_latest_only_with_trigger.py
[2022-11-20T13:20:57.641+0000] {processor.py:756} INFO - Processing file /home/airflow/.local/lib/python3.7/site-packages/airflow/example_dags/example_latest_only_with_trigger.py for tasks to queue
[2022-11-20T13:20:57.642+0000] {logging_mixin.py:120} INFO - [2022-11-20T13:20:57.642+0000] {dagbag.py:537} INFO - Filling up the DagBag from /home/airflow/.local/lib/python3.7/site-packages/airflow/example_dags/example_latest_only_with_trigger.py
[2022-11-20T13:20:57.649+0000] {processor.py:766} INFO - DAG(s) dict_keys(['latest_only_with_trigger']) retrieved from /home/airflow/.local/lib/python3.7/site-packages/airflow/example_dags/example_latest_only_with_trigger.py
[2022-11-20T13:20:57.668+0000] {logging_mixin.py:120} INFO - [2022-11-20T13:20:57.668+0000] {dag.py:2585} INFO - Sync 1 DAGs
[2022-11-20T13:20:57.682+0000] {logging_mixin.py:120} INFO - [2022-11-20T13:20:57.682+0000] {dag.py:3340} INFO - Setting next_dagrun for latest_only_with_trigger to 2022-11-20T09:20:57.682347+00:00, run_after=2022-11-20T13:20:57.682347+00:00
[2022-11-20T13:20:57.692+0000] {processor.py:176} INFO - Processing /home/airflow/.local/lib/python3.7/site-packages/airflow/example_dags/example_latest_only_with_trigger.py took 0.054 seconds
[2022-11-20T13:21:28.581+0000] {processor.py:154} INFO - Started process (PID=1492) to work on /home/airflow/.local/lib/python3.7/site-packages/airflow/example_dags/example_latest_only_with_trigger.py
[2022-11-20T13:21:28.581+0000] {processor.py:756} INFO - Processing file /home/airflow/.local/lib/python3.7/site-packages/airflow/example_dags/example_latest_only_with_trigger.py for tasks to queue
[2022-11-20T13:21:28.582+0000] {logging_mixin.py:120} INFO - [2022-11-20T13:21:28.582+0000] {dagbag.py:537} INFO - Filling up the DagBag from /home/airflow/.local/lib/python3.7/site-packages/airflow/example_dags/example_latest_only_with_trigger.py
[2022-11-20T13:21:28.590+0000] {processor.py:766} INFO - DAG(s) dict_keys(['latest_only_with_trigger']) retrieved from /home/airflow/.local/lib/python3.7/site-packages/airflow/example_dags/example_latest_only_with_trigger.py
[2022-11-20T13:21:28.614+0000] {logging_mixin.py:120} INFO - [2022-11-20T13:21:28.614+0000] {dag.py:2585} INFO - Sync 1 DAGs
[2022-11-20T13:21:28.627+0000] {logging_mixin.py:120} INFO - [2022-11-20T13:21:28.627+0000] {dag.py:3340} INFO - Setting next_dagrun for latest_only_with_trigger to 2022-11-20T09:21:28.627331+00:00, run_after=2022-11-20T13:21:28.627331+00:00
[2022-11-20T13:21:28.640+0000] {processor.py:176} INFO - Processing /home/airflow/.local/lib/python3.7/site-packages/airflow/example_dags/example_latest_only_with_trigger.py took 0.061 seconds
[2022-11-20T13:21:59.593+0000] {processor.py:154} INFO - Started process (PID=1557) to work on /home/airflow/.local/lib/python3.7/site-packages/airflow/example_dags/example_latest_only_with_trigger.py
[2022-11-20T13:21:59.593+0000] {processor.py:756} INFO - Processing file /home/airflow/.local/lib/python3.7/site-packages/airflow/example_dags/example_latest_only_with_trigger.py for tasks to queue
[2022-11-20T13:21:59.594+0000] {logging_mixin.py:120} INFO - [2022-11-20T13:21:59.594+0000] {dagbag.py:537} INFO - Filling up the DagBag from /home/airflow/.local/lib/python3.7/site-packages/airflow/example_dags/example_latest_only_with_trigger.py
[2022-11-20T13:21:59.601+0000] {processor.py:766} INFO - DAG(s) dict_keys(['latest_only_with_trigger']) retrieved from /home/airflow/.local/lib/python3.7/site-packages/airflow/example_dags/example_latest_only_with_trigger.py
[2022-11-20T13:21:59.621+0000] {logging_mixin.py:120} INFO - [2022-11-20T13:21:59.621+0000] {dag.py:2585} INFO - Sync 1 DAGs
[2022-11-20T13:21:59.634+0000] {logging_mixin.py:120} INFO - [2022-11-20T13:21:59.634+0000] {dag.py:3340} INFO - Setting next_dagrun for latest_only_with_trigger to 2022-11-20T09:21:59.634083+00:00, run_after=2022-11-20T13:21:59.634083+00:00
[2022-11-20T13:21:59.644+0000] {processor.py:176} INFO - Processing /home/airflow/.local/lib/python3.7/site-packages/airflow/example_dags/example_latest_only_with_trigger.py took 0.053 seconds
[2022-11-20T13:22:30.711+0000] {processor.py:154} INFO - Started process (PID=1627) to work on /home/airflow/.local/lib/python3.7/site-packages/airflow/example_dags/example_latest_only_with_trigger.py
[2022-11-20T13:22:30.711+0000] {processor.py:756} INFO - Processing file /home/airflow/.local/lib/python3.7/site-packages/airflow/example_dags/example_latest_only_with_trigger.py for tasks to queue
[2022-11-20T13:22:30.712+0000] {logging_mixin.py:120} INFO - [2022-11-20T13:22:30.712+0000] {dagbag.py:537} INFO - Filling up the DagBag from /home/airflow/.local/lib/python3.7/site-packages/airflow/example_dags/example_latest_only_with_trigger.py
[2022-11-20T13:22:30.720+0000] {processor.py:766} INFO - DAG(s) dict_keys(['latest_only_with_trigger']) retrieved from /home/airflow/.local/lib/python3.7/site-packages/airflow/example_dags/example_latest_only_with_trigger.py
[2022-11-20T13:22:30.746+0000] {logging_mixin.py:120} INFO - [2022-11-20T13:22:30.746+0000] {dag.py:2585} INFO - Sync 1 DAGs
[2022-11-20T13:22:30.761+0000] {logging_mixin.py:120} INFO - [2022-11-20T13:22:30.761+0000] {dag.py:3340} INFO - Setting next_dagrun for latest_only_with_trigger to 2022-11-20T09:22:30.760937+00:00, run_after=2022-11-20T13:22:30.760937+00:00
[2022-11-20T13:22:30.780+0000] {processor.py:176} INFO - Processing /home/airflow/.local/lib/python3.7/site-packages/airflow/example_dags/example_latest_only_with_trigger.py took 0.071 seconds
[2022-11-20T13:23:00.812+0000] {processor.py:154} INFO - Started process (PID=1694) to work on /home/airflow/.local/lib/python3.7/site-packages/airflow/example_dags/example_latest_only_with_trigger.py
[2022-11-20T13:23:00.813+0000] {processor.py:756} INFO - Processing file /home/airflow/.local/lib/python3.7/site-packages/airflow/example_dags/example_latest_only_with_trigger.py for tasks to queue
[2022-11-20T13:23:00.813+0000] {logging_mixin.py:120} INFO - [2022-11-20T13:23:00.813+0000] {dagbag.py:537} INFO - Filling up the DagBag from /home/airflow/.local/lib/python3.7/site-packages/airflow/example_dags/example_latest_only_with_trigger.py
[2022-11-20T13:23:00.821+0000] {processor.py:766} INFO - DAG(s) dict_keys(['latest_only_with_trigger']) retrieved from /home/airflow/.local/lib/python3.7/site-packages/airflow/example_dags/example_latest_only_with_trigger.py
[2022-11-20T13:23:00.842+0000] {logging_mixin.py:120} INFO - [2022-11-20T13:23:00.842+0000] {dag.py:2585} INFO - Sync 1 DAGs
[2022-11-20T13:23:00.855+0000] {logging_mixin.py:120} INFO - [2022-11-20T13:23:00.855+0000] {dag.py:3340} INFO - Setting next_dagrun for latest_only_with_trigger to 2022-11-20T09:23:00.855685+00:00, run_after=2022-11-20T13:23:00.855685+00:00
[2022-11-20T13:23:00.867+0000] {processor.py:176} INFO - Processing /home/airflow/.local/lib/python3.7/site-packages/airflow/example_dags/example_latest_only_with_trigger.py took 0.058 seconds
[2022-11-20T13:23:31.072+0000] {processor.py:154} INFO - Started process (PID=1753) to work on /home/airflow/.local/lib/python3.7/site-packages/airflow/example_dags/example_latest_only_with_trigger.py
[2022-11-20T13:23:31.073+0000] {processor.py:756} INFO - Processing file /home/airflow/.local/lib/python3.7/site-packages/airflow/example_dags/example_latest_only_with_trigger.py for tasks to queue
[2022-11-20T13:23:31.074+0000] {logging_mixin.py:120} INFO - [2022-11-20T13:23:31.074+0000] {dagbag.py:537} INFO - Filling up the DagBag from /home/airflow/.local/lib/python3.7/site-packages/airflow/example_dags/example_latest_only_with_trigger.py
[2022-11-20T13:23:31.081+0000] {processor.py:766} INFO - DAG(s) dict_keys(['latest_only_with_trigger']) retrieved from /home/airflow/.local/lib/python3.7/site-packages/airflow/example_dags/example_latest_only_with_trigger.py
[2022-11-20T13:23:31.105+0000] {logging_mixin.py:120} INFO - [2022-11-20T13:23:31.105+0000] {dag.py:2585} INFO - Sync 1 DAGs
[2022-11-20T13:23:31.118+0000] {logging_mixin.py:120} INFO - [2022-11-20T13:23:31.118+0000] {dag.py:3340} INFO - Setting next_dagrun for latest_only_with_trigger to 2022-11-20T09:23:31.118247+00:00, run_after=2022-11-20T13:23:31.118247+00:00
[2022-11-20T13:23:31.130+0000] {processor.py:176} INFO - Processing /home/airflow/.local/lib/python3.7/site-packages/airflow/example_dags/example_latest_only_with_trigger.py took 0.061 seconds
[2022-11-20T13:24:01.248+0000] {processor.py:154} INFO - Started process (PID=1823) to work on /home/airflow/.local/lib/python3.7/site-packages/airflow/example_dags/example_latest_only_with_trigger.py
[2022-11-20T13:24:01.248+0000] {processor.py:756} INFO - Processing file /home/airflow/.local/lib/python3.7/site-packages/airflow/example_dags/example_latest_only_with_trigger.py for tasks to queue
[2022-11-20T13:24:01.249+0000] {logging_mixin.py:120} INFO - [2022-11-20T13:24:01.249+0000] {dagbag.py:537} INFO - Filling up the DagBag from /home/airflow/.local/lib/python3.7/site-packages/airflow/example_dags/example_latest_only_with_trigger.py
[2022-11-20T13:24:01.255+0000] {processor.py:766} INFO - DAG(s) dict_keys(['latest_only_with_trigger']) retrieved from /home/airflow/.local/lib/python3.7/site-packages/airflow/example_dags/example_latest_only_with_trigger.py
[2022-11-20T13:24:01.275+0000] {logging_mixin.py:120} INFO - [2022-11-20T13:24:01.275+0000] {dag.py:2585} INFO - Sync 1 DAGs
[2022-11-20T13:24:01.286+0000] {logging_mixin.py:120} INFO - [2022-11-20T13:24:01.286+0000] {dag.py:3340} INFO - Setting next_dagrun for latest_only_with_trigger to 2022-11-20T09:24:01.285999+00:00, run_after=2022-11-20T13:24:01.285999+00:00
[2022-11-20T13:24:01.295+0000] {processor.py:176} INFO - Processing /home/airflow/.local/lib/python3.7/site-packages/airflow/example_dags/example_latest_only_with_trigger.py took 0.049 seconds
[2022-11-20T13:24:31.346+0000] {processor.py:154} INFO - Started process (PID=1892) to work on /home/airflow/.local/lib/python3.7/site-packages/airflow/example_dags/example_latest_only_with_trigger.py
[2022-11-20T13:24:31.347+0000] {processor.py:756} INFO - Processing file /home/airflow/.local/lib/python3.7/site-packages/airflow/example_dags/example_latest_only_with_trigger.py for tasks to queue
[2022-11-20T13:24:31.347+0000] {logging_mixin.py:120} INFO - [2022-11-20T13:24:31.347+0000] {dagbag.py:537} INFO - Filling up the DagBag from /home/airflow/.local/lib/python3.7/site-packages/airflow/example_dags/example_latest_only_with_trigger.py
[2022-11-20T13:24:31.354+0000] {processor.py:766} INFO - DAG(s) dict_keys(['latest_only_with_trigger']) retrieved from /home/airflow/.local/lib/python3.7/site-packages/airflow/example_dags/example_latest_only_with_trigger.py
[2022-11-20T13:24:31.374+0000] {logging_mixin.py:120} INFO - [2022-11-20T13:24:31.374+0000] {dag.py:2585} INFO - Sync 1 DAGs
[2022-11-20T13:24:31.386+0000] {logging_mixin.py:120} INFO - [2022-11-20T13:24:31.386+0000] {dag.py:3340} INFO - Setting next_dagrun for latest_only_with_trigger to 2022-11-20T09:24:31.386522+00:00, run_after=2022-11-20T13:24:31.386522+00:00
[2022-11-20T13:24:31.396+0000] {processor.py:176} INFO - Processing /home/airflow/.local/lib/python3.7/site-packages/airflow/example_dags/example_latest_only_with_trigger.py took 0.051 seconds
[2022-11-20T13:25:02.274+0000] {processor.py:154} INFO - Started process (PID=1960) to work on /home/airflow/.local/lib/python3.7/site-packages/airflow/example_dags/example_latest_only_with_trigger.py
[2022-11-20T13:25:02.274+0000] {processor.py:756} INFO - Processing file /home/airflow/.local/lib/python3.7/site-packages/airflow/example_dags/example_latest_only_with_trigger.py for tasks to queue
[2022-11-20T13:25:02.275+0000] {logging_mixin.py:120} INFO - [2022-11-20T13:25:02.275+0000] {dagbag.py:537} INFO - Filling up the DagBag from /home/airflow/.local/lib/python3.7/site-packages/airflow/example_dags/example_latest_only_with_trigger.py
[2022-11-20T13:25:02.282+0000] {processor.py:766} INFO - DAG(s) dict_keys(['latest_only_with_trigger']) retrieved from /home/airflow/.local/lib/python3.7/site-packages/airflow/example_dags/example_latest_only_with_trigger.py
[2022-11-20T13:25:02.302+0000] {logging_mixin.py:120} INFO - [2022-11-20T13:25:02.302+0000] {dag.py:2585} INFO - Sync 1 DAGs
[2022-11-20T13:25:02.314+0000] {logging_mixin.py:120} INFO - [2022-11-20T13:25:02.314+0000] {dag.py:3340} INFO - Setting next_dagrun for latest_only_with_trigger to 2022-11-20T09:25:02.313896+00:00, run_after=2022-11-20T13:25:02.313896+00:00
[2022-11-20T13:25:02.323+0000] {processor.py:176} INFO - Processing /home/airflow/.local/lib/python3.7/site-packages/airflow/example_dags/example_latest_only_with_trigger.py took 0.051 seconds
[2022-11-20T13:25:33.026+0000] {processor.py:154} INFO - Started process (PID=2031) to work on /home/airflow/.local/lib/python3.7/site-packages/airflow/example_dags/example_latest_only_with_trigger.py
[2022-11-20T13:25:33.027+0000] {processor.py:756} INFO - Processing file /home/airflow/.local/lib/python3.7/site-packages/airflow/example_dags/example_latest_only_with_trigger.py for tasks to queue
[2022-11-20T13:25:33.027+0000] {logging_mixin.py:120} INFO - [2022-11-20T13:25:33.027+0000] {dagbag.py:537} INFO - Filling up the DagBag from /home/airflow/.local/lib/python3.7/site-packages/airflow/example_dags/example_latest_only_with_trigger.py
[2022-11-20T13:25:33.034+0000] {processor.py:766} INFO - DAG(s) dict_keys(['latest_only_with_trigger']) retrieved from /home/airflow/.local/lib/python3.7/site-packages/airflow/example_dags/example_latest_only_with_trigger.py
[2022-11-20T13:25:33.054+0000] {logging_mixin.py:120} INFO - [2022-11-20T13:25:33.054+0000] {dag.py:2585} INFO - Sync 1 DAGs
[2022-11-20T13:25:33.066+0000] {logging_mixin.py:120} INFO - [2022-11-20T13:25:33.066+0000] {dag.py:3340} INFO - Setting next_dagrun for latest_only_with_trigger to 2022-11-20T09:25:33.066329+00:00, run_after=2022-11-20T13:25:33.066329+00:00
[2022-11-20T13:25:33.075+0000] {processor.py:176} INFO - Processing /home/airflow/.local/lib/python3.7/site-packages/airflow/example_dags/example_latest_only_with_trigger.py took 0.052 seconds
[2022-11-20T13:58:07.000+0000] {processor.py:154} INFO - Started process (PID=2079) to work on /home/airflow/.local/lib/python3.7/site-packages/airflow/example_dags/example_latest_only_with_trigger.py
[2022-11-20T13:58:07.001+0000] {processor.py:756} INFO - Processing file /home/airflow/.local/lib/python3.7/site-packages/airflow/example_dags/example_latest_only_with_trigger.py for tasks to queue
[2022-11-20T13:58:07.002+0000] {logging_mixin.py:120} INFO - [2022-11-20T13:58:07.002+0000] {dagbag.py:537} INFO - Filling up the DagBag from /home/airflow/.local/lib/python3.7/site-packages/airflow/example_dags/example_latest_only_with_trigger.py
[2022-11-20T13:58:07.017+0000] {processor.py:766} INFO - DAG(s) dict_keys(['latest_only_with_trigger']) retrieved from /home/airflow/.local/lib/python3.7/site-packages/airflow/example_dags/example_latest_only_with_trigger.py
[2022-11-20T13:58:07.065+0000] {logging_mixin.py:120} INFO - [2022-11-20T13:58:07.065+0000] {dag.py:2585} INFO - Sync 1 DAGs
[2022-11-20T13:58:07.079+0000] {logging_mixin.py:120} INFO - [2022-11-20T13:58:07.079+0000] {dag.py:3340} INFO - Setting next_dagrun for latest_only_with_trigger to 2022-11-20T09:58:07.079586+00:00, run_after=2022-11-20T13:58:07.079586+00:00
[2022-11-20T13:58:07.097+0000] {processor.py:176} INFO - Processing /home/airflow/.local/lib/python3.7/site-packages/airflow/example_dags/example_latest_only_with_trigger.py took 0.099 seconds
[2022-11-20T14:14:22.264+0000] {processor.py:154} INFO - Started process (PID=2129) to work on /home/airflow/.local/lib/python3.7/site-packages/airflow/example_dags/example_latest_only_with_trigger.py
[2022-11-20T14:14:22.265+0000] {processor.py:756} INFO - Processing file /home/airflow/.local/lib/python3.7/site-packages/airflow/example_dags/example_latest_only_with_trigger.py for tasks to queue
[2022-11-20T14:14:22.265+0000] {logging_mixin.py:120} INFO - [2022-11-20T14:14:22.265+0000] {dagbag.py:537} INFO - Filling up the DagBag from /home/airflow/.local/lib/python3.7/site-packages/airflow/example_dags/example_latest_only_with_trigger.py
[2022-11-20T14:14:22.273+0000] {processor.py:766} INFO - DAG(s) dict_keys(['latest_only_with_trigger']) retrieved from /home/airflow/.local/lib/python3.7/site-packages/airflow/example_dags/example_latest_only_with_trigger.py
[2022-11-20T14:14:22.294+0000] {logging_mixin.py:120} INFO - [2022-11-20T14:14:22.294+0000] {dag.py:2585} INFO - Sync 1 DAGs
[2022-11-20T14:14:22.306+0000] {logging_mixin.py:120} INFO - [2022-11-20T14:14:22.306+0000] {dag.py:3340} INFO - Setting next_dagrun for latest_only_with_trigger to 2022-11-20T10:14:22.306437+00:00, run_after=2022-11-20T14:14:22.306437+00:00
[2022-11-20T14:14:22.317+0000] {processor.py:176} INFO - Processing /home/airflow/.local/lib/python3.7/site-packages/airflow/example_dags/example_latest_only_with_trigger.py took 0.055 seconds
[2022-11-20T14:44:47.946+0000] {processor.py:154} INFO - Started process (PID=2176) to work on /home/airflow/.local/lib/python3.7/site-packages/airflow/example_dags/example_latest_only_with_trigger.py
[2022-11-20T14:44:47.946+0000] {processor.py:756} INFO - Processing file /home/airflow/.local/lib/python3.7/site-packages/airflow/example_dags/example_latest_only_with_trigger.py for tasks to queue
[2022-11-20T14:44:47.947+0000] {logging_mixin.py:120} INFO - [2022-11-20T14:44:47.947+0000] {dagbag.py:537} INFO - Filling up the DagBag from /home/airflow/.local/lib/python3.7/site-packages/airflow/example_dags/example_latest_only_with_trigger.py
[2022-11-20T14:44:47.954+0000] {processor.py:766} INFO - DAG(s) dict_keys(['latest_only_with_trigger']) retrieved from /home/airflow/.local/lib/python3.7/site-packages/airflow/example_dags/example_latest_only_with_trigger.py
[2022-11-20T14:44:47.975+0000] {logging_mixin.py:120} INFO - [2022-11-20T14:44:47.975+0000] {dag.py:2585} INFO - Sync 1 DAGs
[2022-11-20T14:44:47.987+0000] {logging_mixin.py:120} INFO - [2022-11-20T14:44:47.987+0000] {dag.py:3340} INFO - Setting next_dagrun for latest_only_with_trigger to 2022-11-20T10:44:47.987716+00:00, run_after=2022-11-20T14:44:47.987716+00:00
[2022-11-20T14:44:47.997+0000] {processor.py:176} INFO - Processing /home/airflow/.local/lib/python3.7/site-packages/airflow/example_dags/example_latest_only_with_trigger.py took 0.053 seconds
[2022-11-20T15:18:05.426+0000] {processor.py:154} INFO - Started process (PID=2223) to work on /home/airflow/.local/lib/python3.7/site-packages/airflow/example_dags/example_latest_only_with_trigger.py
[2022-11-20T15:18:05.427+0000] {processor.py:756} INFO - Processing file /home/airflow/.local/lib/python3.7/site-packages/airflow/example_dags/example_latest_only_with_trigger.py for tasks to queue
[2022-11-20T15:18:05.427+0000] {logging_mixin.py:120} INFO - [2022-11-20T15:18:05.427+0000] {dagbag.py:537} INFO - Filling up the DagBag from /home/airflow/.local/lib/python3.7/site-packages/airflow/example_dags/example_latest_only_with_trigger.py
[2022-11-20T15:18:05.435+0000] {processor.py:766} INFO - DAG(s) dict_keys(['latest_only_with_trigger']) retrieved from /home/airflow/.local/lib/python3.7/site-packages/airflow/example_dags/example_latest_only_with_trigger.py
[2022-11-20T15:18:05.456+0000] {logging_mixin.py:120} INFO - [2022-11-20T15:18:05.456+0000] {dag.py:2585} INFO - Sync 1 DAGs
[2022-11-20T15:18:05.469+0000] {logging_mixin.py:120} INFO - [2022-11-20T15:18:05.469+0000] {dag.py:3340} INFO - Setting next_dagrun for latest_only_with_trigger to 2022-11-20T11:18:05.468900+00:00, run_after=2022-11-20T15:18:05.468900+00:00
[2022-11-20T15:18:05.478+0000] {processor.py:176} INFO - Processing /home/airflow/.local/lib/python3.7/site-packages/airflow/example_dags/example_latest_only_with_trigger.py took 0.054 seconds
[2022-11-20T15:39:03.517+0000] {processor.py:154} INFO - Started process (PID=2260) to work on /home/airflow/.local/lib/python3.7/site-packages/airflow/example_dags/example_latest_only_with_trigger.py
[2022-11-20T15:39:03.518+0000] {processor.py:756} INFO - Processing file /home/airflow/.local/lib/python3.7/site-packages/airflow/example_dags/example_latest_only_with_trigger.py for tasks to queue
[2022-11-20T15:39:03.518+0000] {logging_mixin.py:120} INFO - [2022-11-20T15:39:03.518+0000] {dagbag.py:537} INFO - Filling up the DagBag from /home/airflow/.local/lib/python3.7/site-packages/airflow/example_dags/example_latest_only_with_trigger.py
[2022-11-20T15:39:03.526+0000] {processor.py:766} INFO - DAG(s) dict_keys(['latest_only_with_trigger']) retrieved from /home/airflow/.local/lib/python3.7/site-packages/airflow/example_dags/example_latest_only_with_trigger.py
[2022-11-20T15:39:03.547+0000] {logging_mixin.py:120} INFO - [2022-11-20T15:39:03.547+0000] {dag.py:2585} INFO - Sync 1 DAGs
[2022-11-20T15:39:03.559+0000] {logging_mixin.py:120} INFO - [2022-11-20T15:39:03.559+0000] {dag.py:3340} INFO - Setting next_dagrun for latest_only_with_trigger to 2022-11-20T11:39:03.559395+00:00, run_after=2022-11-20T15:39:03.559395+00:00
[2022-11-20T15:39:03.585+0000] {processor.py:176} INFO - Processing /home/airflow/.local/lib/python3.7/site-packages/airflow/example_dags/example_latest_only_with_trigger.py took 0.070 seconds
[2022-11-20T15:51:03.881+0000] {processor.py:154} INFO - Started process (PID=2306) to work on /home/airflow/.local/lib/python3.7/site-packages/airflow/example_dags/example_latest_only_with_trigger.py
[2022-11-20T15:51:03.887+0000] {processor.py:756} INFO - Processing file /home/airflow/.local/lib/python3.7/site-packages/airflow/example_dags/example_latest_only_with_trigger.py for tasks to queue
[2022-11-20T15:51:03.887+0000] {logging_mixin.py:120} INFO - [2022-11-20T15:51:03.887+0000] {dagbag.py:537} INFO - Filling up the DagBag from /home/airflow/.local/lib/python3.7/site-packages/airflow/example_dags/example_latest_only_with_trigger.py
[2022-11-20T15:51:03.908+0000] {processor.py:766} INFO - DAG(s) dict_keys(['latest_only_with_trigger']) retrieved from /home/airflow/.local/lib/python3.7/site-packages/airflow/example_dags/example_latest_only_with_trigger.py
[2022-11-20T15:51:03.942+0000] {logging_mixin.py:120} INFO - [2022-11-20T15:51:03.942+0000] {dag.py:2585} INFO - Sync 1 DAGs
[2022-11-20T15:51:03.955+0000] {logging_mixin.py:120} INFO - [2022-11-20T15:51:03.955+0000] {dag.py:3340} INFO - Setting next_dagrun for latest_only_with_trigger to 2022-11-20T11:51:03.955597+00:00, run_after=2022-11-20T15:51:03.955597+00:00
[2022-11-20T15:51:03.988+0000] {processor.py:176} INFO - Processing /home/airflow/.local/lib/python3.7/site-packages/airflow/example_dags/example_latest_only_with_trigger.py took 0.110 seconds
[2022-11-20T16:06:45.443+0000] {processor.py:154} INFO - Started process (PID=2352) to work on /home/airflow/.local/lib/python3.7/site-packages/airflow/example_dags/example_latest_only_with_trigger.py
[2022-11-20T16:06:45.445+0000] {processor.py:756} INFO - Processing file /home/airflow/.local/lib/python3.7/site-packages/airflow/example_dags/example_latest_only_with_trigger.py for tasks to queue
[2022-11-20T16:06:45.445+0000] {logging_mixin.py:120} INFO - [2022-11-20T16:06:45.445+0000] {dagbag.py:537} INFO - Filling up the DagBag from /home/airflow/.local/lib/python3.7/site-packages/airflow/example_dags/example_latest_only_with_trigger.py
[2022-11-20T16:06:45.465+0000] {processor.py:766} INFO - DAG(s) dict_keys(['latest_only_with_trigger']) retrieved from /home/airflow/.local/lib/python3.7/site-packages/airflow/example_dags/example_latest_only_with_trigger.py
[2022-11-20T16:06:45.504+0000] {logging_mixin.py:120} INFO - [2022-11-20T16:06:45.504+0000] {dag.py:2585} INFO - Sync 1 DAGs
[2022-11-20T16:06:45.525+0000] {logging_mixin.py:120} INFO - [2022-11-20T16:06:45.525+0000] {dag.py:3340} INFO - Setting next_dagrun for latest_only_with_trigger to 2022-11-20T12:06:45.525345+00:00, run_after=2022-11-20T16:06:45.525345+00:00
[2022-11-20T16:06:45.551+0000] {processor.py:176} INFO - Processing /home/airflow/.local/lib/python3.7/site-packages/airflow/example_dags/example_latest_only_with_trigger.py took 0.111 seconds
[2022-11-20T16:08:33.713+0000] {processor.py:154} INFO - Started process (PID=2403) to work on /home/airflow/.local/lib/python3.7/site-packages/airflow/example_dags/example_latest_only_with_trigger.py
[2022-11-20T16:08:33.713+0000] {processor.py:756} INFO - Processing file /home/airflow/.local/lib/python3.7/site-packages/airflow/example_dags/example_latest_only_with_trigger.py for tasks to queue
[2022-11-20T16:08:33.714+0000] {logging_mixin.py:120} INFO - [2022-11-20T16:08:33.714+0000] {dagbag.py:537} INFO - Filling up the DagBag from /home/airflow/.local/lib/python3.7/site-packages/airflow/example_dags/example_latest_only_with_trigger.py
[2022-11-20T16:08:33.721+0000] {processor.py:766} INFO - DAG(s) dict_keys(['latest_only_with_trigger']) retrieved from /home/airflow/.local/lib/python3.7/site-packages/airflow/example_dags/example_latest_only_with_trigger.py
[2022-11-20T16:08:33.740+0000] {logging_mixin.py:120} INFO - [2022-11-20T16:08:33.740+0000] {dag.py:2585} INFO - Sync 1 DAGs
[2022-11-20T16:08:33.753+0000] {logging_mixin.py:120} INFO - [2022-11-20T16:08:33.753+0000] {dag.py:3340} INFO - Setting next_dagrun for latest_only_with_trigger to 2022-11-20T12:08:33.752905+00:00, run_after=2022-11-20T16:08:33.752905+00:00
[2022-11-20T16:08:33.762+0000] {processor.py:176} INFO - Processing /home/airflow/.local/lib/python3.7/site-packages/airflow/example_dags/example_latest_only_with_trigger.py took 0.051 seconds
[2022-11-20T16:27:59.418+0000] {processor.py:154} INFO - Started process (PID=2449) to work on /home/airflow/.local/lib/python3.7/site-packages/airflow/example_dags/example_latest_only_with_trigger.py
[2022-11-20T16:27:59.419+0000] {processor.py:756} INFO - Processing file /home/airflow/.local/lib/python3.7/site-packages/airflow/example_dags/example_latest_only_with_trigger.py for tasks to queue
[2022-11-20T16:27:59.419+0000] {logging_mixin.py:120} INFO - [2022-11-20T16:27:59.419+0000] {dagbag.py:537} INFO - Filling up the DagBag from /home/airflow/.local/lib/python3.7/site-packages/airflow/example_dags/example_latest_only_with_trigger.py
[2022-11-20T16:27:59.433+0000] {processor.py:766} INFO - DAG(s) dict_keys(['latest_only_with_trigger']) retrieved from /home/airflow/.local/lib/python3.7/site-packages/airflow/example_dags/example_latest_only_with_trigger.py
[2022-11-20T16:27:59.470+0000] {logging_mixin.py:120} INFO - [2022-11-20T16:27:59.470+0000] {dag.py:2585} INFO - Sync 1 DAGs
[2022-11-20T16:27:59.502+0000] {logging_mixin.py:120} INFO - [2022-11-20T16:27:59.502+0000] {dag.py:3340} INFO - Setting next_dagrun for latest_only_with_trigger to 2022-11-20T12:27:59.502124+00:00, run_after=2022-11-20T16:27:59.502124+00:00
[2022-11-20T16:27:59.584+0000] {processor.py:176} INFO - Processing /home/airflow/.local/lib/python3.7/site-packages/airflow/example_dags/example_latest_only_with_trigger.py took 0.168 seconds
[2022-11-20T16:43:49.673+0000] {processor.py:154} INFO - Started process (PID=2498) to work on /home/airflow/.local/lib/python3.7/site-packages/airflow/example_dags/example_latest_only_with_trigger.py
[2022-11-20T16:43:49.674+0000] {processor.py:756} INFO - Processing file /home/airflow/.local/lib/python3.7/site-packages/airflow/example_dags/example_latest_only_with_trigger.py for tasks to queue
[2022-11-20T16:43:49.674+0000] {logging_mixin.py:120} INFO - [2022-11-20T16:43:49.674+0000] {dagbag.py:537} INFO - Filling up the DagBag from /home/airflow/.local/lib/python3.7/site-packages/airflow/example_dags/example_latest_only_with_trigger.py
[2022-11-20T16:43:49.683+0000] {processor.py:766} INFO - DAG(s) dict_keys(['latest_only_with_trigger']) retrieved from /home/airflow/.local/lib/python3.7/site-packages/airflow/example_dags/example_latest_only_with_trigger.py
[2022-11-20T16:43:49.704+0000] {logging_mixin.py:120} INFO - [2022-11-20T16:43:49.704+0000] {dag.py:2585} INFO - Sync 1 DAGs
[2022-11-20T16:43:49.716+0000] {logging_mixin.py:120} INFO - [2022-11-20T16:43:49.716+0000] {dag.py:3340} INFO - Setting next_dagrun for latest_only_with_trigger to 2022-11-20T12:43:49.716327+00:00, run_after=2022-11-20T16:43:49.716327+00:00
[2022-11-20T16:43:49.726+0000] {processor.py:176} INFO - Processing /home/airflow/.local/lib/python3.7/site-packages/airflow/example_dags/example_latest_only_with_trigger.py took 0.055 seconds
[2022-11-20T17:17:43.324+0000] {processor.py:154} INFO - Started process (PID=2545) to work on /home/airflow/.local/lib/python3.7/site-packages/airflow/example_dags/example_latest_only_with_trigger.py
[2022-11-20T17:17:43.325+0000] {processor.py:756} INFO - Processing file /home/airflow/.local/lib/python3.7/site-packages/airflow/example_dags/example_latest_only_with_trigger.py for tasks to queue
[2022-11-20T17:17:43.326+0000] {logging_mixin.py:120} INFO - [2022-11-20T17:17:43.325+0000] {dagbag.py:537} INFO - Filling up the DagBag from /home/airflow/.local/lib/python3.7/site-packages/airflow/example_dags/example_latest_only_with_trigger.py
[2022-11-20T17:17:43.343+0000] {processor.py:766} INFO - DAG(s) dict_keys(['latest_only_with_trigger']) retrieved from /home/airflow/.local/lib/python3.7/site-packages/airflow/example_dags/example_latest_only_with_trigger.py
[2022-11-20T17:17:43.379+0000] {logging_mixin.py:120} INFO - [2022-11-20T17:17:43.379+0000] {dag.py:2585} INFO - Sync 1 DAGs
[2022-11-20T17:17:43.399+0000] {logging_mixin.py:120} INFO - [2022-11-20T17:17:43.399+0000] {dag.py:3340} INFO - Setting next_dagrun for latest_only_with_trigger to 2022-11-20T13:17:43.399403+00:00, run_after=2022-11-20T17:17:43.399403+00:00
[2022-11-20T17:17:43.411+0000] {processor.py:176} INFO - Processing /home/airflow/.local/lib/python3.7/site-packages/airflow/example_dags/example_latest_only_with_trigger.py took 0.090 seconds
[2022-11-20T17:22:38.001+0000] {processor.py:154} INFO - Started process (PID=2592) to work on /home/airflow/.local/lib/python3.7/site-packages/airflow/example_dags/example_latest_only_with_trigger.py
[2022-11-20T17:22:38.003+0000] {processor.py:756} INFO - Processing file /home/airflow/.local/lib/python3.7/site-packages/airflow/example_dags/example_latest_only_with_trigger.py for tasks to queue
[2022-11-20T17:22:38.004+0000] {logging_mixin.py:120} INFO - [2022-11-20T17:22:38.004+0000] {dagbag.py:537} INFO - Filling up the DagBag from /home/airflow/.local/lib/python3.7/site-packages/airflow/example_dags/example_latest_only_with_trigger.py
[2022-11-20T17:22:38.015+0000] {processor.py:766} INFO - DAG(s) dict_keys(['latest_only_with_trigger']) retrieved from /home/airflow/.local/lib/python3.7/site-packages/airflow/example_dags/example_latest_only_with_trigger.py
[2022-11-20T17:22:38.038+0000] {logging_mixin.py:120} INFO - [2022-11-20T17:22:38.038+0000] {dag.py:2585} INFO - Sync 1 DAGs
[2022-11-20T17:22:38.052+0000] {logging_mixin.py:120} INFO - [2022-11-20T17:22:38.052+0000] {dag.py:3340} INFO - Setting next_dagrun for latest_only_with_trigger to 2022-11-20T13:22:38.052054+00:00, run_after=2022-11-20T17:22:38.052054+00:00
[2022-11-20T17:22:38.063+0000] {processor.py:176} INFO - Processing /home/airflow/.local/lib/python3.7/site-packages/airflow/example_dags/example_latest_only_with_trigger.py took 0.064 seconds
[2022-11-20T17:23:08.521+0000] {processor.py:154} INFO - Started process (PID=2659) to work on /home/airflow/.local/lib/python3.7/site-packages/airflow/example_dags/example_latest_only_with_trigger.py
[2022-11-20T17:23:08.521+0000] {processor.py:756} INFO - Processing file /home/airflow/.local/lib/python3.7/site-packages/airflow/example_dags/example_latest_only_with_trigger.py for tasks to queue
[2022-11-20T17:23:08.522+0000] {logging_mixin.py:120} INFO - [2022-11-20T17:23:08.522+0000] {dagbag.py:537} INFO - Filling up the DagBag from /home/airflow/.local/lib/python3.7/site-packages/airflow/example_dags/example_latest_only_with_trigger.py
[2022-11-20T17:23:08.530+0000] {processor.py:766} INFO - DAG(s) dict_keys(['latest_only_with_trigger']) retrieved from /home/airflow/.local/lib/python3.7/site-packages/airflow/example_dags/example_latest_only_with_trigger.py
[2022-11-20T17:23:08.552+0000] {logging_mixin.py:120} INFO - [2022-11-20T17:23:08.552+0000] {dag.py:2585} INFO - Sync 1 DAGs
[2022-11-20T17:23:08.565+0000] {logging_mixin.py:120} INFO - [2022-11-20T17:23:08.565+0000] {dag.py:3340} INFO - Setting next_dagrun for latest_only_with_trigger to 2022-11-20T13:23:08.565090+00:00, run_after=2022-11-20T17:23:08.565090+00:00
[2022-11-20T17:23:08.574+0000] {processor.py:176} INFO - Processing /home/airflow/.local/lib/python3.7/site-packages/airflow/example_dags/example_latest_only_with_trigger.py took 0.056 seconds
[2022-11-20T17:23:39.368+0000] {processor.py:154} INFO - Started process (PID=2729) to work on /home/airflow/.local/lib/python3.7/site-packages/airflow/example_dags/example_latest_only_with_trigger.py
[2022-11-20T17:23:39.369+0000] {processor.py:756} INFO - Processing file /home/airflow/.local/lib/python3.7/site-packages/airflow/example_dags/example_latest_only_with_trigger.py for tasks to queue
[2022-11-20T17:23:39.370+0000] {logging_mixin.py:120} INFO - [2022-11-20T17:23:39.370+0000] {dagbag.py:537} INFO - Filling up the DagBag from /home/airflow/.local/lib/python3.7/site-packages/airflow/example_dags/example_latest_only_with_trigger.py
[2022-11-20T17:23:39.378+0000] {processor.py:766} INFO - DAG(s) dict_keys(['latest_only_with_trigger']) retrieved from /home/airflow/.local/lib/python3.7/site-packages/airflow/example_dags/example_latest_only_with_trigger.py
[2022-11-20T17:23:39.403+0000] {logging_mixin.py:120} INFO - [2022-11-20T17:23:39.403+0000] {dag.py:2585} INFO - Sync 1 DAGs
[2022-11-20T17:23:39.418+0000] {logging_mixin.py:120} INFO - [2022-11-20T17:23:39.418+0000] {dag.py:3340} INFO - Setting next_dagrun for latest_only_with_trigger to 2022-11-20T13:23:39.418764+00:00, run_after=2022-11-20T17:23:39.418764+00:00
[2022-11-20T17:23:39.428+0000] {processor.py:176} INFO - Processing /home/airflow/.local/lib/python3.7/site-packages/airflow/example_dags/example_latest_only_with_trigger.py took 0.062 seconds
[2022-11-20T17:24:09.496+0000] {processor.py:154} INFO - Started process (PID=2799) to work on /home/airflow/.local/lib/python3.7/site-packages/airflow/example_dags/example_latest_only_with_trigger.py
[2022-11-20T17:24:09.497+0000] {processor.py:756} INFO - Processing file /home/airflow/.local/lib/python3.7/site-packages/airflow/example_dags/example_latest_only_with_trigger.py for tasks to queue
[2022-11-20T17:24:09.498+0000] {logging_mixin.py:120} INFO - [2022-11-20T17:24:09.498+0000] {dagbag.py:537} INFO - Filling up the DagBag from /home/airflow/.local/lib/python3.7/site-packages/airflow/example_dags/example_latest_only_with_trigger.py
[2022-11-20T17:24:09.512+0000] {processor.py:766} INFO - DAG(s) dict_keys(['latest_only_with_trigger']) retrieved from /home/airflow/.local/lib/python3.7/site-packages/airflow/example_dags/example_latest_only_with_trigger.py
[2022-11-20T17:24:09.542+0000] {logging_mixin.py:120} INFO - [2022-11-20T17:24:09.542+0000] {dag.py:2585} INFO - Sync 1 DAGs
[2022-11-20T17:24:09.557+0000] {logging_mixin.py:120} INFO - [2022-11-20T17:24:09.557+0000] {dag.py:3340} INFO - Setting next_dagrun for latest_only_with_trigger to 2022-11-20T13:24:09.557210+00:00, run_after=2022-11-20T17:24:09.557210+00:00
[2022-11-20T17:24:09.571+0000] {processor.py:176} INFO - Processing /home/airflow/.local/lib/python3.7/site-packages/airflow/example_dags/example_latest_only_with_trigger.py took 0.078 seconds
[2022-11-20T17:24:39.596+0000] {processor.py:154} INFO - Started process (PID=2858) to work on /home/airflow/.local/lib/python3.7/site-packages/airflow/example_dags/example_latest_only_with_trigger.py
[2022-11-20T17:24:39.597+0000] {processor.py:756} INFO - Processing file /home/airflow/.local/lib/python3.7/site-packages/airflow/example_dags/example_latest_only_with_trigger.py for tasks to queue
[2022-11-20T17:24:39.597+0000] {logging_mixin.py:120} INFO - [2022-11-20T17:24:39.597+0000] {dagbag.py:537} INFO - Filling up the DagBag from /home/airflow/.local/lib/python3.7/site-packages/airflow/example_dags/example_latest_only_with_trigger.py
[2022-11-20T17:24:39.604+0000] {processor.py:766} INFO - DAG(s) dict_keys(['latest_only_with_trigger']) retrieved from /home/airflow/.local/lib/python3.7/site-packages/airflow/example_dags/example_latest_only_with_trigger.py
[2022-11-20T17:24:39.623+0000] {logging_mixin.py:120} INFO - [2022-11-20T17:24:39.623+0000] {dag.py:2585} INFO - Sync 1 DAGs
[2022-11-20T17:24:39.635+0000] {logging_mixin.py:120} INFO - [2022-11-20T17:24:39.635+0000] {dag.py:3340} INFO - Setting next_dagrun for latest_only_with_trigger to 2022-11-20T13:24:39.635360+00:00, run_after=2022-11-20T17:24:39.635360+00:00
[2022-11-20T17:24:39.645+0000] {processor.py:176} INFO - Processing /home/airflow/.local/lib/python3.7/site-packages/airflow/example_dags/example_latest_only_with_trigger.py took 0.051 seconds
[2022-11-20T17:25:10.344+0000] {processor.py:154} INFO - Started process (PID=2927) to work on /home/airflow/.local/lib/python3.7/site-packages/airflow/example_dags/example_latest_only_with_trigger.py
[2022-11-20T17:25:10.345+0000] {processor.py:756} INFO - Processing file /home/airflow/.local/lib/python3.7/site-packages/airflow/example_dags/example_latest_only_with_trigger.py for tasks to queue
[2022-11-20T17:25:10.345+0000] {logging_mixin.py:120} INFO - [2022-11-20T17:25:10.345+0000] {dagbag.py:537} INFO - Filling up the DagBag from /home/airflow/.local/lib/python3.7/site-packages/airflow/example_dags/example_latest_only_with_trigger.py
[2022-11-20T17:25:10.354+0000] {processor.py:766} INFO - DAG(s) dict_keys(['latest_only_with_trigger']) retrieved from /home/airflow/.local/lib/python3.7/site-packages/airflow/example_dags/example_latest_only_with_trigger.py
[2022-11-20T17:25:10.376+0000] {logging_mixin.py:120} INFO - [2022-11-20T17:25:10.376+0000] {dag.py:2585} INFO - Sync 1 DAGs
[2022-11-20T17:25:10.392+0000] {logging_mixin.py:120} INFO - [2022-11-20T17:25:10.392+0000] {dag.py:3340} INFO - Setting next_dagrun for latest_only_with_trigger to 2022-11-20T13:25:10.392543+00:00, run_after=2022-11-20T17:25:10.392543+00:00
[2022-11-20T17:25:10.407+0000] {processor.py:176} INFO - Processing /home/airflow/.local/lib/python3.7/site-packages/airflow/example_dags/example_latest_only_with_trigger.py took 0.064 seconds
[2022-11-20T17:25:41.332+0000] {processor.py:154} INFO - Started process (PID=3000) to work on /home/airflow/.local/lib/python3.7/site-packages/airflow/example_dags/example_latest_only_with_trigger.py
[2022-11-20T17:25:41.332+0000] {processor.py:756} INFO - Processing file /home/airflow/.local/lib/python3.7/site-packages/airflow/example_dags/example_latest_only_with_trigger.py for tasks to queue
[2022-11-20T17:25:41.333+0000] {logging_mixin.py:120} INFO - [2022-11-20T17:25:41.333+0000] {dagbag.py:537} INFO - Filling up the DagBag from /home/airflow/.local/lib/python3.7/site-packages/airflow/example_dags/example_latest_only_with_trigger.py
[2022-11-20T17:25:41.341+0000] {processor.py:766} INFO - DAG(s) dict_keys(['latest_only_with_trigger']) retrieved from /home/airflow/.local/lib/python3.7/site-packages/airflow/example_dags/example_latest_only_with_trigger.py
[2022-11-20T17:25:41.371+0000] {logging_mixin.py:120} INFO - [2022-11-20T17:25:41.371+0000] {dag.py:2585} INFO - Sync 1 DAGs
[2022-11-20T17:25:41.386+0000] {logging_mixin.py:120} INFO - [2022-11-20T17:25:41.386+0000] {dag.py:3340} INFO - Setting next_dagrun for latest_only_with_trigger to 2022-11-20T13:25:41.386167+00:00, run_after=2022-11-20T17:25:41.386167+00:00
[2022-11-20T17:25:41.397+0000] {processor.py:176} INFO - Processing /home/airflow/.local/lib/python3.7/site-packages/airflow/example_dags/example_latest_only_with_trigger.py took 0.068 seconds
[2022-11-20T17:26:11.715+0000] {processor.py:154} INFO - Started process (PID=3066) to work on /home/airflow/.local/lib/python3.7/site-packages/airflow/example_dags/example_latest_only_with_trigger.py
[2022-11-20T17:26:11.715+0000] {processor.py:756} INFO - Processing file /home/airflow/.local/lib/python3.7/site-packages/airflow/example_dags/example_latest_only_with_trigger.py for tasks to queue
[2022-11-20T17:26:11.716+0000] {logging_mixin.py:120} INFO - [2022-11-20T17:26:11.716+0000] {dagbag.py:537} INFO - Filling up the DagBag from /home/airflow/.local/lib/python3.7/site-packages/airflow/example_dags/example_latest_only_with_trigger.py
[2022-11-20T17:26:11.725+0000] {processor.py:766} INFO - DAG(s) dict_keys(['latest_only_with_trigger']) retrieved from /home/airflow/.local/lib/python3.7/site-packages/airflow/example_dags/example_latest_only_with_trigger.py
[2022-11-20T17:26:11.750+0000] {logging_mixin.py:120} INFO - [2022-11-20T17:26:11.750+0000] {dag.py:2585} INFO - Sync 1 DAGs
[2022-11-20T17:26:11.764+0000] {logging_mixin.py:120} INFO - [2022-11-20T17:26:11.764+0000] {dag.py:3340} INFO - Setting next_dagrun for latest_only_with_trigger to 2022-11-20T13:26:11.764201+00:00, run_after=2022-11-20T17:26:11.764201+00:00
[2022-11-20T17:26:11.775+0000] {processor.py:176} INFO - Processing /home/airflow/.local/lib/python3.7/site-packages/airflow/example_dags/example_latest_only_with_trigger.py took 0.062 seconds
[2022-11-20T17:26:41.941+0000] {processor.py:154} INFO - Started process (PID=3133) to work on /home/airflow/.local/lib/python3.7/site-packages/airflow/example_dags/example_latest_only_with_trigger.py
[2022-11-20T17:26:41.941+0000] {processor.py:756} INFO - Processing file /home/airflow/.local/lib/python3.7/site-packages/airflow/example_dags/example_latest_only_with_trigger.py for tasks to queue
[2022-11-20T17:26:41.942+0000] {logging_mixin.py:120} INFO - [2022-11-20T17:26:41.942+0000] {dagbag.py:537} INFO - Filling up the DagBag from /home/airflow/.local/lib/python3.7/site-packages/airflow/example_dags/example_latest_only_with_trigger.py
[2022-11-20T17:26:41.949+0000] {processor.py:766} INFO - DAG(s) dict_keys(['latest_only_with_trigger']) retrieved from /home/airflow/.local/lib/python3.7/site-packages/airflow/example_dags/example_latest_only_with_trigger.py
[2022-11-20T17:26:41.969+0000] {logging_mixin.py:120} INFO - [2022-11-20T17:26:41.969+0000] {dag.py:2585} INFO - Sync 1 DAGs
[2022-11-20T17:26:41.981+0000] {logging_mixin.py:120} INFO - [2022-11-20T17:26:41.981+0000] {dag.py:3340} INFO - Setting next_dagrun for latest_only_with_trigger to 2022-11-20T13:26:41.981367+00:00, run_after=2022-11-20T17:26:41.981367+00:00
[2022-11-20T17:26:41.990+0000] {processor.py:176} INFO - Processing /home/airflow/.local/lib/python3.7/site-packages/airflow/example_dags/example_latest_only_with_trigger.py took 0.052 seconds
[2022-11-20T17:27:12.162+0000] {processor.py:154} INFO - Started process (PID=3200) to work on /home/airflow/.local/lib/python3.7/site-packages/airflow/example_dags/example_latest_only_with_trigger.py
[2022-11-20T17:27:12.163+0000] {processor.py:756} INFO - Processing file /home/airflow/.local/lib/python3.7/site-packages/airflow/example_dags/example_latest_only_with_trigger.py for tasks to queue
[2022-11-20T17:27:12.163+0000] {logging_mixin.py:120} INFO - [2022-11-20T17:27:12.163+0000] {dagbag.py:537} INFO - Filling up the DagBag from /home/airflow/.local/lib/python3.7/site-packages/airflow/example_dags/example_latest_only_with_trigger.py
[2022-11-20T17:27:12.170+0000] {processor.py:766} INFO - DAG(s) dict_keys(['latest_only_with_trigger']) retrieved from /home/airflow/.local/lib/python3.7/site-packages/airflow/example_dags/example_latest_only_with_trigger.py
[2022-11-20T17:27:12.190+0000] {logging_mixin.py:120} INFO - [2022-11-20T17:27:12.190+0000] {dag.py:2585} INFO - Sync 1 DAGs
[2022-11-20T17:27:12.203+0000] {logging_mixin.py:120} INFO - [2022-11-20T17:27:12.203+0000] {dag.py:3340} INFO - Setting next_dagrun for latest_only_with_trigger to 2022-11-20T13:27:12.203700+00:00, run_after=2022-11-20T17:27:12.203700+00:00
[2022-11-20T17:27:12.213+0000] {processor.py:176} INFO - Processing /home/airflow/.local/lib/python3.7/site-packages/airflow/example_dags/example_latest_only_with_trigger.py took 0.054 seconds
[2022-11-20T17:27:43.233+0000] {processor.py:154} INFO - Started process (PID=3259) to work on /home/airflow/.local/lib/python3.7/site-packages/airflow/example_dags/example_latest_only_with_trigger.py
[2022-11-20T17:27:43.234+0000] {processor.py:756} INFO - Processing file /home/airflow/.local/lib/python3.7/site-packages/airflow/example_dags/example_latest_only_with_trigger.py for tasks to queue
[2022-11-20T17:27:43.234+0000] {logging_mixin.py:120} INFO - [2022-11-20T17:27:43.234+0000] {dagbag.py:537} INFO - Filling up the DagBag from /home/airflow/.local/lib/python3.7/site-packages/airflow/example_dags/example_latest_only_with_trigger.py
[2022-11-20T17:27:43.241+0000] {processor.py:766} INFO - DAG(s) dict_keys(['latest_only_with_trigger']) retrieved from /home/airflow/.local/lib/python3.7/site-packages/airflow/example_dags/example_latest_only_with_trigger.py
[2022-11-20T17:27:43.261+0000] {logging_mixin.py:120} INFO - [2022-11-20T17:27:43.261+0000] {dag.py:2585} INFO - Sync 1 DAGs
[2022-11-20T17:27:43.273+0000] {logging_mixin.py:120} INFO - [2022-11-20T17:27:43.273+0000] {dag.py:3340} INFO - Setting next_dagrun for latest_only_with_trigger to 2022-11-20T13:27:43.273791+00:00, run_after=2022-11-20T17:27:43.273791+00:00
[2022-11-20T17:27:43.284+0000] {processor.py:176} INFO - Processing /home/airflow/.local/lib/python3.7/site-packages/airflow/example_dags/example_latest_only_with_trigger.py took 0.053 seconds
[2022-11-20T17:28:14.037+0000] {processor.py:154} INFO - Started process (PID=3331) to work on /home/airflow/.local/lib/python3.7/site-packages/airflow/example_dags/example_latest_only_with_trigger.py
[2022-11-20T17:28:14.037+0000] {processor.py:756} INFO - Processing file /home/airflow/.local/lib/python3.7/site-packages/airflow/example_dags/example_latest_only_with_trigger.py for tasks to queue
[2022-11-20T17:28:14.037+0000] {logging_mixin.py:120} INFO - [2022-11-20T17:28:14.037+0000] {dagbag.py:537} INFO - Filling up the DagBag from /home/airflow/.local/lib/python3.7/site-packages/airflow/example_dags/example_latest_only_with_trigger.py
[2022-11-20T17:28:14.045+0000] {processor.py:766} INFO - DAG(s) dict_keys(['latest_only_with_trigger']) retrieved from /home/airflow/.local/lib/python3.7/site-packages/airflow/example_dags/example_latest_only_with_trigger.py
[2022-11-20T17:28:14.067+0000] {logging_mixin.py:120} INFO - [2022-11-20T17:28:14.067+0000] {dag.py:2585} INFO - Sync 1 DAGs
[2022-11-20T17:28:14.082+0000] {logging_mixin.py:120} INFO - [2022-11-20T17:28:14.082+0000] {dag.py:3340} INFO - Setting next_dagrun for latest_only_with_trigger to 2022-11-20T13:28:14.082144+00:00, run_after=2022-11-20T17:28:14.082144+00:00
[2022-11-20T17:28:14.094+0000] {processor.py:176} INFO - Processing /home/airflow/.local/lib/python3.7/site-packages/airflow/example_dags/example_latest_only_with_trigger.py took 0.059 seconds
[2022-11-20T17:28:44.828+0000] {processor.py:154} INFO - Started process (PID=3400) to work on /home/airflow/.local/lib/python3.7/site-packages/airflow/example_dags/example_latest_only_with_trigger.py
[2022-11-20T17:28:44.828+0000] {processor.py:756} INFO - Processing file /home/airflow/.local/lib/python3.7/site-packages/airflow/example_dags/example_latest_only_with_trigger.py for tasks to queue
[2022-11-20T17:28:44.829+0000] {logging_mixin.py:120} INFO - [2022-11-20T17:28:44.829+0000] {dagbag.py:537} INFO - Filling up the DagBag from /home/airflow/.local/lib/python3.7/site-packages/airflow/example_dags/example_latest_only_with_trigger.py
[2022-11-20T17:28:44.837+0000] {processor.py:766} INFO - DAG(s) dict_keys(['latest_only_with_trigger']) retrieved from /home/airflow/.local/lib/python3.7/site-packages/airflow/example_dags/example_latest_only_with_trigger.py
[2022-11-20T17:28:44.857+0000] {logging_mixin.py:120} INFO - [2022-11-20T17:28:44.857+0000] {dag.py:2585} INFO - Sync 1 DAGs
[2022-11-20T17:28:44.870+0000] {logging_mixin.py:120} INFO - [2022-11-20T17:28:44.870+0000] {dag.py:3340} INFO - Setting next_dagrun for latest_only_with_trigger to 2022-11-20T13:28:44.869977+00:00, run_after=2022-11-20T17:28:44.869977+00:00
[2022-11-20T17:28:44.883+0000] {processor.py:176} INFO - Processing /home/airflow/.local/lib/python3.7/site-packages/airflow/example_dags/example_latest_only_with_trigger.py took 0.057 seconds
[2022-11-20T17:29:15.703+0000] {processor.py:154} INFO - Started process (PID=3468) to work on /home/airflow/.local/lib/python3.7/site-packages/airflow/example_dags/example_latest_only_with_trigger.py
[2022-11-20T17:29:15.704+0000] {processor.py:756} INFO - Processing file /home/airflow/.local/lib/python3.7/site-packages/airflow/example_dags/example_latest_only_with_trigger.py for tasks to queue
[2022-11-20T17:29:15.704+0000] {logging_mixin.py:120} INFO - [2022-11-20T17:29:15.704+0000] {dagbag.py:537} INFO - Filling up the DagBag from /home/airflow/.local/lib/python3.7/site-packages/airflow/example_dags/example_latest_only_with_trigger.py
[2022-11-20T17:29:15.712+0000] {processor.py:766} INFO - DAG(s) dict_keys(['latest_only_with_trigger']) retrieved from /home/airflow/.local/lib/python3.7/site-packages/airflow/example_dags/example_latest_only_with_trigger.py
[2022-11-20T17:29:15.732+0000] {logging_mixin.py:120} INFO - [2022-11-20T17:29:15.732+0000] {dag.py:2585} INFO - Sync 1 DAGs
[2022-11-20T17:29:15.745+0000] {logging_mixin.py:120} INFO - [2022-11-20T17:29:15.745+0000] {dag.py:3340} INFO - Setting next_dagrun for latest_only_with_trigger to 2022-11-20T13:29:15.744974+00:00, run_after=2022-11-20T17:29:15.744974+00:00
[2022-11-20T17:29:15.755+0000] {processor.py:176} INFO - Processing /home/airflow/.local/lib/python3.7/site-packages/airflow/example_dags/example_latest_only_with_trigger.py took 0.054 seconds
[2022-11-20T17:29:46.600+0000] {processor.py:154} INFO - Started process (PID=3534) to work on /home/airflow/.local/lib/python3.7/site-packages/airflow/example_dags/example_latest_only_with_trigger.py
[2022-11-20T17:29:46.601+0000] {processor.py:756} INFO - Processing file /home/airflow/.local/lib/python3.7/site-packages/airflow/example_dags/example_latest_only_with_trigger.py for tasks to queue
[2022-11-20T17:29:46.601+0000] {logging_mixin.py:120} INFO - [2022-11-20T17:29:46.601+0000] {dagbag.py:537} INFO - Filling up the DagBag from /home/airflow/.local/lib/python3.7/site-packages/airflow/example_dags/example_latest_only_with_trigger.py
[2022-11-20T17:29:46.609+0000] {processor.py:766} INFO - DAG(s) dict_keys(['latest_only_with_trigger']) retrieved from /home/airflow/.local/lib/python3.7/site-packages/airflow/example_dags/example_latest_only_with_trigger.py
[2022-11-20T17:29:46.630+0000] {logging_mixin.py:120} INFO - [2022-11-20T17:29:46.630+0000] {dag.py:2585} INFO - Sync 1 DAGs
[2022-11-20T17:29:46.643+0000] {logging_mixin.py:120} INFO - [2022-11-20T17:29:46.643+0000] {dag.py:3340} INFO - Setting next_dagrun for latest_only_with_trigger to 2022-11-20T13:29:46.643624+00:00, run_after=2022-11-20T17:29:46.643624+00:00
[2022-11-20T17:29:46.654+0000] {processor.py:176} INFO - Processing /home/airflow/.local/lib/python3.7/site-packages/airflow/example_dags/example_latest_only_with_trigger.py took 0.056 seconds
[2022-11-20T17:30:17.431+0000] {processor.py:154} INFO - Started process (PID=3606) to work on /home/airflow/.local/lib/python3.7/site-packages/airflow/example_dags/example_latest_only_with_trigger.py
[2022-11-20T17:30:17.432+0000] {processor.py:756} INFO - Processing file /home/airflow/.local/lib/python3.7/site-packages/airflow/example_dags/example_latest_only_with_trigger.py for tasks to queue
[2022-11-20T17:30:17.433+0000] {logging_mixin.py:120} INFO - [2022-11-20T17:30:17.432+0000] {dagbag.py:537} INFO - Filling up the DagBag from /home/airflow/.local/lib/python3.7/site-packages/airflow/example_dags/example_latest_only_with_trigger.py
[2022-11-20T17:30:17.441+0000] {processor.py:766} INFO - DAG(s) dict_keys(['latest_only_with_trigger']) retrieved from /home/airflow/.local/lib/python3.7/site-packages/airflow/example_dags/example_latest_only_with_trigger.py
[2022-11-20T17:30:17.464+0000] {logging_mixin.py:120} INFO - [2022-11-20T17:30:17.464+0000] {dag.py:2585} INFO - Sync 1 DAGs
[2022-11-20T17:30:17.476+0000] {logging_mixin.py:120} INFO - [2022-11-20T17:30:17.476+0000] {dag.py:3340} INFO - Setting next_dagrun for latest_only_with_trigger to 2022-11-20T13:30:17.476251+00:00, run_after=2022-11-20T17:30:17.476251+00:00
[2022-11-20T17:30:17.485+0000] {processor.py:176} INFO - Processing /home/airflow/.local/lib/python3.7/site-packages/airflow/example_dags/example_latest_only_with_trigger.py took 0.057 seconds
[2022-11-20T17:30:48.402+0000] {processor.py:154} INFO - Started process (PID=3674) to work on /home/airflow/.local/lib/python3.7/site-packages/airflow/example_dags/example_latest_only_with_trigger.py
[2022-11-20T17:30:48.402+0000] {processor.py:756} INFO - Processing file /home/airflow/.local/lib/python3.7/site-packages/airflow/example_dags/example_latest_only_with_trigger.py for tasks to queue
[2022-11-20T17:30:48.403+0000] {logging_mixin.py:120} INFO - [2022-11-20T17:30:48.403+0000] {dagbag.py:537} INFO - Filling up the DagBag from /home/airflow/.local/lib/python3.7/site-packages/airflow/example_dags/example_latest_only_with_trigger.py
[2022-11-20T17:30:48.411+0000] {processor.py:766} INFO - DAG(s) dict_keys(['latest_only_with_trigger']) retrieved from /home/airflow/.local/lib/python3.7/site-packages/airflow/example_dags/example_latest_only_with_trigger.py
[2022-11-20T17:30:48.432+0000] {logging_mixin.py:120} INFO - [2022-11-20T17:30:48.432+0000] {dag.py:2585} INFO - Sync 1 DAGs
[2022-11-20T17:30:48.444+0000] {logging_mixin.py:120} INFO - [2022-11-20T17:30:48.444+0000] {dag.py:3340} INFO - Setting next_dagrun for latest_only_with_trigger to 2022-11-20T13:30:48.444431+00:00, run_after=2022-11-20T17:30:48.444431+00:00
[2022-11-20T17:30:48.454+0000] {processor.py:176} INFO - Processing /home/airflow/.local/lib/python3.7/site-packages/airflow/example_dags/example_latest_only_with_trigger.py took 0.054 seconds
[2022-11-20T17:31:19.325+0000] {processor.py:154} INFO - Started process (PID=3743) to work on /home/airflow/.local/lib/python3.7/site-packages/airflow/example_dags/example_latest_only_with_trigger.py
[2022-11-20T17:31:19.325+0000] {processor.py:756} INFO - Processing file /home/airflow/.local/lib/python3.7/site-packages/airflow/example_dags/example_latest_only_with_trigger.py for tasks to queue
[2022-11-20T17:31:19.326+0000] {logging_mixin.py:120} INFO - [2022-11-20T17:31:19.326+0000] {dagbag.py:537} INFO - Filling up the DagBag from /home/airflow/.local/lib/python3.7/site-packages/airflow/example_dags/example_latest_only_with_trigger.py
[2022-11-20T17:31:19.334+0000] {processor.py:766} INFO - DAG(s) dict_keys(['latest_only_with_trigger']) retrieved from /home/airflow/.local/lib/python3.7/site-packages/airflow/example_dags/example_latest_only_with_trigger.py
[2022-11-20T17:31:19.354+0000] {logging_mixin.py:120} INFO - [2022-11-20T17:31:19.353+0000] {dag.py:2585} INFO - Sync 1 DAGs
[2022-11-20T17:31:19.374+0000] {logging_mixin.py:120} INFO - [2022-11-20T17:31:19.374+0000] {dag.py:3340} INFO - Setting next_dagrun for latest_only_with_trigger to 2022-11-20T13:31:19.374443+00:00, run_after=2022-11-20T17:31:19.374443+00:00
[2022-11-20T17:31:19.383+0000] {processor.py:176} INFO - Processing /home/airflow/.local/lib/python3.7/site-packages/airflow/example_dags/example_latest_only_with_trigger.py took 0.060 seconds
[2022-11-20T17:31:50.395+0000] {processor.py:154} INFO - Started process (PID=3802) to work on /home/airflow/.local/lib/python3.7/site-packages/airflow/example_dags/example_latest_only_with_trigger.py
[2022-11-20T17:31:50.396+0000] {processor.py:756} INFO - Processing file /home/airflow/.local/lib/python3.7/site-packages/airflow/example_dags/example_latest_only_with_trigger.py for tasks to queue
[2022-11-20T17:31:50.396+0000] {logging_mixin.py:120} INFO - [2022-11-20T17:31:50.396+0000] {dagbag.py:537} INFO - Filling up the DagBag from /home/airflow/.local/lib/python3.7/site-packages/airflow/example_dags/example_latest_only_with_trigger.py
[2022-11-20T17:31:50.403+0000] {processor.py:766} INFO - DAG(s) dict_keys(['latest_only_with_trigger']) retrieved from /home/airflow/.local/lib/python3.7/site-packages/airflow/example_dags/example_latest_only_with_trigger.py
[2022-11-20T17:31:50.424+0000] {logging_mixin.py:120} INFO - [2022-11-20T17:31:50.424+0000] {dag.py:2585} INFO - Sync 1 DAGs
[2022-11-20T17:31:50.436+0000] {logging_mixin.py:120} INFO - [2022-11-20T17:31:50.436+0000] {dag.py:3340} INFO - Setting next_dagrun for latest_only_with_trigger to 2022-11-20T13:31:50.436744+00:00, run_after=2022-11-20T17:31:50.436744+00:00
[2022-11-20T17:31:50.447+0000] {processor.py:176} INFO - Processing /home/airflow/.local/lib/python3.7/site-packages/airflow/example_dags/example_latest_only_with_trigger.py took 0.054 seconds
[2022-11-20T17:32:21.232+0000] {processor.py:154} INFO - Started process (PID=3871) to work on /home/airflow/.local/lib/python3.7/site-packages/airflow/example_dags/example_latest_only_with_trigger.py
[2022-11-20T17:32:21.233+0000] {processor.py:756} INFO - Processing file /home/airflow/.local/lib/python3.7/site-packages/airflow/example_dags/example_latest_only_with_trigger.py for tasks to queue
[2022-11-20T17:32:21.234+0000] {logging_mixin.py:120} INFO - [2022-11-20T17:32:21.233+0000] {dagbag.py:537} INFO - Filling up the DagBag from /home/airflow/.local/lib/python3.7/site-packages/airflow/example_dags/example_latest_only_with_trigger.py
[2022-11-20T17:32:21.241+0000] {processor.py:766} INFO - DAG(s) dict_keys(['latest_only_with_trigger']) retrieved from /home/airflow/.local/lib/python3.7/site-packages/airflow/example_dags/example_latest_only_with_trigger.py
[2022-11-20T17:32:21.263+0000] {logging_mixin.py:120} INFO - [2022-11-20T17:32:21.263+0000] {dag.py:2585} INFO - Sync 1 DAGs
[2022-11-20T17:32:21.276+0000] {logging_mixin.py:120} INFO - [2022-11-20T17:32:21.275+0000] {dag.py:3340} INFO - Setting next_dagrun for latest_only_with_trigger to 2022-11-20T13:32:21.275805+00:00, run_after=2022-11-20T17:32:21.275805+00:00
[2022-11-20T17:32:21.285+0000] {processor.py:176} INFO - Processing /home/airflow/.local/lib/python3.7/site-packages/airflow/example_dags/example_latest_only_with_trigger.py took 0.055 seconds
[2022-11-20T17:32:51.476+0000] {processor.py:154} INFO - Started process (PID=3936) to work on /home/airflow/.local/lib/python3.7/site-packages/airflow/example_dags/example_latest_only_with_trigger.py
[2022-11-20T17:32:51.477+0000] {processor.py:756} INFO - Processing file /home/airflow/.local/lib/python3.7/site-packages/airflow/example_dags/example_latest_only_with_trigger.py for tasks to queue
[2022-11-20T17:32:51.477+0000] {logging_mixin.py:120} INFO - [2022-11-20T17:32:51.477+0000] {dagbag.py:537} INFO - Filling up the DagBag from /home/airflow/.local/lib/python3.7/site-packages/airflow/example_dags/example_latest_only_with_trigger.py
[2022-11-20T17:32:51.485+0000] {processor.py:766} INFO - DAG(s) dict_keys(['latest_only_with_trigger']) retrieved from /home/airflow/.local/lib/python3.7/site-packages/airflow/example_dags/example_latest_only_with_trigger.py
[2022-11-20T17:32:51.508+0000] {logging_mixin.py:120} INFO - [2022-11-20T17:32:51.508+0000] {dag.py:2585} INFO - Sync 1 DAGs
[2022-11-20T17:32:51.520+0000] {logging_mixin.py:120} INFO - [2022-11-20T17:32:51.520+0000] {dag.py:3340} INFO - Setting next_dagrun for latest_only_with_trigger to 2022-11-20T13:32:51.520576+00:00, run_after=2022-11-20T17:32:51.520576+00:00
[2022-11-20T17:32:51.531+0000] {processor.py:176} INFO - Processing /home/airflow/.local/lib/python3.7/site-packages/airflow/example_dags/example_latest_only_with_trigger.py took 0.057 seconds
[2022-11-20T17:33:21.617+0000] {processor.py:154} INFO - Started process (PID=4003) to work on /home/airflow/.local/lib/python3.7/site-packages/airflow/example_dags/example_latest_only_with_trigger.py
[2022-11-20T17:33:21.618+0000] {processor.py:756} INFO - Processing file /home/airflow/.local/lib/python3.7/site-packages/airflow/example_dags/example_latest_only_with_trigger.py for tasks to queue
[2022-11-20T17:33:21.618+0000] {logging_mixin.py:120} INFO - [2022-11-20T17:33:21.618+0000] {dagbag.py:537} INFO - Filling up the DagBag from /home/airflow/.local/lib/python3.7/site-packages/airflow/example_dags/example_latest_only_with_trigger.py
[2022-11-20T17:33:21.626+0000] {processor.py:766} INFO - DAG(s) dict_keys(['latest_only_with_trigger']) retrieved from /home/airflow/.local/lib/python3.7/site-packages/airflow/example_dags/example_latest_only_with_trigger.py
[2022-11-20T17:33:21.696+0000] {logging_mixin.py:120} INFO - [2022-11-20T17:33:21.696+0000] {dag.py:2585} INFO - Sync 1 DAGs
[2022-11-20T17:33:21.711+0000] {logging_mixin.py:120} INFO - [2022-11-20T17:33:21.711+0000] {dag.py:3340} INFO - Setting next_dagrun for latest_only_with_trigger to 2022-11-20T13:33:21.710961+00:00, run_after=2022-11-20T17:33:21.710961+00:00
[2022-11-20T17:33:21.721+0000] {processor.py:176} INFO - Processing /home/airflow/.local/lib/python3.7/site-packages/airflow/example_dags/example_latest_only_with_trigger.py took 0.106 seconds
[2022-11-20T17:33:52.665+0000] {processor.py:154} INFO - Started process (PID=4068) to work on /home/airflow/.local/lib/python3.7/site-packages/airflow/example_dags/example_latest_only_with_trigger.py
[2022-11-20T17:33:52.666+0000] {processor.py:756} INFO - Processing file /home/airflow/.local/lib/python3.7/site-packages/airflow/example_dags/example_latest_only_with_trigger.py for tasks to queue
[2022-11-20T17:33:52.666+0000] {logging_mixin.py:120} INFO - [2022-11-20T17:33:52.666+0000] {dagbag.py:537} INFO - Filling up the DagBag from /home/airflow/.local/lib/python3.7/site-packages/airflow/example_dags/example_latest_only_with_trigger.py
[2022-11-20T17:33:52.674+0000] {processor.py:766} INFO - DAG(s) dict_keys(['latest_only_with_trigger']) retrieved from /home/airflow/.local/lib/python3.7/site-packages/airflow/example_dags/example_latest_only_with_trigger.py
[2022-11-20T17:33:52.698+0000] {logging_mixin.py:120} INFO - [2022-11-20T17:33:52.698+0000] {dag.py:2585} INFO - Sync 1 DAGs
[2022-11-20T17:33:52.712+0000] {logging_mixin.py:120} INFO - [2022-11-20T17:33:52.712+0000] {dag.py:3340} INFO - Setting next_dagrun for latest_only_with_trigger to 2022-11-20T13:33:52.712184+00:00, run_after=2022-11-20T17:33:52.712184+00:00
[2022-11-20T17:33:52.722+0000] {processor.py:176} INFO - Processing /home/airflow/.local/lib/python3.7/site-packages/airflow/example_dags/example_latest_only_with_trigger.py took 0.060 seconds
[2022-11-20T17:34:23.643+0000] {processor.py:154} INFO - Started process (PID=4134) to work on /home/airflow/.local/lib/python3.7/site-packages/airflow/example_dags/example_latest_only_with_trigger.py
[2022-11-20T17:34:23.644+0000] {processor.py:756} INFO - Processing file /home/airflow/.local/lib/python3.7/site-packages/airflow/example_dags/example_latest_only_with_trigger.py for tasks to queue
[2022-11-20T17:34:23.645+0000] {logging_mixin.py:120} INFO - [2022-11-20T17:34:23.645+0000] {dagbag.py:537} INFO - Filling up the DagBag from /home/airflow/.local/lib/python3.7/site-packages/airflow/example_dags/example_latest_only_with_trigger.py
[2022-11-20T17:34:23.654+0000] {processor.py:766} INFO - DAG(s) dict_keys(['latest_only_with_trigger']) retrieved from /home/airflow/.local/lib/python3.7/site-packages/airflow/example_dags/example_latest_only_with_trigger.py
[2022-11-20T17:34:23.679+0000] {logging_mixin.py:120} INFO - [2022-11-20T17:34:23.679+0000] {dag.py:2585} INFO - Sync 1 DAGs
[2022-11-20T17:34:23.694+0000] {logging_mixin.py:120} INFO - [2022-11-20T17:34:23.693+0000] {dag.py:3340} INFO - Setting next_dagrun for latest_only_with_trigger to 2022-11-20T13:34:23.693777+00:00, run_after=2022-11-20T17:34:23.693777+00:00
[2022-11-20T17:34:23.708+0000] {processor.py:176} INFO - Processing /home/airflow/.local/lib/python3.7/site-packages/airflow/example_dags/example_latest_only_with_trigger.py took 0.067 seconds
[2022-11-20T17:34:54.675+0000] {processor.py:154} INFO - Started process (PID=4204) to work on /home/airflow/.local/lib/python3.7/site-packages/airflow/example_dags/example_latest_only_with_trigger.py
[2022-11-20T17:34:54.675+0000] {processor.py:756} INFO - Processing file /home/airflow/.local/lib/python3.7/site-packages/airflow/example_dags/example_latest_only_with_trigger.py for tasks to queue
[2022-11-20T17:34:54.676+0000] {logging_mixin.py:120} INFO - [2022-11-20T17:34:54.676+0000] {dagbag.py:537} INFO - Filling up the DagBag from /home/airflow/.local/lib/python3.7/site-packages/airflow/example_dags/example_latest_only_with_trigger.py
[2022-11-20T17:34:54.690+0000] {processor.py:766} INFO - DAG(s) dict_keys(['latest_only_with_trigger']) retrieved from /home/airflow/.local/lib/python3.7/site-packages/airflow/example_dags/example_latest_only_with_trigger.py
[2022-11-20T17:34:54.712+0000] {logging_mixin.py:120} INFO - [2022-11-20T17:34:54.711+0000] {dag.py:2585} INFO - Sync 1 DAGs
[2022-11-20T17:34:54.724+0000] {logging_mixin.py:120} INFO - [2022-11-20T17:34:54.724+0000] {dag.py:3340} INFO - Setting next_dagrun for latest_only_with_trigger to 2022-11-20T13:34:54.724662+00:00, run_after=2022-11-20T17:34:54.724662+00:00
[2022-11-20T17:34:54.735+0000] {processor.py:176} INFO - Processing /home/airflow/.local/lib/python3.7/site-packages/airflow/example_dags/example_latest_only_with_trigger.py took 0.062 seconds
[2022-11-20T17:35:25.557+0000] {processor.py:154} INFO - Started process (PID=4260) to work on /home/airflow/.local/lib/python3.7/site-packages/airflow/example_dags/example_latest_only_with_trigger.py
[2022-11-20T17:35:25.557+0000] {processor.py:756} INFO - Processing file /home/airflow/.local/lib/python3.7/site-packages/airflow/example_dags/example_latest_only_with_trigger.py for tasks to queue
[2022-11-20T17:35:25.557+0000] {logging_mixin.py:120} INFO - [2022-11-20T17:35:25.557+0000] {dagbag.py:537} INFO - Filling up the DagBag from /home/airflow/.local/lib/python3.7/site-packages/airflow/example_dags/example_latest_only_with_trigger.py
[2022-11-20T17:35:25.565+0000] {processor.py:766} INFO - DAG(s) dict_keys(['latest_only_with_trigger']) retrieved from /home/airflow/.local/lib/python3.7/site-packages/airflow/example_dags/example_latest_only_with_trigger.py
[2022-11-20T17:35:25.585+0000] {logging_mixin.py:120} INFO - [2022-11-20T17:35:25.585+0000] {dag.py:2585} INFO - Sync 1 DAGs
[2022-11-20T17:35:25.598+0000] {logging_mixin.py:120} INFO - [2022-11-20T17:35:25.598+0000] {dag.py:3340} INFO - Setting next_dagrun for latest_only_with_trigger to 2022-11-20T13:35:25.598216+00:00, run_after=2022-11-20T17:35:25.598216+00:00
[2022-11-20T17:35:25.609+0000] {processor.py:176} INFO - Processing /home/airflow/.local/lib/python3.7/site-packages/airflow/example_dags/example_latest_only_with_trigger.py took 0.054 seconds
