[2022-11-20T12:59:10.032+0000] {processor.py:154} INFO - Started process (PID=48) to work on /home/airflow/.local/lib/python3.7/site-packages/airflow/example_dags/example_skip_dag.py
[2022-11-20T12:59:10.039+0000] {processor.py:756} INFO - Processing file /home/airflow/.local/lib/python3.7/site-packages/airflow/example_dags/example_skip_dag.py for tasks to queue
[2022-11-20T12:59:10.039+0000] {logging_mixin.py:120} INFO - [2022-11-20T12:59:10.039+0000] {dagbag.py:537} INFO - Filling up the DagBag from /home/airflow/.local/lib/python3.7/site-packages/airflow/example_dags/example_skip_dag.py
[2022-11-20T12:59:10.048+0000] {processor.py:766} INFO - DAG(s) dict_keys(['example_skip_dag']) retrieved from /home/airflow/.local/lib/python3.7/site-packages/airflow/example_dags/example_skip_dag.py
[2022-11-20T12:59:10.099+0000] {logging_mixin.py:120} INFO - [2022-11-20T12:59:10.099+0000] {dag.py:2585} INFO - Sync 1 DAGs
[2022-11-20T12:59:10.138+0000] {logging_mixin.py:120} INFO - [2022-11-20T12:59:10.138+0000] {dag.py:3340} INFO - Setting next_dagrun for example_skip_dag to 2022-11-19T12:59:10.138473+00:00, run_after=2022-11-20T12:59:10.138473+00:00
[2022-11-20T12:59:10.160+0000] {processor.py:176} INFO - Processing /home/airflow/.local/lib/python3.7/site-packages/airflow/example_dags/example_skip_dag.py took 0.130 seconds
[2022-11-20T12:59:40.901+0000] {processor.py:154} INFO - Started process (PID=123) to work on /home/airflow/.local/lib/python3.7/site-packages/airflow/example_dags/example_skip_dag.py
[2022-11-20T12:59:40.902+0000] {processor.py:756} INFO - Processing file /home/airflow/.local/lib/python3.7/site-packages/airflow/example_dags/example_skip_dag.py for tasks to queue
[2022-11-20T12:59:40.903+0000] {logging_mixin.py:120} INFO - [2022-11-20T12:59:40.902+0000] {dagbag.py:537} INFO - Filling up the DagBag from /home/airflow/.local/lib/python3.7/site-packages/airflow/example_dags/example_skip_dag.py
[2022-11-20T12:59:40.912+0000] {processor.py:766} INFO - DAG(s) dict_keys(['example_skip_dag']) retrieved from /home/airflow/.local/lib/python3.7/site-packages/airflow/example_dags/example_skip_dag.py
[2022-11-20T12:59:40.935+0000] {logging_mixin.py:120} INFO - [2022-11-20T12:59:40.935+0000] {dag.py:2585} INFO - Sync 1 DAGs
[2022-11-20T12:59:40.949+0000] {logging_mixin.py:120} INFO - [2022-11-20T12:59:40.949+0000] {dag.py:3340} INFO - Setting next_dagrun for example_skip_dag to 2022-11-19T12:59:40.949020+00:00, run_after=2022-11-20T12:59:40.949020+00:00
[2022-11-20T12:59:40.960+0000] {processor.py:176} INFO - Processing /home/airflow/.local/lib/python3.7/site-packages/airflow/example_dags/example_skip_dag.py took 0.060 seconds
[2022-11-20T13:00:11.773+0000] {processor.py:154} INFO - Started process (PID=191) to work on /home/airflow/.local/lib/python3.7/site-packages/airflow/example_dags/example_skip_dag.py
[2022-11-20T13:00:11.773+0000] {processor.py:756} INFO - Processing file /home/airflow/.local/lib/python3.7/site-packages/airflow/example_dags/example_skip_dag.py for tasks to queue
[2022-11-20T13:00:11.774+0000] {logging_mixin.py:120} INFO - [2022-11-20T13:00:11.774+0000] {dagbag.py:537} INFO - Filling up the DagBag from /home/airflow/.local/lib/python3.7/site-packages/airflow/example_dags/example_skip_dag.py
[2022-11-20T13:00:11.781+0000] {processor.py:766} INFO - DAG(s) dict_keys(['example_skip_dag']) retrieved from /home/airflow/.local/lib/python3.7/site-packages/airflow/example_dags/example_skip_dag.py
[2022-11-20T13:00:11.801+0000] {logging_mixin.py:120} INFO - [2022-11-20T13:00:11.801+0000] {dag.py:2585} INFO - Sync 1 DAGs
[2022-11-20T13:00:11.813+0000] {logging_mixin.py:120} INFO - [2022-11-20T13:00:11.812+0000] {dag.py:3340} INFO - Setting next_dagrun for example_skip_dag to 2022-11-19T13:00:11.812707+00:00, run_after=2022-11-20T13:00:11.812707+00:00
[2022-11-20T13:00:11.823+0000] {processor.py:176} INFO - Processing /home/airflow/.local/lib/python3.7/site-packages/airflow/example_dags/example_skip_dag.py took 0.052 seconds
[2022-11-20T13:00:42.453+0000] {processor.py:154} INFO - Started process (PID=259) to work on /home/airflow/.local/lib/python3.7/site-packages/airflow/example_dags/example_skip_dag.py
[2022-11-20T13:00:42.454+0000] {processor.py:756} INFO - Processing file /home/airflow/.local/lib/python3.7/site-packages/airflow/example_dags/example_skip_dag.py for tasks to queue
[2022-11-20T13:00:42.455+0000] {logging_mixin.py:120} INFO - [2022-11-20T13:00:42.454+0000] {dagbag.py:537} INFO - Filling up the DagBag from /home/airflow/.local/lib/python3.7/site-packages/airflow/example_dags/example_skip_dag.py
[2022-11-20T13:00:42.461+0000] {processor.py:766} INFO - DAG(s) dict_keys(['example_skip_dag']) retrieved from /home/airflow/.local/lib/python3.7/site-packages/airflow/example_dags/example_skip_dag.py
[2022-11-20T13:00:42.484+0000] {logging_mixin.py:120} INFO - [2022-11-20T13:00:42.484+0000] {dag.py:2585} INFO - Sync 1 DAGs
[2022-11-20T13:00:42.497+0000] {logging_mixin.py:120} INFO - [2022-11-20T13:00:42.497+0000] {dag.py:3340} INFO - Setting next_dagrun for example_skip_dag to 2022-11-19T13:00:42.497652+00:00, run_after=2022-11-20T13:00:42.497652+00:00
[2022-11-20T13:00:42.508+0000] {processor.py:176} INFO - Processing /home/airflow/.local/lib/python3.7/site-packages/airflow/example_dags/example_skip_dag.py took 0.056 seconds
[2022-11-20T13:01:13.305+0000] {processor.py:154} INFO - Started process (PID=327) to work on /home/airflow/.local/lib/python3.7/site-packages/airflow/example_dags/example_skip_dag.py
[2022-11-20T13:01:13.305+0000] {processor.py:756} INFO - Processing file /home/airflow/.local/lib/python3.7/site-packages/airflow/example_dags/example_skip_dag.py for tasks to queue
[2022-11-20T13:01:13.306+0000] {logging_mixin.py:120} INFO - [2022-11-20T13:01:13.306+0000] {dagbag.py:537} INFO - Filling up the DagBag from /home/airflow/.local/lib/python3.7/site-packages/airflow/example_dags/example_skip_dag.py
[2022-11-20T13:01:13.316+0000] {processor.py:766} INFO - DAG(s) dict_keys(['example_skip_dag']) retrieved from /home/airflow/.local/lib/python3.7/site-packages/airflow/example_dags/example_skip_dag.py
[2022-11-20T13:01:13.346+0000] {logging_mixin.py:120} INFO - [2022-11-20T13:01:13.346+0000] {dag.py:2585} INFO - Sync 1 DAGs
[2022-11-20T13:01:13.364+0000] {logging_mixin.py:120} INFO - [2022-11-20T13:01:13.364+0000] {dag.py:3340} INFO - Setting next_dagrun for example_skip_dag to 2022-11-19T13:01:13.364123+00:00, run_after=2022-11-20T13:01:13.364123+00:00
[2022-11-20T13:01:13.382+0000] {processor.py:176} INFO - Processing /home/airflow/.local/lib/python3.7/site-packages/airflow/example_dags/example_skip_dag.py took 0.081 seconds
[2022-11-20T13:01:43.409+0000] {processor.py:154} INFO - Started process (PID=385) to work on /home/airflow/.local/lib/python3.7/site-packages/airflow/example_dags/example_skip_dag.py
[2022-11-20T13:01:43.409+0000] {processor.py:756} INFO - Processing file /home/airflow/.local/lib/python3.7/site-packages/airflow/example_dags/example_skip_dag.py for tasks to queue
[2022-11-20T13:01:43.410+0000] {logging_mixin.py:120} INFO - [2022-11-20T13:01:43.410+0000] {dagbag.py:537} INFO - Filling up the DagBag from /home/airflow/.local/lib/python3.7/site-packages/airflow/example_dags/example_skip_dag.py
[2022-11-20T13:01:43.417+0000] {processor.py:766} INFO - DAG(s) dict_keys(['example_skip_dag']) retrieved from /home/airflow/.local/lib/python3.7/site-packages/airflow/example_dags/example_skip_dag.py
[2022-11-20T13:01:43.438+0000] {logging_mixin.py:120} INFO - [2022-11-20T13:01:43.438+0000] {dag.py:2585} INFO - Sync 1 DAGs
[2022-11-20T13:01:43.451+0000] {logging_mixin.py:120} INFO - [2022-11-20T13:01:43.450+0000] {dag.py:3340} INFO - Setting next_dagrun for example_skip_dag to 2022-11-19T13:01:43.450842+00:00, run_after=2022-11-20T13:01:43.450842+00:00
[2022-11-20T13:01:43.460+0000] {processor.py:176} INFO - Processing /home/airflow/.local/lib/python3.7/site-packages/airflow/example_dags/example_skip_dag.py took 0.053 seconds
[2022-11-20T13:02:13.520+0000] {processor.py:154} INFO - Started process (PID=451) to work on /home/airflow/.local/lib/python3.7/site-packages/airflow/example_dags/example_skip_dag.py
[2022-11-20T13:02:13.521+0000] {processor.py:756} INFO - Processing file /home/airflow/.local/lib/python3.7/site-packages/airflow/example_dags/example_skip_dag.py for tasks to queue
[2022-11-20T13:02:13.521+0000] {logging_mixin.py:120} INFO - [2022-11-20T13:02:13.521+0000] {dagbag.py:537} INFO - Filling up the DagBag from /home/airflow/.local/lib/python3.7/site-packages/airflow/example_dags/example_skip_dag.py
[2022-11-20T13:02:13.528+0000] {processor.py:766} INFO - DAG(s) dict_keys(['example_skip_dag']) retrieved from /home/airflow/.local/lib/python3.7/site-packages/airflow/example_dags/example_skip_dag.py
[2022-11-20T13:02:13.549+0000] {logging_mixin.py:120} INFO - [2022-11-20T13:02:13.548+0000] {dag.py:2585} INFO - Sync 1 DAGs
[2022-11-20T13:02:13.561+0000] {logging_mixin.py:120} INFO - [2022-11-20T13:02:13.561+0000] {dag.py:3340} INFO - Setting next_dagrun for example_skip_dag to 2022-11-19T13:02:13.561036+00:00, run_after=2022-11-20T13:02:13.561036+00:00
[2022-11-20T13:02:13.571+0000] {processor.py:176} INFO - Processing /home/airflow/.local/lib/python3.7/site-packages/airflow/example_dags/example_skip_dag.py took 0.052 seconds
[2022-11-20T13:02:44.277+0000] {processor.py:154} INFO - Started process (PID=520) to work on /home/airflow/.local/lib/python3.7/site-packages/airflow/example_dags/example_skip_dag.py
[2022-11-20T13:02:44.277+0000] {processor.py:756} INFO - Processing file /home/airflow/.local/lib/python3.7/site-packages/airflow/example_dags/example_skip_dag.py for tasks to queue
[2022-11-20T13:02:44.277+0000] {logging_mixin.py:120} INFO - [2022-11-20T13:02:44.277+0000] {dagbag.py:537} INFO - Filling up the DagBag from /home/airflow/.local/lib/python3.7/site-packages/airflow/example_dags/example_skip_dag.py
[2022-11-20T13:02:44.285+0000] {processor.py:766} INFO - DAG(s) dict_keys(['example_skip_dag']) retrieved from /home/airflow/.local/lib/python3.7/site-packages/airflow/example_dags/example_skip_dag.py
[2022-11-20T13:02:44.305+0000] {logging_mixin.py:120} INFO - [2022-11-20T13:02:44.305+0000] {dag.py:2585} INFO - Sync 1 DAGs
[2022-11-20T13:02:44.317+0000] {logging_mixin.py:120} INFO - [2022-11-20T13:02:44.317+0000] {dag.py:3340} INFO - Setting next_dagrun for example_skip_dag to 2022-11-19T13:02:44.316971+00:00, run_after=2022-11-20T13:02:44.316971+00:00
[2022-11-20T13:02:44.327+0000] {processor.py:176} INFO - Processing /home/airflow/.local/lib/python3.7/site-packages/airflow/example_dags/example_skip_dag.py took 0.052 seconds
[2022-11-20T13:03:15.066+0000] {processor.py:154} INFO - Started process (PID=583) to work on /home/airflow/.local/lib/python3.7/site-packages/airflow/example_dags/example_skip_dag.py
[2022-11-20T13:03:15.067+0000] {processor.py:756} INFO - Processing file /home/airflow/.local/lib/python3.7/site-packages/airflow/example_dags/example_skip_dag.py for tasks to queue
[2022-11-20T13:03:15.067+0000] {logging_mixin.py:120} INFO - [2022-11-20T13:03:15.067+0000] {dagbag.py:537} INFO - Filling up the DagBag from /home/airflow/.local/lib/python3.7/site-packages/airflow/example_dags/example_skip_dag.py
[2022-11-20T13:03:15.075+0000] {processor.py:766} INFO - DAG(s) dict_keys(['example_skip_dag']) retrieved from /home/airflow/.local/lib/python3.7/site-packages/airflow/example_dags/example_skip_dag.py
[2022-11-20T13:03:15.095+0000] {logging_mixin.py:120} INFO - [2022-11-20T13:03:15.095+0000] {dag.py:2585} INFO - Sync 1 DAGs
[2022-11-20T13:03:15.107+0000] {logging_mixin.py:120} INFO - [2022-11-20T13:03:15.107+0000] {dag.py:3340} INFO - Setting next_dagrun for example_skip_dag to 2022-11-19T13:03:15.107545+00:00, run_after=2022-11-20T13:03:15.107545+00:00
[2022-11-20T13:03:15.118+0000] {processor.py:176} INFO - Processing /home/airflow/.local/lib/python3.7/site-packages/airflow/example_dags/example_skip_dag.py took 0.054 seconds
[2022-11-20T13:03:46.057+0000] {processor.py:154} INFO - Started process (PID=651) to work on /home/airflow/.local/lib/python3.7/site-packages/airflow/example_dags/example_skip_dag.py
[2022-11-20T13:03:46.058+0000] {processor.py:756} INFO - Processing file /home/airflow/.local/lib/python3.7/site-packages/airflow/example_dags/example_skip_dag.py for tasks to queue
[2022-11-20T13:03:46.058+0000] {logging_mixin.py:120} INFO - [2022-11-20T13:03:46.058+0000] {dagbag.py:537} INFO - Filling up the DagBag from /home/airflow/.local/lib/python3.7/site-packages/airflow/example_dags/example_skip_dag.py
[2022-11-20T13:03:46.066+0000] {processor.py:766} INFO - DAG(s) dict_keys(['example_skip_dag']) retrieved from /home/airflow/.local/lib/python3.7/site-packages/airflow/example_dags/example_skip_dag.py
[2022-11-20T13:03:46.085+0000] {logging_mixin.py:120} INFO - [2022-11-20T13:03:46.085+0000] {dag.py:2585} INFO - Sync 1 DAGs
[2022-11-20T13:03:46.098+0000] {logging_mixin.py:120} INFO - [2022-11-20T13:03:46.098+0000] {dag.py:3340} INFO - Setting next_dagrun for example_skip_dag to 2022-11-19T13:03:46.098317+00:00, run_after=2022-11-20T13:03:46.098317+00:00
[2022-11-20T13:03:46.108+0000] {processor.py:176} INFO - Processing /home/airflow/.local/lib/python3.7/site-packages/airflow/example_dags/example_skip_dag.py took 0.052 seconds
[2022-11-20T13:04:16.839+0000] {processor.py:154} INFO - Started process (PID=720) to work on /home/airflow/.local/lib/python3.7/site-packages/airflow/example_dags/example_skip_dag.py
[2022-11-20T13:04:16.840+0000] {processor.py:756} INFO - Processing file /home/airflow/.local/lib/python3.7/site-packages/airflow/example_dags/example_skip_dag.py for tasks to queue
[2022-11-20T13:04:16.840+0000] {logging_mixin.py:120} INFO - [2022-11-20T13:04:16.840+0000] {dagbag.py:537} INFO - Filling up the DagBag from /home/airflow/.local/lib/python3.7/site-packages/airflow/example_dags/example_skip_dag.py
[2022-11-20T13:04:16.850+0000] {processor.py:766} INFO - DAG(s) dict_keys(['example_skip_dag']) retrieved from /home/airflow/.local/lib/python3.7/site-packages/airflow/example_dags/example_skip_dag.py
[2022-11-20T13:04:16.875+0000] {logging_mixin.py:120} INFO - [2022-11-20T13:04:16.875+0000] {dag.py:2585} INFO - Sync 1 DAGs
[2022-11-20T13:04:16.889+0000] {logging_mixin.py:120} INFO - [2022-11-20T13:04:16.889+0000] {dag.py:3340} INFO - Setting next_dagrun for example_skip_dag to 2022-11-19T13:04:16.888975+00:00, run_after=2022-11-20T13:04:16.888975+00:00
[2022-11-20T13:04:16.900+0000] {processor.py:176} INFO - Processing /home/airflow/.local/lib/python3.7/site-packages/airflow/example_dags/example_skip_dag.py took 0.064 seconds
[2022-11-20T13:04:46.976+0000] {processor.py:154} INFO - Started process (PID=780) to work on /home/airflow/.local/lib/python3.7/site-packages/airflow/example_dags/example_skip_dag.py
[2022-11-20T13:04:46.977+0000] {processor.py:756} INFO - Processing file /home/airflow/.local/lib/python3.7/site-packages/airflow/example_dags/example_skip_dag.py for tasks to queue
[2022-11-20T13:04:46.977+0000] {logging_mixin.py:120} INFO - [2022-11-20T13:04:46.977+0000] {dagbag.py:537} INFO - Filling up the DagBag from /home/airflow/.local/lib/python3.7/site-packages/airflow/example_dags/example_skip_dag.py
[2022-11-20T13:04:46.984+0000] {processor.py:766} INFO - DAG(s) dict_keys(['example_skip_dag']) retrieved from /home/airflow/.local/lib/python3.7/site-packages/airflow/example_dags/example_skip_dag.py
[2022-11-20T13:04:47.002+0000] {logging_mixin.py:120} INFO - [2022-11-20T13:04:47.002+0000] {dag.py:2585} INFO - Sync 1 DAGs
[2022-11-20T13:04:47.013+0000] {logging_mixin.py:120} INFO - [2022-11-20T13:04:47.013+0000] {dag.py:3340} INFO - Setting next_dagrun for example_skip_dag to 2022-11-19T13:04:47.013752+00:00, run_after=2022-11-20T13:04:47.013752+00:00
[2022-11-20T13:04:47.022+0000] {processor.py:176} INFO - Processing /home/airflow/.local/lib/python3.7/site-packages/airflow/example_dags/example_skip_dag.py took 0.047 seconds
[2022-11-20T13:05:17.127+0000] {processor.py:154} INFO - Started process (PID=845) to work on /home/airflow/.local/lib/python3.7/site-packages/airflow/example_dags/example_skip_dag.py
[2022-11-20T13:05:17.128+0000] {processor.py:756} INFO - Processing file /home/airflow/.local/lib/python3.7/site-packages/airflow/example_dags/example_skip_dag.py for tasks to queue
[2022-11-20T13:05:17.128+0000] {logging_mixin.py:120} INFO - [2022-11-20T13:05:17.128+0000] {dagbag.py:537} INFO - Filling up the DagBag from /home/airflow/.local/lib/python3.7/site-packages/airflow/example_dags/example_skip_dag.py
[2022-11-20T13:05:17.135+0000] {processor.py:766} INFO - DAG(s) dict_keys(['example_skip_dag']) retrieved from /home/airflow/.local/lib/python3.7/site-packages/airflow/example_dags/example_skip_dag.py
[2022-11-20T13:05:17.153+0000] {logging_mixin.py:120} INFO - [2022-11-20T13:05:17.153+0000] {dag.py:2585} INFO - Sync 1 DAGs
[2022-11-20T13:05:17.164+0000] {logging_mixin.py:120} INFO - [2022-11-20T13:05:17.164+0000] {dag.py:3340} INFO - Setting next_dagrun for example_skip_dag to 2022-11-19T13:05:17.164570+00:00, run_after=2022-11-20T13:05:17.164570+00:00
[2022-11-20T13:05:17.174+0000] {processor.py:176} INFO - Processing /home/airflow/.local/lib/python3.7/site-packages/airflow/example_dags/example_skip_dag.py took 0.048 seconds
[2022-11-20T13:05:47.774+0000] {processor.py:154} INFO - Started process (PID=913) to work on /home/airflow/.local/lib/python3.7/site-packages/airflow/example_dags/example_skip_dag.py
[2022-11-20T13:05:47.775+0000] {processor.py:756} INFO - Processing file /home/airflow/.local/lib/python3.7/site-packages/airflow/example_dags/example_skip_dag.py for tasks to queue
[2022-11-20T13:05:47.775+0000] {logging_mixin.py:120} INFO - [2022-11-20T13:05:47.775+0000] {dagbag.py:537} INFO - Filling up the DagBag from /home/airflow/.local/lib/python3.7/site-packages/airflow/example_dags/example_skip_dag.py
[2022-11-20T13:05:47.782+0000] {processor.py:766} INFO - DAG(s) dict_keys(['example_skip_dag']) retrieved from /home/airflow/.local/lib/python3.7/site-packages/airflow/example_dags/example_skip_dag.py
[2022-11-20T13:05:47.801+0000] {logging_mixin.py:120} INFO - [2022-11-20T13:05:47.801+0000] {dag.py:2585} INFO - Sync 1 DAGs
[2022-11-20T13:05:47.814+0000] {logging_mixin.py:120} INFO - [2022-11-20T13:05:47.814+0000] {dag.py:3340} INFO - Setting next_dagrun for example_skip_dag to 2022-11-19T13:05:47.814452+00:00, run_after=2022-11-20T13:05:47.814452+00:00
[2022-11-20T13:05:47.824+0000] {processor.py:176} INFO - Processing /home/airflow/.local/lib/python3.7/site-packages/airflow/example_dags/example_skip_dag.py took 0.052 seconds
[2022-11-20T13:06:18.607+0000] {processor.py:154} INFO - Started process (PID=978) to work on /home/airflow/.local/lib/python3.7/site-packages/airflow/example_dags/example_skip_dag.py
[2022-11-20T13:06:18.607+0000] {processor.py:756} INFO - Processing file /home/airflow/.local/lib/python3.7/site-packages/airflow/example_dags/example_skip_dag.py for tasks to queue
[2022-11-20T13:06:18.608+0000] {logging_mixin.py:120} INFO - [2022-11-20T13:06:18.608+0000] {dagbag.py:537} INFO - Filling up the DagBag from /home/airflow/.local/lib/python3.7/site-packages/airflow/example_dags/example_skip_dag.py
[2022-11-20T13:06:18.615+0000] {processor.py:766} INFO - DAG(s) dict_keys(['example_skip_dag']) retrieved from /home/airflow/.local/lib/python3.7/site-packages/airflow/example_dags/example_skip_dag.py
[2022-11-20T13:06:18.635+0000] {logging_mixin.py:120} INFO - [2022-11-20T13:06:18.635+0000] {dag.py:2585} INFO - Sync 1 DAGs
[2022-11-20T13:06:18.646+0000] {logging_mixin.py:120} INFO - [2022-11-20T13:06:18.646+0000] {dag.py:3340} INFO - Setting next_dagrun for example_skip_dag to 2022-11-19T13:06:18.646744+00:00, run_after=2022-11-20T13:06:18.646744+00:00
[2022-11-20T13:06:18.655+0000] {processor.py:176} INFO - Processing /home/airflow/.local/lib/python3.7/site-packages/airflow/example_dags/example_skip_dag.py took 0.050 seconds
[2022-11-20T13:06:49.484+0000] {processor.py:154} INFO - Started process (PID=1046) to work on /home/airflow/.local/lib/python3.7/site-packages/airflow/example_dags/example_skip_dag.py
[2022-11-20T13:06:49.484+0000] {processor.py:756} INFO - Processing file /home/airflow/.local/lib/python3.7/site-packages/airflow/example_dags/example_skip_dag.py for tasks to queue
[2022-11-20T13:06:49.485+0000] {logging_mixin.py:120} INFO - [2022-11-20T13:06:49.485+0000] {dagbag.py:537} INFO - Filling up the DagBag from /home/airflow/.local/lib/python3.7/site-packages/airflow/example_dags/example_skip_dag.py
[2022-11-20T13:06:49.493+0000] {processor.py:766} INFO - DAG(s) dict_keys(['example_skip_dag']) retrieved from /home/airflow/.local/lib/python3.7/site-packages/airflow/example_dags/example_skip_dag.py
[2022-11-20T13:06:49.515+0000] {logging_mixin.py:120} INFO - [2022-11-20T13:06:49.515+0000] {dag.py:2585} INFO - Sync 1 DAGs
[2022-11-20T13:06:49.528+0000] {logging_mixin.py:120} INFO - [2022-11-20T13:06:49.528+0000] {dag.py:3340} INFO - Setting next_dagrun for example_skip_dag to 2022-11-19T13:06:49.528410+00:00, run_after=2022-11-20T13:06:49.528410+00:00
[2022-11-20T13:06:49.539+0000] {processor.py:176} INFO - Processing /home/airflow/.local/lib/python3.7/site-packages/airflow/example_dags/example_skip_dag.py took 0.058 seconds
[2022-11-20T13:18:22.631+0000] {processor.py:154} INFO - Started process (PID=1092) to work on /home/airflow/.local/lib/python3.7/site-packages/airflow/example_dags/example_skip_dag.py
[2022-11-20T13:18:22.632+0000] {processor.py:756} INFO - Processing file /home/airflow/.local/lib/python3.7/site-packages/airflow/example_dags/example_skip_dag.py for tasks to queue
[2022-11-20T13:18:22.633+0000] {logging_mixin.py:120} INFO - [2022-11-20T13:18:22.633+0000] {dagbag.py:537} INFO - Filling up the DagBag from /home/airflow/.local/lib/python3.7/site-packages/airflow/example_dags/example_skip_dag.py
[2022-11-20T13:18:22.641+0000] {processor.py:766} INFO - DAG(s) dict_keys(['example_skip_dag']) retrieved from /home/airflow/.local/lib/python3.7/site-packages/airflow/example_dags/example_skip_dag.py
[2022-11-20T13:18:22.663+0000] {logging_mixin.py:120} INFO - [2022-11-20T13:18:22.663+0000] {dag.py:2585} INFO - Sync 1 DAGs
[2022-11-20T13:18:22.677+0000] {logging_mixin.py:120} INFO - [2022-11-20T13:18:22.677+0000] {dag.py:3340} INFO - Setting next_dagrun for example_skip_dag to 2022-11-19T13:18:22.677017+00:00, run_after=2022-11-20T13:18:22.677017+00:00
[2022-11-20T13:18:22.688+0000] {processor.py:176} INFO - Processing /home/airflow/.local/lib/python3.7/site-packages/airflow/example_dags/example_skip_dag.py took 0.059 seconds
[2022-11-20T13:18:53.548+0000] {processor.py:154} INFO - Started process (PID=1159) to work on /home/airflow/.local/lib/python3.7/site-packages/airflow/example_dags/example_skip_dag.py
[2022-11-20T13:18:53.549+0000] {processor.py:756} INFO - Processing file /home/airflow/.local/lib/python3.7/site-packages/airflow/example_dags/example_skip_dag.py for tasks to queue
[2022-11-20T13:18:53.549+0000] {logging_mixin.py:120} INFO - [2022-11-20T13:18:53.549+0000] {dagbag.py:537} INFO - Filling up the DagBag from /home/airflow/.local/lib/python3.7/site-packages/airflow/example_dags/example_skip_dag.py
[2022-11-20T13:18:53.556+0000] {processor.py:766} INFO - DAG(s) dict_keys(['example_skip_dag']) retrieved from /home/airflow/.local/lib/python3.7/site-packages/airflow/example_dags/example_skip_dag.py
[2022-11-20T13:18:53.577+0000] {logging_mixin.py:120} INFO - [2022-11-20T13:18:53.577+0000] {dag.py:2585} INFO - Sync 1 DAGs
[2022-11-20T13:18:53.590+0000] {logging_mixin.py:120} INFO - [2022-11-20T13:18:53.590+0000] {dag.py:3340} INFO - Setting next_dagrun for example_skip_dag to 2022-11-19T13:18:53.590322+00:00, run_after=2022-11-20T13:18:53.590322+00:00
[2022-11-20T13:18:53.600+0000] {processor.py:176} INFO - Processing /home/airflow/.local/lib/python3.7/site-packages/airflow/example_dags/example_skip_dag.py took 0.053 seconds
[2022-11-20T13:19:24.625+0000] {processor.py:154} INFO - Started process (PID=1226) to work on /home/airflow/.local/lib/python3.7/site-packages/airflow/example_dags/example_skip_dag.py
[2022-11-20T13:19:24.626+0000] {processor.py:756} INFO - Processing file /home/airflow/.local/lib/python3.7/site-packages/airflow/example_dags/example_skip_dag.py for tasks to queue
[2022-11-20T13:19:24.626+0000] {logging_mixin.py:120} INFO - [2022-11-20T13:19:24.626+0000] {dagbag.py:537} INFO - Filling up the DagBag from /home/airflow/.local/lib/python3.7/site-packages/airflow/example_dags/example_skip_dag.py
[2022-11-20T13:19:24.634+0000] {processor.py:766} INFO - DAG(s) dict_keys(['example_skip_dag']) retrieved from /home/airflow/.local/lib/python3.7/site-packages/airflow/example_dags/example_skip_dag.py
[2022-11-20T13:19:24.656+0000] {logging_mixin.py:120} INFO - [2022-11-20T13:19:24.656+0000] {dag.py:2585} INFO - Sync 1 DAGs
[2022-11-20T13:19:24.669+0000] {logging_mixin.py:120} INFO - [2022-11-20T13:19:24.669+0000] {dag.py:3340} INFO - Setting next_dagrun for example_skip_dag to 2022-11-19T13:19:24.668998+00:00, run_after=2022-11-20T13:19:24.668998+00:00
[2022-11-20T13:19:24.679+0000] {processor.py:176} INFO - Processing /home/airflow/.local/lib/python3.7/site-packages/airflow/example_dags/example_skip_dag.py took 0.056 seconds
[2022-11-20T13:19:55.396+0000] {processor.py:154} INFO - Started process (PID=1287) to work on /home/airflow/.local/lib/python3.7/site-packages/airflow/example_dags/example_skip_dag.py
[2022-11-20T13:19:55.397+0000] {processor.py:756} INFO - Processing file /home/airflow/.local/lib/python3.7/site-packages/airflow/example_dags/example_skip_dag.py for tasks to queue
[2022-11-20T13:19:55.397+0000] {logging_mixin.py:120} INFO - [2022-11-20T13:19:55.397+0000] {dagbag.py:537} INFO - Filling up the DagBag from /home/airflow/.local/lib/python3.7/site-packages/airflow/example_dags/example_skip_dag.py
[2022-11-20T13:19:55.405+0000] {processor.py:766} INFO - DAG(s) dict_keys(['example_skip_dag']) retrieved from /home/airflow/.local/lib/python3.7/site-packages/airflow/example_dags/example_skip_dag.py
[2022-11-20T13:19:55.426+0000] {logging_mixin.py:120} INFO - [2022-11-20T13:19:55.426+0000] {dag.py:2585} INFO - Sync 1 DAGs
[2022-11-20T13:19:55.438+0000] {logging_mixin.py:120} INFO - [2022-11-20T13:19:55.438+0000] {dag.py:3340} INFO - Setting next_dagrun for example_skip_dag to 2022-11-19T13:19:55.438291+00:00, run_after=2022-11-20T13:19:55.438291+00:00
[2022-11-20T13:19:55.448+0000] {processor.py:176} INFO - Processing /home/airflow/.local/lib/python3.7/site-packages/airflow/example_dags/example_skip_dag.py took 0.053 seconds
[2022-11-20T13:20:26.517+0000] {processor.py:154} INFO - Started process (PID=1353) to work on /home/airflow/.local/lib/python3.7/site-packages/airflow/example_dags/example_skip_dag.py
[2022-11-20T13:20:26.517+0000] {processor.py:756} INFO - Processing file /home/airflow/.local/lib/python3.7/site-packages/airflow/example_dags/example_skip_dag.py for tasks to queue
[2022-11-20T13:20:26.518+0000] {logging_mixin.py:120} INFO - [2022-11-20T13:20:26.517+0000] {dagbag.py:537} INFO - Filling up the DagBag from /home/airflow/.local/lib/python3.7/site-packages/airflow/example_dags/example_skip_dag.py
[2022-11-20T13:20:26.525+0000] {processor.py:766} INFO - DAG(s) dict_keys(['example_skip_dag']) retrieved from /home/airflow/.local/lib/python3.7/site-packages/airflow/example_dags/example_skip_dag.py
[2022-11-20T13:20:26.546+0000] {logging_mixin.py:120} INFO - [2022-11-20T13:20:26.546+0000] {dag.py:2585} INFO - Sync 1 DAGs
[2022-11-20T13:20:26.559+0000] {logging_mixin.py:120} INFO - [2022-11-20T13:20:26.559+0000] {dag.py:3340} INFO - Setting next_dagrun for example_skip_dag to 2022-11-19T13:20:26.559646+00:00, run_after=2022-11-20T13:20:26.559646+00:00
[2022-11-20T13:20:26.570+0000] {processor.py:176} INFO - Processing /home/airflow/.local/lib/python3.7/site-packages/airflow/example_dags/example_skip_dag.py took 0.055 seconds
[2022-11-20T13:20:57.482+0000] {processor.py:154} INFO - Started process (PID=1420) to work on /home/airflow/.local/lib/python3.7/site-packages/airflow/example_dags/example_skip_dag.py
[2022-11-20T13:20:57.483+0000] {processor.py:756} INFO - Processing file /home/airflow/.local/lib/python3.7/site-packages/airflow/example_dags/example_skip_dag.py for tasks to queue
[2022-11-20T13:20:57.483+0000] {logging_mixin.py:120} INFO - [2022-11-20T13:20:57.483+0000] {dagbag.py:537} INFO - Filling up the DagBag from /home/airflow/.local/lib/python3.7/site-packages/airflow/example_dags/example_skip_dag.py
[2022-11-20T13:20:57.490+0000] {processor.py:766} INFO - DAG(s) dict_keys(['example_skip_dag']) retrieved from /home/airflow/.local/lib/python3.7/site-packages/airflow/example_dags/example_skip_dag.py
[2022-11-20T13:20:57.511+0000] {logging_mixin.py:120} INFO - [2022-11-20T13:20:57.511+0000] {dag.py:2585} INFO - Sync 1 DAGs
[2022-11-20T13:20:57.524+0000] {logging_mixin.py:120} INFO - [2022-11-20T13:20:57.524+0000] {dag.py:3340} INFO - Setting next_dagrun for example_skip_dag to 2022-11-19T13:20:57.524321+00:00, run_after=2022-11-20T13:20:57.524321+00:00
[2022-11-20T13:20:57.538+0000] {processor.py:176} INFO - Processing /home/airflow/.local/lib/python3.7/site-packages/airflow/example_dags/example_skip_dag.py took 0.057 seconds
[2022-11-20T13:21:28.362+0000] {processor.py:154} INFO - Started process (PID=1488) to work on /home/airflow/.local/lib/python3.7/site-packages/airflow/example_dags/example_skip_dag.py
[2022-11-20T13:21:28.362+0000] {processor.py:756} INFO - Processing file /home/airflow/.local/lib/python3.7/site-packages/airflow/example_dags/example_skip_dag.py for tasks to queue
[2022-11-20T13:21:28.363+0000] {logging_mixin.py:120} INFO - [2022-11-20T13:21:28.363+0000] {dagbag.py:537} INFO - Filling up the DagBag from /home/airflow/.local/lib/python3.7/site-packages/airflow/example_dags/example_skip_dag.py
[2022-11-20T13:21:28.371+0000] {processor.py:766} INFO - DAG(s) dict_keys(['example_skip_dag']) retrieved from /home/airflow/.local/lib/python3.7/site-packages/airflow/example_dags/example_skip_dag.py
[2022-11-20T13:21:28.392+0000] {logging_mixin.py:120} INFO - [2022-11-20T13:21:28.392+0000] {dag.py:2585} INFO - Sync 1 DAGs
[2022-11-20T13:21:28.406+0000] {logging_mixin.py:120} INFO - [2022-11-20T13:21:28.406+0000] {dag.py:3340} INFO - Setting next_dagrun for example_skip_dag to 2022-11-19T13:21:28.405560+00:00, run_after=2022-11-20T13:21:28.405560+00:00
[2022-11-20T13:21:28.420+0000] {processor.py:176} INFO - Processing /home/airflow/.local/lib/python3.7/site-packages/airflow/example_dags/example_skip_dag.py took 0.061 seconds
[2022-11-20T13:21:59.430+0000] {processor.py:154} INFO - Started process (PID=1553) to work on /home/airflow/.local/lib/python3.7/site-packages/airflow/example_dags/example_skip_dag.py
[2022-11-20T13:21:59.431+0000] {processor.py:756} INFO - Processing file /home/airflow/.local/lib/python3.7/site-packages/airflow/example_dags/example_skip_dag.py for tasks to queue
[2022-11-20T13:21:59.433+0000] {logging_mixin.py:120} INFO - [2022-11-20T13:21:59.433+0000] {dagbag.py:537} INFO - Filling up the DagBag from /home/airflow/.local/lib/python3.7/site-packages/airflow/example_dags/example_skip_dag.py
[2022-11-20T13:21:59.443+0000] {processor.py:766} INFO - DAG(s) dict_keys(['example_skip_dag']) retrieved from /home/airflow/.local/lib/python3.7/site-packages/airflow/example_dags/example_skip_dag.py
[2022-11-20T13:21:59.473+0000] {logging_mixin.py:120} INFO - [2022-11-20T13:21:59.473+0000] {dag.py:2585} INFO - Sync 1 DAGs
[2022-11-20T13:21:59.487+0000] {logging_mixin.py:120} INFO - [2022-11-20T13:21:59.487+0000] {dag.py:3340} INFO - Setting next_dagrun for example_skip_dag to 2022-11-19T13:21:59.486967+00:00, run_after=2022-11-20T13:21:59.486967+00:00
[2022-11-20T13:21:59.499+0000] {processor.py:176} INFO - Processing /home/airflow/.local/lib/python3.7/site-packages/airflow/example_dags/example_skip_dag.py took 0.073 seconds
[2022-11-20T13:22:30.520+0000] {processor.py:154} INFO - Started process (PID=1623) to work on /home/airflow/.local/lib/python3.7/site-packages/airflow/example_dags/example_skip_dag.py
[2022-11-20T13:22:30.522+0000] {processor.py:756} INFO - Processing file /home/airflow/.local/lib/python3.7/site-packages/airflow/example_dags/example_skip_dag.py for tasks to queue
[2022-11-20T13:22:30.523+0000] {logging_mixin.py:120} INFO - [2022-11-20T13:22:30.523+0000] {dagbag.py:537} INFO - Filling up the DagBag from /home/airflow/.local/lib/python3.7/site-packages/airflow/example_dags/example_skip_dag.py
[2022-11-20T13:22:30.532+0000] {processor.py:766} INFO - DAG(s) dict_keys(['example_skip_dag']) retrieved from /home/airflow/.local/lib/python3.7/site-packages/airflow/example_dags/example_skip_dag.py
[2022-11-20T13:22:30.562+0000] {logging_mixin.py:120} INFO - [2022-11-20T13:22:30.561+0000] {dag.py:2585} INFO - Sync 1 DAGs
[2022-11-20T13:22:30.577+0000] {logging_mixin.py:120} INFO - [2022-11-20T13:22:30.577+0000] {dag.py:3340} INFO - Setting next_dagrun for example_skip_dag to 2022-11-19T13:22:30.577121+00:00, run_after=2022-11-20T13:22:30.577121+00:00
[2022-11-20T13:22:30.598+0000] {processor.py:176} INFO - Processing /home/airflow/.local/lib/python3.7/site-packages/airflow/example_dags/example_skip_dag.py took 0.082 seconds
[2022-11-20T13:23:00.648+0000] {processor.py:154} INFO - Started process (PID=1690) to work on /home/airflow/.local/lib/python3.7/site-packages/airflow/example_dags/example_skip_dag.py
[2022-11-20T13:23:00.649+0000] {processor.py:756} INFO - Processing file /home/airflow/.local/lib/python3.7/site-packages/airflow/example_dags/example_skip_dag.py for tasks to queue
[2022-11-20T13:23:00.649+0000] {logging_mixin.py:120} INFO - [2022-11-20T13:23:00.649+0000] {dagbag.py:537} INFO - Filling up the DagBag from /home/airflow/.local/lib/python3.7/site-packages/airflow/example_dags/example_skip_dag.py
[2022-11-20T13:23:00.656+0000] {processor.py:766} INFO - DAG(s) dict_keys(['example_skip_dag']) retrieved from /home/airflow/.local/lib/python3.7/site-packages/airflow/example_dags/example_skip_dag.py
[2022-11-20T13:23:00.677+0000] {logging_mixin.py:120} INFO - [2022-11-20T13:23:00.677+0000] {dag.py:2585} INFO - Sync 1 DAGs
[2022-11-20T13:23:00.691+0000] {logging_mixin.py:120} INFO - [2022-11-20T13:23:00.690+0000] {dag.py:3340} INFO - Setting next_dagrun for example_skip_dag to 2022-11-19T13:23:00.690856+00:00, run_after=2022-11-20T13:23:00.690856+00:00
[2022-11-20T13:23:00.702+0000] {processor.py:176} INFO - Processing /home/airflow/.local/lib/python3.7/site-packages/airflow/example_dags/example_skip_dag.py took 0.056 seconds
[2022-11-20T13:23:30.890+0000] {processor.py:154} INFO - Started process (PID=1749) to work on /home/airflow/.local/lib/python3.7/site-packages/airflow/example_dags/example_skip_dag.py
[2022-11-20T13:23:30.891+0000] {processor.py:756} INFO - Processing file /home/airflow/.local/lib/python3.7/site-packages/airflow/example_dags/example_skip_dag.py for tasks to queue
[2022-11-20T13:23:30.892+0000] {logging_mixin.py:120} INFO - [2022-11-20T13:23:30.892+0000] {dagbag.py:537} INFO - Filling up the DagBag from /home/airflow/.local/lib/python3.7/site-packages/airflow/example_dags/example_skip_dag.py
[2022-11-20T13:23:30.902+0000] {processor.py:766} INFO - DAG(s) dict_keys(['example_skip_dag']) retrieved from /home/airflow/.local/lib/python3.7/site-packages/airflow/example_dags/example_skip_dag.py
[2022-11-20T13:23:30.927+0000] {logging_mixin.py:120} INFO - [2022-11-20T13:23:30.927+0000] {dag.py:2585} INFO - Sync 1 DAGs
[2022-11-20T13:23:30.942+0000] {logging_mixin.py:120} INFO - [2022-11-20T13:23:30.942+0000] {dag.py:3340} INFO - Setting next_dagrun for example_skip_dag to 2022-11-19T13:23:30.942103+00:00, run_after=2022-11-20T13:23:30.942103+00:00
[2022-11-20T13:23:30.955+0000] {processor.py:176} INFO - Processing /home/airflow/.local/lib/python3.7/site-packages/airflow/example_dags/example_skip_dag.py took 0.067 seconds
[2022-11-20T13:24:00.988+0000] {processor.py:154} INFO - Started process (PID=1819) to work on /home/airflow/.local/lib/python3.7/site-packages/airflow/example_dags/example_skip_dag.py
[2022-11-20T13:24:00.989+0000] {processor.py:756} INFO - Processing file /home/airflow/.local/lib/python3.7/site-packages/airflow/example_dags/example_skip_dag.py for tasks to queue
[2022-11-20T13:24:00.989+0000] {logging_mixin.py:120} INFO - [2022-11-20T13:24:00.989+0000] {dagbag.py:537} INFO - Filling up the DagBag from /home/airflow/.local/lib/python3.7/site-packages/airflow/example_dags/example_skip_dag.py
[2022-11-20T13:24:00.996+0000] {processor.py:766} INFO - DAG(s) dict_keys(['example_skip_dag']) retrieved from /home/airflow/.local/lib/python3.7/site-packages/airflow/example_dags/example_skip_dag.py
[2022-11-20T13:24:01.016+0000] {logging_mixin.py:120} INFO - [2022-11-20T13:24:01.016+0000] {dag.py:2585} INFO - Sync 1 DAGs
[2022-11-20T13:24:01.028+0000] {logging_mixin.py:120} INFO - [2022-11-20T13:24:01.028+0000] {dag.py:3340} INFO - Setting next_dagrun for example_skip_dag to 2022-11-19T13:24:01.028305+00:00, run_after=2022-11-20T13:24:01.028305+00:00
[2022-11-20T13:24:01.037+0000] {processor.py:176} INFO - Processing /home/airflow/.local/lib/python3.7/site-packages/airflow/example_dags/example_skip_dag.py took 0.050 seconds
[2022-11-20T13:24:31.063+0000] {processor.py:154} INFO - Started process (PID=1887) to work on /home/airflow/.local/lib/python3.7/site-packages/airflow/example_dags/example_skip_dag.py
[2022-11-20T13:24:31.064+0000] {processor.py:756} INFO - Processing file /home/airflow/.local/lib/python3.7/site-packages/airflow/example_dags/example_skip_dag.py for tasks to queue
[2022-11-20T13:24:31.064+0000] {logging_mixin.py:120} INFO - [2022-11-20T13:24:31.064+0000] {dagbag.py:537} INFO - Filling up the DagBag from /home/airflow/.local/lib/python3.7/site-packages/airflow/example_dags/example_skip_dag.py
[2022-11-20T13:24:31.072+0000] {processor.py:766} INFO - DAG(s) dict_keys(['example_skip_dag']) retrieved from /home/airflow/.local/lib/python3.7/site-packages/airflow/example_dags/example_skip_dag.py
[2022-11-20T13:24:31.092+0000] {logging_mixin.py:120} INFO - [2022-11-20T13:24:31.092+0000] {dag.py:2585} INFO - Sync 1 DAGs
[2022-11-20T13:24:31.104+0000] {logging_mixin.py:120} INFO - [2022-11-20T13:24:31.104+0000] {dag.py:3340} INFO - Setting next_dagrun for example_skip_dag to 2022-11-19T13:24:31.104600+00:00, run_after=2022-11-20T13:24:31.104600+00:00
[2022-11-20T13:24:31.116+0000] {processor.py:176} INFO - Processing /home/airflow/.local/lib/python3.7/site-packages/airflow/example_dags/example_skip_dag.py took 0.054 seconds
[2022-11-20T13:25:02.132+0000] {processor.py:154} INFO - Started process (PID=1956) to work on /home/airflow/.local/lib/python3.7/site-packages/airflow/example_dags/example_skip_dag.py
[2022-11-20T13:25:02.132+0000] {processor.py:756} INFO - Processing file /home/airflow/.local/lib/python3.7/site-packages/airflow/example_dags/example_skip_dag.py for tasks to queue
[2022-11-20T13:25:02.133+0000] {logging_mixin.py:120} INFO - [2022-11-20T13:25:02.133+0000] {dagbag.py:537} INFO - Filling up the DagBag from /home/airflow/.local/lib/python3.7/site-packages/airflow/example_dags/example_skip_dag.py
[2022-11-20T13:25:02.140+0000] {processor.py:766} INFO - DAG(s) dict_keys(['example_skip_dag']) retrieved from /home/airflow/.local/lib/python3.7/site-packages/airflow/example_dags/example_skip_dag.py
[2022-11-20T13:25:02.161+0000] {logging_mixin.py:120} INFO - [2022-11-20T13:25:02.160+0000] {dag.py:2585} INFO - Sync 1 DAGs
[2022-11-20T13:25:02.173+0000] {logging_mixin.py:120} INFO - [2022-11-20T13:25:02.173+0000] {dag.py:3340} INFO - Setting next_dagrun for example_skip_dag to 2022-11-19T13:25:02.173061+00:00, run_after=2022-11-20T13:25:02.173061+00:00
[2022-11-20T13:25:02.183+0000] {processor.py:176} INFO - Processing /home/airflow/.local/lib/python3.7/site-packages/airflow/example_dags/example_skip_dag.py took 0.053 seconds
[2022-11-20T13:25:32.889+0000] {processor.py:154} INFO - Started process (PID=2027) to work on /home/airflow/.local/lib/python3.7/site-packages/airflow/example_dags/example_skip_dag.py
[2022-11-20T13:25:32.890+0000] {processor.py:756} INFO - Processing file /home/airflow/.local/lib/python3.7/site-packages/airflow/example_dags/example_skip_dag.py for tasks to queue
[2022-11-20T13:25:32.890+0000] {logging_mixin.py:120} INFO - [2022-11-20T13:25:32.890+0000] {dagbag.py:537} INFO - Filling up the DagBag from /home/airflow/.local/lib/python3.7/site-packages/airflow/example_dags/example_skip_dag.py
[2022-11-20T13:25:32.898+0000] {processor.py:766} INFO - DAG(s) dict_keys(['example_skip_dag']) retrieved from /home/airflow/.local/lib/python3.7/site-packages/airflow/example_dags/example_skip_dag.py
[2022-11-20T13:25:32.921+0000] {logging_mixin.py:120} INFO - [2022-11-20T13:25:32.921+0000] {dag.py:2585} INFO - Sync 1 DAGs
[2022-11-20T13:25:32.934+0000] {logging_mixin.py:120} INFO - [2022-11-20T13:25:32.933+0000] {dag.py:3340} INFO - Setting next_dagrun for example_skip_dag to 2022-11-19T13:25:32.933802+00:00, run_after=2022-11-20T13:25:32.933802+00:00
[2022-11-20T13:25:32.944+0000] {processor.py:176} INFO - Processing /home/airflow/.local/lib/python3.7/site-packages/airflow/example_dags/example_skip_dag.py took 0.057 seconds
[2022-11-20T13:58:06.677+0000] {processor.py:154} INFO - Started process (PID=2075) to work on /home/airflow/.local/lib/python3.7/site-packages/airflow/example_dags/example_skip_dag.py
[2022-11-20T13:58:06.678+0000] {processor.py:756} INFO - Processing file /home/airflow/.local/lib/python3.7/site-packages/airflow/example_dags/example_skip_dag.py for tasks to queue
[2022-11-20T13:58:06.678+0000] {logging_mixin.py:120} INFO - [2022-11-20T13:58:06.678+0000] {dagbag.py:537} INFO - Filling up the DagBag from /home/airflow/.local/lib/python3.7/site-packages/airflow/example_dags/example_skip_dag.py
[2022-11-20T13:58:06.688+0000] {processor.py:766} INFO - DAG(s) dict_keys(['example_skip_dag']) retrieved from /home/airflow/.local/lib/python3.7/site-packages/airflow/example_dags/example_skip_dag.py
[2022-11-20T13:58:06.716+0000] {logging_mixin.py:120} INFO - [2022-11-20T13:58:06.716+0000] {dag.py:2585} INFO - Sync 1 DAGs
[2022-11-20T13:58:06.733+0000] {logging_mixin.py:120} INFO - [2022-11-20T13:58:06.733+0000] {dag.py:3340} INFO - Setting next_dagrun for example_skip_dag to 2022-11-19T13:58:06.733496+00:00, run_after=2022-11-20T13:58:06.733496+00:00
[2022-11-20T13:58:06.745+0000] {processor.py:176} INFO - Processing /home/airflow/.local/lib/python3.7/site-packages/airflow/example_dags/example_skip_dag.py took 0.072 seconds
[2022-11-20T14:14:22.107+0000] {processor.py:154} INFO - Started process (PID=2125) to work on /home/airflow/.local/lib/python3.7/site-packages/airflow/example_dags/example_skip_dag.py
[2022-11-20T14:14:22.108+0000] {processor.py:756} INFO - Processing file /home/airflow/.local/lib/python3.7/site-packages/airflow/example_dags/example_skip_dag.py for tasks to queue
[2022-11-20T14:14:22.109+0000] {logging_mixin.py:120} INFO - [2022-11-20T14:14:22.109+0000] {dagbag.py:537} INFO - Filling up the DagBag from /home/airflow/.local/lib/python3.7/site-packages/airflow/example_dags/example_skip_dag.py
[2022-11-20T14:14:22.119+0000] {processor.py:766} INFO - DAG(s) dict_keys(['example_skip_dag']) retrieved from /home/airflow/.local/lib/python3.7/site-packages/airflow/example_dags/example_skip_dag.py
[2022-11-20T14:14:22.145+0000] {logging_mixin.py:120} INFO - [2022-11-20T14:14:22.145+0000] {dag.py:2585} INFO - Sync 1 DAGs
[2022-11-20T14:14:22.160+0000] {logging_mixin.py:120} INFO - [2022-11-20T14:14:22.159+0000] {dag.py:3340} INFO - Setting next_dagrun for example_skip_dag to 2022-11-19T14:14:22.159792+00:00, run_after=2022-11-20T14:14:22.159792+00:00
[2022-11-20T14:14:22.172+0000] {processor.py:176} INFO - Processing /home/airflow/.local/lib/python3.7/site-packages/airflow/example_dags/example_skip_dag.py took 0.066 seconds
[2022-11-20T14:44:47.726+0000] {processor.py:154} INFO - Started process (PID=2172) to work on /home/airflow/.local/lib/python3.7/site-packages/airflow/example_dags/example_skip_dag.py
[2022-11-20T14:44:47.727+0000] {processor.py:756} INFO - Processing file /home/airflow/.local/lib/python3.7/site-packages/airflow/example_dags/example_skip_dag.py for tasks to queue
[2022-11-20T14:44:47.727+0000] {logging_mixin.py:120} INFO - [2022-11-20T14:44:47.727+0000] {dagbag.py:537} INFO - Filling up the DagBag from /home/airflow/.local/lib/python3.7/site-packages/airflow/example_dags/example_skip_dag.py
[2022-11-20T14:44:47.736+0000] {processor.py:766} INFO - DAG(s) dict_keys(['example_skip_dag']) retrieved from /home/airflow/.local/lib/python3.7/site-packages/airflow/example_dags/example_skip_dag.py
[2022-11-20T14:44:47.758+0000] {logging_mixin.py:120} INFO - [2022-11-20T14:44:47.758+0000] {dag.py:2585} INFO - Sync 1 DAGs
[2022-11-20T14:44:47.775+0000] {logging_mixin.py:120} INFO - [2022-11-20T14:44:47.775+0000] {dag.py:3340} INFO - Setting next_dagrun for example_skip_dag to 2022-11-19T14:44:47.774957+00:00, run_after=2022-11-20T14:44:47.774957+00:00
[2022-11-20T14:44:47.788+0000] {processor.py:176} INFO - Processing /home/airflow/.local/lib/python3.7/site-packages/airflow/example_dags/example_skip_dag.py took 0.064 seconds
[2022-11-20T15:18:05.231+0000] {processor.py:154} INFO - Started process (PID=2219) to work on /home/airflow/.local/lib/python3.7/site-packages/airflow/example_dags/example_skip_dag.py
[2022-11-20T15:18:05.232+0000] {processor.py:756} INFO - Processing file /home/airflow/.local/lib/python3.7/site-packages/airflow/example_dags/example_skip_dag.py for tasks to queue
[2022-11-20T15:18:05.232+0000] {logging_mixin.py:120} INFO - [2022-11-20T15:18:05.232+0000] {dagbag.py:537} INFO - Filling up the DagBag from /home/airflow/.local/lib/python3.7/site-packages/airflow/example_dags/example_skip_dag.py
[2022-11-20T15:18:05.242+0000] {processor.py:766} INFO - DAG(s) dict_keys(['example_skip_dag']) retrieved from /home/airflow/.local/lib/python3.7/site-packages/airflow/example_dags/example_skip_dag.py
[2022-11-20T15:18:05.272+0000] {logging_mixin.py:120} INFO - [2022-11-20T15:18:05.271+0000] {dag.py:2585} INFO - Sync 1 DAGs
[2022-11-20T15:18:05.292+0000] {logging_mixin.py:120} INFO - [2022-11-20T15:18:05.292+0000] {dag.py:3340} INFO - Setting next_dagrun for example_skip_dag to 2022-11-19T15:18:05.292187+00:00, run_after=2022-11-20T15:18:05.292187+00:00
[2022-11-20T15:18:05.324+0000] {processor.py:176} INFO - Processing /home/airflow/.local/lib/python3.7/site-packages/airflow/example_dags/example_skip_dag.py took 0.095 seconds
[2022-11-20T15:39:03.314+0000] {processor.py:154} INFO - Started process (PID=2256) to work on /home/airflow/.local/lib/python3.7/site-packages/airflow/example_dags/example_skip_dag.py
[2022-11-20T15:39:03.315+0000] {processor.py:756} INFO - Processing file /home/airflow/.local/lib/python3.7/site-packages/airflow/example_dags/example_skip_dag.py for tasks to queue
[2022-11-20T15:39:03.315+0000] {logging_mixin.py:120} INFO - [2022-11-20T15:39:03.315+0000] {dagbag.py:537} INFO - Filling up the DagBag from /home/airflow/.local/lib/python3.7/site-packages/airflow/example_dags/example_skip_dag.py
[2022-11-20T15:39:03.324+0000] {processor.py:766} INFO - DAG(s) dict_keys(['example_skip_dag']) retrieved from /home/airflow/.local/lib/python3.7/site-packages/airflow/example_dags/example_skip_dag.py
[2022-11-20T15:39:03.345+0000] {logging_mixin.py:120} INFO - [2022-11-20T15:39:03.345+0000] {dag.py:2585} INFO - Sync 1 DAGs
[2022-11-20T15:39:03.358+0000] {logging_mixin.py:120} INFO - [2022-11-20T15:39:03.357+0000] {dag.py:3340} INFO - Setting next_dagrun for example_skip_dag to 2022-11-19T15:39:03.357864+00:00, run_after=2022-11-20T15:39:03.357864+00:00
[2022-11-20T15:39:03.367+0000] {processor.py:176} INFO - Processing /home/airflow/.local/lib/python3.7/site-packages/airflow/example_dags/example_skip_dag.py took 0.055 seconds
[2022-11-20T15:51:03.516+0000] {processor.py:154} INFO - Started process (PID=2302) to work on /home/airflow/.local/lib/python3.7/site-packages/airflow/example_dags/example_skip_dag.py
[2022-11-20T15:51:03.517+0000] {processor.py:756} INFO - Processing file /home/airflow/.local/lib/python3.7/site-packages/airflow/example_dags/example_skip_dag.py for tasks to queue
[2022-11-20T15:51:03.517+0000] {logging_mixin.py:120} INFO - [2022-11-20T15:51:03.517+0000] {dagbag.py:537} INFO - Filling up the DagBag from /home/airflow/.local/lib/python3.7/site-packages/airflow/example_dags/example_skip_dag.py
[2022-11-20T15:51:03.531+0000] {processor.py:766} INFO - DAG(s) dict_keys(['example_skip_dag']) retrieved from /home/airflow/.local/lib/python3.7/site-packages/airflow/example_dags/example_skip_dag.py
[2022-11-20T15:51:03.615+0000] {logging_mixin.py:120} INFO - [2022-11-20T15:51:03.615+0000] {dag.py:2585} INFO - Sync 1 DAGs
[2022-11-20T15:51:03.642+0000] {logging_mixin.py:120} INFO - [2022-11-20T15:51:03.642+0000] {dag.py:3340} INFO - Setting next_dagrun for example_skip_dag to 2022-11-19T15:51:03.642259+00:00, run_after=2022-11-20T15:51:03.642259+00:00
[2022-11-20T15:51:03.669+0000] {processor.py:176} INFO - Processing /home/airflow/.local/lib/python3.7/site-packages/airflow/example_dags/example_skip_dag.py took 0.156 seconds
[2022-11-20T16:06:45.121+0000] {processor.py:154} INFO - Started process (PID=2348) to work on /home/airflow/.local/lib/python3.7/site-packages/airflow/example_dags/example_skip_dag.py
[2022-11-20T16:06:45.121+0000] {processor.py:756} INFO - Processing file /home/airflow/.local/lib/python3.7/site-packages/airflow/example_dags/example_skip_dag.py for tasks to queue
[2022-11-20T16:06:45.122+0000] {logging_mixin.py:120} INFO - [2022-11-20T16:06:45.122+0000] {dagbag.py:537} INFO - Filling up the DagBag from /home/airflow/.local/lib/python3.7/site-packages/airflow/example_dags/example_skip_dag.py
[2022-11-20T16:06:45.133+0000] {processor.py:766} INFO - DAG(s) dict_keys(['example_skip_dag']) retrieved from /home/airflow/.local/lib/python3.7/site-packages/airflow/example_dags/example_skip_dag.py
[2022-11-20T16:06:45.177+0000] {logging_mixin.py:120} INFO - [2022-11-20T16:06:45.177+0000] {dag.py:2585} INFO - Sync 1 DAGs
[2022-11-20T16:06:45.194+0000] {logging_mixin.py:120} INFO - [2022-11-20T16:06:45.194+0000] {dag.py:3340} INFO - Setting next_dagrun for example_skip_dag to 2022-11-19T16:06:45.193972+00:00, run_after=2022-11-20T16:06:45.193972+00:00
[2022-11-20T16:06:45.213+0000] {processor.py:176} INFO - Processing /home/airflow/.local/lib/python3.7/site-packages/airflow/example_dags/example_skip_dag.py took 0.094 seconds
[2022-11-20T16:08:33.532+0000] {processor.py:154} INFO - Started process (PID=2399) to work on /home/airflow/.local/lib/python3.7/site-packages/airflow/example_dags/example_skip_dag.py
[2022-11-20T16:08:33.533+0000] {processor.py:756} INFO - Processing file /home/airflow/.local/lib/python3.7/site-packages/airflow/example_dags/example_skip_dag.py for tasks to queue
[2022-11-20T16:08:33.533+0000] {logging_mixin.py:120} INFO - [2022-11-20T16:08:33.533+0000] {dagbag.py:537} INFO - Filling up the DagBag from /home/airflow/.local/lib/python3.7/site-packages/airflow/example_dags/example_skip_dag.py
[2022-11-20T16:08:33.541+0000] {processor.py:766} INFO - DAG(s) dict_keys(['example_skip_dag']) retrieved from /home/airflow/.local/lib/python3.7/site-packages/airflow/example_dags/example_skip_dag.py
[2022-11-20T16:08:33.561+0000] {logging_mixin.py:120} INFO - [2022-11-20T16:08:33.560+0000] {dag.py:2585} INFO - Sync 1 DAGs
[2022-11-20T16:08:33.573+0000] {logging_mixin.py:120} INFO - [2022-11-20T16:08:33.573+0000] {dag.py:3340} INFO - Setting next_dagrun for example_skip_dag to 2022-11-19T16:08:33.573423+00:00, run_after=2022-11-20T16:08:33.573423+00:00
[2022-11-20T16:08:33.586+0000] {processor.py:176} INFO - Processing /home/airflow/.local/lib/python3.7/site-packages/airflow/example_dags/example_skip_dag.py took 0.055 seconds
[2022-11-20T16:27:59.236+0000] {processor.py:154} INFO - Started process (PID=2445) to work on /home/airflow/.local/lib/python3.7/site-packages/airflow/example_dags/example_skip_dag.py
[2022-11-20T16:27:59.238+0000] {processor.py:756} INFO - Processing file /home/airflow/.local/lib/python3.7/site-packages/airflow/example_dags/example_skip_dag.py for tasks to queue
[2022-11-20T16:27:59.238+0000] {logging_mixin.py:120} INFO - [2022-11-20T16:27:59.238+0000] {dagbag.py:537} INFO - Filling up the DagBag from /home/airflow/.local/lib/python3.7/site-packages/airflow/example_dags/example_skip_dag.py
[2022-11-20T16:27:59.256+0000] {processor.py:766} INFO - DAG(s) dict_keys(['example_skip_dag']) retrieved from /home/airflow/.local/lib/python3.7/site-packages/airflow/example_dags/example_skip_dag.py
[2022-11-20T16:27:59.291+0000] {logging_mixin.py:120} INFO - [2022-11-20T16:27:59.291+0000] {dag.py:2585} INFO - Sync 1 DAGs
[2022-11-20T16:27:59.310+0000] {logging_mixin.py:120} INFO - [2022-11-20T16:27:59.310+0000] {dag.py:3340} INFO - Setting next_dagrun for example_skip_dag to 2022-11-19T16:27:59.310062+00:00, run_after=2022-11-20T16:27:59.310062+00:00
[2022-11-20T16:27:59.322+0000] {processor.py:176} INFO - Processing /home/airflow/.local/lib/python3.7/site-packages/airflow/example_dags/example_skip_dag.py took 0.087 seconds
[2022-11-20T16:43:49.536+0000] {processor.py:154} INFO - Started process (PID=2494) to work on /home/airflow/.local/lib/python3.7/site-packages/airflow/example_dags/example_skip_dag.py
[2022-11-20T16:43:49.536+0000] {processor.py:756} INFO - Processing file /home/airflow/.local/lib/python3.7/site-packages/airflow/example_dags/example_skip_dag.py for tasks to queue
[2022-11-20T16:43:49.537+0000] {logging_mixin.py:120} INFO - [2022-11-20T16:43:49.537+0000] {dagbag.py:537} INFO - Filling up the DagBag from /home/airflow/.local/lib/python3.7/site-packages/airflow/example_dags/example_skip_dag.py
[2022-11-20T16:43:49.545+0000] {processor.py:766} INFO - DAG(s) dict_keys(['example_skip_dag']) retrieved from /home/airflow/.local/lib/python3.7/site-packages/airflow/example_dags/example_skip_dag.py
[2022-11-20T16:43:49.566+0000] {logging_mixin.py:120} INFO - [2022-11-20T16:43:49.565+0000] {dag.py:2585} INFO - Sync 1 DAGs
[2022-11-20T16:43:49.577+0000] {logging_mixin.py:120} INFO - [2022-11-20T16:43:49.577+0000] {dag.py:3340} INFO - Setting next_dagrun for example_skip_dag to 2022-11-19T16:43:49.577591+00:00, run_after=2022-11-20T16:43:49.577591+00:00
[2022-11-20T16:43:49.589+0000] {processor.py:176} INFO - Processing /home/airflow/.local/lib/python3.7/site-packages/airflow/example_dags/example_skip_dag.py took 0.055 seconds
[2022-11-20T17:17:43.009+0000] {processor.py:154} INFO - Started process (PID=2541) to work on /home/airflow/.local/lib/python3.7/site-packages/airflow/example_dags/example_skip_dag.py
[2022-11-20T17:17:43.010+0000] {processor.py:756} INFO - Processing file /home/airflow/.local/lib/python3.7/site-packages/airflow/example_dags/example_skip_dag.py for tasks to queue
[2022-11-20T17:17:43.011+0000] {logging_mixin.py:120} INFO - [2022-11-20T17:17:43.011+0000] {dagbag.py:537} INFO - Filling up the DagBag from /home/airflow/.local/lib/python3.7/site-packages/airflow/example_dags/example_skip_dag.py
[2022-11-20T17:17:43.027+0000] {processor.py:766} INFO - DAG(s) dict_keys(['example_skip_dag']) retrieved from /home/airflow/.local/lib/python3.7/site-packages/airflow/example_dags/example_skip_dag.py
[2022-11-20T17:17:43.063+0000] {logging_mixin.py:120} INFO - [2022-11-20T17:17:43.063+0000] {dag.py:2585} INFO - Sync 1 DAGs
[2022-11-20T17:17:43.082+0000] {logging_mixin.py:120} INFO - [2022-11-20T17:17:43.082+0000] {dag.py:3340} INFO - Setting next_dagrun for example_skip_dag to 2022-11-19T17:17:43.081804+00:00, run_after=2022-11-20T17:17:43.081804+00:00
[2022-11-20T17:17:43.092+0000] {processor.py:176} INFO - Processing /home/airflow/.local/lib/python3.7/site-packages/airflow/example_dags/example_skip_dag.py took 0.085 seconds
[2022-11-20T17:22:37.745+0000] {processor.py:154} INFO - Started process (PID=2588) to work on /home/airflow/.local/lib/python3.7/site-packages/airflow/example_dags/example_skip_dag.py
[2022-11-20T17:22:37.748+0000] {processor.py:756} INFO - Processing file /home/airflow/.local/lib/python3.7/site-packages/airflow/example_dags/example_skip_dag.py for tasks to queue
[2022-11-20T17:22:37.748+0000] {logging_mixin.py:120} INFO - [2022-11-20T17:22:37.748+0000] {dagbag.py:537} INFO - Filling up the DagBag from /home/airflow/.local/lib/python3.7/site-packages/airflow/example_dags/example_skip_dag.py
[2022-11-20T17:22:37.761+0000] {processor.py:766} INFO - DAG(s) dict_keys(['example_skip_dag']) retrieved from /home/airflow/.local/lib/python3.7/site-packages/airflow/example_dags/example_skip_dag.py
[2022-11-20T17:22:37.817+0000] {logging_mixin.py:120} INFO - [2022-11-20T17:22:37.817+0000] {dag.py:2585} INFO - Sync 1 DAGs
[2022-11-20T17:22:37.855+0000] {logging_mixin.py:120} INFO - [2022-11-20T17:22:37.855+0000] {dag.py:3340} INFO - Setting next_dagrun for example_skip_dag to 2022-11-19T17:22:37.855317+00:00, run_after=2022-11-20T17:22:37.855317+00:00
[2022-11-20T17:22:37.882+0000] {processor.py:176} INFO - Processing /home/airflow/.local/lib/python3.7/site-packages/airflow/example_dags/example_skip_dag.py took 0.140 seconds
[2022-11-20T17:23:08.385+0000] {processor.py:154} INFO - Started process (PID=2655) to work on /home/airflow/.local/lib/python3.7/site-packages/airflow/example_dags/example_skip_dag.py
[2022-11-20T17:23:08.385+0000] {processor.py:756} INFO - Processing file /home/airflow/.local/lib/python3.7/site-packages/airflow/example_dags/example_skip_dag.py for tasks to queue
[2022-11-20T17:23:08.386+0000] {logging_mixin.py:120} INFO - [2022-11-20T17:23:08.386+0000] {dagbag.py:537} INFO - Filling up the DagBag from /home/airflow/.local/lib/python3.7/site-packages/airflow/example_dags/example_skip_dag.py
[2022-11-20T17:23:08.394+0000] {processor.py:766} INFO - DAG(s) dict_keys(['example_skip_dag']) retrieved from /home/airflow/.local/lib/python3.7/site-packages/airflow/example_dags/example_skip_dag.py
[2022-11-20T17:23:08.415+0000] {logging_mixin.py:120} INFO - [2022-11-20T17:23:08.415+0000] {dag.py:2585} INFO - Sync 1 DAGs
[2022-11-20T17:23:08.428+0000] {logging_mixin.py:120} INFO - [2022-11-20T17:23:08.428+0000] {dag.py:3340} INFO - Setting next_dagrun for example_skip_dag to 2022-11-19T17:23:08.428032+00:00, run_after=2022-11-20T17:23:08.428032+00:00
[2022-11-20T17:23:08.438+0000] {processor.py:176} INFO - Processing /home/airflow/.local/lib/python3.7/site-packages/airflow/example_dags/example_skip_dag.py took 0.055 seconds
[2022-11-20T17:23:39.199+0000] {processor.py:154} INFO - Started process (PID=2725) to work on /home/airflow/.local/lib/python3.7/site-packages/airflow/example_dags/example_skip_dag.py
[2022-11-20T17:23:39.200+0000] {processor.py:756} INFO - Processing file /home/airflow/.local/lib/python3.7/site-packages/airflow/example_dags/example_skip_dag.py for tasks to queue
[2022-11-20T17:23:39.201+0000] {logging_mixin.py:120} INFO - [2022-11-20T17:23:39.201+0000] {dagbag.py:537} INFO - Filling up the DagBag from /home/airflow/.local/lib/python3.7/site-packages/airflow/example_dags/example_skip_dag.py
[2022-11-20T17:23:39.210+0000] {processor.py:766} INFO - DAG(s) dict_keys(['example_skip_dag']) retrieved from /home/airflow/.local/lib/python3.7/site-packages/airflow/example_dags/example_skip_dag.py
[2022-11-20T17:23:39.235+0000] {logging_mixin.py:120} INFO - [2022-11-20T17:23:39.235+0000] {dag.py:2585} INFO - Sync 1 DAGs
[2022-11-20T17:23:39.251+0000] {logging_mixin.py:120} INFO - [2022-11-20T17:23:39.251+0000] {dag.py:3340} INFO - Setting next_dagrun for example_skip_dag to 2022-11-19T17:23:39.251192+00:00, run_after=2022-11-20T17:23:39.251192+00:00
[2022-11-20T17:23:39.264+0000] {processor.py:176} INFO - Processing /home/airflow/.local/lib/python3.7/site-packages/airflow/example_dags/example_skip_dag.py took 0.067 seconds
[2022-11-20T17:24:09.286+0000] {processor.py:154} INFO - Started process (PID=2795) to work on /home/airflow/.local/lib/python3.7/site-packages/airflow/example_dags/example_skip_dag.py
[2022-11-20T17:24:09.287+0000] {processor.py:756} INFO - Processing file /home/airflow/.local/lib/python3.7/site-packages/airflow/example_dags/example_skip_dag.py for tasks to queue
[2022-11-20T17:24:09.287+0000] {logging_mixin.py:120} INFO - [2022-11-20T17:24:09.287+0000] {dagbag.py:537} INFO - Filling up the DagBag from /home/airflow/.local/lib/python3.7/site-packages/airflow/example_dags/example_skip_dag.py
[2022-11-20T17:24:09.294+0000] {processor.py:766} INFO - DAG(s) dict_keys(['example_skip_dag']) retrieved from /home/airflow/.local/lib/python3.7/site-packages/airflow/example_dags/example_skip_dag.py
[2022-11-20T17:24:09.315+0000] {logging_mixin.py:120} INFO - [2022-11-20T17:24:09.315+0000] {dag.py:2585} INFO - Sync 1 DAGs
[2022-11-20T17:24:09.334+0000] {logging_mixin.py:120} INFO - [2022-11-20T17:24:09.334+0000] {dag.py:3340} INFO - Setting next_dagrun for example_skip_dag to 2022-11-19T17:24:09.334192+00:00, run_after=2022-11-20T17:24:09.334192+00:00
[2022-11-20T17:24:09.344+0000] {processor.py:176} INFO - Processing /home/airflow/.local/lib/python3.7/site-packages/airflow/example_dags/example_skip_dag.py took 0.059 seconds
[2022-11-20T17:24:39.396+0000] {processor.py:154} INFO - Started process (PID=2854) to work on /home/airflow/.local/lib/python3.7/site-packages/airflow/example_dags/example_skip_dag.py
[2022-11-20T17:24:39.397+0000] {processor.py:756} INFO - Processing file /home/airflow/.local/lib/python3.7/site-packages/airflow/example_dags/example_skip_dag.py for tasks to queue
[2022-11-20T17:24:39.397+0000] {logging_mixin.py:120} INFO - [2022-11-20T17:24:39.397+0000] {dagbag.py:537} INFO - Filling up the DagBag from /home/airflow/.local/lib/python3.7/site-packages/airflow/example_dags/example_skip_dag.py
[2022-11-20T17:24:39.404+0000] {processor.py:766} INFO - DAG(s) dict_keys(['example_skip_dag']) retrieved from /home/airflow/.local/lib/python3.7/site-packages/airflow/example_dags/example_skip_dag.py
[2022-11-20T17:24:39.425+0000] {logging_mixin.py:120} INFO - [2022-11-20T17:24:39.425+0000] {dag.py:2585} INFO - Sync 1 DAGs
[2022-11-20T17:24:39.438+0000] {logging_mixin.py:120} INFO - [2022-11-20T17:24:39.438+0000] {dag.py:3340} INFO - Setting next_dagrun for example_skip_dag to 2022-11-19T17:24:39.438258+00:00, run_after=2022-11-20T17:24:39.438258+00:00
[2022-11-20T17:24:39.448+0000] {processor.py:176} INFO - Processing /home/airflow/.local/lib/python3.7/site-packages/airflow/example_dags/example_skip_dag.py took 0.053 seconds
[2022-11-20T17:25:10.171+0000] {processor.py:154} INFO - Started process (PID=2923) to work on /home/airflow/.local/lib/python3.7/site-packages/airflow/example_dags/example_skip_dag.py
[2022-11-20T17:25:10.172+0000] {processor.py:756} INFO - Processing file /home/airflow/.local/lib/python3.7/site-packages/airflow/example_dags/example_skip_dag.py for tasks to queue
[2022-11-20T17:25:10.173+0000] {logging_mixin.py:120} INFO - [2022-11-20T17:25:10.173+0000] {dagbag.py:537} INFO - Filling up the DagBag from /home/airflow/.local/lib/python3.7/site-packages/airflow/example_dags/example_skip_dag.py
[2022-11-20T17:25:10.182+0000] {processor.py:766} INFO - DAG(s) dict_keys(['example_skip_dag']) retrieved from /home/airflow/.local/lib/python3.7/site-packages/airflow/example_dags/example_skip_dag.py
[2022-11-20T17:25:10.207+0000] {logging_mixin.py:120} INFO - [2022-11-20T17:25:10.207+0000] {dag.py:2585} INFO - Sync 1 DAGs
[2022-11-20T17:25:10.220+0000] {logging_mixin.py:120} INFO - [2022-11-20T17:25:10.220+0000] {dag.py:3340} INFO - Setting next_dagrun for example_skip_dag to 2022-11-19T17:25:10.220664+00:00, run_after=2022-11-20T17:25:10.220664+00:00
[2022-11-20T17:25:10.232+0000] {processor.py:176} INFO - Processing /home/airflow/.local/lib/python3.7/site-packages/airflow/example_dags/example_skip_dag.py took 0.063 seconds
[2022-11-20T17:25:41.165+0000] {processor.py:154} INFO - Started process (PID=2996) to work on /home/airflow/.local/lib/python3.7/site-packages/airflow/example_dags/example_skip_dag.py
[2022-11-20T17:25:41.166+0000] {processor.py:756} INFO - Processing file /home/airflow/.local/lib/python3.7/site-packages/airflow/example_dags/example_skip_dag.py for tasks to queue
[2022-11-20T17:25:41.167+0000] {logging_mixin.py:120} INFO - [2022-11-20T17:25:41.167+0000] {dagbag.py:537} INFO - Filling up the DagBag from /home/airflow/.local/lib/python3.7/site-packages/airflow/example_dags/example_skip_dag.py
[2022-11-20T17:25:41.175+0000] {processor.py:766} INFO - DAG(s) dict_keys(['example_skip_dag']) retrieved from /home/airflow/.local/lib/python3.7/site-packages/airflow/example_dags/example_skip_dag.py
[2022-11-20T17:25:41.199+0000] {logging_mixin.py:120} INFO - [2022-11-20T17:25:41.199+0000] {dag.py:2585} INFO - Sync 1 DAGs
[2022-11-20T17:25:41.213+0000] {logging_mixin.py:120} INFO - [2022-11-20T17:25:41.213+0000] {dag.py:3340} INFO - Setting next_dagrun for example_skip_dag to 2022-11-19T17:25:41.213141+00:00, run_after=2022-11-20T17:25:41.213141+00:00
[2022-11-20T17:25:41.226+0000] {processor.py:176} INFO - Processing /home/airflow/.local/lib/python3.7/site-packages/airflow/example_dags/example_skip_dag.py took 0.063 seconds
[2022-11-20T17:26:11.484+0000] {processor.py:154} INFO - Started process (PID=3062) to work on /home/airflow/.local/lib/python3.7/site-packages/airflow/example_dags/example_skip_dag.py
[2022-11-20T17:26:11.485+0000] {processor.py:756} INFO - Processing file /home/airflow/.local/lib/python3.7/site-packages/airflow/example_dags/example_skip_dag.py for tasks to queue
[2022-11-20T17:26:11.486+0000] {logging_mixin.py:120} INFO - [2022-11-20T17:26:11.485+0000] {dagbag.py:537} INFO - Filling up the DagBag from /home/airflow/.local/lib/python3.7/site-packages/airflow/example_dags/example_skip_dag.py
[2022-11-20T17:26:11.495+0000] {processor.py:766} INFO - DAG(s) dict_keys(['example_skip_dag']) retrieved from /home/airflow/.local/lib/python3.7/site-packages/airflow/example_dags/example_skip_dag.py
[2022-11-20T17:26:11.517+0000] {logging_mixin.py:120} INFO - [2022-11-20T17:26:11.517+0000] {dag.py:2585} INFO - Sync 1 DAGs
[2022-11-20T17:26:11.530+0000] {logging_mixin.py:120} INFO - [2022-11-20T17:26:11.530+0000] {dag.py:3340} INFO - Setting next_dagrun for example_skip_dag to 2022-11-19T17:26:11.530340+00:00, run_after=2022-11-20T17:26:11.530340+00:00
[2022-11-20T17:26:11.540+0000] {processor.py:176} INFO - Processing /home/airflow/.local/lib/python3.7/site-packages/airflow/example_dags/example_skip_dag.py took 0.058 seconds
[2022-11-20T17:26:41.610+0000] {processor.py:154} INFO - Started process (PID=3128) to work on /home/airflow/.local/lib/python3.7/site-packages/airflow/example_dags/example_skip_dag.py
[2022-11-20T17:26:41.610+0000] {processor.py:756} INFO - Processing file /home/airflow/.local/lib/python3.7/site-packages/airflow/example_dags/example_skip_dag.py for tasks to queue
[2022-11-20T17:26:41.611+0000] {logging_mixin.py:120} INFO - [2022-11-20T17:26:41.611+0000] {dagbag.py:537} INFO - Filling up the DagBag from /home/airflow/.local/lib/python3.7/site-packages/airflow/example_dags/example_skip_dag.py
[2022-11-20T17:26:41.618+0000] {processor.py:766} INFO - DAG(s) dict_keys(['example_skip_dag']) retrieved from /home/airflow/.local/lib/python3.7/site-packages/airflow/example_dags/example_skip_dag.py
[2022-11-20T17:26:41.639+0000] {logging_mixin.py:120} INFO - [2022-11-20T17:26:41.639+0000] {dag.py:2585} INFO - Sync 1 DAGs
[2022-11-20T17:26:41.651+0000] {logging_mixin.py:120} INFO - [2022-11-20T17:26:41.651+0000] {dag.py:3340} INFO - Setting next_dagrun for example_skip_dag to 2022-11-19T17:26:41.651240+00:00, run_after=2022-11-20T17:26:41.651240+00:00
[2022-11-20T17:26:41.661+0000] {processor.py:176} INFO - Processing /home/airflow/.local/lib/python3.7/site-packages/airflow/example_dags/example_skip_dag.py took 0.053 seconds
[2022-11-20T17:27:11.923+0000] {processor.py:154} INFO - Started process (PID=3187) to work on /home/airflow/.local/lib/python3.7/site-packages/airflow/example_dags/example_skip_dag.py
[2022-11-20T17:27:11.923+0000] {processor.py:756} INFO - Processing file /home/airflow/.local/lib/python3.7/site-packages/airflow/example_dags/example_skip_dag.py for tasks to queue
[2022-11-20T17:27:11.924+0000] {logging_mixin.py:120} INFO - [2022-11-20T17:27:11.924+0000] {dagbag.py:537} INFO - Filling up the DagBag from /home/airflow/.local/lib/python3.7/site-packages/airflow/example_dags/example_skip_dag.py
[2022-11-20T17:27:11.931+0000] {processor.py:766} INFO - DAG(s) dict_keys(['example_skip_dag']) retrieved from /home/airflow/.local/lib/python3.7/site-packages/airflow/example_dags/example_skip_dag.py
[2022-11-20T17:27:11.961+0000] {logging_mixin.py:120} INFO - [2022-11-20T17:27:11.961+0000] {dag.py:2585} INFO - Sync 1 DAGs
[2022-11-20T17:27:11.974+0000] {logging_mixin.py:120} INFO - [2022-11-20T17:27:11.974+0000] {dag.py:3340} INFO - Setting next_dagrun for example_skip_dag to 2022-11-19T17:27:11.974179+00:00, run_after=2022-11-20T17:27:11.974179+00:00
[2022-11-20T17:27:11.987+0000] {processor.py:176} INFO - Processing /home/airflow/.local/lib/python3.7/site-packages/airflow/example_dags/example_skip_dag.py took 0.066 seconds
[2022-11-20T17:27:43.022+0000] {processor.py:154} INFO - Started process (PID=3255) to work on /home/airflow/.local/lib/python3.7/site-packages/airflow/example_dags/example_skip_dag.py
[2022-11-20T17:27:43.023+0000] {processor.py:756} INFO - Processing file /home/airflow/.local/lib/python3.7/site-packages/airflow/example_dags/example_skip_dag.py for tasks to queue
[2022-11-20T17:27:43.023+0000] {logging_mixin.py:120} INFO - [2022-11-20T17:27:43.023+0000] {dagbag.py:537} INFO - Filling up the DagBag from /home/airflow/.local/lib/python3.7/site-packages/airflow/example_dags/example_skip_dag.py
[2022-11-20T17:27:43.033+0000] {processor.py:766} INFO - DAG(s) dict_keys(['example_skip_dag']) retrieved from /home/airflow/.local/lib/python3.7/site-packages/airflow/example_dags/example_skip_dag.py
[2022-11-20T17:27:43.059+0000] {logging_mixin.py:120} INFO - [2022-11-20T17:27:43.059+0000] {dag.py:2585} INFO - Sync 1 DAGs
[2022-11-20T17:27:43.075+0000] {logging_mixin.py:120} INFO - [2022-11-20T17:27:43.075+0000] {dag.py:3340} INFO - Setting next_dagrun for example_skip_dag to 2022-11-19T17:27:43.074962+00:00, run_after=2022-11-20T17:27:43.074962+00:00
[2022-11-20T17:27:43.087+0000] {processor.py:176} INFO - Processing /home/airflow/.local/lib/python3.7/site-packages/airflow/example_dags/example_skip_dag.py took 0.067 seconds
[2022-11-20T17:28:13.890+0000] {processor.py:154} INFO - Started process (PID=3327) to work on /home/airflow/.local/lib/python3.7/site-packages/airflow/example_dags/example_skip_dag.py
[2022-11-20T17:28:13.891+0000] {processor.py:756} INFO - Processing file /home/airflow/.local/lib/python3.7/site-packages/airflow/example_dags/example_skip_dag.py for tasks to queue
[2022-11-20T17:28:13.891+0000] {logging_mixin.py:120} INFO - [2022-11-20T17:28:13.891+0000] {dagbag.py:537} INFO - Filling up the DagBag from /home/airflow/.local/lib/python3.7/site-packages/airflow/example_dags/example_skip_dag.py
[2022-11-20T17:28:13.901+0000] {processor.py:766} INFO - DAG(s) dict_keys(['example_skip_dag']) retrieved from /home/airflow/.local/lib/python3.7/site-packages/airflow/example_dags/example_skip_dag.py
[2022-11-20T17:28:13.926+0000] {logging_mixin.py:120} INFO - [2022-11-20T17:28:13.925+0000] {dag.py:2585} INFO - Sync 1 DAGs
[2022-11-20T17:28:13.939+0000] {logging_mixin.py:120} INFO - [2022-11-20T17:28:13.939+0000] {dag.py:3340} INFO - Setting next_dagrun for example_skip_dag to 2022-11-19T17:28:13.939530+00:00, run_after=2022-11-20T17:28:13.939530+00:00
[2022-11-20T17:28:13.950+0000] {processor.py:176} INFO - Processing /home/airflow/.local/lib/python3.7/site-packages/airflow/example_dags/example_skip_dag.py took 0.062 seconds
[2022-11-20T17:28:44.673+0000] {processor.py:154} INFO - Started process (PID=3396) to work on /home/airflow/.local/lib/python3.7/site-packages/airflow/example_dags/example_skip_dag.py
[2022-11-20T17:28:44.674+0000] {processor.py:756} INFO - Processing file /home/airflow/.local/lib/python3.7/site-packages/airflow/example_dags/example_skip_dag.py for tasks to queue
[2022-11-20T17:28:44.675+0000] {logging_mixin.py:120} INFO - [2022-11-20T17:28:44.674+0000] {dagbag.py:537} INFO - Filling up the DagBag from /home/airflow/.local/lib/python3.7/site-packages/airflow/example_dags/example_skip_dag.py
[2022-11-20T17:28:44.682+0000] {processor.py:766} INFO - DAG(s) dict_keys(['example_skip_dag']) retrieved from /home/airflow/.local/lib/python3.7/site-packages/airflow/example_dags/example_skip_dag.py
[2022-11-20T17:28:44.704+0000] {logging_mixin.py:120} INFO - [2022-11-20T17:28:44.703+0000] {dag.py:2585} INFO - Sync 1 DAGs
[2022-11-20T17:28:44.716+0000] {logging_mixin.py:120} INFO - [2022-11-20T17:28:44.716+0000] {dag.py:3340} INFO - Setting next_dagrun for example_skip_dag to 2022-11-19T17:28:44.715936+00:00, run_after=2022-11-20T17:28:44.715936+00:00
[2022-11-20T17:28:44.726+0000] {processor.py:176} INFO - Processing /home/airflow/.local/lib/python3.7/site-packages/airflow/example_dags/example_skip_dag.py took 0.054 seconds
[2022-11-20T17:29:15.555+0000] {processor.py:154} INFO - Started process (PID=3464) to work on /home/airflow/.local/lib/python3.7/site-packages/airflow/example_dags/example_skip_dag.py
[2022-11-20T17:29:15.555+0000] {processor.py:756} INFO - Processing file /home/airflow/.local/lib/python3.7/site-packages/airflow/example_dags/example_skip_dag.py for tasks to queue
[2022-11-20T17:29:15.556+0000] {logging_mixin.py:120} INFO - [2022-11-20T17:29:15.556+0000] {dagbag.py:537} INFO - Filling up the DagBag from /home/airflow/.local/lib/python3.7/site-packages/airflow/example_dags/example_skip_dag.py
[2022-11-20T17:29:15.564+0000] {processor.py:766} INFO - DAG(s) dict_keys(['example_skip_dag']) retrieved from /home/airflow/.local/lib/python3.7/site-packages/airflow/example_dags/example_skip_dag.py
[2022-11-20T17:29:15.583+0000] {logging_mixin.py:120} INFO - [2022-11-20T17:29:15.583+0000] {dag.py:2585} INFO - Sync 1 DAGs
[2022-11-20T17:29:15.596+0000] {logging_mixin.py:120} INFO - [2022-11-20T17:29:15.596+0000] {dag.py:3340} INFO - Setting next_dagrun for example_skip_dag to 2022-11-19T17:29:15.596015+00:00, run_after=2022-11-20T17:29:15.596015+00:00
[2022-11-20T17:29:15.606+0000] {processor.py:176} INFO - Processing /home/airflow/.local/lib/python3.7/site-packages/airflow/example_dags/example_skip_dag.py took 0.053 seconds
[2022-11-20T17:29:46.460+0000] {processor.py:154} INFO - Started process (PID=3530) to work on /home/airflow/.local/lib/python3.7/site-packages/airflow/example_dags/example_skip_dag.py
[2022-11-20T17:29:46.461+0000] {processor.py:756} INFO - Processing file /home/airflow/.local/lib/python3.7/site-packages/airflow/example_dags/example_skip_dag.py for tasks to queue
[2022-11-20T17:29:46.462+0000] {logging_mixin.py:120} INFO - [2022-11-20T17:29:46.462+0000] {dagbag.py:537} INFO - Filling up the DagBag from /home/airflow/.local/lib/python3.7/site-packages/airflow/example_dags/example_skip_dag.py
[2022-11-20T17:29:46.470+0000] {processor.py:766} INFO - DAG(s) dict_keys(['example_skip_dag']) retrieved from /home/airflow/.local/lib/python3.7/site-packages/airflow/example_dags/example_skip_dag.py
[2022-11-20T17:29:46.492+0000] {logging_mixin.py:120} INFO - [2022-11-20T17:29:46.492+0000] {dag.py:2585} INFO - Sync 1 DAGs
[2022-11-20T17:29:46.505+0000] {logging_mixin.py:120} INFO - [2022-11-20T17:29:46.505+0000] {dag.py:3340} INFO - Setting next_dagrun for example_skip_dag to 2022-11-19T17:29:46.505339+00:00, run_after=2022-11-20T17:29:46.505339+00:00
[2022-11-20T17:29:46.515+0000] {processor.py:176} INFO - Processing /home/airflow/.local/lib/python3.7/site-packages/airflow/example_dags/example_skip_dag.py took 0.056 seconds
[2022-11-20T17:30:17.291+0000] {processor.py:154} INFO - Started process (PID=3602) to work on /home/airflow/.local/lib/python3.7/site-packages/airflow/example_dags/example_skip_dag.py
[2022-11-20T17:30:17.292+0000] {processor.py:756} INFO - Processing file /home/airflow/.local/lib/python3.7/site-packages/airflow/example_dags/example_skip_dag.py for tasks to queue
[2022-11-20T17:30:17.292+0000] {logging_mixin.py:120} INFO - [2022-11-20T17:30:17.292+0000] {dagbag.py:537} INFO - Filling up the DagBag from /home/airflow/.local/lib/python3.7/site-packages/airflow/example_dags/example_skip_dag.py
[2022-11-20T17:30:17.300+0000] {processor.py:766} INFO - DAG(s) dict_keys(['example_skip_dag']) retrieved from /home/airflow/.local/lib/python3.7/site-packages/airflow/example_dags/example_skip_dag.py
[2022-11-20T17:30:17.322+0000] {logging_mixin.py:120} INFO - [2022-11-20T17:30:17.322+0000] {dag.py:2585} INFO - Sync 1 DAGs
[2022-11-20T17:30:17.336+0000] {logging_mixin.py:120} INFO - [2022-11-20T17:30:17.336+0000] {dag.py:3340} INFO - Setting next_dagrun for example_skip_dag to 2022-11-19T17:30:17.336555+00:00, run_after=2022-11-20T17:30:17.336555+00:00
[2022-11-20T17:30:17.347+0000] {processor.py:176} INFO - Processing /home/airflow/.local/lib/python3.7/site-packages/airflow/example_dags/example_skip_dag.py took 0.057 seconds
[2022-11-20T17:30:48.153+0000] {processor.py:154} INFO - Started process (PID=3670) to work on /home/airflow/.local/lib/python3.7/site-packages/airflow/example_dags/example_skip_dag.py
[2022-11-20T17:30:48.154+0000] {processor.py:756} INFO - Processing file /home/airflow/.local/lib/python3.7/site-packages/airflow/example_dags/example_skip_dag.py for tasks to queue
[2022-11-20T17:30:48.155+0000] {logging_mixin.py:120} INFO - [2022-11-20T17:30:48.154+0000] {dagbag.py:537} INFO - Filling up the DagBag from /home/airflow/.local/lib/python3.7/site-packages/airflow/example_dags/example_skip_dag.py
[2022-11-20T17:30:48.162+0000] {processor.py:766} INFO - DAG(s) dict_keys(['example_skip_dag']) retrieved from /home/airflow/.local/lib/python3.7/site-packages/airflow/example_dags/example_skip_dag.py
[2022-11-20T17:30:48.187+0000] {logging_mixin.py:120} INFO - [2022-11-20T17:30:48.186+0000] {dag.py:2585} INFO - Sync 1 DAGs
[2022-11-20T17:30:48.201+0000] {logging_mixin.py:120} INFO - [2022-11-20T17:30:48.201+0000] {dag.py:3340} INFO - Setting next_dagrun for example_skip_dag to 2022-11-19T17:30:48.201597+00:00, run_after=2022-11-20T17:30:48.201597+00:00
[2022-11-20T17:30:48.212+0000] {processor.py:176} INFO - Processing /home/airflow/.local/lib/python3.7/site-packages/airflow/example_dags/example_skip_dag.py took 0.062 seconds
[2022-11-20T17:31:19.183+0000] {processor.py:154} INFO - Started process (PID=3739) to work on /home/airflow/.local/lib/python3.7/site-packages/airflow/example_dags/example_skip_dag.py
[2022-11-20T17:31:19.185+0000] {processor.py:756} INFO - Processing file /home/airflow/.local/lib/python3.7/site-packages/airflow/example_dags/example_skip_dag.py for tasks to queue
[2022-11-20T17:31:19.186+0000] {logging_mixin.py:120} INFO - [2022-11-20T17:31:19.186+0000] {dagbag.py:537} INFO - Filling up the DagBag from /home/airflow/.local/lib/python3.7/site-packages/airflow/example_dags/example_skip_dag.py
[2022-11-20T17:31:19.194+0000] {processor.py:766} INFO - DAG(s) dict_keys(['example_skip_dag']) retrieved from /home/airflow/.local/lib/python3.7/site-packages/airflow/example_dags/example_skip_dag.py
[2022-11-20T17:31:19.216+0000] {logging_mixin.py:120} INFO - [2022-11-20T17:31:19.215+0000] {dag.py:2585} INFO - Sync 1 DAGs
[2022-11-20T17:31:19.229+0000] {logging_mixin.py:120} INFO - [2022-11-20T17:31:19.229+0000] {dag.py:3340} INFO - Setting next_dagrun for example_skip_dag to 2022-11-19T17:31:19.229194+00:00, run_after=2022-11-20T17:31:19.229194+00:00
[2022-11-20T17:31:19.238+0000] {processor.py:176} INFO - Processing /home/airflow/.local/lib/python3.7/site-packages/airflow/example_dags/example_skip_dag.py took 0.058 seconds
[2022-11-20T17:31:50.246+0000] {processor.py:154} INFO - Started process (PID=3798) to work on /home/airflow/.local/lib/python3.7/site-packages/airflow/example_dags/example_skip_dag.py
[2022-11-20T17:31:50.247+0000] {processor.py:756} INFO - Processing file /home/airflow/.local/lib/python3.7/site-packages/airflow/example_dags/example_skip_dag.py for tasks to queue
[2022-11-20T17:31:50.247+0000] {logging_mixin.py:120} INFO - [2022-11-20T17:31:50.247+0000] {dagbag.py:537} INFO - Filling up the DagBag from /home/airflow/.local/lib/python3.7/site-packages/airflow/example_dags/example_skip_dag.py
[2022-11-20T17:31:50.255+0000] {processor.py:766} INFO - DAG(s) dict_keys(['example_skip_dag']) retrieved from /home/airflow/.local/lib/python3.7/site-packages/airflow/example_dags/example_skip_dag.py
[2022-11-20T17:31:50.278+0000] {logging_mixin.py:120} INFO - [2022-11-20T17:31:50.278+0000] {dag.py:2585} INFO - Sync 1 DAGs
[2022-11-20T17:31:50.293+0000] {logging_mixin.py:120} INFO - [2022-11-20T17:31:50.293+0000] {dag.py:3340} INFO - Setting next_dagrun for example_skip_dag to 2022-11-19T17:31:50.293125+00:00, run_after=2022-11-20T17:31:50.293125+00:00
[2022-11-20T17:31:50.302+0000] {processor.py:176} INFO - Processing /home/airflow/.local/lib/python3.7/site-packages/airflow/example_dags/example_skip_dag.py took 0.058 seconds
[2022-11-20T17:32:21.092+0000] {processor.py:154} INFO - Started process (PID=3867) to work on /home/airflow/.local/lib/python3.7/site-packages/airflow/example_dags/example_skip_dag.py
[2022-11-20T17:32:21.093+0000] {processor.py:756} INFO - Processing file /home/airflow/.local/lib/python3.7/site-packages/airflow/example_dags/example_skip_dag.py for tasks to queue
[2022-11-20T17:32:21.093+0000] {logging_mixin.py:120} INFO - [2022-11-20T17:32:21.093+0000] {dagbag.py:537} INFO - Filling up the DagBag from /home/airflow/.local/lib/python3.7/site-packages/airflow/example_dags/example_skip_dag.py
[2022-11-20T17:32:21.101+0000] {processor.py:766} INFO - DAG(s) dict_keys(['example_skip_dag']) retrieved from /home/airflow/.local/lib/python3.7/site-packages/airflow/example_dags/example_skip_dag.py
[2022-11-20T17:32:21.122+0000] {logging_mixin.py:120} INFO - [2022-11-20T17:32:21.122+0000] {dag.py:2585} INFO - Sync 1 DAGs
[2022-11-20T17:32:21.134+0000] {logging_mixin.py:120} INFO - [2022-11-20T17:32:21.134+0000] {dag.py:3340} INFO - Setting next_dagrun for example_skip_dag to 2022-11-19T17:32:21.134480+00:00, run_after=2022-11-20T17:32:21.134480+00:00
[2022-11-20T17:32:21.145+0000] {processor.py:176} INFO - Processing /home/airflow/.local/lib/python3.7/site-packages/airflow/example_dags/example_skip_dag.py took 0.055 seconds
[2022-11-20T17:32:51.324+0000] {processor.py:154} INFO - Started process (PID=3932) to work on /home/airflow/.local/lib/python3.7/site-packages/airflow/example_dags/example_skip_dag.py
[2022-11-20T17:32:51.325+0000] {processor.py:756} INFO - Processing file /home/airflow/.local/lib/python3.7/site-packages/airflow/example_dags/example_skip_dag.py for tasks to queue
[2022-11-20T17:32:51.325+0000] {logging_mixin.py:120} INFO - [2022-11-20T17:32:51.325+0000] {dagbag.py:537} INFO - Filling up the DagBag from /home/airflow/.local/lib/python3.7/site-packages/airflow/example_dags/example_skip_dag.py
[2022-11-20T17:32:51.335+0000] {processor.py:766} INFO - DAG(s) dict_keys(['example_skip_dag']) retrieved from /home/airflow/.local/lib/python3.7/site-packages/airflow/example_dags/example_skip_dag.py
[2022-11-20T17:32:51.357+0000] {logging_mixin.py:120} INFO - [2022-11-20T17:32:51.357+0000] {dag.py:2585} INFO - Sync 1 DAGs
[2022-11-20T17:32:51.369+0000] {logging_mixin.py:120} INFO - [2022-11-20T17:32:51.369+0000] {dag.py:3340} INFO - Setting next_dagrun for example_skip_dag to 2022-11-19T17:32:51.369605+00:00, run_after=2022-11-20T17:32:51.369605+00:00
[2022-11-20T17:32:51.381+0000] {processor.py:176} INFO - Processing /home/airflow/.local/lib/python3.7/site-packages/airflow/example_dags/example_skip_dag.py took 0.059 seconds
[2022-11-20T17:33:21.411+0000] {processor.py:154} INFO - Started process (PID=3999) to work on /home/airflow/.local/lib/python3.7/site-packages/airflow/example_dags/example_skip_dag.py
[2022-11-20T17:33:21.412+0000] {processor.py:756} INFO - Processing file /home/airflow/.local/lib/python3.7/site-packages/airflow/example_dags/example_skip_dag.py for tasks to queue
[2022-11-20T17:33:21.412+0000] {logging_mixin.py:120} INFO - [2022-11-20T17:33:21.412+0000] {dagbag.py:537} INFO - Filling up the DagBag from /home/airflow/.local/lib/python3.7/site-packages/airflow/example_dags/example_skip_dag.py
[2022-11-20T17:33:21.420+0000] {processor.py:766} INFO - DAG(s) dict_keys(['example_skip_dag']) retrieved from /home/airflow/.local/lib/python3.7/site-packages/airflow/example_dags/example_skip_dag.py
[2022-11-20T17:33:21.439+0000] {logging_mixin.py:120} INFO - [2022-11-20T17:33:21.439+0000] {dag.py:2585} INFO - Sync 1 DAGs
[2022-11-20T17:33:21.453+0000] {logging_mixin.py:120} INFO - [2022-11-20T17:33:21.453+0000] {dag.py:3340} INFO - Setting next_dagrun for example_skip_dag to 2022-11-19T17:33:21.453040+00:00, run_after=2022-11-20T17:33:21.453040+00:00
[2022-11-20T17:33:21.462+0000] {processor.py:176} INFO - Processing /home/airflow/.local/lib/python3.7/site-packages/airflow/example_dags/example_skip_dag.py took 0.053 seconds
[2022-11-20T17:33:52.508+0000] {processor.py:154} INFO - Started process (PID=4064) to work on /home/airflow/.local/lib/python3.7/site-packages/airflow/example_dags/example_skip_dag.py
[2022-11-20T17:33:52.508+0000] {processor.py:756} INFO - Processing file /home/airflow/.local/lib/python3.7/site-packages/airflow/example_dags/example_skip_dag.py for tasks to queue
[2022-11-20T17:33:52.509+0000] {logging_mixin.py:120} INFO - [2022-11-20T17:33:52.509+0000] {dagbag.py:537} INFO - Filling up the DagBag from /home/airflow/.local/lib/python3.7/site-packages/airflow/example_dags/example_skip_dag.py
[2022-11-20T17:33:52.516+0000] {processor.py:766} INFO - DAG(s) dict_keys(['example_skip_dag']) retrieved from /home/airflow/.local/lib/python3.7/site-packages/airflow/example_dags/example_skip_dag.py
[2022-11-20T17:33:52.537+0000] {logging_mixin.py:120} INFO - [2022-11-20T17:33:52.537+0000] {dag.py:2585} INFO - Sync 1 DAGs
[2022-11-20T17:33:52.550+0000] {logging_mixin.py:120} INFO - [2022-11-20T17:33:52.549+0000] {dag.py:3340} INFO - Setting next_dagrun for example_skip_dag to 2022-11-19T17:33:52.549813+00:00, run_after=2022-11-20T17:33:52.549813+00:00
[2022-11-20T17:33:52.560+0000] {processor.py:176} INFO - Processing /home/airflow/.local/lib/python3.7/site-packages/airflow/example_dags/example_skip_dag.py took 0.054 seconds
[2022-11-20T17:34:23.488+0000] {processor.py:154} INFO - Started process (PID=4130) to work on /home/airflow/.local/lib/python3.7/site-packages/airflow/example_dags/example_skip_dag.py
[2022-11-20T17:34:23.489+0000] {processor.py:756} INFO - Processing file /home/airflow/.local/lib/python3.7/site-packages/airflow/example_dags/example_skip_dag.py for tasks to queue
[2022-11-20T17:34:23.490+0000] {logging_mixin.py:120} INFO - [2022-11-20T17:34:23.490+0000] {dagbag.py:537} INFO - Filling up the DagBag from /home/airflow/.local/lib/python3.7/site-packages/airflow/example_dags/example_skip_dag.py
[2022-11-20T17:34:23.498+0000] {processor.py:766} INFO - DAG(s) dict_keys(['example_skip_dag']) retrieved from /home/airflow/.local/lib/python3.7/site-packages/airflow/example_dags/example_skip_dag.py
[2022-11-20T17:34:23.520+0000] {logging_mixin.py:120} INFO - [2022-11-20T17:34:23.520+0000] {dag.py:2585} INFO - Sync 1 DAGs
[2022-11-20T17:34:23.531+0000] {logging_mixin.py:120} INFO - [2022-11-20T17:34:23.531+0000] {dag.py:3340} INFO - Setting next_dagrun for example_skip_dag to 2022-11-19T17:34:23.531546+00:00, run_after=2022-11-20T17:34:23.531546+00:00
[2022-11-20T17:34:23.541+0000] {processor.py:176} INFO - Processing /home/airflow/.local/lib/python3.7/site-packages/airflow/example_dags/example_skip_dag.py took 0.055 seconds
[2022-11-20T17:34:54.451+0000] {processor.py:154} INFO - Started process (PID=4200) to work on /home/airflow/.local/lib/python3.7/site-packages/airflow/example_dags/example_skip_dag.py
[2022-11-20T17:34:54.452+0000] {processor.py:756} INFO - Processing file /home/airflow/.local/lib/python3.7/site-packages/airflow/example_dags/example_skip_dag.py for tasks to queue
[2022-11-20T17:34:54.453+0000] {logging_mixin.py:120} INFO - [2022-11-20T17:34:54.453+0000] {dagbag.py:537} INFO - Filling up the DagBag from /home/airflow/.local/lib/python3.7/site-packages/airflow/example_dags/example_skip_dag.py
[2022-11-20T17:34:54.465+0000] {processor.py:766} INFO - DAG(s) dict_keys(['example_skip_dag']) retrieved from /home/airflow/.local/lib/python3.7/site-packages/airflow/example_dags/example_skip_dag.py
[2022-11-20T17:34:54.505+0000] {logging_mixin.py:120} INFO - [2022-11-20T17:34:54.505+0000] {dag.py:2585} INFO - Sync 1 DAGs
[2022-11-20T17:34:54.534+0000] {logging_mixin.py:120} INFO - [2022-11-20T17:34:54.534+0000] {dag.py:3340} INFO - Setting next_dagrun for example_skip_dag to 2022-11-19T17:34:54.534740+00:00, run_after=2022-11-20T17:34:54.534740+00:00
[2022-11-20T17:34:54.549+0000] {processor.py:176} INFO - Processing /home/airflow/.local/lib/python3.7/site-packages/airflow/example_dags/example_skip_dag.py took 0.101 seconds
[2022-11-20T17:35:25.415+0000] {processor.py:154} INFO - Started process (PID=4256) to work on /home/airflow/.local/lib/python3.7/site-packages/airflow/example_dags/example_skip_dag.py
[2022-11-20T17:35:25.416+0000] {processor.py:756} INFO - Processing file /home/airflow/.local/lib/python3.7/site-packages/airflow/example_dags/example_skip_dag.py for tasks to queue
[2022-11-20T17:35:25.416+0000] {logging_mixin.py:120} INFO - [2022-11-20T17:35:25.416+0000] {dagbag.py:537} INFO - Filling up the DagBag from /home/airflow/.local/lib/python3.7/site-packages/airflow/example_dags/example_skip_dag.py
[2022-11-20T17:35:25.425+0000] {processor.py:766} INFO - DAG(s) dict_keys(['example_skip_dag']) retrieved from /home/airflow/.local/lib/python3.7/site-packages/airflow/example_dags/example_skip_dag.py
[2022-11-20T17:35:25.447+0000] {logging_mixin.py:120} INFO - [2022-11-20T17:35:25.447+0000] {dag.py:2585} INFO - Sync 1 DAGs
[2022-11-20T17:35:25.460+0000] {logging_mixin.py:120} INFO - [2022-11-20T17:35:25.460+0000] {dag.py:3340} INFO - Setting next_dagrun for example_skip_dag to 2022-11-19T17:35:25.460367+00:00, run_after=2022-11-20T17:35:25.460367+00:00
[2022-11-20T17:35:25.470+0000] {processor.py:176} INFO - Processing /home/airflow/.local/lib/python3.7/site-packages/airflow/example_dags/example_skip_dag.py took 0.057 seconds
