[2022-11-20T12:59:12.658+0000] {processor.py:154} INFO - Started process (PID=71) to work on /home/airflow/.local/lib/python3.7/site-packages/airflow/example_dags/example_branch_operator.py
[2022-11-20T12:59:12.658+0000] {processor.py:756} INFO - Processing file /home/airflow/.local/lib/python3.7/site-packages/airflow/example_dags/example_branch_operator.py for tasks to queue
[2022-11-20T12:59:12.659+0000] {logging_mixin.py:120} INFO - [2022-11-20T12:59:12.659+0000] {dagbag.py:537} INFO - Filling up the DagBag from /home/airflow/.local/lib/python3.7/site-packages/airflow/example_dags/example_branch_operator.py
[2022-11-20T12:59:12.684+0000] {processor.py:766} INFO - DAG(s) dict_keys(['example_branch_operator']) retrieved from /home/airflow/.local/lib/python3.7/site-packages/airflow/example_dags/example_branch_operator.py
[2022-11-20T12:59:12.730+0000] {logging_mixin.py:120} INFO - [2022-11-20T12:59:12.729+0000] {dag.py:2585} INFO - Sync 1 DAGs
[2022-11-20T12:59:12.779+0000] {logging_mixin.py:120} INFO - [2022-11-20T12:59:12.779+0000] {dag.py:3340} INFO - Setting next_dagrun for example_branch_operator to 2022-11-19T00:00:00+00:00, run_after=2022-11-20T00:00:00+00:00
[2022-11-20T12:59:12.812+0000] {processor.py:176} INFO - Processing /home/airflow/.local/lib/python3.7/site-packages/airflow/example_dags/example_branch_operator.py took 0.156 seconds
[2022-11-20T12:59:42.914+0000] {processor.py:154} INFO - Started process (PID=146) to work on /home/airflow/.local/lib/python3.7/site-packages/airflow/example_dags/example_branch_operator.py
[2022-11-20T12:59:42.914+0000] {processor.py:756} INFO - Processing file /home/airflow/.local/lib/python3.7/site-packages/airflow/example_dags/example_branch_operator.py for tasks to queue
[2022-11-20T12:59:42.915+0000] {logging_mixin.py:120} INFO - [2022-11-20T12:59:42.915+0000] {dagbag.py:537} INFO - Filling up the DagBag from /home/airflow/.local/lib/python3.7/site-packages/airflow/example_dags/example_branch_operator.py
[2022-11-20T12:59:42.924+0000] {processor.py:766} INFO - DAG(s) dict_keys(['example_branch_operator']) retrieved from /home/airflow/.local/lib/python3.7/site-packages/airflow/example_dags/example_branch_operator.py
[2022-11-20T12:59:42.945+0000] {logging_mixin.py:120} INFO - [2022-11-20T12:59:42.945+0000] {dag.py:2585} INFO - Sync 1 DAGs
[2022-11-20T12:59:42.958+0000] {logging_mixin.py:120} INFO - [2022-11-20T12:59:42.958+0000] {dag.py:3340} INFO - Setting next_dagrun for example_branch_operator to 2022-11-19T00:00:00+00:00, run_after=2022-11-20T00:00:00+00:00
[2022-11-20T12:59:42.968+0000] {processor.py:176} INFO - Processing /home/airflow/.local/lib/python3.7/site-packages/airflow/example_dags/example_branch_operator.py took 0.056 seconds
[2022-11-20T13:00:13.687+0000] {processor.py:154} INFO - Started process (PID=214) to work on /home/airflow/.local/lib/python3.7/site-packages/airflow/example_dags/example_branch_operator.py
[2022-11-20T13:00:13.687+0000] {processor.py:756} INFO - Processing file /home/airflow/.local/lib/python3.7/site-packages/airflow/example_dags/example_branch_operator.py for tasks to queue
[2022-11-20T13:00:13.688+0000] {logging_mixin.py:120} INFO - [2022-11-20T13:00:13.688+0000] {dagbag.py:537} INFO - Filling up the DagBag from /home/airflow/.local/lib/python3.7/site-packages/airflow/example_dags/example_branch_operator.py
[2022-11-20T13:00:13.697+0000] {processor.py:766} INFO - DAG(s) dict_keys(['example_branch_operator']) retrieved from /home/airflow/.local/lib/python3.7/site-packages/airflow/example_dags/example_branch_operator.py
[2022-11-20T13:00:13.718+0000] {logging_mixin.py:120} INFO - [2022-11-20T13:00:13.718+0000] {dag.py:2585} INFO - Sync 1 DAGs
[2022-11-20T13:00:13.731+0000] {logging_mixin.py:120} INFO - [2022-11-20T13:00:13.731+0000] {dag.py:3340} INFO - Setting next_dagrun for example_branch_operator to 2022-11-19T00:00:00+00:00, run_after=2022-11-20T00:00:00+00:00
[2022-11-20T13:00:13.741+0000] {processor.py:176} INFO - Processing /home/airflow/.local/lib/python3.7/site-packages/airflow/example_dags/example_branch_operator.py took 0.056 seconds
[2022-11-20T13:00:44.433+0000] {processor.py:154} INFO - Started process (PID=282) to work on /home/airflow/.local/lib/python3.7/site-packages/airflow/example_dags/example_branch_operator.py
[2022-11-20T13:00:44.434+0000] {processor.py:756} INFO - Processing file /home/airflow/.local/lib/python3.7/site-packages/airflow/example_dags/example_branch_operator.py for tasks to queue
[2022-11-20T13:00:44.435+0000] {logging_mixin.py:120} INFO - [2022-11-20T13:00:44.434+0000] {dagbag.py:537} INFO - Filling up the DagBag from /home/airflow/.local/lib/python3.7/site-packages/airflow/example_dags/example_branch_operator.py
[2022-11-20T13:00:44.445+0000] {processor.py:766} INFO - DAG(s) dict_keys(['example_branch_operator']) retrieved from /home/airflow/.local/lib/python3.7/site-packages/airflow/example_dags/example_branch_operator.py
[2022-11-20T13:00:44.467+0000] {logging_mixin.py:120} INFO - [2022-11-20T13:00:44.467+0000] {dag.py:2585} INFO - Sync 1 DAGs
[2022-11-20T13:00:44.480+0000] {logging_mixin.py:120} INFO - [2022-11-20T13:00:44.480+0000] {dag.py:3340} INFO - Setting next_dagrun for example_branch_operator to 2022-11-19T00:00:00+00:00, run_after=2022-11-20T00:00:00+00:00
[2022-11-20T13:00:44.489+0000] {processor.py:176} INFO - Processing /home/airflow/.local/lib/python3.7/site-packages/airflow/example_dags/example_branch_operator.py took 0.058 seconds
[2022-11-20T13:01:15.515+0000] {processor.py:154} INFO - Started process (PID=350) to work on /home/airflow/.local/lib/python3.7/site-packages/airflow/example_dags/example_branch_operator.py
[2022-11-20T13:01:15.516+0000] {processor.py:756} INFO - Processing file /home/airflow/.local/lib/python3.7/site-packages/airflow/example_dags/example_branch_operator.py for tasks to queue
[2022-11-20T13:01:15.517+0000] {logging_mixin.py:120} INFO - [2022-11-20T13:01:15.517+0000] {dagbag.py:537} INFO - Filling up the DagBag from /home/airflow/.local/lib/python3.7/site-packages/airflow/example_dags/example_branch_operator.py
[2022-11-20T13:01:15.529+0000] {processor.py:766} INFO - DAG(s) dict_keys(['example_branch_operator']) retrieved from /home/airflow/.local/lib/python3.7/site-packages/airflow/example_dags/example_branch_operator.py
[2022-11-20T13:01:15.557+0000] {logging_mixin.py:120} INFO - [2022-11-20T13:01:15.557+0000] {dag.py:2585} INFO - Sync 1 DAGs
[2022-11-20T13:01:15.574+0000] {logging_mixin.py:120} INFO - [2022-11-20T13:01:15.574+0000] {dag.py:3340} INFO - Setting next_dagrun for example_branch_operator to 2022-11-19T00:00:00+00:00, run_after=2022-11-20T00:00:00+00:00
[2022-11-20T13:01:15.586+0000] {processor.py:176} INFO - Processing /home/airflow/.local/lib/python3.7/site-packages/airflow/example_dags/example_branch_operator.py took 0.073 seconds
[2022-11-20T13:01:45.682+0000] {processor.py:154} INFO - Started process (PID=420) to work on /home/airflow/.local/lib/python3.7/site-packages/airflow/example_dags/example_branch_operator.py
[2022-11-20T13:01:45.683+0000] {processor.py:756} INFO - Processing file /home/airflow/.local/lib/python3.7/site-packages/airflow/example_dags/example_branch_operator.py for tasks to queue
[2022-11-20T13:01:45.683+0000] {logging_mixin.py:120} INFO - [2022-11-20T13:01:45.683+0000] {dagbag.py:537} INFO - Filling up the DagBag from /home/airflow/.local/lib/python3.7/site-packages/airflow/example_dags/example_branch_operator.py
[2022-11-20T13:01:45.691+0000] {processor.py:766} INFO - DAG(s) dict_keys(['example_branch_operator']) retrieved from /home/airflow/.local/lib/python3.7/site-packages/airflow/example_dags/example_branch_operator.py
[2022-11-20T13:01:45.725+0000] {logging_mixin.py:120} INFO - [2022-11-20T13:01:45.725+0000] {dag.py:2585} INFO - Sync 1 DAGs
[2022-11-20T13:01:45.746+0000] {logging_mixin.py:120} INFO - [2022-11-20T13:01:45.746+0000] {dag.py:3340} INFO - Setting next_dagrun for example_branch_operator to 2022-11-19T00:00:00+00:00, run_after=2022-11-20T00:00:00+00:00
[2022-11-20T13:01:45.754+0000] {processor.py:176} INFO - Processing /home/airflow/.local/lib/python3.7/site-packages/airflow/example_dags/example_branch_operator.py took 0.074 seconds
[2022-11-20T13:02:16.540+0000] {processor.py:154} INFO - Started process (PID=475) to work on /home/airflow/.local/lib/python3.7/site-packages/airflow/example_dags/example_branch_operator.py
[2022-11-20T13:02:16.540+0000] {processor.py:756} INFO - Processing file /home/airflow/.local/lib/python3.7/site-packages/airflow/example_dags/example_branch_operator.py for tasks to queue
[2022-11-20T13:02:16.541+0000] {logging_mixin.py:120} INFO - [2022-11-20T13:02:16.541+0000] {dagbag.py:537} INFO - Filling up the DagBag from /home/airflow/.local/lib/python3.7/site-packages/airflow/example_dags/example_branch_operator.py
[2022-11-20T13:02:16.549+0000] {processor.py:766} INFO - DAG(s) dict_keys(['example_branch_operator']) retrieved from /home/airflow/.local/lib/python3.7/site-packages/airflow/example_dags/example_branch_operator.py
[2022-11-20T13:02:16.571+0000] {logging_mixin.py:120} INFO - [2022-11-20T13:02:16.571+0000] {dag.py:2585} INFO - Sync 1 DAGs
[2022-11-20T13:02:16.585+0000] {logging_mixin.py:120} INFO - [2022-11-20T13:02:16.585+0000] {dag.py:3340} INFO - Setting next_dagrun for example_branch_operator to 2022-11-19T00:00:00+00:00, run_after=2022-11-20T00:00:00+00:00
[2022-11-20T13:02:16.596+0000] {processor.py:176} INFO - Processing /home/airflow/.local/lib/python3.7/site-packages/airflow/example_dags/example_branch_operator.py took 0.058 seconds
[2022-11-20T13:02:47.248+0000] {processor.py:154} INFO - Started process (PID=544) to work on /home/airflow/.local/lib/python3.7/site-packages/airflow/example_dags/example_branch_operator.py
[2022-11-20T13:02:47.249+0000] {processor.py:756} INFO - Processing file /home/airflow/.local/lib/python3.7/site-packages/airflow/example_dags/example_branch_operator.py for tasks to queue
[2022-11-20T13:02:47.249+0000] {logging_mixin.py:120} INFO - [2022-11-20T13:02:47.249+0000] {dagbag.py:537} INFO - Filling up the DagBag from /home/airflow/.local/lib/python3.7/site-packages/airflow/example_dags/example_branch_operator.py
[2022-11-20T13:02:47.258+0000] {processor.py:766} INFO - DAG(s) dict_keys(['example_branch_operator']) retrieved from /home/airflow/.local/lib/python3.7/site-packages/airflow/example_dags/example_branch_operator.py
[2022-11-20T13:02:47.280+0000] {logging_mixin.py:120} INFO - [2022-11-20T13:02:47.280+0000] {dag.py:2585} INFO - Sync 1 DAGs
[2022-11-20T13:02:47.292+0000] {logging_mixin.py:120} INFO - [2022-11-20T13:02:47.292+0000] {dag.py:3340} INFO - Setting next_dagrun for example_branch_operator to 2022-11-19T00:00:00+00:00, run_after=2022-11-20T00:00:00+00:00
[2022-11-20T13:02:47.302+0000] {processor.py:176} INFO - Processing /home/airflow/.local/lib/python3.7/site-packages/airflow/example_dags/example_branch_operator.py took 0.055 seconds
[2022-11-20T13:03:18.369+0000] {processor.py:154} INFO - Started process (PID=607) to work on /home/airflow/.local/lib/python3.7/site-packages/airflow/example_dags/example_branch_operator.py
[2022-11-20T13:03:18.370+0000] {processor.py:756} INFO - Processing file /home/airflow/.local/lib/python3.7/site-packages/airflow/example_dags/example_branch_operator.py for tasks to queue
[2022-11-20T13:03:18.370+0000] {logging_mixin.py:120} INFO - [2022-11-20T13:03:18.370+0000] {dagbag.py:537} INFO - Filling up the DagBag from /home/airflow/.local/lib/python3.7/site-packages/airflow/example_dags/example_branch_operator.py
[2022-11-20T13:03:18.380+0000] {processor.py:766} INFO - DAG(s) dict_keys(['example_branch_operator']) retrieved from /home/airflow/.local/lib/python3.7/site-packages/airflow/example_dags/example_branch_operator.py
[2022-11-20T13:03:18.403+0000] {logging_mixin.py:120} INFO - [2022-11-20T13:03:18.403+0000] {dag.py:2585} INFO - Sync 1 DAGs
[2022-11-20T13:03:18.417+0000] {logging_mixin.py:120} INFO - [2022-11-20T13:03:18.416+0000] {dag.py:3340} INFO - Setting next_dagrun for example_branch_operator to 2022-11-19T00:00:00+00:00, run_after=2022-11-20T00:00:00+00:00
[2022-11-20T13:03:18.426+0000] {processor.py:176} INFO - Processing /home/airflow/.local/lib/python3.7/site-packages/airflow/example_dags/example_branch_operator.py took 0.059 seconds
[2022-11-20T13:03:49.022+0000] {processor.py:154} INFO - Started process (PID=675) to work on /home/airflow/.local/lib/python3.7/site-packages/airflow/example_dags/example_branch_operator.py
[2022-11-20T13:03:49.022+0000] {processor.py:756} INFO - Processing file /home/airflow/.local/lib/python3.7/site-packages/airflow/example_dags/example_branch_operator.py for tasks to queue
[2022-11-20T13:03:49.023+0000] {logging_mixin.py:120} INFO - [2022-11-20T13:03:49.023+0000] {dagbag.py:537} INFO - Filling up the DagBag from /home/airflow/.local/lib/python3.7/site-packages/airflow/example_dags/example_branch_operator.py
[2022-11-20T13:03:49.032+0000] {processor.py:766} INFO - DAG(s) dict_keys(['example_branch_operator']) retrieved from /home/airflow/.local/lib/python3.7/site-packages/airflow/example_dags/example_branch_operator.py
[2022-11-20T13:03:49.054+0000] {logging_mixin.py:120} INFO - [2022-11-20T13:03:49.054+0000] {dag.py:2585} INFO - Sync 1 DAGs
[2022-11-20T13:03:49.068+0000] {logging_mixin.py:120} INFO - [2022-11-20T13:03:49.068+0000] {dag.py:3340} INFO - Setting next_dagrun for example_branch_operator to 2022-11-19T00:00:00+00:00, run_after=2022-11-20T00:00:00+00:00
[2022-11-20T13:03:49.078+0000] {processor.py:176} INFO - Processing /home/airflow/.local/lib/python3.7/site-packages/airflow/example_dags/example_branch_operator.py took 0.058 seconds
[2022-11-20T13:04:20.037+0000] {processor.py:154} INFO - Started process (PID=744) to work on /home/airflow/.local/lib/python3.7/site-packages/airflow/example_dags/example_branch_operator.py
[2022-11-20T13:04:20.037+0000] {processor.py:756} INFO - Processing file /home/airflow/.local/lib/python3.7/site-packages/airflow/example_dags/example_branch_operator.py for tasks to queue
[2022-11-20T13:04:20.038+0000] {logging_mixin.py:120} INFO - [2022-11-20T13:04:20.038+0000] {dagbag.py:537} INFO - Filling up the DagBag from /home/airflow/.local/lib/python3.7/site-packages/airflow/example_dags/example_branch_operator.py
[2022-11-20T13:04:20.048+0000] {processor.py:766} INFO - DAG(s) dict_keys(['example_branch_operator']) retrieved from /home/airflow/.local/lib/python3.7/site-packages/airflow/example_dags/example_branch_operator.py
[2022-11-20T13:04:20.070+0000] {logging_mixin.py:120} INFO - [2022-11-20T13:04:20.070+0000] {dag.py:2585} INFO - Sync 1 DAGs
[2022-11-20T13:04:20.082+0000] {logging_mixin.py:120} INFO - [2022-11-20T13:04:20.082+0000] {dag.py:3340} INFO - Setting next_dagrun for example_branch_operator to 2022-11-19T00:00:00+00:00, run_after=2022-11-20T00:00:00+00:00
[2022-11-20T13:04:20.092+0000] {processor.py:176} INFO - Processing /home/airflow/.local/lib/python3.7/site-packages/airflow/example_dags/example_branch_operator.py took 0.058 seconds
[2022-11-20T13:04:51.135+0000] {processor.py:154} INFO - Started process (PID=814) to work on /home/airflow/.local/lib/python3.7/site-packages/airflow/example_dags/example_branch_operator.py
[2022-11-20T13:04:51.136+0000] {processor.py:756} INFO - Processing file /home/airflow/.local/lib/python3.7/site-packages/airflow/example_dags/example_branch_operator.py for tasks to queue
[2022-11-20T13:04:51.137+0000] {logging_mixin.py:120} INFO - [2022-11-20T13:04:51.137+0000] {dagbag.py:537} INFO - Filling up the DagBag from /home/airflow/.local/lib/python3.7/site-packages/airflow/example_dags/example_branch_operator.py
[2022-11-20T13:04:51.145+0000] {processor.py:766} INFO - DAG(s) dict_keys(['example_branch_operator']) retrieved from /home/airflow/.local/lib/python3.7/site-packages/airflow/example_dags/example_branch_operator.py
[2022-11-20T13:04:51.164+0000] {logging_mixin.py:120} INFO - [2022-11-20T13:04:51.164+0000] {dag.py:2585} INFO - Sync 1 DAGs
[2022-11-20T13:04:51.176+0000] {logging_mixin.py:120} INFO - [2022-11-20T13:04:51.176+0000] {dag.py:3340} INFO - Setting next_dagrun for example_branch_operator to 2022-11-19T00:00:00+00:00, run_after=2022-11-20T00:00:00+00:00
[2022-11-20T13:04:51.186+0000] {processor.py:176} INFO - Processing /home/airflow/.local/lib/python3.7/site-packages/airflow/example_dags/example_branch_operator.py took 0.052 seconds
[2022-11-20T13:05:22.101+0000] {processor.py:154} INFO - Started process (PID=879) to work on /home/airflow/.local/lib/python3.7/site-packages/airflow/example_dags/example_branch_operator.py
[2022-11-20T13:05:22.101+0000] {processor.py:756} INFO - Processing file /home/airflow/.local/lib/python3.7/site-packages/airflow/example_dags/example_branch_operator.py for tasks to queue
[2022-11-20T13:05:22.102+0000] {logging_mixin.py:120} INFO - [2022-11-20T13:05:22.102+0000] {dagbag.py:537} INFO - Filling up the DagBag from /home/airflow/.local/lib/python3.7/site-packages/airflow/example_dags/example_branch_operator.py
[2022-11-20T13:05:22.111+0000] {processor.py:766} INFO - DAG(s) dict_keys(['example_branch_operator']) retrieved from /home/airflow/.local/lib/python3.7/site-packages/airflow/example_dags/example_branch_operator.py
[2022-11-20T13:05:22.132+0000] {logging_mixin.py:120} INFO - [2022-11-20T13:05:22.132+0000] {dag.py:2585} INFO - Sync 1 DAGs
[2022-11-20T13:05:22.146+0000] {logging_mixin.py:120} INFO - [2022-11-20T13:05:22.146+0000] {dag.py:3340} INFO - Setting next_dagrun for example_branch_operator to 2022-11-19T00:00:00+00:00, run_after=2022-11-20T00:00:00+00:00
[2022-11-20T13:05:22.156+0000] {processor.py:176} INFO - Processing /home/airflow/.local/lib/python3.7/site-packages/airflow/example_dags/example_branch_operator.py took 0.057 seconds
[2022-11-20T13:05:52.828+0000] {processor.py:154} INFO - Started process (PID=946) to work on /home/airflow/.local/lib/python3.7/site-packages/airflow/example_dags/example_branch_operator.py
[2022-11-20T13:05:52.829+0000] {processor.py:756} INFO - Processing file /home/airflow/.local/lib/python3.7/site-packages/airflow/example_dags/example_branch_operator.py for tasks to queue
[2022-11-20T13:05:52.829+0000] {logging_mixin.py:120} INFO - [2022-11-20T13:05:52.829+0000] {dagbag.py:537} INFO - Filling up the DagBag from /home/airflow/.local/lib/python3.7/site-packages/airflow/example_dags/example_branch_operator.py
[2022-11-20T13:05:52.839+0000] {processor.py:766} INFO - DAG(s) dict_keys(['example_branch_operator']) retrieved from /home/airflow/.local/lib/python3.7/site-packages/airflow/example_dags/example_branch_operator.py
[2022-11-20T13:05:52.863+0000] {logging_mixin.py:120} INFO - [2022-11-20T13:05:52.863+0000] {dag.py:2585} INFO - Sync 1 DAGs
[2022-11-20T13:05:52.878+0000] {logging_mixin.py:120} INFO - [2022-11-20T13:05:52.878+0000] {dag.py:3340} INFO - Setting next_dagrun for example_branch_operator to 2022-11-19T00:00:00+00:00, run_after=2022-11-20T00:00:00+00:00
[2022-11-20T13:05:52.888+0000] {processor.py:176} INFO - Processing /home/airflow/.local/lib/python3.7/site-packages/airflow/example_dags/example_branch_operator.py took 0.062 seconds
[2022-11-20T13:06:23.666+0000] {processor.py:154} INFO - Started process (PID=1002) to work on /home/airflow/.local/lib/python3.7/site-packages/airflow/example_dags/example_branch_operator.py
[2022-11-20T13:06:23.666+0000] {processor.py:756} INFO - Processing file /home/airflow/.local/lib/python3.7/site-packages/airflow/example_dags/example_branch_operator.py for tasks to queue
[2022-11-20T13:06:23.667+0000] {logging_mixin.py:120} INFO - [2022-11-20T13:06:23.667+0000] {dagbag.py:537} INFO - Filling up the DagBag from /home/airflow/.local/lib/python3.7/site-packages/airflow/example_dags/example_branch_operator.py
[2022-11-20T13:06:23.676+0000] {processor.py:766} INFO - DAG(s) dict_keys(['example_branch_operator']) retrieved from /home/airflow/.local/lib/python3.7/site-packages/airflow/example_dags/example_branch_operator.py
[2022-11-20T13:06:23.697+0000] {logging_mixin.py:120} INFO - [2022-11-20T13:06:23.697+0000] {dag.py:2585} INFO - Sync 1 DAGs
[2022-11-20T13:06:23.709+0000] {logging_mixin.py:120} INFO - [2022-11-20T13:06:23.709+0000] {dag.py:3340} INFO - Setting next_dagrun for example_branch_operator to 2022-11-19T00:00:00+00:00, run_after=2022-11-20T00:00:00+00:00
[2022-11-20T13:06:23.718+0000] {processor.py:176} INFO - Processing /home/airflow/.local/lib/python3.7/site-packages/airflow/example_dags/example_branch_operator.py took 0.054 seconds
[2022-11-20T13:06:54.118+0000] {processor.py:154} INFO - Started process (PID=1070) to work on /home/airflow/.local/lib/python3.7/site-packages/airflow/example_dags/example_branch_operator.py
[2022-11-20T13:06:54.118+0000] {processor.py:756} INFO - Processing file /home/airflow/.local/lib/python3.7/site-packages/airflow/example_dags/example_branch_operator.py for tasks to queue
[2022-11-20T13:06:54.119+0000] {logging_mixin.py:120} INFO - [2022-11-20T13:06:54.119+0000] {dagbag.py:537} INFO - Filling up the DagBag from /home/airflow/.local/lib/python3.7/site-packages/airflow/example_dags/example_branch_operator.py
[2022-11-20T13:06:54.128+0000] {processor.py:766} INFO - DAG(s) dict_keys(['example_branch_operator']) retrieved from /home/airflow/.local/lib/python3.7/site-packages/airflow/example_dags/example_branch_operator.py
[2022-11-20T13:06:54.150+0000] {logging_mixin.py:120} INFO - [2022-11-20T13:06:54.149+0000] {dag.py:2585} INFO - Sync 1 DAGs
[2022-11-20T13:06:54.163+0000] {logging_mixin.py:120} INFO - [2022-11-20T13:06:54.163+0000] {dag.py:3340} INFO - Setting next_dagrun for example_branch_operator to 2022-11-19T00:00:00+00:00, run_after=2022-11-20T00:00:00+00:00
[2022-11-20T13:06:54.179+0000] {processor.py:176} INFO - Processing /home/airflow/.local/lib/python3.7/site-packages/airflow/example_dags/example_branch_operator.py took 0.063 seconds
[2022-11-20T13:18:24.392+0000] {processor.py:154} INFO - Started process (PID=1115) to work on /home/airflow/.local/lib/python3.7/site-packages/airflow/example_dags/example_branch_operator.py
[2022-11-20T13:18:24.393+0000] {processor.py:756} INFO - Processing file /home/airflow/.local/lib/python3.7/site-packages/airflow/example_dags/example_branch_operator.py for tasks to queue
[2022-11-20T13:18:24.393+0000] {logging_mixin.py:120} INFO - [2022-11-20T13:18:24.393+0000] {dagbag.py:537} INFO - Filling up the DagBag from /home/airflow/.local/lib/python3.7/site-packages/airflow/example_dags/example_branch_operator.py
[2022-11-20T13:18:24.409+0000] {processor.py:766} INFO - DAG(s) dict_keys(['example_branch_operator']) retrieved from /home/airflow/.local/lib/python3.7/site-packages/airflow/example_dags/example_branch_operator.py
[2022-11-20T13:18:24.450+0000] {logging_mixin.py:120} INFO - [2022-11-20T13:18:24.450+0000] {dag.py:2585} INFO - Sync 1 DAGs
[2022-11-20T13:18:24.472+0000] {logging_mixin.py:120} INFO - [2022-11-20T13:18:24.472+0000] {dag.py:3340} INFO - Setting next_dagrun for example_branch_operator to 2022-11-19T00:00:00+00:00, run_after=2022-11-20T00:00:00+00:00
[2022-11-20T13:18:24.497+0000] {processor.py:176} INFO - Processing /home/airflow/.local/lib/python3.7/site-packages/airflow/example_dags/example_branch_operator.py took 0.107 seconds
[2022-11-20T13:18:54.567+0000] {processor.py:154} INFO - Started process (PID=1182) to work on /home/airflow/.local/lib/python3.7/site-packages/airflow/example_dags/example_branch_operator.py
[2022-11-20T13:18:54.568+0000] {processor.py:756} INFO - Processing file /home/airflow/.local/lib/python3.7/site-packages/airflow/example_dags/example_branch_operator.py for tasks to queue
[2022-11-20T13:18:54.568+0000] {logging_mixin.py:120} INFO - [2022-11-20T13:18:54.568+0000] {dagbag.py:537} INFO - Filling up the DagBag from /home/airflow/.local/lib/python3.7/site-packages/airflow/example_dags/example_branch_operator.py
[2022-11-20T13:18:54.577+0000] {processor.py:766} INFO - DAG(s) dict_keys(['example_branch_operator']) retrieved from /home/airflow/.local/lib/python3.7/site-packages/airflow/example_dags/example_branch_operator.py
[2022-11-20T13:18:54.599+0000] {logging_mixin.py:120} INFO - [2022-11-20T13:18:54.599+0000] {dag.py:2585} INFO - Sync 1 DAGs
[2022-11-20T13:18:54.612+0000] {logging_mixin.py:120} INFO - [2022-11-20T13:18:54.612+0000] {dag.py:3340} INFO - Setting next_dagrun for example_branch_operator to 2022-11-19T00:00:00+00:00, run_after=2022-11-20T00:00:00+00:00
[2022-11-20T13:18:54.621+0000] {processor.py:176} INFO - Processing /home/airflow/.local/lib/python3.7/site-packages/airflow/example_dags/example_branch_operator.py took 0.056 seconds
[2022-11-20T13:19:25.519+0000] {processor.py:154} INFO - Started process (PID=1249) to work on /home/airflow/.local/lib/python3.7/site-packages/airflow/example_dags/example_branch_operator.py
[2022-11-20T13:19:25.520+0000] {processor.py:756} INFO - Processing file /home/airflow/.local/lib/python3.7/site-packages/airflow/example_dags/example_branch_operator.py for tasks to queue
[2022-11-20T13:19:25.520+0000] {logging_mixin.py:120} INFO - [2022-11-20T13:19:25.520+0000] {dagbag.py:537} INFO - Filling up the DagBag from /home/airflow/.local/lib/python3.7/site-packages/airflow/example_dags/example_branch_operator.py
[2022-11-20T13:19:25.530+0000] {processor.py:766} INFO - DAG(s) dict_keys(['example_branch_operator']) retrieved from /home/airflow/.local/lib/python3.7/site-packages/airflow/example_dags/example_branch_operator.py
[2022-11-20T13:19:25.574+0000] {logging_mixin.py:120} INFO - [2022-11-20T13:19:25.574+0000] {dag.py:2585} INFO - Sync 1 DAGs
[2022-11-20T13:19:25.588+0000] {logging_mixin.py:120} INFO - [2022-11-20T13:19:25.587+0000] {dag.py:3340} INFO - Setting next_dagrun for example_branch_operator to 2022-11-19T00:00:00+00:00, run_after=2022-11-20T00:00:00+00:00
[2022-11-20T13:19:25.599+0000] {processor.py:176} INFO - Processing /home/airflow/.local/lib/python3.7/site-packages/airflow/example_dags/example_branch_operator.py took 0.081 seconds
[2022-11-20T13:19:56.492+0000] {processor.py:154} INFO - Started process (PID=1318) to work on /home/airflow/.local/lib/python3.7/site-packages/airflow/example_dags/example_branch_operator.py
[2022-11-20T13:19:56.494+0000] {processor.py:756} INFO - Processing file /home/airflow/.local/lib/python3.7/site-packages/airflow/example_dags/example_branch_operator.py for tasks to queue
[2022-11-20T13:19:56.494+0000] {logging_mixin.py:120} INFO - [2022-11-20T13:19:56.494+0000] {dagbag.py:537} INFO - Filling up the DagBag from /home/airflow/.local/lib/python3.7/site-packages/airflow/example_dags/example_branch_operator.py
[2022-11-20T13:19:56.507+0000] {processor.py:766} INFO - DAG(s) dict_keys(['example_branch_operator']) retrieved from /home/airflow/.local/lib/python3.7/site-packages/airflow/example_dags/example_branch_operator.py
[2022-11-20T13:19:56.539+0000] {logging_mixin.py:120} INFO - [2022-11-20T13:19:56.538+0000] {dag.py:2585} INFO - Sync 1 DAGs
[2022-11-20T13:19:56.557+0000] {logging_mixin.py:120} INFO - [2022-11-20T13:19:56.557+0000] {dag.py:3340} INFO - Setting next_dagrun for example_branch_operator to 2022-11-19T00:00:00+00:00, run_after=2022-11-20T00:00:00+00:00
[2022-11-20T13:19:56.573+0000] {processor.py:176} INFO - Processing /home/airflow/.local/lib/python3.7/site-packages/airflow/example_dags/example_branch_operator.py took 0.086 seconds
[2022-11-20T13:20:27.499+0000] {processor.py:154} INFO - Started process (PID=1376) to work on /home/airflow/.local/lib/python3.7/site-packages/airflow/example_dags/example_branch_operator.py
[2022-11-20T13:20:27.499+0000] {processor.py:756} INFO - Processing file /home/airflow/.local/lib/python3.7/site-packages/airflow/example_dags/example_branch_operator.py for tasks to queue
[2022-11-20T13:20:27.500+0000] {logging_mixin.py:120} INFO - [2022-11-20T13:20:27.500+0000] {dagbag.py:537} INFO - Filling up the DagBag from /home/airflow/.local/lib/python3.7/site-packages/airflow/example_dags/example_branch_operator.py
[2022-11-20T13:20:27.510+0000] {processor.py:766} INFO - DAG(s) dict_keys(['example_branch_operator']) retrieved from /home/airflow/.local/lib/python3.7/site-packages/airflow/example_dags/example_branch_operator.py
[2022-11-20T13:20:27.529+0000] {logging_mixin.py:120} INFO - [2022-11-20T13:20:27.529+0000] {dag.py:2585} INFO - Sync 1 DAGs
[2022-11-20T13:20:27.544+0000] {logging_mixin.py:120} INFO - [2022-11-20T13:20:27.544+0000] {dag.py:3340} INFO - Setting next_dagrun for example_branch_operator to 2022-11-19T00:00:00+00:00, run_after=2022-11-20T00:00:00+00:00
[2022-11-20T13:20:27.554+0000] {processor.py:176} INFO - Processing /home/airflow/.local/lib/python3.7/site-packages/airflow/example_dags/example_branch_operator.py took 0.057 seconds
[2022-11-20T13:20:58.490+0000] {processor.py:154} INFO - Started process (PID=1443) to work on /home/airflow/.local/lib/python3.7/site-packages/airflow/example_dags/example_branch_operator.py
[2022-11-20T13:20:58.490+0000] {processor.py:756} INFO - Processing file /home/airflow/.local/lib/python3.7/site-packages/airflow/example_dags/example_branch_operator.py for tasks to queue
[2022-11-20T13:20:58.491+0000] {logging_mixin.py:120} INFO - [2022-11-20T13:20:58.491+0000] {dagbag.py:537} INFO - Filling up the DagBag from /home/airflow/.local/lib/python3.7/site-packages/airflow/example_dags/example_branch_operator.py
[2022-11-20T13:20:58.500+0000] {processor.py:766} INFO - DAG(s) dict_keys(['example_branch_operator']) retrieved from /home/airflow/.local/lib/python3.7/site-packages/airflow/example_dags/example_branch_operator.py
[2022-11-20T13:20:58.524+0000] {logging_mixin.py:120} INFO - [2022-11-20T13:20:58.524+0000] {dag.py:2585} INFO - Sync 1 DAGs
[2022-11-20T13:20:58.539+0000] {logging_mixin.py:120} INFO - [2022-11-20T13:20:58.539+0000] {dag.py:3340} INFO - Setting next_dagrun for example_branch_operator to 2022-11-19T00:00:00+00:00, run_after=2022-11-20T00:00:00+00:00
[2022-11-20T13:20:58.550+0000] {processor.py:176} INFO - Processing /home/airflow/.local/lib/python3.7/site-packages/airflow/example_dags/example_branch_operator.py took 0.062 seconds
[2022-11-20T13:21:29.487+0000] {processor.py:154} INFO - Started process (PID=1511) to work on /home/airflow/.local/lib/python3.7/site-packages/airflow/example_dags/example_branch_operator.py
[2022-11-20T13:21:29.488+0000] {processor.py:756} INFO - Processing file /home/airflow/.local/lib/python3.7/site-packages/airflow/example_dags/example_branch_operator.py for tasks to queue
[2022-11-20T13:21:29.488+0000] {logging_mixin.py:120} INFO - [2022-11-20T13:21:29.488+0000] {dagbag.py:537} INFO - Filling up the DagBag from /home/airflow/.local/lib/python3.7/site-packages/airflow/example_dags/example_branch_operator.py
[2022-11-20T13:21:29.496+0000] {processor.py:766} INFO - DAG(s) dict_keys(['example_branch_operator']) retrieved from /home/airflow/.local/lib/python3.7/site-packages/airflow/example_dags/example_branch_operator.py
[2022-11-20T13:21:29.519+0000] {logging_mixin.py:120} INFO - [2022-11-20T13:21:29.518+0000] {dag.py:2585} INFO - Sync 1 DAGs
[2022-11-20T13:21:29.530+0000] {logging_mixin.py:120} INFO - [2022-11-20T13:21:29.530+0000] {dag.py:3340} INFO - Setting next_dagrun for example_branch_operator to 2022-11-19T00:00:00+00:00, run_after=2022-11-20T00:00:00+00:00
[2022-11-20T13:21:29.540+0000] {processor.py:176} INFO - Processing /home/airflow/.local/lib/python3.7/site-packages/airflow/example_dags/example_branch_operator.py took 0.055 seconds
[2022-11-20T13:22:00.523+0000] {processor.py:154} INFO - Started process (PID=1576) to work on /home/airflow/.local/lib/python3.7/site-packages/airflow/example_dags/example_branch_operator.py
[2022-11-20T13:22:00.524+0000] {processor.py:756} INFO - Processing file /home/airflow/.local/lib/python3.7/site-packages/airflow/example_dags/example_branch_operator.py for tasks to queue
[2022-11-20T13:22:00.524+0000] {logging_mixin.py:120} INFO - [2022-11-20T13:22:00.524+0000] {dagbag.py:537} INFO - Filling up the DagBag from /home/airflow/.local/lib/python3.7/site-packages/airflow/example_dags/example_branch_operator.py
[2022-11-20T13:22:00.541+0000] {processor.py:766} INFO - DAG(s) dict_keys(['example_branch_operator']) retrieved from /home/airflow/.local/lib/python3.7/site-packages/airflow/example_dags/example_branch_operator.py
[2022-11-20T13:22:00.573+0000] {logging_mixin.py:120} INFO - [2022-11-20T13:22:00.573+0000] {dag.py:2585} INFO - Sync 1 DAGs
[2022-11-20T13:22:00.590+0000] {logging_mixin.py:120} INFO - [2022-11-20T13:22:00.590+0000] {dag.py:3340} INFO - Setting next_dagrun for example_branch_operator to 2022-11-19T00:00:00+00:00, run_after=2022-11-20T00:00:00+00:00
[2022-11-20T13:22:00.605+0000] {processor.py:176} INFO - Processing /home/airflow/.local/lib/python3.7/site-packages/airflow/example_dags/example_branch_operator.py took 0.084 seconds
[2022-11-20T13:22:31.835+0000] {processor.py:154} INFO - Started process (PID=1646) to work on /home/airflow/.local/lib/python3.7/site-packages/airflow/example_dags/example_branch_operator.py
[2022-11-20T13:22:31.836+0000] {processor.py:756} INFO - Processing file /home/airflow/.local/lib/python3.7/site-packages/airflow/example_dags/example_branch_operator.py for tasks to queue
[2022-11-20T13:22:31.836+0000] {logging_mixin.py:120} INFO - [2022-11-20T13:22:31.836+0000] {dagbag.py:537} INFO - Filling up the DagBag from /home/airflow/.local/lib/python3.7/site-packages/airflow/example_dags/example_branch_operator.py
[2022-11-20T13:22:31.846+0000] {processor.py:766} INFO - DAG(s) dict_keys(['example_branch_operator']) retrieved from /home/airflow/.local/lib/python3.7/site-packages/airflow/example_dags/example_branch_operator.py
[2022-11-20T13:22:31.873+0000] {logging_mixin.py:120} INFO - [2022-11-20T13:22:31.873+0000] {dag.py:2585} INFO - Sync 1 DAGs
[2022-11-20T13:22:31.889+0000] {logging_mixin.py:120} INFO - [2022-11-20T13:22:31.889+0000] {dag.py:3340} INFO - Setting next_dagrun for example_branch_operator to 2022-11-19T00:00:00+00:00, run_after=2022-11-20T00:00:00+00:00
[2022-11-20T13:22:31.920+0000] {processor.py:176} INFO - Processing /home/airflow/.local/lib/python3.7/site-packages/airflow/example_dags/example_branch_operator.py took 0.087 seconds
[2022-11-20T13:23:02.984+0000] {processor.py:154} INFO - Started process (PID=1713) to work on /home/airflow/.local/lib/python3.7/site-packages/airflow/example_dags/example_branch_operator.py
[2022-11-20T13:23:02.985+0000] {processor.py:756} INFO - Processing file /home/airflow/.local/lib/python3.7/site-packages/airflow/example_dags/example_branch_operator.py for tasks to queue
[2022-11-20T13:23:02.986+0000] {logging_mixin.py:120} INFO - [2022-11-20T13:23:02.986+0000] {dagbag.py:537} INFO - Filling up the DagBag from /home/airflow/.local/lib/python3.7/site-packages/airflow/example_dags/example_branch_operator.py
[2022-11-20T13:23:02.996+0000] {processor.py:766} INFO - DAG(s) dict_keys(['example_branch_operator']) retrieved from /home/airflow/.local/lib/python3.7/site-packages/airflow/example_dags/example_branch_operator.py
[2022-11-20T13:23:03.020+0000] {logging_mixin.py:120} INFO - [2022-11-20T13:23:03.020+0000] {dag.py:2585} INFO - Sync 1 DAGs
[2022-11-20T13:23:03.035+0000] {logging_mixin.py:120} INFO - [2022-11-20T13:23:03.035+0000] {dag.py:3340} INFO - Setting next_dagrun for example_branch_operator to 2022-11-19T00:00:00+00:00, run_after=2022-11-20T00:00:00+00:00
[2022-11-20T13:23:03.050+0000] {processor.py:176} INFO - Processing /home/airflow/.local/lib/python3.7/site-packages/airflow/example_dags/example_branch_operator.py took 0.068 seconds
[2022-11-20T13:23:33.114+0000] {processor.py:154} INFO - Started process (PID=1783) to work on /home/airflow/.local/lib/python3.7/site-packages/airflow/example_dags/example_branch_operator.py
[2022-11-20T13:23:33.114+0000] {processor.py:756} INFO - Processing file /home/airflow/.local/lib/python3.7/site-packages/airflow/example_dags/example_branch_operator.py for tasks to queue
[2022-11-20T13:23:33.115+0000] {logging_mixin.py:120} INFO - [2022-11-20T13:23:33.115+0000] {dagbag.py:537} INFO - Filling up the DagBag from /home/airflow/.local/lib/python3.7/site-packages/airflow/example_dags/example_branch_operator.py
[2022-11-20T13:23:33.123+0000] {processor.py:766} INFO - DAG(s) dict_keys(['example_branch_operator']) retrieved from /home/airflow/.local/lib/python3.7/site-packages/airflow/example_dags/example_branch_operator.py
[2022-11-20T13:23:33.143+0000] {logging_mixin.py:120} INFO - [2022-11-20T13:23:33.143+0000] {dag.py:2585} INFO - Sync 1 DAGs
[2022-11-20T13:23:33.155+0000] {logging_mixin.py:120} INFO - [2022-11-20T13:23:33.155+0000] {dag.py:3340} INFO - Setting next_dagrun for example_branch_operator to 2022-11-19T00:00:00+00:00, run_after=2022-11-20T00:00:00+00:00
[2022-11-20T13:23:33.164+0000] {processor.py:176} INFO - Processing /home/airflow/.local/lib/python3.7/site-packages/airflow/example_dags/example_branch_operator.py took 0.052 seconds
[2022-11-20T13:24:03.242+0000] {processor.py:154} INFO - Started process (PID=1842) to work on /home/airflow/.local/lib/python3.7/site-packages/airflow/example_dags/example_branch_operator.py
[2022-11-20T13:24:03.243+0000] {processor.py:756} INFO - Processing file /home/airflow/.local/lib/python3.7/site-packages/airflow/example_dags/example_branch_operator.py for tasks to queue
[2022-11-20T13:24:03.243+0000] {logging_mixin.py:120} INFO - [2022-11-20T13:24:03.243+0000] {dagbag.py:537} INFO - Filling up the DagBag from /home/airflow/.local/lib/python3.7/site-packages/airflow/example_dags/example_branch_operator.py
[2022-11-20T13:24:03.252+0000] {processor.py:766} INFO - DAG(s) dict_keys(['example_branch_operator']) retrieved from /home/airflow/.local/lib/python3.7/site-packages/airflow/example_dags/example_branch_operator.py
[2022-11-20T13:24:03.272+0000] {logging_mixin.py:120} INFO - [2022-11-20T13:24:03.272+0000] {dag.py:2585} INFO - Sync 1 DAGs
[2022-11-20T13:24:03.285+0000] {logging_mixin.py:120} INFO - [2022-11-20T13:24:03.285+0000] {dag.py:3340} INFO - Setting next_dagrun for example_branch_operator to 2022-11-19T00:00:00+00:00, run_after=2022-11-20T00:00:00+00:00
[2022-11-20T13:24:03.296+0000] {processor.py:176} INFO - Processing /home/airflow/.local/lib/python3.7/site-packages/airflow/example_dags/example_branch_operator.py took 0.055 seconds
[2022-11-20T13:24:34.174+0000] {processor.py:154} INFO - Started process (PID=1911) to work on /home/airflow/.local/lib/python3.7/site-packages/airflow/example_dags/example_branch_operator.py
[2022-11-20T13:24:34.174+0000] {processor.py:756} INFO - Processing file /home/airflow/.local/lib/python3.7/site-packages/airflow/example_dags/example_branch_operator.py for tasks to queue
[2022-11-20T13:24:34.175+0000] {logging_mixin.py:120} INFO - [2022-11-20T13:24:34.175+0000] {dagbag.py:537} INFO - Filling up the DagBag from /home/airflow/.local/lib/python3.7/site-packages/airflow/example_dags/example_branch_operator.py
[2022-11-20T13:24:34.183+0000] {processor.py:766} INFO - DAG(s) dict_keys(['example_branch_operator']) retrieved from /home/airflow/.local/lib/python3.7/site-packages/airflow/example_dags/example_branch_operator.py
[2022-11-20T13:24:34.204+0000] {logging_mixin.py:120} INFO - [2022-11-20T13:24:34.204+0000] {dag.py:2585} INFO - Sync 1 DAGs
[2022-11-20T13:24:34.217+0000] {logging_mixin.py:120} INFO - [2022-11-20T13:24:34.217+0000] {dag.py:3340} INFO - Setting next_dagrun for example_branch_operator to 2022-11-19T00:00:00+00:00, run_after=2022-11-20T00:00:00+00:00
[2022-11-20T13:24:34.227+0000] {processor.py:176} INFO - Processing /home/airflow/.local/lib/python3.7/site-packages/airflow/example_dags/example_branch_operator.py took 0.055 seconds
[2022-11-20T13:25:05.062+0000] {processor.py:154} INFO - Started process (PID=1979) to work on /home/airflow/.local/lib/python3.7/site-packages/airflow/example_dags/example_branch_operator.py
[2022-11-20T13:25:05.063+0000] {processor.py:756} INFO - Processing file /home/airflow/.local/lib/python3.7/site-packages/airflow/example_dags/example_branch_operator.py for tasks to queue
[2022-11-20T13:25:05.063+0000] {logging_mixin.py:120} INFO - [2022-11-20T13:25:05.063+0000] {dagbag.py:537} INFO - Filling up the DagBag from /home/airflow/.local/lib/python3.7/site-packages/airflow/example_dags/example_branch_operator.py
[2022-11-20T13:25:05.072+0000] {processor.py:766} INFO - DAG(s) dict_keys(['example_branch_operator']) retrieved from /home/airflow/.local/lib/python3.7/site-packages/airflow/example_dags/example_branch_operator.py
[2022-11-20T13:25:05.091+0000] {logging_mixin.py:120} INFO - [2022-11-20T13:25:05.091+0000] {dag.py:2585} INFO - Sync 1 DAGs
[2022-11-20T13:25:05.103+0000] {logging_mixin.py:120} INFO - [2022-11-20T13:25:05.103+0000] {dag.py:3340} INFO - Setting next_dagrun for example_branch_operator to 2022-11-19T00:00:00+00:00, run_after=2022-11-20T00:00:00+00:00
[2022-11-20T13:25:05.115+0000] {processor.py:176} INFO - Processing /home/airflow/.local/lib/python3.7/site-packages/airflow/example_dags/example_branch_operator.py took 0.055 seconds
[2022-11-20T13:25:35.766+0000] {processor.py:154} INFO - Started process (PID=2050) to work on /home/airflow/.local/lib/python3.7/site-packages/airflow/example_dags/example_branch_operator.py
[2022-11-20T13:25:35.766+0000] {processor.py:756} INFO - Processing file /home/airflow/.local/lib/python3.7/site-packages/airflow/example_dags/example_branch_operator.py for tasks to queue
[2022-11-20T13:25:35.767+0000] {logging_mixin.py:120} INFO - [2022-11-20T13:25:35.767+0000] {dagbag.py:537} INFO - Filling up the DagBag from /home/airflow/.local/lib/python3.7/site-packages/airflow/example_dags/example_branch_operator.py
[2022-11-20T13:25:35.778+0000] {processor.py:766} INFO - DAG(s) dict_keys(['example_branch_operator']) retrieved from /home/airflow/.local/lib/python3.7/site-packages/airflow/example_dags/example_branch_operator.py
[2022-11-20T13:25:35.802+0000] {logging_mixin.py:120} INFO - [2022-11-20T13:25:35.802+0000] {dag.py:2585} INFO - Sync 1 DAGs
[2022-11-20T13:25:35.814+0000] {logging_mixin.py:120} INFO - [2022-11-20T13:25:35.814+0000] {dag.py:3340} INFO - Setting next_dagrun for example_branch_operator to 2022-11-19T00:00:00+00:00, run_after=2022-11-20T00:00:00+00:00
[2022-11-20T13:25:35.825+0000] {processor.py:176} INFO - Processing /home/airflow/.local/lib/python3.7/site-packages/airflow/example_dags/example_branch_operator.py took 0.061 seconds
[2022-11-20T13:58:08.298+0000] {processor.py:154} INFO - Started process (PID=2098) to work on /home/airflow/.local/lib/python3.7/site-packages/airflow/example_dags/example_branch_operator.py
[2022-11-20T13:58:08.298+0000] {processor.py:756} INFO - Processing file /home/airflow/.local/lib/python3.7/site-packages/airflow/example_dags/example_branch_operator.py for tasks to queue
[2022-11-20T13:58:08.299+0000] {logging_mixin.py:120} INFO - [2022-11-20T13:58:08.299+0000] {dagbag.py:537} INFO - Filling up the DagBag from /home/airflow/.local/lib/python3.7/site-packages/airflow/example_dags/example_branch_operator.py
[2022-11-20T13:58:08.309+0000] {processor.py:766} INFO - DAG(s) dict_keys(['example_branch_operator']) retrieved from /home/airflow/.local/lib/python3.7/site-packages/airflow/example_dags/example_branch_operator.py
[2022-11-20T13:58:08.338+0000] {logging_mixin.py:120} INFO - [2022-11-20T13:58:08.337+0000] {dag.py:2585} INFO - Sync 1 DAGs
[2022-11-20T13:58:08.358+0000] {logging_mixin.py:120} INFO - [2022-11-20T13:58:08.357+0000] {dag.py:3340} INFO - Setting next_dagrun for example_branch_operator to 2022-11-19T00:00:00+00:00, run_after=2022-11-20T00:00:00+00:00
[2022-11-20T13:58:08.370+0000] {processor.py:176} INFO - Processing /home/airflow/.local/lib/python3.7/site-packages/airflow/example_dags/example_branch_operator.py took 0.074 seconds
[2022-11-20T14:14:23.148+0000] {processor.py:154} INFO - Started process (PID=2148) to work on /home/airflow/.local/lib/python3.7/site-packages/airflow/example_dags/example_branch_operator.py
[2022-11-20T14:14:23.149+0000] {processor.py:756} INFO - Processing file /home/airflow/.local/lib/python3.7/site-packages/airflow/example_dags/example_branch_operator.py for tasks to queue
[2022-11-20T14:14:23.149+0000] {logging_mixin.py:120} INFO - [2022-11-20T14:14:23.149+0000] {dagbag.py:537} INFO - Filling up the DagBag from /home/airflow/.local/lib/python3.7/site-packages/airflow/example_dags/example_branch_operator.py
[2022-11-20T14:14:23.158+0000] {processor.py:766} INFO - DAG(s) dict_keys(['example_branch_operator']) retrieved from /home/airflow/.local/lib/python3.7/site-packages/airflow/example_dags/example_branch_operator.py
[2022-11-20T14:14:23.179+0000] {logging_mixin.py:120} INFO - [2022-11-20T14:14:23.179+0000] {dag.py:2585} INFO - Sync 1 DAGs
[2022-11-20T14:14:23.193+0000] {logging_mixin.py:120} INFO - [2022-11-20T14:14:23.193+0000] {dag.py:3340} INFO - Setting next_dagrun for example_branch_operator to 2022-11-19T00:00:00+00:00, run_after=2022-11-20T00:00:00+00:00
[2022-11-20T14:14:23.202+0000] {processor.py:176} INFO - Processing /home/airflow/.local/lib/python3.7/site-packages/airflow/example_dags/example_branch_operator.py took 0.056 seconds
[2022-11-20T14:44:49.323+0000] {processor.py:154} INFO - Started process (PID=2195) to work on /home/airflow/.local/lib/python3.7/site-packages/airflow/example_dags/example_branch_operator.py
[2022-11-20T14:44:49.324+0000] {processor.py:756} INFO - Processing file /home/airflow/.local/lib/python3.7/site-packages/airflow/example_dags/example_branch_operator.py for tasks to queue
[2022-11-20T14:44:49.324+0000] {logging_mixin.py:120} INFO - [2022-11-20T14:44:49.324+0000] {dagbag.py:537} INFO - Filling up the DagBag from /home/airflow/.local/lib/python3.7/site-packages/airflow/example_dags/example_branch_operator.py
[2022-11-20T14:44:49.333+0000] {processor.py:766} INFO - DAG(s) dict_keys(['example_branch_operator']) retrieved from /home/airflow/.local/lib/python3.7/site-packages/airflow/example_dags/example_branch_operator.py
[2022-11-20T14:44:49.354+0000] {logging_mixin.py:120} INFO - [2022-11-20T14:44:49.354+0000] {dag.py:2585} INFO - Sync 1 DAGs
[2022-11-20T14:44:49.367+0000] {logging_mixin.py:120} INFO - [2022-11-20T14:44:49.367+0000] {dag.py:3340} INFO - Setting next_dagrun for example_branch_operator to 2022-11-19T00:00:00+00:00, run_after=2022-11-20T00:00:00+00:00
[2022-11-20T14:44:49.377+0000] {processor.py:176} INFO - Processing /home/airflow/.local/lib/python3.7/site-packages/airflow/example_dags/example_branch_operator.py took 0.057 seconds
[2022-11-20T15:18:06.760+0000] {processor.py:154} INFO - Started process (PID=2242) to work on /home/airflow/.local/lib/python3.7/site-packages/airflow/example_dags/example_branch_operator.py
[2022-11-20T15:18:06.761+0000] {processor.py:756} INFO - Processing file /home/airflow/.local/lib/python3.7/site-packages/airflow/example_dags/example_branch_operator.py for tasks to queue
[2022-11-20T15:18:06.761+0000] {logging_mixin.py:120} INFO - [2022-11-20T15:18:06.761+0000] {dagbag.py:537} INFO - Filling up the DagBag from /home/airflow/.local/lib/python3.7/site-packages/airflow/example_dags/example_branch_operator.py
[2022-11-20T15:18:06.771+0000] {processor.py:766} INFO - DAG(s) dict_keys(['example_branch_operator']) retrieved from /home/airflow/.local/lib/python3.7/site-packages/airflow/example_dags/example_branch_operator.py
[2022-11-20T15:18:06.792+0000] {logging_mixin.py:120} INFO - [2022-11-20T15:18:06.792+0000] {dag.py:2585} INFO - Sync 1 DAGs
[2022-11-20T15:18:06.805+0000] {logging_mixin.py:120} INFO - [2022-11-20T15:18:06.805+0000] {dag.py:3340} INFO - Setting next_dagrun for example_branch_operator to 2022-11-19T00:00:00+00:00, run_after=2022-11-20T00:00:00+00:00
[2022-11-20T15:18:06.814+0000] {processor.py:176} INFO - Processing /home/airflow/.local/lib/python3.7/site-packages/airflow/example_dags/example_branch_operator.py took 0.056 seconds
[2022-11-20T15:39:04.591+0000] {processor.py:154} INFO - Started process (PID=2286) to work on /home/airflow/.local/lib/python3.7/site-packages/airflow/example_dags/example_branch_operator.py
[2022-11-20T15:39:04.596+0000] {processor.py:756} INFO - Processing file /home/airflow/.local/lib/python3.7/site-packages/airflow/example_dags/example_branch_operator.py for tasks to queue
[2022-11-20T15:39:04.596+0000] {logging_mixin.py:120} INFO - [2022-11-20T15:39:04.596+0000] {dagbag.py:537} INFO - Filling up the DagBag from /home/airflow/.local/lib/python3.7/site-packages/airflow/example_dags/example_branch_operator.py
[2022-11-20T15:39:04.612+0000] {processor.py:766} INFO - DAG(s) dict_keys(['example_branch_operator']) retrieved from /home/airflow/.local/lib/python3.7/site-packages/airflow/example_dags/example_branch_operator.py
[2022-11-20T15:39:04.656+0000] {logging_mixin.py:120} INFO - [2022-11-20T15:39:04.656+0000] {dag.py:2585} INFO - Sync 1 DAGs
[2022-11-20T15:39:04.684+0000] {logging_mixin.py:120} INFO - [2022-11-20T15:39:04.684+0000] {dag.py:3340} INFO - Setting next_dagrun for example_branch_operator to 2022-11-19T00:00:00+00:00, run_after=2022-11-20T00:00:00+00:00
[2022-11-20T15:39:04.700+0000] {processor.py:176} INFO - Processing /home/airflow/.local/lib/python3.7/site-packages/airflow/example_dags/example_branch_operator.py took 0.110 seconds
[2022-11-20T15:51:04.938+0000] {processor.py:154} INFO - Started process (PID=2325) to work on /home/airflow/.local/lib/python3.7/site-packages/airflow/example_dags/example_branch_operator.py
[2022-11-20T15:51:04.939+0000] {processor.py:756} INFO - Processing file /home/airflow/.local/lib/python3.7/site-packages/airflow/example_dags/example_branch_operator.py for tasks to queue
[2022-11-20T15:51:04.939+0000] {logging_mixin.py:120} INFO - [2022-11-20T15:51:04.939+0000] {dagbag.py:537} INFO - Filling up the DagBag from /home/airflow/.local/lib/python3.7/site-packages/airflow/example_dags/example_branch_operator.py
[2022-11-20T15:51:04.952+0000] {processor.py:766} INFO - DAG(s) dict_keys(['example_branch_operator']) retrieved from /home/airflow/.local/lib/python3.7/site-packages/airflow/example_dags/example_branch_operator.py
[2022-11-20T15:51:04.986+0000] {logging_mixin.py:120} INFO - [2022-11-20T15:51:04.986+0000] {dag.py:2585} INFO - Sync 1 DAGs
[2022-11-20T15:51:04.999+0000] {logging_mixin.py:120} INFO - [2022-11-20T15:51:04.999+0000] {dag.py:3340} INFO - Setting next_dagrun for example_branch_operator to 2022-11-19T00:00:00+00:00, run_after=2022-11-20T00:00:00+00:00
[2022-11-20T15:51:05.010+0000] {processor.py:176} INFO - Processing /home/airflow/.local/lib/python3.7/site-packages/airflow/example_dags/example_branch_operator.py took 0.074 seconds
[2022-11-20T16:06:46.553+0000] {processor.py:154} INFO - Started process (PID=2371) to work on /home/airflow/.local/lib/python3.7/site-packages/airflow/example_dags/example_branch_operator.py
[2022-11-20T16:06:46.554+0000] {processor.py:756} INFO - Processing file /home/airflow/.local/lib/python3.7/site-packages/airflow/example_dags/example_branch_operator.py for tasks to queue
[2022-11-20T16:06:46.554+0000] {logging_mixin.py:120} INFO - [2022-11-20T16:06:46.554+0000] {dagbag.py:537} INFO - Filling up the DagBag from /home/airflow/.local/lib/python3.7/site-packages/airflow/example_dags/example_branch_operator.py
[2022-11-20T16:06:46.565+0000] {processor.py:766} INFO - DAG(s) dict_keys(['example_branch_operator']) retrieved from /home/airflow/.local/lib/python3.7/site-packages/airflow/example_dags/example_branch_operator.py
[2022-11-20T16:06:46.587+0000] {logging_mixin.py:120} INFO - [2022-11-20T16:06:46.587+0000] {dag.py:2585} INFO - Sync 1 DAGs
[2022-11-20T16:06:46.602+0000] {logging_mixin.py:120} INFO - [2022-11-20T16:06:46.602+0000] {dag.py:3340} INFO - Setting next_dagrun for example_branch_operator to 2022-11-19T00:00:00+00:00, run_after=2022-11-20T00:00:00+00:00
[2022-11-20T16:06:46.613+0000] {processor.py:176} INFO - Processing /home/airflow/.local/lib/python3.7/site-packages/airflow/example_dags/example_branch_operator.py took 0.062 seconds
[2022-11-20T16:08:34.444+0000] {processor.py:154} INFO - Started process (PID=2422) to work on /home/airflow/.local/lib/python3.7/site-packages/airflow/example_dags/example_branch_operator.py
[2022-11-20T16:08:34.445+0000] {processor.py:756} INFO - Processing file /home/airflow/.local/lib/python3.7/site-packages/airflow/example_dags/example_branch_operator.py for tasks to queue
[2022-11-20T16:08:34.445+0000] {logging_mixin.py:120} INFO - [2022-11-20T16:08:34.445+0000] {dagbag.py:537} INFO - Filling up the DagBag from /home/airflow/.local/lib/python3.7/site-packages/airflow/example_dags/example_branch_operator.py
[2022-11-20T16:08:34.453+0000] {processor.py:766} INFO - DAG(s) dict_keys(['example_branch_operator']) retrieved from /home/airflow/.local/lib/python3.7/site-packages/airflow/example_dags/example_branch_operator.py
[2022-11-20T16:08:34.474+0000] {logging_mixin.py:120} INFO - [2022-11-20T16:08:34.474+0000] {dag.py:2585} INFO - Sync 1 DAGs
[2022-11-20T16:08:34.488+0000] {logging_mixin.py:120} INFO - [2022-11-20T16:08:34.488+0000] {dag.py:3340} INFO - Setting next_dagrun for example_branch_operator to 2022-11-19T00:00:00+00:00, run_after=2022-11-20T00:00:00+00:00
[2022-11-20T16:08:34.497+0000] {processor.py:176} INFO - Processing /home/airflow/.local/lib/python3.7/site-packages/airflow/example_dags/example_branch_operator.py took 0.055 seconds
[2022-11-20T16:28:00.508+0000] {processor.py:154} INFO - Started process (PID=2468) to work on /home/airflow/.local/lib/python3.7/site-packages/airflow/example_dags/example_branch_operator.py
[2022-11-20T16:28:00.514+0000] {processor.py:756} INFO - Processing file /home/airflow/.local/lib/python3.7/site-packages/airflow/example_dags/example_branch_operator.py for tasks to queue
[2022-11-20T16:28:00.514+0000] {logging_mixin.py:120} INFO - [2022-11-20T16:28:00.514+0000] {dagbag.py:537} INFO - Filling up the DagBag from /home/airflow/.local/lib/python3.7/site-packages/airflow/example_dags/example_branch_operator.py
[2022-11-20T16:28:00.523+0000] {processor.py:766} INFO - DAG(s) dict_keys(['example_branch_operator']) retrieved from /home/airflow/.local/lib/python3.7/site-packages/airflow/example_dags/example_branch_operator.py
[2022-11-20T16:28:00.546+0000] {logging_mixin.py:120} INFO - [2022-11-20T16:28:00.546+0000] {dag.py:2585} INFO - Sync 1 DAGs
[2022-11-20T16:28:00.558+0000] {logging_mixin.py:120} INFO - [2022-11-20T16:28:00.558+0000] {dag.py:3340} INFO - Setting next_dagrun for example_branch_operator to 2022-11-19T00:00:00+00:00, run_after=2022-11-20T00:00:00+00:00
[2022-11-20T16:28:00.567+0000] {processor.py:176} INFO - Processing /home/airflow/.local/lib/python3.7/site-packages/airflow/example_dags/example_branch_operator.py took 0.061 seconds
[2022-11-20T16:43:50.898+0000] {processor.py:154} INFO - Started process (PID=2517) to work on /home/airflow/.local/lib/python3.7/site-packages/airflow/example_dags/example_branch_operator.py
[2022-11-20T16:43:50.898+0000] {processor.py:756} INFO - Processing file /home/airflow/.local/lib/python3.7/site-packages/airflow/example_dags/example_branch_operator.py for tasks to queue
[2022-11-20T16:43:50.899+0000] {logging_mixin.py:120} INFO - [2022-11-20T16:43:50.899+0000] {dagbag.py:537} INFO - Filling up the DagBag from /home/airflow/.local/lib/python3.7/site-packages/airflow/example_dags/example_branch_operator.py
[2022-11-20T16:43:50.911+0000] {processor.py:766} INFO - DAG(s) dict_keys(['example_branch_operator']) retrieved from /home/airflow/.local/lib/python3.7/site-packages/airflow/example_dags/example_branch_operator.py
[2022-11-20T16:43:50.953+0000] {logging_mixin.py:120} INFO - [2022-11-20T16:43:50.953+0000] {dag.py:2585} INFO - Sync 1 DAGs
[2022-11-20T16:43:50.980+0000] {logging_mixin.py:120} INFO - [2022-11-20T16:43:50.980+0000] {dag.py:3340} INFO - Setting next_dagrun for example_branch_operator to 2022-11-19T00:00:00+00:00, run_after=2022-11-20T00:00:00+00:00
[2022-11-20T16:43:51.002+0000] {processor.py:176} INFO - Processing /home/airflow/.local/lib/python3.7/site-packages/airflow/example_dags/example_branch_operator.py took 0.106 seconds
[2022-11-20T17:17:44.466+0000] {processor.py:154} INFO - Started process (PID=2564) to work on /home/airflow/.local/lib/python3.7/site-packages/airflow/example_dags/example_branch_operator.py
[2022-11-20T17:17:44.466+0000] {processor.py:756} INFO - Processing file /home/airflow/.local/lib/python3.7/site-packages/airflow/example_dags/example_branch_operator.py for tasks to queue
[2022-11-20T17:17:44.467+0000] {logging_mixin.py:120} INFO - [2022-11-20T17:17:44.467+0000] {dagbag.py:537} INFO - Filling up the DagBag from /home/airflow/.local/lib/python3.7/site-packages/airflow/example_dags/example_branch_operator.py
[2022-11-20T17:17:44.475+0000] {processor.py:766} INFO - DAG(s) dict_keys(['example_branch_operator']) retrieved from /home/airflow/.local/lib/python3.7/site-packages/airflow/example_dags/example_branch_operator.py
[2022-11-20T17:17:44.497+0000] {logging_mixin.py:120} INFO - [2022-11-20T17:17:44.497+0000] {dag.py:2585} INFO - Sync 1 DAGs
[2022-11-20T17:17:44.509+0000] {logging_mixin.py:120} INFO - [2022-11-20T17:17:44.509+0000] {dag.py:3340} INFO - Setting next_dagrun for example_branch_operator to 2022-11-19T00:00:00+00:00, run_after=2022-11-20T00:00:00+00:00
[2022-11-20T17:17:44.517+0000] {processor.py:176} INFO - Processing /home/airflow/.local/lib/python3.7/site-packages/airflow/example_dags/example_branch_operator.py took 0.053 seconds
[2022-11-20T17:22:39.403+0000] {processor.py:154} INFO - Started process (PID=2611) to work on /home/airflow/.local/lib/python3.7/site-packages/airflow/example_dags/example_branch_operator.py
[2022-11-20T17:22:39.405+0000] {processor.py:756} INFO - Processing file /home/airflow/.local/lib/python3.7/site-packages/airflow/example_dags/example_branch_operator.py for tasks to queue
[2022-11-20T17:22:39.405+0000] {logging_mixin.py:120} INFO - [2022-11-20T17:22:39.405+0000] {dagbag.py:537} INFO - Filling up the DagBag from /home/airflow/.local/lib/python3.7/site-packages/airflow/example_dags/example_branch_operator.py
[2022-11-20T17:22:39.422+0000] {processor.py:766} INFO - DAG(s) dict_keys(['example_branch_operator']) retrieved from /home/airflow/.local/lib/python3.7/site-packages/airflow/example_dags/example_branch_operator.py
[2022-11-20T17:22:39.456+0000] {logging_mixin.py:120} INFO - [2022-11-20T17:22:39.455+0000] {dag.py:2585} INFO - Sync 1 DAGs
[2022-11-20T17:22:39.476+0000] {logging_mixin.py:120} INFO - [2022-11-20T17:22:39.475+0000] {dag.py:3340} INFO - Setting next_dagrun for example_branch_operator to 2022-11-19T00:00:00+00:00, run_after=2022-11-20T00:00:00+00:00
[2022-11-20T17:22:39.496+0000] {processor.py:176} INFO - Processing /home/airflow/.local/lib/python3.7/site-packages/airflow/example_dags/example_branch_operator.py took 0.097 seconds
[2022-11-20T17:23:10.315+0000] {processor.py:154} INFO - Started process (PID=2678) to work on /home/airflow/.local/lib/python3.7/site-packages/airflow/example_dags/example_branch_operator.py
[2022-11-20T17:23:10.316+0000] {processor.py:756} INFO - Processing file /home/airflow/.local/lib/python3.7/site-packages/airflow/example_dags/example_branch_operator.py for tasks to queue
[2022-11-20T17:23:10.316+0000] {logging_mixin.py:120} INFO - [2022-11-20T17:23:10.316+0000] {dagbag.py:537} INFO - Filling up the DagBag from /home/airflow/.local/lib/python3.7/site-packages/airflow/example_dags/example_branch_operator.py
[2022-11-20T17:23:10.326+0000] {processor.py:766} INFO - DAG(s) dict_keys(['example_branch_operator']) retrieved from /home/airflow/.local/lib/python3.7/site-packages/airflow/example_dags/example_branch_operator.py
[2022-11-20T17:23:10.351+0000] {logging_mixin.py:120} INFO - [2022-11-20T17:23:10.350+0000] {dag.py:2585} INFO - Sync 1 DAGs
[2022-11-20T17:23:10.365+0000] {logging_mixin.py:120} INFO - [2022-11-20T17:23:10.365+0000] {dag.py:3340} INFO - Setting next_dagrun for example_branch_operator to 2022-11-19T00:00:00+00:00, run_after=2022-11-20T00:00:00+00:00
[2022-11-20T17:23:10.377+0000] {processor.py:176} INFO - Processing /home/airflow/.local/lib/python3.7/site-packages/airflow/example_dags/example_branch_operator.py took 0.063 seconds
[2022-11-20T17:23:41.407+0000] {processor.py:154} INFO - Started process (PID=2748) to work on /home/airflow/.local/lib/python3.7/site-packages/airflow/example_dags/example_branch_operator.py
[2022-11-20T17:23:41.407+0000] {processor.py:756} INFO - Processing file /home/airflow/.local/lib/python3.7/site-packages/airflow/example_dags/example_branch_operator.py for tasks to queue
[2022-11-20T17:23:41.407+0000] {logging_mixin.py:120} INFO - [2022-11-20T17:23:41.407+0000] {dagbag.py:537} INFO - Filling up the DagBag from /home/airflow/.local/lib/python3.7/site-packages/airflow/example_dags/example_branch_operator.py
[2022-11-20T17:23:41.416+0000] {processor.py:766} INFO - DAG(s) dict_keys(['example_branch_operator']) retrieved from /home/airflow/.local/lib/python3.7/site-packages/airflow/example_dags/example_branch_operator.py
[2022-11-20T17:23:41.438+0000] {logging_mixin.py:120} INFO - [2022-11-20T17:23:41.437+0000] {dag.py:2585} INFO - Sync 1 DAGs
[2022-11-20T17:23:41.450+0000] {logging_mixin.py:120} INFO - [2022-11-20T17:23:41.450+0000] {dag.py:3340} INFO - Setting next_dagrun for example_branch_operator to 2022-11-19T00:00:00+00:00, run_after=2022-11-20T00:00:00+00:00
[2022-11-20T17:23:41.461+0000] {processor.py:176} INFO - Processing /home/airflow/.local/lib/python3.7/site-packages/airflow/example_dags/example_branch_operator.py took 0.056 seconds
[2022-11-20T17:24:11.518+0000] {processor.py:154} INFO - Started process (PID=2818) to work on /home/airflow/.local/lib/python3.7/site-packages/airflow/example_dags/example_branch_operator.py
[2022-11-20T17:24:11.518+0000] {processor.py:756} INFO - Processing file /home/airflow/.local/lib/python3.7/site-packages/airflow/example_dags/example_branch_operator.py for tasks to queue
[2022-11-20T17:24:11.519+0000] {logging_mixin.py:120} INFO - [2022-11-20T17:24:11.518+0000] {dagbag.py:537} INFO - Filling up the DagBag from /home/airflow/.local/lib/python3.7/site-packages/airflow/example_dags/example_branch_operator.py
[2022-11-20T17:24:11.528+0000] {processor.py:766} INFO - DAG(s) dict_keys(['example_branch_operator']) retrieved from /home/airflow/.local/lib/python3.7/site-packages/airflow/example_dags/example_branch_operator.py
[2022-11-20T17:24:11.548+0000] {logging_mixin.py:120} INFO - [2022-11-20T17:24:11.548+0000] {dag.py:2585} INFO - Sync 1 DAGs
[2022-11-20T17:24:11.560+0000] {logging_mixin.py:120} INFO - [2022-11-20T17:24:11.560+0000] {dag.py:3340} INFO - Setting next_dagrun for example_branch_operator to 2022-11-19T00:00:00+00:00, run_after=2022-11-20T00:00:00+00:00
[2022-11-20T17:24:11.570+0000] {processor.py:176} INFO - Processing /home/airflow/.local/lib/python3.7/site-packages/airflow/example_dags/example_branch_operator.py took 0.054 seconds
[2022-11-20T17:24:42.351+0000] {processor.py:154} INFO - Started process (PID=2887) to work on /home/airflow/.local/lib/python3.7/site-packages/airflow/example_dags/example_branch_operator.py
[2022-11-20T17:24:42.352+0000] {processor.py:756} INFO - Processing file /home/airflow/.local/lib/python3.7/site-packages/airflow/example_dags/example_branch_operator.py for tasks to queue
[2022-11-20T17:24:42.353+0000] {logging_mixin.py:120} INFO - [2022-11-20T17:24:42.353+0000] {dagbag.py:537} INFO - Filling up the DagBag from /home/airflow/.local/lib/python3.7/site-packages/airflow/example_dags/example_branch_operator.py
[2022-11-20T17:24:42.363+0000] {processor.py:766} INFO - DAG(s) dict_keys(['example_branch_operator']) retrieved from /home/airflow/.local/lib/python3.7/site-packages/airflow/example_dags/example_branch_operator.py
[2022-11-20T17:24:42.385+0000] {logging_mixin.py:120} INFO - [2022-11-20T17:24:42.385+0000] {dag.py:2585} INFO - Sync 1 DAGs
[2022-11-20T17:24:42.398+0000] {logging_mixin.py:120} INFO - [2022-11-20T17:24:42.398+0000] {dag.py:3340} INFO - Setting next_dagrun for example_branch_operator to 2022-11-19T00:00:00+00:00, run_after=2022-11-20T00:00:00+00:00
[2022-11-20T17:24:42.409+0000] {processor.py:176} INFO - Processing /home/airflow/.local/lib/python3.7/site-packages/airflow/example_dags/example_branch_operator.py took 0.060 seconds
[2022-11-20T17:25:13.281+0000] {processor.py:154} INFO - Started process (PID=2946) to work on /home/airflow/.local/lib/python3.7/site-packages/airflow/example_dags/example_branch_operator.py
[2022-11-20T17:25:13.281+0000] {processor.py:756} INFO - Processing file /home/airflow/.local/lib/python3.7/site-packages/airflow/example_dags/example_branch_operator.py for tasks to queue
[2022-11-20T17:25:13.282+0000] {logging_mixin.py:120} INFO - [2022-11-20T17:25:13.282+0000] {dagbag.py:537} INFO - Filling up the DagBag from /home/airflow/.local/lib/python3.7/site-packages/airflow/example_dags/example_branch_operator.py
[2022-11-20T17:25:13.291+0000] {processor.py:766} INFO - DAG(s) dict_keys(['example_branch_operator']) retrieved from /home/airflow/.local/lib/python3.7/site-packages/airflow/example_dags/example_branch_operator.py
[2022-11-20T17:25:13.316+0000] {logging_mixin.py:120} INFO - [2022-11-20T17:25:13.316+0000] {dag.py:2585} INFO - Sync 1 DAGs
[2022-11-20T17:25:13.331+0000] {logging_mixin.py:120} INFO - [2022-11-20T17:25:13.331+0000] {dag.py:3340} INFO - Setting next_dagrun for example_branch_operator to 2022-11-19T00:00:00+00:00, run_after=2022-11-20T00:00:00+00:00
[2022-11-20T17:25:13.344+0000] {processor.py:176} INFO - Processing /home/airflow/.local/lib/python3.7/site-packages/airflow/example_dags/example_branch_operator.py took 0.066 seconds
[2022-11-20T17:25:43.586+0000] {processor.py:154} INFO - Started process (PID=3019) to work on /home/airflow/.local/lib/python3.7/site-packages/airflow/example_dags/example_branch_operator.py
[2022-11-20T17:25:43.587+0000] {processor.py:756} INFO - Processing file /home/airflow/.local/lib/python3.7/site-packages/airflow/example_dags/example_branch_operator.py for tasks to queue
[2022-11-20T17:25:43.589+0000] {logging_mixin.py:120} INFO - [2022-11-20T17:25:43.589+0000] {dagbag.py:537} INFO - Filling up the DagBag from /home/airflow/.local/lib/python3.7/site-packages/airflow/example_dags/example_branch_operator.py
[2022-11-20T17:25:43.604+0000] {processor.py:766} INFO - DAG(s) dict_keys(['example_branch_operator']) retrieved from /home/airflow/.local/lib/python3.7/site-packages/airflow/example_dags/example_branch_operator.py
[2022-11-20T17:25:43.632+0000] {logging_mixin.py:120} INFO - [2022-11-20T17:25:43.632+0000] {dag.py:2585} INFO - Sync 1 DAGs
[2022-11-20T17:25:43.646+0000] {logging_mixin.py:120} INFO - [2022-11-20T17:25:43.646+0000] {dag.py:3340} INFO - Setting next_dagrun for example_branch_operator to 2022-11-19T00:00:00+00:00, run_after=2022-11-20T00:00:00+00:00
[2022-11-20T17:25:43.658+0000] {processor.py:176} INFO - Processing /home/airflow/.local/lib/python3.7/site-packages/airflow/example_dags/example_branch_operator.py took 0.076 seconds
[2022-11-20T17:26:13.719+0000] {processor.py:154} INFO - Started process (PID=3085) to work on /home/airflow/.local/lib/python3.7/site-packages/airflow/example_dags/example_branch_operator.py
[2022-11-20T17:26:13.719+0000] {processor.py:756} INFO - Processing file /home/airflow/.local/lib/python3.7/site-packages/airflow/example_dags/example_branch_operator.py for tasks to queue
[2022-11-20T17:26:13.720+0000] {logging_mixin.py:120} INFO - [2022-11-20T17:26:13.720+0000] {dagbag.py:537} INFO - Filling up the DagBag from /home/airflow/.local/lib/python3.7/site-packages/airflow/example_dags/example_branch_operator.py
[2022-11-20T17:26:13.730+0000] {processor.py:766} INFO - DAG(s) dict_keys(['example_branch_operator']) retrieved from /home/airflow/.local/lib/python3.7/site-packages/airflow/example_dags/example_branch_operator.py
[2022-11-20T17:26:13.754+0000] {logging_mixin.py:120} INFO - [2022-11-20T17:26:13.754+0000] {dag.py:2585} INFO - Sync 1 DAGs
[2022-11-20T17:26:13.767+0000] {logging_mixin.py:120} INFO - [2022-11-20T17:26:13.767+0000] {dag.py:3340} INFO - Setting next_dagrun for example_branch_operator to 2022-11-19T00:00:00+00:00, run_after=2022-11-20T00:00:00+00:00
[2022-11-20T17:26:13.776+0000] {processor.py:176} INFO - Processing /home/airflow/.local/lib/python3.7/site-packages/airflow/example_dags/example_branch_operator.py took 0.060 seconds
[2022-11-20T17:26:43.883+0000] {processor.py:154} INFO - Started process (PID=3152) to work on /home/airflow/.local/lib/python3.7/site-packages/airflow/example_dags/example_branch_operator.py
[2022-11-20T17:26:43.883+0000] {processor.py:756} INFO - Processing file /home/airflow/.local/lib/python3.7/site-packages/airflow/example_dags/example_branch_operator.py for tasks to queue
[2022-11-20T17:26:43.884+0000] {logging_mixin.py:120} INFO - [2022-11-20T17:26:43.883+0000] {dagbag.py:537} INFO - Filling up the DagBag from /home/airflow/.local/lib/python3.7/site-packages/airflow/example_dags/example_branch_operator.py
[2022-11-20T17:26:43.893+0000] {processor.py:766} INFO - DAG(s) dict_keys(['example_branch_operator']) retrieved from /home/airflow/.local/lib/python3.7/site-packages/airflow/example_dags/example_branch_operator.py
[2022-11-20T17:26:43.916+0000] {logging_mixin.py:120} INFO - [2022-11-20T17:26:43.916+0000] {dag.py:2585} INFO - Sync 1 DAGs
[2022-11-20T17:26:43.933+0000] {logging_mixin.py:120} INFO - [2022-11-20T17:26:43.933+0000] {dag.py:3340} INFO - Setting next_dagrun for example_branch_operator to 2022-11-19T00:00:00+00:00, run_after=2022-11-20T00:00:00+00:00
[2022-11-20T17:26:43.949+0000] {processor.py:176} INFO - Processing /home/airflow/.local/lib/python3.7/site-packages/airflow/example_dags/example_branch_operator.py took 0.069 seconds
[2022-11-20T17:27:14.167+0000] {processor.py:154} INFO - Started process (PID=3219) to work on /home/airflow/.local/lib/python3.7/site-packages/airflow/example_dags/example_branch_operator.py
[2022-11-20T17:27:14.168+0000] {processor.py:756} INFO - Processing file /home/airflow/.local/lib/python3.7/site-packages/airflow/example_dags/example_branch_operator.py for tasks to queue
[2022-11-20T17:27:14.168+0000] {logging_mixin.py:120} INFO - [2022-11-20T17:27:14.168+0000] {dagbag.py:537} INFO - Filling up the DagBag from /home/airflow/.local/lib/python3.7/site-packages/airflow/example_dags/example_branch_operator.py
[2022-11-20T17:27:14.177+0000] {processor.py:766} INFO - DAG(s) dict_keys(['example_branch_operator']) retrieved from /home/airflow/.local/lib/python3.7/site-packages/airflow/example_dags/example_branch_operator.py
[2022-11-20T17:27:14.200+0000] {logging_mixin.py:120} INFO - [2022-11-20T17:27:14.200+0000] {dag.py:2585} INFO - Sync 1 DAGs
[2022-11-20T17:27:14.215+0000] {logging_mixin.py:120} INFO - [2022-11-20T17:27:14.214+0000] {dag.py:3340} INFO - Setting next_dagrun for example_branch_operator to 2022-11-19T00:00:00+00:00, run_after=2022-11-20T00:00:00+00:00
[2022-11-20T17:27:14.225+0000] {processor.py:176} INFO - Processing /home/airflow/.local/lib/python3.7/site-packages/airflow/example_dags/example_branch_operator.py took 0.060 seconds
[2022-11-20T17:27:45.063+0000] {processor.py:154} INFO - Started process (PID=3289) to work on /home/airflow/.local/lib/python3.7/site-packages/airflow/example_dags/example_branch_operator.py
[2022-11-20T17:27:45.064+0000] {processor.py:756} INFO - Processing file /home/airflow/.local/lib/python3.7/site-packages/airflow/example_dags/example_branch_operator.py for tasks to queue
[2022-11-20T17:27:45.064+0000] {logging_mixin.py:120} INFO - [2022-11-20T17:27:45.064+0000] {dagbag.py:537} INFO - Filling up the DagBag from /home/airflow/.local/lib/python3.7/site-packages/airflow/example_dags/example_branch_operator.py
[2022-11-20T17:27:45.073+0000] {processor.py:766} INFO - DAG(s) dict_keys(['example_branch_operator']) retrieved from /home/airflow/.local/lib/python3.7/site-packages/airflow/example_dags/example_branch_operator.py
[2022-11-20T17:27:45.096+0000] {logging_mixin.py:120} INFO - [2022-11-20T17:27:45.096+0000] {dag.py:2585} INFO - Sync 1 DAGs
[2022-11-20T17:27:45.109+0000] {logging_mixin.py:120} INFO - [2022-11-20T17:27:45.109+0000] {dag.py:3340} INFO - Setting next_dagrun for example_branch_operator to 2022-11-19T00:00:00+00:00, run_after=2022-11-20T00:00:00+00:00
[2022-11-20T17:27:45.119+0000] {processor.py:176} INFO - Processing /home/airflow/.local/lib/python3.7/site-packages/airflow/example_dags/example_branch_operator.py took 0.058 seconds
[2022-11-20T17:28:15.813+0000] {processor.py:154} INFO - Started process (PID=3350) to work on /home/airflow/.local/lib/python3.7/site-packages/airflow/example_dags/example_branch_operator.py
[2022-11-20T17:28:15.813+0000] {processor.py:756} INFO - Processing file /home/airflow/.local/lib/python3.7/site-packages/airflow/example_dags/example_branch_operator.py for tasks to queue
[2022-11-20T17:28:15.814+0000] {logging_mixin.py:120} INFO - [2022-11-20T17:28:15.814+0000] {dagbag.py:537} INFO - Filling up the DagBag from /home/airflow/.local/lib/python3.7/site-packages/airflow/example_dags/example_branch_operator.py
[2022-11-20T17:28:15.824+0000] {processor.py:766} INFO - DAG(s) dict_keys(['example_branch_operator']) retrieved from /home/airflow/.local/lib/python3.7/site-packages/airflow/example_dags/example_branch_operator.py
[2022-11-20T17:28:15.848+0000] {logging_mixin.py:120} INFO - [2022-11-20T17:28:15.848+0000] {dag.py:2585} INFO - Sync 1 DAGs
[2022-11-20T17:28:15.863+0000] {logging_mixin.py:120} INFO - [2022-11-20T17:28:15.863+0000] {dag.py:3340} INFO - Setting next_dagrun for example_branch_operator to 2022-11-19T00:00:00+00:00, run_after=2022-11-20T00:00:00+00:00
[2022-11-20T17:28:15.875+0000] {processor.py:176} INFO - Processing /home/airflow/.local/lib/python3.7/site-packages/airflow/example_dags/example_branch_operator.py took 0.064 seconds
[2022-11-20T17:28:46.657+0000] {processor.py:154} INFO - Started process (PID=3419) to work on /home/airflow/.local/lib/python3.7/site-packages/airflow/example_dags/example_branch_operator.py
[2022-11-20T17:28:46.657+0000] {processor.py:756} INFO - Processing file /home/airflow/.local/lib/python3.7/site-packages/airflow/example_dags/example_branch_operator.py for tasks to queue
[2022-11-20T17:28:46.658+0000] {logging_mixin.py:120} INFO - [2022-11-20T17:28:46.658+0000] {dagbag.py:537} INFO - Filling up the DagBag from /home/airflow/.local/lib/python3.7/site-packages/airflow/example_dags/example_branch_operator.py
[2022-11-20T17:28:46.667+0000] {processor.py:766} INFO - DAG(s) dict_keys(['example_branch_operator']) retrieved from /home/airflow/.local/lib/python3.7/site-packages/airflow/example_dags/example_branch_operator.py
[2022-11-20T17:28:46.688+0000] {logging_mixin.py:120} INFO - [2022-11-20T17:28:46.688+0000] {dag.py:2585} INFO - Sync 1 DAGs
[2022-11-20T17:28:46.700+0000] {logging_mixin.py:120} INFO - [2022-11-20T17:28:46.700+0000] {dag.py:3340} INFO - Setting next_dagrun for example_branch_operator to 2022-11-19T00:00:00+00:00, run_after=2022-11-20T00:00:00+00:00
[2022-11-20T17:28:46.711+0000] {processor.py:176} INFO - Processing /home/airflow/.local/lib/python3.7/site-packages/airflow/example_dags/example_branch_operator.py took 0.056 seconds
[2022-11-20T17:29:17.505+0000] {processor.py:154} INFO - Started process (PID=3487) to work on /home/airflow/.local/lib/python3.7/site-packages/airflow/example_dags/example_branch_operator.py
[2022-11-20T17:29:17.506+0000] {processor.py:756} INFO - Processing file /home/airflow/.local/lib/python3.7/site-packages/airflow/example_dags/example_branch_operator.py for tasks to queue
[2022-11-20T17:29:17.506+0000] {logging_mixin.py:120} INFO - [2022-11-20T17:29:17.506+0000] {dagbag.py:537} INFO - Filling up the DagBag from /home/airflow/.local/lib/python3.7/site-packages/airflow/example_dags/example_branch_operator.py
[2022-11-20T17:29:17.515+0000] {processor.py:766} INFO - DAG(s) dict_keys(['example_branch_operator']) retrieved from /home/airflow/.local/lib/python3.7/site-packages/airflow/example_dags/example_branch_operator.py
[2022-11-20T17:29:17.536+0000] {logging_mixin.py:120} INFO - [2022-11-20T17:29:17.536+0000] {dag.py:2585} INFO - Sync 1 DAGs
[2022-11-20T17:29:17.549+0000] {logging_mixin.py:120} INFO - [2022-11-20T17:29:17.549+0000] {dag.py:3340} INFO - Setting next_dagrun for example_branch_operator to 2022-11-19T00:00:00+00:00, run_after=2022-11-20T00:00:00+00:00
[2022-11-20T17:29:17.558+0000] {processor.py:176} INFO - Processing /home/airflow/.local/lib/python3.7/site-packages/airflow/example_dags/example_branch_operator.py took 0.055 seconds
[2022-11-20T17:29:48.410+0000] {processor.py:154} INFO - Started process (PID=3553) to work on /home/airflow/.local/lib/python3.7/site-packages/airflow/example_dags/example_branch_operator.py
[2022-11-20T17:29:48.412+0000] {processor.py:756} INFO - Processing file /home/airflow/.local/lib/python3.7/site-packages/airflow/example_dags/example_branch_operator.py for tasks to queue
[2022-11-20T17:29:48.413+0000] {logging_mixin.py:120} INFO - [2022-11-20T17:29:48.413+0000] {dagbag.py:537} INFO - Filling up the DagBag from /home/airflow/.local/lib/python3.7/site-packages/airflow/example_dags/example_branch_operator.py
[2022-11-20T17:29:48.425+0000] {processor.py:766} INFO - DAG(s) dict_keys(['example_branch_operator']) retrieved from /home/airflow/.local/lib/python3.7/site-packages/airflow/example_dags/example_branch_operator.py
[2022-11-20T17:29:48.457+0000] {logging_mixin.py:120} INFO - [2022-11-20T17:29:48.457+0000] {dag.py:2585} INFO - Sync 1 DAGs
[2022-11-20T17:29:48.477+0000] {logging_mixin.py:120} INFO - [2022-11-20T17:29:48.476+0000] {dag.py:3340} INFO - Setting next_dagrun for example_branch_operator to 2022-11-19T00:00:00+00:00, run_after=2022-11-20T00:00:00+00:00
[2022-11-20T17:29:48.491+0000] {processor.py:176} INFO - Processing /home/airflow/.local/lib/python3.7/site-packages/airflow/example_dags/example_branch_operator.py took 0.083 seconds
[2022-11-20T17:30:19.243+0000] {processor.py:154} INFO - Started process (PID=3625) to work on /home/airflow/.local/lib/python3.7/site-packages/airflow/example_dags/example_branch_operator.py
[2022-11-20T17:30:19.244+0000] {processor.py:756} INFO - Processing file /home/airflow/.local/lib/python3.7/site-packages/airflow/example_dags/example_branch_operator.py for tasks to queue
[2022-11-20T17:30:19.245+0000] {logging_mixin.py:120} INFO - [2022-11-20T17:30:19.245+0000] {dagbag.py:537} INFO - Filling up the DagBag from /home/airflow/.local/lib/python3.7/site-packages/airflow/example_dags/example_branch_operator.py
[2022-11-20T17:30:19.254+0000] {processor.py:766} INFO - DAG(s) dict_keys(['example_branch_operator']) retrieved from /home/airflow/.local/lib/python3.7/site-packages/airflow/example_dags/example_branch_operator.py
[2022-11-20T17:30:19.275+0000] {logging_mixin.py:120} INFO - [2022-11-20T17:30:19.275+0000] {dag.py:2585} INFO - Sync 1 DAGs
[2022-11-20T17:30:19.288+0000] {logging_mixin.py:120} INFO - [2022-11-20T17:30:19.288+0000] {dag.py:3340} INFO - Setting next_dagrun for example_branch_operator to 2022-11-19T00:00:00+00:00, run_after=2022-11-20T00:00:00+00:00
[2022-11-20T17:30:19.298+0000] {processor.py:176} INFO - Processing /home/airflow/.local/lib/python3.7/site-packages/airflow/example_dags/example_branch_operator.py took 0.057 seconds
[2022-11-20T17:30:50.274+0000] {processor.py:154} INFO - Started process (PID=3693) to work on /home/airflow/.local/lib/python3.7/site-packages/airflow/example_dags/example_branch_operator.py
[2022-11-20T17:30:50.275+0000] {processor.py:756} INFO - Processing file /home/airflow/.local/lib/python3.7/site-packages/airflow/example_dags/example_branch_operator.py for tasks to queue
[2022-11-20T17:30:50.275+0000] {logging_mixin.py:120} INFO - [2022-11-20T17:30:50.275+0000] {dagbag.py:537} INFO - Filling up the DagBag from /home/airflow/.local/lib/python3.7/site-packages/airflow/example_dags/example_branch_operator.py
[2022-11-20T17:30:50.284+0000] {processor.py:766} INFO - DAG(s) dict_keys(['example_branch_operator']) retrieved from /home/airflow/.local/lib/python3.7/site-packages/airflow/example_dags/example_branch_operator.py
[2022-11-20T17:30:50.306+0000] {logging_mixin.py:120} INFO - [2022-11-20T17:30:50.306+0000] {dag.py:2585} INFO - Sync 1 DAGs
[2022-11-20T17:30:50.319+0000] {logging_mixin.py:120} INFO - [2022-11-20T17:30:50.319+0000] {dag.py:3340} INFO - Setting next_dagrun for example_branch_operator to 2022-11-19T00:00:00+00:00, run_after=2022-11-20T00:00:00+00:00
[2022-11-20T17:30:50.330+0000] {processor.py:176} INFO - Processing /home/airflow/.local/lib/python3.7/site-packages/airflow/example_dags/example_branch_operator.py took 0.058 seconds
[2022-11-20T17:31:21.284+0000] {processor.py:154} INFO - Started process (PID=3762) to work on /home/airflow/.local/lib/python3.7/site-packages/airflow/example_dags/example_branch_operator.py
[2022-11-20T17:31:21.284+0000] {processor.py:756} INFO - Processing file /home/airflow/.local/lib/python3.7/site-packages/airflow/example_dags/example_branch_operator.py for tasks to queue
[2022-11-20T17:31:21.285+0000] {logging_mixin.py:120} INFO - [2022-11-20T17:31:21.285+0000] {dagbag.py:537} INFO - Filling up the DagBag from /home/airflow/.local/lib/python3.7/site-packages/airflow/example_dags/example_branch_operator.py
[2022-11-20T17:31:21.294+0000] {processor.py:766} INFO - DAG(s) dict_keys(['example_branch_operator']) retrieved from /home/airflow/.local/lib/python3.7/site-packages/airflow/example_dags/example_branch_operator.py
[2022-11-20T17:31:21.314+0000] {logging_mixin.py:120} INFO - [2022-11-20T17:31:21.314+0000] {dag.py:2585} INFO - Sync 1 DAGs
[2022-11-20T17:31:21.327+0000] {logging_mixin.py:120} INFO - [2022-11-20T17:31:21.327+0000] {dag.py:3340} INFO - Setting next_dagrun for example_branch_operator to 2022-11-19T00:00:00+00:00, run_after=2022-11-20T00:00:00+00:00
[2022-11-20T17:31:21.337+0000] {processor.py:176} INFO - Processing /home/airflow/.local/lib/python3.7/site-packages/airflow/example_dags/example_branch_operator.py took 0.055 seconds
[2022-11-20T17:31:52.206+0000] {processor.py:154} INFO - Started process (PID=3830) to work on /home/airflow/.local/lib/python3.7/site-packages/airflow/example_dags/example_branch_operator.py
[2022-11-20T17:31:52.207+0000] {processor.py:756} INFO - Processing file /home/airflow/.local/lib/python3.7/site-packages/airflow/example_dags/example_branch_operator.py for tasks to queue
[2022-11-20T17:31:52.207+0000] {logging_mixin.py:120} INFO - [2022-11-20T17:31:52.207+0000] {dagbag.py:537} INFO - Filling up the DagBag from /home/airflow/.local/lib/python3.7/site-packages/airflow/example_dags/example_branch_operator.py
[2022-11-20T17:31:52.217+0000] {processor.py:766} INFO - DAG(s) dict_keys(['example_branch_operator']) retrieved from /home/airflow/.local/lib/python3.7/site-packages/airflow/example_dags/example_branch_operator.py
[2022-11-20T17:31:52.238+0000] {logging_mixin.py:120} INFO - [2022-11-20T17:31:52.238+0000] {dag.py:2585} INFO - Sync 1 DAGs
[2022-11-20T17:31:52.250+0000] {logging_mixin.py:120} INFO - [2022-11-20T17:31:52.250+0000] {dag.py:3340} INFO - Setting next_dagrun for example_branch_operator to 2022-11-19T00:00:00+00:00, run_after=2022-11-20T00:00:00+00:00
[2022-11-20T17:31:52.260+0000] {processor.py:176} INFO - Processing /home/airflow/.local/lib/python3.7/site-packages/airflow/example_dags/example_branch_operator.py took 0.055 seconds
[2022-11-20T17:32:23.364+0000] {processor.py:154} INFO - Started process (PID=3896) to work on /home/airflow/.local/lib/python3.7/site-packages/airflow/example_dags/example_branch_operator.py
[2022-11-20T17:32:23.365+0000] {processor.py:756} INFO - Processing file /home/airflow/.local/lib/python3.7/site-packages/airflow/example_dags/example_branch_operator.py for tasks to queue
[2022-11-20T17:32:23.366+0000] {logging_mixin.py:120} INFO - [2022-11-20T17:32:23.365+0000] {dagbag.py:537} INFO - Filling up the DagBag from /home/airflow/.local/lib/python3.7/site-packages/airflow/example_dags/example_branch_operator.py
[2022-11-20T17:32:23.388+0000] {processor.py:766} INFO - DAG(s) dict_keys(['example_branch_operator']) retrieved from /home/airflow/.local/lib/python3.7/site-packages/airflow/example_dags/example_branch_operator.py
[2022-11-20T17:32:23.430+0000] {logging_mixin.py:120} INFO - [2022-11-20T17:32:23.430+0000] {dag.py:2585} INFO - Sync 1 DAGs
[2022-11-20T17:32:23.445+0000] {logging_mixin.py:120} INFO - [2022-11-20T17:32:23.445+0000] {dag.py:3340} INFO - Setting next_dagrun for example_branch_operator to 2022-11-19T00:00:00+00:00, run_after=2022-11-20T00:00:00+00:00
[2022-11-20T17:32:23.455+0000] {processor.py:176} INFO - Processing /home/airflow/.local/lib/python3.7/site-packages/airflow/example_dags/example_branch_operator.py took 0.093 seconds
[2022-11-20T17:32:54.458+0000] {processor.py:154} INFO - Started process (PID=3955) to work on /home/airflow/.local/lib/python3.7/site-packages/airflow/example_dags/example_branch_operator.py
[2022-11-20T17:32:54.459+0000] {processor.py:756} INFO - Processing file /home/airflow/.local/lib/python3.7/site-packages/airflow/example_dags/example_branch_operator.py for tasks to queue
[2022-11-20T17:32:54.459+0000] {logging_mixin.py:120} INFO - [2022-11-20T17:32:54.459+0000] {dagbag.py:537} INFO - Filling up the DagBag from /home/airflow/.local/lib/python3.7/site-packages/airflow/example_dags/example_branch_operator.py
[2022-11-20T17:32:54.469+0000] {processor.py:766} INFO - DAG(s) dict_keys(['example_branch_operator']) retrieved from /home/airflow/.local/lib/python3.7/site-packages/airflow/example_dags/example_branch_operator.py
[2022-11-20T17:32:54.490+0000] {logging_mixin.py:120} INFO - [2022-11-20T17:32:54.490+0000] {dag.py:2585} INFO - Sync 1 DAGs
[2022-11-20T17:32:54.503+0000] {logging_mixin.py:120} INFO - [2022-11-20T17:32:54.503+0000] {dag.py:3340} INFO - Setting next_dagrun for example_branch_operator to 2022-11-19T00:00:00+00:00, run_after=2022-11-20T00:00:00+00:00
[2022-11-20T17:32:54.514+0000] {processor.py:176} INFO - Processing /home/airflow/.local/lib/python3.7/site-packages/airflow/example_dags/example_branch_operator.py took 0.057 seconds
[2022-11-20T17:33:24.614+0000] {processor.py:154} INFO - Started process (PID=4022) to work on /home/airflow/.local/lib/python3.7/site-packages/airflow/example_dags/example_branch_operator.py
[2022-11-20T17:33:24.615+0000] {processor.py:756} INFO - Processing file /home/airflow/.local/lib/python3.7/site-packages/airflow/example_dags/example_branch_operator.py for tasks to queue
[2022-11-20T17:33:24.615+0000] {logging_mixin.py:120} INFO - [2022-11-20T17:33:24.615+0000] {dagbag.py:537} INFO - Filling up the DagBag from /home/airflow/.local/lib/python3.7/site-packages/airflow/example_dags/example_branch_operator.py
[2022-11-20T17:33:24.624+0000] {processor.py:766} INFO - DAG(s) dict_keys(['example_branch_operator']) retrieved from /home/airflow/.local/lib/python3.7/site-packages/airflow/example_dags/example_branch_operator.py
[2022-11-20T17:33:24.646+0000] {logging_mixin.py:120} INFO - [2022-11-20T17:33:24.645+0000] {dag.py:2585} INFO - Sync 1 DAGs
[2022-11-20T17:33:24.659+0000] {logging_mixin.py:120} INFO - [2022-11-20T17:33:24.659+0000] {dag.py:3340} INFO - Setting next_dagrun for example_branch_operator to 2022-11-19T00:00:00+00:00, run_after=2022-11-20T00:00:00+00:00
[2022-11-20T17:33:24.668+0000] {processor.py:176} INFO - Processing /home/airflow/.local/lib/python3.7/site-packages/airflow/example_dags/example_branch_operator.py took 0.056 seconds
[2022-11-20T17:33:55.573+0000] {processor.py:154} INFO - Started process (PID=4087) to work on /home/airflow/.local/lib/python3.7/site-packages/airflow/example_dags/example_branch_operator.py
[2022-11-20T17:33:55.574+0000] {processor.py:756} INFO - Processing file /home/airflow/.local/lib/python3.7/site-packages/airflow/example_dags/example_branch_operator.py for tasks to queue
[2022-11-20T17:33:55.574+0000] {logging_mixin.py:120} INFO - [2022-11-20T17:33:55.574+0000] {dagbag.py:537} INFO - Filling up the DagBag from /home/airflow/.local/lib/python3.7/site-packages/airflow/example_dags/example_branch_operator.py
[2022-11-20T17:33:55.583+0000] {processor.py:766} INFO - DAG(s) dict_keys(['example_branch_operator']) retrieved from /home/airflow/.local/lib/python3.7/site-packages/airflow/example_dags/example_branch_operator.py
[2022-11-20T17:33:55.604+0000] {logging_mixin.py:120} INFO - [2022-11-20T17:33:55.604+0000] {dag.py:2585} INFO - Sync 1 DAGs
[2022-11-20T17:33:55.617+0000] {logging_mixin.py:120} INFO - [2022-11-20T17:33:55.616+0000] {dag.py:3340} INFO - Setting next_dagrun for example_branch_operator to 2022-11-19T00:00:00+00:00, run_after=2022-11-20T00:00:00+00:00
[2022-11-20T17:33:55.626+0000] {processor.py:176} INFO - Processing /home/airflow/.local/lib/python3.7/site-packages/airflow/example_dags/example_branch_operator.py took 0.055 seconds
[2022-11-20T17:34:26.560+0000] {processor.py:154} INFO - Started process (PID=4153) to work on /home/airflow/.local/lib/python3.7/site-packages/airflow/example_dags/example_branch_operator.py
[2022-11-20T17:34:26.560+0000] {processor.py:756} INFO - Processing file /home/airflow/.local/lib/python3.7/site-packages/airflow/example_dags/example_branch_operator.py for tasks to queue
[2022-11-20T17:34:26.561+0000] {logging_mixin.py:120} INFO - [2022-11-20T17:34:26.561+0000] {dagbag.py:537} INFO - Filling up the DagBag from /home/airflow/.local/lib/python3.7/site-packages/airflow/example_dags/example_branch_operator.py
[2022-11-20T17:34:26.570+0000] {processor.py:766} INFO - DAG(s) dict_keys(['example_branch_operator']) retrieved from /home/airflow/.local/lib/python3.7/site-packages/airflow/example_dags/example_branch_operator.py
[2022-11-20T17:34:26.594+0000] {logging_mixin.py:120} INFO - [2022-11-20T17:34:26.594+0000] {dag.py:2585} INFO - Sync 1 DAGs
[2022-11-20T17:34:26.607+0000] {logging_mixin.py:120} INFO - [2022-11-20T17:34:26.607+0000] {dag.py:3340} INFO - Setting next_dagrun for example_branch_operator to 2022-11-19T00:00:00+00:00, run_after=2022-11-20T00:00:00+00:00
[2022-11-20T17:34:26.616+0000] {processor.py:176} INFO - Processing /home/airflow/.local/lib/python3.7/site-packages/airflow/example_dags/example_branch_operator.py took 0.059 seconds
[2022-11-20T17:34:57.545+0000] {processor.py:154} INFO - Started process (PID=4223) to work on /home/airflow/.local/lib/python3.7/site-packages/airflow/example_dags/example_branch_operator.py
[2022-11-20T17:34:57.545+0000] {processor.py:756} INFO - Processing file /home/airflow/.local/lib/python3.7/site-packages/airflow/example_dags/example_branch_operator.py for tasks to queue
[2022-11-20T17:34:57.546+0000] {logging_mixin.py:120} INFO - [2022-11-20T17:34:57.546+0000] {dagbag.py:537} INFO - Filling up the DagBag from /home/airflow/.local/lib/python3.7/site-packages/airflow/example_dags/example_branch_operator.py
[2022-11-20T17:34:57.557+0000] {processor.py:766} INFO - DAG(s) dict_keys(['example_branch_operator']) retrieved from /home/airflow/.local/lib/python3.7/site-packages/airflow/example_dags/example_branch_operator.py
[2022-11-20T17:34:57.579+0000] {logging_mixin.py:120} INFO - [2022-11-20T17:34:57.579+0000] {dag.py:2585} INFO - Sync 1 DAGs
[2022-11-20T17:34:57.592+0000] {logging_mixin.py:120} INFO - [2022-11-20T17:34:57.592+0000] {dag.py:3340} INFO - Setting next_dagrun for example_branch_operator to 2022-11-19T00:00:00+00:00, run_after=2022-11-20T00:00:00+00:00
[2022-11-20T17:34:57.602+0000] {processor.py:176} INFO - Processing /home/airflow/.local/lib/python3.7/site-packages/airflow/example_dags/example_branch_operator.py took 0.059 seconds
[2022-11-20T17:35:28.440+0000] {processor.py:154} INFO - Started process (PID=4290) to work on /home/airflow/.local/lib/python3.7/site-packages/airflow/example_dags/example_branch_operator.py
[2022-11-20T17:35:28.441+0000] {processor.py:756} INFO - Processing file /home/airflow/.local/lib/python3.7/site-packages/airflow/example_dags/example_branch_operator.py for tasks to queue
[2022-11-20T17:35:28.442+0000] {logging_mixin.py:120} INFO - [2022-11-20T17:35:28.442+0000] {dagbag.py:537} INFO - Filling up the DagBag from /home/airflow/.local/lib/python3.7/site-packages/airflow/example_dags/example_branch_operator.py
[2022-11-20T17:35:28.452+0000] {processor.py:766} INFO - DAG(s) dict_keys(['example_branch_operator']) retrieved from /home/airflow/.local/lib/python3.7/site-packages/airflow/example_dags/example_branch_operator.py
[2022-11-20T17:35:28.475+0000] {logging_mixin.py:120} INFO - [2022-11-20T17:35:28.475+0000] {dag.py:2585} INFO - Sync 1 DAGs
[2022-11-20T17:35:28.489+0000] {logging_mixin.py:120} INFO - [2022-11-20T17:35:28.488+0000] {dag.py:3340} INFO - Setting next_dagrun for example_branch_operator to 2022-11-19T00:00:00+00:00, run_after=2022-11-20T00:00:00+00:00
[2022-11-20T17:35:28.499+0000] {processor.py:176} INFO - Processing /home/airflow/.local/lib/python3.7/site-packages/airflow/example_dags/example_branch_operator.py took 0.060 seconds
