[2022-11-20T12:59:12.938+0000] {processor.py:154} INFO - Started process (PID=74) to work on /home/airflow/.local/lib/python3.7/site-packages/airflow/example_dags/example_short_circuit_decorator.py
[2022-11-20T12:59:12.938+0000] {processor.py:756} INFO - Processing file /home/airflow/.local/lib/python3.7/site-packages/airflow/example_dags/example_short_circuit_decorator.py for tasks to queue
[2022-11-20T12:59:12.939+0000] {logging_mixin.py:120} INFO - [2022-11-20T12:59:12.939+0000] {dagbag.py:537} INFO - Filling up the DagBag from /home/airflow/.local/lib/python3.7/site-packages/airflow/example_dags/example_short_circuit_decorator.py
[2022-11-20T12:59:12.972+0000] {processor.py:766} INFO - DAG(s) dict_keys(['example_short_circuit_decorator']) retrieved from /home/airflow/.local/lib/python3.7/site-packages/airflow/example_dags/example_short_circuit_decorator.py
[2022-11-20T12:59:13.034+0000] {logging_mixin.py:120} INFO - [2022-11-20T12:59:13.034+0000] {dag.py:2585} INFO - Sync 1 DAGs
[2022-11-20T12:59:13.065+0000] {logging_mixin.py:120} INFO - [2022-11-20T12:59:13.065+0000] {dag.py:3340} INFO - Setting next_dagrun for example_short_circuit_decorator to 2022-11-19T12:59:13.065501+00:00, run_after=2022-11-20T12:59:13.065501+00:00
[2022-11-20T12:59:13.084+0000] {processor.py:176} INFO - Processing /home/airflow/.local/lib/python3.7/site-packages/airflow/example_dags/example_short_circuit_decorator.py took 0.148 seconds
[2022-11-20T12:59:44.028+0000] {processor.py:154} INFO - Started process (PID=149) to work on /home/airflow/.local/lib/python3.7/site-packages/airflow/example_dags/example_short_circuit_decorator.py
[2022-11-20T12:59:44.029+0000] {processor.py:756} INFO - Processing file /home/airflow/.local/lib/python3.7/site-packages/airflow/example_dags/example_short_circuit_decorator.py for tasks to queue
[2022-11-20T12:59:44.029+0000] {logging_mixin.py:120} INFO - [2022-11-20T12:59:44.029+0000] {dagbag.py:537} INFO - Filling up the DagBag from /home/airflow/.local/lib/python3.7/site-packages/airflow/example_dags/example_short_circuit_decorator.py
[2022-11-20T12:59:44.047+0000] {processor.py:766} INFO - DAG(s) dict_keys(['example_short_circuit_decorator']) retrieved from /home/airflow/.local/lib/python3.7/site-packages/airflow/example_dags/example_short_circuit_decorator.py
[2022-11-20T12:59:44.075+0000] {logging_mixin.py:120} INFO - [2022-11-20T12:59:44.075+0000] {dag.py:2585} INFO - Sync 1 DAGs
[2022-11-20T12:59:44.088+0000] {logging_mixin.py:120} INFO - [2022-11-20T12:59:44.088+0000] {dag.py:3340} INFO - Setting next_dagrun for example_short_circuit_decorator to 2022-11-19T12:59:44.088486+00:00, run_after=2022-11-20T12:59:44.088486+00:00
[2022-11-20T12:59:44.099+0000] {processor.py:176} INFO - Processing /home/airflow/.local/lib/python3.7/site-packages/airflow/example_dags/example_short_circuit_decorator.py took 0.074 seconds
[2022-11-20T13:00:14.804+0000] {processor.py:154} INFO - Started process (PID=217) to work on /home/airflow/.local/lib/python3.7/site-packages/airflow/example_dags/example_short_circuit_decorator.py
[2022-11-20T13:00:14.805+0000] {processor.py:756} INFO - Processing file /home/airflow/.local/lib/python3.7/site-packages/airflow/example_dags/example_short_circuit_decorator.py for tasks to queue
[2022-11-20T13:00:14.807+0000] {logging_mixin.py:120} INFO - [2022-11-20T13:00:14.806+0000] {dagbag.py:537} INFO - Filling up the DagBag from /home/airflow/.local/lib/python3.7/site-packages/airflow/example_dags/example_short_circuit_decorator.py
[2022-11-20T13:00:14.832+0000] {processor.py:766} INFO - DAG(s) dict_keys(['example_short_circuit_decorator']) retrieved from /home/airflow/.local/lib/python3.7/site-packages/airflow/example_dags/example_short_circuit_decorator.py
[2022-11-20T13:00:14.856+0000] {logging_mixin.py:120} INFO - [2022-11-20T13:00:14.856+0000] {dag.py:2585} INFO - Sync 1 DAGs
[2022-11-20T13:00:14.868+0000] {logging_mixin.py:120} INFO - [2022-11-20T13:00:14.868+0000] {dag.py:3340} INFO - Setting next_dagrun for example_short_circuit_decorator to 2022-11-19T13:00:14.868183+00:00, run_after=2022-11-20T13:00:14.868183+00:00
[2022-11-20T13:00:14.878+0000] {processor.py:176} INFO - Processing /home/airflow/.local/lib/python3.7/site-packages/airflow/example_dags/example_short_circuit_decorator.py took 0.079 seconds
[2022-11-20T13:00:45.559+0000] {processor.py:154} INFO - Started process (PID=285) to work on /home/airflow/.local/lib/python3.7/site-packages/airflow/example_dags/example_short_circuit_decorator.py
[2022-11-20T13:00:45.561+0000] {processor.py:756} INFO - Processing file /home/airflow/.local/lib/python3.7/site-packages/airflow/example_dags/example_short_circuit_decorator.py for tasks to queue
[2022-11-20T13:00:45.564+0000] {logging_mixin.py:120} INFO - [2022-11-20T13:00:45.563+0000] {dagbag.py:537} INFO - Filling up the DagBag from /home/airflow/.local/lib/python3.7/site-packages/airflow/example_dags/example_short_circuit_decorator.py
[2022-11-20T13:00:45.585+0000] {processor.py:766} INFO - DAG(s) dict_keys(['example_short_circuit_decorator']) retrieved from /home/airflow/.local/lib/python3.7/site-packages/airflow/example_dags/example_short_circuit_decorator.py
[2022-11-20T13:00:45.609+0000] {logging_mixin.py:120} INFO - [2022-11-20T13:00:45.609+0000] {dag.py:2585} INFO - Sync 1 DAGs
[2022-11-20T13:00:45.622+0000] {logging_mixin.py:120} INFO - [2022-11-20T13:00:45.622+0000] {dag.py:3340} INFO - Setting next_dagrun for example_short_circuit_decorator to 2022-11-19T13:00:45.622211+00:00, run_after=2022-11-20T13:00:45.622211+00:00
[2022-11-20T13:00:45.633+0000] {processor.py:176} INFO - Processing /home/airflow/.local/lib/python3.7/site-packages/airflow/example_dags/example_short_circuit_decorator.py took 0.080 seconds
[2022-11-20T13:01:15.676+0000] {processor.py:154} INFO - Started process (PID=353) to work on /home/airflow/.local/lib/python3.7/site-packages/airflow/example_dags/example_short_circuit_decorator.py
[2022-11-20T13:01:15.677+0000] {processor.py:756} INFO - Processing file /home/airflow/.local/lib/python3.7/site-packages/airflow/example_dags/example_short_circuit_decorator.py for tasks to queue
[2022-11-20T13:01:15.678+0000] {logging_mixin.py:120} INFO - [2022-11-20T13:01:15.677+0000] {dagbag.py:537} INFO - Filling up the DagBag from /home/airflow/.local/lib/python3.7/site-packages/airflow/example_dags/example_short_circuit_decorator.py
[2022-11-20T13:01:15.692+0000] {processor.py:766} INFO - DAG(s) dict_keys(['example_short_circuit_decorator']) retrieved from /home/airflow/.local/lib/python3.7/site-packages/airflow/example_dags/example_short_circuit_decorator.py
[2022-11-20T13:01:15.716+0000] {logging_mixin.py:120} INFO - [2022-11-20T13:01:15.716+0000] {dag.py:2585} INFO - Sync 1 DAGs
[2022-11-20T13:01:15.730+0000] {logging_mixin.py:120} INFO - [2022-11-20T13:01:15.730+0000] {dag.py:3340} INFO - Setting next_dagrun for example_short_circuit_decorator to 2022-11-19T13:01:15.730295+00:00, run_after=2022-11-20T13:01:15.730295+00:00
[2022-11-20T13:01:15.742+0000] {processor.py:176} INFO - Processing /home/airflow/.local/lib/python3.7/site-packages/airflow/example_dags/example_short_circuit_decorator.py took 0.069 seconds
[2022-11-20T13:01:45.821+0000] {processor.py:154} INFO - Started process (PID=423) to work on /home/airflow/.local/lib/python3.7/site-packages/airflow/example_dags/example_short_circuit_decorator.py
[2022-11-20T13:01:45.822+0000] {processor.py:756} INFO - Processing file /home/airflow/.local/lib/python3.7/site-packages/airflow/example_dags/example_short_circuit_decorator.py for tasks to queue
[2022-11-20T13:01:45.823+0000] {logging_mixin.py:120} INFO - [2022-11-20T13:01:45.823+0000] {dagbag.py:537} INFO - Filling up the DagBag from /home/airflow/.local/lib/python3.7/site-packages/airflow/example_dags/example_short_circuit_decorator.py
[2022-11-20T13:01:45.839+0000] {processor.py:766} INFO - DAG(s) dict_keys(['example_short_circuit_decorator']) retrieved from /home/airflow/.local/lib/python3.7/site-packages/airflow/example_dags/example_short_circuit_decorator.py
[2022-11-20T13:01:45.864+0000] {logging_mixin.py:120} INFO - [2022-11-20T13:01:45.864+0000] {dag.py:2585} INFO - Sync 1 DAGs
[2022-11-20T13:01:45.894+0000] {logging_mixin.py:120} INFO - [2022-11-20T13:01:45.894+0000] {dag.py:3340} INFO - Setting next_dagrun for example_short_circuit_decorator to 2022-11-19T13:01:45.894395+00:00, run_after=2022-11-20T13:01:45.894395+00:00
[2022-11-20T13:01:45.909+0000] {processor.py:176} INFO - Processing /home/airflow/.local/lib/python3.7/site-packages/airflow/example_dags/example_short_circuit_decorator.py took 0.090 seconds
[2022-11-20T13:02:16.675+0000] {processor.py:154} INFO - Started process (PID=478) to work on /home/airflow/.local/lib/python3.7/site-packages/airflow/example_dags/example_short_circuit_decorator.py
[2022-11-20T13:02:16.676+0000] {processor.py:756} INFO - Processing file /home/airflow/.local/lib/python3.7/site-packages/airflow/example_dags/example_short_circuit_decorator.py for tasks to queue
[2022-11-20T13:02:16.676+0000] {logging_mixin.py:120} INFO - [2022-11-20T13:02:16.676+0000] {dagbag.py:537} INFO - Filling up the DagBag from /home/airflow/.local/lib/python3.7/site-packages/airflow/example_dags/example_short_circuit_decorator.py
[2022-11-20T13:02:16.688+0000] {processor.py:766} INFO - DAG(s) dict_keys(['example_short_circuit_decorator']) retrieved from /home/airflow/.local/lib/python3.7/site-packages/airflow/example_dags/example_short_circuit_decorator.py
[2022-11-20T13:02:16.707+0000] {logging_mixin.py:120} INFO - [2022-11-20T13:02:16.707+0000] {dag.py:2585} INFO - Sync 1 DAGs
[2022-11-20T13:02:16.719+0000] {logging_mixin.py:120} INFO - [2022-11-20T13:02:16.719+0000] {dag.py:3340} INFO - Setting next_dagrun for example_short_circuit_decorator to 2022-11-19T13:02:16.719415+00:00, run_after=2022-11-20T13:02:16.719415+00:00
[2022-11-20T13:02:16.728+0000] {processor.py:176} INFO - Processing /home/airflow/.local/lib/python3.7/site-packages/airflow/example_dags/example_short_circuit_decorator.py took 0.054 seconds
[2022-11-20T13:02:47.386+0000] {processor.py:154} INFO - Started process (PID=547) to work on /home/airflow/.local/lib/python3.7/site-packages/airflow/example_dags/example_short_circuit_decorator.py
[2022-11-20T13:02:47.387+0000] {processor.py:756} INFO - Processing file /home/airflow/.local/lib/python3.7/site-packages/airflow/example_dags/example_short_circuit_decorator.py for tasks to queue
[2022-11-20T13:02:47.387+0000] {logging_mixin.py:120} INFO - [2022-11-20T13:02:47.387+0000] {dagbag.py:537} INFO - Filling up the DagBag from /home/airflow/.local/lib/python3.7/site-packages/airflow/example_dags/example_short_circuit_decorator.py
[2022-11-20T13:02:47.399+0000] {processor.py:766} INFO - DAG(s) dict_keys(['example_short_circuit_decorator']) retrieved from /home/airflow/.local/lib/python3.7/site-packages/airflow/example_dags/example_short_circuit_decorator.py
[2022-11-20T13:02:47.420+0000] {logging_mixin.py:120} INFO - [2022-11-20T13:02:47.420+0000] {dag.py:2585} INFO - Sync 1 DAGs
[2022-11-20T13:02:47.431+0000] {logging_mixin.py:120} INFO - [2022-11-20T13:02:47.431+0000] {dag.py:3340} INFO - Setting next_dagrun for example_short_circuit_decorator to 2022-11-19T13:02:47.431310+00:00, run_after=2022-11-20T13:02:47.431310+00:00
[2022-11-20T13:02:47.441+0000] {processor.py:176} INFO - Processing /home/airflow/.local/lib/python3.7/site-packages/airflow/example_dags/example_short_circuit_decorator.py took 0.057 seconds
[2022-11-20T13:03:18.460+0000] {processor.py:154} INFO - Started process (PID=610) to work on /home/airflow/.local/lib/python3.7/site-packages/airflow/example_dags/example_short_circuit_decorator.py
[2022-11-20T13:03:18.460+0000] {processor.py:756} INFO - Processing file /home/airflow/.local/lib/python3.7/site-packages/airflow/example_dags/example_short_circuit_decorator.py for tasks to queue
[2022-11-20T13:03:18.461+0000] {logging_mixin.py:120} INFO - [2022-11-20T13:03:18.460+0000] {dagbag.py:537} INFO - Filling up the DagBag from /home/airflow/.local/lib/python3.7/site-packages/airflow/example_dags/example_short_circuit_decorator.py
[2022-11-20T13:03:18.473+0000] {processor.py:766} INFO - DAG(s) dict_keys(['example_short_circuit_decorator']) retrieved from /home/airflow/.local/lib/python3.7/site-packages/airflow/example_dags/example_short_circuit_decorator.py
[2022-11-20T13:03:18.494+0000] {logging_mixin.py:120} INFO - [2022-11-20T13:03:18.494+0000] {dag.py:2585} INFO - Sync 1 DAGs
[2022-11-20T13:03:18.507+0000] {logging_mixin.py:120} INFO - [2022-11-20T13:03:18.507+0000] {dag.py:3340} INFO - Setting next_dagrun for example_short_circuit_decorator to 2022-11-19T13:03:18.507093+00:00, run_after=2022-11-20T13:03:18.507093+00:00
[2022-11-20T13:03:18.516+0000] {processor.py:176} INFO - Processing /home/airflow/.local/lib/python3.7/site-packages/airflow/example_dags/example_short_circuit_decorator.py took 0.058 seconds
[2022-11-20T13:03:49.129+0000] {processor.py:154} INFO - Started process (PID=678) to work on /home/airflow/.local/lib/python3.7/site-packages/airflow/example_dags/example_short_circuit_decorator.py
[2022-11-20T13:03:49.130+0000] {processor.py:756} INFO - Processing file /home/airflow/.local/lib/python3.7/site-packages/airflow/example_dags/example_short_circuit_decorator.py for tasks to queue
[2022-11-20T13:03:49.131+0000] {logging_mixin.py:120} INFO - [2022-11-20T13:03:49.131+0000] {dagbag.py:537} INFO - Filling up the DagBag from /home/airflow/.local/lib/python3.7/site-packages/airflow/example_dags/example_short_circuit_decorator.py
[2022-11-20T13:03:49.143+0000] {processor.py:766} INFO - DAG(s) dict_keys(['example_short_circuit_decorator']) retrieved from /home/airflow/.local/lib/python3.7/site-packages/airflow/example_dags/example_short_circuit_decorator.py
[2022-11-20T13:03:49.166+0000] {logging_mixin.py:120} INFO - [2022-11-20T13:03:49.166+0000] {dag.py:2585} INFO - Sync 1 DAGs
[2022-11-20T13:03:49.178+0000] {logging_mixin.py:120} INFO - [2022-11-20T13:03:49.178+0000] {dag.py:3340} INFO - Setting next_dagrun for example_short_circuit_decorator to 2022-11-19T13:03:49.178291+00:00, run_after=2022-11-20T13:03:49.178291+00:00
[2022-11-20T13:03:49.187+0000] {processor.py:176} INFO - Processing /home/airflow/.local/lib/python3.7/site-packages/airflow/example_dags/example_short_circuit_decorator.py took 0.060 seconds
[2022-11-20T13:04:20.167+0000] {processor.py:154} INFO - Started process (PID=747) to work on /home/airflow/.local/lib/python3.7/site-packages/airflow/example_dags/example_short_circuit_decorator.py
[2022-11-20T13:04:20.167+0000] {processor.py:756} INFO - Processing file /home/airflow/.local/lib/python3.7/site-packages/airflow/example_dags/example_short_circuit_decorator.py for tasks to queue
[2022-11-20T13:04:20.168+0000] {logging_mixin.py:120} INFO - [2022-11-20T13:04:20.168+0000] {dagbag.py:537} INFO - Filling up the DagBag from /home/airflow/.local/lib/python3.7/site-packages/airflow/example_dags/example_short_circuit_decorator.py
[2022-11-20T13:04:20.179+0000] {processor.py:766} INFO - DAG(s) dict_keys(['example_short_circuit_decorator']) retrieved from /home/airflow/.local/lib/python3.7/site-packages/airflow/example_dags/example_short_circuit_decorator.py
[2022-11-20T13:04:20.200+0000] {logging_mixin.py:120} INFO - [2022-11-20T13:04:20.199+0000] {dag.py:2585} INFO - Sync 1 DAGs
[2022-11-20T13:04:20.211+0000] {logging_mixin.py:120} INFO - [2022-11-20T13:04:20.211+0000] {dag.py:3340} INFO - Setting next_dagrun for example_short_circuit_decorator to 2022-11-19T13:04:20.211338+00:00, run_after=2022-11-20T13:04:20.211338+00:00
[2022-11-20T13:04:20.223+0000] {processor.py:176} INFO - Processing /home/airflow/.local/lib/python3.7/site-packages/airflow/example_dags/example_short_circuit_decorator.py took 0.058 seconds
[2022-11-20T13:04:51.267+0000] {processor.py:154} INFO - Started process (PID=817) to work on /home/airflow/.local/lib/python3.7/site-packages/airflow/example_dags/example_short_circuit_decorator.py
[2022-11-20T13:04:51.267+0000] {processor.py:756} INFO - Processing file /home/airflow/.local/lib/python3.7/site-packages/airflow/example_dags/example_short_circuit_decorator.py for tasks to queue
[2022-11-20T13:04:51.268+0000] {logging_mixin.py:120} INFO - [2022-11-20T13:04:51.268+0000] {dagbag.py:537} INFO - Filling up the DagBag from /home/airflow/.local/lib/python3.7/site-packages/airflow/example_dags/example_short_circuit_decorator.py
[2022-11-20T13:04:51.280+0000] {processor.py:766} INFO - DAG(s) dict_keys(['example_short_circuit_decorator']) retrieved from /home/airflow/.local/lib/python3.7/site-packages/airflow/example_dags/example_short_circuit_decorator.py
[2022-11-20T13:04:51.299+0000] {logging_mixin.py:120} INFO - [2022-11-20T13:04:51.299+0000] {dag.py:2585} INFO - Sync 1 DAGs
[2022-11-20T13:04:51.311+0000] {logging_mixin.py:120} INFO - [2022-11-20T13:04:51.311+0000] {dag.py:3340} INFO - Setting next_dagrun for example_short_circuit_decorator to 2022-11-19T13:04:51.311751+00:00, run_after=2022-11-20T13:04:51.311751+00:00
[2022-11-20T13:04:51.325+0000] {processor.py:176} INFO - Processing /home/airflow/.local/lib/python3.7/site-packages/airflow/example_dags/example_short_circuit_decorator.py took 0.060 seconds
[2022-11-20T13:05:22.220+0000] {processor.py:154} INFO - Started process (PID=882) to work on /home/airflow/.local/lib/python3.7/site-packages/airflow/example_dags/example_short_circuit_decorator.py
[2022-11-20T13:05:22.221+0000] {processor.py:756} INFO - Processing file /home/airflow/.local/lib/python3.7/site-packages/airflow/example_dags/example_short_circuit_decorator.py for tasks to queue
[2022-11-20T13:05:22.222+0000] {logging_mixin.py:120} INFO - [2022-11-20T13:05:22.221+0000] {dagbag.py:537} INFO - Filling up the DagBag from /home/airflow/.local/lib/python3.7/site-packages/airflow/example_dags/example_short_circuit_decorator.py
[2022-11-20T13:05:22.234+0000] {processor.py:766} INFO - DAG(s) dict_keys(['example_short_circuit_decorator']) retrieved from /home/airflow/.local/lib/python3.7/site-packages/airflow/example_dags/example_short_circuit_decorator.py
[2022-11-20T13:05:22.254+0000] {logging_mixin.py:120} INFO - [2022-11-20T13:05:22.254+0000] {dag.py:2585} INFO - Sync 1 DAGs
[2022-11-20T13:05:22.267+0000] {logging_mixin.py:120} INFO - [2022-11-20T13:05:22.267+0000] {dag.py:3340} INFO - Setting next_dagrun for example_short_circuit_decorator to 2022-11-19T13:05:22.267146+00:00, run_after=2022-11-20T13:05:22.267146+00:00
[2022-11-20T13:05:22.276+0000] {processor.py:176} INFO - Processing /home/airflow/.local/lib/python3.7/site-packages/airflow/example_dags/example_short_circuit_decorator.py took 0.057 seconds
[2022-11-20T13:05:52.949+0000] {processor.py:154} INFO - Started process (PID=949) to work on /home/airflow/.local/lib/python3.7/site-packages/airflow/example_dags/example_short_circuit_decorator.py
[2022-11-20T13:05:52.950+0000] {processor.py:756} INFO - Processing file /home/airflow/.local/lib/python3.7/site-packages/airflow/example_dags/example_short_circuit_decorator.py for tasks to queue
[2022-11-20T13:05:52.950+0000] {logging_mixin.py:120} INFO - [2022-11-20T13:05:52.950+0000] {dagbag.py:537} INFO - Filling up the DagBag from /home/airflow/.local/lib/python3.7/site-packages/airflow/example_dags/example_short_circuit_decorator.py
[2022-11-20T13:05:52.964+0000] {processor.py:766} INFO - DAG(s) dict_keys(['example_short_circuit_decorator']) retrieved from /home/airflow/.local/lib/python3.7/site-packages/airflow/example_dags/example_short_circuit_decorator.py
[2022-11-20T13:05:52.985+0000] {logging_mixin.py:120} INFO - [2022-11-20T13:05:52.985+0000] {dag.py:2585} INFO - Sync 1 DAGs
[2022-11-20T13:05:53.007+0000] {logging_mixin.py:120} INFO - [2022-11-20T13:05:53.007+0000] {dag.py:3340} INFO - Setting next_dagrun for example_short_circuit_decorator to 2022-11-19T13:05:53.007191+00:00, run_after=2022-11-20T13:05:53.007191+00:00
[2022-11-20T13:05:53.022+0000] {processor.py:176} INFO - Processing /home/airflow/.local/lib/python3.7/site-packages/airflow/example_dags/example_short_circuit_decorator.py took 0.074 seconds
[2022-11-20T13:06:23.768+0000] {processor.py:154} INFO - Started process (PID=1005) to work on /home/airflow/.local/lib/python3.7/site-packages/airflow/example_dags/example_short_circuit_decorator.py
[2022-11-20T13:06:23.769+0000] {processor.py:756} INFO - Processing file /home/airflow/.local/lib/python3.7/site-packages/airflow/example_dags/example_short_circuit_decorator.py for tasks to queue
[2022-11-20T13:06:23.770+0000] {logging_mixin.py:120} INFO - [2022-11-20T13:06:23.770+0000] {dagbag.py:537} INFO - Filling up the DagBag from /home/airflow/.local/lib/python3.7/site-packages/airflow/example_dags/example_short_circuit_decorator.py
[2022-11-20T13:06:23.782+0000] {processor.py:766} INFO - DAG(s) dict_keys(['example_short_circuit_decorator']) retrieved from /home/airflow/.local/lib/python3.7/site-packages/airflow/example_dags/example_short_circuit_decorator.py
[2022-11-20T13:06:23.804+0000] {logging_mixin.py:120} INFO - [2022-11-20T13:06:23.804+0000] {dag.py:2585} INFO - Sync 1 DAGs
[2022-11-20T13:06:23.816+0000] {logging_mixin.py:120} INFO - [2022-11-20T13:06:23.816+0000] {dag.py:3340} INFO - Setting next_dagrun for example_short_circuit_decorator to 2022-11-19T13:06:23.816144+00:00, run_after=2022-11-20T13:06:23.816144+00:00
[2022-11-20T13:06:23.825+0000] {processor.py:176} INFO - Processing /home/airflow/.local/lib/python3.7/site-packages/airflow/example_dags/example_short_circuit_decorator.py took 0.059 seconds
[2022-11-20T13:06:54.297+0000] {processor.py:154} INFO - Started process (PID=1073) to work on /home/airflow/.local/lib/python3.7/site-packages/airflow/example_dags/example_short_circuit_decorator.py
[2022-11-20T13:06:54.298+0000] {processor.py:756} INFO - Processing file /home/airflow/.local/lib/python3.7/site-packages/airflow/example_dags/example_short_circuit_decorator.py for tasks to queue
[2022-11-20T13:06:54.299+0000] {logging_mixin.py:120} INFO - [2022-11-20T13:06:54.299+0000] {dagbag.py:537} INFO - Filling up the DagBag from /home/airflow/.local/lib/python3.7/site-packages/airflow/example_dags/example_short_circuit_decorator.py
[2022-11-20T13:06:54.317+0000] {processor.py:766} INFO - DAG(s) dict_keys(['example_short_circuit_decorator']) retrieved from /home/airflow/.local/lib/python3.7/site-packages/airflow/example_dags/example_short_circuit_decorator.py
[2022-11-20T13:06:54.348+0000] {logging_mixin.py:120} INFO - [2022-11-20T13:06:54.348+0000] {dag.py:2585} INFO - Sync 1 DAGs
[2022-11-20T13:06:54.363+0000] {logging_mixin.py:120} INFO - [2022-11-20T13:06:54.363+0000] {dag.py:3340} INFO - Setting next_dagrun for example_short_circuit_decorator to 2022-11-19T13:06:54.362985+00:00, run_after=2022-11-20T13:06:54.362985+00:00
[2022-11-20T13:06:54.376+0000] {processor.py:176} INFO - Processing /home/airflow/.local/lib/python3.7/site-packages/airflow/example_dags/example_short_circuit_decorator.py took 0.083 seconds
[2022-11-20T13:18:24.571+0000] {processor.py:154} INFO - Started process (PID=1118) to work on /home/airflow/.local/lib/python3.7/site-packages/airflow/example_dags/example_short_circuit_decorator.py
[2022-11-20T13:18:24.571+0000] {processor.py:756} INFO - Processing file /home/airflow/.local/lib/python3.7/site-packages/airflow/example_dags/example_short_circuit_decorator.py for tasks to queue
[2022-11-20T13:18:24.572+0000] {logging_mixin.py:120} INFO - [2022-11-20T13:18:24.572+0000] {dagbag.py:537} INFO - Filling up the DagBag from /home/airflow/.local/lib/python3.7/site-packages/airflow/example_dags/example_short_circuit_decorator.py
[2022-11-20T13:18:24.591+0000] {processor.py:766} INFO - DAG(s) dict_keys(['example_short_circuit_decorator']) retrieved from /home/airflow/.local/lib/python3.7/site-packages/airflow/example_dags/example_short_circuit_decorator.py
[2022-11-20T13:18:24.614+0000] {logging_mixin.py:120} INFO - [2022-11-20T13:18:24.614+0000] {dag.py:2585} INFO - Sync 1 DAGs
[2022-11-20T13:18:24.632+0000] {logging_mixin.py:120} INFO - [2022-11-20T13:18:24.632+0000] {dag.py:3340} INFO - Setting next_dagrun for example_short_circuit_decorator to 2022-11-19T13:18:24.631849+00:00, run_after=2022-11-20T13:18:24.631849+00:00
[2022-11-20T13:18:24.648+0000] {processor.py:176} INFO - Processing /home/airflow/.local/lib/python3.7/site-packages/airflow/example_dags/example_short_circuit_decorator.py took 0.080 seconds
[2022-11-20T13:18:54.697+0000] {processor.py:154} INFO - Started process (PID=1185) to work on /home/airflow/.local/lib/python3.7/site-packages/airflow/example_dags/example_short_circuit_decorator.py
[2022-11-20T13:18:54.698+0000] {processor.py:756} INFO - Processing file /home/airflow/.local/lib/python3.7/site-packages/airflow/example_dags/example_short_circuit_decorator.py for tasks to queue
[2022-11-20T13:18:54.699+0000] {logging_mixin.py:120} INFO - [2022-11-20T13:18:54.699+0000] {dagbag.py:537} INFO - Filling up the DagBag from /home/airflow/.local/lib/python3.7/site-packages/airflow/example_dags/example_short_circuit_decorator.py
[2022-11-20T13:18:54.711+0000] {processor.py:766} INFO - DAG(s) dict_keys(['example_short_circuit_decorator']) retrieved from /home/airflow/.local/lib/python3.7/site-packages/airflow/example_dags/example_short_circuit_decorator.py
[2022-11-20T13:18:54.732+0000] {logging_mixin.py:120} INFO - [2022-11-20T13:18:54.732+0000] {dag.py:2585} INFO - Sync 1 DAGs
[2022-11-20T13:18:54.745+0000] {logging_mixin.py:120} INFO - [2022-11-20T13:18:54.745+0000] {dag.py:3340} INFO - Setting next_dagrun for example_short_circuit_decorator to 2022-11-19T13:18:54.744872+00:00, run_after=2022-11-20T13:18:54.744872+00:00
[2022-11-20T13:18:54.754+0000] {processor.py:176} INFO - Processing /home/airflow/.local/lib/python3.7/site-packages/airflow/example_dags/example_short_circuit_decorator.py took 0.059 seconds
[2022-11-20T13:19:25.642+0000] {processor.py:154} INFO - Started process (PID=1252) to work on /home/airflow/.local/lib/python3.7/site-packages/airflow/example_dags/example_short_circuit_decorator.py
[2022-11-20T13:19:25.643+0000] {processor.py:756} INFO - Processing file /home/airflow/.local/lib/python3.7/site-packages/airflow/example_dags/example_short_circuit_decorator.py for tasks to queue
[2022-11-20T13:19:25.643+0000] {logging_mixin.py:120} INFO - [2022-11-20T13:19:25.643+0000] {dagbag.py:537} INFO - Filling up the DagBag from /home/airflow/.local/lib/python3.7/site-packages/airflow/example_dags/example_short_circuit_decorator.py
[2022-11-20T13:19:25.656+0000] {processor.py:766} INFO - DAG(s) dict_keys(['example_short_circuit_decorator']) retrieved from /home/airflow/.local/lib/python3.7/site-packages/airflow/example_dags/example_short_circuit_decorator.py
[2022-11-20T13:19:25.677+0000] {logging_mixin.py:120} INFO - [2022-11-20T13:19:25.677+0000] {dag.py:2585} INFO - Sync 1 DAGs
[2022-11-20T13:19:25.690+0000] {logging_mixin.py:120} INFO - [2022-11-20T13:19:25.690+0000] {dag.py:3340} INFO - Setting next_dagrun for example_short_circuit_decorator to 2022-11-19T13:19:25.690355+00:00, run_after=2022-11-20T13:19:25.690355+00:00
[2022-11-20T13:19:25.700+0000] {processor.py:176} INFO - Processing /home/airflow/.local/lib/python3.7/site-packages/airflow/example_dags/example_short_circuit_decorator.py took 0.060 seconds
[2022-11-20T13:19:56.672+0000] {processor.py:154} INFO - Started process (PID=1321) to work on /home/airflow/.local/lib/python3.7/site-packages/airflow/example_dags/example_short_circuit_decorator.py
[2022-11-20T13:19:56.673+0000] {processor.py:756} INFO - Processing file /home/airflow/.local/lib/python3.7/site-packages/airflow/example_dags/example_short_circuit_decorator.py for tasks to queue
[2022-11-20T13:19:56.673+0000] {logging_mixin.py:120} INFO - [2022-11-20T13:19:56.673+0000] {dagbag.py:537} INFO - Filling up the DagBag from /home/airflow/.local/lib/python3.7/site-packages/airflow/example_dags/example_short_circuit_decorator.py
[2022-11-20T13:19:56.685+0000] {processor.py:766} INFO - DAG(s) dict_keys(['example_short_circuit_decorator']) retrieved from /home/airflow/.local/lib/python3.7/site-packages/airflow/example_dags/example_short_circuit_decorator.py
[2022-11-20T13:19:56.706+0000] {logging_mixin.py:120} INFO - [2022-11-20T13:19:56.706+0000] {dag.py:2585} INFO - Sync 1 DAGs
[2022-11-20T13:19:56.719+0000] {logging_mixin.py:120} INFO - [2022-11-20T13:19:56.719+0000] {dag.py:3340} INFO - Setting next_dagrun for example_short_circuit_decorator to 2022-11-19T13:19:56.718915+00:00, run_after=2022-11-20T13:19:56.718915+00:00
[2022-11-20T13:19:56.730+0000] {processor.py:176} INFO - Processing /home/airflow/.local/lib/python3.7/site-packages/airflow/example_dags/example_short_circuit_decorator.py took 0.059 seconds
[2022-11-20T13:20:27.650+0000] {processor.py:154} INFO - Started process (PID=1379) to work on /home/airflow/.local/lib/python3.7/site-packages/airflow/example_dags/example_short_circuit_decorator.py
[2022-11-20T13:20:27.650+0000] {processor.py:756} INFO - Processing file /home/airflow/.local/lib/python3.7/site-packages/airflow/example_dags/example_short_circuit_decorator.py for tasks to queue
[2022-11-20T13:20:27.651+0000] {logging_mixin.py:120} INFO - [2022-11-20T13:20:27.651+0000] {dagbag.py:537} INFO - Filling up the DagBag from /home/airflow/.local/lib/python3.7/site-packages/airflow/example_dags/example_short_circuit_decorator.py
[2022-11-20T13:20:27.664+0000] {processor.py:766} INFO - DAG(s) dict_keys(['example_short_circuit_decorator']) retrieved from /home/airflow/.local/lib/python3.7/site-packages/airflow/example_dags/example_short_circuit_decorator.py
[2022-11-20T13:20:27.685+0000] {logging_mixin.py:120} INFO - [2022-11-20T13:20:27.685+0000] {dag.py:2585} INFO - Sync 1 DAGs
[2022-11-20T13:20:27.698+0000] {logging_mixin.py:120} INFO - [2022-11-20T13:20:27.698+0000] {dag.py:3340} INFO - Setting next_dagrun for example_short_circuit_decorator to 2022-11-19T13:20:27.698428+00:00, run_after=2022-11-20T13:20:27.698428+00:00
[2022-11-20T13:20:27.708+0000] {processor.py:176} INFO - Processing /home/airflow/.local/lib/python3.7/site-packages/airflow/example_dags/example_short_circuit_decorator.py took 0.060 seconds
[2022-11-20T13:20:58.592+0000] {processor.py:154} INFO - Started process (PID=1446) to work on /home/airflow/.local/lib/python3.7/site-packages/airflow/example_dags/example_short_circuit_decorator.py
[2022-11-20T13:20:58.593+0000] {processor.py:756} INFO - Processing file /home/airflow/.local/lib/python3.7/site-packages/airflow/example_dags/example_short_circuit_decorator.py for tasks to queue
[2022-11-20T13:20:58.593+0000] {logging_mixin.py:120} INFO - [2022-11-20T13:20:58.593+0000] {dagbag.py:537} INFO - Filling up the DagBag from /home/airflow/.local/lib/python3.7/site-packages/airflow/example_dags/example_short_circuit_decorator.py
[2022-11-20T13:20:58.605+0000] {processor.py:766} INFO - DAG(s) dict_keys(['example_short_circuit_decorator']) retrieved from /home/airflow/.local/lib/python3.7/site-packages/airflow/example_dags/example_short_circuit_decorator.py
[2022-11-20T13:20:58.628+0000] {logging_mixin.py:120} INFO - [2022-11-20T13:20:58.628+0000] {dag.py:2585} INFO - Sync 1 DAGs
[2022-11-20T13:20:58.643+0000] {logging_mixin.py:120} INFO - [2022-11-20T13:20:58.643+0000] {dag.py:3340} INFO - Setting next_dagrun for example_short_circuit_decorator to 2022-11-19T13:20:58.643400+00:00, run_after=2022-11-20T13:20:58.643400+00:00
[2022-11-20T13:20:58.655+0000] {processor.py:176} INFO - Processing /home/airflow/.local/lib/python3.7/site-packages/airflow/example_dags/example_short_circuit_decorator.py took 0.065 seconds
[2022-11-20T13:21:29.616+0000] {processor.py:154} INFO - Started process (PID=1514) to work on /home/airflow/.local/lib/python3.7/site-packages/airflow/example_dags/example_short_circuit_decorator.py
[2022-11-20T13:21:29.616+0000] {processor.py:756} INFO - Processing file /home/airflow/.local/lib/python3.7/site-packages/airflow/example_dags/example_short_circuit_decorator.py for tasks to queue
[2022-11-20T13:21:29.617+0000] {logging_mixin.py:120} INFO - [2022-11-20T13:21:29.617+0000] {dagbag.py:537} INFO - Filling up the DagBag from /home/airflow/.local/lib/python3.7/site-packages/airflow/example_dags/example_short_circuit_decorator.py
[2022-11-20T13:21:29.628+0000] {processor.py:766} INFO - DAG(s) dict_keys(['example_short_circuit_decorator']) retrieved from /home/airflow/.local/lib/python3.7/site-packages/airflow/example_dags/example_short_circuit_decorator.py
[2022-11-20T13:21:29.648+0000] {logging_mixin.py:120} INFO - [2022-11-20T13:21:29.648+0000] {dag.py:2585} INFO - Sync 1 DAGs
[2022-11-20T13:21:29.659+0000] {logging_mixin.py:120} INFO - [2022-11-20T13:21:29.659+0000] {dag.py:3340} INFO - Setting next_dagrun for example_short_circuit_decorator to 2022-11-19T13:21:29.659679+00:00, run_after=2022-11-20T13:21:29.659679+00:00
[2022-11-20T13:21:29.668+0000] {processor.py:176} INFO - Processing /home/airflow/.local/lib/python3.7/site-packages/airflow/example_dags/example_short_circuit_decorator.py took 0.054 seconds
[2022-11-20T13:22:00.707+0000] {processor.py:154} INFO - Started process (PID=1579) to work on /home/airflow/.local/lib/python3.7/site-packages/airflow/example_dags/example_short_circuit_decorator.py
[2022-11-20T13:22:00.709+0000] {processor.py:756} INFO - Processing file /home/airflow/.local/lib/python3.7/site-packages/airflow/example_dags/example_short_circuit_decorator.py for tasks to queue
[2022-11-20T13:22:00.709+0000] {logging_mixin.py:120} INFO - [2022-11-20T13:22:00.709+0000] {dagbag.py:537} INFO - Filling up the DagBag from /home/airflow/.local/lib/python3.7/site-packages/airflow/example_dags/example_short_circuit_decorator.py
[2022-11-20T13:22:00.725+0000] {processor.py:766} INFO - DAG(s) dict_keys(['example_short_circuit_decorator']) retrieved from /home/airflow/.local/lib/python3.7/site-packages/airflow/example_dags/example_short_circuit_decorator.py
[2022-11-20T13:22:00.753+0000] {logging_mixin.py:120} INFO - [2022-11-20T13:22:00.753+0000] {dag.py:2585} INFO - Sync 1 DAGs
[2022-11-20T13:22:00.769+0000] {logging_mixin.py:120} INFO - [2022-11-20T13:22:00.769+0000] {dag.py:3340} INFO - Setting next_dagrun for example_short_circuit_decorator to 2022-11-19T13:22:00.769346+00:00, run_after=2022-11-20T13:22:00.769346+00:00
[2022-11-20T13:22:00.785+0000] {processor.py:176} INFO - Processing /home/airflow/.local/lib/python3.7/site-packages/airflow/example_dags/example_short_circuit_decorator.py took 0.081 seconds
[2022-11-20T13:22:31.944+0000] {processor.py:154} INFO - Started process (PID=1649) to work on /home/airflow/.local/lib/python3.7/site-packages/airflow/example_dags/example_short_circuit_decorator.py
[2022-11-20T13:22:31.945+0000] {processor.py:756} INFO - Processing file /home/airflow/.local/lib/python3.7/site-packages/airflow/example_dags/example_short_circuit_decorator.py for tasks to queue
[2022-11-20T13:22:31.945+0000] {logging_mixin.py:120} INFO - [2022-11-20T13:22:31.945+0000] {dagbag.py:537} INFO - Filling up the DagBag from /home/airflow/.local/lib/python3.7/site-packages/airflow/example_dags/example_short_circuit_decorator.py
[2022-11-20T13:22:31.959+0000] {processor.py:766} INFO - DAG(s) dict_keys(['example_short_circuit_decorator']) retrieved from /home/airflow/.local/lib/python3.7/site-packages/airflow/example_dags/example_short_circuit_decorator.py
[2022-11-20T13:22:31.984+0000] {logging_mixin.py:120} INFO - [2022-11-20T13:22:31.984+0000] {dag.py:2585} INFO - Sync 1 DAGs
[2022-11-20T13:22:31.999+0000] {logging_mixin.py:120} INFO - [2022-11-20T13:22:31.999+0000] {dag.py:3340} INFO - Setting next_dagrun for example_short_circuit_decorator to 2022-11-19T13:22:31.999371+00:00, run_after=2022-11-20T13:22:31.999371+00:00
[2022-11-20T13:22:32.013+0000] {processor.py:176} INFO - Processing /home/airflow/.local/lib/python3.7/site-packages/airflow/example_dags/example_short_circuit_decorator.py took 0.070 seconds
[2022-11-20T13:23:03.142+0000] {processor.py:154} INFO - Started process (PID=1716) to work on /home/airflow/.local/lib/python3.7/site-packages/airflow/example_dags/example_short_circuit_decorator.py
[2022-11-20T13:23:03.142+0000] {processor.py:756} INFO - Processing file /home/airflow/.local/lib/python3.7/site-packages/airflow/example_dags/example_short_circuit_decorator.py for tasks to queue
[2022-11-20T13:23:03.143+0000] {logging_mixin.py:120} INFO - [2022-11-20T13:23:03.143+0000] {dagbag.py:537} INFO - Filling up the DagBag from /home/airflow/.local/lib/python3.7/site-packages/airflow/example_dags/example_short_circuit_decorator.py
[2022-11-20T13:23:03.157+0000] {processor.py:766} INFO - DAG(s) dict_keys(['example_short_circuit_decorator']) retrieved from /home/airflow/.local/lib/python3.7/site-packages/airflow/example_dags/example_short_circuit_decorator.py
[2022-11-20T13:23:03.182+0000] {logging_mixin.py:120} INFO - [2022-11-20T13:23:03.182+0000] {dag.py:2585} INFO - Sync 1 DAGs
[2022-11-20T13:23:03.196+0000] {logging_mixin.py:120} INFO - [2022-11-20T13:23:03.196+0000] {dag.py:3340} INFO - Setting next_dagrun for example_short_circuit_decorator to 2022-11-19T13:23:03.196451+00:00, run_after=2022-11-20T13:23:03.196451+00:00
[2022-11-20T13:23:03.210+0000] {processor.py:176} INFO - Processing /home/airflow/.local/lib/python3.7/site-packages/airflow/example_dags/example_short_circuit_decorator.py took 0.070 seconds
[2022-11-20T13:23:33.237+0000] {processor.py:154} INFO - Started process (PID=1786) to work on /home/airflow/.local/lib/python3.7/site-packages/airflow/example_dags/example_short_circuit_decorator.py
[2022-11-20T13:23:33.237+0000] {processor.py:756} INFO - Processing file /home/airflow/.local/lib/python3.7/site-packages/airflow/example_dags/example_short_circuit_decorator.py for tasks to queue
[2022-11-20T13:23:33.238+0000] {logging_mixin.py:120} INFO - [2022-11-20T13:23:33.238+0000] {dagbag.py:537} INFO - Filling up the DagBag from /home/airflow/.local/lib/python3.7/site-packages/airflow/example_dags/example_short_circuit_decorator.py
[2022-11-20T13:23:33.249+0000] {processor.py:766} INFO - DAG(s) dict_keys(['example_short_circuit_decorator']) retrieved from /home/airflow/.local/lib/python3.7/site-packages/airflow/example_dags/example_short_circuit_decorator.py
[2022-11-20T13:23:33.269+0000] {logging_mixin.py:120} INFO - [2022-11-20T13:23:33.269+0000] {dag.py:2585} INFO - Sync 1 DAGs
[2022-11-20T13:23:33.280+0000] {logging_mixin.py:120} INFO - [2022-11-20T13:23:33.280+0000] {dag.py:3340} INFO - Setting next_dagrun for example_short_circuit_decorator to 2022-11-19T13:23:33.280686+00:00, run_after=2022-11-20T13:23:33.280686+00:00
[2022-11-20T13:23:33.291+0000] {processor.py:176} INFO - Processing /home/airflow/.local/lib/python3.7/site-packages/airflow/example_dags/example_short_circuit_decorator.py took 0.056 seconds
[2022-11-20T13:24:03.436+0000] {processor.py:154} INFO - Started process (PID=1845) to work on /home/airflow/.local/lib/python3.7/site-packages/airflow/example_dags/example_short_circuit_decorator.py
[2022-11-20T13:24:03.437+0000] {processor.py:756} INFO - Processing file /home/airflow/.local/lib/python3.7/site-packages/airflow/example_dags/example_short_circuit_decorator.py for tasks to queue
[2022-11-20T13:24:03.437+0000] {logging_mixin.py:120} INFO - [2022-11-20T13:24:03.437+0000] {dagbag.py:537} INFO - Filling up the DagBag from /home/airflow/.local/lib/python3.7/site-packages/airflow/example_dags/example_short_circuit_decorator.py
[2022-11-20T13:24:03.449+0000] {processor.py:766} INFO - DAG(s) dict_keys(['example_short_circuit_decorator']) retrieved from /home/airflow/.local/lib/python3.7/site-packages/airflow/example_dags/example_short_circuit_decorator.py
[2022-11-20T13:24:03.468+0000] {logging_mixin.py:120} INFO - [2022-11-20T13:24:03.468+0000] {dag.py:2585} INFO - Sync 1 DAGs
[2022-11-20T13:24:03.480+0000] {logging_mixin.py:120} INFO - [2022-11-20T13:24:03.479+0000] {dag.py:3340} INFO - Setting next_dagrun for example_short_circuit_decorator to 2022-11-19T13:24:03.479879+00:00, run_after=2022-11-20T13:24:03.479879+00:00
[2022-11-20T13:24:03.490+0000] {processor.py:176} INFO - Processing /home/airflow/.local/lib/python3.7/site-packages/airflow/example_dags/example_short_circuit_decorator.py took 0.055 seconds
[2022-11-20T13:24:34.426+0000] {processor.py:154} INFO - Started process (PID=1914) to work on /home/airflow/.local/lib/python3.7/site-packages/airflow/example_dags/example_short_circuit_decorator.py
[2022-11-20T13:24:34.427+0000] {processor.py:756} INFO - Processing file /home/airflow/.local/lib/python3.7/site-packages/airflow/example_dags/example_short_circuit_decorator.py for tasks to queue
[2022-11-20T13:24:34.428+0000] {logging_mixin.py:120} INFO - [2022-11-20T13:24:34.428+0000] {dagbag.py:537} INFO - Filling up the DagBag from /home/airflow/.local/lib/python3.7/site-packages/airflow/example_dags/example_short_circuit_decorator.py
[2022-11-20T13:24:34.441+0000] {processor.py:766} INFO - DAG(s) dict_keys(['example_short_circuit_decorator']) retrieved from /home/airflow/.local/lib/python3.7/site-packages/airflow/example_dags/example_short_circuit_decorator.py
[2022-11-20T13:24:34.460+0000] {logging_mixin.py:120} INFO - [2022-11-20T13:24:34.460+0000] {dag.py:2585} INFO - Sync 1 DAGs
[2022-11-20T13:24:34.472+0000] {logging_mixin.py:120} INFO - [2022-11-20T13:24:34.472+0000] {dag.py:3340} INFO - Setting next_dagrun for example_short_circuit_decorator to 2022-11-19T13:24:34.472126+00:00, run_after=2022-11-20T13:24:34.472126+00:00
[2022-11-20T13:24:34.482+0000] {processor.py:176} INFO - Processing /home/airflow/.local/lib/python3.7/site-packages/airflow/example_dags/example_short_circuit_decorator.py took 0.057 seconds
[2022-11-20T13:25:05.206+0000] {processor.py:154} INFO - Started process (PID=1982) to work on /home/airflow/.local/lib/python3.7/site-packages/airflow/example_dags/example_short_circuit_decorator.py
[2022-11-20T13:25:05.206+0000] {processor.py:756} INFO - Processing file /home/airflow/.local/lib/python3.7/site-packages/airflow/example_dags/example_short_circuit_decorator.py for tasks to queue
[2022-11-20T13:25:05.207+0000] {logging_mixin.py:120} INFO - [2022-11-20T13:25:05.207+0000] {dagbag.py:537} INFO - Filling up the DagBag from /home/airflow/.local/lib/python3.7/site-packages/airflow/example_dags/example_short_circuit_decorator.py
[2022-11-20T13:25:05.219+0000] {processor.py:766} INFO - DAG(s) dict_keys(['example_short_circuit_decorator']) retrieved from /home/airflow/.local/lib/python3.7/site-packages/airflow/example_dags/example_short_circuit_decorator.py
[2022-11-20T13:25:05.240+0000] {logging_mixin.py:120} INFO - [2022-11-20T13:25:05.240+0000] {dag.py:2585} INFO - Sync 1 DAGs
[2022-11-20T13:25:05.252+0000] {logging_mixin.py:120} INFO - [2022-11-20T13:25:05.252+0000] {dag.py:3340} INFO - Setting next_dagrun for example_short_circuit_decorator to 2022-11-19T13:25:05.252547+00:00, run_after=2022-11-20T13:25:05.252547+00:00
[2022-11-20T13:25:05.262+0000] {processor.py:176} INFO - Processing /home/airflow/.local/lib/python3.7/site-packages/airflow/example_dags/example_short_circuit_decorator.py took 0.058 seconds
[2022-11-20T13:25:35.949+0000] {processor.py:154} INFO - Started process (PID=2053) to work on /home/airflow/.local/lib/python3.7/site-packages/airflow/example_dags/example_short_circuit_decorator.py
[2022-11-20T13:25:35.949+0000] {processor.py:756} INFO - Processing file /home/airflow/.local/lib/python3.7/site-packages/airflow/example_dags/example_short_circuit_decorator.py for tasks to queue
[2022-11-20T13:25:35.950+0000] {logging_mixin.py:120} INFO - [2022-11-20T13:25:35.950+0000] {dagbag.py:537} INFO - Filling up the DagBag from /home/airflow/.local/lib/python3.7/site-packages/airflow/example_dags/example_short_circuit_decorator.py
[2022-11-20T13:25:35.960+0000] {processor.py:766} INFO - DAG(s) dict_keys(['example_short_circuit_decorator']) retrieved from /home/airflow/.local/lib/python3.7/site-packages/airflow/example_dags/example_short_circuit_decorator.py
[2022-11-20T13:25:35.980+0000] {logging_mixin.py:120} INFO - [2022-11-20T13:25:35.980+0000] {dag.py:2585} INFO - Sync 1 DAGs
[2022-11-20T13:25:35.991+0000] {logging_mixin.py:120} INFO - [2022-11-20T13:25:35.991+0000] {dag.py:3340} INFO - Setting next_dagrun for example_short_circuit_decorator to 2022-11-19T13:25:35.990933+00:00, run_after=2022-11-20T13:25:35.990933+00:00
[2022-11-20T13:25:36.000+0000] {processor.py:176} INFO - Processing /home/airflow/.local/lib/python3.7/site-packages/airflow/example_dags/example_short_circuit_decorator.py took 0.054 seconds
[2022-11-20T13:58:08.440+0000] {processor.py:154} INFO - Started process (PID=2101) to work on /home/airflow/.local/lib/python3.7/site-packages/airflow/example_dags/example_short_circuit_decorator.py
[2022-11-20T13:58:08.441+0000] {processor.py:756} INFO - Processing file /home/airflow/.local/lib/python3.7/site-packages/airflow/example_dags/example_short_circuit_decorator.py for tasks to queue
[2022-11-20T13:58:08.442+0000] {logging_mixin.py:120} INFO - [2022-11-20T13:58:08.442+0000] {dagbag.py:537} INFO - Filling up the DagBag from /home/airflow/.local/lib/python3.7/site-packages/airflow/example_dags/example_short_circuit_decorator.py
[2022-11-20T13:58:08.455+0000] {processor.py:766} INFO - DAG(s) dict_keys(['example_short_circuit_decorator']) retrieved from /home/airflow/.local/lib/python3.7/site-packages/airflow/example_dags/example_short_circuit_decorator.py
[2022-11-20T13:58:08.474+0000] {logging_mixin.py:120} INFO - [2022-11-20T13:58:08.474+0000] {dag.py:2585} INFO - Sync 1 DAGs
[2022-11-20T13:58:08.487+0000] {logging_mixin.py:120} INFO - [2022-11-20T13:58:08.487+0000] {dag.py:3340} INFO - Setting next_dagrun for example_short_circuit_decorator to 2022-11-19T13:58:08.487268+00:00, run_after=2022-11-20T13:58:08.487268+00:00
[2022-11-20T13:58:08.505+0000] {processor.py:176} INFO - Processing /home/airflow/.local/lib/python3.7/site-packages/airflow/example_dags/example_short_circuit_decorator.py took 0.066 seconds
[2022-11-20T14:14:23.268+0000] {processor.py:154} INFO - Started process (PID=2151) to work on /home/airflow/.local/lib/python3.7/site-packages/airflow/example_dags/example_short_circuit_decorator.py
[2022-11-20T14:14:23.269+0000] {processor.py:756} INFO - Processing file /home/airflow/.local/lib/python3.7/site-packages/airflow/example_dags/example_short_circuit_decorator.py for tasks to queue
[2022-11-20T14:14:23.269+0000] {logging_mixin.py:120} INFO - [2022-11-20T14:14:23.269+0000] {dagbag.py:537} INFO - Filling up the DagBag from /home/airflow/.local/lib/python3.7/site-packages/airflow/example_dags/example_short_circuit_decorator.py
[2022-11-20T14:14:23.282+0000] {processor.py:766} INFO - DAG(s) dict_keys(['example_short_circuit_decorator']) retrieved from /home/airflow/.local/lib/python3.7/site-packages/airflow/example_dags/example_short_circuit_decorator.py
[2022-11-20T14:14:23.303+0000] {logging_mixin.py:120} INFO - [2022-11-20T14:14:23.302+0000] {dag.py:2585} INFO - Sync 1 DAGs
[2022-11-20T14:14:23.314+0000] {logging_mixin.py:120} INFO - [2022-11-20T14:14:23.314+0000] {dag.py:3340} INFO - Setting next_dagrun for example_short_circuit_decorator to 2022-11-19T14:14:23.314628+00:00, run_after=2022-11-20T14:14:23.314628+00:00
[2022-11-20T14:14:23.324+0000] {processor.py:176} INFO - Processing /home/airflow/.local/lib/python3.7/site-packages/airflow/example_dags/example_short_circuit_decorator.py took 0.058 seconds
[2022-11-20T14:44:49.450+0000] {processor.py:154} INFO - Started process (PID=2198) to work on /home/airflow/.local/lib/python3.7/site-packages/airflow/example_dags/example_short_circuit_decorator.py
[2022-11-20T14:44:49.450+0000] {processor.py:756} INFO - Processing file /home/airflow/.local/lib/python3.7/site-packages/airflow/example_dags/example_short_circuit_decorator.py for tasks to queue
[2022-11-20T14:44:49.451+0000] {logging_mixin.py:120} INFO - [2022-11-20T14:44:49.451+0000] {dagbag.py:537} INFO - Filling up the DagBag from /home/airflow/.local/lib/python3.7/site-packages/airflow/example_dags/example_short_circuit_decorator.py
[2022-11-20T14:44:49.463+0000] {processor.py:766} INFO - DAG(s) dict_keys(['example_short_circuit_decorator']) retrieved from /home/airflow/.local/lib/python3.7/site-packages/airflow/example_dags/example_short_circuit_decorator.py
[2022-11-20T14:44:49.483+0000] {logging_mixin.py:120} INFO - [2022-11-20T14:44:49.483+0000] {dag.py:2585} INFO - Sync 1 DAGs
[2022-11-20T14:44:49.494+0000] {logging_mixin.py:120} INFO - [2022-11-20T14:44:49.494+0000] {dag.py:3340} INFO - Setting next_dagrun for example_short_circuit_decorator to 2022-11-19T14:44:49.494795+00:00, run_after=2022-11-20T14:44:49.494795+00:00
[2022-11-20T14:44:49.504+0000] {processor.py:176} INFO - Processing /home/airflow/.local/lib/python3.7/site-packages/airflow/example_dags/example_short_circuit_decorator.py took 0.057 seconds
[2022-11-20T15:18:06.840+0000] {processor.py:154} INFO - Started process (PID=2245) to work on /home/airflow/.local/lib/python3.7/site-packages/airflow/example_dags/example_short_circuit_decorator.py
[2022-11-20T15:18:06.840+0000] {processor.py:756} INFO - Processing file /home/airflow/.local/lib/python3.7/site-packages/airflow/example_dags/example_short_circuit_decorator.py for tasks to queue
[2022-11-20T15:18:06.841+0000] {logging_mixin.py:120} INFO - [2022-11-20T15:18:06.841+0000] {dagbag.py:537} INFO - Filling up the DagBag from /home/airflow/.local/lib/python3.7/site-packages/airflow/example_dags/example_short_circuit_decorator.py
[2022-11-20T15:18:06.853+0000] {processor.py:766} INFO - DAG(s) dict_keys(['example_short_circuit_decorator']) retrieved from /home/airflow/.local/lib/python3.7/site-packages/airflow/example_dags/example_short_circuit_decorator.py
[2022-11-20T15:18:06.873+0000] {logging_mixin.py:120} INFO - [2022-11-20T15:18:06.873+0000] {dag.py:2585} INFO - Sync 1 DAGs
[2022-11-20T15:18:06.886+0000] {logging_mixin.py:120} INFO - [2022-11-20T15:18:06.886+0000] {dag.py:3340} INFO - Setting next_dagrun for example_short_circuit_decorator to 2022-11-19T15:18:06.886671+00:00, run_after=2022-11-20T15:18:06.886671+00:00
[2022-11-20T15:18:06.896+0000] {processor.py:176} INFO - Processing /home/airflow/.local/lib/python3.7/site-packages/airflow/example_dags/example_short_circuit_decorator.py took 0.058 seconds
[2022-11-20T15:39:04.798+0000] {processor.py:154} INFO - Started process (PID=2291) to work on /home/airflow/.local/lib/python3.7/site-packages/airflow/example_dags/example_short_circuit_decorator.py
[2022-11-20T15:39:04.799+0000] {processor.py:756} INFO - Processing file /home/airflow/.local/lib/python3.7/site-packages/airflow/example_dags/example_short_circuit_decorator.py for tasks to queue
[2022-11-20T15:39:04.799+0000] {logging_mixin.py:120} INFO - [2022-11-20T15:39:04.799+0000] {dagbag.py:537} INFO - Filling up the DagBag from /home/airflow/.local/lib/python3.7/site-packages/airflow/example_dags/example_short_circuit_decorator.py
[2022-11-20T15:39:04.818+0000] {processor.py:766} INFO - DAG(s) dict_keys(['example_short_circuit_decorator']) retrieved from /home/airflow/.local/lib/python3.7/site-packages/airflow/example_dags/example_short_circuit_decorator.py
[2022-11-20T15:39:04.870+0000] {logging_mixin.py:120} INFO - [2022-11-20T15:39:04.870+0000] {dag.py:2585} INFO - Sync 1 DAGs
[2022-11-20T15:39:04.890+0000] {logging_mixin.py:120} INFO - [2022-11-20T15:39:04.890+0000] {dag.py:3340} INFO - Setting next_dagrun for example_short_circuit_decorator to 2022-11-19T15:39:04.890278+00:00, run_after=2022-11-20T15:39:04.890278+00:00
[2022-11-20T15:39:04.913+0000] {processor.py:176} INFO - Processing /home/airflow/.local/lib/python3.7/site-packages/airflow/example_dags/example_short_circuit_decorator.py took 0.116 seconds
[2022-11-20T15:51:05.125+0000] {processor.py:154} INFO - Started process (PID=2328) to work on /home/airflow/.local/lib/python3.7/site-packages/airflow/example_dags/example_short_circuit_decorator.py
[2022-11-20T15:51:05.126+0000] {processor.py:756} INFO - Processing file /home/airflow/.local/lib/python3.7/site-packages/airflow/example_dags/example_short_circuit_decorator.py for tasks to queue
[2022-11-20T15:51:05.126+0000] {logging_mixin.py:120} INFO - [2022-11-20T15:51:05.126+0000] {dagbag.py:537} INFO - Filling up the DagBag from /home/airflow/.local/lib/python3.7/site-packages/airflow/example_dags/example_short_circuit_decorator.py
[2022-11-20T15:51:05.161+0000] {processor.py:766} INFO - DAG(s) dict_keys(['example_short_circuit_decorator']) retrieved from /home/airflow/.local/lib/python3.7/site-packages/airflow/example_dags/example_short_circuit_decorator.py
[2022-11-20T15:51:05.210+0000] {logging_mixin.py:120} INFO - [2022-11-20T15:51:05.210+0000] {dag.py:2585} INFO - Sync 1 DAGs
[2022-11-20T15:51:05.234+0000] {logging_mixin.py:120} INFO - [2022-11-20T15:51:05.232+0000] {dag.py:3340} INFO - Setting next_dagrun for example_short_circuit_decorator to 2022-11-19T15:51:05.232572+00:00, run_after=2022-11-20T15:51:05.232572+00:00
[2022-11-20T15:51:05.261+0000] {processor.py:176} INFO - Processing /home/airflow/.local/lib/python3.7/site-packages/airflow/example_dags/example_short_circuit_decorator.py took 0.137 seconds
[2022-11-20T16:06:46.788+0000] {processor.py:154} INFO - Started process (PID=2374) to work on /home/airflow/.local/lib/python3.7/site-packages/airflow/example_dags/example_short_circuit_decorator.py
[2022-11-20T16:06:46.789+0000] {processor.py:756} INFO - Processing file /home/airflow/.local/lib/python3.7/site-packages/airflow/example_dags/example_short_circuit_decorator.py for tasks to queue
[2022-11-20T16:06:46.790+0000] {logging_mixin.py:120} INFO - [2022-11-20T16:06:46.790+0000] {dagbag.py:537} INFO - Filling up the DagBag from /home/airflow/.local/lib/python3.7/site-packages/airflow/example_dags/example_short_circuit_decorator.py
[2022-11-20T16:06:46.811+0000] {processor.py:766} INFO - DAG(s) dict_keys(['example_short_circuit_decorator']) retrieved from /home/airflow/.local/lib/python3.7/site-packages/airflow/example_dags/example_short_circuit_decorator.py
[2022-11-20T16:06:46.848+0000] {logging_mixin.py:120} INFO - [2022-11-20T16:06:46.848+0000] {dag.py:2585} INFO - Sync 1 DAGs
[2022-11-20T16:06:46.862+0000] {logging_mixin.py:120} INFO - [2022-11-20T16:06:46.862+0000] {dag.py:3340} INFO - Setting next_dagrun for example_short_circuit_decorator to 2022-11-19T16:06:46.861889+00:00, run_after=2022-11-20T16:06:46.861889+00:00
[2022-11-20T16:06:46.878+0000] {processor.py:176} INFO - Processing /home/airflow/.local/lib/python3.7/site-packages/airflow/example_dags/example_short_circuit_decorator.py took 0.093 seconds
[2022-11-20T16:08:34.577+0000] {processor.py:154} INFO - Started process (PID=2425) to work on /home/airflow/.local/lib/python3.7/site-packages/airflow/example_dags/example_short_circuit_decorator.py
[2022-11-20T16:08:34.578+0000] {processor.py:756} INFO - Processing file /home/airflow/.local/lib/python3.7/site-packages/airflow/example_dags/example_short_circuit_decorator.py for tasks to queue
[2022-11-20T16:08:34.578+0000] {logging_mixin.py:120} INFO - [2022-11-20T16:08:34.578+0000] {dagbag.py:537} INFO - Filling up the DagBag from /home/airflow/.local/lib/python3.7/site-packages/airflow/example_dags/example_short_circuit_decorator.py
[2022-11-20T16:08:34.589+0000] {processor.py:766} INFO - DAG(s) dict_keys(['example_short_circuit_decorator']) retrieved from /home/airflow/.local/lib/python3.7/site-packages/airflow/example_dags/example_short_circuit_decorator.py
[2022-11-20T16:08:34.608+0000] {logging_mixin.py:120} INFO - [2022-11-20T16:08:34.608+0000] {dag.py:2585} INFO - Sync 1 DAGs
[2022-11-20T16:08:34.620+0000] {logging_mixin.py:120} INFO - [2022-11-20T16:08:34.620+0000] {dag.py:3340} INFO - Setting next_dagrun for example_short_circuit_decorator to 2022-11-19T16:08:34.620782+00:00, run_after=2022-11-20T16:08:34.620782+00:00
[2022-11-20T16:08:34.631+0000] {processor.py:176} INFO - Processing /home/airflow/.local/lib/python3.7/site-packages/airflow/example_dags/example_short_circuit_decorator.py took 0.056 seconds
[2022-11-20T16:28:00.689+0000] {processor.py:154} INFO - Started process (PID=2471) to work on /home/airflow/.local/lib/python3.7/site-packages/airflow/example_dags/example_short_circuit_decorator.py
[2022-11-20T16:28:00.694+0000] {processor.py:756} INFO - Processing file /home/airflow/.local/lib/python3.7/site-packages/airflow/example_dags/example_short_circuit_decorator.py for tasks to queue
[2022-11-20T16:28:00.694+0000] {logging_mixin.py:120} INFO - [2022-11-20T16:28:00.694+0000] {dagbag.py:537} INFO - Filling up the DagBag from /home/airflow/.local/lib/python3.7/site-packages/airflow/example_dags/example_short_circuit_decorator.py
[2022-11-20T16:28:00.710+0000] {processor.py:766} INFO - DAG(s) dict_keys(['example_short_circuit_decorator']) retrieved from /home/airflow/.local/lib/python3.7/site-packages/airflow/example_dags/example_short_circuit_decorator.py
[2022-11-20T16:28:00.764+0000] {logging_mixin.py:120} INFO - [2022-11-20T16:28:00.764+0000] {dag.py:2585} INFO - Sync 1 DAGs
[2022-11-20T16:28:00.775+0000] {logging_mixin.py:120} INFO - [2022-11-20T16:28:00.775+0000] {dag.py:3340} INFO - Setting next_dagrun for example_short_circuit_decorator to 2022-11-19T16:28:00.775218+00:00, run_after=2022-11-20T16:28:00.775218+00:00
[2022-11-20T16:28:00.784+0000] {processor.py:176} INFO - Processing /home/airflow/.local/lib/python3.7/site-packages/airflow/example_dags/example_short_circuit_decorator.py took 0.099 seconds
[2022-11-20T16:43:51.085+0000] {processor.py:154} INFO - Started process (PID=2520) to work on /home/airflow/.local/lib/python3.7/site-packages/airflow/example_dags/example_short_circuit_decorator.py
[2022-11-20T16:43:51.085+0000] {processor.py:756} INFO - Processing file /home/airflow/.local/lib/python3.7/site-packages/airflow/example_dags/example_short_circuit_decorator.py for tasks to queue
[2022-11-20T16:43:51.086+0000] {logging_mixin.py:120} INFO - [2022-11-20T16:43:51.085+0000] {dagbag.py:537} INFO - Filling up the DagBag from /home/airflow/.local/lib/python3.7/site-packages/airflow/example_dags/example_short_circuit_decorator.py
[2022-11-20T16:43:51.101+0000] {processor.py:766} INFO - DAG(s) dict_keys(['example_short_circuit_decorator']) retrieved from /home/airflow/.local/lib/python3.7/site-packages/airflow/example_dags/example_short_circuit_decorator.py
[2022-11-20T16:43:51.136+0000] {logging_mixin.py:120} INFO - [2022-11-20T16:43:51.136+0000] {dag.py:2585} INFO - Sync 1 DAGs
[2022-11-20T16:43:51.156+0000] {logging_mixin.py:120} INFO - [2022-11-20T16:43:51.155+0000] {dag.py:3340} INFO - Setting next_dagrun for example_short_circuit_decorator to 2022-11-19T16:43:51.155849+00:00, run_after=2022-11-20T16:43:51.155849+00:00
[2022-11-20T16:43:51.177+0000] {processor.py:176} INFO - Processing /home/airflow/.local/lib/python3.7/site-packages/airflow/example_dags/example_short_circuit_decorator.py took 0.095 seconds
[2022-11-20T17:17:44.603+0000] {processor.py:154} INFO - Started process (PID=2567) to work on /home/airflow/.local/lib/python3.7/site-packages/airflow/example_dags/example_short_circuit_decorator.py
[2022-11-20T17:17:44.603+0000] {processor.py:756} INFO - Processing file /home/airflow/.local/lib/python3.7/site-packages/airflow/example_dags/example_short_circuit_decorator.py for tasks to queue
[2022-11-20T17:17:44.604+0000] {logging_mixin.py:120} INFO - [2022-11-20T17:17:44.604+0000] {dagbag.py:537} INFO - Filling up the DagBag from /home/airflow/.local/lib/python3.7/site-packages/airflow/example_dags/example_short_circuit_decorator.py
[2022-11-20T17:17:44.615+0000] {processor.py:766} INFO - DAG(s) dict_keys(['example_short_circuit_decorator']) retrieved from /home/airflow/.local/lib/python3.7/site-packages/airflow/example_dags/example_short_circuit_decorator.py
[2022-11-20T17:17:44.652+0000] {logging_mixin.py:120} INFO - [2022-11-20T17:17:44.652+0000] {dag.py:2585} INFO - Sync 1 DAGs
[2022-11-20T17:17:44.678+0000] {logging_mixin.py:120} INFO - [2022-11-20T17:17:44.677+0000] {dag.py:3340} INFO - Setting next_dagrun for example_short_circuit_decorator to 2022-11-19T17:17:44.677842+00:00, run_after=2022-11-20T17:17:44.677842+00:00
[2022-11-20T17:17:44.692+0000] {processor.py:176} INFO - Processing /home/airflow/.local/lib/python3.7/site-packages/airflow/example_dags/example_short_circuit_decorator.py took 0.091 seconds
[2022-11-20T17:22:39.604+0000] {processor.py:154} INFO - Started process (PID=2614) to work on /home/airflow/.local/lib/python3.7/site-packages/airflow/example_dags/example_short_circuit_decorator.py
[2022-11-20T17:22:39.605+0000] {processor.py:756} INFO - Processing file /home/airflow/.local/lib/python3.7/site-packages/airflow/example_dags/example_short_circuit_decorator.py for tasks to queue
[2022-11-20T17:22:39.605+0000] {logging_mixin.py:120} INFO - [2022-11-20T17:22:39.605+0000] {dagbag.py:537} INFO - Filling up the DagBag from /home/airflow/.local/lib/python3.7/site-packages/airflow/example_dags/example_short_circuit_decorator.py
[2022-11-20T17:22:39.623+0000] {processor.py:766} INFO - DAG(s) dict_keys(['example_short_circuit_decorator']) retrieved from /home/airflow/.local/lib/python3.7/site-packages/airflow/example_dags/example_short_circuit_decorator.py
[2022-11-20T17:22:39.658+0000] {logging_mixin.py:120} INFO - [2022-11-20T17:22:39.658+0000] {dag.py:2585} INFO - Sync 1 DAGs
[2022-11-20T17:22:39.674+0000] {logging_mixin.py:120} INFO - [2022-11-20T17:22:39.674+0000] {dag.py:3340} INFO - Setting next_dagrun for example_short_circuit_decorator to 2022-11-19T17:22:39.674492+00:00, run_after=2022-11-20T17:22:39.674492+00:00
[2022-11-20T17:22:39.689+0000] {processor.py:176} INFO - Processing /home/airflow/.local/lib/python3.7/site-packages/airflow/example_dags/example_short_circuit_decorator.py took 0.088 seconds
[2022-11-20T17:23:10.451+0000] {processor.py:154} INFO - Started process (PID=2681) to work on /home/airflow/.local/lib/python3.7/site-packages/airflow/example_dags/example_short_circuit_decorator.py
[2022-11-20T17:23:10.452+0000] {processor.py:756} INFO - Processing file /home/airflow/.local/lib/python3.7/site-packages/airflow/example_dags/example_short_circuit_decorator.py for tasks to queue
[2022-11-20T17:23:10.453+0000] {logging_mixin.py:120} INFO - [2022-11-20T17:23:10.452+0000] {dagbag.py:537} INFO - Filling up the DagBag from /home/airflow/.local/lib/python3.7/site-packages/airflow/example_dags/example_short_circuit_decorator.py
[2022-11-20T17:23:10.467+0000] {processor.py:766} INFO - DAG(s) dict_keys(['example_short_circuit_decorator']) retrieved from /home/airflow/.local/lib/python3.7/site-packages/airflow/example_dags/example_short_circuit_decorator.py
[2022-11-20T17:23:10.490+0000] {logging_mixin.py:120} INFO - [2022-11-20T17:23:10.490+0000] {dag.py:2585} INFO - Sync 1 DAGs
[2022-11-20T17:23:10.504+0000] {logging_mixin.py:120} INFO - [2022-11-20T17:23:10.504+0000] {dag.py:3340} INFO - Setting next_dagrun for example_short_circuit_decorator to 2022-11-19T17:23:10.504735+00:00, run_after=2022-11-20T17:23:10.504735+00:00
[2022-11-20T17:23:10.516+0000] {processor.py:176} INFO - Processing /home/airflow/.local/lib/python3.7/site-packages/airflow/example_dags/example_short_circuit_decorator.py took 0.066 seconds
[2022-11-20T17:23:41.537+0000] {processor.py:154} INFO - Started process (PID=2751) to work on /home/airflow/.local/lib/python3.7/site-packages/airflow/example_dags/example_short_circuit_decorator.py
[2022-11-20T17:23:41.538+0000] {processor.py:756} INFO - Processing file /home/airflow/.local/lib/python3.7/site-packages/airflow/example_dags/example_short_circuit_decorator.py for tasks to queue
[2022-11-20T17:23:41.538+0000] {logging_mixin.py:120} INFO - [2022-11-20T17:23:41.538+0000] {dagbag.py:537} INFO - Filling up the DagBag from /home/airflow/.local/lib/python3.7/site-packages/airflow/example_dags/example_short_circuit_decorator.py
[2022-11-20T17:23:41.550+0000] {processor.py:766} INFO - DAG(s) dict_keys(['example_short_circuit_decorator']) retrieved from /home/airflow/.local/lib/python3.7/site-packages/airflow/example_dags/example_short_circuit_decorator.py
[2022-11-20T17:23:41.570+0000] {logging_mixin.py:120} INFO - [2022-11-20T17:23:41.570+0000] {dag.py:2585} INFO - Sync 1 DAGs
[2022-11-20T17:23:41.583+0000] {logging_mixin.py:120} INFO - [2022-11-20T17:23:41.582+0000] {dag.py:3340} INFO - Setting next_dagrun for example_short_circuit_decorator to 2022-11-19T17:23:41.582856+00:00, run_after=2022-11-20T17:23:41.582856+00:00
[2022-11-20T17:23:41.594+0000] {processor.py:176} INFO - Processing /home/airflow/.local/lib/python3.7/site-packages/airflow/example_dags/example_short_circuit_decorator.py took 0.058 seconds
[2022-11-20T17:24:11.650+0000] {processor.py:154} INFO - Started process (PID=2821) to work on /home/airflow/.local/lib/python3.7/site-packages/airflow/example_dags/example_short_circuit_decorator.py
[2022-11-20T17:24:11.651+0000] {processor.py:756} INFO - Processing file /home/airflow/.local/lib/python3.7/site-packages/airflow/example_dags/example_short_circuit_decorator.py for tasks to queue
[2022-11-20T17:24:11.651+0000] {logging_mixin.py:120} INFO - [2022-11-20T17:24:11.651+0000] {dagbag.py:537} INFO - Filling up the DagBag from /home/airflow/.local/lib/python3.7/site-packages/airflow/example_dags/example_short_circuit_decorator.py
[2022-11-20T17:24:11.663+0000] {processor.py:766} INFO - DAG(s) dict_keys(['example_short_circuit_decorator']) retrieved from /home/airflow/.local/lib/python3.7/site-packages/airflow/example_dags/example_short_circuit_decorator.py
[2022-11-20T17:24:11.683+0000] {logging_mixin.py:120} INFO - [2022-11-20T17:24:11.683+0000] {dag.py:2585} INFO - Sync 1 DAGs
[2022-11-20T17:24:11.694+0000] {logging_mixin.py:120} INFO - [2022-11-20T17:24:11.694+0000] {dag.py:3340} INFO - Setting next_dagrun for example_short_circuit_decorator to 2022-11-19T17:24:11.694273+00:00, run_after=2022-11-20T17:24:11.694273+00:00
[2022-11-20T17:24:11.704+0000] {processor.py:176} INFO - Processing /home/airflow/.local/lib/python3.7/site-packages/airflow/example_dags/example_short_circuit_decorator.py took 0.056 seconds
[2022-11-20T17:24:42.436+0000] {processor.py:154} INFO - Started process (PID=2890) to work on /home/airflow/.local/lib/python3.7/site-packages/airflow/example_dags/example_short_circuit_decorator.py
[2022-11-20T17:24:42.437+0000] {processor.py:756} INFO - Processing file /home/airflow/.local/lib/python3.7/site-packages/airflow/example_dags/example_short_circuit_decorator.py for tasks to queue
[2022-11-20T17:24:42.438+0000] {logging_mixin.py:120} INFO - [2022-11-20T17:24:42.437+0000] {dagbag.py:537} INFO - Filling up the DagBag from /home/airflow/.local/lib/python3.7/site-packages/airflow/example_dags/example_short_circuit_decorator.py
[2022-11-20T17:24:42.453+0000] {processor.py:766} INFO - DAG(s) dict_keys(['example_short_circuit_decorator']) retrieved from /home/airflow/.local/lib/python3.7/site-packages/airflow/example_dags/example_short_circuit_decorator.py
[2022-11-20T17:24:42.480+0000] {logging_mixin.py:120} INFO - [2022-11-20T17:24:42.480+0000] {dag.py:2585} INFO - Sync 1 DAGs
[2022-11-20T17:24:42.496+0000] {logging_mixin.py:120} INFO - [2022-11-20T17:24:42.496+0000] {dag.py:3340} INFO - Setting next_dagrun for example_short_circuit_decorator to 2022-11-19T17:24:42.496410+00:00, run_after=2022-11-20T17:24:42.496410+00:00
[2022-11-20T17:24:42.511+0000] {processor.py:176} INFO - Processing /home/airflow/.local/lib/python3.7/site-packages/airflow/example_dags/example_short_circuit_decorator.py took 0.077 seconds
[2022-11-20T17:25:13.442+0000] {processor.py:154} INFO - Started process (PID=2956) to work on /home/airflow/.local/lib/python3.7/site-packages/airflow/example_dags/example_short_circuit_decorator.py
[2022-11-20T17:25:13.442+0000] {processor.py:756} INFO - Processing file /home/airflow/.local/lib/python3.7/site-packages/airflow/example_dags/example_short_circuit_decorator.py for tasks to queue
[2022-11-20T17:25:13.443+0000] {logging_mixin.py:120} INFO - [2022-11-20T17:25:13.443+0000] {dagbag.py:537} INFO - Filling up the DagBag from /home/airflow/.local/lib/python3.7/site-packages/airflow/example_dags/example_short_circuit_decorator.py
[2022-11-20T17:25:13.456+0000] {processor.py:766} INFO - DAG(s) dict_keys(['example_short_circuit_decorator']) retrieved from /home/airflow/.local/lib/python3.7/site-packages/airflow/example_dags/example_short_circuit_decorator.py
[2022-11-20T17:25:13.478+0000] {logging_mixin.py:120} INFO - [2022-11-20T17:25:13.478+0000] {dag.py:2585} INFO - Sync 1 DAGs
[2022-11-20T17:25:13.492+0000] {logging_mixin.py:120} INFO - [2022-11-20T17:25:13.492+0000] {dag.py:3340} INFO - Setting next_dagrun for example_short_circuit_decorator to 2022-11-19T17:25:13.492438+00:00, run_after=2022-11-20T17:25:13.492438+00:00
[2022-11-20T17:25:13.511+0000] {processor.py:176} INFO - Processing /home/airflow/.local/lib/python3.7/site-packages/airflow/example_dags/example_short_circuit_decorator.py took 0.072 seconds
[2022-11-20T17:25:43.752+0000] {processor.py:154} INFO - Started process (PID=3022) to work on /home/airflow/.local/lib/python3.7/site-packages/airflow/example_dags/example_short_circuit_decorator.py
[2022-11-20T17:25:43.752+0000] {processor.py:756} INFO - Processing file /home/airflow/.local/lib/python3.7/site-packages/airflow/example_dags/example_short_circuit_decorator.py for tasks to queue
[2022-11-20T17:25:43.753+0000] {logging_mixin.py:120} INFO - [2022-11-20T17:25:43.753+0000] {dagbag.py:537} INFO - Filling up the DagBag from /home/airflow/.local/lib/python3.7/site-packages/airflow/example_dags/example_short_circuit_decorator.py
[2022-11-20T17:25:43.766+0000] {processor.py:766} INFO - DAG(s) dict_keys(['example_short_circuit_decorator']) retrieved from /home/airflow/.local/lib/python3.7/site-packages/airflow/example_dags/example_short_circuit_decorator.py
[2022-11-20T17:25:43.789+0000] {logging_mixin.py:120} INFO - [2022-11-20T17:25:43.789+0000] {dag.py:2585} INFO - Sync 1 DAGs
[2022-11-20T17:25:43.802+0000] {logging_mixin.py:120} INFO - [2022-11-20T17:25:43.802+0000] {dag.py:3340} INFO - Setting next_dagrun for example_short_circuit_decorator to 2022-11-19T17:25:43.802048+00:00, run_after=2022-11-20T17:25:43.802048+00:00
[2022-11-20T17:25:43.814+0000] {processor.py:176} INFO - Processing /home/airflow/.local/lib/python3.7/site-packages/airflow/example_dags/example_short_circuit_decorator.py took 0.064 seconds
[2022-11-20T17:26:13.919+0000] {processor.py:154} INFO - Started process (PID=3088) to work on /home/airflow/.local/lib/python3.7/site-packages/airflow/example_dags/example_short_circuit_decorator.py
[2022-11-20T17:26:13.920+0000] {processor.py:756} INFO - Processing file /home/airflow/.local/lib/python3.7/site-packages/airflow/example_dags/example_short_circuit_decorator.py for tasks to queue
[2022-11-20T17:26:13.921+0000] {logging_mixin.py:120} INFO - [2022-11-20T17:26:13.921+0000] {dagbag.py:537} INFO - Filling up the DagBag from /home/airflow/.local/lib/python3.7/site-packages/airflow/example_dags/example_short_circuit_decorator.py
[2022-11-20T17:26:13.933+0000] {processor.py:766} INFO - DAG(s) dict_keys(['example_short_circuit_decorator']) retrieved from /home/airflow/.local/lib/python3.7/site-packages/airflow/example_dags/example_short_circuit_decorator.py
[2022-11-20T17:26:13.953+0000] {logging_mixin.py:120} INFO - [2022-11-20T17:26:13.952+0000] {dag.py:2585} INFO - Sync 1 DAGs
[2022-11-20T17:26:13.964+0000] {logging_mixin.py:120} INFO - [2022-11-20T17:26:13.964+0000] {dag.py:3340} INFO - Setting next_dagrun for example_short_circuit_decorator to 2022-11-19T17:26:13.964490+00:00, run_after=2022-11-20T17:26:13.964490+00:00
[2022-11-20T17:26:13.974+0000] {processor.py:176} INFO - Processing /home/airflow/.local/lib/python3.7/site-packages/airflow/example_dags/example_short_circuit_decorator.py took 0.057 seconds
[2022-11-20T17:26:44.137+0000] {processor.py:154} INFO - Started process (PID=3155) to work on /home/airflow/.local/lib/python3.7/site-packages/airflow/example_dags/example_short_circuit_decorator.py
[2022-11-20T17:26:44.137+0000] {processor.py:756} INFO - Processing file /home/airflow/.local/lib/python3.7/site-packages/airflow/example_dags/example_short_circuit_decorator.py for tasks to queue
[2022-11-20T17:26:44.138+0000] {logging_mixin.py:120} INFO - [2022-11-20T17:26:44.138+0000] {dagbag.py:537} INFO - Filling up the DagBag from /home/airflow/.local/lib/python3.7/site-packages/airflow/example_dags/example_short_circuit_decorator.py
[2022-11-20T17:26:44.153+0000] {processor.py:766} INFO - DAG(s) dict_keys(['example_short_circuit_decorator']) retrieved from /home/airflow/.local/lib/python3.7/site-packages/airflow/example_dags/example_short_circuit_decorator.py
[2022-11-20T17:26:44.173+0000] {logging_mixin.py:120} INFO - [2022-11-20T17:26:44.173+0000] {dag.py:2585} INFO - Sync 1 DAGs
[2022-11-20T17:26:44.186+0000] {logging_mixin.py:120} INFO - [2022-11-20T17:26:44.186+0000] {dag.py:3340} INFO - Setting next_dagrun for example_short_circuit_decorator to 2022-11-19T17:26:44.186332+00:00, run_after=2022-11-20T17:26:44.186332+00:00
[2022-11-20T17:26:44.196+0000] {processor.py:176} INFO - Processing /home/airflow/.local/lib/python3.7/site-packages/airflow/example_dags/example_short_circuit_decorator.py took 0.061 seconds
[2022-11-20T17:27:14.247+0000] {processor.py:154} INFO - Started process (PID=3222) to work on /home/airflow/.local/lib/python3.7/site-packages/airflow/example_dags/example_short_circuit_decorator.py
[2022-11-20T17:27:14.248+0000] {processor.py:756} INFO - Processing file /home/airflow/.local/lib/python3.7/site-packages/airflow/example_dags/example_short_circuit_decorator.py for tasks to queue
[2022-11-20T17:27:14.249+0000] {logging_mixin.py:120} INFO - [2022-11-20T17:27:14.249+0000] {dagbag.py:537} INFO - Filling up the DagBag from /home/airflow/.local/lib/python3.7/site-packages/airflow/example_dags/example_short_circuit_decorator.py
[2022-11-20T17:27:14.262+0000] {processor.py:766} INFO - DAG(s) dict_keys(['example_short_circuit_decorator']) retrieved from /home/airflow/.local/lib/python3.7/site-packages/airflow/example_dags/example_short_circuit_decorator.py
[2022-11-20T17:27:14.283+0000] {logging_mixin.py:120} INFO - [2022-11-20T17:27:14.283+0000] {dag.py:2585} INFO - Sync 1 DAGs
[2022-11-20T17:27:14.296+0000] {logging_mixin.py:120} INFO - [2022-11-20T17:27:14.296+0000] {dag.py:3340} INFO - Setting next_dagrun for example_short_circuit_decorator to 2022-11-19T17:27:14.296441+00:00, run_after=2022-11-20T17:27:14.296441+00:00
[2022-11-20T17:27:14.306+0000] {processor.py:176} INFO - Processing /home/airflow/.local/lib/python3.7/site-packages/airflow/example_dags/example_short_circuit_decorator.py took 0.061 seconds
[2022-11-20T17:27:45.158+0000] {processor.py:154} INFO - Started process (PID=3292) to work on /home/airflow/.local/lib/python3.7/site-packages/airflow/example_dags/example_short_circuit_decorator.py
[2022-11-20T17:27:45.159+0000] {processor.py:756} INFO - Processing file /home/airflow/.local/lib/python3.7/site-packages/airflow/example_dags/example_short_circuit_decorator.py for tasks to queue
[2022-11-20T17:27:45.159+0000] {logging_mixin.py:120} INFO - [2022-11-20T17:27:45.159+0000] {dagbag.py:537} INFO - Filling up the DagBag from /home/airflow/.local/lib/python3.7/site-packages/airflow/example_dags/example_short_circuit_decorator.py
[2022-11-20T17:27:45.172+0000] {processor.py:766} INFO - DAG(s) dict_keys(['example_short_circuit_decorator']) retrieved from /home/airflow/.local/lib/python3.7/site-packages/airflow/example_dags/example_short_circuit_decorator.py
[2022-11-20T17:27:45.193+0000] {logging_mixin.py:120} INFO - [2022-11-20T17:27:45.193+0000] {dag.py:2585} INFO - Sync 1 DAGs
[2022-11-20T17:27:45.206+0000] {logging_mixin.py:120} INFO - [2022-11-20T17:27:45.206+0000] {dag.py:3340} INFO - Setting next_dagrun for example_short_circuit_decorator to 2022-11-19T17:27:45.206368+00:00, run_after=2022-11-20T17:27:45.206368+00:00
[2022-11-20T17:27:45.216+0000] {processor.py:176} INFO - Processing /home/airflow/.local/lib/python3.7/site-packages/airflow/example_dags/example_short_circuit_decorator.py took 0.059 seconds
[2022-11-20T17:28:15.950+0000] {processor.py:154} INFO - Started process (PID=3353) to work on /home/airflow/.local/lib/python3.7/site-packages/airflow/example_dags/example_short_circuit_decorator.py
[2022-11-20T17:28:15.951+0000] {processor.py:756} INFO - Processing file /home/airflow/.local/lib/python3.7/site-packages/airflow/example_dags/example_short_circuit_decorator.py for tasks to queue
[2022-11-20T17:28:15.951+0000] {logging_mixin.py:120} INFO - [2022-11-20T17:28:15.951+0000] {dagbag.py:537} INFO - Filling up the DagBag from /home/airflow/.local/lib/python3.7/site-packages/airflow/example_dags/example_short_circuit_decorator.py
[2022-11-20T17:28:15.967+0000] {processor.py:766} INFO - DAG(s) dict_keys(['example_short_circuit_decorator']) retrieved from /home/airflow/.local/lib/python3.7/site-packages/airflow/example_dags/example_short_circuit_decorator.py
[2022-11-20T17:28:15.988+0000] {logging_mixin.py:120} INFO - [2022-11-20T17:28:15.988+0000] {dag.py:2585} INFO - Sync 1 DAGs
[2022-11-20T17:28:16.002+0000] {logging_mixin.py:120} INFO - [2022-11-20T17:28:16.001+0000] {dag.py:3340} INFO - Setting next_dagrun for example_short_circuit_decorator to 2022-11-19T17:28:16.001843+00:00, run_after=2022-11-20T17:28:16.001843+00:00
[2022-11-20T17:28:16.012+0000] {processor.py:176} INFO - Processing /home/airflow/.local/lib/python3.7/site-packages/airflow/example_dags/example_short_circuit_decorator.py took 0.064 seconds
[2022-11-20T17:28:46.807+0000] {processor.py:154} INFO - Started process (PID=3422) to work on /home/airflow/.local/lib/python3.7/site-packages/airflow/example_dags/example_short_circuit_decorator.py
[2022-11-20T17:28:46.808+0000] {processor.py:756} INFO - Processing file /home/airflow/.local/lib/python3.7/site-packages/airflow/example_dags/example_short_circuit_decorator.py for tasks to queue
[2022-11-20T17:28:46.809+0000] {logging_mixin.py:120} INFO - [2022-11-20T17:28:46.809+0000] {dagbag.py:537} INFO - Filling up the DagBag from /home/airflow/.local/lib/python3.7/site-packages/airflow/example_dags/example_short_circuit_decorator.py
[2022-11-20T17:28:46.823+0000] {processor.py:766} INFO - DAG(s) dict_keys(['example_short_circuit_decorator']) retrieved from /home/airflow/.local/lib/python3.7/site-packages/airflow/example_dags/example_short_circuit_decorator.py
[2022-11-20T17:28:46.848+0000] {logging_mixin.py:120} INFO - [2022-11-20T17:28:46.848+0000] {dag.py:2585} INFO - Sync 1 DAGs
[2022-11-20T17:28:46.862+0000] {logging_mixin.py:120} INFO - [2022-11-20T17:28:46.862+0000] {dag.py:3340} INFO - Setting next_dagrun for example_short_circuit_decorator to 2022-11-19T17:28:46.861944+00:00, run_after=2022-11-20T17:28:46.861944+00:00
[2022-11-20T17:28:46.872+0000] {processor.py:176} INFO - Processing /home/airflow/.local/lib/python3.7/site-packages/airflow/example_dags/example_short_circuit_decorator.py took 0.066 seconds
[2022-11-20T17:29:17.633+0000] {processor.py:154} INFO - Started process (PID=3490) to work on /home/airflow/.local/lib/python3.7/site-packages/airflow/example_dags/example_short_circuit_decorator.py
[2022-11-20T17:29:17.634+0000] {processor.py:756} INFO - Processing file /home/airflow/.local/lib/python3.7/site-packages/airflow/example_dags/example_short_circuit_decorator.py for tasks to queue
[2022-11-20T17:29:17.634+0000] {logging_mixin.py:120} INFO - [2022-11-20T17:29:17.634+0000] {dagbag.py:537} INFO - Filling up the DagBag from /home/airflow/.local/lib/python3.7/site-packages/airflow/example_dags/example_short_circuit_decorator.py
[2022-11-20T17:29:17.647+0000] {processor.py:766} INFO - DAG(s) dict_keys(['example_short_circuit_decorator']) retrieved from /home/airflow/.local/lib/python3.7/site-packages/airflow/example_dags/example_short_circuit_decorator.py
[2022-11-20T17:29:17.666+0000] {logging_mixin.py:120} INFO - [2022-11-20T17:29:17.666+0000] {dag.py:2585} INFO - Sync 1 DAGs
[2022-11-20T17:29:17.678+0000] {logging_mixin.py:120} INFO - [2022-11-20T17:29:17.678+0000] {dag.py:3340} INFO - Setting next_dagrun for example_short_circuit_decorator to 2022-11-19T17:29:17.678281+00:00, run_after=2022-11-20T17:29:17.678281+00:00
[2022-11-20T17:29:17.686+0000] {processor.py:176} INFO - Processing /home/airflow/.local/lib/python3.7/site-packages/airflow/example_dags/example_short_circuit_decorator.py took 0.055 seconds
[2022-11-20T17:29:48.559+0000] {processor.py:154} INFO - Started process (PID=3556) to work on /home/airflow/.local/lib/python3.7/site-packages/airflow/example_dags/example_short_circuit_decorator.py
[2022-11-20T17:29:48.560+0000] {processor.py:756} INFO - Processing file /home/airflow/.local/lib/python3.7/site-packages/airflow/example_dags/example_short_circuit_decorator.py for tasks to queue
[2022-11-20T17:29:48.560+0000] {logging_mixin.py:120} INFO - [2022-11-20T17:29:48.560+0000] {dagbag.py:537} INFO - Filling up the DagBag from /home/airflow/.local/lib/python3.7/site-packages/airflow/example_dags/example_short_circuit_decorator.py
[2022-11-20T17:29:48.573+0000] {processor.py:766} INFO - DAG(s) dict_keys(['example_short_circuit_decorator']) retrieved from /home/airflow/.local/lib/python3.7/site-packages/airflow/example_dags/example_short_circuit_decorator.py
[2022-11-20T17:29:48.594+0000] {logging_mixin.py:120} INFO - [2022-11-20T17:29:48.594+0000] {dag.py:2585} INFO - Sync 1 DAGs
[2022-11-20T17:29:48.607+0000] {logging_mixin.py:120} INFO - [2022-11-20T17:29:48.607+0000] {dag.py:3340} INFO - Setting next_dagrun for example_short_circuit_decorator to 2022-11-19T17:29:48.607025+00:00, run_after=2022-11-20T17:29:48.607025+00:00
[2022-11-20T17:29:48.617+0000] {processor.py:176} INFO - Processing /home/airflow/.local/lib/python3.7/site-packages/airflow/example_dags/example_short_circuit_decorator.py took 0.060 seconds
[2022-11-20T17:30:19.364+0000] {processor.py:154} INFO - Started process (PID=3628) to work on /home/airflow/.local/lib/python3.7/site-packages/airflow/example_dags/example_short_circuit_decorator.py
[2022-11-20T17:30:19.365+0000] {processor.py:756} INFO - Processing file /home/airflow/.local/lib/python3.7/site-packages/airflow/example_dags/example_short_circuit_decorator.py for tasks to queue
[2022-11-20T17:30:19.365+0000] {logging_mixin.py:120} INFO - [2022-11-20T17:30:19.365+0000] {dagbag.py:537} INFO - Filling up the DagBag from /home/airflow/.local/lib/python3.7/site-packages/airflow/example_dags/example_short_circuit_decorator.py
[2022-11-20T17:30:19.379+0000] {processor.py:766} INFO - DAG(s) dict_keys(['example_short_circuit_decorator']) retrieved from /home/airflow/.local/lib/python3.7/site-packages/airflow/example_dags/example_short_circuit_decorator.py
[2022-11-20T17:30:19.399+0000] {logging_mixin.py:120} INFO - [2022-11-20T17:30:19.399+0000] {dag.py:2585} INFO - Sync 1 DAGs
[2022-11-20T17:30:19.412+0000] {logging_mixin.py:120} INFO - [2022-11-20T17:30:19.411+0000] {dag.py:3340} INFO - Setting next_dagrun for example_short_circuit_decorator to 2022-11-19T17:30:19.411821+00:00, run_after=2022-11-20T17:30:19.411821+00:00
[2022-11-20T17:30:19.422+0000] {processor.py:176} INFO - Processing /home/airflow/.local/lib/python3.7/site-packages/airflow/example_dags/example_short_circuit_decorator.py took 0.060 seconds
[2022-11-20T17:30:50.342+0000] {processor.py:154} INFO - Started process (PID=3696) to work on /home/airflow/.local/lib/python3.7/site-packages/airflow/example_dags/example_short_circuit_decorator.py
[2022-11-20T17:30:50.343+0000] {processor.py:756} INFO - Processing file /home/airflow/.local/lib/python3.7/site-packages/airflow/example_dags/example_short_circuit_decorator.py for tasks to queue
[2022-11-20T17:30:50.343+0000] {logging_mixin.py:120} INFO - [2022-11-20T17:30:50.343+0000] {dagbag.py:537} INFO - Filling up the DagBag from /home/airflow/.local/lib/python3.7/site-packages/airflow/example_dags/example_short_circuit_decorator.py
[2022-11-20T17:30:50.355+0000] {processor.py:766} INFO - DAG(s) dict_keys(['example_short_circuit_decorator']) retrieved from /home/airflow/.local/lib/python3.7/site-packages/airflow/example_dags/example_short_circuit_decorator.py
[2022-11-20T17:30:50.374+0000] {logging_mixin.py:120} INFO - [2022-11-20T17:30:50.374+0000] {dag.py:2585} INFO - Sync 1 DAGs
[2022-11-20T17:30:50.387+0000] {logging_mixin.py:120} INFO - [2022-11-20T17:30:50.387+0000] {dag.py:3340} INFO - Setting next_dagrun for example_short_circuit_decorator to 2022-11-19T17:30:50.387100+00:00, run_after=2022-11-20T17:30:50.387100+00:00
[2022-11-20T17:30:50.396+0000] {processor.py:176} INFO - Processing /home/airflow/.local/lib/python3.7/site-packages/airflow/example_dags/example_short_circuit_decorator.py took 0.055 seconds
[2022-11-20T17:31:21.364+0000] {processor.py:154} INFO - Started process (PID=3765) to work on /home/airflow/.local/lib/python3.7/site-packages/airflow/example_dags/example_short_circuit_decorator.py
[2022-11-20T17:31:21.364+0000] {processor.py:756} INFO - Processing file /home/airflow/.local/lib/python3.7/site-packages/airflow/example_dags/example_short_circuit_decorator.py for tasks to queue
[2022-11-20T17:31:21.365+0000] {logging_mixin.py:120} INFO - [2022-11-20T17:31:21.365+0000] {dagbag.py:537} INFO - Filling up the DagBag from /home/airflow/.local/lib/python3.7/site-packages/airflow/example_dags/example_short_circuit_decorator.py
[2022-11-20T17:31:21.377+0000] {processor.py:766} INFO - DAG(s) dict_keys(['example_short_circuit_decorator']) retrieved from /home/airflow/.local/lib/python3.7/site-packages/airflow/example_dags/example_short_circuit_decorator.py
[2022-11-20T17:31:21.398+0000] {logging_mixin.py:120} INFO - [2022-11-20T17:31:21.398+0000] {dag.py:2585} INFO - Sync 1 DAGs
[2022-11-20T17:31:21.411+0000] {logging_mixin.py:120} INFO - [2022-11-20T17:31:21.410+0000] {dag.py:3340} INFO - Setting next_dagrun for example_short_circuit_decorator to 2022-11-19T17:31:21.410817+00:00, run_after=2022-11-20T17:31:21.410817+00:00
[2022-11-20T17:31:21.421+0000] {processor.py:176} INFO - Processing /home/airflow/.local/lib/python3.7/site-packages/airflow/example_dags/example_short_circuit_decorator.py took 0.060 seconds
[2022-11-20T17:31:52.334+0000] {processor.py:154} INFO - Started process (PID=3833) to work on /home/airflow/.local/lib/python3.7/site-packages/airflow/example_dags/example_short_circuit_decorator.py
[2022-11-20T17:31:52.335+0000] {processor.py:756} INFO - Processing file /home/airflow/.local/lib/python3.7/site-packages/airflow/example_dags/example_short_circuit_decorator.py for tasks to queue
[2022-11-20T17:31:52.335+0000] {logging_mixin.py:120} INFO - [2022-11-20T17:31:52.335+0000] {dagbag.py:537} INFO - Filling up the DagBag from /home/airflow/.local/lib/python3.7/site-packages/airflow/example_dags/example_short_circuit_decorator.py
[2022-11-20T17:31:52.346+0000] {processor.py:766} INFO - DAG(s) dict_keys(['example_short_circuit_decorator']) retrieved from /home/airflow/.local/lib/python3.7/site-packages/airflow/example_dags/example_short_circuit_decorator.py
[2022-11-20T17:31:52.366+0000] {logging_mixin.py:120} INFO - [2022-11-20T17:31:52.365+0000] {dag.py:2585} INFO - Sync 1 DAGs
[2022-11-20T17:31:52.376+0000] {logging_mixin.py:120} INFO - [2022-11-20T17:31:52.376+0000] {dag.py:3340} INFO - Setting next_dagrun for example_short_circuit_decorator to 2022-11-19T17:31:52.376805+00:00, run_after=2022-11-20T17:31:52.376805+00:00
[2022-11-20T17:31:52.385+0000] {processor.py:176} INFO - Processing /home/airflow/.local/lib/python3.7/site-packages/airflow/example_dags/example_short_circuit_decorator.py took 0.053 seconds
[2022-11-20T17:32:23.520+0000] {processor.py:154} INFO - Started process (PID=3901) to work on /home/airflow/.local/lib/python3.7/site-packages/airflow/example_dags/example_short_circuit_decorator.py
[2022-11-20T17:32:23.520+0000] {processor.py:756} INFO - Processing file /home/airflow/.local/lib/python3.7/site-packages/airflow/example_dags/example_short_circuit_decorator.py for tasks to queue
[2022-11-20T17:32:23.521+0000] {logging_mixin.py:120} INFO - [2022-11-20T17:32:23.521+0000] {dagbag.py:537} INFO - Filling up the DagBag from /home/airflow/.local/lib/python3.7/site-packages/airflow/example_dags/example_short_circuit_decorator.py
[2022-11-20T17:32:23.535+0000] {processor.py:766} INFO - DAG(s) dict_keys(['example_short_circuit_decorator']) retrieved from /home/airflow/.local/lib/python3.7/site-packages/airflow/example_dags/example_short_circuit_decorator.py
[2022-11-20T17:32:23.556+0000] {logging_mixin.py:120} INFO - [2022-11-20T17:32:23.555+0000] {dag.py:2585} INFO - Sync 1 DAGs
[2022-11-20T17:32:23.570+0000] {logging_mixin.py:120} INFO - [2022-11-20T17:32:23.570+0000] {dag.py:3340} INFO - Setting next_dagrun for example_short_circuit_decorator to 2022-11-19T17:32:23.570583+00:00, run_after=2022-11-20T17:32:23.570583+00:00
[2022-11-20T17:32:23.581+0000] {processor.py:176} INFO - Processing /home/airflow/.local/lib/python3.7/site-packages/airflow/example_dags/example_short_circuit_decorator.py took 0.064 seconds
[2022-11-20T17:32:54.594+0000] {processor.py:154} INFO - Started process (PID=3958) to work on /home/airflow/.local/lib/python3.7/site-packages/airflow/example_dags/example_short_circuit_decorator.py
[2022-11-20T17:32:54.595+0000] {processor.py:756} INFO - Processing file /home/airflow/.local/lib/python3.7/site-packages/airflow/example_dags/example_short_circuit_decorator.py for tasks to queue
[2022-11-20T17:32:54.595+0000] {logging_mixin.py:120} INFO - [2022-11-20T17:32:54.595+0000] {dagbag.py:537} INFO - Filling up the DagBag from /home/airflow/.local/lib/python3.7/site-packages/airflow/example_dags/example_short_circuit_decorator.py
[2022-11-20T17:32:54.608+0000] {processor.py:766} INFO - DAG(s) dict_keys(['example_short_circuit_decorator']) retrieved from /home/airflow/.local/lib/python3.7/site-packages/airflow/example_dags/example_short_circuit_decorator.py
[2022-11-20T17:32:54.634+0000] {logging_mixin.py:120} INFO - [2022-11-20T17:32:54.633+0000] {dag.py:2585} INFO - Sync 1 DAGs
[2022-11-20T17:32:54.647+0000] {logging_mixin.py:120} INFO - [2022-11-20T17:32:54.647+0000] {dag.py:3340} INFO - Setting next_dagrun for example_short_circuit_decorator to 2022-11-19T17:32:54.647754+00:00, run_after=2022-11-20T17:32:54.647754+00:00
[2022-11-20T17:32:54.658+0000] {processor.py:176} INFO - Processing /home/airflow/.local/lib/python3.7/site-packages/airflow/example_dags/example_short_circuit_decorator.py took 0.067 seconds
[2022-11-20T17:33:24.684+0000] {processor.py:154} INFO - Started process (PID=4025) to work on /home/airflow/.local/lib/python3.7/site-packages/airflow/example_dags/example_short_circuit_decorator.py
[2022-11-20T17:33:24.685+0000] {processor.py:756} INFO - Processing file /home/airflow/.local/lib/python3.7/site-packages/airflow/example_dags/example_short_circuit_decorator.py for tasks to queue
[2022-11-20T17:33:24.686+0000] {logging_mixin.py:120} INFO - [2022-11-20T17:33:24.686+0000] {dagbag.py:537} INFO - Filling up the DagBag from /home/airflow/.local/lib/python3.7/site-packages/airflow/example_dags/example_short_circuit_decorator.py
[2022-11-20T17:33:24.698+0000] {processor.py:766} INFO - DAG(s) dict_keys(['example_short_circuit_decorator']) retrieved from /home/airflow/.local/lib/python3.7/site-packages/airflow/example_dags/example_short_circuit_decorator.py
[2022-11-20T17:33:24.719+0000] {logging_mixin.py:120} INFO - [2022-11-20T17:33:24.719+0000] {dag.py:2585} INFO - Sync 1 DAGs
[2022-11-20T17:33:24.731+0000] {logging_mixin.py:120} INFO - [2022-11-20T17:33:24.731+0000] {dag.py:3340} INFO - Setting next_dagrun for example_short_circuit_decorator to 2022-11-19T17:33:24.731637+00:00, run_after=2022-11-20T17:33:24.731637+00:00
[2022-11-20T17:33:24.740+0000] {processor.py:176} INFO - Processing /home/airflow/.local/lib/python3.7/site-packages/airflow/example_dags/example_short_circuit_decorator.py took 0.058 seconds
[2022-11-20T17:33:55.703+0000] {processor.py:154} INFO - Started process (PID=4090) to work on /home/airflow/.local/lib/python3.7/site-packages/airflow/example_dags/example_short_circuit_decorator.py
[2022-11-20T17:33:55.703+0000] {processor.py:756} INFO - Processing file /home/airflow/.local/lib/python3.7/site-packages/airflow/example_dags/example_short_circuit_decorator.py for tasks to queue
[2022-11-20T17:33:55.704+0000] {logging_mixin.py:120} INFO - [2022-11-20T17:33:55.704+0000] {dagbag.py:537} INFO - Filling up the DagBag from /home/airflow/.local/lib/python3.7/site-packages/airflow/example_dags/example_short_circuit_decorator.py
[2022-11-20T17:33:55.717+0000] {processor.py:766} INFO - DAG(s) dict_keys(['example_short_circuit_decorator']) retrieved from /home/airflow/.local/lib/python3.7/site-packages/airflow/example_dags/example_short_circuit_decorator.py
[2022-11-20T17:33:55.738+0000] {logging_mixin.py:120} INFO - [2022-11-20T17:33:55.738+0000] {dag.py:2585} INFO - Sync 1 DAGs
[2022-11-20T17:33:55.750+0000] {logging_mixin.py:120} INFO - [2022-11-20T17:33:55.750+0000] {dag.py:3340} INFO - Setting next_dagrun for example_short_circuit_decorator to 2022-11-19T17:33:55.750573+00:00, run_after=2022-11-20T17:33:55.750573+00:00
[2022-11-20T17:33:55.760+0000] {processor.py:176} INFO - Processing /home/airflow/.local/lib/python3.7/site-packages/airflow/example_dags/example_short_circuit_decorator.py took 0.059 seconds
[2022-11-20T17:34:26.636+0000] {processor.py:154} INFO - Started process (PID=4156) to work on /home/airflow/.local/lib/python3.7/site-packages/airflow/example_dags/example_short_circuit_decorator.py
[2022-11-20T17:34:26.636+0000] {processor.py:756} INFO - Processing file /home/airflow/.local/lib/python3.7/site-packages/airflow/example_dags/example_short_circuit_decorator.py for tasks to queue
[2022-11-20T17:34:26.637+0000] {logging_mixin.py:120} INFO - [2022-11-20T17:34:26.636+0000] {dagbag.py:537} INFO - Filling up the DagBag from /home/airflow/.local/lib/python3.7/site-packages/airflow/example_dags/example_short_circuit_decorator.py
[2022-11-20T17:34:26.650+0000] {processor.py:766} INFO - DAG(s) dict_keys(['example_short_circuit_decorator']) retrieved from /home/airflow/.local/lib/python3.7/site-packages/airflow/example_dags/example_short_circuit_decorator.py
[2022-11-20T17:34:26.672+0000] {logging_mixin.py:120} INFO - [2022-11-20T17:34:26.672+0000] {dag.py:2585} INFO - Sync 1 DAGs
[2022-11-20T17:34:26.684+0000] {logging_mixin.py:120} INFO - [2022-11-20T17:34:26.684+0000] {dag.py:3340} INFO - Setting next_dagrun for example_short_circuit_decorator to 2022-11-19T17:34:26.684002+00:00, run_after=2022-11-20T17:34:26.684002+00:00
[2022-11-20T17:34:26.696+0000] {processor.py:176} INFO - Processing /home/airflow/.local/lib/python3.7/site-packages/airflow/example_dags/example_short_circuit_decorator.py took 0.062 seconds
[2022-11-20T17:34:57.686+0000] {processor.py:154} INFO - Started process (PID=4226) to work on /home/airflow/.local/lib/python3.7/site-packages/airflow/example_dags/example_short_circuit_decorator.py
[2022-11-20T17:34:57.687+0000] {processor.py:756} INFO - Processing file /home/airflow/.local/lib/python3.7/site-packages/airflow/example_dags/example_short_circuit_decorator.py for tasks to queue
[2022-11-20T17:34:57.687+0000] {logging_mixin.py:120} INFO - [2022-11-20T17:34:57.687+0000] {dagbag.py:537} INFO - Filling up the DagBag from /home/airflow/.local/lib/python3.7/site-packages/airflow/example_dags/example_short_circuit_decorator.py
[2022-11-20T17:34:57.700+0000] {processor.py:766} INFO - DAG(s) dict_keys(['example_short_circuit_decorator']) retrieved from /home/airflow/.local/lib/python3.7/site-packages/airflow/example_dags/example_short_circuit_decorator.py
[2022-11-20T17:34:57.722+0000] {logging_mixin.py:120} INFO - [2022-11-20T17:34:57.722+0000] {dag.py:2585} INFO - Sync 1 DAGs
[2022-11-20T17:34:57.735+0000] {logging_mixin.py:120} INFO - [2022-11-20T17:34:57.735+0000] {dag.py:3340} INFO - Setting next_dagrun for example_short_circuit_decorator to 2022-11-19T17:34:57.735675+00:00, run_after=2022-11-20T17:34:57.735675+00:00
[2022-11-20T17:34:57.745+0000] {processor.py:176} INFO - Processing /home/airflow/.local/lib/python3.7/site-packages/airflow/example_dags/example_short_circuit_decorator.py took 0.061 seconds
[2022-11-20T17:35:28.575+0000] {processor.py:154} INFO - Started process (PID=4293) to work on /home/airflow/.local/lib/python3.7/site-packages/airflow/example_dags/example_short_circuit_decorator.py
[2022-11-20T17:35:28.576+0000] {processor.py:756} INFO - Processing file /home/airflow/.local/lib/python3.7/site-packages/airflow/example_dags/example_short_circuit_decorator.py for tasks to queue
[2022-11-20T17:35:28.577+0000] {logging_mixin.py:120} INFO - [2022-11-20T17:35:28.576+0000] {dagbag.py:537} INFO - Filling up the DagBag from /home/airflow/.local/lib/python3.7/site-packages/airflow/example_dags/example_short_circuit_decorator.py
[2022-11-20T17:35:28.588+0000] {processor.py:766} INFO - DAG(s) dict_keys(['example_short_circuit_decorator']) retrieved from /home/airflow/.local/lib/python3.7/site-packages/airflow/example_dags/example_short_circuit_decorator.py
[2022-11-20T17:35:28.608+0000] {logging_mixin.py:120} INFO - [2022-11-20T17:35:28.608+0000] {dag.py:2585} INFO - Sync 1 DAGs
[2022-11-20T17:35:28.620+0000] {logging_mixin.py:120} INFO - [2022-11-20T17:35:28.620+0000] {dag.py:3340} INFO - Setting next_dagrun for example_short_circuit_decorator to 2022-11-19T17:35:28.620245+00:00, run_after=2022-11-20T17:35:28.620245+00:00
[2022-11-20T17:35:28.631+0000] {processor.py:176} INFO - Processing /home/airflow/.local/lib/python3.7/site-packages/airflow/example_dags/example_short_circuit_decorator.py took 0.057 seconds
