[2022-11-20T12:59:12.291+0000] {processor.py:154} INFO - Started process (PID=68) to work on /home/airflow/.local/lib/python3.7/site-packages/airflow/example_dags/example_local_kubernetes_executor.py
[2022-11-20T12:59:12.292+0000] {processor.py:756} INFO - Processing file /home/airflow/.local/lib/python3.7/site-packages/airflow/example_dags/example_local_kubernetes_executor.py for tasks to queue
[2022-11-20T12:59:12.292+0000] {logging_mixin.py:120} INFO - [2022-11-20T12:59:12.292+0000] {dagbag.py:537} INFO - Filling up the DagBag from /home/airflow/.local/lib/python3.7/site-packages/airflow/example_dags/example_local_kubernetes_executor.py
[2022-11-20T12:59:12.332+0000] {processor.py:766} INFO - DAG(s) dict_keys(['example_local_kubernetes_executor']) retrieved from /home/airflow/.local/lib/python3.7/site-packages/airflow/example_dags/example_local_kubernetes_executor.py
[2022-11-20T12:59:12.372+0000] {logging_mixin.py:120} INFO - [2022-11-20T12:59:12.372+0000] {dag.py:2585} INFO - Sync 1 DAGs
[2022-11-20T12:59:12.398+0000] {logging_mixin.py:120} INFO - [2022-11-20T12:59:12.398+0000] {dag.py:3340} INFO - Setting next_dagrun for example_local_kubernetes_executor to None, run_after=None
[2022-11-20T12:59:12.411+0000] {processor.py:176} INFO - Processing /home/airflow/.local/lib/python3.7/site-packages/airflow/example_dags/example_local_kubernetes_executor.py took 0.130 seconds
[2022-11-20T12:59:42.780+0000] {processor.py:154} INFO - Started process (PID=143) to work on /home/airflow/.local/lib/python3.7/site-packages/airflow/example_dags/example_local_kubernetes_executor.py
[2022-11-20T12:59:42.781+0000] {processor.py:756} INFO - Processing file /home/airflow/.local/lib/python3.7/site-packages/airflow/example_dags/example_local_kubernetes_executor.py for tasks to queue
[2022-11-20T12:59:42.781+0000] {logging_mixin.py:120} INFO - [2022-11-20T12:59:42.781+0000] {dagbag.py:537} INFO - Filling up the DagBag from /home/airflow/.local/lib/python3.7/site-packages/airflow/example_dags/example_local_kubernetes_executor.py
[2022-11-20T12:59:42.792+0000] {processor.py:766} INFO - DAG(s) dict_keys(['example_local_kubernetes_executor']) retrieved from /home/airflow/.local/lib/python3.7/site-packages/airflow/example_dags/example_local_kubernetes_executor.py
[2022-11-20T12:59:42.812+0000] {logging_mixin.py:120} INFO - [2022-11-20T12:59:42.812+0000] {dag.py:2585} INFO - Sync 1 DAGs
[2022-11-20T12:59:42.824+0000] {logging_mixin.py:120} INFO - [2022-11-20T12:59:42.824+0000] {dag.py:3340} INFO - Setting next_dagrun for example_local_kubernetes_executor to None, run_after=None
[2022-11-20T12:59:42.834+0000] {processor.py:176} INFO - Processing /home/airflow/.local/lib/python3.7/site-packages/airflow/example_dags/example_local_kubernetes_executor.py took 0.055 seconds
[2022-11-20T13:00:13.571+0000] {processor.py:154} INFO - Started process (PID=211) to work on /home/airflow/.local/lib/python3.7/site-packages/airflow/example_dags/example_local_kubernetes_executor.py
[2022-11-20T13:00:13.572+0000] {processor.py:756} INFO - Processing file /home/airflow/.local/lib/python3.7/site-packages/airflow/example_dags/example_local_kubernetes_executor.py for tasks to queue
[2022-11-20T13:00:13.572+0000] {logging_mixin.py:120} INFO - [2022-11-20T13:00:13.572+0000] {dagbag.py:537} INFO - Filling up the DagBag from /home/airflow/.local/lib/python3.7/site-packages/airflow/example_dags/example_local_kubernetes_executor.py
[2022-11-20T13:00:13.584+0000] {processor.py:766} INFO - DAG(s) dict_keys(['example_local_kubernetes_executor']) retrieved from /home/airflow/.local/lib/python3.7/site-packages/airflow/example_dags/example_local_kubernetes_executor.py
[2022-11-20T13:00:13.603+0000] {logging_mixin.py:120} INFO - [2022-11-20T13:00:13.603+0000] {dag.py:2585} INFO - Sync 1 DAGs
[2022-11-20T13:00:13.615+0000] {logging_mixin.py:120} INFO - [2022-11-20T13:00:13.615+0000] {dag.py:3340} INFO - Setting next_dagrun for example_local_kubernetes_executor to None, run_after=None
[2022-11-20T13:00:13.625+0000] {processor.py:176} INFO - Processing /home/airflow/.local/lib/python3.7/site-packages/airflow/example_dags/example_local_kubernetes_executor.py took 0.055 seconds
[2022-11-20T13:00:44.297+0000] {processor.py:154} INFO - Started process (PID=279) to work on /home/airflow/.local/lib/python3.7/site-packages/airflow/example_dags/example_local_kubernetes_executor.py
[2022-11-20T13:00:44.298+0000] {processor.py:756} INFO - Processing file /home/airflow/.local/lib/python3.7/site-packages/airflow/example_dags/example_local_kubernetes_executor.py for tasks to queue
[2022-11-20T13:00:44.298+0000] {logging_mixin.py:120} INFO - [2022-11-20T13:00:44.298+0000] {dagbag.py:537} INFO - Filling up the DagBag from /home/airflow/.local/lib/python3.7/site-packages/airflow/example_dags/example_local_kubernetes_executor.py
[2022-11-20T13:00:44.310+0000] {processor.py:766} INFO - DAG(s) dict_keys(['example_local_kubernetes_executor']) retrieved from /home/airflow/.local/lib/python3.7/site-packages/airflow/example_dags/example_local_kubernetes_executor.py
[2022-11-20T13:00:44.332+0000] {logging_mixin.py:120} INFO - [2022-11-20T13:00:44.332+0000] {dag.py:2585} INFO - Sync 1 DAGs
[2022-11-20T13:00:44.346+0000] {logging_mixin.py:120} INFO - [2022-11-20T13:00:44.345+0000] {dag.py:3340} INFO - Setting next_dagrun for example_local_kubernetes_executor to None, run_after=None
[2022-11-20T13:00:44.358+0000] {processor.py:176} INFO - Processing /home/airflow/.local/lib/python3.7/site-packages/airflow/example_dags/example_local_kubernetes_executor.py took 0.063 seconds
[2022-11-20T13:01:15.345+0000] {processor.py:154} INFO - Started process (PID=347) to work on /home/airflow/.local/lib/python3.7/site-packages/airflow/example_dags/example_local_kubernetes_executor.py
[2022-11-20T13:01:15.346+0000] {processor.py:756} INFO - Processing file /home/airflow/.local/lib/python3.7/site-packages/airflow/example_dags/example_local_kubernetes_executor.py for tasks to queue
[2022-11-20T13:01:15.346+0000] {logging_mixin.py:120} INFO - [2022-11-20T13:01:15.346+0000] {dagbag.py:537} INFO - Filling up the DagBag from /home/airflow/.local/lib/python3.7/site-packages/airflow/example_dags/example_local_kubernetes_executor.py
[2022-11-20T13:01:15.357+0000] {processor.py:766} INFO - DAG(s) dict_keys(['example_local_kubernetes_executor']) retrieved from /home/airflow/.local/lib/python3.7/site-packages/airflow/example_dags/example_local_kubernetes_executor.py
[2022-11-20T13:01:15.378+0000] {logging_mixin.py:120} INFO - [2022-11-20T13:01:15.378+0000] {dag.py:2585} INFO - Sync 1 DAGs
[2022-11-20T13:01:15.392+0000] {logging_mixin.py:120} INFO - [2022-11-20T13:01:15.392+0000] {dag.py:3340} INFO - Setting next_dagrun for example_local_kubernetes_executor to None, run_after=None
[2022-11-20T13:01:15.402+0000] {processor.py:176} INFO - Processing /home/airflow/.local/lib/python3.7/site-packages/airflow/example_dags/example_local_kubernetes_executor.py took 0.059 seconds
[2022-11-20T13:01:45.583+0000] {processor.py:154} INFO - Started process (PID=417) to work on /home/airflow/.local/lib/python3.7/site-packages/airflow/example_dags/example_local_kubernetes_executor.py
[2022-11-20T13:01:45.584+0000] {processor.py:756} INFO - Processing file /home/airflow/.local/lib/python3.7/site-packages/airflow/example_dags/example_local_kubernetes_executor.py for tasks to queue
[2022-11-20T13:01:45.584+0000] {logging_mixin.py:120} INFO - [2022-11-20T13:01:45.584+0000] {dagbag.py:537} INFO - Filling up the DagBag from /home/airflow/.local/lib/python3.7/site-packages/airflow/example_dags/example_local_kubernetes_executor.py
[2022-11-20T13:01:45.596+0000] {processor.py:766} INFO - DAG(s) dict_keys(['example_local_kubernetes_executor']) retrieved from /home/airflow/.local/lib/python3.7/site-packages/airflow/example_dags/example_local_kubernetes_executor.py
[2022-11-20T13:01:45.619+0000] {logging_mixin.py:120} INFO - [2022-11-20T13:01:45.619+0000] {dag.py:2585} INFO - Sync 1 DAGs
[2022-11-20T13:01:45.633+0000] {logging_mixin.py:120} INFO - [2022-11-20T13:01:45.632+0000] {dag.py:3340} INFO - Setting next_dagrun for example_local_kubernetes_executor to None, run_after=None
[2022-11-20T13:01:45.643+0000] {processor.py:176} INFO - Processing /home/airflow/.local/lib/python3.7/site-packages/airflow/example_dags/example_local_kubernetes_executor.py took 0.063 seconds
[2022-11-20T13:02:16.414+0000] {processor.py:154} INFO - Started process (PID=472) to work on /home/airflow/.local/lib/python3.7/site-packages/airflow/example_dags/example_local_kubernetes_executor.py
[2022-11-20T13:02:16.415+0000] {processor.py:756} INFO - Processing file /home/airflow/.local/lib/python3.7/site-packages/airflow/example_dags/example_local_kubernetes_executor.py for tasks to queue
[2022-11-20T13:02:16.415+0000] {logging_mixin.py:120} INFO - [2022-11-20T13:02:16.415+0000] {dagbag.py:537} INFO - Filling up the DagBag from /home/airflow/.local/lib/python3.7/site-packages/airflow/example_dags/example_local_kubernetes_executor.py
[2022-11-20T13:02:16.426+0000] {processor.py:766} INFO - DAG(s) dict_keys(['example_local_kubernetes_executor']) retrieved from /home/airflow/.local/lib/python3.7/site-packages/airflow/example_dags/example_local_kubernetes_executor.py
[2022-11-20T13:02:16.445+0000] {logging_mixin.py:120} INFO - [2022-11-20T13:02:16.445+0000] {dag.py:2585} INFO - Sync 1 DAGs
[2022-11-20T13:02:16.457+0000] {logging_mixin.py:120} INFO - [2022-11-20T13:02:16.457+0000] {dag.py:3340} INFO - Setting next_dagrun for example_local_kubernetes_executor to None, run_after=None
[2022-11-20T13:02:16.468+0000] {processor.py:176} INFO - Processing /home/airflow/.local/lib/python3.7/site-packages/airflow/example_dags/example_local_kubernetes_executor.py took 0.056 seconds
[2022-11-20T13:02:47.127+0000] {processor.py:154} INFO - Started process (PID=541) to work on /home/airflow/.local/lib/python3.7/site-packages/airflow/example_dags/example_local_kubernetes_executor.py
[2022-11-20T13:02:47.127+0000] {processor.py:756} INFO - Processing file /home/airflow/.local/lib/python3.7/site-packages/airflow/example_dags/example_local_kubernetes_executor.py for tasks to queue
[2022-11-20T13:02:47.128+0000] {logging_mixin.py:120} INFO - [2022-11-20T13:02:47.128+0000] {dagbag.py:537} INFO - Filling up the DagBag from /home/airflow/.local/lib/python3.7/site-packages/airflow/example_dags/example_local_kubernetes_executor.py
[2022-11-20T13:02:47.138+0000] {processor.py:766} INFO - DAG(s) dict_keys(['example_local_kubernetes_executor']) retrieved from /home/airflow/.local/lib/python3.7/site-packages/airflow/example_dags/example_local_kubernetes_executor.py
[2022-11-20T13:02:47.158+0000] {logging_mixin.py:120} INFO - [2022-11-20T13:02:47.158+0000] {dag.py:2585} INFO - Sync 1 DAGs
[2022-11-20T13:02:47.169+0000] {logging_mixin.py:120} INFO - [2022-11-20T13:02:47.169+0000] {dag.py:3340} INFO - Setting next_dagrun for example_local_kubernetes_executor to None, run_after=None
[2022-11-20T13:02:47.179+0000] {processor.py:176} INFO - Processing /home/airflow/.local/lib/python3.7/site-packages/airflow/example_dags/example_local_kubernetes_executor.py took 0.054 seconds
[2022-11-20T13:03:18.251+0000] {processor.py:154} INFO - Started process (PID=604) to work on /home/airflow/.local/lib/python3.7/site-packages/airflow/example_dags/example_local_kubernetes_executor.py
[2022-11-20T13:03:18.251+0000] {processor.py:756} INFO - Processing file /home/airflow/.local/lib/python3.7/site-packages/airflow/example_dags/example_local_kubernetes_executor.py for tasks to queue
[2022-11-20T13:03:18.252+0000] {logging_mixin.py:120} INFO - [2022-11-20T13:03:18.252+0000] {dagbag.py:537} INFO - Filling up the DagBag from /home/airflow/.local/lib/python3.7/site-packages/airflow/example_dags/example_local_kubernetes_executor.py
[2022-11-20T13:03:18.263+0000] {processor.py:766} INFO - DAG(s) dict_keys(['example_local_kubernetes_executor']) retrieved from /home/airflow/.local/lib/python3.7/site-packages/airflow/example_dags/example_local_kubernetes_executor.py
[2022-11-20T13:03:18.283+0000] {logging_mixin.py:120} INFO - [2022-11-20T13:03:18.283+0000] {dag.py:2585} INFO - Sync 1 DAGs
[2022-11-20T13:03:18.296+0000] {logging_mixin.py:120} INFO - [2022-11-20T13:03:18.295+0000] {dag.py:3340} INFO - Setting next_dagrun for example_local_kubernetes_executor to None, run_after=None
[2022-11-20T13:03:18.305+0000] {processor.py:176} INFO - Processing /home/airflow/.local/lib/python3.7/site-packages/airflow/example_dags/example_local_kubernetes_executor.py took 0.056 seconds
[2022-11-20T13:03:48.918+0000] {processor.py:154} INFO - Started process (PID=672) to work on /home/airflow/.local/lib/python3.7/site-packages/airflow/example_dags/example_local_kubernetes_executor.py
[2022-11-20T13:03:48.919+0000] {processor.py:756} INFO - Processing file /home/airflow/.local/lib/python3.7/site-packages/airflow/example_dags/example_local_kubernetes_executor.py for tasks to queue
[2022-11-20T13:03:48.919+0000] {logging_mixin.py:120} INFO - [2022-11-20T13:03:48.919+0000] {dagbag.py:537} INFO - Filling up the DagBag from /home/airflow/.local/lib/python3.7/site-packages/airflow/example_dags/example_local_kubernetes_executor.py
[2022-11-20T13:03:48.930+0000] {processor.py:766} INFO - DAG(s) dict_keys(['example_local_kubernetes_executor']) retrieved from /home/airflow/.local/lib/python3.7/site-packages/airflow/example_dags/example_local_kubernetes_executor.py
[2022-11-20T13:03:48.951+0000] {logging_mixin.py:120} INFO - [2022-11-20T13:03:48.951+0000] {dag.py:2585} INFO - Sync 1 DAGs
[2022-11-20T13:03:48.964+0000] {logging_mixin.py:120} INFO - [2022-11-20T13:03:48.964+0000] {dag.py:3340} INFO - Setting next_dagrun for example_local_kubernetes_executor to None, run_after=None
[2022-11-20T13:03:48.974+0000] {processor.py:176} INFO - Processing /home/airflow/.local/lib/python3.7/site-packages/airflow/example_dags/example_local_kubernetes_executor.py took 0.057 seconds
[2022-11-20T13:04:19.829+0000] {processor.py:154} INFO - Started process (PID=741) to work on /home/airflow/.local/lib/python3.7/site-packages/airflow/example_dags/example_local_kubernetes_executor.py
[2022-11-20T13:04:19.830+0000] {processor.py:756} INFO - Processing file /home/airflow/.local/lib/python3.7/site-packages/airflow/example_dags/example_local_kubernetes_executor.py for tasks to queue
[2022-11-20T13:04:19.830+0000] {logging_mixin.py:120} INFO - [2022-11-20T13:04:19.830+0000] {dagbag.py:537} INFO - Filling up the DagBag from /home/airflow/.local/lib/python3.7/site-packages/airflow/example_dags/example_local_kubernetes_executor.py
[2022-11-20T13:04:19.841+0000] {processor.py:766} INFO - DAG(s) dict_keys(['example_local_kubernetes_executor']) retrieved from /home/airflow/.local/lib/python3.7/site-packages/airflow/example_dags/example_local_kubernetes_executor.py
[2022-11-20T13:04:19.861+0000] {logging_mixin.py:120} INFO - [2022-11-20T13:04:19.861+0000] {dag.py:2585} INFO - Sync 1 DAGs
[2022-11-20T13:04:19.875+0000] {logging_mixin.py:120} INFO - [2022-11-20T13:04:19.875+0000] {dag.py:3340} INFO - Setting next_dagrun for example_local_kubernetes_executor to None, run_after=None
[2022-11-20T13:04:19.917+0000] {processor.py:176} INFO - Processing /home/airflow/.local/lib/python3.7/site-packages/airflow/example_dags/example_local_kubernetes_executor.py took 0.090 seconds
[2022-11-20T13:04:51.065+0000] {processor.py:154} INFO - Started process (PID=811) to work on /home/airflow/.local/lib/python3.7/site-packages/airflow/example_dags/example_local_kubernetes_executor.py
[2022-11-20T13:04:51.065+0000] {processor.py:756} INFO - Processing file /home/airflow/.local/lib/python3.7/site-packages/airflow/example_dags/example_local_kubernetes_executor.py for tasks to queue
[2022-11-20T13:04:51.066+0000] {logging_mixin.py:120} INFO - [2022-11-20T13:04:51.066+0000] {dagbag.py:537} INFO - Filling up the DagBag from /home/airflow/.local/lib/python3.7/site-packages/airflow/example_dags/example_local_kubernetes_executor.py
[2022-11-20T13:04:51.077+0000] {processor.py:766} INFO - DAG(s) dict_keys(['example_local_kubernetes_executor']) retrieved from /home/airflow/.local/lib/python3.7/site-packages/airflow/example_dags/example_local_kubernetes_executor.py
[2022-11-20T13:04:51.100+0000] {logging_mixin.py:120} INFO - [2022-11-20T13:04:51.100+0000] {dag.py:2585} INFO - Sync 1 DAGs
[2022-11-20T13:04:51.112+0000] {logging_mixin.py:120} INFO - [2022-11-20T13:04:51.111+0000] {dag.py:3340} INFO - Setting next_dagrun for example_local_kubernetes_executor to None, run_after=None
[2022-11-20T13:04:51.124+0000] {processor.py:176} INFO - Processing /home/airflow/.local/lib/python3.7/site-packages/airflow/example_dags/example_local_kubernetes_executor.py took 0.061 seconds
[2022-11-20T13:05:21.980+0000] {processor.py:154} INFO - Started process (PID=876) to work on /home/airflow/.local/lib/python3.7/site-packages/airflow/example_dags/example_local_kubernetes_executor.py
[2022-11-20T13:05:21.981+0000] {processor.py:756} INFO - Processing file /home/airflow/.local/lib/python3.7/site-packages/airflow/example_dags/example_local_kubernetes_executor.py for tasks to queue
[2022-11-20T13:05:21.981+0000] {logging_mixin.py:120} INFO - [2022-11-20T13:05:21.981+0000] {dagbag.py:537} INFO - Filling up the DagBag from /home/airflow/.local/lib/python3.7/site-packages/airflow/example_dags/example_local_kubernetes_executor.py
[2022-11-20T13:05:21.993+0000] {processor.py:766} INFO - DAG(s) dict_keys(['example_local_kubernetes_executor']) retrieved from /home/airflow/.local/lib/python3.7/site-packages/airflow/example_dags/example_local_kubernetes_executor.py
[2022-11-20T13:05:22.045+0000] {logging_mixin.py:120} INFO - [2022-11-20T13:05:22.045+0000] {dag.py:2585} INFO - Sync 1 DAGs
[2022-11-20T13:05:22.058+0000] {logging_mixin.py:120} INFO - [2022-11-20T13:05:22.058+0000] {dag.py:3340} INFO - Setting next_dagrun for example_local_kubernetes_executor to None, run_after=None
[2022-11-20T13:05:22.068+0000] {processor.py:176} INFO - Processing /home/airflow/.local/lib/python3.7/site-packages/airflow/example_dags/example_local_kubernetes_executor.py took 0.090 seconds
[2022-11-20T13:05:52.670+0000] {processor.py:154} INFO - Started process (PID=941) to work on /home/airflow/.local/lib/python3.7/site-packages/airflow/example_dags/example_local_kubernetes_executor.py
[2022-11-20T13:05:52.671+0000] {processor.py:756} INFO - Processing file /home/airflow/.local/lib/python3.7/site-packages/airflow/example_dags/example_local_kubernetes_executor.py for tasks to queue
[2022-11-20T13:05:52.671+0000] {logging_mixin.py:120} INFO - [2022-11-20T13:05:52.671+0000] {dagbag.py:537} INFO - Filling up the DagBag from /home/airflow/.local/lib/python3.7/site-packages/airflow/example_dags/example_local_kubernetes_executor.py
[2022-11-20T13:05:52.683+0000] {processor.py:766} INFO - DAG(s) dict_keys(['example_local_kubernetes_executor']) retrieved from /home/airflow/.local/lib/python3.7/site-packages/airflow/example_dags/example_local_kubernetes_executor.py
[2022-11-20T13:05:52.724+0000] {logging_mixin.py:120} INFO - [2022-11-20T13:05:52.723+0000] {dag.py:2585} INFO - Sync 1 DAGs
[2022-11-20T13:05:52.736+0000] {logging_mixin.py:120} INFO - [2022-11-20T13:05:52.736+0000] {dag.py:3340} INFO - Setting next_dagrun for example_local_kubernetes_executor to None, run_after=None
[2022-11-20T13:05:52.745+0000] {processor.py:176} INFO - Processing /home/airflow/.local/lib/python3.7/site-packages/airflow/example_dags/example_local_kubernetes_executor.py took 0.076 seconds
[2022-11-20T13:06:23.564+0000] {processor.py:154} INFO - Started process (PID=999) to work on /home/airflow/.local/lib/python3.7/site-packages/airflow/example_dags/example_local_kubernetes_executor.py
[2022-11-20T13:06:23.565+0000] {processor.py:756} INFO - Processing file /home/airflow/.local/lib/python3.7/site-packages/airflow/example_dags/example_local_kubernetes_executor.py for tasks to queue
[2022-11-20T13:06:23.565+0000] {logging_mixin.py:120} INFO - [2022-11-20T13:06:23.565+0000] {dagbag.py:537} INFO - Filling up the DagBag from /home/airflow/.local/lib/python3.7/site-packages/airflow/example_dags/example_local_kubernetes_executor.py
[2022-11-20T13:06:23.576+0000] {processor.py:766} INFO - DAG(s) dict_keys(['example_local_kubernetes_executor']) retrieved from /home/airflow/.local/lib/python3.7/site-packages/airflow/example_dags/example_local_kubernetes_executor.py
[2022-11-20T13:06:23.596+0000] {logging_mixin.py:120} INFO - [2022-11-20T13:06:23.596+0000] {dag.py:2585} INFO - Sync 1 DAGs
[2022-11-20T13:06:23.608+0000] {logging_mixin.py:120} INFO - [2022-11-20T13:06:23.608+0000] {dag.py:3340} INFO - Setting next_dagrun for example_local_kubernetes_executor to None, run_after=None
[2022-11-20T13:06:23.618+0000] {processor.py:176} INFO - Processing /home/airflow/.local/lib/python3.7/site-packages/airflow/example_dags/example_local_kubernetes_executor.py took 0.056 seconds
[2022-11-20T13:06:53.994+0000] {processor.py:154} INFO - Started process (PID=1067) to work on /home/airflow/.local/lib/python3.7/site-packages/airflow/example_dags/example_local_kubernetes_executor.py
[2022-11-20T13:06:53.995+0000] {processor.py:756} INFO - Processing file /home/airflow/.local/lib/python3.7/site-packages/airflow/example_dags/example_local_kubernetes_executor.py for tasks to queue
[2022-11-20T13:06:53.996+0000] {logging_mixin.py:120} INFO - [2022-11-20T13:06:53.995+0000] {dagbag.py:537} INFO - Filling up the DagBag from /home/airflow/.local/lib/python3.7/site-packages/airflow/example_dags/example_local_kubernetes_executor.py
[2022-11-20T13:06:54.007+0000] {processor.py:766} INFO - DAG(s) dict_keys(['example_local_kubernetes_executor']) retrieved from /home/airflow/.local/lib/python3.7/site-packages/airflow/example_dags/example_local_kubernetes_executor.py
[2022-11-20T13:06:54.049+0000] {logging_mixin.py:120} INFO - [2022-11-20T13:06:54.049+0000] {dag.py:2585} INFO - Sync 1 DAGs
[2022-11-20T13:06:54.066+0000] {logging_mixin.py:120} INFO - [2022-11-20T13:06:54.066+0000] {dag.py:3340} INFO - Setting next_dagrun for example_local_kubernetes_executor to None, run_after=None
[2022-11-20T13:06:54.078+0000] {processor.py:176} INFO - Processing /home/airflow/.local/lib/python3.7/site-packages/airflow/example_dags/example_local_kubernetes_executor.py took 0.085 seconds
[2022-11-20T13:18:24.189+0000] {processor.py:154} INFO - Started process (PID=1112) to work on /home/airflow/.local/lib/python3.7/site-packages/airflow/example_dags/example_local_kubernetes_executor.py
[2022-11-20T13:18:24.190+0000] {processor.py:756} INFO - Processing file /home/airflow/.local/lib/python3.7/site-packages/airflow/example_dags/example_local_kubernetes_executor.py for tasks to queue
[2022-11-20T13:18:24.190+0000] {logging_mixin.py:120} INFO - [2022-11-20T13:18:24.190+0000] {dagbag.py:537} INFO - Filling up the DagBag from /home/airflow/.local/lib/python3.7/site-packages/airflow/example_dags/example_local_kubernetes_executor.py
[2022-11-20T13:18:24.216+0000] {processor.py:766} INFO - DAG(s) dict_keys(['example_local_kubernetes_executor']) retrieved from /home/airflow/.local/lib/python3.7/site-packages/airflow/example_dags/example_local_kubernetes_executor.py
[2022-11-20T13:18:24.269+0000] {logging_mixin.py:120} INFO - [2022-11-20T13:18:24.268+0000] {dag.py:2585} INFO - Sync 1 DAGs
[2022-11-20T13:18:24.296+0000] {logging_mixin.py:120} INFO - [2022-11-20T13:18:24.296+0000] {dag.py:3340} INFO - Setting next_dagrun for example_local_kubernetes_executor to None, run_after=None
[2022-11-20T13:18:24.310+0000] {processor.py:176} INFO - Processing /home/airflow/.local/lib/python3.7/site-packages/airflow/example_dags/example_local_kubernetes_executor.py took 0.128 seconds
[2022-11-20T13:18:54.375+0000] {processor.py:154} INFO - Started process (PID=1179) to work on /home/airflow/.local/lib/python3.7/site-packages/airflow/example_dags/example_local_kubernetes_executor.py
[2022-11-20T13:18:54.375+0000] {processor.py:756} INFO - Processing file /home/airflow/.local/lib/python3.7/site-packages/airflow/example_dags/example_local_kubernetes_executor.py for tasks to queue
[2022-11-20T13:18:54.376+0000] {logging_mixin.py:120} INFO - [2022-11-20T13:18:54.376+0000] {dagbag.py:537} INFO - Filling up the DagBag from /home/airflow/.local/lib/python3.7/site-packages/airflow/example_dags/example_local_kubernetes_executor.py
[2022-11-20T13:18:54.387+0000] {processor.py:766} INFO - DAG(s) dict_keys(['example_local_kubernetes_executor']) retrieved from /home/airflow/.local/lib/python3.7/site-packages/airflow/example_dags/example_local_kubernetes_executor.py
[2022-11-20T13:18:54.408+0000] {logging_mixin.py:120} INFO - [2022-11-20T13:18:54.408+0000] {dag.py:2585} INFO - Sync 1 DAGs
[2022-11-20T13:18:54.420+0000] {logging_mixin.py:120} INFO - [2022-11-20T13:18:54.420+0000] {dag.py:3340} INFO - Setting next_dagrun for example_local_kubernetes_executor to None, run_after=None
[2022-11-20T13:18:54.428+0000] {processor.py:176} INFO - Processing /home/airflow/.local/lib/python3.7/site-packages/airflow/example_dags/example_local_kubernetes_executor.py took 0.055 seconds
[2022-11-20T13:19:25.406+0000] {processor.py:154} INFO - Started process (PID=1246) to work on /home/airflow/.local/lib/python3.7/site-packages/airflow/example_dags/example_local_kubernetes_executor.py
[2022-11-20T13:19:25.406+0000] {processor.py:756} INFO - Processing file /home/airflow/.local/lib/python3.7/site-packages/airflow/example_dags/example_local_kubernetes_executor.py for tasks to queue
[2022-11-20T13:19:25.407+0000] {logging_mixin.py:120} INFO - [2022-11-20T13:19:25.407+0000] {dagbag.py:537} INFO - Filling up the DagBag from /home/airflow/.local/lib/python3.7/site-packages/airflow/example_dags/example_local_kubernetes_executor.py
[2022-11-20T13:19:25.417+0000] {processor.py:766} INFO - DAG(s) dict_keys(['example_local_kubernetes_executor']) retrieved from /home/airflow/.local/lib/python3.7/site-packages/airflow/example_dags/example_local_kubernetes_executor.py
[2022-11-20T13:19:25.438+0000] {logging_mixin.py:120} INFO - [2022-11-20T13:19:25.438+0000] {dag.py:2585} INFO - Sync 1 DAGs
[2022-11-20T13:19:25.452+0000] {logging_mixin.py:120} INFO - [2022-11-20T13:19:25.452+0000] {dag.py:3340} INFO - Setting next_dagrun for example_local_kubernetes_executor to None, run_after=None
[2022-11-20T13:19:25.462+0000] {processor.py:176} INFO - Processing /home/airflow/.local/lib/python3.7/site-packages/airflow/example_dags/example_local_kubernetes_executor.py took 0.058 seconds
[2022-11-20T13:19:56.313+0000] {processor.py:154} INFO - Started process (PID=1315) to work on /home/airflow/.local/lib/python3.7/site-packages/airflow/example_dags/example_local_kubernetes_executor.py
[2022-11-20T13:19:56.313+0000] {processor.py:756} INFO - Processing file /home/airflow/.local/lib/python3.7/site-packages/airflow/example_dags/example_local_kubernetes_executor.py for tasks to queue
[2022-11-20T13:19:56.314+0000] {logging_mixin.py:120} INFO - [2022-11-20T13:19:56.314+0000] {dagbag.py:537} INFO - Filling up the DagBag from /home/airflow/.local/lib/python3.7/site-packages/airflow/example_dags/example_local_kubernetes_executor.py
[2022-11-20T13:19:56.326+0000] {processor.py:766} INFO - DAG(s) dict_keys(['example_local_kubernetes_executor']) retrieved from /home/airflow/.local/lib/python3.7/site-packages/airflow/example_dags/example_local_kubernetes_executor.py
[2022-11-20T13:19:56.365+0000] {logging_mixin.py:120} INFO - [2022-11-20T13:19:56.365+0000] {dag.py:2585} INFO - Sync 1 DAGs
[2022-11-20T13:19:56.384+0000] {logging_mixin.py:120} INFO - [2022-11-20T13:19:56.384+0000] {dag.py:3340} INFO - Setting next_dagrun for example_local_kubernetes_executor to None, run_after=None
[2022-11-20T13:19:56.400+0000] {processor.py:176} INFO - Processing /home/airflow/.local/lib/python3.7/site-packages/airflow/example_dags/example_local_kubernetes_executor.py took 0.090 seconds
[2022-11-20T13:20:27.404+0000] {processor.py:154} INFO - Started process (PID=1373) to work on /home/airflow/.local/lib/python3.7/site-packages/airflow/example_dags/example_local_kubernetes_executor.py
[2022-11-20T13:20:27.404+0000] {processor.py:756} INFO - Processing file /home/airflow/.local/lib/python3.7/site-packages/airflow/example_dags/example_local_kubernetes_executor.py for tasks to queue
[2022-11-20T13:20:27.405+0000] {logging_mixin.py:120} INFO - [2022-11-20T13:20:27.405+0000] {dagbag.py:537} INFO - Filling up the DagBag from /home/airflow/.local/lib/python3.7/site-packages/airflow/example_dags/example_local_kubernetes_executor.py
[2022-11-20T13:20:27.416+0000] {processor.py:766} INFO - DAG(s) dict_keys(['example_local_kubernetes_executor']) retrieved from /home/airflow/.local/lib/python3.7/site-packages/airflow/example_dags/example_local_kubernetes_executor.py
[2022-11-20T13:20:27.437+0000] {logging_mixin.py:120} INFO - [2022-11-20T13:20:27.437+0000] {dag.py:2585} INFO - Sync 1 DAGs
[2022-11-20T13:20:27.450+0000] {logging_mixin.py:120} INFO - [2022-11-20T13:20:27.450+0000] {dag.py:3340} INFO - Setting next_dagrun for example_local_kubernetes_executor to None, run_after=None
[2022-11-20T13:20:27.459+0000] {processor.py:176} INFO - Processing /home/airflow/.local/lib/python3.7/site-packages/airflow/example_dags/example_local_kubernetes_executor.py took 0.057 seconds
[2022-11-20T13:20:58.371+0000] {processor.py:154} INFO - Started process (PID=1440) to work on /home/airflow/.local/lib/python3.7/site-packages/airflow/example_dags/example_local_kubernetes_executor.py
[2022-11-20T13:20:58.372+0000] {processor.py:756} INFO - Processing file /home/airflow/.local/lib/python3.7/site-packages/airflow/example_dags/example_local_kubernetes_executor.py for tasks to queue
[2022-11-20T13:20:58.372+0000] {logging_mixin.py:120} INFO - [2022-11-20T13:20:58.372+0000] {dagbag.py:537} INFO - Filling up the DagBag from /home/airflow/.local/lib/python3.7/site-packages/airflow/example_dags/example_local_kubernetes_executor.py
[2022-11-20T13:20:58.386+0000] {processor.py:766} INFO - DAG(s) dict_keys(['example_local_kubernetes_executor']) retrieved from /home/airflow/.local/lib/python3.7/site-packages/airflow/example_dags/example_local_kubernetes_executor.py
[2022-11-20T13:20:58.407+0000] {logging_mixin.py:120} INFO - [2022-11-20T13:20:58.407+0000] {dag.py:2585} INFO - Sync 1 DAGs
[2022-11-20T13:20:58.420+0000] {logging_mixin.py:120} INFO - [2022-11-20T13:20:58.420+0000] {dag.py:3340} INFO - Setting next_dagrun for example_local_kubernetes_executor to None, run_after=None
[2022-11-20T13:20:58.431+0000] {processor.py:176} INFO - Processing /home/airflow/.local/lib/python3.7/site-packages/airflow/example_dags/example_local_kubernetes_executor.py took 0.062 seconds
[2022-11-20T13:21:29.408+0000] {processor.py:154} INFO - Started process (PID=1508) to work on /home/airflow/.local/lib/python3.7/site-packages/airflow/example_dags/example_local_kubernetes_executor.py
[2022-11-20T13:21:29.409+0000] {processor.py:756} INFO - Processing file /home/airflow/.local/lib/python3.7/site-packages/airflow/example_dags/example_local_kubernetes_executor.py for tasks to queue
[2022-11-20T13:21:29.409+0000] {logging_mixin.py:120} INFO - [2022-11-20T13:21:29.409+0000] {dagbag.py:537} INFO - Filling up the DagBag from /home/airflow/.local/lib/python3.7/site-packages/airflow/example_dags/example_local_kubernetes_executor.py
[2022-11-20T13:21:29.422+0000] {processor.py:766} INFO - DAG(s) dict_keys(['example_local_kubernetes_executor']) retrieved from /home/airflow/.local/lib/python3.7/site-packages/airflow/example_dags/example_local_kubernetes_executor.py
[2022-11-20T13:21:29.444+0000] {logging_mixin.py:120} INFO - [2022-11-20T13:21:29.444+0000] {dag.py:2585} INFO - Sync 1 DAGs
[2022-11-20T13:21:29.456+0000] {logging_mixin.py:120} INFO - [2022-11-20T13:21:29.456+0000] {dag.py:3340} INFO - Setting next_dagrun for example_local_kubernetes_executor to None, run_after=None
[2022-11-20T13:21:29.466+0000] {processor.py:176} INFO - Processing /home/airflow/.local/lib/python3.7/site-packages/airflow/example_dags/example_local_kubernetes_executor.py took 0.061 seconds
[2022-11-20T13:22:00.348+0000] {processor.py:154} INFO - Started process (PID=1573) to work on /home/airflow/.local/lib/python3.7/site-packages/airflow/example_dags/example_local_kubernetes_executor.py
[2022-11-20T13:22:00.349+0000] {processor.py:756} INFO - Processing file /home/airflow/.local/lib/python3.7/site-packages/airflow/example_dags/example_local_kubernetes_executor.py for tasks to queue
[2022-11-20T13:22:00.350+0000] {logging_mixin.py:120} INFO - [2022-11-20T13:22:00.350+0000] {dagbag.py:537} INFO - Filling up the DagBag from /home/airflow/.local/lib/python3.7/site-packages/airflow/example_dags/example_local_kubernetes_executor.py
[2022-11-20T13:22:00.362+0000] {processor.py:766} INFO - DAG(s) dict_keys(['example_local_kubernetes_executor']) retrieved from /home/airflow/.local/lib/python3.7/site-packages/airflow/example_dags/example_local_kubernetes_executor.py
[2022-11-20T13:22:00.384+0000] {logging_mixin.py:120} INFO - [2022-11-20T13:22:00.384+0000] {dag.py:2585} INFO - Sync 1 DAGs
[2022-11-20T13:22:00.397+0000] {logging_mixin.py:120} INFO - [2022-11-20T13:22:00.397+0000] {dag.py:3340} INFO - Setting next_dagrun for example_local_kubernetes_executor to None, run_after=None
[2022-11-20T13:22:00.409+0000] {processor.py:176} INFO - Processing /home/airflow/.local/lib/python3.7/site-packages/airflow/example_dags/example_local_kubernetes_executor.py took 0.063 seconds
[2022-11-20T13:22:31.655+0000] {processor.py:154} INFO - Started process (PID=1643) to work on /home/airflow/.local/lib/python3.7/site-packages/airflow/example_dags/example_local_kubernetes_executor.py
[2022-11-20T13:22:31.656+0000] {processor.py:756} INFO - Processing file /home/airflow/.local/lib/python3.7/site-packages/airflow/example_dags/example_local_kubernetes_executor.py for tasks to queue
[2022-11-20T13:22:31.656+0000] {logging_mixin.py:120} INFO - [2022-11-20T13:22:31.656+0000] {dagbag.py:537} INFO - Filling up the DagBag from /home/airflow/.local/lib/python3.7/site-packages/airflow/example_dags/example_local_kubernetes_executor.py
[2022-11-20T13:22:31.670+0000] {processor.py:766} INFO - DAG(s) dict_keys(['example_local_kubernetes_executor']) retrieved from /home/airflow/.local/lib/python3.7/site-packages/airflow/example_dags/example_local_kubernetes_executor.py
[2022-11-20T13:22:31.693+0000] {logging_mixin.py:120} INFO - [2022-11-20T13:22:31.693+0000] {dag.py:2585} INFO - Sync 1 DAGs
[2022-11-20T13:22:31.708+0000] {logging_mixin.py:120} INFO - [2022-11-20T13:22:31.708+0000] {dag.py:3340} INFO - Setting next_dagrun for example_local_kubernetes_executor to None, run_after=None
[2022-11-20T13:22:31.720+0000] {processor.py:176} INFO - Processing /home/airflow/.local/lib/python3.7/site-packages/airflow/example_dags/example_local_kubernetes_executor.py took 0.067 seconds
[2022-11-20T13:23:02.816+0000] {processor.py:154} INFO - Started process (PID=1710) to work on /home/airflow/.local/lib/python3.7/site-packages/airflow/example_dags/example_local_kubernetes_executor.py
[2022-11-20T13:23:02.817+0000] {processor.py:756} INFO - Processing file /home/airflow/.local/lib/python3.7/site-packages/airflow/example_dags/example_local_kubernetes_executor.py for tasks to queue
[2022-11-20T13:23:02.818+0000] {logging_mixin.py:120} INFO - [2022-11-20T13:23:02.817+0000] {dagbag.py:537} INFO - Filling up the DagBag from /home/airflow/.local/lib/python3.7/site-packages/airflow/example_dags/example_local_kubernetes_executor.py
[2022-11-20T13:23:02.831+0000] {processor.py:766} INFO - DAG(s) dict_keys(['example_local_kubernetes_executor']) retrieved from /home/airflow/.local/lib/python3.7/site-packages/airflow/example_dags/example_local_kubernetes_executor.py
[2022-11-20T13:23:02.854+0000] {logging_mixin.py:120} INFO - [2022-11-20T13:23:02.854+0000] {dag.py:2585} INFO - Sync 1 DAGs
[2022-11-20T13:23:02.867+0000] {logging_mixin.py:120} INFO - [2022-11-20T13:23:02.867+0000] {dag.py:3340} INFO - Setting next_dagrun for example_local_kubernetes_executor to None, run_after=None
[2022-11-20T13:23:02.880+0000] {processor.py:176} INFO - Processing /home/airflow/.local/lib/python3.7/site-packages/airflow/example_dags/example_local_kubernetes_executor.py took 0.066 seconds
[2022-11-20T13:23:32.928+0000] {processor.py:154} INFO - Started process (PID=1780) to work on /home/airflow/.local/lib/python3.7/site-packages/airflow/example_dags/example_local_kubernetes_executor.py
[2022-11-20T13:23:32.928+0000] {processor.py:756} INFO - Processing file /home/airflow/.local/lib/python3.7/site-packages/airflow/example_dags/example_local_kubernetes_executor.py for tasks to queue
[2022-11-20T13:23:32.929+0000] {logging_mixin.py:120} INFO - [2022-11-20T13:23:32.929+0000] {dagbag.py:537} INFO - Filling up the DagBag from /home/airflow/.local/lib/python3.7/site-packages/airflow/example_dags/example_local_kubernetes_executor.py
[2022-11-20T13:23:32.948+0000] {processor.py:766} INFO - DAG(s) dict_keys(['example_local_kubernetes_executor']) retrieved from /home/airflow/.local/lib/python3.7/site-packages/airflow/example_dags/example_local_kubernetes_executor.py
[2022-11-20T13:23:33.013+0000] {logging_mixin.py:120} INFO - [2022-11-20T13:23:33.013+0000] {dag.py:2585} INFO - Sync 1 DAGs
[2022-11-20T13:23:33.027+0000] {logging_mixin.py:120} INFO - [2022-11-20T13:23:33.026+0000] {dag.py:3340} INFO - Setting next_dagrun for example_local_kubernetes_executor to None, run_after=None
[2022-11-20T13:23:33.037+0000] {processor.py:176} INFO - Processing /home/airflow/.local/lib/python3.7/site-packages/airflow/example_dags/example_local_kubernetes_executor.py took 0.111 seconds
[2022-11-20T13:24:03.117+0000] {processor.py:154} INFO - Started process (PID=1839) to work on /home/airflow/.local/lib/python3.7/site-packages/airflow/example_dags/example_local_kubernetes_executor.py
[2022-11-20T13:24:03.117+0000] {processor.py:756} INFO - Processing file /home/airflow/.local/lib/python3.7/site-packages/airflow/example_dags/example_local_kubernetes_executor.py for tasks to queue
[2022-11-20T13:24:03.118+0000] {logging_mixin.py:120} INFO - [2022-11-20T13:24:03.118+0000] {dagbag.py:537} INFO - Filling up the DagBag from /home/airflow/.local/lib/python3.7/site-packages/airflow/example_dags/example_local_kubernetes_executor.py
[2022-11-20T13:24:03.129+0000] {processor.py:766} INFO - DAG(s) dict_keys(['example_local_kubernetes_executor']) retrieved from /home/airflow/.local/lib/python3.7/site-packages/airflow/example_dags/example_local_kubernetes_executor.py
[2022-11-20T13:24:03.149+0000] {logging_mixin.py:120} INFO - [2022-11-20T13:24:03.148+0000] {dag.py:2585} INFO - Sync 1 DAGs
[2022-11-20T13:24:03.160+0000] {logging_mixin.py:120} INFO - [2022-11-20T13:24:03.160+0000] {dag.py:3340} INFO - Setting next_dagrun for example_local_kubernetes_executor to None, run_after=None
[2022-11-20T13:24:03.171+0000] {processor.py:176} INFO - Processing /home/airflow/.local/lib/python3.7/site-packages/airflow/example_dags/example_local_kubernetes_executor.py took 0.055 seconds
[2022-11-20T13:24:34.068+0000] {processor.py:154} INFO - Started process (PID=1908) to work on /home/airflow/.local/lib/python3.7/site-packages/airflow/example_dags/example_local_kubernetes_executor.py
[2022-11-20T13:24:34.069+0000] {processor.py:756} INFO - Processing file /home/airflow/.local/lib/python3.7/site-packages/airflow/example_dags/example_local_kubernetes_executor.py for tasks to queue
[2022-11-20T13:24:34.069+0000] {logging_mixin.py:120} INFO - [2022-11-20T13:24:34.069+0000] {dagbag.py:537} INFO - Filling up the DagBag from /home/airflow/.local/lib/python3.7/site-packages/airflow/example_dags/example_local_kubernetes_executor.py
[2022-11-20T13:24:34.081+0000] {processor.py:766} INFO - DAG(s) dict_keys(['example_local_kubernetes_executor']) retrieved from /home/airflow/.local/lib/python3.7/site-packages/airflow/example_dags/example_local_kubernetes_executor.py
[2022-11-20T13:24:34.101+0000] {logging_mixin.py:120} INFO - [2022-11-20T13:24:34.101+0000] {dag.py:2585} INFO - Sync 1 DAGs
[2022-11-20T13:24:34.114+0000] {logging_mixin.py:120} INFO - [2022-11-20T13:24:34.113+0000] {dag.py:3340} INFO - Setting next_dagrun for example_local_kubernetes_executor to None, run_after=None
[2022-11-20T13:24:34.150+0000] {processor.py:176} INFO - Processing /home/airflow/.local/lib/python3.7/site-packages/airflow/example_dags/example_local_kubernetes_executor.py took 0.084 seconds
[2022-11-20T13:25:04.980+0000] {processor.py:154} INFO - Started process (PID=1976) to work on /home/airflow/.local/lib/python3.7/site-packages/airflow/example_dags/example_local_kubernetes_executor.py
[2022-11-20T13:25:04.981+0000] {processor.py:756} INFO - Processing file /home/airflow/.local/lib/python3.7/site-packages/airflow/example_dags/example_local_kubernetes_executor.py for tasks to queue
[2022-11-20T13:25:04.982+0000] {logging_mixin.py:120} INFO - [2022-11-20T13:25:04.981+0000] {dagbag.py:537} INFO - Filling up the DagBag from /home/airflow/.local/lib/python3.7/site-packages/airflow/example_dags/example_local_kubernetes_executor.py
[2022-11-20T13:25:04.993+0000] {processor.py:766} INFO - DAG(s) dict_keys(['example_local_kubernetes_executor']) retrieved from /home/airflow/.local/lib/python3.7/site-packages/airflow/example_dags/example_local_kubernetes_executor.py
[2022-11-20T13:25:05.014+0000] {logging_mixin.py:120} INFO - [2022-11-20T13:25:05.014+0000] {dag.py:2585} INFO - Sync 1 DAGs
[2022-11-20T13:25:05.027+0000] {logging_mixin.py:120} INFO - [2022-11-20T13:25:05.027+0000] {dag.py:3340} INFO - Setting next_dagrun for example_local_kubernetes_executor to None, run_after=None
[2022-11-20T13:25:05.036+0000] {processor.py:176} INFO - Processing /home/airflow/.local/lib/python3.7/site-packages/airflow/example_dags/example_local_kubernetes_executor.py took 0.058 seconds
[2022-11-20T13:25:35.678+0000] {processor.py:154} INFO - Started process (PID=2047) to work on /home/airflow/.local/lib/python3.7/site-packages/airflow/example_dags/example_local_kubernetes_executor.py
[2022-11-20T13:25:35.679+0000] {processor.py:756} INFO - Processing file /home/airflow/.local/lib/python3.7/site-packages/airflow/example_dags/example_local_kubernetes_executor.py for tasks to queue
[2022-11-20T13:25:35.679+0000] {logging_mixin.py:120} INFO - [2022-11-20T13:25:35.679+0000] {dagbag.py:537} INFO - Filling up the DagBag from /home/airflow/.local/lib/python3.7/site-packages/airflow/example_dags/example_local_kubernetes_executor.py
[2022-11-20T13:25:35.691+0000] {processor.py:766} INFO - DAG(s) dict_keys(['example_local_kubernetes_executor']) retrieved from /home/airflow/.local/lib/python3.7/site-packages/airflow/example_dags/example_local_kubernetes_executor.py
[2022-11-20T13:25:35.714+0000] {logging_mixin.py:120} INFO - [2022-11-20T13:25:35.714+0000] {dag.py:2585} INFO - Sync 1 DAGs
[2022-11-20T13:25:35.726+0000] {logging_mixin.py:120} INFO - [2022-11-20T13:25:35.726+0000] {dag.py:3340} INFO - Setting next_dagrun for example_local_kubernetes_executor to None, run_after=None
[2022-11-20T13:25:35.737+0000] {processor.py:176} INFO - Processing /home/airflow/.local/lib/python3.7/site-packages/airflow/example_dags/example_local_kubernetes_executor.py took 0.061 seconds
[2022-11-20T13:58:08.148+0000] {processor.py:154} INFO - Started process (PID=2095) to work on /home/airflow/.local/lib/python3.7/site-packages/airflow/example_dags/example_local_kubernetes_executor.py
[2022-11-20T13:58:08.149+0000] {processor.py:756} INFO - Processing file /home/airflow/.local/lib/python3.7/site-packages/airflow/example_dags/example_local_kubernetes_executor.py for tasks to queue
[2022-11-20T13:58:08.150+0000] {logging_mixin.py:120} INFO - [2022-11-20T13:58:08.150+0000] {dagbag.py:537} INFO - Filling up the DagBag from /home/airflow/.local/lib/python3.7/site-packages/airflow/example_dags/example_local_kubernetes_executor.py
[2022-11-20T13:58:08.166+0000] {processor.py:766} INFO - DAG(s) dict_keys(['example_local_kubernetes_executor']) retrieved from /home/airflow/.local/lib/python3.7/site-packages/airflow/example_dags/example_local_kubernetes_executor.py
[2022-11-20T13:58:08.188+0000] {logging_mixin.py:120} INFO - [2022-11-20T13:58:08.187+0000] {dag.py:2585} INFO - Sync 1 DAGs
[2022-11-20T13:58:08.201+0000] {logging_mixin.py:120} INFO - [2022-11-20T13:58:08.201+0000] {dag.py:3340} INFO - Setting next_dagrun for example_local_kubernetes_executor to None, run_after=None
[2022-11-20T13:58:08.212+0000] {processor.py:176} INFO - Processing /home/airflow/.local/lib/python3.7/site-packages/airflow/example_dags/example_local_kubernetes_executor.py took 0.066 seconds
[2022-11-20T14:14:23.054+0000] {processor.py:154} INFO - Started process (PID=2145) to work on /home/airflow/.local/lib/python3.7/site-packages/airflow/example_dags/example_local_kubernetes_executor.py
[2022-11-20T14:14:23.055+0000] {processor.py:756} INFO - Processing file /home/airflow/.local/lib/python3.7/site-packages/airflow/example_dags/example_local_kubernetes_executor.py for tasks to queue
[2022-11-20T14:14:23.055+0000] {logging_mixin.py:120} INFO - [2022-11-20T14:14:23.055+0000] {dagbag.py:537} INFO - Filling up the DagBag from /home/airflow/.local/lib/python3.7/site-packages/airflow/example_dags/example_local_kubernetes_executor.py
[2022-11-20T14:14:23.069+0000] {processor.py:766} INFO - DAG(s) dict_keys(['example_local_kubernetes_executor']) retrieved from /home/airflow/.local/lib/python3.7/site-packages/airflow/example_dags/example_local_kubernetes_executor.py
[2022-11-20T14:14:23.090+0000] {logging_mixin.py:120} INFO - [2022-11-20T14:14:23.090+0000] {dag.py:2585} INFO - Sync 1 DAGs
[2022-11-20T14:14:23.104+0000] {logging_mixin.py:120} INFO - [2022-11-20T14:14:23.104+0000] {dag.py:3340} INFO - Setting next_dagrun for example_local_kubernetes_executor to None, run_after=None
[2022-11-20T14:14:23.114+0000] {processor.py:176} INFO - Processing /home/airflow/.local/lib/python3.7/site-packages/airflow/example_dags/example_local_kubernetes_executor.py took 0.062 seconds
[2022-11-20T14:44:49.188+0000] {processor.py:154} INFO - Started process (PID=2192) to work on /home/airflow/.local/lib/python3.7/site-packages/airflow/example_dags/example_local_kubernetes_executor.py
[2022-11-20T14:44:49.189+0000] {processor.py:756} INFO - Processing file /home/airflow/.local/lib/python3.7/site-packages/airflow/example_dags/example_local_kubernetes_executor.py for tasks to queue
[2022-11-20T14:44:49.189+0000] {logging_mixin.py:120} INFO - [2022-11-20T14:44:49.189+0000] {dagbag.py:537} INFO - Filling up the DagBag from /home/airflow/.local/lib/python3.7/site-packages/airflow/example_dags/example_local_kubernetes_executor.py
[2022-11-20T14:44:49.200+0000] {processor.py:766} INFO - DAG(s) dict_keys(['example_local_kubernetes_executor']) retrieved from /home/airflow/.local/lib/python3.7/site-packages/airflow/example_dags/example_local_kubernetes_executor.py
[2022-11-20T14:44:49.219+0000] {logging_mixin.py:120} INFO - [2022-11-20T14:44:49.219+0000] {dag.py:2585} INFO - Sync 1 DAGs
[2022-11-20T14:44:49.232+0000] {logging_mixin.py:120} INFO - [2022-11-20T14:44:49.232+0000] {dag.py:3340} INFO - Setting next_dagrun for example_local_kubernetes_executor to None, run_after=None
[2022-11-20T14:44:49.242+0000] {processor.py:176} INFO - Processing /home/airflow/.local/lib/python3.7/site-packages/airflow/example_dags/example_local_kubernetes_executor.py took 0.056 seconds
[2022-11-20T15:18:06.611+0000] {processor.py:154} INFO - Started process (PID=2239) to work on /home/airflow/.local/lib/python3.7/site-packages/airflow/example_dags/example_local_kubernetes_executor.py
[2022-11-20T15:18:06.612+0000] {processor.py:756} INFO - Processing file /home/airflow/.local/lib/python3.7/site-packages/airflow/example_dags/example_local_kubernetes_executor.py for tasks to queue
[2022-11-20T15:18:06.614+0000] {logging_mixin.py:120} INFO - [2022-11-20T15:18:06.613+0000] {dagbag.py:537} INFO - Filling up the DagBag from /home/airflow/.local/lib/python3.7/site-packages/airflow/example_dags/example_local_kubernetes_executor.py
[2022-11-20T15:18:06.632+0000] {processor.py:766} INFO - DAG(s) dict_keys(['example_local_kubernetes_executor']) retrieved from /home/airflow/.local/lib/python3.7/site-packages/airflow/example_dags/example_local_kubernetes_executor.py
[2022-11-20T15:18:06.656+0000] {logging_mixin.py:120} INFO - [2022-11-20T15:18:06.656+0000] {dag.py:2585} INFO - Sync 1 DAGs
[2022-11-20T15:18:06.670+0000] {logging_mixin.py:120} INFO - [2022-11-20T15:18:06.670+0000] {dag.py:3340} INFO - Setting next_dagrun for example_local_kubernetes_executor to None, run_after=None
[2022-11-20T15:18:06.681+0000] {processor.py:176} INFO - Processing /home/airflow/.local/lib/python3.7/site-packages/airflow/example_dags/example_local_kubernetes_executor.py took 0.072 seconds
[2022-11-20T15:39:04.331+0000] {processor.py:154} INFO - Started process (PID=2276) to work on /home/airflow/.local/lib/python3.7/site-packages/airflow/example_dags/example_local_kubernetes_executor.py
[2022-11-20T15:39:04.332+0000] {processor.py:756} INFO - Processing file /home/airflow/.local/lib/python3.7/site-packages/airflow/example_dags/example_local_kubernetes_executor.py for tasks to queue
[2022-11-20T15:39:04.334+0000] {logging_mixin.py:120} INFO - [2022-11-20T15:39:04.334+0000] {dagbag.py:537} INFO - Filling up the DagBag from /home/airflow/.local/lib/python3.7/site-packages/airflow/example_dags/example_local_kubernetes_executor.py
[2022-11-20T15:39:04.352+0000] {processor.py:766} INFO - DAG(s) dict_keys(['example_local_kubernetes_executor']) retrieved from /home/airflow/.local/lib/python3.7/site-packages/airflow/example_dags/example_local_kubernetes_executor.py
[2022-11-20T15:39:04.396+0000] {logging_mixin.py:120} INFO - [2022-11-20T15:39:04.396+0000] {dag.py:2585} INFO - Sync 1 DAGs
[2022-11-20T15:39:04.420+0000] {logging_mixin.py:120} INFO - [2022-11-20T15:39:04.420+0000] {dag.py:3340} INFO - Setting next_dagrun for example_local_kubernetes_executor to None, run_after=None
[2022-11-20T15:39:04.438+0000] {processor.py:176} INFO - Processing /home/airflow/.local/lib/python3.7/site-packages/airflow/example_dags/example_local_kubernetes_executor.py took 0.108 seconds
[2022-11-20T15:51:04.803+0000] {processor.py:154} INFO - Started process (PID=2322) to work on /home/airflow/.local/lib/python3.7/site-packages/airflow/example_dags/example_local_kubernetes_executor.py
[2022-11-20T15:51:04.804+0000] {processor.py:756} INFO - Processing file /home/airflow/.local/lib/python3.7/site-packages/airflow/example_dags/example_local_kubernetes_executor.py for tasks to queue
[2022-11-20T15:51:04.805+0000] {logging_mixin.py:120} INFO - [2022-11-20T15:51:04.805+0000] {dagbag.py:537} INFO - Filling up the DagBag from /home/airflow/.local/lib/python3.7/site-packages/airflow/example_dags/example_local_kubernetes_executor.py
[2022-11-20T15:51:04.821+0000] {processor.py:766} INFO - DAG(s) dict_keys(['example_local_kubernetes_executor']) retrieved from /home/airflow/.local/lib/python3.7/site-packages/airflow/example_dags/example_local_kubernetes_executor.py
[2022-11-20T15:51:04.850+0000] {logging_mixin.py:120} INFO - [2022-11-20T15:51:04.850+0000] {dag.py:2585} INFO - Sync 1 DAGs
[2022-11-20T15:51:04.868+0000] {logging_mixin.py:120} INFO - [2022-11-20T15:51:04.868+0000] {dag.py:3340} INFO - Setting next_dagrun for example_local_kubernetes_executor to None, run_after=None
[2022-11-20T15:51:04.885+0000] {processor.py:176} INFO - Processing /home/airflow/.local/lib/python3.7/site-packages/airflow/example_dags/example_local_kubernetes_executor.py took 0.083 seconds
[2022-11-20T16:06:46.386+0000] {processor.py:154} INFO - Started process (PID=2368) to work on /home/airflow/.local/lib/python3.7/site-packages/airflow/example_dags/example_local_kubernetes_executor.py
[2022-11-20T16:06:46.388+0000] {processor.py:756} INFO - Processing file /home/airflow/.local/lib/python3.7/site-packages/airflow/example_dags/example_local_kubernetes_executor.py for tasks to queue
[2022-11-20T16:06:46.388+0000] {logging_mixin.py:120} INFO - [2022-11-20T16:06:46.388+0000] {dagbag.py:537} INFO - Filling up the DagBag from /home/airflow/.local/lib/python3.7/site-packages/airflow/example_dags/example_local_kubernetes_executor.py
[2022-11-20T16:06:46.405+0000] {processor.py:766} INFO - DAG(s) dict_keys(['example_local_kubernetes_executor']) retrieved from /home/airflow/.local/lib/python3.7/site-packages/airflow/example_dags/example_local_kubernetes_executor.py
[2022-11-20T16:06:46.446+0000] {logging_mixin.py:120} INFO - [2022-11-20T16:06:46.446+0000] {dag.py:2585} INFO - Sync 1 DAGs
[2022-11-20T16:06:46.466+0000] {logging_mixin.py:120} INFO - [2022-11-20T16:06:46.466+0000] {dag.py:3340} INFO - Setting next_dagrun for example_local_kubernetes_executor to None, run_after=None
[2022-11-20T16:06:46.476+0000] {processor.py:176} INFO - Processing /home/airflow/.local/lib/python3.7/site-packages/airflow/example_dags/example_local_kubernetes_executor.py took 0.092 seconds
[2022-11-20T16:08:34.318+0000] {processor.py:154} INFO - Started process (PID=2419) to work on /home/airflow/.local/lib/python3.7/site-packages/airflow/example_dags/example_local_kubernetes_executor.py
[2022-11-20T16:08:34.319+0000] {processor.py:756} INFO - Processing file /home/airflow/.local/lib/python3.7/site-packages/airflow/example_dags/example_local_kubernetes_executor.py for tasks to queue
[2022-11-20T16:08:34.319+0000] {logging_mixin.py:120} INFO - [2022-11-20T16:08:34.319+0000] {dagbag.py:537} INFO - Filling up the DagBag from /home/airflow/.local/lib/python3.7/site-packages/airflow/example_dags/example_local_kubernetes_executor.py
[2022-11-20T16:08:34.329+0000] {processor.py:766} INFO - DAG(s) dict_keys(['example_local_kubernetes_executor']) retrieved from /home/airflow/.local/lib/python3.7/site-packages/airflow/example_dags/example_local_kubernetes_executor.py
[2022-11-20T16:08:34.349+0000] {logging_mixin.py:120} INFO - [2022-11-20T16:08:34.348+0000] {dag.py:2585} INFO - Sync 1 DAGs
[2022-11-20T16:08:34.360+0000] {logging_mixin.py:120} INFO - [2022-11-20T16:08:34.360+0000] {dag.py:3340} INFO - Setting next_dagrun for example_local_kubernetes_executor to None, run_after=None
[2022-11-20T16:08:34.371+0000] {processor.py:176} INFO - Processing /home/airflow/.local/lib/python3.7/site-packages/airflow/example_dags/example_local_kubernetes_executor.py took 0.055 seconds
[2022-11-20T16:28:00.391+0000] {processor.py:154} INFO - Started process (PID=2465) to work on /home/airflow/.local/lib/python3.7/site-packages/airflow/example_dags/example_local_kubernetes_executor.py
[2022-11-20T16:28:00.392+0000] {processor.py:756} INFO - Processing file /home/airflow/.local/lib/python3.7/site-packages/airflow/example_dags/example_local_kubernetes_executor.py for tasks to queue
[2022-11-20T16:28:00.392+0000] {logging_mixin.py:120} INFO - [2022-11-20T16:28:00.392+0000] {dagbag.py:537} INFO - Filling up the DagBag from /home/airflow/.local/lib/python3.7/site-packages/airflow/example_dags/example_local_kubernetes_executor.py
[2022-11-20T16:28:00.404+0000] {processor.py:766} INFO - DAG(s) dict_keys(['example_local_kubernetes_executor']) retrieved from /home/airflow/.local/lib/python3.7/site-packages/airflow/example_dags/example_local_kubernetes_executor.py
[2022-11-20T16:28:00.424+0000] {logging_mixin.py:120} INFO - [2022-11-20T16:28:00.424+0000] {dag.py:2585} INFO - Sync 1 DAGs
[2022-11-20T16:28:00.437+0000] {logging_mixin.py:120} INFO - [2022-11-20T16:28:00.437+0000] {dag.py:3340} INFO - Setting next_dagrun for example_local_kubernetes_executor to None, run_after=None
[2022-11-20T16:28:00.446+0000] {processor.py:176} INFO - Processing /home/airflow/.local/lib/python3.7/site-packages/airflow/example_dags/example_local_kubernetes_executor.py took 0.057 seconds
[2022-11-20T16:43:50.737+0000] {processor.py:154} INFO - Started process (PID=2514) to work on /home/airflow/.local/lib/python3.7/site-packages/airflow/example_dags/example_local_kubernetes_executor.py
[2022-11-20T16:43:50.738+0000] {processor.py:756} INFO - Processing file /home/airflow/.local/lib/python3.7/site-packages/airflow/example_dags/example_local_kubernetes_executor.py for tasks to queue
[2022-11-20T16:43:50.739+0000] {logging_mixin.py:120} INFO - [2022-11-20T16:43:50.739+0000] {dagbag.py:537} INFO - Filling up the DagBag from /home/airflow/.local/lib/python3.7/site-packages/airflow/example_dags/example_local_kubernetes_executor.py
[2022-11-20T16:43:50.757+0000] {processor.py:766} INFO - DAG(s) dict_keys(['example_local_kubernetes_executor']) retrieved from /home/airflow/.local/lib/python3.7/site-packages/airflow/example_dags/example_local_kubernetes_executor.py
[2022-11-20T16:43:50.782+0000] {logging_mixin.py:120} INFO - [2022-11-20T16:43:50.782+0000] {dag.py:2585} INFO - Sync 1 DAGs
[2022-11-20T16:43:50.804+0000] {logging_mixin.py:120} INFO - [2022-11-20T16:43:50.804+0000] {dag.py:3340} INFO - Setting next_dagrun for example_local_kubernetes_executor to None, run_after=None
[2022-11-20T16:43:50.829+0000] {processor.py:176} INFO - Processing /home/airflow/.local/lib/python3.7/site-packages/airflow/example_dags/example_local_kubernetes_executor.py took 0.093 seconds
[2022-11-20T17:17:44.314+0000] {processor.py:154} INFO - Started process (PID=2561) to work on /home/airflow/.local/lib/python3.7/site-packages/airflow/example_dags/example_local_kubernetes_executor.py
[2022-11-20T17:17:44.314+0000] {processor.py:756} INFO - Processing file /home/airflow/.local/lib/python3.7/site-packages/airflow/example_dags/example_local_kubernetes_executor.py for tasks to queue
[2022-11-20T17:17:44.315+0000] {logging_mixin.py:120} INFO - [2022-11-20T17:17:44.315+0000] {dagbag.py:537} INFO - Filling up the DagBag from /home/airflow/.local/lib/python3.7/site-packages/airflow/example_dags/example_local_kubernetes_executor.py
[2022-11-20T17:17:44.326+0000] {processor.py:766} INFO - DAG(s) dict_keys(['example_local_kubernetes_executor']) retrieved from /home/airflow/.local/lib/python3.7/site-packages/airflow/example_dags/example_local_kubernetes_executor.py
[2022-11-20T17:17:44.345+0000] {logging_mixin.py:120} INFO - [2022-11-20T17:17:44.344+0000] {dag.py:2585} INFO - Sync 1 DAGs
[2022-11-20T17:17:44.355+0000] {logging_mixin.py:120} INFO - [2022-11-20T17:17:44.355+0000] {dag.py:3340} INFO - Setting next_dagrun for example_local_kubernetes_executor to None, run_after=None
[2022-11-20T17:17:44.365+0000] {processor.py:176} INFO - Processing /home/airflow/.local/lib/python3.7/site-packages/airflow/example_dags/example_local_kubernetes_executor.py took 0.053 seconds
[2022-11-20T17:22:39.245+0000] {processor.py:154} INFO - Started process (PID=2608) to work on /home/airflow/.local/lib/python3.7/site-packages/airflow/example_dags/example_local_kubernetes_executor.py
[2022-11-20T17:22:39.247+0000] {processor.py:756} INFO - Processing file /home/airflow/.local/lib/python3.7/site-packages/airflow/example_dags/example_local_kubernetes_executor.py for tasks to queue
[2022-11-20T17:22:39.249+0000] {logging_mixin.py:120} INFO - [2022-11-20T17:22:39.249+0000] {dagbag.py:537} INFO - Filling up the DagBag from /home/airflow/.local/lib/python3.7/site-packages/airflow/example_dags/example_local_kubernetes_executor.py
[2022-11-20T17:22:39.261+0000] {processor.py:766} INFO - DAG(s) dict_keys(['example_local_kubernetes_executor']) retrieved from /home/airflow/.local/lib/python3.7/site-packages/airflow/example_dags/example_local_kubernetes_executor.py
[2022-11-20T17:22:39.288+0000] {logging_mixin.py:120} INFO - [2022-11-20T17:22:39.288+0000] {dag.py:2585} INFO - Sync 1 DAGs
[2022-11-20T17:22:39.302+0000] {logging_mixin.py:120} INFO - [2022-11-20T17:22:39.302+0000] {dag.py:3340} INFO - Setting next_dagrun for example_local_kubernetes_executor to None, run_after=None
[2022-11-20T17:22:39.322+0000] {processor.py:176} INFO - Processing /home/airflow/.local/lib/python3.7/site-packages/airflow/example_dags/example_local_kubernetes_executor.py took 0.079 seconds
[2022-11-20T17:23:10.226+0000] {processor.py:154} INFO - Started process (PID=2675) to work on /home/airflow/.local/lib/python3.7/site-packages/airflow/example_dags/example_local_kubernetes_executor.py
[2022-11-20T17:23:10.226+0000] {processor.py:756} INFO - Processing file /home/airflow/.local/lib/python3.7/site-packages/airflow/example_dags/example_local_kubernetes_executor.py for tasks to queue
[2022-11-20T17:23:10.227+0000] {logging_mixin.py:120} INFO - [2022-11-20T17:23:10.227+0000] {dagbag.py:537} INFO - Filling up the DagBag from /home/airflow/.local/lib/python3.7/site-packages/airflow/example_dags/example_local_kubernetes_executor.py
[2022-11-20T17:23:10.239+0000] {processor.py:766} INFO - DAG(s) dict_keys(['example_local_kubernetes_executor']) retrieved from /home/airflow/.local/lib/python3.7/site-packages/airflow/example_dags/example_local_kubernetes_executor.py
[2022-11-20T17:23:10.261+0000] {logging_mixin.py:120} INFO - [2022-11-20T17:23:10.261+0000] {dag.py:2585} INFO - Sync 1 DAGs
[2022-11-20T17:23:10.275+0000] {logging_mixin.py:120} INFO - [2022-11-20T17:23:10.275+0000] {dag.py:3340} INFO - Setting next_dagrun for example_local_kubernetes_executor to None, run_after=None
[2022-11-20T17:23:10.286+0000] {processor.py:176} INFO - Processing /home/airflow/.local/lib/python3.7/site-packages/airflow/example_dags/example_local_kubernetes_executor.py took 0.062 seconds
[2022-11-20T17:23:41.269+0000] {processor.py:154} INFO - Started process (PID=2745) to work on /home/airflow/.local/lib/python3.7/site-packages/airflow/example_dags/example_local_kubernetes_executor.py
[2022-11-20T17:23:41.270+0000] {processor.py:756} INFO - Processing file /home/airflow/.local/lib/python3.7/site-packages/airflow/example_dags/example_local_kubernetes_executor.py for tasks to queue
[2022-11-20T17:23:41.270+0000] {logging_mixin.py:120} INFO - [2022-11-20T17:23:41.270+0000] {dagbag.py:537} INFO - Filling up the DagBag from /home/airflow/.local/lib/python3.7/site-packages/airflow/example_dags/example_local_kubernetes_executor.py
[2022-11-20T17:23:41.283+0000] {processor.py:766} INFO - DAG(s) dict_keys(['example_local_kubernetes_executor']) retrieved from /home/airflow/.local/lib/python3.7/site-packages/airflow/example_dags/example_local_kubernetes_executor.py
[2022-11-20T17:23:41.304+0000] {logging_mixin.py:120} INFO - [2022-11-20T17:23:41.304+0000] {dag.py:2585} INFO - Sync 1 DAGs
[2022-11-20T17:23:41.316+0000] {logging_mixin.py:120} INFO - [2022-11-20T17:23:41.316+0000] {dag.py:3340} INFO - Setting next_dagrun for example_local_kubernetes_executor to None, run_after=None
[2022-11-20T17:23:41.326+0000] {processor.py:176} INFO - Processing /home/airflow/.local/lib/python3.7/site-packages/airflow/example_dags/example_local_kubernetes_executor.py took 0.059 seconds
[2022-11-20T17:24:11.348+0000] {processor.py:154} INFO - Started process (PID=2815) to work on /home/airflow/.local/lib/python3.7/site-packages/airflow/example_dags/example_local_kubernetes_executor.py
[2022-11-20T17:24:11.348+0000] {processor.py:756} INFO - Processing file /home/airflow/.local/lib/python3.7/site-packages/airflow/example_dags/example_local_kubernetes_executor.py for tasks to queue
[2022-11-20T17:24:11.349+0000] {logging_mixin.py:120} INFO - [2022-11-20T17:24:11.349+0000] {dagbag.py:537} INFO - Filling up the DagBag from /home/airflow/.local/lib/python3.7/site-packages/airflow/example_dags/example_local_kubernetes_executor.py
[2022-11-20T17:24:11.360+0000] {processor.py:766} INFO - DAG(s) dict_keys(['example_local_kubernetes_executor']) retrieved from /home/airflow/.local/lib/python3.7/site-packages/airflow/example_dags/example_local_kubernetes_executor.py
[2022-11-20T17:24:11.380+0000] {logging_mixin.py:120} INFO - [2022-11-20T17:24:11.380+0000] {dag.py:2585} INFO - Sync 1 DAGs
[2022-11-20T17:24:11.391+0000] {logging_mixin.py:120} INFO - [2022-11-20T17:24:11.391+0000] {dag.py:3340} INFO - Setting next_dagrun for example_local_kubernetes_executor to None, run_after=None
[2022-11-20T17:24:11.401+0000] {processor.py:176} INFO - Processing /home/airflow/.local/lib/python3.7/site-packages/airflow/example_dags/example_local_kubernetes_executor.py took 0.055 seconds
[2022-11-20T17:24:42.225+0000] {processor.py:154} INFO - Started process (PID=2884) to work on /home/airflow/.local/lib/python3.7/site-packages/airflow/example_dags/example_local_kubernetes_executor.py
[2022-11-20T17:24:42.225+0000] {processor.py:756} INFO - Processing file /home/airflow/.local/lib/python3.7/site-packages/airflow/example_dags/example_local_kubernetes_executor.py for tasks to queue
[2022-11-20T17:24:42.226+0000] {logging_mixin.py:120} INFO - [2022-11-20T17:24:42.226+0000] {dagbag.py:537} INFO - Filling up the DagBag from /home/airflow/.local/lib/python3.7/site-packages/airflow/example_dags/example_local_kubernetes_executor.py
[2022-11-20T17:24:42.238+0000] {processor.py:766} INFO - DAG(s) dict_keys(['example_local_kubernetes_executor']) retrieved from /home/airflow/.local/lib/python3.7/site-packages/airflow/example_dags/example_local_kubernetes_executor.py
[2022-11-20T17:24:42.258+0000] {logging_mixin.py:120} INFO - [2022-11-20T17:24:42.258+0000] {dag.py:2585} INFO - Sync 1 DAGs
[2022-11-20T17:24:42.269+0000] {logging_mixin.py:120} INFO - [2022-11-20T17:24:42.269+0000] {dag.py:3340} INFO - Setting next_dagrun for example_local_kubernetes_executor to None, run_after=None
[2022-11-20T17:24:42.279+0000] {processor.py:176} INFO - Processing /home/airflow/.local/lib/python3.7/site-packages/airflow/example_dags/example_local_kubernetes_executor.py took 0.057 seconds
[2022-11-20T17:25:13.171+0000] {processor.py:154} INFO - Started process (PID=2943) to work on /home/airflow/.local/lib/python3.7/site-packages/airflow/example_dags/example_local_kubernetes_executor.py
[2022-11-20T17:25:13.171+0000] {processor.py:756} INFO - Processing file /home/airflow/.local/lib/python3.7/site-packages/airflow/example_dags/example_local_kubernetes_executor.py for tasks to queue
[2022-11-20T17:25:13.172+0000] {logging_mixin.py:120} INFO - [2022-11-20T17:25:13.172+0000] {dagbag.py:537} INFO - Filling up the DagBag from /home/airflow/.local/lib/python3.7/site-packages/airflow/example_dags/example_local_kubernetes_executor.py
[2022-11-20T17:25:13.184+0000] {processor.py:766} INFO - DAG(s) dict_keys(['example_local_kubernetes_executor']) retrieved from /home/airflow/.local/lib/python3.7/site-packages/airflow/example_dags/example_local_kubernetes_executor.py
[2022-11-20T17:25:13.206+0000] {logging_mixin.py:120} INFO - [2022-11-20T17:25:13.206+0000] {dag.py:2585} INFO - Sync 1 DAGs
[2022-11-20T17:25:13.225+0000] {logging_mixin.py:120} INFO - [2022-11-20T17:25:13.225+0000] {dag.py:3340} INFO - Setting next_dagrun for example_local_kubernetes_executor to None, run_after=None
[2022-11-20T17:25:13.237+0000] {processor.py:176} INFO - Processing /home/airflow/.local/lib/python3.7/site-packages/airflow/example_dags/example_local_kubernetes_executor.py took 0.068 seconds
[2022-11-20T17:25:43.461+0000] {processor.py:154} INFO - Started process (PID=3016) to work on /home/airflow/.local/lib/python3.7/site-packages/airflow/example_dags/example_local_kubernetes_executor.py
[2022-11-20T17:25:43.463+0000] {processor.py:756} INFO - Processing file /home/airflow/.local/lib/python3.7/site-packages/airflow/example_dags/example_local_kubernetes_executor.py for tasks to queue
[2022-11-20T17:25:43.463+0000] {logging_mixin.py:120} INFO - [2022-11-20T17:25:43.463+0000] {dagbag.py:537} INFO - Filling up the DagBag from /home/airflow/.local/lib/python3.7/site-packages/airflow/example_dags/example_local_kubernetes_executor.py
[2022-11-20T17:25:43.484+0000] {processor.py:766} INFO - DAG(s) dict_keys(['example_local_kubernetes_executor']) retrieved from /home/airflow/.local/lib/python3.7/site-packages/airflow/example_dags/example_local_kubernetes_executor.py
[2022-11-20T17:25:43.510+0000] {logging_mixin.py:120} INFO - [2022-11-20T17:25:43.510+0000] {dag.py:2585} INFO - Sync 1 DAGs
[2022-11-20T17:25:43.529+0000] {logging_mixin.py:120} INFO - [2022-11-20T17:25:43.529+0000] {dag.py:3340} INFO - Setting next_dagrun for example_local_kubernetes_executor to None, run_after=None
[2022-11-20T17:25:43.550+0000] {processor.py:176} INFO - Processing /home/airflow/.local/lib/python3.7/site-packages/airflow/example_dags/example_local_kubernetes_executor.py took 0.093 seconds
[2022-11-20T17:26:13.652+0000] {processor.py:154} INFO - Started process (PID=3082) to work on /home/airflow/.local/lib/python3.7/site-packages/airflow/example_dags/example_local_kubernetes_executor.py
[2022-11-20T17:26:13.652+0000] {processor.py:756} INFO - Processing file /home/airflow/.local/lib/python3.7/site-packages/airflow/example_dags/example_local_kubernetes_executor.py for tasks to queue
[2022-11-20T17:26:13.653+0000] {logging_mixin.py:120} INFO - [2022-11-20T17:26:13.653+0000] {dagbag.py:537} INFO - Filling up the DagBag from /home/airflow/.local/lib/python3.7/site-packages/airflow/example_dags/example_local_kubernetes_executor.py
[2022-11-20T17:26:13.664+0000] {processor.py:766} INFO - DAG(s) dict_keys(['example_local_kubernetes_executor']) retrieved from /home/airflow/.local/lib/python3.7/site-packages/airflow/example_dags/example_local_kubernetes_executor.py
[2022-11-20T17:26:13.683+0000] {logging_mixin.py:120} INFO - [2022-11-20T17:26:13.683+0000] {dag.py:2585} INFO - Sync 1 DAGs
[2022-11-20T17:26:13.695+0000] {logging_mixin.py:120} INFO - [2022-11-20T17:26:13.694+0000] {dag.py:3340} INFO - Setting next_dagrun for example_local_kubernetes_executor to None, run_after=None
[2022-11-20T17:26:13.704+0000] {processor.py:176} INFO - Processing /home/airflow/.local/lib/python3.7/site-packages/airflow/example_dags/example_local_kubernetes_executor.py took 0.055 seconds
[2022-11-20T17:26:43.798+0000] {processor.py:154} INFO - Started process (PID=3149) to work on /home/airflow/.local/lib/python3.7/site-packages/airflow/example_dags/example_local_kubernetes_executor.py
[2022-11-20T17:26:43.799+0000] {processor.py:756} INFO - Processing file /home/airflow/.local/lib/python3.7/site-packages/airflow/example_dags/example_local_kubernetes_executor.py for tasks to queue
[2022-11-20T17:26:43.799+0000] {logging_mixin.py:120} INFO - [2022-11-20T17:26:43.799+0000] {dagbag.py:537} INFO - Filling up the DagBag from /home/airflow/.local/lib/python3.7/site-packages/airflow/example_dags/example_local_kubernetes_executor.py
[2022-11-20T17:26:43.811+0000] {processor.py:766} INFO - DAG(s) dict_keys(['example_local_kubernetes_executor']) retrieved from /home/airflow/.local/lib/python3.7/site-packages/airflow/example_dags/example_local_kubernetes_executor.py
[2022-11-20T17:26:43.835+0000] {logging_mixin.py:120} INFO - [2022-11-20T17:26:43.835+0000] {dag.py:2585} INFO - Sync 1 DAGs
[2022-11-20T17:26:43.849+0000] {logging_mixin.py:120} INFO - [2022-11-20T17:26:43.849+0000] {dag.py:3340} INFO - Setting next_dagrun for example_local_kubernetes_executor to None, run_after=None
[2022-11-20T17:26:43.861+0000] {processor.py:176} INFO - Processing /home/airflow/.local/lib/python3.7/site-packages/airflow/example_dags/example_local_kubernetes_executor.py took 0.065 seconds
[2022-11-20T17:27:14.026+0000] {processor.py:154} INFO - Started process (PID=3216) to work on /home/airflow/.local/lib/python3.7/site-packages/airflow/example_dags/example_local_kubernetes_executor.py
[2022-11-20T17:27:14.026+0000] {processor.py:756} INFO - Processing file /home/airflow/.local/lib/python3.7/site-packages/airflow/example_dags/example_local_kubernetes_executor.py for tasks to queue
[2022-11-20T17:27:14.027+0000] {logging_mixin.py:120} INFO - [2022-11-20T17:27:14.027+0000] {dagbag.py:537} INFO - Filling up the DagBag from /home/airflow/.local/lib/python3.7/site-packages/airflow/example_dags/example_local_kubernetes_executor.py
[2022-11-20T17:27:14.039+0000] {processor.py:766} INFO - DAG(s) dict_keys(['example_local_kubernetes_executor']) retrieved from /home/airflow/.local/lib/python3.7/site-packages/airflow/example_dags/example_local_kubernetes_executor.py
[2022-11-20T17:27:14.059+0000] {logging_mixin.py:120} INFO - [2022-11-20T17:27:14.059+0000] {dag.py:2585} INFO - Sync 1 DAGs
[2022-11-20T17:27:14.072+0000] {logging_mixin.py:120} INFO - [2022-11-20T17:27:14.072+0000] {dag.py:3340} INFO - Setting next_dagrun for example_local_kubernetes_executor to None, run_after=None
[2022-11-20T17:27:14.083+0000] {processor.py:176} INFO - Processing /home/airflow/.local/lib/python3.7/site-packages/airflow/example_dags/example_local_kubernetes_executor.py took 0.059 seconds
[2022-11-20T17:27:44.919+0000] {processor.py:154} INFO - Started process (PID=3286) to work on /home/airflow/.local/lib/python3.7/site-packages/airflow/example_dags/example_local_kubernetes_executor.py
[2022-11-20T17:27:44.920+0000] {processor.py:756} INFO - Processing file /home/airflow/.local/lib/python3.7/site-packages/airflow/example_dags/example_local_kubernetes_executor.py for tasks to queue
[2022-11-20T17:27:44.921+0000] {logging_mixin.py:120} INFO - [2022-11-20T17:27:44.921+0000] {dagbag.py:537} INFO - Filling up the DagBag from /home/airflow/.local/lib/python3.7/site-packages/airflow/example_dags/example_local_kubernetes_executor.py
[2022-11-20T17:27:44.936+0000] {processor.py:766} INFO - DAG(s) dict_keys(['example_local_kubernetes_executor']) retrieved from /home/airflow/.local/lib/python3.7/site-packages/airflow/example_dags/example_local_kubernetes_executor.py
[2022-11-20T17:27:44.974+0000] {logging_mixin.py:120} INFO - [2022-11-20T17:27:44.974+0000] {dag.py:2585} INFO - Sync 1 DAGs
[2022-11-20T17:27:44.991+0000] {logging_mixin.py:120} INFO - [2022-11-20T17:27:44.991+0000] {dag.py:3340} INFO - Setting next_dagrun for example_local_kubernetes_executor to None, run_after=None
[2022-11-20T17:27:45.001+0000] {processor.py:176} INFO - Processing /home/airflow/.local/lib/python3.7/site-packages/airflow/example_dags/example_local_kubernetes_executor.py took 0.085 seconds
[2022-11-20T17:28:15.709+0000] {processor.py:154} INFO - Started process (PID=3347) to work on /home/airflow/.local/lib/python3.7/site-packages/airflow/example_dags/example_local_kubernetes_executor.py
[2022-11-20T17:28:15.710+0000] {processor.py:756} INFO - Processing file /home/airflow/.local/lib/python3.7/site-packages/airflow/example_dags/example_local_kubernetes_executor.py for tasks to queue
[2022-11-20T17:28:15.710+0000] {logging_mixin.py:120} INFO - [2022-11-20T17:28:15.710+0000] {dagbag.py:537} INFO - Filling up the DagBag from /home/airflow/.local/lib/python3.7/site-packages/airflow/example_dags/example_local_kubernetes_executor.py
[2022-11-20T17:28:15.724+0000] {processor.py:766} INFO - DAG(s) dict_keys(['example_local_kubernetes_executor']) retrieved from /home/airflow/.local/lib/python3.7/site-packages/airflow/example_dags/example_local_kubernetes_executor.py
[2022-11-20T17:28:15.748+0000] {logging_mixin.py:120} INFO - [2022-11-20T17:28:15.748+0000] {dag.py:2585} INFO - Sync 1 DAGs
[2022-11-20T17:28:15.761+0000] {logging_mixin.py:120} INFO - [2022-11-20T17:28:15.761+0000] {dag.py:3340} INFO - Setting next_dagrun for example_local_kubernetes_executor to None, run_after=None
[2022-11-20T17:28:15.774+0000] {processor.py:176} INFO - Processing /home/airflow/.local/lib/python3.7/site-packages/airflow/example_dags/example_local_kubernetes_executor.py took 0.067 seconds
[2022-11-20T17:28:46.567+0000] {processor.py:154} INFO - Started process (PID=3416) to work on /home/airflow/.local/lib/python3.7/site-packages/airflow/example_dags/example_local_kubernetes_executor.py
[2022-11-20T17:28:46.567+0000] {processor.py:756} INFO - Processing file /home/airflow/.local/lib/python3.7/site-packages/airflow/example_dags/example_local_kubernetes_executor.py for tasks to queue
[2022-11-20T17:28:46.568+0000] {logging_mixin.py:120} INFO - [2022-11-20T17:28:46.568+0000] {dagbag.py:537} INFO - Filling up the DagBag from /home/airflow/.local/lib/python3.7/site-packages/airflow/example_dags/example_local_kubernetes_executor.py
[2022-11-20T17:28:46.580+0000] {processor.py:766} INFO - DAG(s) dict_keys(['example_local_kubernetes_executor']) retrieved from /home/airflow/.local/lib/python3.7/site-packages/airflow/example_dags/example_local_kubernetes_executor.py
[2022-11-20T17:28:46.602+0000] {logging_mixin.py:120} INFO - [2022-11-20T17:28:46.602+0000] {dag.py:2585} INFO - Sync 1 DAGs
[2022-11-20T17:28:46.615+0000] {logging_mixin.py:120} INFO - [2022-11-20T17:28:46.615+0000] {dag.py:3340} INFO - Setting next_dagrun for example_local_kubernetes_executor to None, run_after=None
[2022-11-20T17:28:46.625+0000] {processor.py:176} INFO - Processing /home/airflow/.local/lib/python3.7/site-packages/airflow/example_dags/example_local_kubernetes_executor.py took 0.061 seconds
[2022-11-20T17:29:17.418+0000] {processor.py:154} INFO - Started process (PID=3484) to work on /home/airflow/.local/lib/python3.7/site-packages/airflow/example_dags/example_local_kubernetes_executor.py
[2022-11-20T17:29:17.419+0000] {processor.py:756} INFO - Processing file /home/airflow/.local/lib/python3.7/site-packages/airflow/example_dags/example_local_kubernetes_executor.py for tasks to queue
[2022-11-20T17:29:17.419+0000] {logging_mixin.py:120} INFO - [2022-11-20T17:29:17.419+0000] {dagbag.py:537} INFO - Filling up the DagBag from /home/airflow/.local/lib/python3.7/site-packages/airflow/example_dags/example_local_kubernetes_executor.py
[2022-11-20T17:29:17.433+0000] {processor.py:766} INFO - DAG(s) dict_keys(['example_local_kubernetes_executor']) retrieved from /home/airflow/.local/lib/python3.7/site-packages/airflow/example_dags/example_local_kubernetes_executor.py
[2022-11-20T17:29:17.454+0000] {logging_mixin.py:120} INFO - [2022-11-20T17:29:17.454+0000] {dag.py:2585} INFO - Sync 1 DAGs
[2022-11-20T17:29:17.467+0000] {logging_mixin.py:120} INFO - [2022-11-20T17:29:17.467+0000] {dag.py:3340} INFO - Setting next_dagrun for example_local_kubernetes_executor to None, run_after=None
[2022-11-20T17:29:17.477+0000] {processor.py:176} INFO - Processing /home/airflow/.local/lib/python3.7/site-packages/airflow/example_dags/example_local_kubernetes_executor.py took 0.061 seconds
[2022-11-20T17:29:48.295+0000] {processor.py:154} INFO - Started process (PID=3550) to work on /home/airflow/.local/lib/python3.7/site-packages/airflow/example_dags/example_local_kubernetes_executor.py
[2022-11-20T17:29:48.296+0000] {processor.py:756} INFO - Processing file /home/airflow/.local/lib/python3.7/site-packages/airflow/example_dags/example_local_kubernetes_executor.py for tasks to queue
[2022-11-20T17:29:48.297+0000] {logging_mixin.py:120} INFO - [2022-11-20T17:29:48.297+0000] {dagbag.py:537} INFO - Filling up the DagBag from /home/airflow/.local/lib/python3.7/site-packages/airflow/example_dags/example_local_kubernetes_executor.py
[2022-11-20T17:29:48.310+0000] {processor.py:766} INFO - DAG(s) dict_keys(['example_local_kubernetes_executor']) retrieved from /home/airflow/.local/lib/python3.7/site-packages/airflow/example_dags/example_local_kubernetes_executor.py
[2022-11-20T17:29:48.335+0000] {logging_mixin.py:120} INFO - [2022-11-20T17:29:48.335+0000] {dag.py:2585} INFO - Sync 1 DAGs
[2022-11-20T17:29:48.350+0000] {logging_mixin.py:120} INFO - [2022-11-20T17:29:48.350+0000] {dag.py:3340} INFO - Setting next_dagrun for example_local_kubernetes_executor to None, run_after=None
[2022-11-20T17:29:48.365+0000] {processor.py:176} INFO - Processing /home/airflow/.local/lib/python3.7/site-packages/airflow/example_dags/example_local_kubernetes_executor.py took 0.071 seconds
[2022-11-20T17:30:19.158+0000] {processor.py:154} INFO - Started process (PID=3622) to work on /home/airflow/.local/lib/python3.7/site-packages/airflow/example_dags/example_local_kubernetes_executor.py
[2022-11-20T17:30:19.159+0000] {processor.py:756} INFO - Processing file /home/airflow/.local/lib/python3.7/site-packages/airflow/example_dags/example_local_kubernetes_executor.py for tasks to queue
[2022-11-20T17:30:19.159+0000] {logging_mixin.py:120} INFO - [2022-11-20T17:30:19.159+0000] {dagbag.py:537} INFO - Filling up the DagBag from /home/airflow/.local/lib/python3.7/site-packages/airflow/example_dags/example_local_kubernetes_executor.py
[2022-11-20T17:30:19.171+0000] {processor.py:766} INFO - DAG(s) dict_keys(['example_local_kubernetes_executor']) retrieved from /home/airflow/.local/lib/python3.7/site-packages/airflow/example_dags/example_local_kubernetes_executor.py
[2022-11-20T17:30:19.191+0000] {logging_mixin.py:120} INFO - [2022-11-20T17:30:19.191+0000] {dag.py:2585} INFO - Sync 1 DAGs
[2022-11-20T17:30:19.203+0000] {logging_mixin.py:120} INFO - [2022-11-20T17:30:19.203+0000] {dag.py:3340} INFO - Setting next_dagrun for example_local_kubernetes_executor to None, run_after=None
[2022-11-20T17:30:19.213+0000] {processor.py:176} INFO - Processing /home/airflow/.local/lib/python3.7/site-packages/airflow/example_dags/example_local_kubernetes_executor.py took 0.056 seconds
[2022-11-20T17:30:50.140+0000] {processor.py:154} INFO - Started process (PID=3690) to work on /home/airflow/.local/lib/python3.7/site-packages/airflow/example_dags/example_local_kubernetes_executor.py
[2022-11-20T17:30:50.141+0000] {processor.py:756} INFO - Processing file /home/airflow/.local/lib/python3.7/site-packages/airflow/example_dags/example_local_kubernetes_executor.py for tasks to queue
[2022-11-20T17:30:50.141+0000] {logging_mixin.py:120} INFO - [2022-11-20T17:30:50.141+0000] {dagbag.py:537} INFO - Filling up the DagBag from /home/airflow/.local/lib/python3.7/site-packages/airflow/example_dags/example_local_kubernetes_executor.py
[2022-11-20T17:30:50.153+0000] {processor.py:766} INFO - DAG(s) dict_keys(['example_local_kubernetes_executor']) retrieved from /home/airflow/.local/lib/python3.7/site-packages/airflow/example_dags/example_local_kubernetes_executor.py
[2022-11-20T17:30:50.172+0000] {logging_mixin.py:120} INFO - [2022-11-20T17:30:50.172+0000] {dag.py:2585} INFO - Sync 1 DAGs
[2022-11-20T17:30:50.184+0000] {logging_mixin.py:120} INFO - [2022-11-20T17:30:50.184+0000] {dag.py:3340} INFO - Setting next_dagrun for example_local_kubernetes_executor to None, run_after=None
[2022-11-20T17:30:50.193+0000] {processor.py:176} INFO - Processing /home/airflow/.local/lib/python3.7/site-packages/airflow/example_dags/example_local_kubernetes_executor.py took 0.054 seconds
[2022-11-20T17:31:21.159+0000] {processor.py:154} INFO - Started process (PID=3759) to work on /home/airflow/.local/lib/python3.7/site-packages/airflow/example_dags/example_local_kubernetes_executor.py
[2022-11-20T17:31:21.159+0000] {processor.py:756} INFO - Processing file /home/airflow/.local/lib/python3.7/site-packages/airflow/example_dags/example_local_kubernetes_executor.py for tasks to queue
[2022-11-20T17:31:21.159+0000] {logging_mixin.py:120} INFO - [2022-11-20T17:31:21.159+0000] {dagbag.py:537} INFO - Filling up the DagBag from /home/airflow/.local/lib/python3.7/site-packages/airflow/example_dags/example_local_kubernetes_executor.py
[2022-11-20T17:31:21.170+0000] {processor.py:766} INFO - DAG(s) dict_keys(['example_local_kubernetes_executor']) retrieved from /home/airflow/.local/lib/python3.7/site-packages/airflow/example_dags/example_local_kubernetes_executor.py
[2022-11-20T17:31:21.190+0000] {logging_mixin.py:120} INFO - [2022-11-20T17:31:21.190+0000] {dag.py:2585} INFO - Sync 1 DAGs
[2022-11-20T17:31:21.202+0000] {logging_mixin.py:120} INFO - [2022-11-20T17:31:21.202+0000] {dag.py:3340} INFO - Setting next_dagrun for example_local_kubernetes_executor to None, run_after=None
[2022-11-20T17:31:21.210+0000] {processor.py:176} INFO - Processing /home/airflow/.local/lib/python3.7/site-packages/airflow/example_dags/example_local_kubernetes_executor.py took 0.053 seconds
[2022-11-20T17:31:52.067+0000] {processor.py:154} INFO - Started process (PID=3827) to work on /home/airflow/.local/lib/python3.7/site-packages/airflow/example_dags/example_local_kubernetes_executor.py
[2022-11-20T17:31:52.067+0000] {processor.py:756} INFO - Processing file /home/airflow/.local/lib/python3.7/site-packages/airflow/example_dags/example_local_kubernetes_executor.py for tasks to queue
[2022-11-20T17:31:52.068+0000] {logging_mixin.py:120} INFO - [2022-11-20T17:31:52.068+0000] {dagbag.py:537} INFO - Filling up the DagBag from /home/airflow/.local/lib/python3.7/site-packages/airflow/example_dags/example_local_kubernetes_executor.py
[2022-11-20T17:31:52.081+0000] {processor.py:766} INFO - DAG(s) dict_keys(['example_local_kubernetes_executor']) retrieved from /home/airflow/.local/lib/python3.7/site-packages/airflow/example_dags/example_local_kubernetes_executor.py
[2022-11-20T17:31:52.103+0000] {logging_mixin.py:120} INFO - [2022-11-20T17:31:52.102+0000] {dag.py:2585} INFO - Sync 1 DAGs
[2022-11-20T17:31:52.115+0000] {logging_mixin.py:120} INFO - [2022-11-20T17:31:52.115+0000] {dag.py:3340} INFO - Setting next_dagrun for example_local_kubernetes_executor to None, run_after=None
[2022-11-20T17:31:52.125+0000] {processor.py:176} INFO - Processing /home/airflow/.local/lib/python3.7/site-packages/airflow/example_dags/example_local_kubernetes_executor.py took 0.060 seconds
[2022-11-20T17:32:23.176+0000] {processor.py:154} INFO - Started process (PID=3887) to work on /home/airflow/.local/lib/python3.7/site-packages/airflow/example_dags/example_local_kubernetes_executor.py
[2022-11-20T17:32:23.176+0000] {processor.py:756} INFO - Processing file /home/airflow/.local/lib/python3.7/site-packages/airflow/example_dags/example_local_kubernetes_executor.py for tasks to queue
[2022-11-20T17:32:23.177+0000] {logging_mixin.py:120} INFO - [2022-11-20T17:32:23.177+0000] {dagbag.py:537} INFO - Filling up the DagBag from /home/airflow/.local/lib/python3.7/site-packages/airflow/example_dags/example_local_kubernetes_executor.py
[2022-11-20T17:32:23.191+0000] {processor.py:766} INFO - DAG(s) dict_keys(['example_local_kubernetes_executor']) retrieved from /home/airflow/.local/lib/python3.7/site-packages/airflow/example_dags/example_local_kubernetes_executor.py
[2022-11-20T17:32:23.267+0000] {logging_mixin.py:120} INFO - [2022-11-20T17:32:23.267+0000] {dag.py:2585} INFO - Sync 1 DAGs
[2022-11-20T17:32:23.312+0000] {logging_mixin.py:120} INFO - [2022-11-20T17:32:23.312+0000] {dag.py:3340} INFO - Setting next_dagrun for example_local_kubernetes_executor to None, run_after=None
[2022-11-20T17:32:23.338+0000] {processor.py:176} INFO - Processing /home/airflow/.local/lib/python3.7/site-packages/airflow/example_dags/example_local_kubernetes_executor.py took 0.164 seconds
[2022-11-20T17:32:54.306+0000] {processor.py:154} INFO - Started process (PID=3952) to work on /home/airflow/.local/lib/python3.7/site-packages/airflow/example_dags/example_local_kubernetes_executor.py
[2022-11-20T17:32:54.308+0000] {processor.py:756} INFO - Processing file /home/airflow/.local/lib/python3.7/site-packages/airflow/example_dags/example_local_kubernetes_executor.py for tasks to queue
[2022-11-20T17:32:54.309+0000] {logging_mixin.py:120} INFO - [2022-11-20T17:32:54.309+0000] {dagbag.py:537} INFO - Filling up the DagBag from /home/airflow/.local/lib/python3.7/site-packages/airflow/example_dags/example_local_kubernetes_executor.py
[2022-11-20T17:32:54.332+0000] {processor.py:766} INFO - DAG(s) dict_keys(['example_local_kubernetes_executor']) retrieved from /home/airflow/.local/lib/python3.7/site-packages/airflow/example_dags/example_local_kubernetes_executor.py
[2022-11-20T17:32:54.355+0000] {logging_mixin.py:120} INFO - [2022-11-20T17:32:54.355+0000] {dag.py:2585} INFO - Sync 1 DAGs
[2022-11-20T17:32:54.368+0000] {logging_mixin.py:120} INFO - [2022-11-20T17:32:54.368+0000] {dag.py:3340} INFO - Setting next_dagrun for example_local_kubernetes_executor to None, run_after=None
[2022-11-20T17:32:54.378+0000] {processor.py:176} INFO - Processing /home/airflow/.local/lib/python3.7/site-packages/airflow/example_dags/example_local_kubernetes_executor.py took 0.078 seconds
[2022-11-20T17:33:24.454+0000] {processor.py:154} INFO - Started process (PID=4019) to work on /home/airflow/.local/lib/python3.7/site-packages/airflow/example_dags/example_local_kubernetes_executor.py
[2022-11-20T17:33:24.455+0000] {processor.py:756} INFO - Processing file /home/airflow/.local/lib/python3.7/site-packages/airflow/example_dags/example_local_kubernetes_executor.py for tasks to queue
[2022-11-20T17:33:24.457+0000] {logging_mixin.py:120} INFO - [2022-11-20T17:33:24.457+0000] {dagbag.py:537} INFO - Filling up the DagBag from /home/airflow/.local/lib/python3.7/site-packages/airflow/example_dags/example_local_kubernetes_executor.py
[2022-11-20T17:33:24.483+0000] {processor.py:766} INFO - DAG(s) dict_keys(['example_local_kubernetes_executor']) retrieved from /home/airflow/.local/lib/python3.7/site-packages/airflow/example_dags/example_local_kubernetes_executor.py
[2022-11-20T17:33:24.510+0000] {logging_mixin.py:120} INFO - [2022-11-20T17:33:24.510+0000] {dag.py:2585} INFO - Sync 1 DAGs
[2022-11-20T17:33:24.523+0000] {logging_mixin.py:120} INFO - [2022-11-20T17:33:24.523+0000] {dag.py:3340} INFO - Setting next_dagrun for example_local_kubernetes_executor to None, run_after=None
[2022-11-20T17:33:24.533+0000] {processor.py:176} INFO - Processing /home/airflow/.local/lib/python3.7/site-packages/airflow/example_dags/example_local_kubernetes_executor.py took 0.082 seconds
[2022-11-20T17:33:55.425+0000] {processor.py:154} INFO - Started process (PID=4084) to work on /home/airflow/.local/lib/python3.7/site-packages/airflow/example_dags/example_local_kubernetes_executor.py
[2022-11-20T17:33:55.427+0000] {processor.py:756} INFO - Processing file /home/airflow/.local/lib/python3.7/site-packages/airflow/example_dags/example_local_kubernetes_executor.py for tasks to queue
[2022-11-20T17:33:55.428+0000] {logging_mixin.py:120} INFO - [2022-11-20T17:33:55.427+0000] {dagbag.py:537} INFO - Filling up the DagBag from /home/airflow/.local/lib/python3.7/site-packages/airflow/example_dags/example_local_kubernetes_executor.py
[2022-11-20T17:33:55.448+0000] {processor.py:766} INFO - DAG(s) dict_keys(['example_local_kubernetes_executor']) retrieved from /home/airflow/.local/lib/python3.7/site-packages/airflow/example_dags/example_local_kubernetes_executor.py
[2022-11-20T17:33:55.472+0000] {logging_mixin.py:120} INFO - [2022-11-20T17:33:55.472+0000] {dag.py:2585} INFO - Sync 1 DAGs
[2022-11-20T17:33:55.484+0000] {logging_mixin.py:120} INFO - [2022-11-20T17:33:55.484+0000] {dag.py:3340} INFO - Setting next_dagrun for example_local_kubernetes_executor to None, run_after=None
[2022-11-20T17:33:55.493+0000] {processor.py:176} INFO - Processing /home/airflow/.local/lib/python3.7/site-packages/airflow/example_dags/example_local_kubernetes_executor.py took 0.073 seconds
[2022-11-20T17:34:26.410+0000] {processor.py:154} INFO - Started process (PID=4150) to work on /home/airflow/.local/lib/python3.7/site-packages/airflow/example_dags/example_local_kubernetes_executor.py
[2022-11-20T17:34:26.412+0000] {processor.py:756} INFO - Processing file /home/airflow/.local/lib/python3.7/site-packages/airflow/example_dags/example_local_kubernetes_executor.py for tasks to queue
[2022-11-20T17:34:26.413+0000] {logging_mixin.py:120} INFO - [2022-11-20T17:34:26.413+0000] {dagbag.py:537} INFO - Filling up the DagBag from /home/airflow/.local/lib/python3.7/site-packages/airflow/example_dags/example_local_kubernetes_executor.py
[2022-11-20T17:34:26.436+0000] {processor.py:766} INFO - DAG(s) dict_keys(['example_local_kubernetes_executor']) retrieved from /home/airflow/.local/lib/python3.7/site-packages/airflow/example_dags/example_local_kubernetes_executor.py
[2022-11-20T17:34:26.459+0000] {logging_mixin.py:120} INFO - [2022-11-20T17:34:26.459+0000] {dag.py:2585} INFO - Sync 1 DAGs
[2022-11-20T17:34:26.470+0000] {logging_mixin.py:120} INFO - [2022-11-20T17:34:26.470+0000] {dag.py:3340} INFO - Setting next_dagrun for example_local_kubernetes_executor to None, run_after=None
[2022-11-20T17:34:26.481+0000] {processor.py:176} INFO - Processing /home/airflow/.local/lib/python3.7/site-packages/airflow/example_dags/example_local_kubernetes_executor.py took 0.076 seconds
[2022-11-20T17:34:57.450+0000] {processor.py:154} INFO - Started process (PID=4220) to work on /home/airflow/.local/lib/python3.7/site-packages/airflow/example_dags/example_local_kubernetes_executor.py
[2022-11-20T17:34:57.452+0000] {processor.py:756} INFO - Processing file /home/airflow/.local/lib/python3.7/site-packages/airflow/example_dags/example_local_kubernetes_executor.py for tasks to queue
[2022-11-20T17:34:57.454+0000] {logging_mixin.py:120} INFO - [2022-11-20T17:34:57.454+0000] {dagbag.py:537} INFO - Filling up the DagBag from /home/airflow/.local/lib/python3.7/site-packages/airflow/example_dags/example_local_kubernetes_executor.py
[2022-11-20T17:34:57.480+0000] {processor.py:766} INFO - DAG(s) dict_keys(['example_local_kubernetes_executor']) retrieved from /home/airflow/.local/lib/python3.7/site-packages/airflow/example_dags/example_local_kubernetes_executor.py
[2022-11-20T17:34:57.504+0000] {logging_mixin.py:120} INFO - [2022-11-20T17:34:57.504+0000] {dag.py:2585} INFO - Sync 1 DAGs
[2022-11-20T17:34:57.518+0000] {logging_mixin.py:120} INFO - [2022-11-20T17:34:57.518+0000] {dag.py:3340} INFO - Setting next_dagrun for example_local_kubernetes_executor to None, run_after=None
[2022-11-20T17:34:57.529+0000] {processor.py:176} INFO - Processing /home/airflow/.local/lib/python3.7/site-packages/airflow/example_dags/example_local_kubernetes_executor.py took 0.084 seconds
[2022-11-20T17:35:28.292+0000] {processor.py:154} INFO - Started process (PID=4287) to work on /home/airflow/.local/lib/python3.7/site-packages/airflow/example_dags/example_local_kubernetes_executor.py
[2022-11-20T17:35:28.293+0000] {processor.py:756} INFO - Processing file /home/airflow/.local/lib/python3.7/site-packages/airflow/example_dags/example_local_kubernetes_executor.py for tasks to queue
[2022-11-20T17:35:28.294+0000] {logging_mixin.py:120} INFO - [2022-11-20T17:35:28.294+0000] {dagbag.py:537} INFO - Filling up the DagBag from /home/airflow/.local/lib/python3.7/site-packages/airflow/example_dags/example_local_kubernetes_executor.py
[2022-11-20T17:35:28.312+0000] {processor.py:766} INFO - DAG(s) dict_keys(['example_local_kubernetes_executor']) retrieved from /home/airflow/.local/lib/python3.7/site-packages/airflow/example_dags/example_local_kubernetes_executor.py
[2022-11-20T17:35:28.333+0000] {logging_mixin.py:120} INFO - [2022-11-20T17:35:28.333+0000] {dag.py:2585} INFO - Sync 1 DAGs
[2022-11-20T17:35:28.345+0000] {logging_mixin.py:120} INFO - [2022-11-20T17:35:28.345+0000] {dag.py:3340} INFO - Setting next_dagrun for example_local_kubernetes_executor to None, run_after=None
[2022-11-20T17:35:28.355+0000] {processor.py:176} INFO - Processing /home/airflow/.local/lib/python3.7/site-packages/airflow/example_dags/example_local_kubernetes_executor.py took 0.068 seconds
