[2022-11-20T12:59:10.734+0000] {processor.py:154} INFO - Started process (PID=55) to work on /home/airflow/.local/lib/python3.7/site-packages/airflow/example_dags/example_sla_dag.py
[2022-11-20T12:59:10.735+0000] {processor.py:756} INFO - Processing file /home/airflow/.local/lib/python3.7/site-packages/airflow/example_dags/example_sla_dag.py for tasks to queue
[2022-11-20T12:59:10.736+0000] {logging_mixin.py:120} INFO - [2022-11-20T12:59:10.736+0000] {dagbag.py:537} INFO - Filling up the DagBag from /home/airflow/.local/lib/python3.7/site-packages/airflow/example_dags/example_sla_dag.py
[2022-11-20T12:59:10.762+0000] {processor.py:766} INFO - DAG(s) dict_keys(['example_sla_dag']) retrieved from /home/airflow/.local/lib/python3.7/site-packages/airflow/example_dags/example_sla_dag.py
[2022-11-20T12:59:10.795+0000] {logging_mixin.py:120} INFO - [2022-11-20T12:59:10.794+0000] {dag.py:2585} INFO - Sync 1 DAGs
[2022-11-20T12:59:10.815+0000] {logging_mixin.py:120} INFO - [2022-11-20T12:59:10.815+0000] {dag.py:3340} INFO - Setting next_dagrun for example_sla_dag to 2022-11-20T12:56:00+00:00, run_after=2022-11-20T12:58:00+00:00
[2022-11-20T12:59:10.831+0000] {processor.py:176} INFO - Processing /home/airflow/.local/lib/python3.7/site-packages/airflow/example_dags/example_sla_dag.py took 0.101 seconds
[2022-11-20T12:59:41.221+0000] {processor.py:154} INFO - Started process (PID=130) to work on /home/airflow/.local/lib/python3.7/site-packages/airflow/example_dags/example_sla_dag.py
[2022-11-20T12:59:41.221+0000] {processor.py:756} INFO - Processing file /home/airflow/.local/lib/python3.7/site-packages/airflow/example_dags/example_sla_dag.py for tasks to queue
[2022-11-20T12:59:41.222+0000] {logging_mixin.py:120} INFO - [2022-11-20T12:59:41.222+0000] {dagbag.py:537} INFO - Filling up the DagBag from /home/airflow/.local/lib/python3.7/site-packages/airflow/example_dags/example_sla_dag.py
[2022-11-20T12:59:41.236+0000] {processor.py:766} INFO - DAG(s) dict_keys(['example_sla_dag']) retrieved from /home/airflow/.local/lib/python3.7/site-packages/airflow/example_dags/example_sla_dag.py
[2022-11-20T12:59:41.256+0000] {logging_mixin.py:120} INFO - [2022-11-20T12:59:41.255+0000] {dag.py:2585} INFO - Sync 1 DAGs
[2022-11-20T12:59:41.269+0000] {logging_mixin.py:120} INFO - [2022-11-20T12:59:41.269+0000] {dag.py:3340} INFO - Setting next_dagrun for example_sla_dag to 2022-11-20T12:56:00+00:00, run_after=2022-11-20T12:58:00+00:00
[2022-11-20T12:59:41.279+0000] {processor.py:176} INFO - Processing /home/airflow/.local/lib/python3.7/site-packages/airflow/example_dags/example_sla_dag.py took 0.060 seconds
[2022-11-20T13:00:12.050+0000] {processor.py:154} INFO - Started process (PID=198) to work on /home/airflow/.local/lib/python3.7/site-packages/airflow/example_dags/example_sla_dag.py
[2022-11-20T13:00:12.050+0000] {processor.py:756} INFO - Processing file /home/airflow/.local/lib/python3.7/site-packages/airflow/example_dags/example_sla_dag.py for tasks to queue
[2022-11-20T13:00:12.051+0000] {logging_mixin.py:120} INFO - [2022-11-20T13:00:12.050+0000] {dagbag.py:537} INFO - Filling up the DagBag from /home/airflow/.local/lib/python3.7/site-packages/airflow/example_dags/example_sla_dag.py
[2022-11-20T13:00:12.062+0000] {processor.py:766} INFO - DAG(s) dict_keys(['example_sla_dag']) retrieved from /home/airflow/.local/lib/python3.7/site-packages/airflow/example_dags/example_sla_dag.py
[2022-11-20T13:00:12.083+0000] {logging_mixin.py:120} INFO - [2022-11-20T13:00:12.083+0000] {dag.py:2585} INFO - Sync 1 DAGs
[2022-11-20T13:00:12.096+0000] {logging_mixin.py:120} INFO - [2022-11-20T13:00:12.096+0000] {dag.py:3340} INFO - Setting next_dagrun for example_sla_dag to 2022-11-20T12:58:00+00:00, run_after=2022-11-20T13:00:00+00:00
[2022-11-20T13:00:12.105+0000] {processor.py:176} INFO - Processing /home/airflow/.local/lib/python3.7/site-packages/airflow/example_dags/example_sla_dag.py took 0.058 seconds
[2022-11-20T13:00:42.767+0000] {processor.py:154} INFO - Started process (PID=266) to work on /home/airflow/.local/lib/python3.7/site-packages/airflow/example_dags/example_sla_dag.py
[2022-11-20T13:00:42.768+0000] {processor.py:756} INFO - Processing file /home/airflow/.local/lib/python3.7/site-packages/airflow/example_dags/example_sla_dag.py for tasks to queue
[2022-11-20T13:00:42.768+0000] {logging_mixin.py:120} INFO - [2022-11-20T13:00:42.768+0000] {dagbag.py:537} INFO - Filling up the DagBag from /home/airflow/.local/lib/python3.7/site-packages/airflow/example_dags/example_sla_dag.py
[2022-11-20T13:00:42.781+0000] {processor.py:766} INFO - DAG(s) dict_keys(['example_sla_dag']) retrieved from /home/airflow/.local/lib/python3.7/site-packages/airflow/example_dags/example_sla_dag.py
[2022-11-20T13:00:42.809+0000] {logging_mixin.py:120} INFO - [2022-11-20T13:00:42.809+0000] {dag.py:2585} INFO - Sync 1 DAGs
[2022-11-20T13:00:42.827+0000] {logging_mixin.py:120} INFO - [2022-11-20T13:00:42.827+0000] {dag.py:3340} INFO - Setting next_dagrun for example_sla_dag to 2022-11-20T12:58:00+00:00, run_after=2022-11-20T13:00:00+00:00
[2022-11-20T13:00:42.846+0000] {processor.py:176} INFO - Processing /home/airflow/.local/lib/python3.7/site-packages/airflow/example_dags/example_sla_dag.py took 0.081 seconds
[2022-11-20T13:01:13.751+0000] {processor.py:154} INFO - Started process (PID=334) to work on /home/airflow/.local/lib/python3.7/site-packages/airflow/example_dags/example_sla_dag.py
[2022-11-20T13:01:13.752+0000] {processor.py:756} INFO - Processing file /home/airflow/.local/lib/python3.7/site-packages/airflow/example_dags/example_sla_dag.py for tasks to queue
[2022-11-20T13:01:13.753+0000] {logging_mixin.py:120} INFO - [2022-11-20T13:01:13.753+0000] {dagbag.py:537} INFO - Filling up the DagBag from /home/airflow/.local/lib/python3.7/site-packages/airflow/example_dags/example_sla_dag.py
[2022-11-20T13:01:13.778+0000] {processor.py:766} INFO - DAG(s) dict_keys(['example_sla_dag']) retrieved from /home/airflow/.local/lib/python3.7/site-packages/airflow/example_dags/example_sla_dag.py
[2022-11-20T13:01:13.811+0000] {logging_mixin.py:120} INFO - [2022-11-20T13:01:13.811+0000] {dag.py:2585} INFO - Sync 1 DAGs
[2022-11-20T13:01:13.828+0000] {logging_mixin.py:120} INFO - [2022-11-20T13:01:13.828+0000] {dag.py:3340} INFO - Setting next_dagrun for example_sla_dag to 2022-11-20T12:58:00+00:00, run_after=2022-11-20T13:00:00+00:00
[2022-11-20T13:01:13.837+0000] {processor.py:176} INFO - Processing /home/airflow/.local/lib/python3.7/site-packages/airflow/example_dags/example_sla_dag.py took 0.090 seconds
[2022-11-20T13:01:43.935+0000] {processor.py:154} INFO - Started process (PID=393) to work on /home/airflow/.local/lib/python3.7/site-packages/airflow/example_dags/example_sla_dag.py
[2022-11-20T13:01:43.936+0000] {processor.py:756} INFO - Processing file /home/airflow/.local/lib/python3.7/site-packages/airflow/example_dags/example_sla_dag.py for tasks to queue
[2022-11-20T13:01:43.936+0000] {logging_mixin.py:120} INFO - [2022-11-20T13:01:43.936+0000] {dagbag.py:537} INFO - Filling up the DagBag from /home/airflow/.local/lib/python3.7/site-packages/airflow/example_dags/example_sla_dag.py
[2022-11-20T13:01:43.947+0000] {processor.py:766} INFO - DAG(s) dict_keys(['example_sla_dag']) retrieved from /home/airflow/.local/lib/python3.7/site-packages/airflow/example_dags/example_sla_dag.py
[2022-11-20T13:01:43.966+0000] {logging_mixin.py:120} INFO - [2022-11-20T13:01:43.965+0000] {dag.py:2585} INFO - Sync 1 DAGs
[2022-11-20T13:01:43.979+0000] {logging_mixin.py:120} INFO - [2022-11-20T13:01:43.979+0000] {dag.py:3340} INFO - Setting next_dagrun for example_sla_dag to 2022-11-20T12:58:00+00:00, run_after=2022-11-20T13:00:00+00:00
[2022-11-20T13:01:43.988+0000] {processor.py:176} INFO - Processing /home/airflow/.local/lib/python3.7/site-packages/airflow/example_dags/example_sla_dag.py took 0.055 seconds
[2022-11-20T13:02:14.923+0000] {processor.py:154} INFO - Started process (PID=459) to work on /home/airflow/.local/lib/python3.7/site-packages/airflow/example_dags/example_sla_dag.py
[2022-11-20T13:02:14.924+0000] {processor.py:756} INFO - Processing file /home/airflow/.local/lib/python3.7/site-packages/airflow/example_dags/example_sla_dag.py for tasks to queue
[2022-11-20T13:02:14.924+0000] {logging_mixin.py:120} INFO - [2022-11-20T13:02:14.924+0000] {dagbag.py:537} INFO - Filling up the DagBag from /home/airflow/.local/lib/python3.7/site-packages/airflow/example_dags/example_sla_dag.py
[2022-11-20T13:02:14.935+0000] {processor.py:766} INFO - DAG(s) dict_keys(['example_sla_dag']) retrieved from /home/airflow/.local/lib/python3.7/site-packages/airflow/example_dags/example_sla_dag.py
[2022-11-20T13:02:14.957+0000] {logging_mixin.py:120} INFO - [2022-11-20T13:02:14.957+0000] {dag.py:2585} INFO - Sync 1 DAGs
[2022-11-20T13:02:14.970+0000] {logging_mixin.py:120} INFO - [2022-11-20T13:02:14.970+0000] {dag.py:3340} INFO - Setting next_dagrun for example_sla_dag to 2022-11-20T13:00:00+00:00, run_after=2022-11-20T13:02:00+00:00
[2022-11-20T13:02:14.980+0000] {processor.py:176} INFO - Processing /home/airflow/.local/lib/python3.7/site-packages/airflow/example_dags/example_sla_dag.py took 0.058 seconds
[2022-11-20T13:02:45.590+0000] {processor.py:154} INFO - Started process (PID=528) to work on /home/airflow/.local/lib/python3.7/site-packages/airflow/example_dags/example_sla_dag.py
[2022-11-20T13:02:45.590+0000] {processor.py:756} INFO - Processing file /home/airflow/.local/lib/python3.7/site-packages/airflow/example_dags/example_sla_dag.py for tasks to queue
[2022-11-20T13:02:45.591+0000] {logging_mixin.py:120} INFO - [2022-11-20T13:02:45.591+0000] {dagbag.py:537} INFO - Filling up the DagBag from /home/airflow/.local/lib/python3.7/site-packages/airflow/example_dags/example_sla_dag.py
[2022-11-20T13:02:45.602+0000] {processor.py:766} INFO - DAG(s) dict_keys(['example_sla_dag']) retrieved from /home/airflow/.local/lib/python3.7/site-packages/airflow/example_dags/example_sla_dag.py
[2022-11-20T13:02:45.624+0000] {logging_mixin.py:120} INFO - [2022-11-20T13:02:45.624+0000] {dag.py:2585} INFO - Sync 1 DAGs
[2022-11-20T13:02:45.637+0000] {logging_mixin.py:120} INFO - [2022-11-20T13:02:45.637+0000] {dag.py:3340} INFO - Setting next_dagrun for example_sla_dag to 2022-11-20T13:00:00+00:00, run_after=2022-11-20T13:02:00+00:00
[2022-11-20T13:02:45.646+0000] {processor.py:176} INFO - Processing /home/airflow/.local/lib/python3.7/site-packages/airflow/example_dags/example_sla_dag.py took 0.059 seconds
[2022-11-20T13:03:16.535+0000] {processor.py:154} INFO - Started process (PID=591) to work on /home/airflow/.local/lib/python3.7/site-packages/airflow/example_dags/example_sla_dag.py
[2022-11-20T13:03:16.537+0000] {processor.py:756} INFO - Processing file /home/airflow/.local/lib/python3.7/site-packages/airflow/example_dags/example_sla_dag.py for tasks to queue
[2022-11-20T13:03:16.537+0000] {logging_mixin.py:120} INFO - [2022-11-20T13:03:16.537+0000] {dagbag.py:537} INFO - Filling up the DagBag from /home/airflow/.local/lib/python3.7/site-packages/airflow/example_dags/example_sla_dag.py
[2022-11-20T13:03:16.553+0000] {processor.py:766} INFO - DAG(s) dict_keys(['example_sla_dag']) retrieved from /home/airflow/.local/lib/python3.7/site-packages/airflow/example_dags/example_sla_dag.py
[2022-11-20T13:03:16.581+0000] {logging_mixin.py:120} INFO - [2022-11-20T13:03:16.581+0000] {dag.py:2585} INFO - Sync 1 DAGs
[2022-11-20T13:03:16.600+0000] {logging_mixin.py:120} INFO - [2022-11-20T13:03:16.600+0000] {dag.py:3340} INFO - Setting next_dagrun for example_sla_dag to 2022-11-20T13:00:00+00:00, run_after=2022-11-20T13:02:00+00:00
[2022-11-20T13:03:16.616+0000] {processor.py:176} INFO - Processing /home/airflow/.local/lib/python3.7/site-packages/airflow/example_dags/example_sla_dag.py took 0.085 seconds
[2022-11-20T13:03:47.356+0000] {processor.py:154} INFO - Started process (PID=659) to work on /home/airflow/.local/lib/python3.7/site-packages/airflow/example_dags/example_sla_dag.py
[2022-11-20T13:03:47.356+0000] {processor.py:756} INFO - Processing file /home/airflow/.local/lib/python3.7/site-packages/airflow/example_dags/example_sla_dag.py for tasks to queue
[2022-11-20T13:03:47.357+0000] {logging_mixin.py:120} INFO - [2022-11-20T13:03:47.357+0000] {dagbag.py:537} INFO - Filling up the DagBag from /home/airflow/.local/lib/python3.7/site-packages/airflow/example_dags/example_sla_dag.py
[2022-11-20T13:03:47.370+0000] {processor.py:766} INFO - DAG(s) dict_keys(['example_sla_dag']) retrieved from /home/airflow/.local/lib/python3.7/site-packages/airflow/example_dags/example_sla_dag.py
[2022-11-20T13:03:47.393+0000] {logging_mixin.py:120} INFO - [2022-11-20T13:03:47.393+0000] {dag.py:2585} INFO - Sync 1 DAGs
[2022-11-20T13:03:47.407+0000] {logging_mixin.py:120} INFO - [2022-11-20T13:03:47.407+0000] {dag.py:3340} INFO - Setting next_dagrun for example_sla_dag to 2022-11-20T13:00:00+00:00, run_after=2022-11-20T13:02:00+00:00
[2022-11-20T13:03:47.417+0000] {processor.py:176} INFO - Processing /home/airflow/.local/lib/python3.7/site-packages/airflow/example_dags/example_sla_dag.py took 0.063 seconds
[2022-11-20T13:04:18.194+0000] {processor.py:154} INFO - Started process (PID=728) to work on /home/airflow/.local/lib/python3.7/site-packages/airflow/example_dags/example_sla_dag.py
[2022-11-20T13:04:18.195+0000] {processor.py:756} INFO - Processing file /home/airflow/.local/lib/python3.7/site-packages/airflow/example_dags/example_sla_dag.py for tasks to queue
[2022-11-20T13:04:18.195+0000] {logging_mixin.py:120} INFO - [2022-11-20T13:04:18.195+0000] {dagbag.py:537} INFO - Filling up the DagBag from /home/airflow/.local/lib/python3.7/site-packages/airflow/example_dags/example_sla_dag.py
[2022-11-20T13:04:18.209+0000] {processor.py:766} INFO - DAG(s) dict_keys(['example_sla_dag']) retrieved from /home/airflow/.local/lib/python3.7/site-packages/airflow/example_dags/example_sla_dag.py
[2022-11-20T13:04:18.230+0000] {logging_mixin.py:120} INFO - [2022-11-20T13:04:18.229+0000] {dag.py:2585} INFO - Sync 1 DAGs
[2022-11-20T13:04:18.243+0000] {logging_mixin.py:120} INFO - [2022-11-20T13:04:18.243+0000] {dag.py:3340} INFO - Setting next_dagrun for example_sla_dag to 2022-11-20T13:02:00+00:00, run_after=2022-11-20T13:04:00+00:00
[2022-11-20T13:04:18.254+0000] {processor.py:176} INFO - Processing /home/airflow/.local/lib/python3.7/site-packages/airflow/example_dags/example_sla_dag.py took 0.062 seconds
[2022-11-20T13:04:48.297+0000] {processor.py:154} INFO - Started process (PID=788) to work on /home/airflow/.local/lib/python3.7/site-packages/airflow/example_dags/example_sla_dag.py
[2022-11-20T13:04:48.298+0000] {processor.py:756} INFO - Processing file /home/airflow/.local/lib/python3.7/site-packages/airflow/example_dags/example_sla_dag.py for tasks to queue
[2022-11-20T13:04:48.298+0000] {logging_mixin.py:120} INFO - [2022-11-20T13:04:48.298+0000] {dagbag.py:537} INFO - Filling up the DagBag from /home/airflow/.local/lib/python3.7/site-packages/airflow/example_dags/example_sla_dag.py
[2022-11-20T13:04:48.310+0000] {processor.py:766} INFO - DAG(s) dict_keys(['example_sla_dag']) retrieved from /home/airflow/.local/lib/python3.7/site-packages/airflow/example_dags/example_sla_dag.py
[2022-11-20T13:04:48.331+0000] {logging_mixin.py:120} INFO - [2022-11-20T13:04:48.331+0000] {dag.py:2585} INFO - Sync 1 DAGs
[2022-11-20T13:04:48.345+0000] {logging_mixin.py:120} INFO - [2022-11-20T13:04:48.345+0000] {dag.py:3340} INFO - Setting next_dagrun for example_sla_dag to 2022-11-20T13:02:00+00:00, run_after=2022-11-20T13:04:00+00:00
[2022-11-20T13:04:48.355+0000] {processor.py:176} INFO - Processing /home/airflow/.local/lib/python3.7/site-packages/airflow/example_dags/example_sla_dag.py took 0.060 seconds
[2022-11-20T13:05:18.451+0000] {processor.py:154} INFO - Started process (PID=853) to work on /home/airflow/.local/lib/python3.7/site-packages/airflow/example_dags/example_sla_dag.py
[2022-11-20T13:05:18.451+0000] {processor.py:756} INFO - Processing file /home/airflow/.local/lib/python3.7/site-packages/airflow/example_dags/example_sla_dag.py for tasks to queue
[2022-11-20T13:05:18.453+0000] {logging_mixin.py:120} INFO - [2022-11-20T13:05:18.453+0000] {dagbag.py:537} INFO - Filling up the DagBag from /home/airflow/.local/lib/python3.7/site-packages/airflow/example_dags/example_sla_dag.py
[2022-11-20T13:05:18.465+0000] {processor.py:766} INFO - DAG(s) dict_keys(['example_sla_dag']) retrieved from /home/airflow/.local/lib/python3.7/site-packages/airflow/example_dags/example_sla_dag.py
[2022-11-20T13:05:18.485+0000] {logging_mixin.py:120} INFO - [2022-11-20T13:05:18.485+0000] {dag.py:2585} INFO - Sync 1 DAGs
[2022-11-20T13:05:18.499+0000] {logging_mixin.py:120} INFO - [2022-11-20T13:05:18.499+0000] {dag.py:3340} INFO - Setting next_dagrun for example_sla_dag to 2022-11-20T13:02:00+00:00, run_after=2022-11-20T13:04:00+00:00
[2022-11-20T13:05:18.508+0000] {processor.py:176} INFO - Processing /home/airflow/.local/lib/python3.7/site-packages/airflow/example_dags/example_sla_dag.py took 0.059 seconds
[2022-11-20T13:05:49.142+0000] {processor.py:154} INFO - Started process (PID=921) to work on /home/airflow/.local/lib/python3.7/site-packages/airflow/example_dags/example_sla_dag.py
[2022-11-20T13:05:49.142+0000] {processor.py:756} INFO - Processing file /home/airflow/.local/lib/python3.7/site-packages/airflow/example_dags/example_sla_dag.py for tasks to queue
[2022-11-20T13:05:49.143+0000] {logging_mixin.py:120} INFO - [2022-11-20T13:05:49.143+0000] {dagbag.py:537} INFO - Filling up the DagBag from /home/airflow/.local/lib/python3.7/site-packages/airflow/example_dags/example_sla_dag.py
[2022-11-20T13:05:49.156+0000] {processor.py:766} INFO - DAG(s) dict_keys(['example_sla_dag']) retrieved from /home/airflow/.local/lib/python3.7/site-packages/airflow/example_dags/example_sla_dag.py
[2022-11-20T13:05:49.174+0000] {logging_mixin.py:120} INFO - [2022-11-20T13:05:49.174+0000] {dag.py:2585} INFO - Sync 1 DAGs
[2022-11-20T13:05:49.188+0000] {logging_mixin.py:120} INFO - [2022-11-20T13:05:49.188+0000] {dag.py:3340} INFO - Setting next_dagrun for example_sla_dag to 2022-11-20T13:02:00+00:00, run_after=2022-11-20T13:04:00+00:00
[2022-11-20T13:05:49.198+0000] {processor.py:176} INFO - Processing /home/airflow/.local/lib/python3.7/site-packages/airflow/example_dags/example_sla_dag.py took 0.059 seconds
[2022-11-20T13:06:19.926+0000] {processor.py:154} INFO - Started process (PID=986) to work on /home/airflow/.local/lib/python3.7/site-packages/airflow/example_dags/example_sla_dag.py
[2022-11-20T13:06:19.926+0000] {processor.py:756} INFO - Processing file /home/airflow/.local/lib/python3.7/site-packages/airflow/example_dags/example_sla_dag.py for tasks to queue
[2022-11-20T13:06:19.927+0000] {logging_mixin.py:120} INFO - [2022-11-20T13:06:19.927+0000] {dagbag.py:537} INFO - Filling up the DagBag from /home/airflow/.local/lib/python3.7/site-packages/airflow/example_dags/example_sla_dag.py
[2022-11-20T13:06:19.945+0000] {processor.py:766} INFO - DAG(s) dict_keys(['example_sla_dag']) retrieved from /home/airflow/.local/lib/python3.7/site-packages/airflow/example_dags/example_sla_dag.py
[2022-11-20T13:06:19.969+0000] {logging_mixin.py:120} INFO - [2022-11-20T13:06:19.969+0000] {dag.py:2585} INFO - Sync 1 DAGs
[2022-11-20T13:06:19.985+0000] {logging_mixin.py:120} INFO - [2022-11-20T13:06:19.985+0000] {dag.py:3340} INFO - Setting next_dagrun for example_sla_dag to 2022-11-20T13:04:00+00:00, run_after=2022-11-20T13:06:00+00:00
[2022-11-20T13:06:19.996+0000] {processor.py:176} INFO - Processing /home/airflow/.local/lib/python3.7/site-packages/airflow/example_dags/example_sla_dag.py took 0.072 seconds
[2022-11-20T13:06:51.345+0000] {processor.py:154} INFO - Started process (PID=1054) to work on /home/airflow/.local/lib/python3.7/site-packages/airflow/example_dags/example_sla_dag.py
[2022-11-20T13:06:51.345+0000] {processor.py:756} INFO - Processing file /home/airflow/.local/lib/python3.7/site-packages/airflow/example_dags/example_sla_dag.py for tasks to queue
[2022-11-20T13:06:51.346+0000] {logging_mixin.py:120} INFO - [2022-11-20T13:06:51.346+0000] {dagbag.py:537} INFO - Filling up the DagBag from /home/airflow/.local/lib/python3.7/site-packages/airflow/example_dags/example_sla_dag.py
[2022-11-20T13:06:51.358+0000] {processor.py:766} INFO - DAG(s) dict_keys(['example_sla_dag']) retrieved from /home/airflow/.local/lib/python3.7/site-packages/airflow/example_dags/example_sla_dag.py
[2022-11-20T13:06:51.382+0000] {logging_mixin.py:120} INFO - [2022-11-20T13:06:51.382+0000] {dag.py:2585} INFO - Sync 1 DAGs
[2022-11-20T13:06:51.396+0000] {logging_mixin.py:120} INFO - [2022-11-20T13:06:51.396+0000] {dag.py:3340} INFO - Setting next_dagrun for example_sla_dag to 2022-11-20T13:04:00+00:00, run_after=2022-11-20T13:06:00+00:00
[2022-11-20T13:06:51.407+0000] {processor.py:176} INFO - Processing /home/airflow/.local/lib/python3.7/site-packages/airflow/example_dags/example_sla_dag.py took 0.065 seconds
[2022-11-20T13:18:23.253+0000] {processor.py:154} INFO - Started process (PID=1099) to work on /home/airflow/.local/lib/python3.7/site-packages/airflow/example_dags/example_sla_dag.py
[2022-11-20T13:18:23.257+0000] {processor.py:756} INFO - Processing file /home/airflow/.local/lib/python3.7/site-packages/airflow/example_dags/example_sla_dag.py for tasks to queue
[2022-11-20T13:18:23.258+0000] {logging_mixin.py:120} INFO - [2022-11-20T13:18:23.258+0000] {dagbag.py:537} INFO - Filling up the DagBag from /home/airflow/.local/lib/python3.7/site-packages/airflow/example_dags/example_sla_dag.py
[2022-11-20T13:18:23.277+0000] {processor.py:766} INFO - DAG(s) dict_keys(['example_sla_dag']) retrieved from /home/airflow/.local/lib/python3.7/site-packages/airflow/example_dags/example_sla_dag.py
[2022-11-20T13:18:23.327+0000] {logging_mixin.py:120} INFO - [2022-11-20T13:18:23.327+0000] {dag.py:2585} INFO - Sync 1 DAGs
[2022-11-20T13:18:23.348+0000] {logging_mixin.py:120} INFO - [2022-11-20T13:18:23.348+0000] {dag.py:3340} INFO - Setting next_dagrun for example_sla_dag to 2022-11-20T13:16:00+00:00, run_after=2022-11-20T13:18:00+00:00
[2022-11-20T13:18:23.372+0000] {processor.py:176} INFO - Processing /home/airflow/.local/lib/python3.7/site-packages/airflow/example_dags/example_sla_dag.py took 0.124 seconds
[2022-11-20T13:18:53.806+0000] {processor.py:154} INFO - Started process (PID=1166) to work on /home/airflow/.local/lib/python3.7/site-packages/airflow/example_dags/example_sla_dag.py
[2022-11-20T13:18:53.807+0000] {processor.py:756} INFO - Processing file /home/airflow/.local/lib/python3.7/site-packages/airflow/example_dags/example_sla_dag.py for tasks to queue
[2022-11-20T13:18:53.807+0000] {logging_mixin.py:120} INFO - [2022-11-20T13:18:53.807+0000] {dagbag.py:537} INFO - Filling up the DagBag from /home/airflow/.local/lib/python3.7/site-packages/airflow/example_dags/example_sla_dag.py
[2022-11-20T13:18:53.819+0000] {processor.py:766} INFO - DAG(s) dict_keys(['example_sla_dag']) retrieved from /home/airflow/.local/lib/python3.7/site-packages/airflow/example_dags/example_sla_dag.py
[2022-11-20T13:18:53.840+0000] {logging_mixin.py:120} INFO - [2022-11-20T13:18:53.840+0000] {dag.py:2585} INFO - Sync 1 DAGs
[2022-11-20T13:18:53.855+0000] {logging_mixin.py:120} INFO - [2022-11-20T13:18:53.855+0000] {dag.py:3340} INFO - Setting next_dagrun for example_sla_dag to 2022-11-20T13:16:00+00:00, run_after=2022-11-20T13:18:00+00:00
[2022-11-20T13:18:53.864+0000] {processor.py:176} INFO - Processing /home/airflow/.local/lib/python3.7/site-packages/airflow/example_dags/example_sla_dag.py took 0.059 seconds
[2022-11-20T13:19:24.846+0000] {processor.py:154} INFO - Started process (PID=1233) to work on /home/airflow/.local/lib/python3.7/site-packages/airflow/example_dags/example_sla_dag.py
[2022-11-20T13:19:24.847+0000] {processor.py:756} INFO - Processing file /home/airflow/.local/lib/python3.7/site-packages/airflow/example_dags/example_sla_dag.py for tasks to queue
[2022-11-20T13:19:24.847+0000] {logging_mixin.py:120} INFO - [2022-11-20T13:19:24.847+0000] {dagbag.py:537} INFO - Filling up the DagBag from /home/airflow/.local/lib/python3.7/site-packages/airflow/example_dags/example_sla_dag.py
[2022-11-20T13:19:24.858+0000] {processor.py:766} INFO - DAG(s) dict_keys(['example_sla_dag']) retrieved from /home/airflow/.local/lib/python3.7/site-packages/airflow/example_dags/example_sla_dag.py
[2022-11-20T13:19:24.877+0000] {logging_mixin.py:120} INFO - [2022-11-20T13:19:24.877+0000] {dag.py:2585} INFO - Sync 1 DAGs
[2022-11-20T13:19:24.891+0000] {logging_mixin.py:120} INFO - [2022-11-20T13:19:24.891+0000] {dag.py:3340} INFO - Setting next_dagrun for example_sla_dag to 2022-11-20T13:16:00+00:00, run_after=2022-11-20T13:18:00+00:00
[2022-11-20T13:19:24.901+0000] {processor.py:176} INFO - Processing /home/airflow/.local/lib/python3.7/site-packages/airflow/example_dags/example_sla_dag.py took 0.057 seconds
[2022-11-20T13:19:55.674+0000] {processor.py:154} INFO - Started process (PID=1294) to work on /home/airflow/.local/lib/python3.7/site-packages/airflow/example_dags/example_sla_dag.py
[2022-11-20T13:19:55.675+0000] {processor.py:756} INFO - Processing file /home/airflow/.local/lib/python3.7/site-packages/airflow/example_dags/example_sla_dag.py for tasks to queue
[2022-11-20T13:19:55.675+0000] {logging_mixin.py:120} INFO - [2022-11-20T13:19:55.675+0000] {dagbag.py:537} INFO - Filling up the DagBag from /home/airflow/.local/lib/python3.7/site-packages/airflow/example_dags/example_sla_dag.py
[2022-11-20T13:19:55.686+0000] {processor.py:766} INFO - DAG(s) dict_keys(['example_sla_dag']) retrieved from /home/airflow/.local/lib/python3.7/site-packages/airflow/example_dags/example_sla_dag.py
[2022-11-20T13:19:55.708+0000] {logging_mixin.py:120} INFO - [2022-11-20T13:19:55.708+0000] {dag.py:2585} INFO - Sync 1 DAGs
[2022-11-20T13:19:55.721+0000] {logging_mixin.py:120} INFO - [2022-11-20T13:19:55.721+0000] {dag.py:3340} INFO - Setting next_dagrun for example_sla_dag to 2022-11-20T13:16:00+00:00, run_after=2022-11-20T13:18:00+00:00
[2022-11-20T13:19:55.731+0000] {processor.py:176} INFO - Processing /home/airflow/.local/lib/python3.7/site-packages/airflow/example_dags/example_sla_dag.py took 0.059 seconds
[2022-11-20T13:20:26.791+0000] {processor.py:154} INFO - Started process (PID=1360) to work on /home/airflow/.local/lib/python3.7/site-packages/airflow/example_dags/example_sla_dag.py
[2022-11-20T13:20:26.792+0000] {processor.py:756} INFO - Processing file /home/airflow/.local/lib/python3.7/site-packages/airflow/example_dags/example_sla_dag.py for tasks to queue
[2022-11-20T13:20:26.792+0000] {logging_mixin.py:120} INFO - [2022-11-20T13:20:26.792+0000] {dagbag.py:537} INFO - Filling up the DagBag from /home/airflow/.local/lib/python3.7/site-packages/airflow/example_dags/example_sla_dag.py
[2022-11-20T13:20:26.805+0000] {processor.py:766} INFO - DAG(s) dict_keys(['example_sla_dag']) retrieved from /home/airflow/.local/lib/python3.7/site-packages/airflow/example_dags/example_sla_dag.py
[2022-11-20T13:20:26.826+0000] {logging_mixin.py:120} INFO - [2022-11-20T13:20:26.826+0000] {dag.py:2585} INFO - Sync 1 DAGs
[2022-11-20T13:20:26.841+0000] {logging_mixin.py:120} INFO - [2022-11-20T13:20:26.841+0000] {dag.py:3340} INFO - Setting next_dagrun for example_sla_dag to 2022-11-20T13:18:00+00:00, run_after=2022-11-20T13:20:00+00:00
[2022-11-20T13:20:26.849+0000] {processor.py:176} INFO - Processing /home/airflow/.local/lib/python3.7/site-packages/airflow/example_dags/example_sla_dag.py took 0.060 seconds
[2022-11-20T13:20:57.755+0000] {processor.py:154} INFO - Started process (PID=1427) to work on /home/airflow/.local/lib/python3.7/site-packages/airflow/example_dags/example_sla_dag.py
[2022-11-20T13:20:57.756+0000] {processor.py:756} INFO - Processing file /home/airflow/.local/lib/python3.7/site-packages/airflow/example_dags/example_sla_dag.py for tasks to queue
[2022-11-20T13:20:57.757+0000] {logging_mixin.py:120} INFO - [2022-11-20T13:20:57.757+0000] {dagbag.py:537} INFO - Filling up the DagBag from /home/airflow/.local/lib/python3.7/site-packages/airflow/example_dags/example_sla_dag.py
[2022-11-20T13:20:57.769+0000] {processor.py:766} INFO - DAG(s) dict_keys(['example_sla_dag']) retrieved from /home/airflow/.local/lib/python3.7/site-packages/airflow/example_dags/example_sla_dag.py
[2022-11-20T13:20:57.792+0000] {logging_mixin.py:120} INFO - [2022-11-20T13:20:57.792+0000] {dag.py:2585} INFO - Sync 1 DAGs
[2022-11-20T13:20:57.807+0000] {logging_mixin.py:120} INFO - [2022-11-20T13:20:57.807+0000] {dag.py:3340} INFO - Setting next_dagrun for example_sla_dag to 2022-11-20T13:18:00+00:00, run_after=2022-11-20T13:20:00+00:00
[2022-11-20T13:20:57.820+0000] {processor.py:176} INFO - Processing /home/airflow/.local/lib/python3.7/site-packages/airflow/example_dags/example_sla_dag.py took 0.067 seconds
[2022-11-20T13:21:28.722+0000] {processor.py:154} INFO - Started process (PID=1495) to work on /home/airflow/.local/lib/python3.7/site-packages/airflow/example_dags/example_sla_dag.py
[2022-11-20T13:21:28.722+0000] {processor.py:756} INFO - Processing file /home/airflow/.local/lib/python3.7/site-packages/airflow/example_dags/example_sla_dag.py for tasks to queue
[2022-11-20T13:21:28.723+0000] {logging_mixin.py:120} INFO - [2022-11-20T13:21:28.723+0000] {dagbag.py:537} INFO - Filling up the DagBag from /home/airflow/.local/lib/python3.7/site-packages/airflow/example_dags/example_sla_dag.py
[2022-11-20T13:21:28.735+0000] {processor.py:766} INFO - DAG(s) dict_keys(['example_sla_dag']) retrieved from /home/airflow/.local/lib/python3.7/site-packages/airflow/example_dags/example_sla_dag.py
[2022-11-20T13:21:28.757+0000] {logging_mixin.py:120} INFO - [2022-11-20T13:21:28.757+0000] {dag.py:2585} INFO - Sync 1 DAGs
[2022-11-20T13:21:28.771+0000] {logging_mixin.py:120} INFO - [2022-11-20T13:21:28.770+0000] {dag.py:3340} INFO - Setting next_dagrun for example_sla_dag to 2022-11-20T13:18:00+00:00, run_after=2022-11-20T13:20:00+00:00
[2022-11-20T13:21:28.780+0000] {processor.py:176} INFO - Processing /home/airflow/.local/lib/python3.7/site-packages/airflow/example_dags/example_sla_dag.py took 0.060 seconds
[2022-11-20T13:21:59.757+0000] {processor.py:154} INFO - Started process (PID=1560) to work on /home/airflow/.local/lib/python3.7/site-packages/airflow/example_dags/example_sla_dag.py
[2022-11-20T13:21:59.758+0000] {processor.py:756} INFO - Processing file /home/airflow/.local/lib/python3.7/site-packages/airflow/example_dags/example_sla_dag.py for tasks to queue
[2022-11-20T13:21:59.759+0000] {logging_mixin.py:120} INFO - [2022-11-20T13:21:59.758+0000] {dagbag.py:537} INFO - Filling up the DagBag from /home/airflow/.local/lib/python3.7/site-packages/airflow/example_dags/example_sla_dag.py
[2022-11-20T13:21:59.771+0000] {processor.py:766} INFO - DAG(s) dict_keys(['example_sla_dag']) retrieved from /home/airflow/.local/lib/python3.7/site-packages/airflow/example_dags/example_sla_dag.py
[2022-11-20T13:21:59.793+0000] {logging_mixin.py:120} INFO - [2022-11-20T13:21:59.793+0000] {dag.py:2585} INFO - Sync 1 DAGs
[2022-11-20T13:21:59.806+0000] {logging_mixin.py:120} INFO - [2022-11-20T13:21:59.806+0000] {dag.py:3340} INFO - Setting next_dagrun for example_sla_dag to 2022-11-20T13:18:00+00:00, run_after=2022-11-20T13:20:00+00:00
[2022-11-20T13:21:59.817+0000] {processor.py:176} INFO - Processing /home/airflow/.local/lib/python3.7/site-packages/airflow/example_dags/example_sla_dag.py took 0.062 seconds
[2022-11-20T13:22:30.885+0000] {processor.py:154} INFO - Started process (PID=1630) to work on /home/airflow/.local/lib/python3.7/site-packages/airflow/example_dags/example_sla_dag.py
[2022-11-20T13:22:30.885+0000] {processor.py:756} INFO - Processing file /home/airflow/.local/lib/python3.7/site-packages/airflow/example_dags/example_sla_dag.py for tasks to queue
[2022-11-20T13:22:30.886+0000] {logging_mixin.py:120} INFO - [2022-11-20T13:22:30.886+0000] {dagbag.py:537} INFO - Filling up the DagBag from /home/airflow/.local/lib/python3.7/site-packages/airflow/example_dags/example_sla_dag.py
[2022-11-20T13:22:30.899+0000] {processor.py:766} INFO - DAG(s) dict_keys(['example_sla_dag']) retrieved from /home/airflow/.local/lib/python3.7/site-packages/airflow/example_dags/example_sla_dag.py
[2022-11-20T13:22:30.921+0000] {logging_mixin.py:120} INFO - [2022-11-20T13:22:30.920+0000] {dag.py:2585} INFO - Sync 1 DAGs
[2022-11-20T13:22:30.937+0000] {logging_mixin.py:120} INFO - [2022-11-20T13:22:30.937+0000] {dag.py:3340} INFO - Setting next_dagrun for example_sla_dag to 2022-11-20T13:20:00+00:00, run_after=2022-11-20T13:22:00+00:00
[2022-11-20T13:22:30.948+0000] {processor.py:176} INFO - Processing /home/airflow/.local/lib/python3.7/site-packages/airflow/example_dags/example_sla_dag.py took 0.066 seconds
[2022-11-20T13:23:01.976+0000] {processor.py:154} INFO - Started process (PID=1697) to work on /home/airflow/.local/lib/python3.7/site-packages/airflow/example_dags/example_sla_dag.py
[2022-11-20T13:23:01.977+0000] {processor.py:756} INFO - Processing file /home/airflow/.local/lib/python3.7/site-packages/airflow/example_dags/example_sla_dag.py for tasks to queue
[2022-11-20T13:23:01.978+0000] {logging_mixin.py:120} INFO - [2022-11-20T13:23:01.978+0000] {dagbag.py:537} INFO - Filling up the DagBag from /home/airflow/.local/lib/python3.7/site-packages/airflow/example_dags/example_sla_dag.py
[2022-11-20T13:23:01.989+0000] {processor.py:766} INFO - DAG(s) dict_keys(['example_sla_dag']) retrieved from /home/airflow/.local/lib/python3.7/site-packages/airflow/example_dags/example_sla_dag.py
[2022-11-20T13:23:02.011+0000] {logging_mixin.py:120} INFO - [2022-11-20T13:23:02.011+0000] {dag.py:2585} INFO - Sync 1 DAGs
[2022-11-20T13:23:02.027+0000] {logging_mixin.py:120} INFO - [2022-11-20T13:23:02.026+0000] {dag.py:3340} INFO - Setting next_dagrun for example_sla_dag to 2022-11-20T13:20:00+00:00, run_after=2022-11-20T13:22:00+00:00
[2022-11-20T13:23:02.043+0000] {processor.py:176} INFO - Processing /home/airflow/.local/lib/python3.7/site-packages/airflow/example_dags/example_sla_dag.py took 0.069 seconds
[2022-11-20T13:23:32.221+0000] {processor.py:154} INFO - Started process (PID=1767) to work on /home/airflow/.local/lib/python3.7/site-packages/airflow/example_dags/example_sla_dag.py
[2022-11-20T13:23:32.221+0000] {processor.py:756} INFO - Processing file /home/airflow/.local/lib/python3.7/site-packages/airflow/example_dags/example_sla_dag.py for tasks to queue
[2022-11-20T13:23:32.221+0000] {logging_mixin.py:120} INFO - [2022-11-20T13:23:32.221+0000] {dagbag.py:537} INFO - Filling up the DagBag from /home/airflow/.local/lib/python3.7/site-packages/airflow/example_dags/example_sla_dag.py
[2022-11-20T13:23:32.238+0000] {processor.py:766} INFO - DAG(s) dict_keys(['example_sla_dag']) retrieved from /home/airflow/.local/lib/python3.7/site-packages/airflow/example_dags/example_sla_dag.py
[2022-11-20T13:23:32.287+0000] {logging_mixin.py:120} INFO - [2022-11-20T13:23:32.287+0000] {dag.py:2585} INFO - Sync 1 DAGs
[2022-11-20T13:23:32.315+0000] {logging_mixin.py:120} INFO - [2022-11-20T13:23:32.315+0000] {dag.py:3340} INFO - Setting next_dagrun for example_sla_dag to 2022-11-20T13:20:00+00:00, run_after=2022-11-20T13:22:00+00:00
[2022-11-20T13:23:32.332+0000] {processor.py:176} INFO - Processing /home/airflow/.local/lib/python3.7/site-packages/airflow/example_dags/example_sla_dag.py took 0.114 seconds
[2022-11-20T13:24:02.403+0000] {processor.py:154} INFO - Started process (PID=1826) to work on /home/airflow/.local/lib/python3.7/site-packages/airflow/example_dags/example_sla_dag.py
[2022-11-20T13:24:02.405+0000] {processor.py:756} INFO - Processing file /home/airflow/.local/lib/python3.7/site-packages/airflow/example_dags/example_sla_dag.py for tasks to queue
[2022-11-20T13:24:02.406+0000] {logging_mixin.py:120} INFO - [2022-11-20T13:24:02.406+0000] {dagbag.py:537} INFO - Filling up the DagBag from /home/airflow/.local/lib/python3.7/site-packages/airflow/example_dags/example_sla_dag.py
[2022-11-20T13:24:02.429+0000] {processor.py:766} INFO - DAG(s) dict_keys(['example_sla_dag']) retrieved from /home/airflow/.local/lib/python3.7/site-packages/airflow/example_dags/example_sla_dag.py
[2022-11-20T13:24:02.453+0000] {logging_mixin.py:120} INFO - [2022-11-20T13:24:02.453+0000] {dag.py:2585} INFO - Sync 1 DAGs
[2022-11-20T13:24:02.467+0000] {logging_mixin.py:120} INFO - [2022-11-20T13:24:02.467+0000] {dag.py:3340} INFO - Setting next_dagrun for example_sla_dag to 2022-11-20T13:22:00+00:00, run_after=2022-11-20T13:24:00+00:00
[2022-11-20T13:24:02.481+0000] {processor.py:176} INFO - Processing /home/airflow/.local/lib/python3.7/site-packages/airflow/example_dags/example_sla_dag.py took 0.082 seconds
[2022-11-20T13:24:33.506+0000] {processor.py:154} INFO - Started process (PID=1895) to work on /home/airflow/.local/lib/python3.7/site-packages/airflow/example_dags/example_sla_dag.py
[2022-11-20T13:24:33.508+0000] {processor.py:756} INFO - Processing file /home/airflow/.local/lib/python3.7/site-packages/airflow/example_dags/example_sla_dag.py for tasks to queue
[2022-11-20T13:24:33.509+0000] {logging_mixin.py:120} INFO - [2022-11-20T13:24:33.509+0000] {dagbag.py:537} INFO - Filling up the DagBag from /home/airflow/.local/lib/python3.7/site-packages/airflow/example_dags/example_sla_dag.py
[2022-11-20T13:24:33.528+0000] {processor.py:766} INFO - DAG(s) dict_keys(['example_sla_dag']) retrieved from /home/airflow/.local/lib/python3.7/site-packages/airflow/example_dags/example_sla_dag.py
[2022-11-20T13:24:33.550+0000] {logging_mixin.py:120} INFO - [2022-11-20T13:24:33.550+0000] {dag.py:2585} INFO - Sync 1 DAGs
[2022-11-20T13:24:33.564+0000] {logging_mixin.py:120} INFO - [2022-11-20T13:24:33.564+0000] {dag.py:3340} INFO - Setting next_dagrun for example_sla_dag to 2022-11-20T13:22:00+00:00, run_after=2022-11-20T13:24:00+00:00
[2022-11-20T13:24:33.572+0000] {processor.py:176} INFO - Processing /home/airflow/.local/lib/python3.7/site-packages/airflow/example_dags/example_sla_dag.py took 0.070 seconds
[2022-11-20T13:25:04.429+0000] {processor.py:154} INFO - Started process (PID=1963) to work on /home/airflow/.local/lib/python3.7/site-packages/airflow/example_dags/example_sla_dag.py
[2022-11-20T13:25:04.431+0000] {processor.py:756} INFO - Processing file /home/airflow/.local/lib/python3.7/site-packages/airflow/example_dags/example_sla_dag.py for tasks to queue
[2022-11-20T13:25:04.432+0000] {logging_mixin.py:120} INFO - [2022-11-20T13:25:04.432+0000] {dagbag.py:537} INFO - Filling up the DagBag from /home/airflow/.local/lib/python3.7/site-packages/airflow/example_dags/example_sla_dag.py
[2022-11-20T13:25:04.452+0000] {processor.py:766} INFO - DAG(s) dict_keys(['example_sla_dag']) retrieved from /home/airflow/.local/lib/python3.7/site-packages/airflow/example_dags/example_sla_dag.py
[2022-11-20T13:25:04.474+0000] {logging_mixin.py:120} INFO - [2022-11-20T13:25:04.474+0000] {dag.py:2585} INFO - Sync 1 DAGs
[2022-11-20T13:25:04.488+0000] {logging_mixin.py:120} INFO - [2022-11-20T13:25:04.488+0000] {dag.py:3340} INFO - Setting next_dagrun for example_sla_dag to 2022-11-20T13:22:00+00:00, run_after=2022-11-20T13:24:00+00:00
[2022-11-20T13:25:04.497+0000] {processor.py:176} INFO - Processing /home/airflow/.local/lib/python3.7/site-packages/airflow/example_dags/example_sla_dag.py took 0.072 seconds
[2022-11-20T13:25:35.122+0000] {processor.py:154} INFO - Started process (PID=2034) to work on /home/airflow/.local/lib/python3.7/site-packages/airflow/example_dags/example_sla_dag.py
[2022-11-20T13:25:35.122+0000] {processor.py:756} INFO - Processing file /home/airflow/.local/lib/python3.7/site-packages/airflow/example_dags/example_sla_dag.py for tasks to queue
[2022-11-20T13:25:35.123+0000] {logging_mixin.py:120} INFO - [2022-11-20T13:25:35.123+0000] {dagbag.py:537} INFO - Filling up the DagBag from /home/airflow/.local/lib/python3.7/site-packages/airflow/example_dags/example_sla_dag.py
[2022-11-20T13:25:35.135+0000] {processor.py:766} INFO - DAG(s) dict_keys(['example_sla_dag']) retrieved from /home/airflow/.local/lib/python3.7/site-packages/airflow/example_dags/example_sla_dag.py
[2022-11-20T13:25:35.154+0000] {logging_mixin.py:120} INFO - [2022-11-20T13:25:35.154+0000] {dag.py:2585} INFO - Sync 1 DAGs
[2022-11-20T13:25:35.169+0000] {logging_mixin.py:120} INFO - [2022-11-20T13:25:35.169+0000] {dag.py:3340} INFO - Setting next_dagrun for example_sla_dag to 2022-11-20T13:22:00+00:00, run_after=2022-11-20T13:24:00+00:00
[2022-11-20T13:25:35.179+0000] {processor.py:176} INFO - Processing /home/airflow/.local/lib/python3.7/site-packages/airflow/example_dags/example_sla_dag.py took 0.059 seconds
[2022-11-20T13:58:07.161+0000] {processor.py:154} INFO - Started process (PID=2082) to work on /home/airflow/.local/lib/python3.7/site-packages/airflow/example_dags/example_sla_dag.py
[2022-11-20T13:58:07.162+0000] {processor.py:756} INFO - Processing file /home/airflow/.local/lib/python3.7/site-packages/airflow/example_dags/example_sla_dag.py for tasks to queue
[2022-11-20T13:58:07.163+0000] {logging_mixin.py:120} INFO - [2022-11-20T13:58:07.163+0000] {dagbag.py:537} INFO - Filling up the DagBag from /home/airflow/.local/lib/python3.7/site-packages/airflow/example_dags/example_sla_dag.py
[2022-11-20T13:58:07.175+0000] {processor.py:766} INFO - DAG(s) dict_keys(['example_sla_dag']) retrieved from /home/airflow/.local/lib/python3.7/site-packages/airflow/example_dags/example_sla_dag.py
[2022-11-20T13:58:07.216+0000] {logging_mixin.py:120} INFO - [2022-11-20T13:58:07.216+0000] {dag.py:2585} INFO - Sync 1 DAGs
[2022-11-20T13:58:07.244+0000] {logging_mixin.py:120} INFO - [2022-11-20T13:58:07.243+0000] {dag.py:3340} INFO - Setting next_dagrun for example_sla_dag to 2022-11-20T13:56:00+00:00, run_after=2022-11-20T13:58:00+00:00
[2022-11-20T13:58:07.323+0000] {processor.py:176} INFO - Processing /home/airflow/.local/lib/python3.7/site-packages/airflow/example_dags/example_sla_dag.py took 0.163 seconds
[2022-11-20T14:14:22.395+0000] {processor.py:154} INFO - Started process (PID=2132) to work on /home/airflow/.local/lib/python3.7/site-packages/airflow/example_dags/example_sla_dag.py
[2022-11-20T14:14:22.396+0000] {processor.py:756} INFO - Processing file /home/airflow/.local/lib/python3.7/site-packages/airflow/example_dags/example_sla_dag.py for tasks to queue
[2022-11-20T14:14:22.396+0000] {logging_mixin.py:120} INFO - [2022-11-20T14:14:22.396+0000] {dagbag.py:537} INFO - Filling up the DagBag from /home/airflow/.local/lib/python3.7/site-packages/airflow/example_dags/example_sla_dag.py
[2022-11-20T14:14:22.408+0000] {processor.py:766} INFO - DAG(s) dict_keys(['example_sla_dag']) retrieved from /home/airflow/.local/lib/python3.7/site-packages/airflow/example_dags/example_sla_dag.py
[2022-11-20T14:14:22.429+0000] {logging_mixin.py:120} INFO - [2022-11-20T14:14:22.428+0000] {dag.py:2585} INFO - Sync 1 DAGs
[2022-11-20T14:14:22.443+0000] {logging_mixin.py:120} INFO - [2022-11-20T14:14:22.442+0000] {dag.py:3340} INFO - Setting next_dagrun for example_sla_dag to 2022-11-20T14:12:00+00:00, run_after=2022-11-20T14:14:00+00:00
[2022-11-20T14:14:22.453+0000] {processor.py:176} INFO - Processing /home/airflow/.local/lib/python3.7/site-packages/airflow/example_dags/example_sla_dag.py took 0.060 seconds
[2022-11-20T14:44:48.079+0000] {processor.py:154} INFO - Started process (PID=2179) to work on /home/airflow/.local/lib/python3.7/site-packages/airflow/example_dags/example_sla_dag.py
[2022-11-20T14:44:48.080+0000] {processor.py:756} INFO - Processing file /home/airflow/.local/lib/python3.7/site-packages/airflow/example_dags/example_sla_dag.py for tasks to queue
[2022-11-20T14:44:48.081+0000] {logging_mixin.py:120} INFO - [2022-11-20T14:44:48.080+0000] {dagbag.py:537} INFO - Filling up the DagBag from /home/airflow/.local/lib/python3.7/site-packages/airflow/example_dags/example_sla_dag.py
[2022-11-20T14:44:48.092+0000] {processor.py:766} INFO - DAG(s) dict_keys(['example_sla_dag']) retrieved from /home/airflow/.local/lib/python3.7/site-packages/airflow/example_dags/example_sla_dag.py
[2022-11-20T14:44:48.474+0000] {logging_mixin.py:120} INFO - [2022-11-20T14:44:48.473+0000] {dag.py:2585} INFO - Sync 1 DAGs
[2022-11-20T14:44:48.500+0000] {logging_mixin.py:120} INFO - [2022-11-20T14:44:48.500+0000] {dag.py:3340} INFO - Setting next_dagrun for example_sla_dag to 2022-11-20T14:42:00+00:00, run_after=2022-11-20T14:44:00+00:00
[2022-11-20T14:44:48.577+0000] {processor.py:176} INFO - Processing /home/airflow/.local/lib/python3.7/site-packages/airflow/example_dags/example_sla_dag.py took 0.499 seconds
[2022-11-20T15:18:05.513+0000] {processor.py:154} INFO - Started process (PID=2226) to work on /home/airflow/.local/lib/python3.7/site-packages/airflow/example_dags/example_sla_dag.py
[2022-11-20T15:18:05.513+0000] {processor.py:756} INFO - Processing file /home/airflow/.local/lib/python3.7/site-packages/airflow/example_dags/example_sla_dag.py for tasks to queue
[2022-11-20T15:18:05.514+0000] {logging_mixin.py:120} INFO - [2022-11-20T15:18:05.514+0000] {dagbag.py:537} INFO - Filling up the DagBag from /home/airflow/.local/lib/python3.7/site-packages/airflow/example_dags/example_sla_dag.py
[2022-11-20T15:18:05.525+0000] {processor.py:766} INFO - DAG(s) dict_keys(['example_sla_dag']) retrieved from /home/airflow/.local/lib/python3.7/site-packages/airflow/example_dags/example_sla_dag.py
[2022-11-20T15:18:05.545+0000] {logging_mixin.py:120} INFO - [2022-11-20T15:18:05.545+0000] {dag.py:2585} INFO - Sync 1 DAGs
[2022-11-20T15:18:05.559+0000] {logging_mixin.py:120} INFO - [2022-11-20T15:18:05.559+0000] {dag.py:3340} INFO - Setting next_dagrun for example_sla_dag to 2022-11-20T15:16:00+00:00, run_after=2022-11-20T15:18:00+00:00
[2022-11-20T15:18:05.569+0000] {processor.py:176} INFO - Processing /home/airflow/.local/lib/python3.7/site-packages/airflow/example_dags/example_sla_dag.py took 0.058 seconds
[2022-11-20T15:39:03.617+0000] {processor.py:154} INFO - Started process (PID=2263) to work on /home/airflow/.local/lib/python3.7/site-packages/airflow/example_dags/example_sla_dag.py
[2022-11-20T15:39:03.617+0000] {processor.py:756} INFO - Processing file /home/airflow/.local/lib/python3.7/site-packages/airflow/example_dags/example_sla_dag.py for tasks to queue
[2022-11-20T15:39:03.618+0000] {logging_mixin.py:120} INFO - [2022-11-20T15:39:03.618+0000] {dagbag.py:537} INFO - Filling up the DagBag from /home/airflow/.local/lib/python3.7/site-packages/airflow/example_dags/example_sla_dag.py
[2022-11-20T15:39:03.634+0000] {processor.py:766} INFO - DAG(s) dict_keys(['example_sla_dag']) retrieved from /home/airflow/.local/lib/python3.7/site-packages/airflow/example_dags/example_sla_dag.py
[2022-11-20T15:39:03.673+0000] {logging_mixin.py:120} INFO - [2022-11-20T15:39:03.673+0000] {dag.py:2585} INFO - Sync 1 DAGs
[2022-11-20T15:39:03.690+0000] {logging_mixin.py:120} INFO - [2022-11-20T15:39:03.690+0000] {dag.py:3340} INFO - Setting next_dagrun for example_sla_dag to 2022-11-20T15:36:00+00:00, run_after=2022-11-20T15:38:00+00:00
[2022-11-20T15:39:03.705+0000] {processor.py:176} INFO - Processing /home/airflow/.local/lib/python3.7/site-packages/airflow/example_dags/example_sla_dag.py took 0.090 seconds
[2022-11-20T15:51:04.041+0000] {processor.py:154} INFO - Started process (PID=2309) to work on /home/airflow/.local/lib/python3.7/site-packages/airflow/example_dags/example_sla_dag.py
[2022-11-20T15:51:04.041+0000] {processor.py:756} INFO - Processing file /home/airflow/.local/lib/python3.7/site-packages/airflow/example_dags/example_sla_dag.py for tasks to queue
[2022-11-20T15:51:04.042+0000] {logging_mixin.py:120} INFO - [2022-11-20T15:51:04.041+0000] {dagbag.py:537} INFO - Filling up the DagBag from /home/airflow/.local/lib/python3.7/site-packages/airflow/example_dags/example_sla_dag.py
[2022-11-20T15:51:04.054+0000] {processor.py:766} INFO - DAG(s) dict_keys(['example_sla_dag']) retrieved from /home/airflow/.local/lib/python3.7/site-packages/airflow/example_dags/example_sla_dag.py
[2022-11-20T15:51:04.078+0000] {logging_mixin.py:120} INFO - [2022-11-20T15:51:04.078+0000] {dag.py:2585} INFO - Sync 1 DAGs
[2022-11-20T15:51:04.097+0000] {logging_mixin.py:120} INFO - [2022-11-20T15:51:04.097+0000] {dag.py:3340} INFO - Setting next_dagrun for example_sla_dag to 2022-11-20T15:48:00+00:00, run_after=2022-11-20T15:50:00+00:00
[2022-11-20T15:51:04.108+0000] {processor.py:176} INFO - Processing /home/airflow/.local/lib/python3.7/site-packages/airflow/example_dags/example_sla_dag.py took 0.070 seconds
[2022-11-20T16:06:45.593+0000] {processor.py:154} INFO - Started process (PID=2355) to work on /home/airflow/.local/lib/python3.7/site-packages/airflow/example_dags/example_sla_dag.py
[2022-11-20T16:06:45.594+0000] {processor.py:756} INFO - Processing file /home/airflow/.local/lib/python3.7/site-packages/airflow/example_dags/example_sla_dag.py for tasks to queue
[2022-11-20T16:06:45.595+0000] {logging_mixin.py:120} INFO - [2022-11-20T16:06:45.595+0000] {dagbag.py:537} INFO - Filling up the DagBag from /home/airflow/.local/lib/python3.7/site-packages/airflow/example_dags/example_sla_dag.py
[2022-11-20T16:06:45.611+0000] {processor.py:766} INFO - DAG(s) dict_keys(['example_sla_dag']) retrieved from /home/airflow/.local/lib/python3.7/site-packages/airflow/example_dags/example_sla_dag.py
[2022-11-20T16:06:45.629+0000] {logging_mixin.py:120} INFO - [2022-11-20T16:06:45.629+0000] {dag.py:2585} INFO - Sync 1 DAGs
[2022-11-20T16:06:45.644+0000] {logging_mixin.py:120} INFO - [2022-11-20T16:06:45.644+0000] {dag.py:3340} INFO - Setting next_dagrun for example_sla_dag to 2022-11-20T16:04:00+00:00, run_after=2022-11-20T16:06:00+00:00
[2022-11-20T16:06:45.653+0000] {processor.py:176} INFO - Processing /home/airflow/.local/lib/python3.7/site-packages/airflow/example_dags/example_sla_dag.py took 0.062 seconds
[2022-11-20T16:08:33.834+0000] {processor.py:154} INFO - Started process (PID=2406) to work on /home/airflow/.local/lib/python3.7/site-packages/airflow/example_dags/example_sla_dag.py
[2022-11-20T16:08:33.835+0000] {processor.py:756} INFO - Processing file /home/airflow/.local/lib/python3.7/site-packages/airflow/example_dags/example_sla_dag.py for tasks to queue
[2022-11-20T16:08:33.835+0000] {logging_mixin.py:120} INFO - [2022-11-20T16:08:33.835+0000] {dagbag.py:537} INFO - Filling up the DagBag from /home/airflow/.local/lib/python3.7/site-packages/airflow/example_dags/example_sla_dag.py
[2022-11-20T16:08:33.848+0000] {processor.py:766} INFO - DAG(s) dict_keys(['example_sla_dag']) retrieved from /home/airflow/.local/lib/python3.7/site-packages/airflow/example_dags/example_sla_dag.py
[2022-11-20T16:08:33.868+0000] {logging_mixin.py:120} INFO - [2022-11-20T16:08:33.868+0000] {dag.py:2585} INFO - Sync 1 DAGs
[2022-11-20T16:08:33.882+0000] {logging_mixin.py:120} INFO - [2022-11-20T16:08:33.882+0000] {dag.py:3340} INFO - Setting next_dagrun for example_sla_dag to 2022-11-20T16:06:00+00:00, run_after=2022-11-20T16:08:00+00:00
[2022-11-20T16:08:33.891+0000] {processor.py:176} INFO - Processing /home/airflow/.local/lib/python3.7/site-packages/airflow/example_dags/example_sla_dag.py took 0.059 seconds
[2022-11-20T16:27:59.614+0000] {processor.py:154} INFO - Started process (PID=2452) to work on /home/airflow/.local/lib/python3.7/site-packages/airflow/example_dags/example_sla_dag.py
[2022-11-20T16:27:59.615+0000] {processor.py:756} INFO - Processing file /home/airflow/.local/lib/python3.7/site-packages/airflow/example_dags/example_sla_dag.py for tasks to queue
[2022-11-20T16:27:59.616+0000] {logging_mixin.py:120} INFO - [2022-11-20T16:27:59.616+0000] {dagbag.py:537} INFO - Filling up the DagBag from /home/airflow/.local/lib/python3.7/site-packages/airflow/example_dags/example_sla_dag.py
[2022-11-20T16:27:59.638+0000] {processor.py:766} INFO - DAG(s) dict_keys(['example_sla_dag']) retrieved from /home/airflow/.local/lib/python3.7/site-packages/airflow/example_dags/example_sla_dag.py
[2022-11-20T16:27:59.676+0000] {logging_mixin.py:120} INFO - [2022-11-20T16:27:59.676+0000] {dag.py:2585} INFO - Sync 1 DAGs
[2022-11-20T16:27:59.694+0000] {logging_mixin.py:120} INFO - [2022-11-20T16:27:59.694+0000] {dag.py:3340} INFO - Setting next_dagrun for example_sla_dag to 2022-11-20T16:24:00+00:00, run_after=2022-11-20T16:26:00+00:00
[2022-11-20T16:27:59.707+0000] {processor.py:176} INFO - Processing /home/airflow/.local/lib/python3.7/site-packages/airflow/example_dags/example_sla_dag.py took 0.095 seconds
[2022-11-20T16:43:49.745+0000] {processor.py:154} INFO - Started process (PID=2501) to work on /home/airflow/.local/lib/python3.7/site-packages/airflow/example_dags/example_sla_dag.py
[2022-11-20T16:43:49.745+0000] {processor.py:756} INFO - Processing file /home/airflow/.local/lib/python3.7/site-packages/airflow/example_dags/example_sla_dag.py for tasks to queue
[2022-11-20T16:43:49.746+0000] {logging_mixin.py:120} INFO - [2022-11-20T16:43:49.746+0000] {dagbag.py:537} INFO - Filling up the DagBag from /home/airflow/.local/lib/python3.7/site-packages/airflow/example_dags/example_sla_dag.py
[2022-11-20T16:43:49.757+0000] {processor.py:766} INFO - DAG(s) dict_keys(['example_sla_dag']) retrieved from /home/airflow/.local/lib/python3.7/site-packages/airflow/example_dags/example_sla_dag.py
[2022-11-20T16:43:49.777+0000] {logging_mixin.py:120} INFO - [2022-11-20T16:43:49.777+0000] {dag.py:2585} INFO - Sync 1 DAGs
[2022-11-20T16:43:49.790+0000] {logging_mixin.py:120} INFO - [2022-11-20T16:43:49.790+0000] {dag.py:3340} INFO - Setting next_dagrun for example_sla_dag to 2022-11-20T16:40:00+00:00, run_after=2022-11-20T16:42:00+00:00
[2022-11-20T16:43:49.801+0000] {processor.py:176} INFO - Processing /home/airflow/.local/lib/python3.7/site-packages/airflow/example_dags/example_sla_dag.py took 0.058 seconds
[2022-11-20T17:17:43.469+0000] {processor.py:154} INFO - Started process (PID=2548) to work on /home/airflow/.local/lib/python3.7/site-packages/airflow/example_dags/example_sla_dag.py
[2022-11-20T17:17:43.470+0000] {processor.py:756} INFO - Processing file /home/airflow/.local/lib/python3.7/site-packages/airflow/example_dags/example_sla_dag.py for tasks to queue
[2022-11-20T17:17:43.471+0000] {logging_mixin.py:120} INFO - [2022-11-20T17:17:43.471+0000] {dagbag.py:537} INFO - Filling up the DagBag from /home/airflow/.local/lib/python3.7/site-packages/airflow/example_dags/example_sla_dag.py
[2022-11-20T17:17:43.482+0000] {processor.py:766} INFO - DAG(s) dict_keys(['example_sla_dag']) retrieved from /home/airflow/.local/lib/python3.7/site-packages/airflow/example_dags/example_sla_dag.py
[2022-11-20T17:17:43.518+0000] {logging_mixin.py:120} INFO - [2022-11-20T17:17:43.518+0000] {dag.py:2585} INFO - Sync 1 DAGs
[2022-11-20T17:17:43.535+0000] {logging_mixin.py:120} INFO - [2022-11-20T17:17:43.535+0000] {dag.py:3340} INFO - Setting next_dagrun for example_sla_dag to 2022-11-20T17:14:00+00:00, run_after=2022-11-20T17:16:00+00:00
[2022-11-20T17:17:43.558+0000] {processor.py:176} INFO - Processing /home/airflow/.local/lib/python3.7/site-packages/airflow/example_dags/example_sla_dag.py took 0.091 seconds
[2022-11-20T17:22:38.210+0000] {processor.py:154} INFO - Started process (PID=2595) to work on /home/airflow/.local/lib/python3.7/site-packages/airflow/example_dags/example_sla_dag.py
[2022-11-20T17:22:38.212+0000] {processor.py:756} INFO - Processing file /home/airflow/.local/lib/python3.7/site-packages/airflow/example_dags/example_sla_dag.py for tasks to queue
[2022-11-20T17:22:38.221+0000] {logging_mixin.py:120} INFO - [2022-11-20T17:22:38.221+0000] {dagbag.py:537} INFO - Filling up the DagBag from /home/airflow/.local/lib/python3.7/site-packages/airflow/example_dags/example_sla_dag.py
[2022-11-20T17:22:38.242+0000] {processor.py:766} INFO - DAG(s) dict_keys(['example_sla_dag']) retrieved from /home/airflow/.local/lib/python3.7/site-packages/airflow/example_dags/example_sla_dag.py
[2022-11-20T17:22:38.271+0000] {logging_mixin.py:120} INFO - [2022-11-20T17:22:38.271+0000] {dag.py:2585} INFO - Sync 1 DAGs
[2022-11-20T17:22:38.295+0000] {logging_mixin.py:120} INFO - [2022-11-20T17:22:38.295+0000] {dag.py:3340} INFO - Setting next_dagrun for example_sla_dag to 2022-11-20T17:20:00+00:00, run_after=2022-11-20T17:22:00+00:00
[2022-11-20T17:22:38.311+0000] {processor.py:176} INFO - Processing /home/airflow/.local/lib/python3.7/site-packages/airflow/example_dags/example_sla_dag.py took 0.103 seconds
[2022-11-20T17:23:08.598+0000] {processor.py:154} INFO - Started process (PID=2662) to work on /home/airflow/.local/lib/python3.7/site-packages/airflow/example_dags/example_sla_dag.py
[2022-11-20T17:23:08.599+0000] {processor.py:756} INFO - Processing file /home/airflow/.local/lib/python3.7/site-packages/airflow/example_dags/example_sla_dag.py for tasks to queue
[2022-11-20T17:23:08.599+0000] {logging_mixin.py:120} INFO - [2022-11-20T17:23:08.599+0000] {dagbag.py:537} INFO - Filling up the DagBag from /home/airflow/.local/lib/python3.7/site-packages/airflow/example_dags/example_sla_dag.py
[2022-11-20T17:23:08.610+0000] {processor.py:766} INFO - DAG(s) dict_keys(['example_sla_dag']) retrieved from /home/airflow/.local/lib/python3.7/site-packages/airflow/example_dags/example_sla_dag.py
[2022-11-20T17:23:08.630+0000] {logging_mixin.py:120} INFO - [2022-11-20T17:23:08.630+0000] {dag.py:2585} INFO - Sync 1 DAGs
[2022-11-20T17:23:08.644+0000] {logging_mixin.py:120} INFO - [2022-11-20T17:23:08.644+0000] {dag.py:3340} INFO - Setting next_dagrun for example_sla_dag to 2022-11-20T17:20:00+00:00, run_after=2022-11-20T17:22:00+00:00
[2022-11-20T17:23:08.656+0000] {processor.py:176} INFO - Processing /home/airflow/.local/lib/python3.7/site-packages/airflow/example_dags/example_sla_dag.py took 0.059 seconds
[2022-11-20T17:23:39.527+0000] {processor.py:154} INFO - Started process (PID=2732) to work on /home/airflow/.local/lib/python3.7/site-packages/airflow/example_dags/example_sla_dag.py
[2022-11-20T17:23:39.528+0000] {processor.py:756} INFO - Processing file /home/airflow/.local/lib/python3.7/site-packages/airflow/example_dags/example_sla_dag.py for tasks to queue
[2022-11-20T17:23:39.528+0000] {logging_mixin.py:120} INFO - [2022-11-20T17:23:39.528+0000] {dagbag.py:537} INFO - Filling up the DagBag from /home/airflow/.local/lib/python3.7/site-packages/airflow/example_dags/example_sla_dag.py
[2022-11-20T17:23:39.543+0000] {processor.py:766} INFO - DAG(s) dict_keys(['example_sla_dag']) retrieved from /home/airflow/.local/lib/python3.7/site-packages/airflow/example_dags/example_sla_dag.py
[2022-11-20T17:23:39.572+0000] {logging_mixin.py:120} INFO - [2022-11-20T17:23:39.572+0000] {dag.py:2585} INFO - Sync 1 DAGs
[2022-11-20T17:23:39.592+0000] {logging_mixin.py:120} INFO - [2022-11-20T17:23:39.592+0000] {dag.py:3340} INFO - Setting next_dagrun for example_sla_dag to 2022-11-20T17:20:00+00:00, run_after=2022-11-20T17:22:00+00:00
[2022-11-20T17:23:39.609+0000] {processor.py:176} INFO - Processing /home/airflow/.local/lib/python3.7/site-packages/airflow/example_dags/example_sla_dag.py took 0.084 seconds
[2022-11-20T17:24:09.679+0000] {processor.py:154} INFO - Started process (PID=2802) to work on /home/airflow/.local/lib/python3.7/site-packages/airflow/example_dags/example_sla_dag.py
[2022-11-20T17:24:09.679+0000] {processor.py:756} INFO - Processing file /home/airflow/.local/lib/python3.7/site-packages/airflow/example_dags/example_sla_dag.py for tasks to queue
[2022-11-20T17:24:09.680+0000] {logging_mixin.py:120} INFO - [2022-11-20T17:24:09.680+0000] {dagbag.py:537} INFO - Filling up the DagBag from /home/airflow/.local/lib/python3.7/site-packages/airflow/example_dags/example_sla_dag.py
[2022-11-20T17:24:09.693+0000] {processor.py:766} INFO - DAG(s) dict_keys(['example_sla_dag']) retrieved from /home/airflow/.local/lib/python3.7/site-packages/airflow/example_dags/example_sla_dag.py
[2022-11-20T17:24:09.715+0000] {logging_mixin.py:120} INFO - [2022-11-20T17:24:09.715+0000] {dag.py:2585} INFO - Sync 1 DAGs
[2022-11-20T17:24:09.729+0000] {logging_mixin.py:120} INFO - [2022-11-20T17:24:09.728+0000] {dag.py:3340} INFO - Setting next_dagrun for example_sla_dag to 2022-11-20T17:22:00+00:00, run_after=2022-11-20T17:24:00+00:00
[2022-11-20T17:24:09.739+0000] {processor.py:176} INFO - Processing /home/airflow/.local/lib/python3.7/site-packages/airflow/example_dags/example_sla_dag.py took 0.064 seconds
[2022-11-20T17:24:40.717+0000] {processor.py:154} INFO - Started process (PID=2861) to work on /home/airflow/.local/lib/python3.7/site-packages/airflow/example_dags/example_sla_dag.py
[2022-11-20T17:24:40.717+0000] {processor.py:756} INFO - Processing file /home/airflow/.local/lib/python3.7/site-packages/airflow/example_dags/example_sla_dag.py for tasks to queue
[2022-11-20T17:24:40.718+0000] {logging_mixin.py:120} INFO - [2022-11-20T17:24:40.718+0000] {dagbag.py:537} INFO - Filling up the DagBag from /home/airflow/.local/lib/python3.7/site-packages/airflow/example_dags/example_sla_dag.py
[2022-11-20T17:24:40.729+0000] {processor.py:766} INFO - DAG(s) dict_keys(['example_sla_dag']) retrieved from /home/airflow/.local/lib/python3.7/site-packages/airflow/example_dags/example_sla_dag.py
[2022-11-20T17:24:40.749+0000] {logging_mixin.py:120} INFO - [2022-11-20T17:24:40.748+0000] {dag.py:2585} INFO - Sync 1 DAGs
[2022-11-20T17:24:40.761+0000] {logging_mixin.py:120} INFO - [2022-11-20T17:24:40.761+0000] {dag.py:3340} INFO - Setting next_dagrun for example_sla_dag to 2022-11-20T17:22:00+00:00, run_after=2022-11-20T17:24:00+00:00
[2022-11-20T17:24:40.770+0000] {processor.py:176} INFO - Processing /home/airflow/.local/lib/python3.7/site-packages/airflow/example_dags/example_sla_dag.py took 0.055 seconds
[2022-11-20T17:25:11.474+0000] {processor.py:154} INFO - Started process (PID=2930) to work on /home/airflow/.local/lib/python3.7/site-packages/airflow/example_dags/example_sla_dag.py
[2022-11-20T17:25:11.475+0000] {processor.py:756} INFO - Processing file /home/airflow/.local/lib/python3.7/site-packages/airflow/example_dags/example_sla_dag.py for tasks to queue
[2022-11-20T17:25:11.475+0000] {logging_mixin.py:120} INFO - [2022-11-20T17:25:11.475+0000] {dagbag.py:537} INFO - Filling up the DagBag from /home/airflow/.local/lib/python3.7/site-packages/airflow/example_dags/example_sla_dag.py
[2022-11-20T17:25:11.488+0000] {processor.py:766} INFO - DAG(s) dict_keys(['example_sla_dag']) retrieved from /home/airflow/.local/lib/python3.7/site-packages/airflow/example_dags/example_sla_dag.py
[2022-11-20T17:25:11.510+0000] {logging_mixin.py:120} INFO - [2022-11-20T17:25:11.510+0000] {dag.py:2585} INFO - Sync 1 DAGs
[2022-11-20T17:25:11.527+0000] {logging_mixin.py:120} INFO - [2022-11-20T17:25:11.527+0000] {dag.py:3340} INFO - Setting next_dagrun for example_sla_dag to 2022-11-20T17:22:00+00:00, run_after=2022-11-20T17:24:00+00:00
[2022-11-20T17:25:11.538+0000] {processor.py:176} INFO - Processing /home/airflow/.local/lib/python3.7/site-packages/airflow/example_dags/example_sla_dag.py took 0.066 seconds
[2022-11-20T17:25:42.469+0000] {processor.py:154} INFO - Started process (PID=3003) to work on /home/airflow/.local/lib/python3.7/site-packages/airflow/example_dags/example_sla_dag.py
[2022-11-20T17:25:42.470+0000] {processor.py:756} INFO - Processing file /home/airflow/.local/lib/python3.7/site-packages/airflow/example_dags/example_sla_dag.py for tasks to queue
[2022-11-20T17:25:42.471+0000] {logging_mixin.py:120} INFO - [2022-11-20T17:25:42.471+0000] {dagbag.py:537} INFO - Filling up the DagBag from /home/airflow/.local/lib/python3.7/site-packages/airflow/example_dags/example_sla_dag.py
[2022-11-20T17:25:42.484+0000] {processor.py:766} INFO - DAG(s) dict_keys(['example_sla_dag']) retrieved from /home/airflow/.local/lib/python3.7/site-packages/airflow/example_dags/example_sla_dag.py
[2022-11-20T17:25:42.516+0000] {logging_mixin.py:120} INFO - [2022-11-20T17:25:42.516+0000] {dag.py:2585} INFO - Sync 1 DAGs
[2022-11-20T17:25:42.538+0000] {logging_mixin.py:120} INFO - [2022-11-20T17:25:42.537+0000] {dag.py:3340} INFO - Setting next_dagrun for example_sla_dag to 2022-11-20T17:22:00+00:00, run_after=2022-11-20T17:24:00+00:00
[2022-11-20T17:25:42.559+0000] {processor.py:176} INFO - Processing /home/airflow/.local/lib/python3.7/site-packages/airflow/example_dags/example_sla_dag.py took 0.092 seconds
[2022-11-20T17:26:12.807+0000] {processor.py:154} INFO - Started process (PID=3069) to work on /home/airflow/.local/lib/python3.7/site-packages/airflow/example_dags/example_sla_dag.py
[2022-11-20T17:26:12.808+0000] {processor.py:756} INFO - Processing file /home/airflow/.local/lib/python3.7/site-packages/airflow/example_dags/example_sla_dag.py for tasks to queue
[2022-11-20T17:26:12.808+0000] {logging_mixin.py:120} INFO - [2022-11-20T17:26:12.808+0000] {dagbag.py:537} INFO - Filling up the DagBag from /home/airflow/.local/lib/python3.7/site-packages/airflow/example_dags/example_sla_dag.py
[2022-11-20T17:26:12.820+0000] {processor.py:766} INFO - DAG(s) dict_keys(['example_sla_dag']) retrieved from /home/airflow/.local/lib/python3.7/site-packages/airflow/example_dags/example_sla_dag.py
[2022-11-20T17:26:12.841+0000] {logging_mixin.py:120} INFO - [2022-11-20T17:26:12.841+0000] {dag.py:2585} INFO - Sync 1 DAGs
[2022-11-20T17:26:12.855+0000] {logging_mixin.py:120} INFO - [2022-11-20T17:26:12.855+0000] {dag.py:3340} INFO - Setting next_dagrun for example_sla_dag to 2022-11-20T17:24:00+00:00, run_after=2022-11-20T17:26:00+00:00
[2022-11-20T17:26:12.864+0000] {processor.py:176} INFO - Processing /home/airflow/.local/lib/python3.7/site-packages/airflow/example_dags/example_sla_dag.py took 0.059 seconds
[2022-11-20T17:26:43.023+0000] {processor.py:154} INFO - Started process (PID=3136) to work on /home/airflow/.local/lib/python3.7/site-packages/airflow/example_dags/example_sla_dag.py
[2022-11-20T17:26:43.023+0000] {processor.py:756} INFO - Processing file /home/airflow/.local/lib/python3.7/site-packages/airflow/example_dags/example_sla_dag.py for tasks to queue
[2022-11-20T17:26:43.024+0000] {logging_mixin.py:120} INFO - [2022-11-20T17:26:43.024+0000] {dagbag.py:537} INFO - Filling up the DagBag from /home/airflow/.local/lib/python3.7/site-packages/airflow/example_dags/example_sla_dag.py
[2022-11-20T17:26:43.036+0000] {processor.py:766} INFO - DAG(s) dict_keys(['example_sla_dag']) retrieved from /home/airflow/.local/lib/python3.7/site-packages/airflow/example_dags/example_sla_dag.py
[2022-11-20T17:26:43.056+0000] {logging_mixin.py:120} INFO - [2022-11-20T17:26:43.056+0000] {dag.py:2585} INFO - Sync 1 DAGs
[2022-11-20T17:26:43.071+0000] {logging_mixin.py:120} INFO - [2022-11-20T17:26:43.071+0000] {dag.py:3340} INFO - Setting next_dagrun for example_sla_dag to 2022-11-20T17:24:00+00:00, run_after=2022-11-20T17:26:00+00:00
[2022-11-20T17:26:43.083+0000] {processor.py:176} INFO - Processing /home/airflow/.local/lib/python3.7/site-packages/airflow/example_dags/example_sla_dag.py took 0.062 seconds
[2022-11-20T17:27:13.271+0000] {processor.py:154} INFO - Started process (PID=3203) to work on /home/airflow/.local/lib/python3.7/site-packages/airflow/example_dags/example_sla_dag.py
[2022-11-20T17:27:13.272+0000] {processor.py:756} INFO - Processing file /home/airflow/.local/lib/python3.7/site-packages/airflow/example_dags/example_sla_dag.py for tasks to queue
[2022-11-20T17:27:13.273+0000] {logging_mixin.py:120} INFO - [2022-11-20T17:27:13.272+0000] {dagbag.py:537} INFO - Filling up the DagBag from /home/airflow/.local/lib/python3.7/site-packages/airflow/example_dags/example_sla_dag.py
[2022-11-20T17:27:13.285+0000] {processor.py:766} INFO - DAG(s) dict_keys(['example_sla_dag']) retrieved from /home/airflow/.local/lib/python3.7/site-packages/airflow/example_dags/example_sla_dag.py
[2022-11-20T17:27:13.306+0000] {logging_mixin.py:120} INFO - [2022-11-20T17:27:13.306+0000] {dag.py:2585} INFO - Sync 1 DAGs
[2022-11-20T17:27:13.321+0000] {logging_mixin.py:120} INFO - [2022-11-20T17:27:13.321+0000] {dag.py:3340} INFO - Setting next_dagrun for example_sla_dag to 2022-11-20T17:24:00+00:00, run_after=2022-11-20T17:26:00+00:00
[2022-11-20T17:27:13.333+0000] {processor.py:176} INFO - Processing /home/airflow/.local/lib/python3.7/site-packages/airflow/example_dags/example_sla_dag.py took 0.064 seconds
[2022-11-20T17:27:44.319+0000] {processor.py:154} INFO - Started process (PID=3271) to work on /home/airflow/.local/lib/python3.7/site-packages/airflow/example_dags/example_sla_dag.py
[2022-11-20T17:27:44.320+0000] {processor.py:756} INFO - Processing file /home/airflow/.local/lib/python3.7/site-packages/airflow/example_dags/example_sla_dag.py for tasks to queue
[2022-11-20T17:27:44.320+0000] {logging_mixin.py:120} INFO - [2022-11-20T17:27:44.320+0000] {dagbag.py:537} INFO - Filling up the DagBag from /home/airflow/.local/lib/python3.7/site-packages/airflow/example_dags/example_sla_dag.py
[2022-11-20T17:27:44.332+0000] {processor.py:766} INFO - DAG(s) dict_keys(['example_sla_dag']) retrieved from /home/airflow/.local/lib/python3.7/site-packages/airflow/example_dags/example_sla_dag.py
[2022-11-20T17:27:44.359+0000] {logging_mixin.py:120} INFO - [2022-11-20T17:27:44.359+0000] {dag.py:2585} INFO - Sync 1 DAGs
[2022-11-20T17:27:44.385+0000] {logging_mixin.py:120} INFO - [2022-11-20T17:27:44.384+0000] {dag.py:3340} INFO - Setting next_dagrun for example_sla_dag to 2022-11-20T17:24:00+00:00, run_after=2022-11-20T17:26:00+00:00
[2022-11-20T17:27:44.394+0000] {processor.py:176} INFO - Processing /home/airflow/.local/lib/python3.7/site-packages/airflow/example_dags/example_sla_dag.py took 0.077 seconds
[2022-11-20T17:28:15.127+0000] {processor.py:154} INFO - Started process (PID=3334) to work on /home/airflow/.local/lib/python3.7/site-packages/airflow/example_dags/example_sla_dag.py
[2022-11-20T17:28:15.127+0000] {processor.py:756} INFO - Processing file /home/airflow/.local/lib/python3.7/site-packages/airflow/example_dags/example_sla_dag.py for tasks to queue
[2022-11-20T17:28:15.128+0000] {logging_mixin.py:120} INFO - [2022-11-20T17:28:15.128+0000] {dagbag.py:537} INFO - Filling up the DagBag from /home/airflow/.local/lib/python3.7/site-packages/airflow/example_dags/example_sla_dag.py
[2022-11-20T17:28:15.141+0000] {processor.py:766} INFO - DAG(s) dict_keys(['example_sla_dag']) retrieved from /home/airflow/.local/lib/python3.7/site-packages/airflow/example_dags/example_sla_dag.py
[2022-11-20T17:28:15.163+0000] {logging_mixin.py:120} INFO - [2022-11-20T17:28:15.163+0000] {dag.py:2585} INFO - Sync 1 DAGs
[2022-11-20T17:28:15.176+0000] {logging_mixin.py:120} INFO - [2022-11-20T17:28:15.176+0000] {dag.py:3340} INFO - Setting next_dagrun for example_sla_dag to 2022-11-20T17:26:00+00:00, run_after=2022-11-20T17:28:00+00:00
[2022-11-20T17:28:15.187+0000] {processor.py:176} INFO - Processing /home/airflow/.local/lib/python3.7/site-packages/airflow/example_dags/example_sla_dag.py took 0.063 seconds
[2022-11-20T17:28:45.983+0000] {processor.py:154} INFO - Started process (PID=3403) to work on /home/airflow/.local/lib/python3.7/site-packages/airflow/example_dags/example_sla_dag.py
[2022-11-20T17:28:45.985+0000] {processor.py:756} INFO - Processing file /home/airflow/.local/lib/python3.7/site-packages/airflow/example_dags/example_sla_dag.py for tasks to queue
[2022-11-20T17:28:45.986+0000] {logging_mixin.py:120} INFO - [2022-11-20T17:28:45.986+0000] {dagbag.py:537} INFO - Filling up the DagBag from /home/airflow/.local/lib/python3.7/site-packages/airflow/example_dags/example_sla_dag.py
[2022-11-20T17:28:46.007+0000] {processor.py:766} INFO - DAG(s) dict_keys(['example_sla_dag']) retrieved from /home/airflow/.local/lib/python3.7/site-packages/airflow/example_dags/example_sla_dag.py
[2022-11-20T17:28:46.029+0000] {logging_mixin.py:120} INFO - [2022-11-20T17:28:46.029+0000] {dag.py:2585} INFO - Sync 1 DAGs
[2022-11-20T17:28:46.044+0000] {logging_mixin.py:120} INFO - [2022-11-20T17:28:46.044+0000] {dag.py:3340} INFO - Setting next_dagrun for example_sla_dag to 2022-11-20T17:26:00+00:00, run_after=2022-11-20T17:28:00+00:00
[2022-11-20T17:28:46.052+0000] {processor.py:176} INFO - Processing /home/airflow/.local/lib/python3.7/site-packages/airflow/example_dags/example_sla_dag.py took 0.075 seconds
[2022-11-20T17:29:16.854+0000] {processor.py:154} INFO - Started process (PID=3471) to work on /home/airflow/.local/lib/python3.7/site-packages/airflow/example_dags/example_sla_dag.py
[2022-11-20T17:29:16.855+0000] {processor.py:756} INFO - Processing file /home/airflow/.local/lib/python3.7/site-packages/airflow/example_dags/example_sla_dag.py for tasks to queue
[2022-11-20T17:29:16.856+0000] {logging_mixin.py:120} INFO - [2022-11-20T17:29:16.856+0000] {dagbag.py:537} INFO - Filling up the DagBag from /home/airflow/.local/lib/python3.7/site-packages/airflow/example_dags/example_sla_dag.py
[2022-11-20T17:29:16.878+0000] {processor.py:766} INFO - DAG(s) dict_keys(['example_sla_dag']) retrieved from /home/airflow/.local/lib/python3.7/site-packages/airflow/example_dags/example_sla_dag.py
[2022-11-20T17:29:16.901+0000] {logging_mixin.py:120} INFO - [2022-11-20T17:29:16.901+0000] {dag.py:2585} INFO - Sync 1 DAGs
[2022-11-20T17:29:16.916+0000] {logging_mixin.py:120} INFO - [2022-11-20T17:29:16.916+0000] {dag.py:3340} INFO - Setting next_dagrun for example_sla_dag to 2022-11-20T17:26:00+00:00, run_after=2022-11-20T17:28:00+00:00
[2022-11-20T17:29:16.926+0000] {processor.py:176} INFO - Processing /home/airflow/.local/lib/python3.7/site-packages/airflow/example_dags/example_sla_dag.py took 0.078 seconds
[2022-11-20T17:29:47.724+0000] {processor.py:154} INFO - Started process (PID=3537) to work on /home/airflow/.local/lib/python3.7/site-packages/airflow/example_dags/example_sla_dag.py
[2022-11-20T17:29:47.726+0000] {processor.py:756} INFO - Processing file /home/airflow/.local/lib/python3.7/site-packages/airflow/example_dags/example_sla_dag.py for tasks to queue
[2022-11-20T17:29:47.727+0000] {logging_mixin.py:120} INFO - [2022-11-20T17:29:47.727+0000] {dagbag.py:537} INFO - Filling up the DagBag from /home/airflow/.local/lib/python3.7/site-packages/airflow/example_dags/example_sla_dag.py
[2022-11-20T17:29:47.747+0000] {processor.py:766} INFO - DAG(s) dict_keys(['example_sla_dag']) retrieved from /home/airflow/.local/lib/python3.7/site-packages/airflow/example_dags/example_sla_dag.py
[2022-11-20T17:29:47.771+0000] {logging_mixin.py:120} INFO - [2022-11-20T17:29:47.771+0000] {dag.py:2585} INFO - Sync 1 DAGs
[2022-11-20T17:29:47.785+0000] {logging_mixin.py:120} INFO - [2022-11-20T17:29:47.785+0000] {dag.py:3340} INFO - Setting next_dagrun for example_sla_dag to 2022-11-20T17:26:00+00:00, run_after=2022-11-20T17:28:00+00:00
[2022-11-20T17:29:47.795+0000] {processor.py:176} INFO - Processing /home/airflow/.local/lib/python3.7/site-packages/airflow/example_dags/example_sla_dag.py took 0.077 seconds
[2022-11-20T17:30:18.591+0000] {processor.py:154} INFO - Started process (PID=3609) to work on /home/airflow/.local/lib/python3.7/site-packages/airflow/example_dags/example_sla_dag.py
[2022-11-20T17:30:18.592+0000] {processor.py:756} INFO - Processing file /home/airflow/.local/lib/python3.7/site-packages/airflow/example_dags/example_sla_dag.py for tasks to queue
[2022-11-20T17:30:18.593+0000] {logging_mixin.py:120} INFO - [2022-11-20T17:30:18.593+0000] {dagbag.py:537} INFO - Filling up the DagBag from /home/airflow/.local/lib/python3.7/site-packages/airflow/example_dags/example_sla_dag.py
[2022-11-20T17:30:18.616+0000] {processor.py:766} INFO - DAG(s) dict_keys(['example_sla_dag']) retrieved from /home/airflow/.local/lib/python3.7/site-packages/airflow/example_dags/example_sla_dag.py
[2022-11-20T17:30:18.638+0000] {logging_mixin.py:120} INFO - [2022-11-20T17:30:18.638+0000] {dag.py:2585} INFO - Sync 1 DAGs
[2022-11-20T17:30:18.651+0000] {logging_mixin.py:120} INFO - [2022-11-20T17:30:18.651+0000] {dag.py:3340} INFO - Setting next_dagrun for example_sla_dag to 2022-11-20T17:28:00+00:00, run_after=2022-11-20T17:30:00+00:00
[2022-11-20T17:30:18.660+0000] {processor.py:176} INFO - Processing /home/airflow/.local/lib/python3.7/site-packages/airflow/example_dags/example_sla_dag.py took 0.074 seconds
[2022-11-20T17:30:49.517+0000] {processor.py:154} INFO - Started process (PID=3677) to work on /home/airflow/.local/lib/python3.7/site-packages/airflow/example_dags/example_sla_dag.py
[2022-11-20T17:30:49.518+0000] {processor.py:756} INFO - Processing file /home/airflow/.local/lib/python3.7/site-packages/airflow/example_dags/example_sla_dag.py for tasks to queue
[2022-11-20T17:30:49.519+0000] {logging_mixin.py:120} INFO - [2022-11-20T17:30:49.519+0000] {dagbag.py:537} INFO - Filling up the DagBag from /home/airflow/.local/lib/python3.7/site-packages/airflow/example_dags/example_sla_dag.py
[2022-11-20T17:30:49.541+0000] {processor.py:766} INFO - DAG(s) dict_keys(['example_sla_dag']) retrieved from /home/airflow/.local/lib/python3.7/site-packages/airflow/example_dags/example_sla_dag.py
[2022-11-20T17:30:49.564+0000] {logging_mixin.py:120} INFO - [2022-11-20T17:30:49.564+0000] {dag.py:2585} INFO - Sync 1 DAGs
[2022-11-20T17:30:49.578+0000] {logging_mixin.py:120} INFO - [2022-11-20T17:30:49.578+0000] {dag.py:3340} INFO - Setting next_dagrun for example_sla_dag to 2022-11-20T17:28:00+00:00, run_after=2022-11-20T17:30:00+00:00
[2022-11-20T17:30:49.588+0000] {processor.py:176} INFO - Processing /home/airflow/.local/lib/python3.7/site-packages/airflow/example_dags/example_sla_dag.py took 0.077 seconds
[2022-11-20T17:31:20.503+0000] {processor.py:154} INFO - Started process (PID=3746) to work on /home/airflow/.local/lib/python3.7/site-packages/airflow/example_dags/example_sla_dag.py
[2022-11-20T17:31:20.505+0000] {processor.py:756} INFO - Processing file /home/airflow/.local/lib/python3.7/site-packages/airflow/example_dags/example_sla_dag.py for tasks to queue
[2022-11-20T17:31:20.506+0000] {logging_mixin.py:120} INFO - [2022-11-20T17:31:20.506+0000] {dagbag.py:537} INFO - Filling up the DagBag from /home/airflow/.local/lib/python3.7/site-packages/airflow/example_dags/example_sla_dag.py
[2022-11-20T17:31:20.527+0000] {processor.py:766} INFO - DAG(s) dict_keys(['example_sla_dag']) retrieved from /home/airflow/.local/lib/python3.7/site-packages/airflow/example_dags/example_sla_dag.py
[2022-11-20T17:31:20.550+0000] {logging_mixin.py:120} INFO - [2022-11-20T17:31:20.549+0000] {dag.py:2585} INFO - Sync 1 DAGs
[2022-11-20T17:31:20.564+0000] {logging_mixin.py:120} INFO - [2022-11-20T17:31:20.564+0000] {dag.py:3340} INFO - Setting next_dagrun for example_sla_dag to 2022-11-20T17:28:00+00:00, run_after=2022-11-20T17:30:00+00:00
[2022-11-20T17:31:20.573+0000] {processor.py:176} INFO - Processing /home/airflow/.local/lib/python3.7/site-packages/airflow/example_dags/example_sla_dag.py took 0.075 seconds
[2022-11-20T17:31:51.474+0000] {processor.py:154} INFO - Started process (PID=3814) to work on /home/airflow/.local/lib/python3.7/site-packages/airflow/example_dags/example_sla_dag.py
[2022-11-20T17:31:51.475+0000] {processor.py:756} INFO - Processing file /home/airflow/.local/lib/python3.7/site-packages/airflow/example_dags/example_sla_dag.py for tasks to queue
[2022-11-20T17:31:51.475+0000] {logging_mixin.py:120} INFO - [2022-11-20T17:31:51.475+0000] {dagbag.py:537} INFO - Filling up the DagBag from /home/airflow/.local/lib/python3.7/site-packages/airflow/example_dags/example_sla_dag.py
[2022-11-20T17:31:51.487+0000] {processor.py:766} INFO - DAG(s) dict_keys(['example_sla_dag']) retrieved from /home/airflow/.local/lib/python3.7/site-packages/airflow/example_dags/example_sla_dag.py
[2022-11-20T17:31:51.509+0000] {logging_mixin.py:120} INFO - [2022-11-20T17:31:51.508+0000] {dag.py:2585} INFO - Sync 1 DAGs
[2022-11-20T17:31:51.529+0000] {logging_mixin.py:120} INFO - [2022-11-20T17:31:51.529+0000] {dag.py:3340} INFO - Setting next_dagrun for example_sla_dag to 2022-11-20T17:28:00+00:00, run_after=2022-11-20T17:30:00+00:00
[2022-11-20T17:31:51.538+0000] {processor.py:176} INFO - Processing /home/airflow/.local/lib/python3.7/site-packages/airflow/example_dags/example_sla_dag.py took 0.067 seconds
[2022-11-20T17:32:22.351+0000] {processor.py:154} INFO - Started process (PID=3874) to work on /home/airflow/.local/lib/python3.7/site-packages/airflow/example_dags/example_sla_dag.py
[2022-11-20T17:32:22.353+0000] {processor.py:756} INFO - Processing file /home/airflow/.local/lib/python3.7/site-packages/airflow/example_dags/example_sla_dag.py for tasks to queue
[2022-11-20T17:32:22.354+0000] {logging_mixin.py:120} INFO - [2022-11-20T17:32:22.354+0000] {dagbag.py:537} INFO - Filling up the DagBag from /home/airflow/.local/lib/python3.7/site-packages/airflow/example_dags/example_sla_dag.py
[2022-11-20T17:32:22.373+0000] {processor.py:766} INFO - DAG(s) dict_keys(['example_sla_dag']) retrieved from /home/airflow/.local/lib/python3.7/site-packages/airflow/example_dags/example_sla_dag.py
[2022-11-20T17:32:22.396+0000] {logging_mixin.py:120} INFO - [2022-11-20T17:32:22.396+0000] {dag.py:2585} INFO - Sync 1 DAGs
[2022-11-20T17:32:22.410+0000] {logging_mixin.py:120} INFO - [2022-11-20T17:32:22.410+0000] {dag.py:3340} INFO - Setting next_dagrun for example_sla_dag to 2022-11-20T17:30:00+00:00, run_after=2022-11-20T17:32:00+00:00
[2022-11-20T17:32:22.421+0000] {processor.py:176} INFO - Processing /home/airflow/.local/lib/python3.7/site-packages/airflow/example_dags/example_sla_dag.py took 0.075 seconds
[2022-11-20T17:32:52.633+0000] {processor.py:154} INFO - Started process (PID=3939) to work on /home/airflow/.local/lib/python3.7/site-packages/airflow/example_dags/example_sla_dag.py
[2022-11-20T17:32:52.634+0000] {processor.py:756} INFO - Processing file /home/airflow/.local/lib/python3.7/site-packages/airflow/example_dags/example_sla_dag.py for tasks to queue
[2022-11-20T17:32:52.635+0000] {logging_mixin.py:120} INFO - [2022-11-20T17:32:52.635+0000] {dagbag.py:537} INFO - Filling up the DagBag from /home/airflow/.local/lib/python3.7/site-packages/airflow/example_dags/example_sla_dag.py
[2022-11-20T17:32:52.657+0000] {processor.py:766} INFO - DAG(s) dict_keys(['example_sla_dag']) retrieved from /home/airflow/.local/lib/python3.7/site-packages/airflow/example_dags/example_sla_dag.py
[2022-11-20T17:32:52.680+0000] {logging_mixin.py:120} INFO - [2022-11-20T17:32:52.680+0000] {dag.py:2585} INFO - Sync 1 DAGs
[2022-11-20T17:32:52.694+0000] {logging_mixin.py:120} INFO - [2022-11-20T17:32:52.694+0000] {dag.py:3340} INFO - Setting next_dagrun for example_sla_dag to 2022-11-20T17:30:00+00:00, run_after=2022-11-20T17:32:00+00:00
[2022-11-20T17:32:52.703+0000] {processor.py:176} INFO - Processing /home/airflow/.local/lib/python3.7/site-packages/airflow/example_dags/example_sla_dag.py took 0.076 seconds
[2022-11-20T17:33:22.848+0000] {processor.py:154} INFO - Started process (PID=4006) to work on /home/airflow/.local/lib/python3.7/site-packages/airflow/example_dags/example_sla_dag.py
[2022-11-20T17:33:22.850+0000] {processor.py:756} INFO - Processing file /home/airflow/.local/lib/python3.7/site-packages/airflow/example_dags/example_sla_dag.py for tasks to queue
[2022-11-20T17:33:22.852+0000] {logging_mixin.py:120} INFO - [2022-11-20T17:33:22.851+0000] {dagbag.py:537} INFO - Filling up the DagBag from /home/airflow/.local/lib/python3.7/site-packages/airflow/example_dags/example_sla_dag.py
[2022-11-20T17:33:22.875+0000] {processor.py:766} INFO - DAG(s) dict_keys(['example_sla_dag']) retrieved from /home/airflow/.local/lib/python3.7/site-packages/airflow/example_dags/example_sla_dag.py
[2022-11-20T17:33:22.899+0000] {logging_mixin.py:120} INFO - [2022-11-20T17:33:22.899+0000] {dag.py:2585} INFO - Sync 1 DAGs
[2022-11-20T17:33:22.913+0000] {logging_mixin.py:120} INFO - [2022-11-20T17:33:22.913+0000] {dag.py:3340} INFO - Setting next_dagrun for example_sla_dag to 2022-11-20T17:30:00+00:00, run_after=2022-11-20T17:32:00+00:00
[2022-11-20T17:33:22.923+0000] {processor.py:176} INFO - Processing /home/airflow/.local/lib/python3.7/site-packages/airflow/example_dags/example_sla_dag.py took 0.082 seconds
[2022-11-20T17:33:53.829+0000] {processor.py:154} INFO - Started process (PID=4071) to work on /home/airflow/.local/lib/python3.7/site-packages/airflow/example_dags/example_sla_dag.py
[2022-11-20T17:33:53.831+0000] {processor.py:756} INFO - Processing file /home/airflow/.local/lib/python3.7/site-packages/airflow/example_dags/example_sla_dag.py for tasks to queue
[2022-11-20T17:33:53.831+0000] {logging_mixin.py:120} INFO - [2022-11-20T17:33:53.831+0000] {dagbag.py:537} INFO - Filling up the DagBag from /home/airflow/.local/lib/python3.7/site-packages/airflow/example_dags/example_sla_dag.py
[2022-11-20T17:33:53.851+0000] {processor.py:766} INFO - DAG(s) dict_keys(['example_sla_dag']) retrieved from /home/airflow/.local/lib/python3.7/site-packages/airflow/example_dags/example_sla_dag.py
[2022-11-20T17:33:53.876+0000] {logging_mixin.py:120} INFO - [2022-11-20T17:33:53.876+0000] {dag.py:2585} INFO - Sync 1 DAGs
[2022-11-20T17:33:53.890+0000] {logging_mixin.py:120} INFO - [2022-11-20T17:33:53.890+0000] {dag.py:3340} INFO - Setting next_dagrun for example_sla_dag to 2022-11-20T17:30:00+00:00, run_after=2022-11-20T17:32:00+00:00
[2022-11-20T17:33:53.899+0000] {processor.py:176} INFO - Processing /home/airflow/.local/lib/python3.7/site-packages/airflow/example_dags/example_sla_dag.py took 0.075 seconds
[2022-11-20T17:34:24.809+0000] {processor.py:154} INFO - Started process (PID=4137) to work on /home/airflow/.local/lib/python3.7/site-packages/airflow/example_dags/example_sla_dag.py
[2022-11-20T17:34:24.810+0000] {processor.py:756} INFO - Processing file /home/airflow/.local/lib/python3.7/site-packages/airflow/example_dags/example_sla_dag.py for tasks to queue
[2022-11-20T17:34:24.811+0000] {logging_mixin.py:120} INFO - [2022-11-20T17:34:24.811+0000] {dagbag.py:537} INFO - Filling up the DagBag from /home/airflow/.local/lib/python3.7/site-packages/airflow/example_dags/example_sla_dag.py
[2022-11-20T17:34:24.824+0000] {processor.py:766} INFO - DAG(s) dict_keys(['example_sla_dag']) retrieved from /home/airflow/.local/lib/python3.7/site-packages/airflow/example_dags/example_sla_dag.py
[2022-11-20T17:34:24.849+0000] {logging_mixin.py:120} INFO - [2022-11-20T17:34:24.849+0000] {dag.py:2585} INFO - Sync 1 DAGs
[2022-11-20T17:34:24.866+0000] {logging_mixin.py:120} INFO - [2022-11-20T17:34:24.866+0000] {dag.py:3340} INFO - Setting next_dagrun for example_sla_dag to 2022-11-20T17:32:00+00:00, run_after=2022-11-20T17:34:00+00:00
[2022-11-20T17:34:24.876+0000] {processor.py:176} INFO - Processing /home/airflow/.local/lib/python3.7/site-packages/airflow/example_dags/example_sla_dag.py took 0.069 seconds
[2022-11-20T17:34:55.821+0000] {processor.py:154} INFO - Started process (PID=4207) to work on /home/airflow/.local/lib/python3.7/site-packages/airflow/example_dags/example_sla_dag.py
[2022-11-20T17:34:55.823+0000] {processor.py:756} INFO - Processing file /home/airflow/.local/lib/python3.7/site-packages/airflow/example_dags/example_sla_dag.py for tasks to queue
[2022-11-20T17:34:55.824+0000] {logging_mixin.py:120} INFO - [2022-11-20T17:34:55.823+0000] {dagbag.py:537} INFO - Filling up the DagBag from /home/airflow/.local/lib/python3.7/site-packages/airflow/example_dags/example_sla_dag.py
[2022-11-20T17:34:55.845+0000] {processor.py:766} INFO - DAG(s) dict_keys(['example_sla_dag']) retrieved from /home/airflow/.local/lib/python3.7/site-packages/airflow/example_dags/example_sla_dag.py
[2022-11-20T17:34:55.873+0000] {logging_mixin.py:120} INFO - [2022-11-20T17:34:55.873+0000] {dag.py:2585} INFO - Sync 1 DAGs
[2022-11-20T17:34:55.894+0000] {logging_mixin.py:120} INFO - [2022-11-20T17:34:55.894+0000] {dag.py:3340} INFO - Setting next_dagrun for example_sla_dag to 2022-11-20T17:32:00+00:00, run_after=2022-11-20T17:34:00+00:00
[2022-11-20T17:34:55.916+0000] {processor.py:176} INFO - Processing /home/airflow/.local/lib/python3.7/site-packages/airflow/example_dags/example_sla_dag.py took 0.101 seconds
[2022-11-20T17:35:26.649+0000] {processor.py:154} INFO - Started process (PID=4274) to work on /home/airflow/.local/lib/python3.7/site-packages/airflow/example_dags/example_sla_dag.py
[2022-11-20T17:35:26.650+0000] {processor.py:756} INFO - Processing file /home/airflow/.local/lib/python3.7/site-packages/airflow/example_dags/example_sla_dag.py for tasks to queue
[2022-11-20T17:35:26.650+0000] {logging_mixin.py:120} INFO - [2022-11-20T17:35:26.650+0000] {dagbag.py:537} INFO - Filling up the DagBag from /home/airflow/.local/lib/python3.7/site-packages/airflow/example_dags/example_sla_dag.py
[2022-11-20T17:35:26.663+0000] {processor.py:766} INFO - DAG(s) dict_keys(['example_sla_dag']) retrieved from /home/airflow/.local/lib/python3.7/site-packages/airflow/example_dags/example_sla_dag.py
[2022-11-20T17:35:26.689+0000] {logging_mixin.py:120} INFO - [2022-11-20T17:35:26.689+0000] {dag.py:2585} INFO - Sync 1 DAGs
[2022-11-20T17:35:26.704+0000] {logging_mixin.py:120} INFO - [2022-11-20T17:35:26.704+0000] {dag.py:3340} INFO - Setting next_dagrun for example_sla_dag to 2022-11-20T17:32:00+00:00, run_after=2022-11-20T17:34:00+00:00
[2022-11-20T17:35:26.714+0000] {processor.py:176} INFO - Processing /home/airflow/.local/lib/python3.7/site-packages/airflow/example_dags/example_sla_dag.py took 0.066 seconds
