[2022-11-20T12:59:11.449+0000] {processor.py:154} INFO - Started process (PID=61) to work on /home/airflow/.local/lib/python3.7/site-packages/airflow/example_dags/example_time_delta_sensor_async.py
[2022-11-20T12:59:11.449+0000] {processor.py:756} INFO - Processing file /home/airflow/.local/lib/python3.7/site-packages/airflow/example_dags/example_time_delta_sensor_async.py for tasks to queue
[2022-11-20T12:59:11.450+0000] {logging_mixin.py:120} INFO - [2022-11-20T12:59:11.450+0000] {dagbag.py:537} INFO - Filling up the DagBag from /home/airflow/.local/lib/python3.7/site-packages/airflow/example_dags/example_time_delta_sensor_async.py
[2022-11-20T12:59:11.461+0000] {processor.py:766} INFO - DAG(s) dict_keys(['example_time_delta_sensor_async']) retrieved from /home/airflow/.local/lib/python3.7/site-packages/airflow/example_dags/example_time_delta_sensor_async.py
[2022-11-20T12:59:11.858+0000] {logging_mixin.py:120} INFO - [2022-11-20T12:59:11.858+0000] {dag.py:2585} INFO - Sync 1 DAGs
[2022-11-20T12:59:11.908+0000] {logging_mixin.py:120} INFO - [2022-11-20T12:59:11.908+0000] {dag.py:3340} INFO - Setting next_dagrun for example_time_delta_sensor_async to None, run_after=None
[2022-11-20T12:59:11.934+0000] {processor.py:176} INFO - Processing /home/airflow/.local/lib/python3.7/site-packages/airflow/example_dags/example_time_delta_sensor_async.py took 0.487 seconds
[2022-11-20T12:59:42.491+0000] {processor.py:154} INFO - Started process (PID=136) to work on /home/airflow/.local/lib/python3.7/site-packages/airflow/example_dags/example_time_delta_sensor_async.py
[2022-11-20T12:59:42.491+0000] {processor.py:756} INFO - Processing file /home/airflow/.local/lib/python3.7/site-packages/airflow/example_dags/example_time_delta_sensor_async.py for tasks to queue
[2022-11-20T12:59:42.492+0000] {logging_mixin.py:120} INFO - [2022-11-20T12:59:42.492+0000] {dagbag.py:537} INFO - Filling up the DagBag from /home/airflow/.local/lib/python3.7/site-packages/airflow/example_dags/example_time_delta_sensor_async.py
[2022-11-20T12:59:42.499+0000] {processor.py:766} INFO - DAG(s) dict_keys(['example_time_delta_sensor_async']) retrieved from /home/airflow/.local/lib/python3.7/site-packages/airflow/example_dags/example_time_delta_sensor_async.py
[2022-11-20T12:59:42.585+0000] {logging_mixin.py:120} INFO - [2022-11-20T12:59:42.585+0000] {dag.py:2585} INFO - Sync 1 DAGs
[2022-11-20T12:59:42.597+0000] {logging_mixin.py:120} INFO - [2022-11-20T12:59:42.597+0000] {dag.py:3340} INFO - Setting next_dagrun for example_time_delta_sensor_async to None, run_after=None
[2022-11-20T12:59:42.607+0000] {processor.py:176} INFO - Processing /home/airflow/.local/lib/python3.7/site-packages/airflow/example_dags/example_time_delta_sensor_async.py took 0.118 seconds
[2022-11-20T13:00:13.276+0000] {processor.py:154} INFO - Started process (PID=204) to work on /home/airflow/.local/lib/python3.7/site-packages/airflow/example_dags/example_time_delta_sensor_async.py
[2022-11-20T13:00:13.276+0000] {processor.py:756} INFO - Processing file /home/airflow/.local/lib/python3.7/site-packages/airflow/example_dags/example_time_delta_sensor_async.py for tasks to queue
[2022-11-20T13:00:13.277+0000] {logging_mixin.py:120} INFO - [2022-11-20T13:00:13.277+0000] {dagbag.py:537} INFO - Filling up the DagBag from /home/airflow/.local/lib/python3.7/site-packages/airflow/example_dags/example_time_delta_sensor_async.py
[2022-11-20T13:00:13.283+0000] {processor.py:766} INFO - DAG(s) dict_keys(['example_time_delta_sensor_async']) retrieved from /home/airflow/.local/lib/python3.7/site-packages/airflow/example_dags/example_time_delta_sensor_async.py
[2022-11-20T13:00:13.371+0000] {logging_mixin.py:120} INFO - [2022-11-20T13:00:13.371+0000] {dag.py:2585} INFO - Sync 1 DAGs
[2022-11-20T13:00:13.384+0000] {logging_mixin.py:120} INFO - [2022-11-20T13:00:13.384+0000] {dag.py:3340} INFO - Setting next_dagrun for example_time_delta_sensor_async to None, run_after=None
[2022-11-20T13:00:13.394+0000] {processor.py:176} INFO - Processing /home/airflow/.local/lib/python3.7/site-packages/airflow/example_dags/example_time_delta_sensor_async.py took 0.120 seconds
[2022-11-20T13:00:44.008+0000] {processor.py:154} INFO - Started process (PID=272) to work on /home/airflow/.local/lib/python3.7/site-packages/airflow/example_dags/example_time_delta_sensor_async.py
[2022-11-20T13:00:44.008+0000] {processor.py:756} INFO - Processing file /home/airflow/.local/lib/python3.7/site-packages/airflow/example_dags/example_time_delta_sensor_async.py for tasks to queue
[2022-11-20T13:00:44.009+0000] {logging_mixin.py:120} INFO - [2022-11-20T13:00:44.008+0000] {dagbag.py:537} INFO - Filling up the DagBag from /home/airflow/.local/lib/python3.7/site-packages/airflow/example_dags/example_time_delta_sensor_async.py
[2022-11-20T13:00:44.015+0000] {processor.py:766} INFO - DAG(s) dict_keys(['example_time_delta_sensor_async']) retrieved from /home/airflow/.local/lib/python3.7/site-packages/airflow/example_dags/example_time_delta_sensor_async.py
[2022-11-20T13:00:44.104+0000] {logging_mixin.py:120} INFO - [2022-11-20T13:00:44.104+0000] {dag.py:2585} INFO - Sync 1 DAGs
[2022-11-20T13:00:44.115+0000] {logging_mixin.py:120} INFO - [2022-11-20T13:00:44.115+0000] {dag.py:3340} INFO - Setting next_dagrun for example_time_delta_sensor_async to None, run_after=None
[2022-11-20T13:00:44.126+0000] {processor.py:176} INFO - Processing /home/airflow/.local/lib/python3.7/site-packages/airflow/example_dags/example_time_delta_sensor_async.py took 0.121 seconds
[2022-11-20T13:01:15.039+0000] {processor.py:154} INFO - Started process (PID=340) to work on /home/airflow/.local/lib/python3.7/site-packages/airflow/example_dags/example_time_delta_sensor_async.py
[2022-11-20T13:01:15.039+0000] {processor.py:756} INFO - Processing file /home/airflow/.local/lib/python3.7/site-packages/airflow/example_dags/example_time_delta_sensor_async.py for tasks to queue
[2022-11-20T13:01:15.040+0000] {logging_mixin.py:120} INFO - [2022-11-20T13:01:15.040+0000] {dagbag.py:537} INFO - Filling up the DagBag from /home/airflow/.local/lib/python3.7/site-packages/airflow/example_dags/example_time_delta_sensor_async.py
[2022-11-20T13:01:15.048+0000] {processor.py:766} INFO - DAG(s) dict_keys(['example_time_delta_sensor_async']) retrieved from /home/airflow/.local/lib/python3.7/site-packages/airflow/example_dags/example_time_delta_sensor_async.py
[2022-11-20T13:01:15.138+0000] {logging_mixin.py:120} INFO - [2022-11-20T13:01:15.138+0000] {dag.py:2585} INFO - Sync 1 DAGs
[2022-11-20T13:01:15.152+0000] {logging_mixin.py:120} INFO - [2022-11-20T13:01:15.151+0000] {dag.py:3340} INFO - Setting next_dagrun for example_time_delta_sensor_async to None, run_after=None
[2022-11-20T13:01:15.162+0000] {processor.py:176} INFO - Processing /home/airflow/.local/lib/python3.7/site-packages/airflow/example_dags/example_time_delta_sensor_async.py took 0.125 seconds
[2022-11-20T13:01:45.224+0000] {processor.py:154} INFO - Started process (PID=400) to work on /home/airflow/.local/lib/python3.7/site-packages/airflow/example_dags/example_time_delta_sensor_async.py
[2022-11-20T13:01:45.224+0000] {processor.py:756} INFO - Processing file /home/airflow/.local/lib/python3.7/site-packages/airflow/example_dags/example_time_delta_sensor_async.py for tasks to queue
[2022-11-20T13:01:45.225+0000] {logging_mixin.py:120} INFO - [2022-11-20T13:01:45.225+0000] {dagbag.py:537} INFO - Filling up the DagBag from /home/airflow/.local/lib/python3.7/site-packages/airflow/example_dags/example_time_delta_sensor_async.py
[2022-11-20T13:01:45.232+0000] {processor.py:766} INFO - DAG(s) dict_keys(['example_time_delta_sensor_async']) retrieved from /home/airflow/.local/lib/python3.7/site-packages/airflow/example_dags/example_time_delta_sensor_async.py
[2022-11-20T13:01:45.319+0000] {logging_mixin.py:120} INFO - [2022-11-20T13:01:45.319+0000] {dag.py:2585} INFO - Sync 1 DAGs
[2022-11-20T13:01:45.331+0000] {logging_mixin.py:120} INFO - [2022-11-20T13:01:45.331+0000] {dag.py:3340} INFO - Setting next_dagrun for example_time_delta_sensor_async to None, run_after=None
[2022-11-20T13:01:45.352+0000] {processor.py:176} INFO - Processing /home/airflow/.local/lib/python3.7/site-packages/airflow/example_dags/example_time_delta_sensor_async.py took 0.130 seconds
[2022-11-20T13:02:16.142+0000] {processor.py:154} INFO - Started process (PID=465) to work on /home/airflow/.local/lib/python3.7/site-packages/airflow/example_dags/example_time_delta_sensor_async.py
[2022-11-20T13:02:16.142+0000] {processor.py:756} INFO - Processing file /home/airflow/.local/lib/python3.7/site-packages/airflow/example_dags/example_time_delta_sensor_async.py for tasks to queue
[2022-11-20T13:02:16.144+0000] {logging_mixin.py:120} INFO - [2022-11-20T13:02:16.144+0000] {dagbag.py:537} INFO - Filling up the DagBag from /home/airflow/.local/lib/python3.7/site-packages/airflow/example_dags/example_time_delta_sensor_async.py
[2022-11-20T13:02:16.151+0000] {processor.py:766} INFO - DAG(s) dict_keys(['example_time_delta_sensor_async']) retrieved from /home/airflow/.local/lib/python3.7/site-packages/airflow/example_dags/example_time_delta_sensor_async.py
[2022-11-20T13:02:16.237+0000] {logging_mixin.py:120} INFO - [2022-11-20T13:02:16.237+0000] {dag.py:2585} INFO - Sync 1 DAGs
[2022-11-20T13:02:16.249+0000] {logging_mixin.py:120} INFO - [2022-11-20T13:02:16.249+0000] {dag.py:3340} INFO - Setting next_dagrun for example_time_delta_sensor_async to None, run_after=None
[2022-11-20T13:02:16.259+0000] {processor.py:176} INFO - Processing /home/airflow/.local/lib/python3.7/site-packages/airflow/example_dags/example_time_delta_sensor_async.py took 0.119 seconds
[2022-11-20T13:02:46.845+0000] {processor.py:154} INFO - Started process (PID=534) to work on /home/airflow/.local/lib/python3.7/site-packages/airflow/example_dags/example_time_delta_sensor_async.py
[2022-11-20T13:02:46.846+0000] {processor.py:756} INFO - Processing file /home/airflow/.local/lib/python3.7/site-packages/airflow/example_dags/example_time_delta_sensor_async.py for tasks to queue
[2022-11-20T13:02:46.846+0000] {logging_mixin.py:120} INFO - [2022-11-20T13:02:46.846+0000] {dagbag.py:537} INFO - Filling up the DagBag from /home/airflow/.local/lib/python3.7/site-packages/airflow/example_dags/example_time_delta_sensor_async.py
[2022-11-20T13:02:46.854+0000] {processor.py:766} INFO - DAG(s) dict_keys(['example_time_delta_sensor_async']) retrieved from /home/airflow/.local/lib/python3.7/site-packages/airflow/example_dags/example_time_delta_sensor_async.py
[2022-11-20T13:02:46.945+0000] {logging_mixin.py:120} INFO - [2022-11-20T13:02:46.945+0000] {dag.py:2585} INFO - Sync 1 DAGs
[2022-11-20T13:02:46.958+0000] {logging_mixin.py:120} INFO - [2022-11-20T13:02:46.957+0000] {dag.py:3340} INFO - Setting next_dagrun for example_time_delta_sensor_async to None, run_after=None
[2022-11-20T13:02:46.968+0000] {processor.py:176} INFO - Processing /home/airflow/.local/lib/python3.7/site-packages/airflow/example_dags/example_time_delta_sensor_async.py took 0.125 seconds
[2022-11-20T13:03:17.947+0000] {processor.py:154} INFO - Started process (PID=597) to work on /home/airflow/.local/lib/python3.7/site-packages/airflow/example_dags/example_time_delta_sensor_async.py
[2022-11-20T13:03:17.948+0000] {processor.py:756} INFO - Processing file /home/airflow/.local/lib/python3.7/site-packages/airflow/example_dags/example_time_delta_sensor_async.py for tasks to queue
[2022-11-20T13:03:17.949+0000] {logging_mixin.py:120} INFO - [2022-11-20T13:03:17.949+0000] {dagbag.py:537} INFO - Filling up the DagBag from /home/airflow/.local/lib/python3.7/site-packages/airflow/example_dags/example_time_delta_sensor_async.py
[2022-11-20T13:03:17.956+0000] {processor.py:766} INFO - DAG(s) dict_keys(['example_time_delta_sensor_async']) retrieved from /home/airflow/.local/lib/python3.7/site-packages/airflow/example_dags/example_time_delta_sensor_async.py
[2022-11-20T13:03:18.044+0000] {logging_mixin.py:120} INFO - [2022-11-20T13:03:18.044+0000] {dag.py:2585} INFO - Sync 1 DAGs
[2022-11-20T13:03:18.058+0000] {logging_mixin.py:120} INFO - [2022-11-20T13:03:18.058+0000] {dag.py:3340} INFO - Setting next_dagrun for example_time_delta_sensor_async to None, run_after=None
[2022-11-20T13:03:18.068+0000] {processor.py:176} INFO - Processing /home/airflow/.local/lib/python3.7/site-packages/airflow/example_dags/example_time_delta_sensor_async.py took 0.122 seconds
[2022-11-20T13:03:48.620+0000] {processor.py:154} INFO - Started process (PID=665) to work on /home/airflow/.local/lib/python3.7/site-packages/airflow/example_dags/example_time_delta_sensor_async.py
[2022-11-20T13:03:48.621+0000] {processor.py:756} INFO - Processing file /home/airflow/.local/lib/python3.7/site-packages/airflow/example_dags/example_time_delta_sensor_async.py for tasks to queue
[2022-11-20T13:03:48.621+0000] {logging_mixin.py:120} INFO - [2022-11-20T13:03:48.621+0000] {dagbag.py:537} INFO - Filling up the DagBag from /home/airflow/.local/lib/python3.7/site-packages/airflow/example_dags/example_time_delta_sensor_async.py
[2022-11-20T13:03:48.628+0000] {processor.py:766} INFO - DAG(s) dict_keys(['example_time_delta_sensor_async']) retrieved from /home/airflow/.local/lib/python3.7/site-packages/airflow/example_dags/example_time_delta_sensor_async.py
[2022-11-20T13:03:48.713+0000] {logging_mixin.py:120} INFO - [2022-11-20T13:03:48.713+0000] {dag.py:2585} INFO - Sync 1 DAGs
[2022-11-20T13:03:48.725+0000] {logging_mixin.py:120} INFO - [2022-11-20T13:03:48.725+0000] {dag.py:3340} INFO - Setting next_dagrun for example_time_delta_sensor_async to None, run_after=None
[2022-11-20T13:03:48.734+0000] {processor.py:176} INFO - Processing /home/airflow/.local/lib/python3.7/site-packages/airflow/example_dags/example_time_delta_sensor_async.py took 0.116 seconds
[2022-11-20T13:04:19.520+0000] {processor.py:154} INFO - Started process (PID=734) to work on /home/airflow/.local/lib/python3.7/site-packages/airflow/example_dags/example_time_delta_sensor_async.py
[2022-11-20T13:04:19.520+0000] {processor.py:756} INFO - Processing file /home/airflow/.local/lib/python3.7/site-packages/airflow/example_dags/example_time_delta_sensor_async.py for tasks to queue
[2022-11-20T13:04:19.521+0000] {logging_mixin.py:120} INFO - [2022-11-20T13:04:19.521+0000] {dagbag.py:537} INFO - Filling up the DagBag from /home/airflow/.local/lib/python3.7/site-packages/airflow/example_dags/example_time_delta_sensor_async.py
[2022-11-20T13:04:19.528+0000] {processor.py:766} INFO - DAG(s) dict_keys(['example_time_delta_sensor_async']) retrieved from /home/airflow/.local/lib/python3.7/site-packages/airflow/example_dags/example_time_delta_sensor_async.py
[2022-11-20T13:04:19.642+0000] {logging_mixin.py:120} INFO - [2022-11-20T13:04:19.642+0000] {dag.py:2585} INFO - Sync 1 DAGs
[2022-11-20T13:04:19.656+0000] {logging_mixin.py:120} INFO - [2022-11-20T13:04:19.655+0000] {dag.py:3340} INFO - Setting next_dagrun for example_time_delta_sensor_async to None, run_after=None
[2022-11-20T13:04:19.667+0000] {processor.py:176} INFO - Processing /home/airflow/.local/lib/python3.7/site-packages/airflow/example_dags/example_time_delta_sensor_async.py took 0.150 seconds
[2022-11-20T13:04:50.637+0000] {processor.py:154} INFO - Started process (PID=804) to work on /home/airflow/.local/lib/python3.7/site-packages/airflow/example_dags/example_time_delta_sensor_async.py
[2022-11-20T13:04:50.637+0000] {processor.py:756} INFO - Processing file /home/airflow/.local/lib/python3.7/site-packages/airflow/example_dags/example_time_delta_sensor_async.py for tasks to queue
[2022-11-20T13:04:50.638+0000] {logging_mixin.py:120} INFO - [2022-11-20T13:04:50.638+0000] {dagbag.py:537} INFO - Filling up the DagBag from /home/airflow/.local/lib/python3.7/site-packages/airflow/example_dags/example_time_delta_sensor_async.py
[2022-11-20T13:04:50.645+0000] {processor.py:766} INFO - DAG(s) dict_keys(['example_time_delta_sensor_async']) retrieved from /home/airflow/.local/lib/python3.7/site-packages/airflow/example_dags/example_time_delta_sensor_async.py
[2022-11-20T13:04:50.727+0000] {logging_mixin.py:120} INFO - [2022-11-20T13:04:50.727+0000] {dag.py:2585} INFO - Sync 1 DAGs
[2022-11-20T13:04:50.738+0000] {logging_mixin.py:120} INFO - [2022-11-20T13:04:50.738+0000] {dag.py:3340} INFO - Setting next_dagrun for example_time_delta_sensor_async to None, run_after=None
[2022-11-20T13:04:50.751+0000] {processor.py:176} INFO - Processing /home/airflow/.local/lib/python3.7/site-packages/airflow/example_dags/example_time_delta_sensor_async.py took 0.117 seconds
[2022-11-20T13:05:21.705+0000] {processor.py:154} INFO - Started process (PID=869) to work on /home/airflow/.local/lib/python3.7/site-packages/airflow/example_dags/example_time_delta_sensor_async.py
[2022-11-20T13:05:21.705+0000] {processor.py:756} INFO - Processing file /home/airflow/.local/lib/python3.7/site-packages/airflow/example_dags/example_time_delta_sensor_async.py for tasks to queue
[2022-11-20T13:05:21.706+0000] {logging_mixin.py:120} INFO - [2022-11-20T13:05:21.706+0000] {dagbag.py:537} INFO - Filling up the DagBag from /home/airflow/.local/lib/python3.7/site-packages/airflow/example_dags/example_time_delta_sensor_async.py
[2022-11-20T13:05:21.713+0000] {processor.py:766} INFO - DAG(s) dict_keys(['example_time_delta_sensor_async']) retrieved from /home/airflow/.local/lib/python3.7/site-packages/airflow/example_dags/example_time_delta_sensor_async.py
[2022-11-20T13:05:21.797+0000] {logging_mixin.py:120} INFO - [2022-11-20T13:05:21.797+0000] {dag.py:2585} INFO - Sync 1 DAGs
[2022-11-20T13:05:21.810+0000] {logging_mixin.py:120} INFO - [2022-11-20T13:05:21.810+0000] {dag.py:3340} INFO - Setting next_dagrun for example_time_delta_sensor_async to None, run_after=None
[2022-11-20T13:05:21.819+0000] {processor.py:176} INFO - Processing /home/airflow/.local/lib/python3.7/site-packages/airflow/example_dags/example_time_delta_sensor_async.py took 0.116 seconds
[2022-11-20T13:05:52.351+0000] {processor.py:154} INFO - Started process (PID=927) to work on /home/airflow/.local/lib/python3.7/site-packages/airflow/example_dags/example_time_delta_sensor_async.py
[2022-11-20T13:05:52.351+0000] {processor.py:756} INFO - Processing file /home/airflow/.local/lib/python3.7/site-packages/airflow/example_dags/example_time_delta_sensor_async.py for tasks to queue
[2022-11-20T13:05:52.352+0000] {logging_mixin.py:120} INFO - [2022-11-20T13:05:52.352+0000] {dagbag.py:537} INFO - Filling up the DagBag from /home/airflow/.local/lib/python3.7/site-packages/airflow/example_dags/example_time_delta_sensor_async.py
[2022-11-20T13:05:52.360+0000] {processor.py:766} INFO - DAG(s) dict_keys(['example_time_delta_sensor_async']) retrieved from /home/airflow/.local/lib/python3.7/site-packages/airflow/example_dags/example_time_delta_sensor_async.py
[2022-11-20T13:05:52.459+0000] {logging_mixin.py:120} INFO - [2022-11-20T13:05:52.459+0000] {dag.py:2585} INFO - Sync 1 DAGs
[2022-11-20T13:05:52.471+0000] {logging_mixin.py:120} INFO - [2022-11-20T13:05:52.471+0000] {dag.py:3340} INFO - Setting next_dagrun for example_time_delta_sensor_async to None, run_after=None
[2022-11-20T13:05:52.481+0000] {processor.py:176} INFO - Processing /home/airflow/.local/lib/python3.7/site-packages/airflow/example_dags/example_time_delta_sensor_async.py took 0.133 seconds
[2022-11-20T13:06:23.262+0000] {processor.py:154} INFO - Started process (PID=992) to work on /home/airflow/.local/lib/python3.7/site-packages/airflow/example_dags/example_time_delta_sensor_async.py
[2022-11-20T13:06:23.262+0000] {processor.py:756} INFO - Processing file /home/airflow/.local/lib/python3.7/site-packages/airflow/example_dags/example_time_delta_sensor_async.py for tasks to queue
[2022-11-20T13:06:23.263+0000] {logging_mixin.py:120} INFO - [2022-11-20T13:06:23.263+0000] {dagbag.py:537} INFO - Filling up the DagBag from /home/airflow/.local/lib/python3.7/site-packages/airflow/example_dags/example_time_delta_sensor_async.py
[2022-11-20T13:06:23.270+0000] {processor.py:766} INFO - DAG(s) dict_keys(['example_time_delta_sensor_async']) retrieved from /home/airflow/.local/lib/python3.7/site-packages/airflow/example_dags/example_time_delta_sensor_async.py
[2022-11-20T13:06:23.357+0000] {logging_mixin.py:120} INFO - [2022-11-20T13:06:23.357+0000] {dag.py:2585} INFO - Sync 1 DAGs
[2022-11-20T13:06:23.368+0000] {logging_mixin.py:120} INFO - [2022-11-20T13:06:23.368+0000] {dag.py:3340} INFO - Setting next_dagrun for example_time_delta_sensor_async to None, run_after=None
[2022-11-20T13:06:23.377+0000] {processor.py:176} INFO - Processing /home/airflow/.local/lib/python3.7/site-packages/airflow/example_dags/example_time_delta_sensor_async.py took 0.117 seconds
[2022-11-20T13:06:53.673+0000] {processor.py:154} INFO - Started process (PID=1060) to work on /home/airflow/.local/lib/python3.7/site-packages/airflow/example_dags/example_time_delta_sensor_async.py
[2022-11-20T13:06:53.674+0000] {processor.py:756} INFO - Processing file /home/airflow/.local/lib/python3.7/site-packages/airflow/example_dags/example_time_delta_sensor_async.py for tasks to queue
[2022-11-20T13:06:53.675+0000] {logging_mixin.py:120} INFO - [2022-11-20T13:06:53.675+0000] {dagbag.py:537} INFO - Filling up the DagBag from /home/airflow/.local/lib/python3.7/site-packages/airflow/example_dags/example_time_delta_sensor_async.py
[2022-11-20T13:06:53.682+0000] {processor.py:766} INFO - DAG(s) dict_keys(['example_time_delta_sensor_async']) retrieved from /home/airflow/.local/lib/python3.7/site-packages/airflow/example_dags/example_time_delta_sensor_async.py
[2022-11-20T13:06:53.778+0000] {logging_mixin.py:120} INFO - [2022-11-20T13:06:53.778+0000] {dag.py:2585} INFO - Sync 1 DAGs
[2022-11-20T13:06:53.790+0000] {logging_mixin.py:120} INFO - [2022-11-20T13:06:53.790+0000] {dag.py:3340} INFO - Setting next_dagrun for example_time_delta_sensor_async to None, run_after=None
[2022-11-20T13:06:53.801+0000] {processor.py:176} INFO - Processing /home/airflow/.local/lib/python3.7/site-packages/airflow/example_dags/example_time_delta_sensor_async.py took 0.130 seconds
[2022-11-20T13:18:23.651+0000] {processor.py:154} INFO - Started process (PID=1105) to work on /home/airflow/.local/lib/python3.7/site-packages/airflow/example_dags/example_time_delta_sensor_async.py
[2022-11-20T13:18:23.651+0000] {processor.py:756} INFO - Processing file /home/airflow/.local/lib/python3.7/site-packages/airflow/example_dags/example_time_delta_sensor_async.py for tasks to queue
[2022-11-20T13:18:23.652+0000] {logging_mixin.py:120} INFO - [2022-11-20T13:18:23.652+0000] {dagbag.py:537} INFO - Filling up the DagBag from /home/airflow/.local/lib/python3.7/site-packages/airflow/example_dags/example_time_delta_sensor_async.py
[2022-11-20T13:18:23.662+0000] {processor.py:766} INFO - DAG(s) dict_keys(['example_time_delta_sensor_async']) retrieved from /home/airflow/.local/lib/python3.7/site-packages/airflow/example_dags/example_time_delta_sensor_async.py
[2022-11-20T13:18:23.806+0000] {logging_mixin.py:120} INFO - [2022-11-20T13:18:23.806+0000] {dag.py:2585} INFO - Sync 1 DAGs
[2022-11-20T13:18:23.821+0000] {logging_mixin.py:120} INFO - [2022-11-20T13:18:23.821+0000] {dag.py:3340} INFO - Setting next_dagrun for example_time_delta_sensor_async to None, run_after=None
[2022-11-20T13:18:23.840+0000] {processor.py:176} INFO - Processing /home/airflow/.local/lib/python3.7/site-packages/airflow/example_dags/example_time_delta_sensor_async.py took 0.192 seconds
[2022-11-20T13:18:54.047+0000] {processor.py:154} INFO - Started process (PID=1172) to work on /home/airflow/.local/lib/python3.7/site-packages/airflow/example_dags/example_time_delta_sensor_async.py
[2022-11-20T13:18:54.047+0000] {processor.py:756} INFO - Processing file /home/airflow/.local/lib/python3.7/site-packages/airflow/example_dags/example_time_delta_sensor_async.py for tasks to queue
[2022-11-20T13:18:54.048+0000] {logging_mixin.py:120} INFO - [2022-11-20T13:18:54.048+0000] {dagbag.py:537} INFO - Filling up the DagBag from /home/airflow/.local/lib/python3.7/site-packages/airflow/example_dags/example_time_delta_sensor_async.py
[2022-11-20T13:18:54.054+0000] {processor.py:766} INFO - DAG(s) dict_keys(['example_time_delta_sensor_async']) retrieved from /home/airflow/.local/lib/python3.7/site-packages/airflow/example_dags/example_time_delta_sensor_async.py
[2022-11-20T13:18:54.139+0000] {logging_mixin.py:120} INFO - [2022-11-20T13:18:54.139+0000] {dag.py:2585} INFO - Sync 1 DAGs
[2022-11-20T13:18:54.151+0000] {logging_mixin.py:120} INFO - [2022-11-20T13:18:54.151+0000] {dag.py:3340} INFO - Setting next_dagrun for example_time_delta_sensor_async to None, run_after=None
[2022-11-20T13:18:54.161+0000] {processor.py:176} INFO - Processing /home/airflow/.local/lib/python3.7/site-packages/airflow/example_dags/example_time_delta_sensor_async.py took 0.117 seconds
[2022-11-20T13:19:25.095+0000] {processor.py:154} INFO - Started process (PID=1239) to work on /home/airflow/.local/lib/python3.7/site-packages/airflow/example_dags/example_time_delta_sensor_async.py
[2022-11-20T13:19:25.096+0000] {processor.py:756} INFO - Processing file /home/airflow/.local/lib/python3.7/site-packages/airflow/example_dags/example_time_delta_sensor_async.py for tasks to queue
[2022-11-20T13:19:25.096+0000] {logging_mixin.py:120} INFO - [2022-11-20T13:19:25.096+0000] {dagbag.py:537} INFO - Filling up the DagBag from /home/airflow/.local/lib/python3.7/site-packages/airflow/example_dags/example_time_delta_sensor_async.py
[2022-11-20T13:19:25.103+0000] {processor.py:766} INFO - DAG(s) dict_keys(['example_time_delta_sensor_async']) retrieved from /home/airflow/.local/lib/python3.7/site-packages/airflow/example_dags/example_time_delta_sensor_async.py
[2022-11-20T13:19:25.192+0000] {logging_mixin.py:120} INFO - [2022-11-20T13:19:25.192+0000] {dag.py:2585} INFO - Sync 1 DAGs
[2022-11-20T13:19:25.204+0000] {logging_mixin.py:120} INFO - [2022-11-20T13:19:25.204+0000] {dag.py:3340} INFO - Setting next_dagrun for example_time_delta_sensor_async to None, run_after=None
[2022-11-20T13:19:25.214+0000] {processor.py:176} INFO - Processing /home/airflow/.local/lib/python3.7/site-packages/airflow/example_dags/example_time_delta_sensor_async.py took 0.121 seconds
[2022-11-20T13:19:55.949+0000] {processor.py:154} INFO - Started process (PID=1306) to work on /home/airflow/.local/lib/python3.7/site-packages/airflow/example_dags/example_time_delta_sensor_async.py
[2022-11-20T13:19:55.950+0000] {processor.py:756} INFO - Processing file /home/airflow/.local/lib/python3.7/site-packages/airflow/example_dags/example_time_delta_sensor_async.py for tasks to queue
[2022-11-20T13:19:55.950+0000] {logging_mixin.py:120} INFO - [2022-11-20T13:19:55.950+0000] {dagbag.py:537} INFO - Filling up the DagBag from /home/airflow/.local/lib/python3.7/site-packages/airflow/example_dags/example_time_delta_sensor_async.py
[2022-11-20T13:19:55.957+0000] {processor.py:766} INFO - DAG(s) dict_keys(['example_time_delta_sensor_async']) retrieved from /home/airflow/.local/lib/python3.7/site-packages/airflow/example_dags/example_time_delta_sensor_async.py
[2022-11-20T13:19:56.046+0000] {logging_mixin.py:120} INFO - [2022-11-20T13:19:56.046+0000] {dag.py:2585} INFO - Sync 1 DAGs
[2022-11-20T13:19:56.057+0000] {logging_mixin.py:120} INFO - [2022-11-20T13:19:56.057+0000] {dag.py:3340} INFO - Setting next_dagrun for example_time_delta_sensor_async to None, run_after=None
[2022-11-20T13:19:56.066+0000] {processor.py:176} INFO - Processing /home/airflow/.local/lib/python3.7/site-packages/airflow/example_dags/example_time_delta_sensor_async.py took 0.120 seconds
[2022-11-20T13:20:27.030+0000] {processor.py:154} INFO - Started process (PID=1366) to work on /home/airflow/.local/lib/python3.7/site-packages/airflow/example_dags/example_time_delta_sensor_async.py
[2022-11-20T13:20:27.031+0000] {processor.py:756} INFO - Processing file /home/airflow/.local/lib/python3.7/site-packages/airflow/example_dags/example_time_delta_sensor_async.py for tasks to queue
[2022-11-20T13:20:27.031+0000] {logging_mixin.py:120} INFO - [2022-11-20T13:20:27.031+0000] {dagbag.py:537} INFO - Filling up the DagBag from /home/airflow/.local/lib/python3.7/site-packages/airflow/example_dags/example_time_delta_sensor_async.py
[2022-11-20T13:20:27.038+0000] {processor.py:766} INFO - DAG(s) dict_keys(['example_time_delta_sensor_async']) retrieved from /home/airflow/.local/lib/python3.7/site-packages/airflow/example_dags/example_time_delta_sensor_async.py
[2022-11-20T13:20:27.125+0000] {logging_mixin.py:120} INFO - [2022-11-20T13:20:27.125+0000] {dag.py:2585} INFO - Sync 1 DAGs
[2022-11-20T13:20:27.138+0000] {logging_mixin.py:120} INFO - [2022-11-20T13:20:27.138+0000] {dag.py:3340} INFO - Setting next_dagrun for example_time_delta_sensor_async to None, run_after=None
[2022-11-20T13:20:27.152+0000] {processor.py:176} INFO - Processing /home/airflow/.local/lib/python3.7/site-packages/airflow/example_dags/example_time_delta_sensor_async.py took 0.124 seconds
[2022-11-20T13:20:58.022+0000] {processor.py:154} INFO - Started process (PID=1433) to work on /home/airflow/.local/lib/python3.7/site-packages/airflow/example_dags/example_time_delta_sensor_async.py
[2022-11-20T13:20:58.022+0000] {processor.py:756} INFO - Processing file /home/airflow/.local/lib/python3.7/site-packages/airflow/example_dags/example_time_delta_sensor_async.py for tasks to queue
[2022-11-20T13:20:58.023+0000] {logging_mixin.py:120} INFO - [2022-11-20T13:20:58.023+0000] {dagbag.py:537} INFO - Filling up the DagBag from /home/airflow/.local/lib/python3.7/site-packages/airflow/example_dags/example_time_delta_sensor_async.py
[2022-11-20T13:20:58.036+0000] {processor.py:766} INFO - DAG(s) dict_keys(['example_time_delta_sensor_async']) retrieved from /home/airflow/.local/lib/python3.7/site-packages/airflow/example_dags/example_time_delta_sensor_async.py
[2022-11-20T13:20:58.154+0000] {logging_mixin.py:120} INFO - [2022-11-20T13:20:58.154+0000] {dag.py:2585} INFO - Sync 1 DAGs
[2022-11-20T13:20:58.168+0000] {logging_mixin.py:120} INFO - [2022-11-20T13:20:58.168+0000] {dag.py:3340} INFO - Setting next_dagrun for example_time_delta_sensor_async to None, run_after=None
[2022-11-20T13:20:58.183+0000] {processor.py:176} INFO - Processing /home/airflow/.local/lib/python3.7/site-packages/airflow/example_dags/example_time_delta_sensor_async.py took 0.163 seconds
[2022-11-20T13:21:29.083+0000] {processor.py:154} INFO - Started process (PID=1501) to work on /home/airflow/.local/lib/python3.7/site-packages/airflow/example_dags/example_time_delta_sensor_async.py
[2022-11-20T13:21:29.084+0000] {processor.py:756} INFO - Processing file /home/airflow/.local/lib/python3.7/site-packages/airflow/example_dags/example_time_delta_sensor_async.py for tasks to queue
[2022-11-20T13:21:29.084+0000] {logging_mixin.py:120} INFO - [2022-11-20T13:21:29.084+0000] {dagbag.py:537} INFO - Filling up the DagBag from /home/airflow/.local/lib/python3.7/site-packages/airflow/example_dags/example_time_delta_sensor_async.py
[2022-11-20T13:21:29.091+0000] {processor.py:766} INFO - DAG(s) dict_keys(['example_time_delta_sensor_async']) retrieved from /home/airflow/.local/lib/python3.7/site-packages/airflow/example_dags/example_time_delta_sensor_async.py
[2022-11-20T13:21:29.177+0000] {logging_mixin.py:120} INFO - [2022-11-20T13:21:29.177+0000] {dag.py:2585} INFO - Sync 1 DAGs
[2022-11-20T13:21:29.189+0000] {logging_mixin.py:120} INFO - [2022-11-20T13:21:29.188+0000] {dag.py:3340} INFO - Setting next_dagrun for example_time_delta_sensor_async to None, run_after=None
[2022-11-20T13:21:29.198+0000] {processor.py:176} INFO - Processing /home/airflow/.local/lib/python3.7/site-packages/airflow/example_dags/example_time_delta_sensor_async.py took 0.118 seconds
[2022-11-20T13:22:00.000+0000] {processor.py:154} INFO - Started process (PID=1567) to work on /home/airflow/.local/lib/python3.7/site-packages/airflow/example_dags/example_time_delta_sensor_async.py
[2022-11-20T13:22:00.001+0000] {processor.py:756} INFO - Processing file /home/airflow/.local/lib/python3.7/site-packages/airflow/example_dags/example_time_delta_sensor_async.py for tasks to queue
[2022-11-20T13:22:00.002+0000] {logging_mixin.py:120} INFO - [2022-11-20T13:22:00.002+0000] {dagbag.py:537} INFO - Filling up the DagBag from /home/airflow/.local/lib/python3.7/site-packages/airflow/example_dags/example_time_delta_sensor_async.py
[2022-11-20T13:22:00.009+0000] {processor.py:766} INFO - DAG(s) dict_keys(['example_time_delta_sensor_async']) retrieved from /home/airflow/.local/lib/python3.7/site-packages/airflow/example_dags/example_time_delta_sensor_async.py
[2022-11-20T13:22:00.099+0000] {logging_mixin.py:120} INFO - [2022-11-20T13:22:00.099+0000] {dag.py:2585} INFO - Sync 1 DAGs
[2022-11-20T13:22:00.111+0000] {logging_mixin.py:120} INFO - [2022-11-20T13:22:00.111+0000] {dag.py:3340} INFO - Setting next_dagrun for example_time_delta_sensor_async to None, run_after=None
[2022-11-20T13:22:00.121+0000] {processor.py:176} INFO - Processing /home/airflow/.local/lib/python3.7/site-packages/airflow/example_dags/example_time_delta_sensor_async.py took 0.123 seconds
[2022-11-20T13:22:31.162+0000] {processor.py:154} INFO - Started process (PID=1636) to work on /home/airflow/.local/lib/python3.7/site-packages/airflow/example_dags/example_time_delta_sensor_async.py
[2022-11-20T13:22:31.163+0000] {processor.py:756} INFO - Processing file /home/airflow/.local/lib/python3.7/site-packages/airflow/example_dags/example_time_delta_sensor_async.py for tasks to queue
[2022-11-20T13:22:31.163+0000] {logging_mixin.py:120} INFO - [2022-11-20T13:22:31.163+0000] {dagbag.py:537} INFO - Filling up the DagBag from /home/airflow/.local/lib/python3.7/site-packages/airflow/example_dags/example_time_delta_sensor_async.py
[2022-11-20T13:22:31.171+0000] {processor.py:766} INFO - DAG(s) dict_keys(['example_time_delta_sensor_async']) retrieved from /home/airflow/.local/lib/python3.7/site-packages/airflow/example_dags/example_time_delta_sensor_async.py
[2022-11-20T13:22:31.263+0000] {logging_mixin.py:120} INFO - [2022-11-20T13:22:31.262+0000] {dag.py:2585} INFO - Sync 1 DAGs
[2022-11-20T13:22:31.278+0000] {logging_mixin.py:120} INFO - [2022-11-20T13:22:31.278+0000] {dag.py:3340} INFO - Setting next_dagrun for example_time_delta_sensor_async to None, run_after=None
[2022-11-20T13:22:31.291+0000] {processor.py:176} INFO - Processing /home/airflow/.local/lib/python3.7/site-packages/airflow/example_dags/example_time_delta_sensor_async.py took 0.131 seconds
[2022-11-20T13:23:02.320+0000] {processor.py:154} INFO - Started process (PID=1703) to work on /home/airflow/.local/lib/python3.7/site-packages/airflow/example_dags/example_time_delta_sensor_async.py
[2022-11-20T13:23:02.320+0000] {processor.py:756} INFO - Processing file /home/airflow/.local/lib/python3.7/site-packages/airflow/example_dags/example_time_delta_sensor_async.py for tasks to queue
[2022-11-20T13:23:02.322+0000] {logging_mixin.py:120} INFO - [2022-11-20T13:23:02.322+0000] {dagbag.py:537} INFO - Filling up the DagBag from /home/airflow/.local/lib/python3.7/site-packages/airflow/example_dags/example_time_delta_sensor_async.py
[2022-11-20T13:23:02.331+0000] {processor.py:766} INFO - DAG(s) dict_keys(['example_time_delta_sensor_async']) retrieved from /home/airflow/.local/lib/python3.7/site-packages/airflow/example_dags/example_time_delta_sensor_async.py
[2022-11-20T13:23:02.433+0000] {logging_mixin.py:120} INFO - [2022-11-20T13:23:02.433+0000] {dag.py:2585} INFO - Sync 1 DAGs
[2022-11-20T13:23:02.448+0000] {logging_mixin.py:120} INFO - [2022-11-20T13:23:02.448+0000] {dag.py:3340} INFO - Setting next_dagrun for example_time_delta_sensor_async to None, run_after=None
[2022-11-20T13:23:02.463+0000] {processor.py:176} INFO - Processing /home/airflow/.local/lib/python3.7/site-packages/airflow/example_dags/example_time_delta_sensor_async.py took 0.146 seconds
[2022-11-20T13:23:32.491+0000] {processor.py:154} INFO - Started process (PID=1773) to work on /home/airflow/.local/lib/python3.7/site-packages/airflow/example_dags/example_time_delta_sensor_async.py
[2022-11-20T13:23:32.491+0000] {processor.py:756} INFO - Processing file /home/airflow/.local/lib/python3.7/site-packages/airflow/example_dags/example_time_delta_sensor_async.py for tasks to queue
[2022-11-20T13:23:32.491+0000] {logging_mixin.py:120} INFO - [2022-11-20T13:23:32.491+0000] {dagbag.py:537} INFO - Filling up the DagBag from /home/airflow/.local/lib/python3.7/site-packages/airflow/example_dags/example_time_delta_sensor_async.py
[2022-11-20T13:23:32.498+0000] {processor.py:766} INFO - DAG(s) dict_keys(['example_time_delta_sensor_async']) retrieved from /home/airflow/.local/lib/python3.7/site-packages/airflow/example_dags/example_time_delta_sensor_async.py
[2022-11-20T13:23:32.581+0000] {logging_mixin.py:120} INFO - [2022-11-20T13:23:32.581+0000] {dag.py:2585} INFO - Sync 1 DAGs
[2022-11-20T13:23:32.592+0000] {logging_mixin.py:120} INFO - [2022-11-20T13:23:32.592+0000] {dag.py:3340} INFO - Setting next_dagrun for example_time_delta_sensor_async to None, run_after=None
[2022-11-20T13:23:32.601+0000] {processor.py:176} INFO - Processing /home/airflow/.local/lib/python3.7/site-packages/airflow/example_dags/example_time_delta_sensor_async.py took 0.112 seconds
[2022-11-20T13:24:02.745+0000] {processor.py:154} INFO - Started process (PID=1832) to work on /home/airflow/.local/lib/python3.7/site-packages/airflow/example_dags/example_time_delta_sensor_async.py
[2022-11-20T13:24:02.746+0000] {processor.py:756} INFO - Processing file /home/airflow/.local/lib/python3.7/site-packages/airflow/example_dags/example_time_delta_sensor_async.py for tasks to queue
[2022-11-20T13:24:02.747+0000] {logging_mixin.py:120} INFO - [2022-11-20T13:24:02.747+0000] {dagbag.py:537} INFO - Filling up the DagBag from /home/airflow/.local/lib/python3.7/site-packages/airflow/example_dags/example_time_delta_sensor_async.py
[2022-11-20T13:24:02.753+0000] {processor.py:766} INFO - DAG(s) dict_keys(['example_time_delta_sensor_async']) retrieved from /home/airflow/.local/lib/python3.7/site-packages/airflow/example_dags/example_time_delta_sensor_async.py
[2022-11-20T13:24:02.833+0000] {logging_mixin.py:120} INFO - [2022-11-20T13:24:02.833+0000] {dag.py:2585} INFO - Sync 1 DAGs
[2022-11-20T13:24:02.845+0000] {logging_mixin.py:120} INFO - [2022-11-20T13:24:02.845+0000] {dag.py:3340} INFO - Setting next_dagrun for example_time_delta_sensor_async to None, run_after=None
[2022-11-20T13:24:02.854+0000] {processor.py:176} INFO - Processing /home/airflow/.local/lib/python3.7/site-packages/airflow/example_dags/example_time_delta_sensor_async.py took 0.111 seconds
[2022-11-20T13:24:33.752+0000] {processor.py:154} INFO - Started process (PID=1901) to work on /home/airflow/.local/lib/python3.7/site-packages/airflow/example_dags/example_time_delta_sensor_async.py
[2022-11-20T13:24:33.752+0000] {processor.py:756} INFO - Processing file /home/airflow/.local/lib/python3.7/site-packages/airflow/example_dags/example_time_delta_sensor_async.py for tasks to queue
[2022-11-20T13:24:33.753+0000] {logging_mixin.py:120} INFO - [2022-11-20T13:24:33.753+0000] {dagbag.py:537} INFO - Filling up the DagBag from /home/airflow/.local/lib/python3.7/site-packages/airflow/example_dags/example_time_delta_sensor_async.py
[2022-11-20T13:24:33.759+0000] {processor.py:766} INFO - DAG(s) dict_keys(['example_time_delta_sensor_async']) retrieved from /home/airflow/.local/lib/python3.7/site-packages/airflow/example_dags/example_time_delta_sensor_async.py
[2022-11-20T13:24:33.847+0000] {logging_mixin.py:120} INFO - [2022-11-20T13:24:33.847+0000] {dag.py:2585} INFO - Sync 1 DAGs
[2022-11-20T13:24:33.859+0000] {logging_mixin.py:120} INFO - [2022-11-20T13:24:33.859+0000] {dag.py:3340} INFO - Setting next_dagrun for example_time_delta_sensor_async to None, run_after=None
[2022-11-20T13:24:33.869+0000] {processor.py:176} INFO - Processing /home/airflow/.local/lib/python3.7/site-packages/airflow/example_dags/example_time_delta_sensor_async.py took 0.119 seconds
[2022-11-20T13:25:04.672+0000] {processor.py:154} INFO - Started process (PID=1969) to work on /home/airflow/.local/lib/python3.7/site-packages/airflow/example_dags/example_time_delta_sensor_async.py
[2022-11-20T13:25:04.673+0000] {processor.py:756} INFO - Processing file /home/airflow/.local/lib/python3.7/site-packages/airflow/example_dags/example_time_delta_sensor_async.py for tasks to queue
[2022-11-20T13:25:04.673+0000] {logging_mixin.py:120} INFO - [2022-11-20T13:25:04.673+0000] {dagbag.py:537} INFO - Filling up the DagBag from /home/airflow/.local/lib/python3.7/site-packages/airflow/example_dags/example_time_delta_sensor_async.py
[2022-11-20T13:25:04.679+0000] {processor.py:766} INFO - DAG(s) dict_keys(['example_time_delta_sensor_async']) retrieved from /home/airflow/.local/lib/python3.7/site-packages/airflow/example_dags/example_time_delta_sensor_async.py
[2022-11-20T13:25:04.764+0000] {logging_mixin.py:120} INFO - [2022-11-20T13:25:04.764+0000] {dag.py:2585} INFO - Sync 1 DAGs
[2022-11-20T13:25:04.776+0000] {logging_mixin.py:120} INFO - [2022-11-20T13:25:04.775+0000] {dag.py:3340} INFO - Setting next_dagrun for example_time_delta_sensor_async to None, run_after=None
[2022-11-20T13:25:04.785+0000] {processor.py:176} INFO - Processing /home/airflow/.local/lib/python3.7/site-packages/airflow/example_dags/example_time_delta_sensor_async.py took 0.115 seconds
[2022-11-20T13:25:35.362+0000] {processor.py:154} INFO - Started process (PID=2040) to work on /home/airflow/.local/lib/python3.7/site-packages/airflow/example_dags/example_time_delta_sensor_async.py
[2022-11-20T13:25:35.363+0000] {processor.py:756} INFO - Processing file /home/airflow/.local/lib/python3.7/site-packages/airflow/example_dags/example_time_delta_sensor_async.py for tasks to queue
[2022-11-20T13:25:35.363+0000] {logging_mixin.py:120} INFO - [2022-11-20T13:25:35.363+0000] {dagbag.py:537} INFO - Filling up the DagBag from /home/airflow/.local/lib/python3.7/site-packages/airflow/example_dags/example_time_delta_sensor_async.py
[2022-11-20T13:25:35.370+0000] {processor.py:766} INFO - DAG(s) dict_keys(['example_time_delta_sensor_async']) retrieved from /home/airflow/.local/lib/python3.7/site-packages/airflow/example_dags/example_time_delta_sensor_async.py
[2022-11-20T13:25:35.457+0000] {logging_mixin.py:120} INFO - [2022-11-20T13:25:35.456+0000] {dag.py:2585} INFO - Sync 1 DAGs
[2022-11-20T13:25:35.469+0000] {logging_mixin.py:120} INFO - [2022-11-20T13:25:35.469+0000] {dag.py:3340} INFO - Setting next_dagrun for example_time_delta_sensor_async to None, run_after=None
[2022-11-20T13:25:35.479+0000] {processor.py:176} INFO - Processing /home/airflow/.local/lib/python3.7/site-packages/airflow/example_dags/example_time_delta_sensor_async.py took 0.119 seconds
[2022-11-20T13:58:07.630+0000] {processor.py:154} INFO - Started process (PID=2088) to work on /home/airflow/.local/lib/python3.7/site-packages/airflow/example_dags/example_time_delta_sensor_async.py
[2022-11-20T13:58:07.637+0000] {processor.py:756} INFO - Processing file /home/airflow/.local/lib/python3.7/site-packages/airflow/example_dags/example_time_delta_sensor_async.py for tasks to queue
[2022-11-20T13:58:07.637+0000] {logging_mixin.py:120} INFO - [2022-11-20T13:58:07.637+0000] {dagbag.py:537} INFO - Filling up the DagBag from /home/airflow/.local/lib/python3.7/site-packages/airflow/example_dags/example_time_delta_sensor_async.py
[2022-11-20T13:58:07.644+0000] {processor.py:766} INFO - DAG(s) dict_keys(['example_time_delta_sensor_async']) retrieved from /home/airflow/.local/lib/python3.7/site-packages/airflow/example_dags/example_time_delta_sensor_async.py
[2022-11-20T13:58:07.811+0000] {logging_mixin.py:120} INFO - [2022-11-20T13:58:07.811+0000] {dag.py:2585} INFO - Sync 1 DAGs
[2022-11-20T13:58:07.826+0000] {logging_mixin.py:120} INFO - [2022-11-20T13:58:07.826+0000] {dag.py:3340} INFO - Setting next_dagrun for example_time_delta_sensor_async to None, run_after=None
[2022-11-20T13:58:07.844+0000] {processor.py:176} INFO - Processing /home/airflow/.local/lib/python3.7/site-packages/airflow/example_dags/example_time_delta_sensor_async.py took 0.217 seconds
[2022-11-20T14:14:22.717+0000] {processor.py:154} INFO - Started process (PID=2138) to work on /home/airflow/.local/lib/python3.7/site-packages/airflow/example_dags/example_time_delta_sensor_async.py
[2022-11-20T14:14:22.718+0000] {processor.py:756} INFO - Processing file /home/airflow/.local/lib/python3.7/site-packages/airflow/example_dags/example_time_delta_sensor_async.py for tasks to queue
[2022-11-20T14:14:22.718+0000] {logging_mixin.py:120} INFO - [2022-11-20T14:14:22.718+0000] {dagbag.py:537} INFO - Filling up the DagBag from /home/airflow/.local/lib/python3.7/site-packages/airflow/example_dags/example_time_delta_sensor_async.py
[2022-11-20T14:14:22.725+0000] {processor.py:766} INFO - DAG(s) dict_keys(['example_time_delta_sensor_async']) retrieved from /home/airflow/.local/lib/python3.7/site-packages/airflow/example_dags/example_time_delta_sensor_async.py
[2022-11-20T14:14:22.830+0000] {logging_mixin.py:120} INFO - [2022-11-20T14:14:22.830+0000] {dag.py:2585} INFO - Sync 1 DAGs
[2022-11-20T14:14:22.844+0000] {logging_mixin.py:120} INFO - [2022-11-20T14:14:22.843+0000] {dag.py:3340} INFO - Setting next_dagrun for example_time_delta_sensor_async to None, run_after=None
[2022-11-20T14:14:22.855+0000] {processor.py:176} INFO - Processing /home/airflow/.local/lib/python3.7/site-packages/airflow/example_dags/example_time_delta_sensor_async.py took 0.140 seconds
[2022-11-20T14:44:48.778+0000] {processor.py:154} INFO - Started process (PID=2185) to work on /home/airflow/.local/lib/python3.7/site-packages/airflow/example_dags/example_time_delta_sensor_async.py
[2022-11-20T14:44:48.779+0000] {processor.py:756} INFO - Processing file /home/airflow/.local/lib/python3.7/site-packages/airflow/example_dags/example_time_delta_sensor_async.py for tasks to queue
[2022-11-20T14:44:48.779+0000] {logging_mixin.py:120} INFO - [2022-11-20T14:44:48.779+0000] {dagbag.py:537} INFO - Filling up the DagBag from /home/airflow/.local/lib/python3.7/site-packages/airflow/example_dags/example_time_delta_sensor_async.py
[2022-11-20T14:44:48.785+0000] {processor.py:766} INFO - DAG(s) dict_keys(['example_time_delta_sensor_async']) retrieved from /home/airflow/.local/lib/python3.7/site-packages/airflow/example_dags/example_time_delta_sensor_async.py
[2022-11-20T14:44:48.881+0000] {logging_mixin.py:120} INFO - [2022-11-20T14:44:48.880+0000] {dag.py:2585} INFO - Sync 1 DAGs
[2022-11-20T14:44:48.894+0000] {logging_mixin.py:120} INFO - [2022-11-20T14:44:48.893+0000] {dag.py:3340} INFO - Setting next_dagrun for example_time_delta_sensor_async to None, run_after=None
[2022-11-20T14:44:48.906+0000] {processor.py:176} INFO - Processing /home/airflow/.local/lib/python3.7/site-packages/airflow/example_dags/example_time_delta_sensor_async.py took 0.129 seconds
[2022-11-20T15:18:05.771+0000] {processor.py:154} INFO - Started process (PID=2232) to work on /home/airflow/.local/lib/python3.7/site-packages/airflow/example_dags/example_time_delta_sensor_async.py
[2022-11-20T15:18:05.772+0000] {processor.py:756} INFO - Processing file /home/airflow/.local/lib/python3.7/site-packages/airflow/example_dags/example_time_delta_sensor_async.py for tasks to queue
[2022-11-20T15:18:05.772+0000] {logging_mixin.py:120} INFO - [2022-11-20T15:18:05.772+0000] {dagbag.py:537} INFO - Filling up the DagBag from /home/airflow/.local/lib/python3.7/site-packages/airflow/example_dags/example_time_delta_sensor_async.py
[2022-11-20T15:18:05.781+0000] {processor.py:766} INFO - DAG(s) dict_keys(['example_time_delta_sensor_async']) retrieved from /home/airflow/.local/lib/python3.7/site-packages/airflow/example_dags/example_time_delta_sensor_async.py
[2022-11-20T15:18:05.878+0000] {logging_mixin.py:120} INFO - [2022-11-20T15:18:05.878+0000] {dag.py:2585} INFO - Sync 1 DAGs
[2022-11-20T15:18:05.890+0000] {logging_mixin.py:120} INFO - [2022-11-20T15:18:05.890+0000] {dag.py:3340} INFO - Setting next_dagrun for example_time_delta_sensor_async to None, run_after=None
[2022-11-20T15:18:05.900+0000] {processor.py:176} INFO - Processing /home/airflow/.local/lib/python3.7/site-packages/airflow/example_dags/example_time_delta_sensor_async.py took 0.131 seconds
[2022-11-20T15:39:03.956+0000] {processor.py:154} INFO - Started process (PID=2269) to work on /home/airflow/.local/lib/python3.7/site-packages/airflow/example_dags/example_time_delta_sensor_async.py
[2022-11-20T15:39:03.956+0000] {processor.py:756} INFO - Processing file /home/airflow/.local/lib/python3.7/site-packages/airflow/example_dags/example_time_delta_sensor_async.py for tasks to queue
[2022-11-20T15:39:03.957+0000] {logging_mixin.py:120} INFO - [2022-11-20T15:39:03.957+0000] {dagbag.py:537} INFO - Filling up the DagBag from /home/airflow/.local/lib/python3.7/site-packages/airflow/example_dags/example_time_delta_sensor_async.py
[2022-11-20T15:39:03.967+0000] {processor.py:766} INFO - DAG(s) dict_keys(['example_time_delta_sensor_async']) retrieved from /home/airflow/.local/lib/python3.7/site-packages/airflow/example_dags/example_time_delta_sensor_async.py
[2022-11-20T15:39:04.081+0000] {logging_mixin.py:120} INFO - [2022-11-20T15:39:04.081+0000] {dag.py:2585} INFO - Sync 1 DAGs
[2022-11-20T15:39:04.100+0000] {logging_mixin.py:120} INFO - [2022-11-20T15:39:04.100+0000] {dag.py:3340} INFO - Setting next_dagrun for example_time_delta_sensor_async to None, run_after=None
[2022-11-20T15:39:04.110+0000] {processor.py:176} INFO - Processing /home/airflow/.local/lib/python3.7/site-packages/airflow/example_dags/example_time_delta_sensor_async.py took 0.157 seconds
[2022-11-20T15:51:04.312+0000] {processor.py:154} INFO - Started process (PID=2315) to work on /home/airflow/.local/lib/python3.7/site-packages/airflow/example_dags/example_time_delta_sensor_async.py
[2022-11-20T15:51:04.313+0000] {processor.py:756} INFO - Processing file /home/airflow/.local/lib/python3.7/site-packages/airflow/example_dags/example_time_delta_sensor_async.py for tasks to queue
[2022-11-20T15:51:04.315+0000] {logging_mixin.py:120} INFO - [2022-11-20T15:51:04.315+0000] {dagbag.py:537} INFO - Filling up the DagBag from /home/airflow/.local/lib/python3.7/site-packages/airflow/example_dags/example_time_delta_sensor_async.py
[2022-11-20T15:51:04.323+0000] {processor.py:766} INFO - DAG(s) dict_keys(['example_time_delta_sensor_async']) retrieved from /home/airflow/.local/lib/python3.7/site-packages/airflow/example_dags/example_time_delta_sensor_async.py
[2022-11-20T15:51:04.464+0000] {logging_mixin.py:120} INFO - [2022-11-20T15:51:04.464+0000] {dag.py:2585} INFO - Sync 1 DAGs
[2022-11-20T15:51:04.481+0000] {logging_mixin.py:120} INFO - [2022-11-20T15:51:04.481+0000] {dag.py:3340} INFO - Setting next_dagrun for example_time_delta_sensor_async to None, run_after=None
[2022-11-20T15:51:04.499+0000] {processor.py:176} INFO - Processing /home/airflow/.local/lib/python3.7/site-packages/airflow/example_dags/example_time_delta_sensor_async.py took 0.189 seconds
[2022-11-20T16:06:45.926+0000] {processor.py:154} INFO - Started process (PID=2361) to work on /home/airflow/.local/lib/python3.7/site-packages/airflow/example_dags/example_time_delta_sensor_async.py
[2022-11-20T16:06:45.927+0000] {processor.py:756} INFO - Processing file /home/airflow/.local/lib/python3.7/site-packages/airflow/example_dags/example_time_delta_sensor_async.py for tasks to queue
[2022-11-20T16:06:45.928+0000] {logging_mixin.py:120} INFO - [2022-11-20T16:06:45.928+0000] {dagbag.py:537} INFO - Filling up the DagBag from /home/airflow/.local/lib/python3.7/site-packages/airflow/example_dags/example_time_delta_sensor_async.py
[2022-11-20T16:06:45.935+0000] {processor.py:766} INFO - DAG(s) dict_keys(['example_time_delta_sensor_async']) retrieved from /home/airflow/.local/lib/python3.7/site-packages/airflow/example_dags/example_time_delta_sensor_async.py
[2022-11-20T16:06:46.033+0000] {logging_mixin.py:120} INFO - [2022-11-20T16:06:46.033+0000] {dag.py:2585} INFO - Sync 1 DAGs
[2022-11-20T16:06:46.046+0000] {logging_mixin.py:120} INFO - [2022-11-20T16:06:46.045+0000] {dag.py:3340} INFO - Setting next_dagrun for example_time_delta_sensor_async to None, run_after=None
[2022-11-20T16:06:46.057+0000] {processor.py:176} INFO - Processing /home/airflow/.local/lib/python3.7/site-packages/airflow/example_dags/example_time_delta_sensor_async.py took 0.132 seconds
[2022-11-20T16:08:34.055+0000] {processor.py:154} INFO - Started process (PID=2412) to work on /home/airflow/.local/lib/python3.7/site-packages/airflow/example_dags/example_time_delta_sensor_async.py
[2022-11-20T16:08:34.055+0000] {processor.py:756} INFO - Processing file /home/airflow/.local/lib/python3.7/site-packages/airflow/example_dags/example_time_delta_sensor_async.py for tasks to queue
[2022-11-20T16:08:34.055+0000] {logging_mixin.py:120} INFO - [2022-11-20T16:08:34.055+0000] {dagbag.py:537} INFO - Filling up the DagBag from /home/airflow/.local/lib/python3.7/site-packages/airflow/example_dags/example_time_delta_sensor_async.py
[2022-11-20T16:08:34.062+0000] {processor.py:766} INFO - DAG(s) dict_keys(['example_time_delta_sensor_async']) retrieved from /home/airflow/.local/lib/python3.7/site-packages/airflow/example_dags/example_time_delta_sensor_async.py
[2022-11-20T16:08:34.148+0000] {logging_mixin.py:120} INFO - [2022-11-20T16:08:34.148+0000] {dag.py:2585} INFO - Sync 1 DAGs
[2022-11-20T16:08:34.160+0000] {logging_mixin.py:120} INFO - [2022-11-20T16:08:34.160+0000] {dag.py:3340} INFO - Setting next_dagrun for example_time_delta_sensor_async to None, run_after=None
[2022-11-20T16:08:34.169+0000] {processor.py:176} INFO - Processing /home/airflow/.local/lib/python3.7/site-packages/airflow/example_dags/example_time_delta_sensor_async.py took 0.116 seconds
[2022-11-20T16:27:59.979+0000] {processor.py:154} INFO - Started process (PID=2458) to work on /home/airflow/.local/lib/python3.7/site-packages/airflow/example_dags/example_time_delta_sensor_async.py
[2022-11-20T16:27:59.981+0000] {processor.py:756} INFO - Processing file /home/airflow/.local/lib/python3.7/site-packages/airflow/example_dags/example_time_delta_sensor_async.py for tasks to queue
[2022-11-20T16:27:59.981+0000] {logging_mixin.py:120} INFO - [2022-11-20T16:27:59.981+0000] {dagbag.py:537} INFO - Filling up the DagBag from /home/airflow/.local/lib/python3.7/site-packages/airflow/example_dags/example_time_delta_sensor_async.py
[2022-11-20T16:27:59.993+0000] {processor.py:766} INFO - DAG(s) dict_keys(['example_time_delta_sensor_async']) retrieved from /home/airflow/.local/lib/python3.7/site-packages/airflow/example_dags/example_time_delta_sensor_async.py
[2022-11-20T16:28:00.132+0000] {logging_mixin.py:120} INFO - [2022-11-20T16:28:00.132+0000] {dag.py:2585} INFO - Sync 1 DAGs
[2022-11-20T16:28:00.155+0000] {logging_mixin.py:120} INFO - [2022-11-20T16:28:00.155+0000] {dag.py:3340} INFO - Setting next_dagrun for example_time_delta_sensor_async to None, run_after=None
[2022-11-20T16:28:00.195+0000] {processor.py:176} INFO - Processing /home/airflow/.local/lib/python3.7/site-packages/airflow/example_dags/example_time_delta_sensor_async.py took 0.218 seconds
[2022-11-20T16:43:50.254+0000] {processor.py:154} INFO - Started process (PID=2507) to work on /home/airflow/.local/lib/python3.7/site-packages/airflow/example_dags/example_time_delta_sensor_async.py
[2022-11-20T16:43:50.257+0000] {processor.py:756} INFO - Processing file /home/airflow/.local/lib/python3.7/site-packages/airflow/example_dags/example_time_delta_sensor_async.py for tasks to queue
[2022-11-20T16:43:50.258+0000] {logging_mixin.py:120} INFO - [2022-11-20T16:43:50.258+0000] {dagbag.py:537} INFO - Filling up the DagBag from /home/airflow/.local/lib/python3.7/site-packages/airflow/example_dags/example_time_delta_sensor_async.py
[2022-11-20T16:43:50.277+0000] {processor.py:766} INFO - DAG(s) dict_keys(['example_time_delta_sensor_async']) retrieved from /home/airflow/.local/lib/python3.7/site-packages/airflow/example_dags/example_time_delta_sensor_async.py
[2022-11-20T16:43:50.376+0000] {logging_mixin.py:120} INFO - [2022-11-20T16:43:50.376+0000] {dag.py:2585} INFO - Sync 1 DAGs
[2022-11-20T16:43:50.398+0000] {logging_mixin.py:120} INFO - [2022-11-20T16:43:50.398+0000] {dag.py:3340} INFO - Setting next_dagrun for example_time_delta_sensor_async to None, run_after=None
[2022-11-20T16:43:50.422+0000] {processor.py:176} INFO - Processing /home/airflow/.local/lib/python3.7/site-packages/airflow/example_dags/example_time_delta_sensor_async.py took 0.171 seconds
[2022-11-20T17:17:43.803+0000] {processor.py:154} INFO - Started process (PID=2554) to work on /home/airflow/.local/lib/python3.7/site-packages/airflow/example_dags/example_time_delta_sensor_async.py
[2022-11-20T17:17:43.803+0000] {processor.py:756} INFO - Processing file /home/airflow/.local/lib/python3.7/site-packages/airflow/example_dags/example_time_delta_sensor_async.py for tasks to queue
[2022-11-20T17:17:43.804+0000] {logging_mixin.py:120} INFO - [2022-11-20T17:17:43.804+0000] {dagbag.py:537} INFO - Filling up the DagBag from /home/airflow/.local/lib/python3.7/site-packages/airflow/example_dags/example_time_delta_sensor_async.py
[2022-11-20T17:17:43.812+0000] {processor.py:766} INFO - DAG(s) dict_keys(['example_time_delta_sensor_async']) retrieved from /home/airflow/.local/lib/python3.7/site-packages/airflow/example_dags/example_time_delta_sensor_async.py
[2022-11-20T17:17:43.952+0000] {logging_mixin.py:120} INFO - [2022-11-20T17:17:43.952+0000] {dag.py:2585} INFO - Sync 1 DAGs
[2022-11-20T17:17:43.977+0000] {logging_mixin.py:120} INFO - [2022-11-20T17:17:43.977+0000] {dag.py:3340} INFO - Setting next_dagrun for example_time_delta_sensor_async to None, run_after=None
[2022-11-20T17:17:43.992+0000] {processor.py:176} INFO - Processing /home/airflow/.local/lib/python3.7/site-packages/airflow/example_dags/example_time_delta_sensor_async.py took 0.192 seconds
[2022-11-20T17:22:38.715+0000] {processor.py:154} INFO - Started process (PID=2601) to work on /home/airflow/.local/lib/python3.7/site-packages/airflow/example_dags/example_time_delta_sensor_async.py
[2022-11-20T17:22:38.715+0000] {processor.py:756} INFO - Processing file /home/airflow/.local/lib/python3.7/site-packages/airflow/example_dags/example_time_delta_sensor_async.py for tasks to queue
[2022-11-20T17:22:38.722+0000] {logging_mixin.py:120} INFO - [2022-11-20T17:22:38.722+0000] {dagbag.py:537} INFO - Filling up the DagBag from /home/airflow/.local/lib/python3.7/site-packages/airflow/example_dags/example_time_delta_sensor_async.py
[2022-11-20T17:22:38.730+0000] {processor.py:766} INFO - DAG(s) dict_keys(['example_time_delta_sensor_async']) retrieved from /home/airflow/.local/lib/python3.7/site-packages/airflow/example_dags/example_time_delta_sensor_async.py
[2022-11-20T17:22:38.839+0000] {logging_mixin.py:120} INFO - [2022-11-20T17:22:38.839+0000] {dag.py:2585} INFO - Sync 1 DAGs
[2022-11-20T17:22:38.854+0000] {logging_mixin.py:120} INFO - [2022-11-20T17:22:38.854+0000] {dag.py:3340} INFO - Setting next_dagrun for example_time_delta_sensor_async to None, run_after=None
[2022-11-20T17:22:38.867+0000] {processor.py:176} INFO - Processing /home/airflow/.local/lib/python3.7/site-packages/airflow/example_dags/example_time_delta_sensor_async.py took 0.157 seconds
[2022-11-20T17:23:09.874+0000] {processor.py:154} INFO - Started process (PID=2668) to work on /home/airflow/.local/lib/python3.7/site-packages/airflow/example_dags/example_time_delta_sensor_async.py
[2022-11-20T17:23:09.875+0000] {processor.py:756} INFO - Processing file /home/airflow/.local/lib/python3.7/site-packages/airflow/example_dags/example_time_delta_sensor_async.py for tasks to queue
[2022-11-20T17:23:09.875+0000] {logging_mixin.py:120} INFO - [2022-11-20T17:23:09.875+0000] {dagbag.py:537} INFO - Filling up the DagBag from /home/airflow/.local/lib/python3.7/site-packages/airflow/example_dags/example_time_delta_sensor_async.py
[2022-11-20T17:23:09.883+0000] {processor.py:766} INFO - DAG(s) dict_keys(['example_time_delta_sensor_async']) retrieved from /home/airflow/.local/lib/python3.7/site-packages/airflow/example_dags/example_time_delta_sensor_async.py
[2022-11-20T17:23:09.982+0000] {logging_mixin.py:120} INFO - [2022-11-20T17:23:09.982+0000] {dag.py:2585} INFO - Sync 1 DAGs
[2022-11-20T17:23:09.995+0000] {logging_mixin.py:120} INFO - [2022-11-20T17:23:09.995+0000] {dag.py:3340} INFO - Setting next_dagrun for example_time_delta_sensor_async to None, run_after=None
[2022-11-20T17:23:10.006+0000] {processor.py:176} INFO - Processing /home/airflow/.local/lib/python3.7/site-packages/airflow/example_dags/example_time_delta_sensor_async.py took 0.134 seconds
[2022-11-20T17:23:40.868+0000] {processor.py:154} INFO - Started process (PID=2738) to work on /home/airflow/.local/lib/python3.7/site-packages/airflow/example_dags/example_time_delta_sensor_async.py
[2022-11-20T17:23:40.869+0000] {processor.py:756} INFO - Processing file /home/airflow/.local/lib/python3.7/site-packages/airflow/example_dags/example_time_delta_sensor_async.py for tasks to queue
[2022-11-20T17:23:40.871+0000] {logging_mixin.py:120} INFO - [2022-11-20T17:23:40.871+0000] {dagbag.py:537} INFO - Filling up the DagBag from /home/airflow/.local/lib/python3.7/site-packages/airflow/example_dags/example_time_delta_sensor_async.py
[2022-11-20T17:23:40.884+0000] {processor.py:766} INFO - DAG(s) dict_keys(['example_time_delta_sensor_async']) retrieved from /home/airflow/.local/lib/python3.7/site-packages/airflow/example_dags/example_time_delta_sensor_async.py
[2022-11-20T17:23:40.978+0000] {logging_mixin.py:120} INFO - [2022-11-20T17:23:40.978+0000] {dag.py:2585} INFO - Sync 1 DAGs
[2022-11-20T17:23:40.989+0000] {logging_mixin.py:120} INFO - [2022-11-20T17:23:40.989+0000] {dag.py:3340} INFO - Setting next_dagrun for example_time_delta_sensor_async to None, run_after=None
[2022-11-20T17:23:41.000+0000] {processor.py:176} INFO - Processing /home/airflow/.local/lib/python3.7/site-packages/airflow/example_dags/example_time_delta_sensor_async.py took 0.137 seconds
[2022-11-20T17:24:11.080+0000] {processor.py:154} INFO - Started process (PID=2809) to work on /home/airflow/.local/lib/python3.7/site-packages/airflow/example_dags/example_time_delta_sensor_async.py
[2022-11-20T17:24:11.081+0000] {processor.py:756} INFO - Processing file /home/airflow/.local/lib/python3.7/site-packages/airflow/example_dags/example_time_delta_sensor_async.py for tasks to queue
[2022-11-20T17:24:11.081+0000] {logging_mixin.py:120} INFO - [2022-11-20T17:24:11.081+0000] {dagbag.py:537} INFO - Filling up the DagBag from /home/airflow/.local/lib/python3.7/site-packages/airflow/example_dags/example_time_delta_sensor_async.py
[2022-11-20T17:24:11.088+0000] {processor.py:766} INFO - DAG(s) dict_keys(['example_time_delta_sensor_async']) retrieved from /home/airflow/.local/lib/python3.7/site-packages/airflow/example_dags/example_time_delta_sensor_async.py
[2022-11-20T17:24:11.178+0000] {logging_mixin.py:120} INFO - [2022-11-20T17:24:11.178+0000] {dag.py:2585} INFO - Sync 1 DAGs
[2022-11-20T17:24:11.190+0000] {logging_mixin.py:120} INFO - [2022-11-20T17:24:11.190+0000] {dag.py:3340} INFO - Setting next_dagrun for example_time_delta_sensor_async to None, run_after=None
[2022-11-20T17:24:11.199+0000] {processor.py:176} INFO - Processing /home/airflow/.local/lib/python3.7/site-packages/airflow/example_dags/example_time_delta_sensor_async.py took 0.122 seconds
[2022-11-20T17:24:41.959+0000] {processor.py:154} INFO - Started process (PID=2877) to work on /home/airflow/.local/lib/python3.7/site-packages/airflow/example_dags/example_time_delta_sensor_async.py
[2022-11-20T17:24:41.960+0000] {processor.py:756} INFO - Processing file /home/airflow/.local/lib/python3.7/site-packages/airflow/example_dags/example_time_delta_sensor_async.py for tasks to queue
[2022-11-20T17:24:41.960+0000] {logging_mixin.py:120} INFO - [2022-11-20T17:24:41.960+0000] {dagbag.py:537} INFO - Filling up the DagBag from /home/airflow/.local/lib/python3.7/site-packages/airflow/example_dags/example_time_delta_sensor_async.py
[2022-11-20T17:24:41.967+0000] {processor.py:766} INFO - DAG(s) dict_keys(['example_time_delta_sensor_async']) retrieved from /home/airflow/.local/lib/python3.7/site-packages/airflow/example_dags/example_time_delta_sensor_async.py
[2022-11-20T17:24:42.055+0000] {logging_mixin.py:120} INFO - [2022-11-20T17:24:42.055+0000] {dag.py:2585} INFO - Sync 1 DAGs
[2022-11-20T17:24:42.066+0000] {logging_mixin.py:120} INFO - [2022-11-20T17:24:42.066+0000] {dag.py:3340} INFO - Setting next_dagrun for example_time_delta_sensor_async to None, run_after=None
[2022-11-20T17:24:42.076+0000] {processor.py:176} INFO - Processing /home/airflow/.local/lib/python3.7/site-packages/airflow/example_dags/example_time_delta_sensor_async.py took 0.119 seconds
[2022-11-20T17:25:12.805+0000] {processor.py:154} INFO - Started process (PID=2936) to work on /home/airflow/.local/lib/python3.7/site-packages/airflow/example_dags/example_time_delta_sensor_async.py
[2022-11-20T17:25:12.806+0000] {processor.py:756} INFO - Processing file /home/airflow/.local/lib/python3.7/site-packages/airflow/example_dags/example_time_delta_sensor_async.py for tasks to queue
[2022-11-20T17:25:12.807+0000] {logging_mixin.py:120} INFO - [2022-11-20T17:25:12.807+0000] {dagbag.py:537} INFO - Filling up the DagBag from /home/airflow/.local/lib/python3.7/site-packages/airflow/example_dags/example_time_delta_sensor_async.py
[2022-11-20T17:25:12.815+0000] {processor.py:766} INFO - DAG(s) dict_keys(['example_time_delta_sensor_async']) retrieved from /home/airflow/.local/lib/python3.7/site-packages/airflow/example_dags/example_time_delta_sensor_async.py
[2022-11-20T17:25:12.914+0000] {logging_mixin.py:120} INFO - [2022-11-20T17:25:12.914+0000] {dag.py:2585} INFO - Sync 1 DAGs
[2022-11-20T17:25:12.927+0000] {logging_mixin.py:120} INFO - [2022-11-20T17:25:12.927+0000] {dag.py:3340} INFO - Setting next_dagrun for example_time_delta_sensor_async to None, run_after=None
[2022-11-20T17:25:12.939+0000] {processor.py:176} INFO - Processing /home/airflow/.local/lib/python3.7/site-packages/airflow/example_dags/example_time_delta_sensor_async.py took 0.136 seconds
[2022-11-20T17:25:43.014+0000] {processor.py:154} INFO - Started process (PID=3010) to work on /home/airflow/.local/lib/python3.7/site-packages/airflow/example_dags/example_time_delta_sensor_async.py
[2022-11-20T17:25:43.015+0000] {processor.py:756} INFO - Processing file /home/airflow/.local/lib/python3.7/site-packages/airflow/example_dags/example_time_delta_sensor_async.py for tasks to queue
[2022-11-20T17:25:43.015+0000] {logging_mixin.py:120} INFO - [2022-11-20T17:25:43.015+0000] {dagbag.py:537} INFO - Filling up the DagBag from /home/airflow/.local/lib/python3.7/site-packages/airflow/example_dags/example_time_delta_sensor_async.py
[2022-11-20T17:25:43.024+0000] {processor.py:766} INFO - DAG(s) dict_keys(['example_time_delta_sensor_async']) retrieved from /home/airflow/.local/lib/python3.7/site-packages/airflow/example_dags/example_time_delta_sensor_async.py
[2022-11-20T17:25:43.155+0000] {logging_mixin.py:120} INFO - [2022-11-20T17:25:43.155+0000] {dag.py:2585} INFO - Sync 1 DAGs
[2022-11-20T17:25:43.173+0000] {logging_mixin.py:120} INFO - [2022-11-20T17:25:43.173+0000] {dag.py:3340} INFO - Setting next_dagrun for example_time_delta_sensor_async to None, run_after=None
[2022-11-20T17:25:43.192+0000] {processor.py:176} INFO - Processing /home/airflow/.local/lib/python3.7/site-packages/airflow/example_dags/example_time_delta_sensor_async.py took 0.181 seconds
[2022-11-20T17:26:13.266+0000] {processor.py:154} INFO - Started process (PID=3077) to work on /home/airflow/.local/lib/python3.7/site-packages/airflow/example_dags/example_time_delta_sensor_async.py
[2022-11-20T17:26:13.266+0000] {processor.py:756} INFO - Processing file /home/airflow/.local/lib/python3.7/site-packages/airflow/example_dags/example_time_delta_sensor_async.py for tasks to queue
[2022-11-20T17:26:13.267+0000] {logging_mixin.py:120} INFO - [2022-11-20T17:26:13.267+0000] {dagbag.py:537} INFO - Filling up the DagBag from /home/airflow/.local/lib/python3.7/site-packages/airflow/example_dags/example_time_delta_sensor_async.py
[2022-11-20T17:26:13.273+0000] {processor.py:766} INFO - DAG(s) dict_keys(['example_time_delta_sensor_async']) retrieved from /home/airflow/.local/lib/python3.7/site-packages/airflow/example_dags/example_time_delta_sensor_async.py
[2022-11-20T17:26:13.355+0000] {logging_mixin.py:120} INFO - [2022-11-20T17:26:13.355+0000] {dag.py:2585} INFO - Sync 1 DAGs
[2022-11-20T17:26:13.366+0000] {logging_mixin.py:120} INFO - [2022-11-20T17:26:13.366+0000] {dag.py:3340} INFO - Setting next_dagrun for example_time_delta_sensor_async to None, run_after=None
[2022-11-20T17:26:13.375+0000] {processor.py:176} INFO - Processing /home/airflow/.local/lib/python3.7/site-packages/airflow/example_dags/example_time_delta_sensor_async.py took 0.111 seconds
[2022-11-20T17:26:43.455+0000] {processor.py:154} INFO - Started process (PID=3144) to work on /home/airflow/.local/lib/python3.7/site-packages/airflow/example_dags/example_time_delta_sensor_async.py
[2022-11-20T17:26:43.455+0000] {processor.py:756} INFO - Processing file /home/airflow/.local/lib/python3.7/site-packages/airflow/example_dags/example_time_delta_sensor_async.py for tasks to queue
[2022-11-20T17:26:43.456+0000] {logging_mixin.py:120} INFO - [2022-11-20T17:26:43.456+0000] {dagbag.py:537} INFO - Filling up the DagBag from /home/airflow/.local/lib/python3.7/site-packages/airflow/example_dags/example_time_delta_sensor_async.py
[2022-11-20T17:26:43.464+0000] {processor.py:766} INFO - DAG(s) dict_keys(['example_time_delta_sensor_async']) retrieved from /home/airflow/.local/lib/python3.7/site-packages/airflow/example_dags/example_time_delta_sensor_async.py
[2022-11-20T17:26:43.551+0000] {logging_mixin.py:120} INFO - [2022-11-20T17:26:43.551+0000] {dag.py:2585} INFO - Sync 1 DAGs
[2022-11-20T17:26:43.563+0000] {logging_mixin.py:120} INFO - [2022-11-20T17:26:43.563+0000] {dag.py:3340} INFO - Setting next_dagrun for example_time_delta_sensor_async to None, run_after=None
[2022-11-20T17:26:43.571+0000] {processor.py:176} INFO - Processing /home/airflow/.local/lib/python3.7/site-packages/airflow/example_dags/example_time_delta_sensor_async.py took 0.119 seconds
[2022-11-20T17:27:13.617+0000] {processor.py:154} INFO - Started process (PID=3209) to work on /home/airflow/.local/lib/python3.7/site-packages/airflow/example_dags/example_time_delta_sensor_async.py
[2022-11-20T17:27:13.617+0000] {processor.py:756} INFO - Processing file /home/airflow/.local/lib/python3.7/site-packages/airflow/example_dags/example_time_delta_sensor_async.py for tasks to queue
[2022-11-20T17:27:13.618+0000] {logging_mixin.py:120} INFO - [2022-11-20T17:27:13.618+0000] {dagbag.py:537} INFO - Filling up the DagBag from /home/airflow/.local/lib/python3.7/site-packages/airflow/example_dags/example_time_delta_sensor_async.py
[2022-11-20T17:27:13.625+0000] {processor.py:766} INFO - DAG(s) dict_keys(['example_time_delta_sensor_async']) retrieved from /home/airflow/.local/lib/python3.7/site-packages/airflow/example_dags/example_time_delta_sensor_async.py
[2022-11-20T17:27:13.716+0000] {logging_mixin.py:120} INFO - [2022-11-20T17:27:13.716+0000] {dag.py:2585} INFO - Sync 1 DAGs
[2022-11-20T17:27:13.729+0000] {logging_mixin.py:120} INFO - [2022-11-20T17:27:13.729+0000] {dag.py:3340} INFO - Setting next_dagrun for example_time_delta_sensor_async to None, run_after=None
[2022-11-20T17:27:13.740+0000] {processor.py:176} INFO - Processing /home/airflow/.local/lib/python3.7/site-packages/airflow/example_dags/example_time_delta_sensor_async.py took 0.125 seconds
[2022-11-20T17:27:44.596+0000] {processor.py:154} INFO - Started process (PID=3279) to work on /home/airflow/.local/lib/python3.7/site-packages/airflow/example_dags/example_time_delta_sensor_async.py
[2022-11-20T17:27:44.597+0000] {processor.py:756} INFO - Processing file /home/airflow/.local/lib/python3.7/site-packages/airflow/example_dags/example_time_delta_sensor_async.py for tasks to queue
[2022-11-20T17:27:44.597+0000] {logging_mixin.py:120} INFO - [2022-11-20T17:27:44.597+0000] {dagbag.py:537} INFO - Filling up the DagBag from /home/airflow/.local/lib/python3.7/site-packages/airflow/example_dags/example_time_delta_sensor_async.py
[2022-11-20T17:27:44.605+0000] {processor.py:766} INFO - DAG(s) dict_keys(['example_time_delta_sensor_async']) retrieved from /home/airflow/.local/lib/python3.7/site-packages/airflow/example_dags/example_time_delta_sensor_async.py
[2022-11-20T17:27:44.700+0000] {logging_mixin.py:120} INFO - [2022-11-20T17:27:44.700+0000] {dag.py:2585} INFO - Sync 1 DAGs
[2022-11-20T17:27:44.711+0000] {logging_mixin.py:120} INFO - [2022-11-20T17:27:44.711+0000] {dag.py:3340} INFO - Setting next_dagrun for example_time_delta_sensor_async to None, run_after=None
[2022-11-20T17:27:44.721+0000] {processor.py:176} INFO - Processing /home/airflow/.local/lib/python3.7/site-packages/airflow/example_dags/example_time_delta_sensor_async.py took 0.126 seconds
[2022-11-20T17:28:15.368+0000] {processor.py:154} INFO - Started process (PID=3340) to work on /home/airflow/.local/lib/python3.7/site-packages/airflow/example_dags/example_time_delta_sensor_async.py
[2022-11-20T17:28:15.369+0000] {processor.py:756} INFO - Processing file /home/airflow/.local/lib/python3.7/site-packages/airflow/example_dags/example_time_delta_sensor_async.py for tasks to queue
[2022-11-20T17:28:15.369+0000] {logging_mixin.py:120} INFO - [2022-11-20T17:28:15.369+0000] {dagbag.py:537} INFO - Filling up the DagBag from /home/airflow/.local/lib/python3.7/site-packages/airflow/example_dags/example_time_delta_sensor_async.py
[2022-11-20T17:28:15.376+0000] {processor.py:766} INFO - DAG(s) dict_keys(['example_time_delta_sensor_async']) retrieved from /home/airflow/.local/lib/python3.7/site-packages/airflow/example_dags/example_time_delta_sensor_async.py
[2022-11-20T17:28:15.463+0000] {logging_mixin.py:120} INFO - [2022-11-20T17:28:15.463+0000] {dag.py:2585} INFO - Sync 1 DAGs
[2022-11-20T17:28:15.475+0000] {logging_mixin.py:120} INFO - [2022-11-20T17:28:15.474+0000] {dag.py:3340} INFO - Setting next_dagrun for example_time_delta_sensor_async to None, run_after=None
[2022-11-20T17:28:15.485+0000] {processor.py:176} INFO - Processing /home/airflow/.local/lib/python3.7/site-packages/airflow/example_dags/example_time_delta_sensor_async.py took 0.119 seconds
[2022-11-20T17:28:46.238+0000] {processor.py:154} INFO - Started process (PID=3409) to work on /home/airflow/.local/lib/python3.7/site-packages/airflow/example_dags/example_time_delta_sensor_async.py
[2022-11-20T17:28:46.239+0000] {processor.py:756} INFO - Processing file /home/airflow/.local/lib/python3.7/site-packages/airflow/example_dags/example_time_delta_sensor_async.py for tasks to queue
[2022-11-20T17:28:46.239+0000] {logging_mixin.py:120} INFO - [2022-11-20T17:28:46.239+0000] {dagbag.py:537} INFO - Filling up the DagBag from /home/airflow/.local/lib/python3.7/site-packages/airflow/example_dags/example_time_delta_sensor_async.py
[2022-11-20T17:28:46.246+0000] {processor.py:766} INFO - DAG(s) dict_keys(['example_time_delta_sensor_async']) retrieved from /home/airflow/.local/lib/python3.7/site-packages/airflow/example_dags/example_time_delta_sensor_async.py
[2022-11-20T17:28:46.343+0000] {logging_mixin.py:120} INFO - [2022-11-20T17:28:46.343+0000] {dag.py:2585} INFO - Sync 1 DAGs
[2022-11-20T17:28:46.357+0000] {logging_mixin.py:120} INFO - [2022-11-20T17:28:46.357+0000] {dag.py:3340} INFO - Setting next_dagrun for example_time_delta_sensor_async to None, run_after=None
[2022-11-20T17:28:46.367+0000] {processor.py:176} INFO - Processing /home/airflow/.local/lib/python3.7/site-packages/airflow/example_dags/example_time_delta_sensor_async.py took 0.132 seconds
[2022-11-20T17:29:17.108+0000] {processor.py:154} INFO - Started process (PID=3477) to work on /home/airflow/.local/lib/python3.7/site-packages/airflow/example_dags/example_time_delta_sensor_async.py
[2022-11-20T17:29:17.108+0000] {processor.py:756} INFO - Processing file /home/airflow/.local/lib/python3.7/site-packages/airflow/example_dags/example_time_delta_sensor_async.py for tasks to queue
[2022-11-20T17:29:17.109+0000] {logging_mixin.py:120} INFO - [2022-11-20T17:29:17.109+0000] {dagbag.py:537} INFO - Filling up the DagBag from /home/airflow/.local/lib/python3.7/site-packages/airflow/example_dags/example_time_delta_sensor_async.py
[2022-11-20T17:29:17.116+0000] {processor.py:766} INFO - DAG(s) dict_keys(['example_time_delta_sensor_async']) retrieved from /home/airflow/.local/lib/python3.7/site-packages/airflow/example_dags/example_time_delta_sensor_async.py
[2022-11-20T17:29:17.201+0000] {logging_mixin.py:120} INFO - [2022-11-20T17:29:17.201+0000] {dag.py:2585} INFO - Sync 1 DAGs
[2022-11-20T17:29:17.213+0000] {logging_mixin.py:120} INFO - [2022-11-20T17:29:17.212+0000] {dag.py:3340} INFO - Setting next_dagrun for example_time_delta_sensor_async to None, run_after=None
[2022-11-20T17:29:17.224+0000] {processor.py:176} INFO - Processing /home/airflow/.local/lib/python3.7/site-packages/airflow/example_dags/example_time_delta_sensor_async.py took 0.118 seconds
[2022-11-20T17:29:47.978+0000] {processor.py:154} INFO - Started process (PID=3543) to work on /home/airflow/.local/lib/python3.7/site-packages/airflow/example_dags/example_time_delta_sensor_async.py
[2022-11-20T17:29:47.978+0000] {processor.py:756} INFO - Processing file /home/airflow/.local/lib/python3.7/site-packages/airflow/example_dags/example_time_delta_sensor_async.py for tasks to queue
[2022-11-20T17:29:47.979+0000] {logging_mixin.py:120} INFO - [2022-11-20T17:29:47.979+0000] {dagbag.py:537} INFO - Filling up the DagBag from /home/airflow/.local/lib/python3.7/site-packages/airflow/example_dags/example_time_delta_sensor_async.py
[2022-11-20T17:29:47.986+0000] {processor.py:766} INFO - DAG(s) dict_keys(['example_time_delta_sensor_async']) retrieved from /home/airflow/.local/lib/python3.7/site-packages/airflow/example_dags/example_time_delta_sensor_async.py
[2022-11-20T17:29:48.076+0000] {logging_mixin.py:120} INFO - [2022-11-20T17:29:48.076+0000] {dag.py:2585} INFO - Sync 1 DAGs
[2022-11-20T17:29:48.088+0000] {logging_mixin.py:120} INFO - [2022-11-20T17:29:48.088+0000] {dag.py:3340} INFO - Setting next_dagrun for example_time_delta_sensor_async to None, run_after=None
[2022-11-20T17:29:48.098+0000] {processor.py:176} INFO - Processing /home/airflow/.local/lib/python3.7/site-packages/airflow/example_dags/example_time_delta_sensor_async.py took 0.122 seconds
[2022-11-20T17:30:18.843+0000] {processor.py:154} INFO - Started process (PID=3615) to work on /home/airflow/.local/lib/python3.7/site-packages/airflow/example_dags/example_time_delta_sensor_async.py
[2022-11-20T17:30:18.844+0000] {processor.py:756} INFO - Processing file /home/airflow/.local/lib/python3.7/site-packages/airflow/example_dags/example_time_delta_sensor_async.py for tasks to queue
[2022-11-20T17:30:18.844+0000] {logging_mixin.py:120} INFO - [2022-11-20T17:30:18.844+0000] {dagbag.py:537} INFO - Filling up the DagBag from /home/airflow/.local/lib/python3.7/site-packages/airflow/example_dags/example_time_delta_sensor_async.py
[2022-11-20T17:30:18.850+0000] {processor.py:766} INFO - DAG(s) dict_keys(['example_time_delta_sensor_async']) retrieved from /home/airflow/.local/lib/python3.7/site-packages/airflow/example_dags/example_time_delta_sensor_async.py
[2022-11-20T17:30:18.937+0000] {logging_mixin.py:120} INFO - [2022-11-20T17:30:18.937+0000] {dag.py:2585} INFO - Sync 1 DAGs
[2022-11-20T17:30:18.949+0000] {logging_mixin.py:120} INFO - [2022-11-20T17:30:18.949+0000] {dag.py:3340} INFO - Setting next_dagrun for example_time_delta_sensor_async to None, run_after=None
[2022-11-20T17:30:18.959+0000] {processor.py:176} INFO - Processing /home/airflow/.local/lib/python3.7/site-packages/airflow/example_dags/example_time_delta_sensor_async.py took 0.118 seconds
[2022-11-20T17:30:49.756+0000] {processor.py:154} INFO - Started process (PID=3683) to work on /home/airflow/.local/lib/python3.7/site-packages/airflow/example_dags/example_time_delta_sensor_async.py
[2022-11-20T17:30:49.756+0000] {processor.py:756} INFO - Processing file /home/airflow/.local/lib/python3.7/site-packages/airflow/example_dags/example_time_delta_sensor_async.py for tasks to queue
[2022-11-20T17:30:49.757+0000] {logging_mixin.py:120} INFO - [2022-11-20T17:30:49.756+0000] {dagbag.py:537} INFO - Filling up the DagBag from /home/airflow/.local/lib/python3.7/site-packages/airflow/example_dags/example_time_delta_sensor_async.py
[2022-11-20T17:30:49.763+0000] {processor.py:766} INFO - DAG(s) dict_keys(['example_time_delta_sensor_async']) retrieved from /home/airflow/.local/lib/python3.7/site-packages/airflow/example_dags/example_time_delta_sensor_async.py
[2022-11-20T17:30:49.845+0000] {logging_mixin.py:120} INFO - [2022-11-20T17:30:49.845+0000] {dag.py:2585} INFO - Sync 1 DAGs
[2022-11-20T17:30:49.857+0000] {logging_mixin.py:120} INFO - [2022-11-20T17:30:49.857+0000] {dag.py:3340} INFO - Setting next_dagrun for example_time_delta_sensor_async to None, run_after=None
[2022-11-20T17:30:49.866+0000] {processor.py:176} INFO - Processing /home/airflow/.local/lib/python3.7/site-packages/airflow/example_dags/example_time_delta_sensor_async.py took 0.112 seconds
[2022-11-20T17:31:20.755+0000] {processor.py:154} INFO - Started process (PID=3752) to work on /home/airflow/.local/lib/python3.7/site-packages/airflow/example_dags/example_time_delta_sensor_async.py
[2022-11-20T17:31:20.755+0000] {processor.py:756} INFO - Processing file /home/airflow/.local/lib/python3.7/site-packages/airflow/example_dags/example_time_delta_sensor_async.py for tasks to queue
[2022-11-20T17:31:20.756+0000] {logging_mixin.py:120} INFO - [2022-11-20T17:31:20.756+0000] {dagbag.py:537} INFO - Filling up the DagBag from /home/airflow/.local/lib/python3.7/site-packages/airflow/example_dags/example_time_delta_sensor_async.py
[2022-11-20T17:31:20.762+0000] {processor.py:766} INFO - DAG(s) dict_keys(['example_time_delta_sensor_async']) retrieved from /home/airflow/.local/lib/python3.7/site-packages/airflow/example_dags/example_time_delta_sensor_async.py
[2022-11-20T17:31:20.850+0000] {logging_mixin.py:120} INFO - [2022-11-20T17:31:20.850+0000] {dag.py:2585} INFO - Sync 1 DAGs
[2022-11-20T17:31:20.863+0000] {logging_mixin.py:120} INFO - [2022-11-20T17:31:20.863+0000] {dag.py:3340} INFO - Setting next_dagrun for example_time_delta_sensor_async to None, run_after=None
[2022-11-20T17:31:20.873+0000] {processor.py:176} INFO - Processing /home/airflow/.local/lib/python3.7/site-packages/airflow/example_dags/example_time_delta_sensor_async.py took 0.121 seconds
[2022-11-20T17:31:51.738+0000] {processor.py:154} INFO - Started process (PID=3820) to work on /home/airflow/.local/lib/python3.7/site-packages/airflow/example_dags/example_time_delta_sensor_async.py
[2022-11-20T17:31:51.739+0000] {processor.py:756} INFO - Processing file /home/airflow/.local/lib/python3.7/site-packages/airflow/example_dags/example_time_delta_sensor_async.py for tasks to queue
[2022-11-20T17:31:51.739+0000] {logging_mixin.py:120} INFO - [2022-11-20T17:31:51.739+0000] {dagbag.py:537} INFO - Filling up the DagBag from /home/airflow/.local/lib/python3.7/site-packages/airflow/example_dags/example_time_delta_sensor_async.py
[2022-11-20T17:31:51.747+0000] {processor.py:766} INFO - DAG(s) dict_keys(['example_time_delta_sensor_async']) retrieved from /home/airflow/.local/lib/python3.7/site-packages/airflow/example_dags/example_time_delta_sensor_async.py
[2022-11-20T17:31:51.840+0000] {logging_mixin.py:120} INFO - [2022-11-20T17:31:51.840+0000] {dag.py:2585} INFO - Sync 1 DAGs
[2022-11-20T17:31:51.852+0000] {logging_mixin.py:120} INFO - [2022-11-20T17:31:51.852+0000] {dag.py:3340} INFO - Setting next_dagrun for example_time_delta_sensor_async to None, run_after=None
[2022-11-20T17:31:51.861+0000] {processor.py:176} INFO - Processing /home/airflow/.local/lib/python3.7/site-packages/airflow/example_dags/example_time_delta_sensor_async.py took 0.125 seconds
[2022-11-20T17:32:22.706+0000] {processor.py:154} INFO - Started process (PID=3880) to work on /home/airflow/.local/lib/python3.7/site-packages/airflow/example_dags/example_time_delta_sensor_async.py
[2022-11-20T17:32:22.707+0000] {processor.py:756} INFO - Processing file /home/airflow/.local/lib/python3.7/site-packages/airflow/example_dags/example_time_delta_sensor_async.py for tasks to queue
[2022-11-20T17:32:22.707+0000] {logging_mixin.py:120} INFO - [2022-11-20T17:32:22.707+0000] {dagbag.py:537} INFO - Filling up the DagBag from /home/airflow/.local/lib/python3.7/site-packages/airflow/example_dags/example_time_delta_sensor_async.py
[2022-11-20T17:32:22.717+0000] {processor.py:766} INFO - DAG(s) dict_keys(['example_time_delta_sensor_async']) retrieved from /home/airflow/.local/lib/python3.7/site-packages/airflow/example_dags/example_time_delta_sensor_async.py
[2022-11-20T17:32:22.826+0000] {logging_mixin.py:120} INFO - [2022-11-20T17:32:22.825+0000] {dag.py:2585} INFO - Sync 1 DAGs
[2022-11-20T17:32:22.843+0000] {logging_mixin.py:120} INFO - [2022-11-20T17:32:22.843+0000] {dag.py:3340} INFO - Setting next_dagrun for example_time_delta_sensor_async to None, run_after=None
[2022-11-20T17:32:22.858+0000] {processor.py:176} INFO - Processing /home/airflow/.local/lib/python3.7/site-packages/airflow/example_dags/example_time_delta_sensor_async.py took 0.155 seconds
[2022-11-20T17:32:52.892+0000] {processor.py:154} INFO - Started process (PID=3945) to work on /home/airflow/.local/lib/python3.7/site-packages/airflow/example_dags/example_time_delta_sensor_async.py
[2022-11-20T17:32:52.893+0000] {processor.py:756} INFO - Processing file /home/airflow/.local/lib/python3.7/site-packages/airflow/example_dags/example_time_delta_sensor_async.py for tasks to queue
[2022-11-20T17:32:52.893+0000] {logging_mixin.py:120} INFO - [2022-11-20T17:32:52.893+0000] {dagbag.py:537} INFO - Filling up the DagBag from /home/airflow/.local/lib/python3.7/site-packages/airflow/example_dags/example_time_delta_sensor_async.py
[2022-11-20T17:32:52.899+0000] {processor.py:766} INFO - DAG(s) dict_keys(['example_time_delta_sensor_async']) retrieved from /home/airflow/.local/lib/python3.7/site-packages/airflow/example_dags/example_time_delta_sensor_async.py
[2022-11-20T17:32:52.985+0000] {logging_mixin.py:120} INFO - [2022-11-20T17:32:52.985+0000] {dag.py:2585} INFO - Sync 1 DAGs
[2022-11-20T17:32:52.998+0000] {logging_mixin.py:120} INFO - [2022-11-20T17:32:52.997+0000] {dag.py:3340} INFO - Setting next_dagrun for example_time_delta_sensor_async to None, run_after=None
[2022-11-20T17:32:53.008+0000] {processor.py:176} INFO - Processing /home/airflow/.local/lib/python3.7/site-packages/airflow/example_dags/example_time_delta_sensor_async.py took 0.118 seconds
[2022-11-20T17:33:23.109+0000] {processor.py:154} INFO - Started process (PID=4012) to work on /home/airflow/.local/lib/python3.7/site-packages/airflow/example_dags/example_time_delta_sensor_async.py
[2022-11-20T17:33:23.110+0000] {processor.py:756} INFO - Processing file /home/airflow/.local/lib/python3.7/site-packages/airflow/example_dags/example_time_delta_sensor_async.py for tasks to queue
[2022-11-20T17:33:23.110+0000] {logging_mixin.py:120} INFO - [2022-11-20T17:33:23.110+0000] {dagbag.py:537} INFO - Filling up the DagBag from /home/airflow/.local/lib/python3.7/site-packages/airflow/example_dags/example_time_delta_sensor_async.py
[2022-11-20T17:33:23.117+0000] {processor.py:766} INFO - DAG(s) dict_keys(['example_time_delta_sensor_async']) retrieved from /home/airflow/.local/lib/python3.7/site-packages/airflow/example_dags/example_time_delta_sensor_async.py
[2022-11-20T17:33:23.206+0000] {logging_mixin.py:120} INFO - [2022-11-20T17:33:23.206+0000] {dag.py:2585} INFO - Sync 1 DAGs
[2022-11-20T17:33:23.218+0000] {logging_mixin.py:120} INFO - [2022-11-20T17:33:23.218+0000] {dag.py:3340} INFO - Setting next_dagrun for example_time_delta_sensor_async to None, run_after=None
[2022-11-20T17:33:23.228+0000] {processor.py:176} INFO - Processing /home/airflow/.local/lib/python3.7/site-packages/airflow/example_dags/example_time_delta_sensor_async.py took 0.121 seconds
[2022-11-20T17:33:54.084+0000] {processor.py:154} INFO - Started process (PID=4077) to work on /home/airflow/.local/lib/python3.7/site-packages/airflow/example_dags/example_time_delta_sensor_async.py
[2022-11-20T17:33:54.084+0000] {processor.py:756} INFO - Processing file /home/airflow/.local/lib/python3.7/site-packages/airflow/example_dags/example_time_delta_sensor_async.py for tasks to queue
[2022-11-20T17:33:54.085+0000] {logging_mixin.py:120} INFO - [2022-11-20T17:33:54.085+0000] {dagbag.py:537} INFO - Filling up the DagBag from /home/airflow/.local/lib/python3.7/site-packages/airflow/example_dags/example_time_delta_sensor_async.py
[2022-11-20T17:33:54.091+0000] {processor.py:766} INFO - DAG(s) dict_keys(['example_time_delta_sensor_async']) retrieved from /home/airflow/.local/lib/python3.7/site-packages/airflow/example_dags/example_time_delta_sensor_async.py
[2022-11-20T17:33:54.176+0000] {logging_mixin.py:120} INFO - [2022-11-20T17:33:54.176+0000] {dag.py:2585} INFO - Sync 1 DAGs
[2022-11-20T17:33:54.188+0000] {logging_mixin.py:120} INFO - [2022-11-20T17:33:54.188+0000] {dag.py:3340} INFO - Setting next_dagrun for example_time_delta_sensor_async to None, run_after=None
[2022-11-20T17:33:54.198+0000] {processor.py:176} INFO - Processing /home/airflow/.local/lib/python3.7/site-packages/airflow/example_dags/example_time_delta_sensor_async.py took 0.117 seconds
[2022-11-20T17:34:25.055+0000] {processor.py:154} INFO - Started process (PID=4143) to work on /home/airflow/.local/lib/python3.7/site-packages/airflow/example_dags/example_time_delta_sensor_async.py
[2022-11-20T17:34:25.056+0000] {processor.py:756} INFO - Processing file /home/airflow/.local/lib/python3.7/site-packages/airflow/example_dags/example_time_delta_sensor_async.py for tasks to queue
[2022-11-20T17:34:25.056+0000] {logging_mixin.py:120} INFO - [2022-11-20T17:34:25.056+0000] {dagbag.py:537} INFO - Filling up the DagBag from /home/airflow/.local/lib/python3.7/site-packages/airflow/example_dags/example_time_delta_sensor_async.py
[2022-11-20T17:34:25.062+0000] {processor.py:766} INFO - DAG(s) dict_keys(['example_time_delta_sensor_async']) retrieved from /home/airflow/.local/lib/python3.7/site-packages/airflow/example_dags/example_time_delta_sensor_async.py
[2022-11-20T17:34:25.147+0000] {logging_mixin.py:120} INFO - [2022-11-20T17:34:25.147+0000] {dag.py:2585} INFO - Sync 1 DAGs
[2022-11-20T17:34:25.158+0000] {logging_mixin.py:120} INFO - [2022-11-20T17:34:25.158+0000] {dag.py:3340} INFO - Setting next_dagrun for example_time_delta_sensor_async to None, run_after=None
[2022-11-20T17:34:25.168+0000] {processor.py:176} INFO - Processing /home/airflow/.local/lib/python3.7/site-packages/airflow/example_dags/example_time_delta_sensor_async.py took 0.115 seconds
[2022-11-20T17:34:56.126+0000] {processor.py:154} INFO - Started process (PID=4213) to work on /home/airflow/.local/lib/python3.7/site-packages/airflow/example_dags/example_time_delta_sensor_async.py
[2022-11-20T17:34:56.126+0000] {processor.py:756} INFO - Processing file /home/airflow/.local/lib/python3.7/site-packages/airflow/example_dags/example_time_delta_sensor_async.py for tasks to queue
[2022-11-20T17:34:56.127+0000] {logging_mixin.py:120} INFO - [2022-11-20T17:34:56.127+0000] {dagbag.py:537} INFO - Filling up the DagBag from /home/airflow/.local/lib/python3.7/site-packages/airflow/example_dags/example_time_delta_sensor_async.py
[2022-11-20T17:34:56.136+0000] {processor.py:766} INFO - DAG(s) dict_keys(['example_time_delta_sensor_async']) retrieved from /home/airflow/.local/lib/python3.7/site-packages/airflow/example_dags/example_time_delta_sensor_async.py
[2022-11-20T17:34:56.228+0000] {logging_mixin.py:120} INFO - [2022-11-20T17:34:56.228+0000] {dag.py:2585} INFO - Sync 1 DAGs
[2022-11-20T17:34:56.243+0000] {logging_mixin.py:120} INFO - [2022-11-20T17:34:56.242+0000] {dag.py:3340} INFO - Setting next_dagrun for example_time_delta_sensor_async to None, run_after=None
[2022-11-20T17:34:56.253+0000] {processor.py:176} INFO - Processing /home/airflow/.local/lib/python3.7/site-packages/airflow/example_dags/example_time_delta_sensor_async.py took 0.130 seconds
[2022-11-20T17:35:26.934+0000] {processor.py:154} INFO - Started process (PID=4280) to work on /home/airflow/.local/lib/python3.7/site-packages/airflow/example_dags/example_time_delta_sensor_async.py
[2022-11-20T17:35:26.934+0000] {processor.py:756} INFO - Processing file /home/airflow/.local/lib/python3.7/site-packages/airflow/example_dags/example_time_delta_sensor_async.py for tasks to queue
[2022-11-20T17:35:26.935+0000] {logging_mixin.py:120} INFO - [2022-11-20T17:35:26.935+0000] {dagbag.py:537} INFO - Filling up the DagBag from /home/airflow/.local/lib/python3.7/site-packages/airflow/example_dags/example_time_delta_sensor_async.py
[2022-11-20T17:35:26.944+0000] {processor.py:766} INFO - DAG(s) dict_keys(['example_time_delta_sensor_async']) retrieved from /home/airflow/.local/lib/python3.7/site-packages/airflow/example_dags/example_time_delta_sensor_async.py
[2022-11-20T17:35:27.044+0000] {logging_mixin.py:120} INFO - [2022-11-20T17:35:27.044+0000] {dag.py:2585} INFO - Sync 1 DAGs
[2022-11-20T17:35:27.058+0000] {logging_mixin.py:120} INFO - [2022-11-20T17:35:27.058+0000] {dag.py:3340} INFO - Setting next_dagrun for example_time_delta_sensor_async to None, run_after=None
[2022-11-20T17:35:27.069+0000] {processor.py:176} INFO - Processing /home/airflow/.local/lib/python3.7/site-packages/airflow/example_dags/example_time_delta_sensor_async.py took 0.138 seconds
