[2022-11-20T12:59:12.247+0000] {processor.py:154} INFO - Started process (PID=67) to work on /home/airflow/.local/lib/python3.7/site-packages/airflow/example_dags/example_branch_python_dop_operator_3.py
[2022-11-20T12:59:12.247+0000] {processor.py:756} INFO - Processing file /home/airflow/.local/lib/python3.7/site-packages/airflow/example_dags/example_branch_python_dop_operator_3.py for tasks to queue
[2022-11-20T12:59:12.248+0000] {logging_mixin.py:120} INFO - [2022-11-20T12:59:12.248+0000] {dagbag.py:537} INFO - Filling up the DagBag from /home/airflow/.local/lib/python3.7/site-packages/airflow/example_dags/example_branch_python_dop_operator_3.py
[2022-11-20T12:59:12.285+0000] {processor.py:766} INFO - DAG(s) dict_keys(['example_branch_dop_operator_v3']) retrieved from /home/airflow/.local/lib/python3.7/site-packages/airflow/example_dags/example_branch_python_dop_operator_3.py
[2022-11-20T12:59:12.341+0000] {logging_mixin.py:120} INFO - [2022-11-20T12:59:12.341+0000] {dag.py:2585} INFO - Sync 1 DAGs
[2022-11-20T12:59:12.369+0000] {logging_mixin.py:120} INFO - [2022-11-20T12:59:12.368+0000] {dag.py:3340} INFO - Setting next_dagrun for example_branch_dop_operator_v3 to 2022-11-20T12:58:00+00:00, run_after=2022-11-20T12:59:00+00:00
[2022-11-20T12:59:12.394+0000] {processor.py:176} INFO - Processing /home/airflow/.local/lib/python3.7/site-packages/airflow/example_dags/example_branch_python_dop_operator_3.py took 0.149 seconds
[2022-11-20T12:59:42.768+0000] {processor.py:154} INFO - Started process (PID=142) to work on /home/airflow/.local/lib/python3.7/site-packages/airflow/example_dags/example_branch_python_dop_operator_3.py
[2022-11-20T12:59:42.769+0000] {processor.py:756} INFO - Processing file /home/airflow/.local/lib/python3.7/site-packages/airflow/example_dags/example_branch_python_dop_operator_3.py for tasks to queue
[2022-11-20T12:59:42.769+0000] {logging_mixin.py:120} INFO - [2022-11-20T12:59:42.769+0000] {dagbag.py:537} INFO - Filling up the DagBag from /home/airflow/.local/lib/python3.7/site-packages/airflow/example_dags/example_branch_python_dop_operator_3.py
[2022-11-20T12:59:42.782+0000] {processor.py:766} INFO - DAG(s) dict_keys(['example_branch_dop_operator_v3']) retrieved from /home/airflow/.local/lib/python3.7/site-packages/airflow/example_dags/example_branch_python_dop_operator_3.py
[2022-11-20T12:59:42.802+0000] {logging_mixin.py:120} INFO - [2022-11-20T12:59:42.801+0000] {dag.py:2585} INFO - Sync 1 DAGs
[2022-11-20T12:59:42.816+0000] {logging_mixin.py:120} INFO - [2022-11-20T12:59:42.816+0000] {dag.py:3340} INFO - Setting next_dagrun for example_branch_dop_operator_v3 to 2022-11-20T12:58:00+00:00, run_after=2022-11-20T12:59:00+00:00
[2022-11-20T12:59:42.827+0000] {processor.py:176} INFO - Processing /home/airflow/.local/lib/python3.7/site-packages/airflow/example_dags/example_branch_python_dop_operator_3.py took 0.060 seconds
[2022-11-20T13:00:13.555+0000] {processor.py:154} INFO - Started process (PID=210) to work on /home/airflow/.local/lib/python3.7/site-packages/airflow/example_dags/example_branch_python_dop_operator_3.py
[2022-11-20T13:00:13.556+0000] {processor.py:756} INFO - Processing file /home/airflow/.local/lib/python3.7/site-packages/airflow/example_dags/example_branch_python_dop_operator_3.py for tasks to queue
[2022-11-20T13:00:13.556+0000] {logging_mixin.py:120} INFO - [2022-11-20T13:00:13.556+0000] {dagbag.py:537} INFO - Filling up the DagBag from /home/airflow/.local/lib/python3.7/site-packages/airflow/example_dags/example_branch_python_dop_operator_3.py
[2022-11-20T13:00:13.568+0000] {processor.py:766} INFO - DAG(s) dict_keys(['example_branch_dop_operator_v3']) retrieved from /home/airflow/.local/lib/python3.7/site-packages/airflow/example_dags/example_branch_python_dop_operator_3.py
[2022-11-20T13:00:13.588+0000] {logging_mixin.py:120} INFO - [2022-11-20T13:00:13.588+0000] {dag.py:2585} INFO - Sync 1 DAGs
[2022-11-20T13:00:13.601+0000] {logging_mixin.py:120} INFO - [2022-11-20T13:00:13.601+0000] {dag.py:3340} INFO - Setting next_dagrun for example_branch_dop_operator_v3 to 2022-11-20T12:59:00+00:00, run_after=2022-11-20T13:00:00+00:00
[2022-11-20T13:00:13.611+0000] {processor.py:176} INFO - Processing /home/airflow/.local/lib/python3.7/site-packages/airflow/example_dags/example_branch_python_dop_operator_3.py took 0.058 seconds
[2022-11-20T13:00:44.281+0000] {processor.py:154} INFO - Started process (PID=278) to work on /home/airflow/.local/lib/python3.7/site-packages/airflow/example_dags/example_branch_python_dop_operator_3.py
[2022-11-20T13:00:44.282+0000] {processor.py:756} INFO - Processing file /home/airflow/.local/lib/python3.7/site-packages/airflow/example_dags/example_branch_python_dop_operator_3.py for tasks to queue
[2022-11-20T13:00:44.282+0000] {logging_mixin.py:120} INFO - [2022-11-20T13:00:44.282+0000] {dagbag.py:537} INFO - Filling up the DagBag from /home/airflow/.local/lib/python3.7/site-packages/airflow/example_dags/example_branch_python_dop_operator_3.py
[2022-11-20T13:00:44.297+0000] {processor.py:766} INFO - DAG(s) dict_keys(['example_branch_dop_operator_v3']) retrieved from /home/airflow/.local/lib/python3.7/site-packages/airflow/example_dags/example_branch_python_dop_operator_3.py
[2022-11-20T13:00:44.318+0000] {logging_mixin.py:120} INFO - [2022-11-20T13:00:44.318+0000] {dag.py:2585} INFO - Sync 1 DAGs
[2022-11-20T13:00:44.333+0000] {logging_mixin.py:120} INFO - [2022-11-20T13:00:44.332+0000] {dag.py:3340} INFO - Setting next_dagrun for example_branch_dop_operator_v3 to 2022-11-20T12:59:00+00:00, run_after=2022-11-20T13:00:00+00:00
[2022-11-20T13:00:44.344+0000] {processor.py:176} INFO - Processing /home/airflow/.local/lib/python3.7/site-packages/airflow/example_dags/example_branch_python_dop_operator_3.py took 0.065 seconds
[2022-11-20T13:01:15.330+0000] {processor.py:154} INFO - Started process (PID=346) to work on /home/airflow/.local/lib/python3.7/site-packages/airflow/example_dags/example_branch_python_dop_operator_3.py
[2022-11-20T13:01:15.331+0000] {processor.py:756} INFO - Processing file /home/airflow/.local/lib/python3.7/site-packages/airflow/example_dags/example_branch_python_dop_operator_3.py for tasks to queue
[2022-11-20T13:01:15.331+0000] {logging_mixin.py:120} INFO - [2022-11-20T13:01:15.331+0000] {dagbag.py:537} INFO - Filling up the DagBag from /home/airflow/.local/lib/python3.7/site-packages/airflow/example_dags/example_branch_python_dop_operator_3.py
[2022-11-20T13:01:15.344+0000] {processor.py:766} INFO - DAG(s) dict_keys(['example_branch_dop_operator_v3']) retrieved from /home/airflow/.local/lib/python3.7/site-packages/airflow/example_dags/example_branch_python_dop_operator_3.py
[2022-11-20T13:01:15.365+0000] {logging_mixin.py:120} INFO - [2022-11-20T13:01:15.365+0000] {dag.py:2585} INFO - Sync 1 DAGs
[2022-11-20T13:01:15.382+0000] {logging_mixin.py:120} INFO - [2022-11-20T13:01:15.381+0000] {dag.py:3340} INFO - Setting next_dagrun for example_branch_dop_operator_v3 to 2022-11-20T13:00:00+00:00, run_after=2022-11-20T13:01:00+00:00
[2022-11-20T13:01:15.393+0000] {processor.py:176} INFO - Processing /home/airflow/.local/lib/python3.7/site-packages/airflow/example_dags/example_branch_python_dop_operator_3.py took 0.065 seconds
[2022-11-20T13:01:45.494+0000] {processor.py:154} INFO - Started process (PID=414) to work on /home/airflow/.local/lib/python3.7/site-packages/airflow/example_dags/example_branch_python_dop_operator_3.py
[2022-11-20T13:01:45.494+0000] {processor.py:756} INFO - Processing file /home/airflow/.local/lib/python3.7/site-packages/airflow/example_dags/example_branch_python_dop_operator_3.py for tasks to queue
[2022-11-20T13:01:45.495+0000] {logging_mixin.py:120} INFO - [2022-11-20T13:01:45.495+0000] {dagbag.py:537} INFO - Filling up the DagBag from /home/airflow/.local/lib/python3.7/site-packages/airflow/example_dags/example_branch_python_dop_operator_3.py
[2022-11-20T13:01:45.507+0000] {processor.py:766} INFO - DAG(s) dict_keys(['example_branch_dop_operator_v3']) retrieved from /home/airflow/.local/lib/python3.7/site-packages/airflow/example_dags/example_branch_python_dop_operator_3.py
[2022-11-20T13:01:45.528+0000] {logging_mixin.py:120} INFO - [2022-11-20T13:01:45.528+0000] {dag.py:2585} INFO - Sync 1 DAGs
[2022-11-20T13:01:45.543+0000] {logging_mixin.py:120} INFO - [2022-11-20T13:01:45.543+0000] {dag.py:3340} INFO - Setting next_dagrun for example_branch_dop_operator_v3 to 2022-11-20T13:00:00+00:00, run_after=2022-11-20T13:01:00+00:00
[2022-11-20T13:01:45.570+0000] {processor.py:176} INFO - Processing /home/airflow/.local/lib/python3.7/site-packages/airflow/example_dags/example_branch_python_dop_operator_3.py took 0.078 seconds
[2022-11-20T13:02:16.407+0000] {processor.py:154} INFO - Started process (PID=471) to work on /home/airflow/.local/lib/python3.7/site-packages/airflow/example_dags/example_branch_python_dop_operator_3.py
[2022-11-20T13:02:16.407+0000] {processor.py:756} INFO - Processing file /home/airflow/.local/lib/python3.7/site-packages/airflow/example_dags/example_branch_python_dop_operator_3.py for tasks to queue
[2022-11-20T13:02:16.408+0000] {logging_mixin.py:120} INFO - [2022-11-20T13:02:16.408+0000] {dagbag.py:537} INFO - Filling up the DagBag from /home/airflow/.local/lib/python3.7/site-packages/airflow/example_dags/example_branch_python_dop_operator_3.py
[2022-11-20T13:02:16.419+0000] {processor.py:766} INFO - DAG(s) dict_keys(['example_branch_dop_operator_v3']) retrieved from /home/airflow/.local/lib/python3.7/site-packages/airflow/example_dags/example_branch_python_dop_operator_3.py
[2022-11-20T13:02:16.440+0000] {logging_mixin.py:120} INFO - [2022-11-20T13:02:16.439+0000] {dag.py:2585} INFO - Sync 1 DAGs
[2022-11-20T13:02:16.454+0000] {logging_mixin.py:120} INFO - [2022-11-20T13:02:16.454+0000] {dag.py:3340} INFO - Setting next_dagrun for example_branch_dop_operator_v3 to 2022-11-20T13:01:00+00:00, run_after=2022-11-20T13:02:00+00:00
[2022-11-20T13:02:16.465+0000] {processor.py:176} INFO - Processing /home/airflow/.local/lib/python3.7/site-packages/airflow/example_dags/example_branch_python_dop_operator_3.py took 0.061 seconds
[2022-11-20T13:02:47.117+0000] {processor.py:154} INFO - Started process (PID=540) to work on /home/airflow/.local/lib/python3.7/site-packages/airflow/example_dags/example_branch_python_dop_operator_3.py
[2022-11-20T13:02:47.117+0000] {processor.py:756} INFO - Processing file /home/airflow/.local/lib/python3.7/site-packages/airflow/example_dags/example_branch_python_dop_operator_3.py for tasks to queue
[2022-11-20T13:02:47.118+0000] {logging_mixin.py:120} INFO - [2022-11-20T13:02:47.118+0000] {dagbag.py:537} INFO - Filling up the DagBag from /home/airflow/.local/lib/python3.7/site-packages/airflow/example_dags/example_branch_python_dop_operator_3.py
[2022-11-20T13:02:47.131+0000] {processor.py:766} INFO - DAG(s) dict_keys(['example_branch_dop_operator_v3']) retrieved from /home/airflow/.local/lib/python3.7/site-packages/airflow/example_dags/example_branch_python_dop_operator_3.py
[2022-11-20T13:02:47.153+0000] {logging_mixin.py:120} INFO - [2022-11-20T13:02:47.153+0000] {dag.py:2585} INFO - Sync 1 DAGs
[2022-11-20T13:02:47.166+0000] {logging_mixin.py:120} INFO - [2022-11-20T13:02:47.166+0000] {dag.py:3340} INFO - Setting next_dagrun for example_branch_dop_operator_v3 to 2022-11-20T13:01:00+00:00, run_after=2022-11-20T13:02:00+00:00
[2022-11-20T13:02:47.177+0000] {processor.py:176} INFO - Processing /home/airflow/.local/lib/python3.7/site-packages/airflow/example_dags/example_branch_python_dop_operator_3.py took 0.062 seconds
[2022-11-20T13:03:18.233+0000] {processor.py:154} INFO - Started process (PID=603) to work on /home/airflow/.local/lib/python3.7/site-packages/airflow/example_dags/example_branch_python_dop_operator_3.py
[2022-11-20T13:03:18.234+0000] {processor.py:756} INFO - Processing file /home/airflow/.local/lib/python3.7/site-packages/airflow/example_dags/example_branch_python_dop_operator_3.py for tasks to queue
[2022-11-20T13:03:18.234+0000] {logging_mixin.py:120} INFO - [2022-11-20T13:03:18.234+0000] {dagbag.py:537} INFO - Filling up the DagBag from /home/airflow/.local/lib/python3.7/site-packages/airflow/example_dags/example_branch_python_dop_operator_3.py
[2022-11-20T13:03:18.247+0000] {processor.py:766} INFO - DAG(s) dict_keys(['example_branch_dop_operator_v3']) retrieved from /home/airflow/.local/lib/python3.7/site-packages/airflow/example_dags/example_branch_python_dop_operator_3.py
[2022-11-20T13:03:18.267+0000] {logging_mixin.py:120} INFO - [2022-11-20T13:03:18.267+0000] {dag.py:2585} INFO - Sync 1 DAGs
[2022-11-20T13:03:18.283+0000] {logging_mixin.py:120} INFO - [2022-11-20T13:03:18.283+0000] {dag.py:3340} INFO - Setting next_dagrun for example_branch_dop_operator_v3 to 2022-11-20T13:02:00+00:00, run_after=2022-11-20T13:03:00+00:00
[2022-11-20T13:03:18.293+0000] {processor.py:176} INFO - Processing /home/airflow/.local/lib/python3.7/site-packages/airflow/example_dags/example_branch_python_dop_operator_3.py took 0.062 seconds
[2022-11-20T13:03:48.885+0000] {processor.py:154} INFO - Started process (PID=671) to work on /home/airflow/.local/lib/python3.7/site-packages/airflow/example_dags/example_branch_python_dop_operator_3.py
[2022-11-20T13:03:48.886+0000] {processor.py:756} INFO - Processing file /home/airflow/.local/lib/python3.7/site-packages/airflow/example_dags/example_branch_python_dop_operator_3.py for tasks to queue
[2022-11-20T13:03:48.886+0000] {logging_mixin.py:120} INFO - [2022-11-20T13:03:48.886+0000] {dagbag.py:537} INFO - Filling up the DagBag from /home/airflow/.local/lib/python3.7/site-packages/airflow/example_dags/example_branch_python_dop_operator_3.py
[2022-11-20T13:03:48.898+0000] {processor.py:766} INFO - DAG(s) dict_keys(['example_branch_dop_operator_v3']) retrieved from /home/airflow/.local/lib/python3.7/site-packages/airflow/example_dags/example_branch_python_dop_operator_3.py
[2022-11-20T13:03:48.919+0000] {logging_mixin.py:120} INFO - [2022-11-20T13:03:48.919+0000] {dag.py:2585} INFO - Sync 1 DAGs
[2022-11-20T13:03:48.936+0000] {logging_mixin.py:120} INFO - [2022-11-20T13:03:48.936+0000] {dag.py:3340} INFO - Setting next_dagrun for example_branch_dop_operator_v3 to 2022-11-20T13:02:00+00:00, run_after=2022-11-20T13:03:00+00:00
[2022-11-20T13:03:48.947+0000] {processor.py:176} INFO - Processing /home/airflow/.local/lib/python3.7/site-packages/airflow/example_dags/example_branch_python_dop_operator_3.py took 0.064 seconds
[2022-11-20T13:04:19.822+0000] {processor.py:154} INFO - Started process (PID=740) to work on /home/airflow/.local/lib/python3.7/site-packages/airflow/example_dags/example_branch_python_dop_operator_3.py
[2022-11-20T13:04:19.823+0000] {processor.py:756} INFO - Processing file /home/airflow/.local/lib/python3.7/site-packages/airflow/example_dags/example_branch_python_dop_operator_3.py for tasks to queue
[2022-11-20T13:04:19.823+0000] {logging_mixin.py:120} INFO - [2022-11-20T13:04:19.823+0000] {dagbag.py:537} INFO - Filling up the DagBag from /home/airflow/.local/lib/python3.7/site-packages/airflow/example_dags/example_branch_python_dop_operator_3.py
[2022-11-20T13:04:19.836+0000] {processor.py:766} INFO - DAG(s) dict_keys(['example_branch_dop_operator_v3']) retrieved from /home/airflow/.local/lib/python3.7/site-packages/airflow/example_dags/example_branch_python_dop_operator_3.py
[2022-11-20T13:04:19.858+0000] {logging_mixin.py:120} INFO - [2022-11-20T13:04:19.858+0000] {dag.py:2585} INFO - Sync 1 DAGs
[2022-11-20T13:04:19.874+0000] {logging_mixin.py:120} INFO - [2022-11-20T13:04:19.874+0000] {dag.py:3340} INFO - Setting next_dagrun for example_branch_dop_operator_v3 to 2022-11-20T13:03:00+00:00, run_after=2022-11-20T13:04:00+00:00
[2022-11-20T13:04:19.917+0000] {processor.py:176} INFO - Processing /home/airflow/.local/lib/python3.7/site-packages/airflow/example_dags/example_branch_python_dop_operator_3.py took 0.097 seconds
[2022-11-20T13:04:50.995+0000] {processor.py:154} INFO - Started process (PID=810) to work on /home/airflow/.local/lib/python3.7/site-packages/airflow/example_dags/example_branch_python_dop_operator_3.py
[2022-11-20T13:04:50.996+0000] {processor.py:756} INFO - Processing file /home/airflow/.local/lib/python3.7/site-packages/airflow/example_dags/example_branch_python_dop_operator_3.py for tasks to queue
[2022-11-20T13:04:50.996+0000] {logging_mixin.py:120} INFO - [2022-11-20T13:04:50.996+0000] {dagbag.py:537} INFO - Filling up the DagBag from /home/airflow/.local/lib/python3.7/site-packages/airflow/example_dags/example_branch_python_dop_operator_3.py
[2022-11-20T13:04:51.008+0000] {processor.py:766} INFO - DAG(s) dict_keys(['example_branch_dop_operator_v3']) retrieved from /home/airflow/.local/lib/python3.7/site-packages/airflow/example_dags/example_branch_python_dop_operator_3.py
[2022-11-20T13:04:51.029+0000] {logging_mixin.py:120} INFO - [2022-11-20T13:04:51.029+0000] {dag.py:2585} INFO - Sync 1 DAGs
[2022-11-20T13:04:51.043+0000] {logging_mixin.py:120} INFO - [2022-11-20T13:04:51.043+0000] {dag.py:3340} INFO - Setting next_dagrun for example_branch_dop_operator_v3 to 2022-11-20T13:03:00+00:00, run_after=2022-11-20T13:04:00+00:00
[2022-11-20T13:04:51.053+0000] {processor.py:176} INFO - Processing /home/airflow/.local/lib/python3.7/site-packages/airflow/example_dags/example_branch_python_dop_operator_3.py took 0.060 seconds
[2022-11-20T13:05:21.963+0000] {processor.py:154} INFO - Started process (PID=875) to work on /home/airflow/.local/lib/python3.7/site-packages/airflow/example_dags/example_branch_python_dop_operator_3.py
[2022-11-20T13:05:21.963+0000] {processor.py:756} INFO - Processing file /home/airflow/.local/lib/python3.7/site-packages/airflow/example_dags/example_branch_python_dop_operator_3.py for tasks to queue
[2022-11-20T13:05:21.964+0000] {logging_mixin.py:120} INFO - [2022-11-20T13:05:21.964+0000] {dagbag.py:537} INFO - Filling up the DagBag from /home/airflow/.local/lib/python3.7/site-packages/airflow/example_dags/example_branch_python_dop_operator_3.py
[2022-11-20T13:05:21.976+0000] {processor.py:766} INFO - DAG(s) dict_keys(['example_branch_dop_operator_v3']) retrieved from /home/airflow/.local/lib/python3.7/site-packages/airflow/example_dags/example_branch_python_dop_operator_3.py
[2022-11-20T13:05:21.997+0000] {logging_mixin.py:120} INFO - [2022-11-20T13:05:21.997+0000] {dag.py:2585} INFO - Sync 1 DAGs
[2022-11-20T13:05:22.011+0000] {logging_mixin.py:120} INFO - [2022-11-20T13:05:22.011+0000] {dag.py:3340} INFO - Setting next_dagrun for example_branch_dop_operator_v3 to 2022-11-20T13:04:00+00:00, run_after=2022-11-20T13:05:00+00:00
[2022-11-20T13:05:22.020+0000] {processor.py:176} INFO - Processing /home/airflow/.local/lib/python3.7/site-packages/airflow/example_dags/example_branch_python_dop_operator_3.py took 0.059 seconds
[2022-11-20T13:05:52.664+0000] {processor.py:154} INFO - Started process (PID=940) to work on /home/airflow/.local/lib/python3.7/site-packages/airflow/example_dags/example_branch_python_dop_operator_3.py
[2022-11-20T13:05:52.665+0000] {processor.py:756} INFO - Processing file /home/airflow/.local/lib/python3.7/site-packages/airflow/example_dags/example_branch_python_dop_operator_3.py for tasks to queue
[2022-11-20T13:05:52.666+0000] {logging_mixin.py:120} INFO - [2022-11-20T13:05:52.665+0000] {dagbag.py:537} INFO - Filling up the DagBag from /home/airflow/.local/lib/python3.7/site-packages/airflow/example_dags/example_branch_python_dop_operator_3.py
[2022-11-20T13:05:52.678+0000] {processor.py:766} INFO - DAG(s) dict_keys(['example_branch_dop_operator_v3']) retrieved from /home/airflow/.local/lib/python3.7/site-packages/airflow/example_dags/example_branch_python_dop_operator_3.py
[2022-11-20T13:05:52.704+0000] {logging_mixin.py:120} INFO - [2022-11-20T13:05:52.704+0000] {dag.py:2585} INFO - Sync 1 DAGs
[2022-11-20T13:05:52.728+0000] {logging_mixin.py:120} INFO - [2022-11-20T13:05:52.727+0000] {dag.py:3340} INFO - Setting next_dagrun for example_branch_dop_operator_v3 to 2022-11-20T13:04:00+00:00, run_after=2022-11-20T13:05:00+00:00
[2022-11-20T13:05:52.736+0000] {processor.py:176} INFO - Processing /home/airflow/.local/lib/python3.7/site-packages/airflow/example_dags/example_branch_python_dop_operator_3.py took 0.074 seconds
[2022-11-20T13:06:23.533+0000] {processor.py:154} INFO - Started process (PID=998) to work on /home/airflow/.local/lib/python3.7/site-packages/airflow/example_dags/example_branch_python_dop_operator_3.py
[2022-11-20T13:06:23.534+0000] {processor.py:756} INFO - Processing file /home/airflow/.local/lib/python3.7/site-packages/airflow/example_dags/example_branch_python_dop_operator_3.py for tasks to queue
[2022-11-20T13:06:23.534+0000] {logging_mixin.py:120} INFO - [2022-11-20T13:06:23.534+0000] {dagbag.py:537} INFO - Filling up the DagBag from /home/airflow/.local/lib/python3.7/site-packages/airflow/example_dags/example_branch_python_dop_operator_3.py
[2022-11-20T13:06:23.545+0000] {processor.py:766} INFO - DAG(s) dict_keys(['example_branch_dop_operator_v3']) retrieved from /home/airflow/.local/lib/python3.7/site-packages/airflow/example_dags/example_branch_python_dop_operator_3.py
[2022-11-20T13:06:23.567+0000] {logging_mixin.py:120} INFO - [2022-11-20T13:06:23.567+0000] {dag.py:2585} INFO - Sync 1 DAGs
[2022-11-20T13:06:23.581+0000] {logging_mixin.py:120} INFO - [2022-11-20T13:06:23.581+0000] {dag.py:3340} INFO - Setting next_dagrun for example_branch_dop_operator_v3 to 2022-11-20T13:05:00+00:00, run_after=2022-11-20T13:06:00+00:00
[2022-11-20T13:06:23.590+0000] {processor.py:176} INFO - Processing /home/airflow/.local/lib/python3.7/site-packages/airflow/example_dags/example_branch_python_dop_operator_3.py took 0.059 seconds
[2022-11-20T13:06:53.916+0000] {processor.py:154} INFO - Started process (PID=1066) to work on /home/airflow/.local/lib/python3.7/site-packages/airflow/example_dags/example_branch_python_dop_operator_3.py
[2022-11-20T13:06:53.917+0000] {processor.py:756} INFO - Processing file /home/airflow/.local/lib/python3.7/site-packages/airflow/example_dags/example_branch_python_dop_operator_3.py for tasks to queue
[2022-11-20T13:06:53.917+0000] {logging_mixin.py:120} INFO - [2022-11-20T13:06:53.917+0000] {dagbag.py:537} INFO - Filling up the DagBag from /home/airflow/.local/lib/python3.7/site-packages/airflow/example_dags/example_branch_python_dop_operator_3.py
[2022-11-20T13:06:53.929+0000] {processor.py:766} INFO - DAG(s) dict_keys(['example_branch_dop_operator_v3']) retrieved from /home/airflow/.local/lib/python3.7/site-packages/airflow/example_dags/example_branch_python_dop_operator_3.py
[2022-11-20T13:06:53.951+0000] {logging_mixin.py:120} INFO - [2022-11-20T13:06:53.950+0000] {dag.py:2585} INFO - Sync 1 DAGs
[2022-11-20T13:06:53.965+0000] {logging_mixin.py:120} INFO - [2022-11-20T13:06:53.965+0000] {dag.py:3340} INFO - Setting next_dagrun for example_branch_dop_operator_v3 to 2022-11-20T13:05:00+00:00, run_after=2022-11-20T13:06:00+00:00
[2022-11-20T13:06:53.979+0000] {processor.py:176} INFO - Processing /home/airflow/.local/lib/python3.7/site-packages/airflow/example_dags/example_branch_python_dop_operator_3.py took 0.064 seconds
[2022-11-20T13:18:24.107+0000] {processor.py:154} INFO - Started process (PID=1111) to work on /home/airflow/.local/lib/python3.7/site-packages/airflow/example_dags/example_branch_python_dop_operator_3.py
[2022-11-20T13:18:24.108+0000] {processor.py:756} INFO - Processing file /home/airflow/.local/lib/python3.7/site-packages/airflow/example_dags/example_branch_python_dop_operator_3.py for tasks to queue
[2022-11-20T13:18:24.108+0000] {logging_mixin.py:120} INFO - [2022-11-20T13:18:24.108+0000] {dagbag.py:537} INFO - Filling up the DagBag from /home/airflow/.local/lib/python3.7/site-packages/airflow/example_dags/example_branch_python_dop_operator_3.py
[2022-11-20T13:18:24.133+0000] {processor.py:766} INFO - DAG(s) dict_keys(['example_branch_dop_operator_v3']) retrieved from /home/airflow/.local/lib/python3.7/site-packages/airflow/example_dags/example_branch_python_dop_operator_3.py
[2022-11-20T13:18:24.169+0000] {logging_mixin.py:120} INFO - [2022-11-20T13:18:24.169+0000] {dag.py:2585} INFO - Sync 1 DAGs
[2022-11-20T13:18:24.194+0000] {logging_mixin.py:120} INFO - [2022-11-20T13:18:24.194+0000] {dag.py:3340} INFO - Setting next_dagrun for example_branch_dop_operator_v3 to 2022-11-20T13:17:00+00:00, run_after=2022-11-20T13:18:00+00:00
[2022-11-20T13:18:24.217+0000] {processor.py:176} INFO - Processing /home/airflow/.local/lib/python3.7/site-packages/airflow/example_dags/example_branch_python_dop_operator_3.py took 0.112 seconds
[2022-11-20T13:18:54.310+0000] {processor.py:154} INFO - Started process (PID=1178) to work on /home/airflow/.local/lib/python3.7/site-packages/airflow/example_dags/example_branch_python_dop_operator_3.py
[2022-11-20T13:18:54.311+0000] {processor.py:756} INFO - Processing file /home/airflow/.local/lib/python3.7/site-packages/airflow/example_dags/example_branch_python_dop_operator_3.py for tasks to queue
[2022-11-20T13:18:54.311+0000] {logging_mixin.py:120} INFO - [2022-11-20T13:18:54.311+0000] {dagbag.py:537} INFO - Filling up the DagBag from /home/airflow/.local/lib/python3.7/site-packages/airflow/example_dags/example_branch_python_dop_operator_3.py
[2022-11-20T13:18:54.322+0000] {processor.py:766} INFO - DAG(s) dict_keys(['example_branch_dop_operator_v3']) retrieved from /home/airflow/.local/lib/python3.7/site-packages/airflow/example_dags/example_branch_python_dop_operator_3.py
[2022-11-20T13:18:54.342+0000] {logging_mixin.py:120} INFO - [2022-11-20T13:18:54.342+0000] {dag.py:2585} INFO - Sync 1 DAGs
[2022-11-20T13:18:54.355+0000] {logging_mixin.py:120} INFO - [2022-11-20T13:18:54.355+0000] {dag.py:3340} INFO - Setting next_dagrun for example_branch_dop_operator_v3 to 2022-11-20T13:17:00+00:00, run_after=2022-11-20T13:18:00+00:00
[2022-11-20T13:18:54.363+0000] {processor.py:176} INFO - Processing /home/airflow/.local/lib/python3.7/site-packages/airflow/example_dags/example_branch_python_dop_operator_3.py took 0.055 seconds
[2022-11-20T13:19:25.372+0000] {processor.py:154} INFO - Started process (PID=1245) to work on /home/airflow/.local/lib/python3.7/site-packages/airflow/example_dags/example_branch_python_dop_operator_3.py
[2022-11-20T13:19:25.372+0000] {processor.py:756} INFO - Processing file /home/airflow/.local/lib/python3.7/site-packages/airflow/example_dags/example_branch_python_dop_operator_3.py for tasks to queue
[2022-11-20T13:19:25.373+0000] {logging_mixin.py:120} INFO - [2022-11-20T13:19:25.373+0000] {dagbag.py:537} INFO - Filling up the DagBag from /home/airflow/.local/lib/python3.7/site-packages/airflow/example_dags/example_branch_python_dop_operator_3.py
[2022-11-20T13:19:25.387+0000] {processor.py:766} INFO - DAG(s) dict_keys(['example_branch_dop_operator_v3']) retrieved from /home/airflow/.local/lib/python3.7/site-packages/airflow/example_dags/example_branch_python_dop_operator_3.py
[2022-11-20T13:19:25.410+0000] {logging_mixin.py:120} INFO - [2022-11-20T13:19:25.410+0000] {dag.py:2585} INFO - Sync 1 DAGs
[2022-11-20T13:19:25.425+0000] {logging_mixin.py:120} INFO - [2022-11-20T13:19:25.425+0000] {dag.py:3340} INFO - Setting next_dagrun for example_branch_dop_operator_v3 to 2022-11-20T13:18:00+00:00, run_after=2022-11-20T13:19:00+00:00
[2022-11-20T13:19:25.436+0000] {processor.py:176} INFO - Processing /home/airflow/.local/lib/python3.7/site-packages/airflow/example_dags/example_branch_python_dop_operator_3.py took 0.066 seconds
[2022-11-20T13:19:56.233+0000] {processor.py:154} INFO - Started process (PID=1314) to work on /home/airflow/.local/lib/python3.7/site-packages/airflow/example_dags/example_branch_python_dop_operator_3.py
[2022-11-20T13:19:56.234+0000] {processor.py:756} INFO - Processing file /home/airflow/.local/lib/python3.7/site-packages/airflow/example_dags/example_branch_python_dop_operator_3.py for tasks to queue
[2022-11-20T13:19:56.234+0000] {logging_mixin.py:120} INFO - [2022-11-20T13:19:56.234+0000] {dagbag.py:537} INFO - Filling up the DagBag from /home/airflow/.local/lib/python3.7/site-packages/airflow/example_dags/example_branch_python_dop_operator_3.py
[2022-11-20T13:19:56.246+0000] {processor.py:766} INFO - DAG(s) dict_keys(['example_branch_dop_operator_v3']) retrieved from /home/airflow/.local/lib/python3.7/site-packages/airflow/example_dags/example_branch_python_dop_operator_3.py
[2022-11-20T13:19:56.273+0000] {logging_mixin.py:120} INFO - [2022-11-20T13:19:56.273+0000] {dag.py:2585} INFO - Sync 1 DAGs
[2022-11-20T13:19:56.287+0000] {logging_mixin.py:120} INFO - [2022-11-20T13:19:56.287+0000] {dag.py:3340} INFO - Setting next_dagrun for example_branch_dop_operator_v3 to 2022-11-20T13:18:00+00:00, run_after=2022-11-20T13:19:00+00:00
[2022-11-20T13:19:56.300+0000] {processor.py:176} INFO - Processing /home/airflow/.local/lib/python3.7/site-packages/airflow/example_dags/example_branch_python_dop_operator_3.py took 0.069 seconds
[2022-11-20T13:20:27.363+0000] {processor.py:154} INFO - Started process (PID=1372) to work on /home/airflow/.local/lib/python3.7/site-packages/airflow/example_dags/example_branch_python_dop_operator_3.py
[2022-11-20T13:20:27.363+0000] {processor.py:756} INFO - Processing file /home/airflow/.local/lib/python3.7/site-packages/airflow/example_dags/example_branch_python_dop_operator_3.py for tasks to queue
[2022-11-20T13:20:27.364+0000] {logging_mixin.py:120} INFO - [2022-11-20T13:20:27.364+0000] {dagbag.py:537} INFO - Filling up the DagBag from /home/airflow/.local/lib/python3.7/site-packages/airflow/example_dags/example_branch_python_dop_operator_3.py
[2022-11-20T13:20:27.375+0000] {processor.py:766} INFO - DAG(s) dict_keys(['example_branch_dop_operator_v3']) retrieved from /home/airflow/.local/lib/python3.7/site-packages/airflow/example_dags/example_branch_python_dop_operator_3.py
[2022-11-20T13:20:27.396+0000] {logging_mixin.py:120} INFO - [2022-11-20T13:20:27.396+0000] {dag.py:2585} INFO - Sync 1 DAGs
[2022-11-20T13:20:27.411+0000] {logging_mixin.py:120} INFO - [2022-11-20T13:20:27.411+0000] {dag.py:3340} INFO - Setting next_dagrun for example_branch_dop_operator_v3 to 2022-11-20T13:19:00+00:00, run_after=2022-11-20T13:20:00+00:00
[2022-11-20T13:20:27.422+0000] {processor.py:176} INFO - Processing /home/airflow/.local/lib/python3.7/site-packages/airflow/example_dags/example_branch_python_dop_operator_3.py took 0.061 seconds
[2022-11-20T13:20:58.349+0000] {processor.py:154} INFO - Started process (PID=1439) to work on /home/airflow/.local/lib/python3.7/site-packages/airflow/example_dags/example_branch_python_dop_operator_3.py
[2022-11-20T13:20:58.349+0000] {processor.py:756} INFO - Processing file /home/airflow/.local/lib/python3.7/site-packages/airflow/example_dags/example_branch_python_dop_operator_3.py for tasks to queue
[2022-11-20T13:20:58.349+0000] {logging_mixin.py:120} INFO - [2022-11-20T13:20:58.349+0000] {dagbag.py:537} INFO - Filling up the DagBag from /home/airflow/.local/lib/python3.7/site-packages/airflow/example_dags/example_branch_python_dop_operator_3.py
[2022-11-20T13:20:58.362+0000] {processor.py:766} INFO - DAG(s) dict_keys(['example_branch_dop_operator_v3']) retrieved from /home/airflow/.local/lib/python3.7/site-packages/airflow/example_dags/example_branch_python_dop_operator_3.py
[2022-11-20T13:20:58.385+0000] {logging_mixin.py:120} INFO - [2022-11-20T13:20:58.385+0000] {dag.py:2585} INFO - Sync 1 DAGs
[2022-11-20T13:20:58.401+0000] {logging_mixin.py:120} INFO - [2022-11-20T13:20:58.401+0000] {dag.py:3340} INFO - Setting next_dagrun for example_branch_dop_operator_v3 to 2022-11-20T13:19:00+00:00, run_after=2022-11-20T13:20:00+00:00
[2022-11-20T13:20:58.412+0000] {processor.py:176} INFO - Processing /home/airflow/.local/lib/python3.7/site-packages/airflow/example_dags/example_branch_python_dop_operator_3.py took 0.065 seconds
[2022-11-20T13:21:29.341+0000] {processor.py:154} INFO - Started process (PID=1507) to work on /home/airflow/.local/lib/python3.7/site-packages/airflow/example_dags/example_branch_python_dop_operator_3.py
[2022-11-20T13:21:29.342+0000] {processor.py:756} INFO - Processing file /home/airflow/.local/lib/python3.7/site-packages/airflow/example_dags/example_branch_python_dop_operator_3.py for tasks to queue
[2022-11-20T13:21:29.342+0000] {logging_mixin.py:120} INFO - [2022-11-20T13:21:29.342+0000] {dagbag.py:537} INFO - Filling up the DagBag from /home/airflow/.local/lib/python3.7/site-packages/airflow/example_dags/example_branch_python_dop_operator_3.py
[2022-11-20T13:21:29.355+0000] {processor.py:766} INFO - DAG(s) dict_keys(['example_branch_dop_operator_v3']) retrieved from /home/airflow/.local/lib/python3.7/site-packages/airflow/example_dags/example_branch_python_dop_operator_3.py
[2022-11-20T13:21:29.379+0000] {logging_mixin.py:120} INFO - [2022-11-20T13:21:29.379+0000] {dag.py:2585} INFO - Sync 1 DAGs
[2022-11-20T13:21:29.393+0000] {logging_mixin.py:120} INFO - [2022-11-20T13:21:29.393+0000] {dag.py:3340} INFO - Setting next_dagrun for example_branch_dop_operator_v3 to 2022-11-20T13:20:00+00:00, run_after=2022-11-20T13:21:00+00:00
[2022-11-20T13:21:29.405+0000] {processor.py:176} INFO - Processing /home/airflow/.local/lib/python3.7/site-packages/airflow/example_dags/example_branch_python_dop_operator_3.py took 0.065 seconds
[2022-11-20T13:22:00.269+0000] {processor.py:154} INFO - Started process (PID=1572) to work on /home/airflow/.local/lib/python3.7/site-packages/airflow/example_dags/example_branch_python_dop_operator_3.py
[2022-11-20T13:22:00.270+0000] {processor.py:756} INFO - Processing file /home/airflow/.local/lib/python3.7/site-packages/airflow/example_dags/example_branch_python_dop_operator_3.py for tasks to queue
[2022-11-20T13:22:00.270+0000] {logging_mixin.py:120} INFO - [2022-11-20T13:22:00.270+0000] {dagbag.py:537} INFO - Filling up the DagBag from /home/airflow/.local/lib/python3.7/site-packages/airflow/example_dags/example_branch_python_dop_operator_3.py
[2022-11-20T13:22:00.281+0000] {processor.py:766} INFO - DAG(s) dict_keys(['example_branch_dop_operator_v3']) retrieved from /home/airflow/.local/lib/python3.7/site-packages/airflow/example_dags/example_branch_python_dop_operator_3.py
[2022-11-20T13:22:00.302+0000] {logging_mixin.py:120} INFO - [2022-11-20T13:22:00.302+0000] {dag.py:2585} INFO - Sync 1 DAGs
[2022-11-20T13:22:00.317+0000] {logging_mixin.py:120} INFO - [2022-11-20T13:22:00.317+0000] {dag.py:3340} INFO - Setting next_dagrun for example_branch_dop_operator_v3 to 2022-11-20T13:21:00+00:00, run_after=2022-11-20T13:22:00+00:00
[2022-11-20T13:22:00.329+0000] {processor.py:176} INFO - Processing /home/airflow/.local/lib/python3.7/site-packages/airflow/example_dags/example_branch_python_dop_operator_3.py took 0.061 seconds
[2022-11-20T13:22:31.537+0000] {processor.py:154} INFO - Started process (PID=1642) to work on /home/airflow/.local/lib/python3.7/site-packages/airflow/example_dags/example_branch_python_dop_operator_3.py
[2022-11-20T13:22:31.537+0000] {processor.py:756} INFO - Processing file /home/airflow/.local/lib/python3.7/site-packages/airflow/example_dags/example_branch_python_dop_operator_3.py for tasks to queue
[2022-11-20T13:22:31.538+0000] {logging_mixin.py:120} INFO - [2022-11-20T13:22:31.538+0000] {dagbag.py:537} INFO - Filling up the DagBag from /home/airflow/.local/lib/python3.7/site-packages/airflow/example_dags/example_branch_python_dop_operator_3.py
[2022-11-20T13:22:31.551+0000] {processor.py:766} INFO - DAG(s) dict_keys(['example_branch_dop_operator_v3']) retrieved from /home/airflow/.local/lib/python3.7/site-packages/airflow/example_dags/example_branch_python_dop_operator_3.py
[2022-11-20T13:22:31.580+0000] {logging_mixin.py:120} INFO - [2022-11-20T13:22:31.580+0000] {dag.py:2585} INFO - Sync 1 DAGs
[2022-11-20T13:22:31.601+0000] {logging_mixin.py:120} INFO - [2022-11-20T13:22:31.601+0000] {dag.py:3340} INFO - Setting next_dagrun for example_branch_dop_operator_v3 to 2022-11-20T13:21:00+00:00, run_after=2022-11-20T13:22:00+00:00
[2022-11-20T13:22:31.614+0000] {processor.py:176} INFO - Processing /home/airflow/.local/lib/python3.7/site-packages/airflow/example_dags/example_branch_python_dop_operator_3.py took 0.079 seconds
[2022-11-20T13:23:02.737+0000] {processor.py:154} INFO - Started process (PID=1709) to work on /home/airflow/.local/lib/python3.7/site-packages/airflow/example_dags/example_branch_python_dop_operator_3.py
[2022-11-20T13:23:02.738+0000] {processor.py:756} INFO - Processing file /home/airflow/.local/lib/python3.7/site-packages/airflow/example_dags/example_branch_python_dop_operator_3.py for tasks to queue
[2022-11-20T13:23:02.739+0000] {logging_mixin.py:120} INFO - [2022-11-20T13:23:02.739+0000] {dagbag.py:537} INFO - Filling up the DagBag from /home/airflow/.local/lib/python3.7/site-packages/airflow/example_dags/example_branch_python_dop_operator_3.py
[2022-11-20T13:23:02.752+0000] {processor.py:766} INFO - DAG(s) dict_keys(['example_branch_dop_operator_v3']) retrieved from /home/airflow/.local/lib/python3.7/site-packages/airflow/example_dags/example_branch_python_dop_operator_3.py
[2022-11-20T13:23:02.775+0000] {logging_mixin.py:120} INFO - [2022-11-20T13:23:02.775+0000] {dag.py:2585} INFO - Sync 1 DAGs
[2022-11-20T13:23:02.790+0000] {logging_mixin.py:120} INFO - [2022-11-20T13:23:02.790+0000] {dag.py:3340} INFO - Setting next_dagrun for example_branch_dop_operator_v3 to 2022-11-20T13:22:00+00:00, run_after=2022-11-20T13:23:00+00:00
[2022-11-20T13:23:02.802+0000] {processor.py:176} INFO - Processing /home/airflow/.local/lib/python3.7/site-packages/airflow/example_dags/example_branch_python_dop_operator_3.py took 0.067 seconds
[2022-11-20T13:23:32.926+0000] {processor.py:154} INFO - Started process (PID=1779) to work on /home/airflow/.local/lib/python3.7/site-packages/airflow/example_dags/example_branch_python_dop_operator_3.py
[2022-11-20T13:23:32.927+0000] {processor.py:756} INFO - Processing file /home/airflow/.local/lib/python3.7/site-packages/airflow/example_dags/example_branch_python_dop_operator_3.py for tasks to queue
[2022-11-20T13:23:32.928+0000] {logging_mixin.py:120} INFO - [2022-11-20T13:23:32.927+0000] {dagbag.py:537} INFO - Filling up the DagBag from /home/airflow/.local/lib/python3.7/site-packages/airflow/example_dags/example_branch_python_dop_operator_3.py
[2022-11-20T13:23:32.941+0000] {processor.py:766} INFO - DAG(s) dict_keys(['example_branch_dop_operator_v3']) retrieved from /home/airflow/.local/lib/python3.7/site-packages/airflow/example_dags/example_branch_python_dop_operator_3.py
[2022-11-20T13:23:33.021+0000] {logging_mixin.py:120} INFO - [2022-11-20T13:23:33.021+0000] {dag.py:2585} INFO - Sync 1 DAGs
[2022-11-20T13:23:33.035+0000] {logging_mixin.py:120} INFO - [2022-11-20T13:23:33.035+0000] {dag.py:3340} INFO - Setting next_dagrun for example_branch_dop_operator_v3 to 2022-11-20T13:22:00+00:00, run_after=2022-11-20T13:23:00+00:00
[2022-11-20T13:23:33.044+0000] {processor.py:176} INFO - Processing /home/airflow/.local/lib/python3.7/site-packages/airflow/example_dags/example_branch_python_dop_operator_3.py took 0.120 seconds
[2022-11-20T13:24:03.116+0000] {processor.py:154} INFO - Started process (PID=1838) to work on /home/airflow/.local/lib/python3.7/site-packages/airflow/example_dags/example_branch_python_dop_operator_3.py
[2022-11-20T13:24:03.117+0000] {processor.py:756} INFO - Processing file /home/airflow/.local/lib/python3.7/site-packages/airflow/example_dags/example_branch_python_dop_operator_3.py for tasks to queue
[2022-11-20T13:24:03.117+0000] {logging_mixin.py:120} INFO - [2022-11-20T13:24:03.117+0000] {dagbag.py:537} INFO - Filling up the DagBag from /home/airflow/.local/lib/python3.7/site-packages/airflow/example_dags/example_branch_python_dop_operator_3.py
[2022-11-20T13:24:03.129+0000] {processor.py:766} INFO - DAG(s) dict_keys(['example_branch_dop_operator_v3']) retrieved from /home/airflow/.local/lib/python3.7/site-packages/airflow/example_dags/example_branch_python_dop_operator_3.py
[2022-11-20T13:24:03.149+0000] {logging_mixin.py:120} INFO - [2022-11-20T13:24:03.149+0000] {dag.py:2585} INFO - Sync 1 DAGs
[2022-11-20T13:24:03.162+0000] {logging_mixin.py:120} INFO - [2022-11-20T13:24:03.162+0000] {dag.py:3340} INFO - Setting next_dagrun for example_branch_dop_operator_v3 to 2022-11-20T13:23:00+00:00, run_after=2022-11-20T13:24:00+00:00
[2022-11-20T13:24:03.173+0000] {processor.py:176} INFO - Processing /home/airflow/.local/lib/python3.7/site-packages/airflow/example_dags/example_branch_python_dop_operator_3.py took 0.058 seconds
[2022-11-20T13:24:34.013+0000] {processor.py:154} INFO - Started process (PID=1907) to work on /home/airflow/.local/lib/python3.7/site-packages/airflow/example_dags/example_branch_python_dop_operator_3.py
[2022-11-20T13:24:34.014+0000] {processor.py:756} INFO - Processing file /home/airflow/.local/lib/python3.7/site-packages/airflow/example_dags/example_branch_python_dop_operator_3.py for tasks to queue
[2022-11-20T13:24:34.015+0000] {logging_mixin.py:120} INFO - [2022-11-20T13:24:34.014+0000] {dagbag.py:537} INFO - Filling up the DagBag from /home/airflow/.local/lib/python3.7/site-packages/airflow/example_dags/example_branch_python_dop_operator_3.py
[2022-11-20T13:24:34.026+0000] {processor.py:766} INFO - DAG(s) dict_keys(['example_branch_dop_operator_v3']) retrieved from /home/airflow/.local/lib/python3.7/site-packages/airflow/example_dags/example_branch_python_dop_operator_3.py
[2022-11-20T13:24:34.046+0000] {logging_mixin.py:120} INFO - [2022-11-20T13:24:34.046+0000] {dag.py:2585} INFO - Sync 1 DAGs
[2022-11-20T13:24:34.061+0000] {logging_mixin.py:120} INFO - [2022-11-20T13:24:34.061+0000] {dag.py:3340} INFO - Setting next_dagrun for example_branch_dop_operator_v3 to 2022-11-20T13:23:00+00:00, run_after=2022-11-20T13:24:00+00:00
[2022-11-20T13:24:34.071+0000] {processor.py:176} INFO - Processing /home/airflow/.local/lib/python3.7/site-packages/airflow/example_dags/example_branch_python_dop_operator_3.py took 0.059 seconds
[2022-11-20T13:25:04.928+0000] {processor.py:154} INFO - Started process (PID=1975) to work on /home/airflow/.local/lib/python3.7/site-packages/airflow/example_dags/example_branch_python_dop_operator_3.py
[2022-11-20T13:25:04.929+0000] {processor.py:756} INFO - Processing file /home/airflow/.local/lib/python3.7/site-packages/airflow/example_dags/example_branch_python_dop_operator_3.py for tasks to queue
[2022-11-20T13:25:04.929+0000] {logging_mixin.py:120} INFO - [2022-11-20T13:25:04.929+0000] {dagbag.py:537} INFO - Filling up the DagBag from /home/airflow/.local/lib/python3.7/site-packages/airflow/example_dags/example_branch_python_dop_operator_3.py
[2022-11-20T13:25:04.941+0000] {processor.py:766} INFO - DAG(s) dict_keys(['example_branch_dop_operator_v3']) retrieved from /home/airflow/.local/lib/python3.7/site-packages/airflow/example_dags/example_branch_python_dop_operator_3.py
[2022-11-20T13:25:04.961+0000] {logging_mixin.py:120} INFO - [2022-11-20T13:25:04.960+0000] {dag.py:2585} INFO - Sync 1 DAGs
[2022-11-20T13:25:04.974+0000] {logging_mixin.py:120} INFO - [2022-11-20T13:25:04.974+0000] {dag.py:3340} INFO - Setting next_dagrun for example_branch_dop_operator_v3 to 2022-11-20T13:24:00+00:00, run_after=2022-11-20T13:25:00+00:00
[2022-11-20T13:25:04.985+0000] {processor.py:176} INFO - Processing /home/airflow/.local/lib/python3.7/site-packages/airflow/example_dags/example_branch_python_dop_operator_3.py took 0.058 seconds
[2022-11-20T13:25:35.627+0000] {processor.py:154} INFO - Started process (PID=2046) to work on /home/airflow/.local/lib/python3.7/site-packages/airflow/example_dags/example_branch_python_dop_operator_3.py
[2022-11-20T13:25:35.627+0000] {processor.py:756} INFO - Processing file /home/airflow/.local/lib/python3.7/site-packages/airflow/example_dags/example_branch_python_dop_operator_3.py for tasks to queue
[2022-11-20T13:25:35.627+0000] {logging_mixin.py:120} INFO - [2022-11-20T13:25:35.627+0000] {dagbag.py:537} INFO - Filling up the DagBag from /home/airflow/.local/lib/python3.7/site-packages/airflow/example_dags/example_branch_python_dop_operator_3.py
[2022-11-20T13:25:35.638+0000] {processor.py:766} INFO - DAG(s) dict_keys(['example_branch_dop_operator_v3']) retrieved from /home/airflow/.local/lib/python3.7/site-packages/airflow/example_dags/example_branch_python_dop_operator_3.py
[2022-11-20T13:25:35.658+0000] {logging_mixin.py:120} INFO - [2022-11-20T13:25:35.658+0000] {dag.py:2585} INFO - Sync 1 DAGs
[2022-11-20T13:25:35.672+0000] {logging_mixin.py:120} INFO - [2022-11-20T13:25:35.672+0000] {dag.py:3340} INFO - Setting next_dagrun for example_branch_dop_operator_v3 to 2022-11-20T13:24:00+00:00, run_after=2022-11-20T13:25:00+00:00
[2022-11-20T13:25:35.682+0000] {processor.py:176} INFO - Processing /home/airflow/.local/lib/python3.7/site-packages/airflow/example_dags/example_branch_python_dop_operator_3.py took 0.057 seconds
[2022-11-20T13:58:08.128+0000] {processor.py:154} INFO - Started process (PID=2094) to work on /home/airflow/.local/lib/python3.7/site-packages/airflow/example_dags/example_branch_python_dop_operator_3.py
[2022-11-20T13:58:08.129+0000] {processor.py:756} INFO - Processing file /home/airflow/.local/lib/python3.7/site-packages/airflow/example_dags/example_branch_python_dop_operator_3.py for tasks to queue
[2022-11-20T13:58:08.130+0000] {logging_mixin.py:120} INFO - [2022-11-20T13:58:08.130+0000] {dagbag.py:537} INFO - Filling up the DagBag from /home/airflow/.local/lib/python3.7/site-packages/airflow/example_dags/example_branch_python_dop_operator_3.py
[2022-11-20T13:58:08.144+0000] {processor.py:766} INFO - DAG(s) dict_keys(['example_branch_dop_operator_v3']) retrieved from /home/airflow/.local/lib/python3.7/site-packages/airflow/example_dags/example_branch_python_dop_operator_3.py
[2022-11-20T13:58:08.171+0000] {logging_mixin.py:120} INFO - [2022-11-20T13:58:08.171+0000] {dag.py:2585} INFO - Sync 1 DAGs
[2022-11-20T13:58:08.189+0000] {logging_mixin.py:120} INFO - [2022-11-20T13:58:08.189+0000] {dag.py:3340} INFO - Setting next_dagrun for example_branch_dop_operator_v3 to 2022-11-20T13:57:00+00:00, run_after=2022-11-20T13:58:00+00:00
[2022-11-20T13:58:08.200+0000] {processor.py:176} INFO - Processing /home/airflow/.local/lib/python3.7/site-packages/airflow/example_dags/example_branch_python_dop_operator_3.py took 0.073 seconds
[2022-11-20T14:14:23.007+0000] {processor.py:154} INFO - Started process (PID=2144) to work on /home/airflow/.local/lib/python3.7/site-packages/airflow/example_dags/example_branch_python_dop_operator_3.py
[2022-11-20T14:14:23.007+0000] {processor.py:756} INFO - Processing file /home/airflow/.local/lib/python3.7/site-packages/airflow/example_dags/example_branch_python_dop_operator_3.py for tasks to queue
[2022-11-20T14:14:23.008+0000] {logging_mixin.py:120} INFO - [2022-11-20T14:14:23.008+0000] {dagbag.py:537} INFO - Filling up the DagBag from /home/airflow/.local/lib/python3.7/site-packages/airflow/example_dags/example_branch_python_dop_operator_3.py
[2022-11-20T14:14:23.019+0000] {processor.py:766} INFO - DAG(s) dict_keys(['example_branch_dop_operator_v3']) retrieved from /home/airflow/.local/lib/python3.7/site-packages/airflow/example_dags/example_branch_python_dop_operator_3.py
[2022-11-20T14:14:23.041+0000] {logging_mixin.py:120} INFO - [2022-11-20T14:14:23.041+0000] {dag.py:2585} INFO - Sync 1 DAGs
[2022-11-20T14:14:23.058+0000] {logging_mixin.py:120} INFO - [2022-11-20T14:14:23.058+0000] {dag.py:3340} INFO - Setting next_dagrun for example_branch_dop_operator_v3 to 2022-11-20T14:13:00+00:00, run_after=2022-11-20T14:14:00+00:00
[2022-11-20T14:14:23.068+0000] {processor.py:176} INFO - Processing /home/airflow/.local/lib/python3.7/site-packages/airflow/example_dags/example_branch_python_dop_operator_3.py took 0.063 seconds
[2022-11-20T14:44:49.120+0000] {processor.py:154} INFO - Started process (PID=2191) to work on /home/airflow/.local/lib/python3.7/site-packages/airflow/example_dags/example_branch_python_dop_operator_3.py
[2022-11-20T14:44:49.121+0000] {processor.py:756} INFO - Processing file /home/airflow/.local/lib/python3.7/site-packages/airflow/example_dags/example_branch_python_dop_operator_3.py for tasks to queue
[2022-11-20T14:44:49.122+0000] {logging_mixin.py:120} INFO - [2022-11-20T14:44:49.122+0000] {dagbag.py:537} INFO - Filling up the DagBag from /home/airflow/.local/lib/python3.7/site-packages/airflow/example_dags/example_branch_python_dop_operator_3.py
[2022-11-20T14:44:49.133+0000] {processor.py:766} INFO - DAG(s) dict_keys(['example_branch_dop_operator_v3']) retrieved from /home/airflow/.local/lib/python3.7/site-packages/airflow/example_dags/example_branch_python_dop_operator_3.py
[2022-11-20T14:44:49.153+0000] {logging_mixin.py:120} INFO - [2022-11-20T14:44:49.153+0000] {dag.py:2585} INFO - Sync 1 DAGs
[2022-11-20T14:44:49.167+0000] {logging_mixin.py:120} INFO - [2022-11-20T14:44:49.167+0000] {dag.py:3340} INFO - Setting next_dagrun for example_branch_dop_operator_v3 to 2022-11-20T14:43:00+00:00, run_after=2022-11-20T14:44:00+00:00
[2022-11-20T14:44:49.176+0000] {processor.py:176} INFO - Processing /home/airflow/.local/lib/python3.7/site-packages/airflow/example_dags/example_branch_python_dop_operator_3.py took 0.058 seconds
[2022-11-20T15:18:06.533+0000] {processor.py:154} INFO - Started process (PID=2238) to work on /home/airflow/.local/lib/python3.7/site-packages/airflow/example_dags/example_branch_python_dop_operator_3.py
[2022-11-20T15:18:06.533+0000] {processor.py:756} INFO - Processing file /home/airflow/.local/lib/python3.7/site-packages/airflow/example_dags/example_branch_python_dop_operator_3.py for tasks to queue
[2022-11-20T15:18:06.534+0000] {logging_mixin.py:120} INFO - [2022-11-20T15:18:06.534+0000] {dagbag.py:537} INFO - Filling up the DagBag from /home/airflow/.local/lib/python3.7/site-packages/airflow/example_dags/example_branch_python_dop_operator_3.py
[2022-11-20T15:18:06.549+0000] {processor.py:766} INFO - DAG(s) dict_keys(['example_branch_dop_operator_v3']) retrieved from /home/airflow/.local/lib/python3.7/site-packages/airflow/example_dags/example_branch_python_dop_operator_3.py
[2022-11-20T15:18:06.572+0000] {logging_mixin.py:120} INFO - [2022-11-20T15:18:06.572+0000] {dag.py:2585} INFO - Sync 1 DAGs
[2022-11-20T15:18:06.588+0000] {logging_mixin.py:120} INFO - [2022-11-20T15:18:06.588+0000] {dag.py:3340} INFO - Setting next_dagrun for example_branch_dop_operator_v3 to 2022-11-20T15:17:00+00:00, run_after=2022-11-20T15:18:00+00:00
[2022-11-20T15:18:06.601+0000] {processor.py:176} INFO - Processing /home/airflow/.local/lib/python3.7/site-packages/airflow/example_dags/example_branch_python_dop_operator_3.py took 0.069 seconds
[2022-11-20T15:39:04.321+0000] {processor.py:154} INFO - Started process (PID=2275) to work on /home/airflow/.local/lib/python3.7/site-packages/airflow/example_dags/example_branch_python_dop_operator_3.py
[2022-11-20T15:39:04.321+0000] {processor.py:756} INFO - Processing file /home/airflow/.local/lib/python3.7/site-packages/airflow/example_dags/example_branch_python_dop_operator_3.py for tasks to queue
[2022-11-20T15:39:04.322+0000] {logging_mixin.py:120} INFO - [2022-11-20T15:39:04.322+0000] {dagbag.py:537} INFO - Filling up the DagBag from /home/airflow/.local/lib/python3.7/site-packages/airflow/example_dags/example_branch_python_dop_operator_3.py
[2022-11-20T15:39:04.338+0000] {processor.py:766} INFO - DAG(s) dict_keys(['example_branch_dop_operator_v3']) retrieved from /home/airflow/.local/lib/python3.7/site-packages/airflow/example_dags/example_branch_python_dop_operator_3.py
[2022-11-20T15:39:04.358+0000] {logging_mixin.py:120} INFO - [2022-11-20T15:39:04.358+0000] {dag.py:2585} INFO - Sync 1 DAGs
[2022-11-20T15:39:04.372+0000] {logging_mixin.py:120} INFO - [2022-11-20T15:39:04.372+0000] {dag.py:3340} INFO - Setting next_dagrun for example_branch_dop_operator_v3 to 2022-11-20T15:38:00+00:00, run_after=2022-11-20T15:39:00+00:00
[2022-11-20T15:39:04.382+0000] {processor.py:176} INFO - Processing /home/airflow/.local/lib/python3.7/site-packages/airflow/example_dags/example_branch_python_dop_operator_3.py took 0.073 seconds
[2022-11-20T15:51:04.746+0000] {processor.py:154} INFO - Started process (PID=2321) to work on /home/airflow/.local/lib/python3.7/site-packages/airflow/example_dags/example_branch_python_dop_operator_3.py
[2022-11-20T15:51:04.751+0000] {processor.py:756} INFO - Processing file /home/airflow/.local/lib/python3.7/site-packages/airflow/example_dags/example_branch_python_dop_operator_3.py for tasks to queue
[2022-11-20T15:51:04.751+0000] {logging_mixin.py:120} INFO - [2022-11-20T15:51:04.751+0000] {dagbag.py:537} INFO - Filling up the DagBag from /home/airflow/.local/lib/python3.7/site-packages/airflow/example_dags/example_branch_python_dop_operator_3.py
[2022-11-20T15:51:04.764+0000] {processor.py:766} INFO - DAG(s) dict_keys(['example_branch_dop_operator_v3']) retrieved from /home/airflow/.local/lib/python3.7/site-packages/airflow/example_dags/example_branch_python_dop_operator_3.py
[2022-11-20T15:51:04.796+0000] {logging_mixin.py:120} INFO - [2022-11-20T15:51:04.796+0000] {dag.py:2585} INFO - Sync 1 DAGs
[2022-11-20T15:51:04.818+0000] {logging_mixin.py:120} INFO - [2022-11-20T15:51:04.818+0000] {dag.py:3340} INFO - Setting next_dagrun for example_branch_dop_operator_v3 to 2022-11-20T15:50:00+00:00, run_after=2022-11-20T15:51:00+00:00
[2022-11-20T15:51:04.837+0000] {processor.py:176} INFO - Processing /home/airflow/.local/lib/python3.7/site-packages/airflow/example_dags/example_branch_python_dop_operator_3.py took 0.093 seconds
[2022-11-20T16:06:46.320+0000] {processor.py:154} INFO - Started process (PID=2367) to work on /home/airflow/.local/lib/python3.7/site-packages/airflow/example_dags/example_branch_python_dop_operator_3.py
[2022-11-20T16:06:46.325+0000] {processor.py:756} INFO - Processing file /home/airflow/.local/lib/python3.7/site-packages/airflow/example_dags/example_branch_python_dop_operator_3.py for tasks to queue
[2022-11-20T16:06:46.325+0000] {logging_mixin.py:120} INFO - [2022-11-20T16:06:46.325+0000] {dagbag.py:537} INFO - Filling up the DagBag from /home/airflow/.local/lib/python3.7/site-packages/airflow/example_dags/example_branch_python_dop_operator_3.py
[2022-11-20T16:06:46.337+0000] {processor.py:766} INFO - DAG(s) dict_keys(['example_branch_dop_operator_v3']) retrieved from /home/airflow/.local/lib/python3.7/site-packages/airflow/example_dags/example_branch_python_dop_operator_3.py
[2022-11-20T16:06:46.371+0000] {logging_mixin.py:120} INFO - [2022-11-20T16:06:46.371+0000] {dag.py:2585} INFO - Sync 1 DAGs
[2022-11-20T16:06:46.391+0000] {logging_mixin.py:120} INFO - [2022-11-20T16:06:46.391+0000] {dag.py:3340} INFO - Setting next_dagrun for example_branch_dop_operator_v3 to 2022-11-20T16:05:00+00:00, run_after=2022-11-20T16:06:00+00:00
[2022-11-20T16:06:46.416+0000] {processor.py:176} INFO - Processing /home/airflow/.local/lib/python3.7/site-packages/airflow/example_dags/example_branch_python_dop_operator_3.py took 0.098 seconds
[2022-11-20T16:08:34.311+0000] {processor.py:154} INFO - Started process (PID=2418) to work on /home/airflow/.local/lib/python3.7/site-packages/airflow/example_dags/example_branch_python_dop_operator_3.py
[2022-11-20T16:08:34.312+0000] {processor.py:756} INFO - Processing file /home/airflow/.local/lib/python3.7/site-packages/airflow/example_dags/example_branch_python_dop_operator_3.py for tasks to queue
[2022-11-20T16:08:34.312+0000] {logging_mixin.py:120} INFO - [2022-11-20T16:08:34.312+0000] {dagbag.py:537} INFO - Filling up the DagBag from /home/airflow/.local/lib/python3.7/site-packages/airflow/example_dags/example_branch_python_dop_operator_3.py
[2022-11-20T16:08:34.326+0000] {processor.py:766} INFO - DAG(s) dict_keys(['example_branch_dop_operator_v3']) retrieved from /home/airflow/.local/lib/python3.7/site-packages/airflow/example_dags/example_branch_python_dop_operator_3.py
[2022-11-20T16:08:34.346+0000] {logging_mixin.py:120} INFO - [2022-11-20T16:08:34.346+0000] {dag.py:2585} INFO - Sync 1 DAGs
[2022-11-20T16:08:34.360+0000] {logging_mixin.py:120} INFO - [2022-11-20T16:08:34.360+0000] {dag.py:3340} INFO - Setting next_dagrun for example_branch_dop_operator_v3 to 2022-11-20T16:07:00+00:00, run_after=2022-11-20T16:08:00+00:00
[2022-11-20T16:08:34.371+0000] {processor.py:176} INFO - Processing /home/airflow/.local/lib/python3.7/site-packages/airflow/example_dags/example_branch_python_dop_operator_3.py took 0.061 seconds
[2022-11-20T16:28:00.324+0000] {processor.py:154} INFO - Started process (PID=2464) to work on /home/airflow/.local/lib/python3.7/site-packages/airflow/example_dags/example_branch_python_dop_operator_3.py
[2022-11-20T16:28:00.325+0000] {processor.py:756} INFO - Processing file /home/airflow/.local/lib/python3.7/site-packages/airflow/example_dags/example_branch_python_dop_operator_3.py for tasks to queue
[2022-11-20T16:28:00.325+0000] {logging_mixin.py:120} INFO - [2022-11-20T16:28:00.325+0000] {dagbag.py:537} INFO - Filling up the DagBag from /home/airflow/.local/lib/python3.7/site-packages/airflow/example_dags/example_branch_python_dop_operator_3.py
[2022-11-20T16:28:00.337+0000] {processor.py:766} INFO - DAG(s) dict_keys(['example_branch_dop_operator_v3']) retrieved from /home/airflow/.local/lib/python3.7/site-packages/airflow/example_dags/example_branch_python_dop_operator_3.py
[2022-11-20T16:28:00.356+0000] {logging_mixin.py:120} INFO - [2022-11-20T16:28:00.356+0000] {dag.py:2585} INFO - Sync 1 DAGs
[2022-11-20T16:28:00.369+0000] {logging_mixin.py:120} INFO - [2022-11-20T16:28:00.369+0000] {dag.py:3340} INFO - Setting next_dagrun for example_branch_dop_operator_v3 to 2022-11-20T16:27:00+00:00, run_after=2022-11-20T16:28:00+00:00
[2022-11-20T16:28:00.378+0000] {processor.py:176} INFO - Processing /home/airflow/.local/lib/python3.7/site-packages/airflow/example_dags/example_branch_python_dop_operator_3.py took 0.056 seconds
[2022-11-20T16:43:50.663+0000] {processor.py:154} INFO - Started process (PID=2513) to work on /home/airflow/.local/lib/python3.7/site-packages/airflow/example_dags/example_branch_python_dop_operator_3.py
[2022-11-20T16:43:50.663+0000] {processor.py:756} INFO - Processing file /home/airflow/.local/lib/python3.7/site-packages/airflow/example_dags/example_branch_python_dop_operator_3.py for tasks to queue
[2022-11-20T16:43:50.664+0000] {logging_mixin.py:120} INFO - [2022-11-20T16:43:50.663+0000] {dagbag.py:537} INFO - Filling up the DagBag from /home/airflow/.local/lib/python3.7/site-packages/airflow/example_dags/example_branch_python_dop_operator_3.py
[2022-11-20T16:43:50.675+0000] {processor.py:766} INFO - DAG(s) dict_keys(['example_branch_dop_operator_v3']) retrieved from /home/airflow/.local/lib/python3.7/site-packages/airflow/example_dags/example_branch_python_dop_operator_3.py
[2022-11-20T16:43:50.718+0000] {logging_mixin.py:120} INFO - [2022-11-20T16:43:50.718+0000] {dag.py:2585} INFO - Sync 1 DAGs
[2022-11-20T16:43:50.740+0000] {logging_mixin.py:120} INFO - [2022-11-20T16:43:50.740+0000] {dag.py:3340} INFO - Setting next_dagrun for example_branch_dop_operator_v3 to 2022-11-20T16:42:00+00:00, run_after=2022-11-20T16:43:00+00:00
[2022-11-20T16:43:50.765+0000] {processor.py:176} INFO - Processing /home/airflow/.local/lib/python3.7/site-packages/airflow/example_dags/example_branch_python_dop_operator_3.py took 0.104 seconds
[2022-11-20T17:17:44.249+0000] {processor.py:154} INFO - Started process (PID=2560) to work on /home/airflow/.local/lib/python3.7/site-packages/airflow/example_dags/example_branch_python_dop_operator_3.py
[2022-11-20T17:17:44.249+0000] {processor.py:756} INFO - Processing file /home/airflow/.local/lib/python3.7/site-packages/airflow/example_dags/example_branch_python_dop_operator_3.py for tasks to queue
[2022-11-20T17:17:44.250+0000] {logging_mixin.py:120} INFO - [2022-11-20T17:17:44.250+0000] {dagbag.py:537} INFO - Filling up the DagBag from /home/airflow/.local/lib/python3.7/site-packages/airflow/example_dags/example_branch_python_dop_operator_3.py
[2022-11-20T17:17:44.261+0000] {processor.py:766} INFO - DAG(s) dict_keys(['example_branch_dop_operator_v3']) retrieved from /home/airflow/.local/lib/python3.7/site-packages/airflow/example_dags/example_branch_python_dop_operator_3.py
[2022-11-20T17:17:44.280+0000] {logging_mixin.py:120} INFO - [2022-11-20T17:17:44.280+0000] {dag.py:2585} INFO - Sync 1 DAGs
[2022-11-20T17:17:44.293+0000] {logging_mixin.py:120} INFO - [2022-11-20T17:17:44.293+0000] {dag.py:3340} INFO - Setting next_dagrun for example_branch_dop_operator_v3 to 2022-11-20T17:16:00+00:00, run_after=2022-11-20T17:17:00+00:00
[2022-11-20T17:17:44.302+0000] {processor.py:176} INFO - Processing /home/airflow/.local/lib/python3.7/site-packages/airflow/example_dags/example_branch_python_dop_operator_3.py took 0.055 seconds
[2022-11-20T17:22:39.195+0000] {processor.py:154} INFO - Started process (PID=2607) to work on /home/airflow/.local/lib/python3.7/site-packages/airflow/example_dags/example_branch_python_dop_operator_3.py
[2022-11-20T17:22:39.196+0000] {processor.py:756} INFO - Processing file /home/airflow/.local/lib/python3.7/site-packages/airflow/example_dags/example_branch_python_dop_operator_3.py for tasks to queue
[2022-11-20T17:22:39.196+0000] {logging_mixin.py:120} INFO - [2022-11-20T17:22:39.196+0000] {dagbag.py:537} INFO - Filling up the DagBag from /home/airflow/.local/lib/python3.7/site-packages/airflow/example_dags/example_branch_python_dop_operator_3.py
[2022-11-20T17:22:39.211+0000] {processor.py:766} INFO - DAG(s) dict_keys(['example_branch_dop_operator_v3']) retrieved from /home/airflow/.local/lib/python3.7/site-packages/airflow/example_dags/example_branch_python_dop_operator_3.py
[2022-11-20T17:22:39.240+0000] {logging_mixin.py:120} INFO - [2022-11-20T17:22:39.239+0000] {dag.py:2585} INFO - Sync 1 DAGs
[2022-11-20T17:22:39.257+0000] {logging_mixin.py:120} INFO - [2022-11-20T17:22:39.256+0000] {dag.py:3340} INFO - Setting next_dagrun for example_branch_dop_operator_v3 to 2022-11-20T17:21:00+00:00, run_after=2022-11-20T17:22:00+00:00
[2022-11-20T17:22:39.267+0000] {processor.py:176} INFO - Processing /home/airflow/.local/lib/python3.7/site-packages/airflow/example_dags/example_branch_python_dop_operator_3.py took 0.074 seconds
[2022-11-20T17:23:10.169+0000] {processor.py:154} INFO - Started process (PID=2674) to work on /home/airflow/.local/lib/python3.7/site-packages/airflow/example_dags/example_branch_python_dop_operator_3.py
[2022-11-20T17:23:10.169+0000] {processor.py:756} INFO - Processing file /home/airflow/.local/lib/python3.7/site-packages/airflow/example_dags/example_branch_python_dop_operator_3.py for tasks to queue
[2022-11-20T17:23:10.170+0000] {logging_mixin.py:120} INFO - [2022-11-20T17:23:10.170+0000] {dagbag.py:537} INFO - Filling up the DagBag from /home/airflow/.local/lib/python3.7/site-packages/airflow/example_dags/example_branch_python_dop_operator_3.py
[2022-11-20T17:23:10.184+0000] {processor.py:766} INFO - DAG(s) dict_keys(['example_branch_dop_operator_v3']) retrieved from /home/airflow/.local/lib/python3.7/site-packages/airflow/example_dags/example_branch_python_dop_operator_3.py
[2022-11-20T17:23:10.209+0000] {logging_mixin.py:120} INFO - [2022-11-20T17:23:10.209+0000] {dag.py:2585} INFO - Sync 1 DAGs
[2022-11-20T17:23:10.225+0000] {logging_mixin.py:120} INFO - [2022-11-20T17:23:10.225+0000] {dag.py:3340} INFO - Setting next_dagrun for example_branch_dop_operator_v3 to 2022-11-20T17:22:00+00:00, run_after=2022-11-20T17:23:00+00:00
[2022-11-20T17:23:10.236+0000] {processor.py:176} INFO - Processing /home/airflow/.local/lib/python3.7/site-packages/airflow/example_dags/example_branch_python_dop_operator_3.py took 0.069 seconds
[2022-11-20T17:23:41.210+0000] {processor.py:154} INFO - Started process (PID=2744) to work on /home/airflow/.local/lib/python3.7/site-packages/airflow/example_dags/example_branch_python_dop_operator_3.py
[2022-11-20T17:23:41.211+0000] {processor.py:756} INFO - Processing file /home/airflow/.local/lib/python3.7/site-packages/airflow/example_dags/example_branch_python_dop_operator_3.py for tasks to queue
[2022-11-20T17:23:41.211+0000] {logging_mixin.py:120} INFO - [2022-11-20T17:23:41.211+0000] {dagbag.py:537} INFO - Filling up the DagBag from /home/airflow/.local/lib/python3.7/site-packages/airflow/example_dags/example_branch_python_dop_operator_3.py
[2022-11-20T17:23:41.223+0000] {processor.py:766} INFO - DAG(s) dict_keys(['example_branch_dop_operator_v3']) retrieved from /home/airflow/.local/lib/python3.7/site-packages/airflow/example_dags/example_branch_python_dop_operator_3.py
[2022-11-20T17:23:41.244+0000] {logging_mixin.py:120} INFO - [2022-11-20T17:23:41.244+0000] {dag.py:2585} INFO - Sync 1 DAGs
[2022-11-20T17:23:41.257+0000] {logging_mixin.py:120} INFO - [2022-11-20T17:23:41.257+0000] {dag.py:3340} INFO - Setting next_dagrun for example_branch_dop_operator_v3 to 2022-11-20T17:22:00+00:00, run_after=2022-11-20T17:23:00+00:00
[2022-11-20T17:23:41.267+0000] {processor.py:176} INFO - Processing /home/airflow/.local/lib/python3.7/site-packages/airflow/example_dags/example_branch_python_dop_operator_3.py took 0.059 seconds
[2022-11-20T17:24:11.281+0000] {processor.py:154} INFO - Started process (PID=2814) to work on /home/airflow/.local/lib/python3.7/site-packages/airflow/example_dags/example_branch_python_dop_operator_3.py
[2022-11-20T17:24:11.281+0000] {processor.py:756} INFO - Processing file /home/airflow/.local/lib/python3.7/site-packages/airflow/example_dags/example_branch_python_dop_operator_3.py for tasks to queue
[2022-11-20T17:24:11.282+0000] {logging_mixin.py:120} INFO - [2022-11-20T17:24:11.282+0000] {dagbag.py:537} INFO - Filling up the DagBag from /home/airflow/.local/lib/python3.7/site-packages/airflow/example_dags/example_branch_python_dop_operator_3.py
[2022-11-20T17:24:11.293+0000] {processor.py:766} INFO - DAG(s) dict_keys(['example_branch_dop_operator_v3']) retrieved from /home/airflow/.local/lib/python3.7/site-packages/airflow/example_dags/example_branch_python_dop_operator_3.py
[2022-11-20T17:24:11.312+0000] {logging_mixin.py:120} INFO - [2022-11-20T17:24:11.312+0000] {dag.py:2585} INFO - Sync 1 DAGs
[2022-11-20T17:24:11.327+0000] {logging_mixin.py:120} INFO - [2022-11-20T17:24:11.326+0000] {dag.py:3340} INFO - Setting next_dagrun for example_branch_dop_operator_v3 to 2022-11-20T17:23:00+00:00, run_after=2022-11-20T17:24:00+00:00
[2022-11-20T17:24:11.336+0000] {processor.py:176} INFO - Processing /home/airflow/.local/lib/python3.7/site-packages/airflow/example_dags/example_branch_python_dop_operator_3.py took 0.058 seconds
[2022-11-20T17:24:42.217+0000] {processor.py:154} INFO - Started process (PID=2883) to work on /home/airflow/.local/lib/python3.7/site-packages/airflow/example_dags/example_branch_python_dop_operator_3.py
[2022-11-20T17:24:42.217+0000] {processor.py:756} INFO - Processing file /home/airflow/.local/lib/python3.7/site-packages/airflow/example_dags/example_branch_python_dop_operator_3.py for tasks to queue
[2022-11-20T17:24:42.217+0000] {logging_mixin.py:120} INFO - [2022-11-20T17:24:42.217+0000] {dagbag.py:537} INFO - Filling up the DagBag from /home/airflow/.local/lib/python3.7/site-packages/airflow/example_dags/example_branch_python_dop_operator_3.py
[2022-11-20T17:24:42.229+0000] {processor.py:766} INFO - DAG(s) dict_keys(['example_branch_dop_operator_v3']) retrieved from /home/airflow/.local/lib/python3.7/site-packages/airflow/example_dags/example_branch_python_dop_operator_3.py
[2022-11-20T17:24:42.249+0000] {logging_mixin.py:120} INFO - [2022-11-20T17:24:42.249+0000] {dag.py:2585} INFO - Sync 1 DAGs
[2022-11-20T17:24:42.263+0000] {logging_mixin.py:120} INFO - [2022-11-20T17:24:42.263+0000] {dag.py:3340} INFO - Setting next_dagrun for example_branch_dop_operator_v3 to 2022-11-20T17:23:00+00:00, run_after=2022-11-20T17:24:00+00:00
[2022-11-20T17:24:42.274+0000] {processor.py:176} INFO - Processing /home/airflow/.local/lib/python3.7/site-packages/airflow/example_dags/example_branch_python_dop_operator_3.py took 0.059 seconds
[2022-11-20T17:25:13.109+0000] {processor.py:154} INFO - Started process (PID=2942) to work on /home/airflow/.local/lib/python3.7/site-packages/airflow/example_dags/example_branch_python_dop_operator_3.py
[2022-11-20T17:25:13.110+0000] {processor.py:756} INFO - Processing file /home/airflow/.local/lib/python3.7/site-packages/airflow/example_dags/example_branch_python_dop_operator_3.py for tasks to queue
[2022-11-20T17:25:13.112+0000] {logging_mixin.py:120} INFO - [2022-11-20T17:25:13.112+0000] {dagbag.py:537} INFO - Filling up the DagBag from /home/airflow/.local/lib/python3.7/site-packages/airflow/example_dags/example_branch_python_dop_operator_3.py
[2022-11-20T17:25:13.125+0000] {processor.py:766} INFO - DAG(s) dict_keys(['example_branch_dop_operator_v3']) retrieved from /home/airflow/.local/lib/python3.7/site-packages/airflow/example_dags/example_branch_python_dop_operator_3.py
[2022-11-20T17:25:13.154+0000] {logging_mixin.py:120} INFO - [2022-11-20T17:25:13.154+0000] {dag.py:2585} INFO - Sync 1 DAGs
[2022-11-20T17:25:13.171+0000] {logging_mixin.py:120} INFO - [2022-11-20T17:25:13.171+0000] {dag.py:3340} INFO - Setting next_dagrun for example_branch_dop_operator_v3 to 2022-11-20T17:24:00+00:00, run_after=2022-11-20T17:25:00+00:00
[2022-11-20T17:25:13.186+0000] {processor.py:176} INFO - Processing /home/airflow/.local/lib/python3.7/site-packages/airflow/example_dags/example_branch_python_dop_operator_3.py took 0.079 seconds
[2022-11-20T17:25:43.342+0000] {processor.py:154} INFO - Started process (PID=3015) to work on /home/airflow/.local/lib/python3.7/site-packages/airflow/example_dags/example_branch_python_dop_operator_3.py
[2022-11-20T17:25:43.344+0000] {processor.py:756} INFO - Processing file /home/airflow/.local/lib/python3.7/site-packages/airflow/example_dags/example_branch_python_dop_operator_3.py for tasks to queue
[2022-11-20T17:25:43.345+0000] {logging_mixin.py:120} INFO - [2022-11-20T17:25:43.345+0000] {dagbag.py:537} INFO - Filling up the DagBag from /home/airflow/.local/lib/python3.7/site-packages/airflow/example_dags/example_branch_python_dop_operator_3.py
[2022-11-20T17:25:43.366+0000] {processor.py:766} INFO - DAG(s) dict_keys(['example_branch_dop_operator_v3']) retrieved from /home/airflow/.local/lib/python3.7/site-packages/airflow/example_dags/example_branch_python_dop_operator_3.py
[2022-11-20T17:25:43.404+0000] {logging_mixin.py:120} INFO - [2022-11-20T17:25:43.404+0000] {dag.py:2585} INFO - Sync 1 DAGs
[2022-11-20T17:25:43.429+0000] {logging_mixin.py:120} INFO - [2022-11-20T17:25:43.429+0000] {dag.py:3340} INFO - Setting next_dagrun for example_branch_dop_operator_v3 to 2022-11-20T17:24:00+00:00, run_after=2022-11-20T17:25:00+00:00
[2022-11-20T17:25:43.440+0000] {processor.py:176} INFO - Processing /home/airflow/.local/lib/python3.7/site-packages/airflow/example_dags/example_branch_python_dop_operator_3.py took 0.103 seconds
[2022-11-20T17:26:13.456+0000] {processor.py:154} INFO - Started process (PID=3080) to work on /home/airflow/.local/lib/python3.7/site-packages/airflow/example_dags/example_branch_python_dop_operator_3.py
[2022-11-20T17:26:13.457+0000] {processor.py:756} INFO - Processing file /home/airflow/.local/lib/python3.7/site-packages/airflow/example_dags/example_branch_python_dop_operator_3.py for tasks to queue
[2022-11-20T17:26:13.457+0000] {logging_mixin.py:120} INFO - [2022-11-20T17:26:13.457+0000] {dagbag.py:537} INFO - Filling up the DagBag from /home/airflow/.local/lib/python3.7/site-packages/airflow/example_dags/example_branch_python_dop_operator_3.py
[2022-11-20T17:26:13.468+0000] {processor.py:766} INFO - DAG(s) dict_keys(['example_branch_dop_operator_v3']) retrieved from /home/airflow/.local/lib/python3.7/site-packages/airflow/example_dags/example_branch_python_dop_operator_3.py
[2022-11-20T17:26:13.489+0000] {logging_mixin.py:120} INFO - [2022-11-20T17:26:13.489+0000] {dag.py:2585} INFO - Sync 1 DAGs
[2022-11-20T17:26:13.502+0000] {logging_mixin.py:120} INFO - [2022-11-20T17:26:13.502+0000] {dag.py:3340} INFO - Setting next_dagrun for example_branch_dop_operator_v3 to 2022-11-20T17:25:00+00:00, run_after=2022-11-20T17:26:00+00:00
[2022-11-20T17:26:13.511+0000] {processor.py:176} INFO - Processing /home/airflow/.local/lib/python3.7/site-packages/airflow/example_dags/example_branch_python_dop_operator_3.py took 0.056 seconds
[2022-11-20T17:26:43.737+0000] {processor.py:154} INFO - Started process (PID=3148) to work on /home/airflow/.local/lib/python3.7/site-packages/airflow/example_dags/example_branch_python_dop_operator_3.py
[2022-11-20T17:26:43.738+0000] {processor.py:756} INFO - Processing file /home/airflow/.local/lib/python3.7/site-packages/airflow/example_dags/example_branch_python_dop_operator_3.py for tasks to queue
[2022-11-20T17:26:43.738+0000] {logging_mixin.py:120} INFO - [2022-11-20T17:26:43.738+0000] {dagbag.py:537} INFO - Filling up the DagBag from /home/airflow/.local/lib/python3.7/site-packages/airflow/example_dags/example_branch_python_dop_operator_3.py
[2022-11-20T17:26:43.750+0000] {processor.py:766} INFO - DAG(s) dict_keys(['example_branch_dop_operator_v3']) retrieved from /home/airflow/.local/lib/python3.7/site-packages/airflow/example_dags/example_branch_python_dop_operator_3.py
[2022-11-20T17:26:43.771+0000] {logging_mixin.py:120} INFO - [2022-11-20T17:26:43.771+0000] {dag.py:2585} INFO - Sync 1 DAGs
[2022-11-20T17:26:43.785+0000] {logging_mixin.py:120} INFO - [2022-11-20T17:26:43.785+0000] {dag.py:3340} INFO - Setting next_dagrun for example_branch_dop_operator_v3 to 2022-11-20T17:25:00+00:00, run_after=2022-11-20T17:26:00+00:00
[2022-11-20T17:26:43.796+0000] {processor.py:176} INFO - Processing /home/airflow/.local/lib/python3.7/site-packages/airflow/example_dags/example_branch_python_dop_operator_3.py took 0.061 seconds
[2022-11-20T17:27:13.963+0000] {processor.py:154} INFO - Started process (PID=3215) to work on /home/airflow/.local/lib/python3.7/site-packages/airflow/example_dags/example_branch_python_dop_operator_3.py
[2022-11-20T17:27:13.963+0000] {processor.py:756} INFO - Processing file /home/airflow/.local/lib/python3.7/site-packages/airflow/example_dags/example_branch_python_dop_operator_3.py for tasks to queue
[2022-11-20T17:27:13.964+0000] {logging_mixin.py:120} INFO - [2022-11-20T17:27:13.964+0000] {dagbag.py:537} INFO - Filling up the DagBag from /home/airflow/.local/lib/python3.7/site-packages/airflow/example_dags/example_branch_python_dop_operator_3.py
[2022-11-20T17:27:13.975+0000] {processor.py:766} INFO - DAG(s) dict_keys(['example_branch_dop_operator_v3']) retrieved from /home/airflow/.local/lib/python3.7/site-packages/airflow/example_dags/example_branch_python_dop_operator_3.py
[2022-11-20T17:27:13.995+0000] {logging_mixin.py:120} INFO - [2022-11-20T17:27:13.995+0000] {dag.py:2585} INFO - Sync 1 DAGs
[2022-11-20T17:27:14.010+0000] {logging_mixin.py:120} INFO - [2022-11-20T17:27:14.010+0000] {dag.py:3340} INFO - Setting next_dagrun for example_branch_dop_operator_v3 to 2022-11-20T17:26:00+00:00, run_after=2022-11-20T17:27:00+00:00
[2022-11-20T17:27:14.019+0000] {processor.py:176} INFO - Processing /home/airflow/.local/lib/python3.7/site-packages/airflow/example_dags/example_branch_python_dop_operator_3.py took 0.058 seconds
[2022-11-20T17:27:44.894+0000] {processor.py:154} INFO - Started process (PID=3285) to work on /home/airflow/.local/lib/python3.7/site-packages/airflow/example_dags/example_branch_python_dop_operator_3.py
[2022-11-20T17:27:44.895+0000] {processor.py:756} INFO - Processing file /home/airflow/.local/lib/python3.7/site-packages/airflow/example_dags/example_branch_python_dop_operator_3.py for tasks to queue
[2022-11-20T17:27:44.895+0000] {logging_mixin.py:120} INFO - [2022-11-20T17:27:44.895+0000] {dagbag.py:537} INFO - Filling up the DagBag from /home/airflow/.local/lib/python3.7/site-packages/airflow/example_dags/example_branch_python_dop_operator_3.py
[2022-11-20T17:27:44.919+0000] {processor.py:766} INFO - DAG(s) dict_keys(['example_branch_dop_operator_v3']) retrieved from /home/airflow/.local/lib/python3.7/site-packages/airflow/example_dags/example_branch_python_dop_operator_3.py
[2022-11-20T17:27:44.944+0000] {logging_mixin.py:120} INFO - [2022-11-20T17:27:44.944+0000] {dag.py:2585} INFO - Sync 1 DAGs
[2022-11-20T17:27:44.965+0000] {logging_mixin.py:120} INFO - [2022-11-20T17:27:44.965+0000] {dag.py:3340} INFO - Setting next_dagrun for example_branch_dop_operator_v3 to 2022-11-20T17:26:00+00:00, run_after=2022-11-20T17:27:00+00:00
[2022-11-20T17:27:44.977+0000] {processor.py:176} INFO - Processing /home/airflow/.local/lib/python3.7/site-packages/airflow/example_dags/example_branch_python_dop_operator_3.py took 0.085 seconds
[2022-11-20T17:28:15.657+0000] {processor.py:154} INFO - Started process (PID=3346) to work on /home/airflow/.local/lib/python3.7/site-packages/airflow/example_dags/example_branch_python_dop_operator_3.py
[2022-11-20T17:28:15.658+0000] {processor.py:756} INFO - Processing file /home/airflow/.local/lib/python3.7/site-packages/airflow/example_dags/example_branch_python_dop_operator_3.py for tasks to queue
[2022-11-20T17:28:15.658+0000] {logging_mixin.py:120} INFO - [2022-11-20T17:28:15.658+0000] {dagbag.py:537} INFO - Filling up the DagBag from /home/airflow/.local/lib/python3.7/site-packages/airflow/example_dags/example_branch_python_dop_operator_3.py
[2022-11-20T17:28:15.672+0000] {processor.py:766} INFO - DAG(s) dict_keys(['example_branch_dop_operator_v3']) retrieved from /home/airflow/.local/lib/python3.7/site-packages/airflow/example_dags/example_branch_python_dop_operator_3.py
[2022-11-20T17:28:15.695+0000] {logging_mixin.py:120} INFO - [2022-11-20T17:28:15.695+0000] {dag.py:2585} INFO - Sync 1 DAGs
[2022-11-20T17:28:15.711+0000] {logging_mixin.py:120} INFO - [2022-11-20T17:28:15.711+0000] {dag.py:3340} INFO - Setting next_dagrun for example_branch_dop_operator_v3 to 2022-11-20T17:27:00+00:00, run_after=2022-11-20T17:28:00+00:00
[2022-11-20T17:28:15.723+0000] {processor.py:176} INFO - Processing /home/airflow/.local/lib/python3.7/site-packages/airflow/example_dags/example_branch_python_dop_operator_3.py took 0.067 seconds
[2022-11-20T17:28:46.520+0000] {processor.py:154} INFO - Started process (PID=3415) to work on /home/airflow/.local/lib/python3.7/site-packages/airflow/example_dags/example_branch_python_dop_operator_3.py
[2022-11-20T17:28:46.521+0000] {processor.py:756} INFO - Processing file /home/airflow/.local/lib/python3.7/site-packages/airflow/example_dags/example_branch_python_dop_operator_3.py for tasks to queue
[2022-11-20T17:28:46.521+0000] {logging_mixin.py:120} INFO - [2022-11-20T17:28:46.521+0000] {dagbag.py:537} INFO - Filling up the DagBag from /home/airflow/.local/lib/python3.7/site-packages/airflow/example_dags/example_branch_python_dop_operator_3.py
[2022-11-20T17:28:46.533+0000] {processor.py:766} INFO - DAG(s) dict_keys(['example_branch_dop_operator_v3']) retrieved from /home/airflow/.local/lib/python3.7/site-packages/airflow/example_dags/example_branch_python_dop_operator_3.py
[2022-11-20T17:28:46.553+0000] {logging_mixin.py:120} INFO - [2022-11-20T17:28:46.553+0000] {dag.py:2585} INFO - Sync 1 DAGs
[2022-11-20T17:28:46.569+0000] {logging_mixin.py:120} INFO - [2022-11-20T17:28:46.569+0000] {dag.py:3340} INFO - Setting next_dagrun for example_branch_dop_operator_v3 to 2022-11-20T17:27:00+00:00, run_after=2022-11-20T17:28:00+00:00
[2022-11-20T17:28:46.578+0000] {processor.py:176} INFO - Processing /home/airflow/.local/lib/python3.7/site-packages/airflow/example_dags/example_branch_python_dop_operator_3.py took 0.060 seconds
[2022-11-20T17:29:17.370+0000] {processor.py:154} INFO - Started process (PID=3483) to work on /home/airflow/.local/lib/python3.7/site-packages/airflow/example_dags/example_branch_python_dop_operator_3.py
[2022-11-20T17:29:17.370+0000] {processor.py:756} INFO - Processing file /home/airflow/.local/lib/python3.7/site-packages/airflow/example_dags/example_branch_python_dop_operator_3.py for tasks to queue
[2022-11-20T17:29:17.371+0000] {logging_mixin.py:120} INFO - [2022-11-20T17:29:17.371+0000] {dagbag.py:537} INFO - Filling up the DagBag from /home/airflow/.local/lib/python3.7/site-packages/airflow/example_dags/example_branch_python_dop_operator_3.py
[2022-11-20T17:29:17.382+0000] {processor.py:766} INFO - DAG(s) dict_keys(['example_branch_dop_operator_v3']) retrieved from /home/airflow/.local/lib/python3.7/site-packages/airflow/example_dags/example_branch_python_dop_operator_3.py
[2022-11-20T17:29:17.403+0000] {logging_mixin.py:120} INFO - [2022-11-20T17:29:17.403+0000] {dag.py:2585} INFO - Sync 1 DAGs
[2022-11-20T17:29:17.419+0000] {logging_mixin.py:120} INFO - [2022-11-20T17:29:17.419+0000] {dag.py:3340} INFO - Setting next_dagrun for example_branch_dop_operator_v3 to 2022-11-20T17:28:00+00:00, run_after=2022-11-20T17:29:00+00:00
[2022-11-20T17:29:17.428+0000] {processor.py:176} INFO - Processing /home/airflow/.local/lib/python3.7/site-packages/airflow/example_dags/example_branch_python_dop_operator_3.py took 0.060 seconds
[2022-11-20T17:29:48.245+0000] {processor.py:154} INFO - Started process (PID=3549) to work on /home/airflow/.local/lib/python3.7/site-packages/airflow/example_dags/example_branch_python_dop_operator_3.py
[2022-11-20T17:29:48.245+0000] {processor.py:756} INFO - Processing file /home/airflow/.local/lib/python3.7/site-packages/airflow/example_dags/example_branch_python_dop_operator_3.py for tasks to queue
[2022-11-20T17:29:48.246+0000] {logging_mixin.py:120} INFO - [2022-11-20T17:29:48.246+0000] {dagbag.py:537} INFO - Filling up the DagBag from /home/airflow/.local/lib/python3.7/site-packages/airflow/example_dags/example_branch_python_dop_operator_3.py
[2022-11-20T17:29:48.258+0000] {processor.py:766} INFO - DAG(s) dict_keys(['example_branch_dop_operator_v3']) retrieved from /home/airflow/.local/lib/python3.7/site-packages/airflow/example_dags/example_branch_python_dop_operator_3.py
[2022-11-20T17:29:48.279+0000] {logging_mixin.py:120} INFO - [2022-11-20T17:29:48.279+0000] {dag.py:2585} INFO - Sync 1 DAGs
[2022-11-20T17:29:48.295+0000] {logging_mixin.py:120} INFO - [2022-11-20T17:29:48.295+0000] {dag.py:3340} INFO - Setting next_dagrun for example_branch_dop_operator_v3 to 2022-11-20T17:28:00+00:00, run_after=2022-11-20T17:29:00+00:00
[2022-11-20T17:29:48.306+0000] {processor.py:176} INFO - Processing /home/airflow/.local/lib/python3.7/site-packages/airflow/example_dags/example_branch_python_dop_operator_3.py took 0.063 seconds
[2022-11-20T17:30:19.108+0000] {processor.py:154} INFO - Started process (PID=3621) to work on /home/airflow/.local/lib/python3.7/site-packages/airflow/example_dags/example_branch_python_dop_operator_3.py
[2022-11-20T17:30:19.108+0000] {processor.py:756} INFO - Processing file /home/airflow/.local/lib/python3.7/site-packages/airflow/example_dags/example_branch_python_dop_operator_3.py for tasks to queue
[2022-11-20T17:30:19.109+0000] {logging_mixin.py:120} INFO - [2022-11-20T17:30:19.109+0000] {dagbag.py:537} INFO - Filling up the DagBag from /home/airflow/.local/lib/python3.7/site-packages/airflow/example_dags/example_branch_python_dop_operator_3.py
[2022-11-20T17:30:19.120+0000] {processor.py:766} INFO - DAG(s) dict_keys(['example_branch_dop_operator_v3']) retrieved from /home/airflow/.local/lib/python3.7/site-packages/airflow/example_dags/example_branch_python_dop_operator_3.py
[2022-11-20T17:30:19.140+0000] {logging_mixin.py:120} INFO - [2022-11-20T17:30:19.140+0000] {dag.py:2585} INFO - Sync 1 DAGs
[2022-11-20T17:30:19.154+0000] {logging_mixin.py:120} INFO - [2022-11-20T17:30:19.154+0000] {dag.py:3340} INFO - Setting next_dagrun for example_branch_dop_operator_v3 to 2022-11-20T17:29:00+00:00, run_after=2022-11-20T17:30:00+00:00
[2022-11-20T17:30:19.164+0000] {processor.py:176} INFO - Processing /home/airflow/.local/lib/python3.7/site-packages/airflow/example_dags/example_branch_python_dop_operator_3.py took 0.058 seconds
[2022-11-20T17:30:50.074+0000] {processor.py:154} INFO - Started process (PID=3689) to work on /home/airflow/.local/lib/python3.7/site-packages/airflow/example_dags/example_branch_python_dop_operator_3.py
[2022-11-20T17:30:50.075+0000] {processor.py:756} INFO - Processing file /home/airflow/.local/lib/python3.7/site-packages/airflow/example_dags/example_branch_python_dop_operator_3.py for tasks to queue
[2022-11-20T17:30:50.075+0000] {logging_mixin.py:120} INFO - [2022-11-20T17:30:50.075+0000] {dagbag.py:537} INFO - Filling up the DagBag from /home/airflow/.local/lib/python3.7/site-packages/airflow/example_dags/example_branch_python_dop_operator_3.py
[2022-11-20T17:30:50.086+0000] {processor.py:766} INFO - DAG(s) dict_keys(['example_branch_dop_operator_v3']) retrieved from /home/airflow/.local/lib/python3.7/site-packages/airflow/example_dags/example_branch_python_dop_operator_3.py
[2022-11-20T17:30:50.106+0000] {logging_mixin.py:120} INFO - [2022-11-20T17:30:50.106+0000] {dag.py:2585} INFO - Sync 1 DAGs
[2022-11-20T17:30:50.119+0000] {logging_mixin.py:120} INFO - [2022-11-20T17:30:50.119+0000] {dag.py:3340} INFO - Setting next_dagrun for example_branch_dop_operator_v3 to 2022-11-20T17:29:00+00:00, run_after=2022-11-20T17:30:00+00:00
[2022-11-20T17:30:50.128+0000] {processor.py:176} INFO - Processing /home/airflow/.local/lib/python3.7/site-packages/airflow/example_dags/example_branch_python_dop_operator_3.py took 0.056 seconds
[2022-11-20T17:31:21.091+0000] {processor.py:154} INFO - Started process (PID=3758) to work on /home/airflow/.local/lib/python3.7/site-packages/airflow/example_dags/example_branch_python_dop_operator_3.py
[2022-11-20T17:31:21.092+0000] {processor.py:756} INFO - Processing file /home/airflow/.local/lib/python3.7/site-packages/airflow/example_dags/example_branch_python_dop_operator_3.py for tasks to queue
[2022-11-20T17:31:21.092+0000] {logging_mixin.py:120} INFO - [2022-11-20T17:31:21.092+0000] {dagbag.py:537} INFO - Filling up the DagBag from /home/airflow/.local/lib/python3.7/site-packages/airflow/example_dags/example_branch_python_dop_operator_3.py
[2022-11-20T17:31:21.104+0000] {processor.py:766} INFO - DAG(s) dict_keys(['example_branch_dop_operator_v3']) retrieved from /home/airflow/.local/lib/python3.7/site-packages/airflow/example_dags/example_branch_python_dop_operator_3.py
[2022-11-20T17:31:21.124+0000] {logging_mixin.py:120} INFO - [2022-11-20T17:31:21.124+0000] {dag.py:2585} INFO - Sync 1 DAGs
[2022-11-20T17:31:21.139+0000] {logging_mixin.py:120} INFO - [2022-11-20T17:31:21.139+0000] {dag.py:3340} INFO - Setting next_dagrun for example_branch_dop_operator_v3 to 2022-11-20T17:30:00+00:00, run_after=2022-11-20T17:31:00+00:00
[2022-11-20T17:31:21.148+0000] {processor.py:176} INFO - Processing /home/airflow/.local/lib/python3.7/site-packages/airflow/example_dags/example_branch_python_dop_operator_3.py took 0.059 seconds
[2022-11-20T17:31:52.007+0000] {processor.py:154} INFO - Started process (PID=3826) to work on /home/airflow/.local/lib/python3.7/site-packages/airflow/example_dags/example_branch_python_dop_operator_3.py
[2022-11-20T17:31:52.008+0000] {processor.py:756} INFO - Processing file /home/airflow/.local/lib/python3.7/site-packages/airflow/example_dags/example_branch_python_dop_operator_3.py for tasks to queue
[2022-11-20T17:31:52.008+0000] {logging_mixin.py:120} INFO - [2022-11-20T17:31:52.008+0000] {dagbag.py:537} INFO - Filling up the DagBag from /home/airflow/.local/lib/python3.7/site-packages/airflow/example_dags/example_branch_python_dop_operator_3.py
[2022-11-20T17:31:52.020+0000] {processor.py:766} INFO - DAG(s) dict_keys(['example_branch_dop_operator_v3']) retrieved from /home/airflow/.local/lib/python3.7/site-packages/airflow/example_dags/example_branch_python_dop_operator_3.py
[2022-11-20T17:31:52.041+0000] {logging_mixin.py:120} INFO - [2022-11-20T17:31:52.041+0000] {dag.py:2585} INFO - Sync 1 DAGs
[2022-11-20T17:31:52.055+0000] {logging_mixin.py:120} INFO - [2022-11-20T17:31:52.055+0000] {dag.py:3340} INFO - Setting next_dagrun for example_branch_dop_operator_v3 to 2022-11-20T17:30:00+00:00, run_after=2022-11-20T17:31:00+00:00
[2022-11-20T17:31:52.065+0000] {processor.py:176} INFO - Processing /home/airflow/.local/lib/python3.7/site-packages/airflow/example_dags/example_branch_python_dop_operator_3.py took 0.059 seconds
[2022-11-20T17:32:23.100+0000] {processor.py:154} INFO - Started process (PID=3886) to work on /home/airflow/.local/lib/python3.7/site-packages/airflow/example_dags/example_branch_python_dop_operator_3.py
[2022-11-20T17:32:23.101+0000] {processor.py:756} INFO - Processing file /home/airflow/.local/lib/python3.7/site-packages/airflow/example_dags/example_branch_python_dop_operator_3.py for tasks to queue
[2022-11-20T17:32:23.101+0000] {logging_mixin.py:120} INFO - [2022-11-20T17:32:23.101+0000] {dagbag.py:537} INFO - Filling up the DagBag from /home/airflow/.local/lib/python3.7/site-packages/airflow/example_dags/example_branch_python_dop_operator_3.py
[2022-11-20T17:32:23.113+0000] {processor.py:766} INFO - DAG(s) dict_keys(['example_branch_dop_operator_v3']) retrieved from /home/airflow/.local/lib/python3.7/site-packages/airflow/example_dags/example_branch_python_dop_operator_3.py
[2022-11-20T17:32:23.134+0000] {logging_mixin.py:120} INFO - [2022-11-20T17:32:23.134+0000] {dag.py:2585} INFO - Sync 1 DAGs
[2022-11-20T17:32:23.149+0000] {logging_mixin.py:120} INFO - [2022-11-20T17:32:23.148+0000] {dag.py:3340} INFO - Setting next_dagrun for example_branch_dop_operator_v3 to 2022-11-20T17:31:00+00:00, run_after=2022-11-20T17:32:00+00:00
[2022-11-20T17:32:23.160+0000] {processor.py:176} INFO - Processing /home/airflow/.local/lib/python3.7/site-packages/airflow/example_dags/example_branch_python_dop_operator_3.py took 0.062 seconds
[2022-11-20T17:32:53.205+0000] {processor.py:154} INFO - Started process (PID=3951) to work on /home/airflow/.local/lib/python3.7/site-packages/airflow/example_dags/example_branch_python_dop_operator_3.py
[2022-11-20T17:32:53.205+0000] {processor.py:756} INFO - Processing file /home/airflow/.local/lib/python3.7/site-packages/airflow/example_dags/example_branch_python_dop_operator_3.py for tasks to queue
[2022-11-20T17:32:53.206+0000] {logging_mixin.py:120} INFO - [2022-11-20T17:32:53.206+0000] {dagbag.py:537} INFO - Filling up the DagBag from /home/airflow/.local/lib/python3.7/site-packages/airflow/example_dags/example_branch_python_dop_operator_3.py
[2022-11-20T17:32:53.217+0000] {processor.py:766} INFO - DAG(s) dict_keys(['example_branch_dop_operator_v3']) retrieved from /home/airflow/.local/lib/python3.7/site-packages/airflow/example_dags/example_branch_python_dop_operator_3.py
[2022-11-20T17:32:53.237+0000] {logging_mixin.py:120} INFO - [2022-11-20T17:32:53.237+0000] {dag.py:2585} INFO - Sync 1 DAGs
[2022-11-20T17:32:53.251+0000] {logging_mixin.py:120} INFO - [2022-11-20T17:32:53.251+0000] {dag.py:3340} INFO - Setting next_dagrun for example_branch_dop_operator_v3 to 2022-11-20T17:31:00+00:00, run_after=2022-11-20T17:32:00+00:00
[2022-11-20T17:32:53.264+0000] {processor.py:176} INFO - Processing /home/airflow/.local/lib/python3.7/site-packages/airflow/example_dags/example_branch_python_dop_operator_3.py took 0.061 seconds
[2022-11-20T17:33:23.364+0000] {processor.py:154} INFO - Started process (PID=4018) to work on /home/airflow/.local/lib/python3.7/site-packages/airflow/example_dags/example_branch_python_dop_operator_3.py
[2022-11-20T17:33:23.365+0000] {processor.py:756} INFO - Processing file /home/airflow/.local/lib/python3.7/site-packages/airflow/example_dags/example_branch_python_dop_operator_3.py for tasks to queue
[2022-11-20T17:33:23.366+0000] {logging_mixin.py:120} INFO - [2022-11-20T17:33:23.365+0000] {dagbag.py:537} INFO - Filling up the DagBag from /home/airflow/.local/lib/python3.7/site-packages/airflow/example_dags/example_branch_python_dop_operator_3.py
[2022-11-20T17:33:23.377+0000] {processor.py:766} INFO - DAG(s) dict_keys(['example_branch_dop_operator_v3']) retrieved from /home/airflow/.local/lib/python3.7/site-packages/airflow/example_dags/example_branch_python_dop_operator_3.py
[2022-11-20T17:33:23.399+0000] {logging_mixin.py:120} INFO - [2022-11-20T17:33:23.399+0000] {dag.py:2585} INFO - Sync 1 DAGs
[2022-11-20T17:33:23.413+0000] {logging_mixin.py:120} INFO - [2022-11-20T17:33:23.413+0000] {dag.py:3340} INFO - Setting next_dagrun for example_branch_dop_operator_v3 to 2022-11-20T17:32:00+00:00, run_after=2022-11-20T17:33:00+00:00
[2022-11-20T17:33:23.423+0000] {processor.py:176} INFO - Processing /home/airflow/.local/lib/python3.7/site-packages/airflow/example_dags/example_branch_python_dop_operator_3.py took 0.061 seconds
[2022-11-20T17:33:54.348+0000] {processor.py:154} INFO - Started process (PID=4083) to work on /home/airflow/.local/lib/python3.7/site-packages/airflow/example_dags/example_branch_python_dop_operator_3.py
[2022-11-20T17:33:54.348+0000] {processor.py:756} INFO - Processing file /home/airflow/.local/lib/python3.7/site-packages/airflow/example_dags/example_branch_python_dop_operator_3.py for tasks to queue
[2022-11-20T17:33:54.349+0000] {logging_mixin.py:120} INFO - [2022-11-20T17:33:54.349+0000] {dagbag.py:537} INFO - Filling up the DagBag from /home/airflow/.local/lib/python3.7/site-packages/airflow/example_dags/example_branch_python_dop_operator_3.py
[2022-11-20T17:33:54.360+0000] {processor.py:766} INFO - DAG(s) dict_keys(['example_branch_dop_operator_v3']) retrieved from /home/airflow/.local/lib/python3.7/site-packages/airflow/example_dags/example_branch_python_dop_operator_3.py
[2022-11-20T17:33:54.382+0000] {logging_mixin.py:120} INFO - [2022-11-20T17:33:54.382+0000] {dag.py:2585} INFO - Sync 1 DAGs
[2022-11-20T17:33:54.396+0000] {logging_mixin.py:120} INFO - [2022-11-20T17:33:54.396+0000] {dag.py:3340} INFO - Setting next_dagrun for example_branch_dop_operator_v3 to 2022-11-20T17:32:00+00:00, run_after=2022-11-20T17:33:00+00:00
[2022-11-20T17:33:54.405+0000] {processor.py:176} INFO - Processing /home/airflow/.local/lib/python3.7/site-packages/airflow/example_dags/example_branch_python_dop_operator_3.py took 0.059 seconds
[2022-11-20T17:34:25.316+0000] {processor.py:154} INFO - Started process (PID=4149) to work on /home/airflow/.local/lib/python3.7/site-packages/airflow/example_dags/example_branch_python_dop_operator_3.py
[2022-11-20T17:34:25.316+0000] {processor.py:756} INFO - Processing file /home/airflow/.local/lib/python3.7/site-packages/airflow/example_dags/example_branch_python_dop_operator_3.py for tasks to queue
[2022-11-20T17:34:25.317+0000] {logging_mixin.py:120} INFO - [2022-11-20T17:34:25.316+0000] {dagbag.py:537} INFO - Filling up the DagBag from /home/airflow/.local/lib/python3.7/site-packages/airflow/example_dags/example_branch_python_dop_operator_3.py
[2022-11-20T17:34:25.329+0000] {processor.py:766} INFO - DAG(s) dict_keys(['example_branch_dop_operator_v3']) retrieved from /home/airflow/.local/lib/python3.7/site-packages/airflow/example_dags/example_branch_python_dop_operator_3.py
[2022-11-20T17:34:25.349+0000] {logging_mixin.py:120} INFO - [2022-11-20T17:34:25.349+0000] {dag.py:2585} INFO - Sync 1 DAGs
[2022-11-20T17:34:25.363+0000] {logging_mixin.py:120} INFO - [2022-11-20T17:34:25.363+0000] {dag.py:3340} INFO - Setting next_dagrun for example_branch_dop_operator_v3 to 2022-11-20T17:33:00+00:00, run_after=2022-11-20T17:34:00+00:00
[2022-11-20T17:34:25.373+0000] {processor.py:176} INFO - Processing /home/airflow/.local/lib/python3.7/site-packages/airflow/example_dags/example_branch_python_dop_operator_3.py took 0.060 seconds
[2022-11-20T17:34:56.410+0000] {processor.py:154} INFO - Started process (PID=4219) to work on /home/airflow/.local/lib/python3.7/site-packages/airflow/example_dags/example_branch_python_dop_operator_3.py
[2022-11-20T17:34:56.410+0000] {processor.py:756} INFO - Processing file /home/airflow/.local/lib/python3.7/site-packages/airflow/example_dags/example_branch_python_dop_operator_3.py for tasks to queue
[2022-11-20T17:34:56.411+0000] {logging_mixin.py:120} INFO - [2022-11-20T17:34:56.411+0000] {dagbag.py:537} INFO - Filling up the DagBag from /home/airflow/.local/lib/python3.7/site-packages/airflow/example_dags/example_branch_python_dop_operator_3.py
[2022-11-20T17:34:56.423+0000] {processor.py:766} INFO - DAG(s) dict_keys(['example_branch_dop_operator_v3']) retrieved from /home/airflow/.local/lib/python3.7/site-packages/airflow/example_dags/example_branch_python_dop_operator_3.py
[2022-11-20T17:34:56.444+0000] {logging_mixin.py:120} INFO - [2022-11-20T17:34:56.444+0000] {dag.py:2585} INFO - Sync 1 DAGs
[2022-11-20T17:34:56.459+0000] {logging_mixin.py:120} INFO - [2022-11-20T17:34:56.459+0000] {dag.py:3340} INFO - Setting next_dagrun for example_branch_dop_operator_v3 to 2022-11-20T17:33:00+00:00, run_after=2022-11-20T17:34:00+00:00
[2022-11-20T17:34:56.468+0000] {processor.py:176} INFO - Processing /home/airflow/.local/lib/python3.7/site-packages/airflow/example_dags/example_branch_python_dop_operator_3.py took 0.060 seconds
[2022-11-20T17:35:27.231+0000] {processor.py:154} INFO - Started process (PID=4286) to work on /home/airflow/.local/lib/python3.7/site-packages/airflow/example_dags/example_branch_python_dop_operator_3.py
[2022-11-20T17:35:27.231+0000] {processor.py:756} INFO - Processing file /home/airflow/.local/lib/python3.7/site-packages/airflow/example_dags/example_branch_python_dop_operator_3.py for tasks to queue
[2022-11-20T17:35:27.232+0000] {logging_mixin.py:120} INFO - [2022-11-20T17:35:27.232+0000] {dagbag.py:537} INFO - Filling up the DagBag from /home/airflow/.local/lib/python3.7/site-packages/airflow/example_dags/example_branch_python_dop_operator_3.py
[2022-11-20T17:35:27.244+0000] {processor.py:766} INFO - DAG(s) dict_keys(['example_branch_dop_operator_v3']) retrieved from /home/airflow/.local/lib/python3.7/site-packages/airflow/example_dags/example_branch_python_dop_operator_3.py
[2022-11-20T17:35:27.264+0000] {logging_mixin.py:120} INFO - [2022-11-20T17:35:27.264+0000] {dag.py:2585} INFO - Sync 1 DAGs
[2022-11-20T17:35:27.279+0000] {logging_mixin.py:120} INFO - [2022-11-20T17:35:27.279+0000] {dag.py:3340} INFO - Setting next_dagrun for example_branch_dop_operator_v3 to 2022-11-20T17:34:00+00:00, run_after=2022-11-20T17:35:00+00:00
[2022-11-20T17:35:27.288+0000] {processor.py:176} INFO - Processing /home/airflow/.local/lib/python3.7/site-packages/airflow/example_dags/example_branch_python_dop_operator_3.py took 0.059 seconds
