[2022-11-20T12:59:09.292+0000] {processor.py:154} INFO - Started process (PID=34) to work on /home/airflow/.local/lib/python3.7/site-packages/airflow/example_dags/example_latest_only.py
[2022-11-20T12:59:09.295+0000] {processor.py:756} INFO - Processing file /home/airflow/.local/lib/python3.7/site-packages/airflow/example_dags/example_latest_only.py for tasks to queue
[2022-11-20T12:59:09.297+0000] {logging_mixin.py:120} INFO - [2022-11-20T12:59:09.296+0000] {dagbag.py:537} INFO - Filling up the DagBag from /home/airflow/.local/lib/python3.7/site-packages/airflow/example_dags/example_latest_only.py
[2022-11-20T12:59:09.325+0000] {processor.py:766} INFO - DAG(s) dict_keys(['latest_only']) retrieved from /home/airflow/.local/lib/python3.7/site-packages/airflow/example_dags/example_latest_only.py
[2022-11-20T12:59:09.411+0000] {logging_mixin.py:120} INFO - [2022-11-20T12:59:09.411+0000] {dag.py:2585} INFO - Sync 1 DAGs
[2022-11-20T12:59:09.467+0000] {logging_mixin.py:120} INFO - [2022-11-20T12:59:09.467+0000] {dag.py:3340} INFO - Setting next_dagrun for latest_only to 2022-11-20T08:59:09.466858+00:00, run_after=2022-11-20T12:59:09.466858+00:00
[2022-11-20T12:59:09.536+0000] {processor.py:176} INFO - Processing /home/airflow/.local/lib/python3.7/site-packages/airflow/example_dags/example_latest_only.py took 0.253 seconds
[2022-11-20T12:59:39.707+0000] {processor.py:154} INFO - Started process (PID=119) to work on /home/airflow/.local/lib/python3.7/site-packages/airflow/example_dags/example_latest_only.py
[2022-11-20T12:59:39.708+0000] {processor.py:756} INFO - Processing file /home/airflow/.local/lib/python3.7/site-packages/airflow/example_dags/example_latest_only.py for tasks to queue
[2022-11-20T12:59:39.709+0000] {logging_mixin.py:120} INFO - [2022-11-20T12:59:39.709+0000] {dagbag.py:537} INFO - Filling up the DagBag from /home/airflow/.local/lib/python3.7/site-packages/airflow/example_dags/example_latest_only.py
[2022-11-20T12:59:39.729+0000] {processor.py:766} INFO - DAG(s) dict_keys(['latest_only']) retrieved from /home/airflow/.local/lib/python3.7/site-packages/airflow/example_dags/example_latest_only.py
[2022-11-20T12:59:39.775+0000] {logging_mixin.py:120} INFO - [2022-11-20T12:59:39.775+0000] {dag.py:2585} INFO - Sync 1 DAGs
[2022-11-20T12:59:39.792+0000] {logging_mixin.py:120} INFO - [2022-11-20T12:59:39.791+0000] {dag.py:3340} INFO - Setting next_dagrun for latest_only to 2022-11-20T08:59:39.791750+00:00, run_after=2022-11-20T12:59:39.791750+00:00
[2022-11-20T12:59:39.802+0000] {processor.py:176} INFO - Processing /home/airflow/.local/lib/python3.7/site-packages/airflow/example_dags/example_latest_only.py took 0.098 seconds
[2022-11-20T13:00:10.575+0000] {processor.py:154} INFO - Started process (PID=187) to work on /home/airflow/.local/lib/python3.7/site-packages/airflow/example_dags/example_latest_only.py
[2022-11-20T13:00:10.575+0000] {processor.py:756} INFO - Processing file /home/airflow/.local/lib/python3.7/site-packages/airflow/example_dags/example_latest_only.py for tasks to queue
[2022-11-20T13:00:10.576+0000] {logging_mixin.py:120} INFO - [2022-11-20T13:00:10.576+0000] {dagbag.py:537} INFO - Filling up the DagBag from /home/airflow/.local/lib/python3.7/site-packages/airflow/example_dags/example_latest_only.py
[2022-11-20T13:00:10.596+0000] {processor.py:766} INFO - DAG(s) dict_keys(['latest_only']) retrieved from /home/airflow/.local/lib/python3.7/site-packages/airflow/example_dags/example_latest_only.py
[2022-11-20T13:00:10.638+0000] {logging_mixin.py:120} INFO - [2022-11-20T13:00:10.638+0000] {dag.py:2585} INFO - Sync 1 DAGs
[2022-11-20T13:00:10.656+0000] {logging_mixin.py:120} INFO - [2022-11-20T13:00:10.656+0000] {dag.py:3340} INFO - Setting next_dagrun for latest_only to 2022-11-20T09:00:10.656228+00:00, run_after=2022-11-20T13:00:10.656228+00:00
[2022-11-20T13:00:10.672+0000] {processor.py:176} INFO - Processing /home/airflow/.local/lib/python3.7/site-packages/airflow/example_dags/example_latest_only.py took 0.099 seconds
[2022-11-20T13:00:41.285+0000] {processor.py:154} INFO - Started process (PID=255) to work on /home/airflow/.local/lib/python3.7/site-packages/airflow/example_dags/example_latest_only.py
[2022-11-20T13:00:41.287+0000] {processor.py:756} INFO - Processing file /home/airflow/.local/lib/python3.7/site-packages/airflow/example_dags/example_latest_only.py for tasks to queue
[2022-11-20T13:00:41.288+0000] {logging_mixin.py:120} INFO - [2022-11-20T13:00:41.288+0000] {dagbag.py:537} INFO - Filling up the DagBag from /home/airflow/.local/lib/python3.7/site-packages/airflow/example_dags/example_latest_only.py
[2022-11-20T13:00:41.306+0000] {processor.py:766} INFO - DAG(s) dict_keys(['latest_only']) retrieved from /home/airflow/.local/lib/python3.7/site-packages/airflow/example_dags/example_latest_only.py
[2022-11-20T13:00:41.337+0000] {logging_mixin.py:120} INFO - [2022-11-20T13:00:41.337+0000] {dag.py:2585} INFO - Sync 1 DAGs
[2022-11-20T13:00:41.354+0000] {logging_mixin.py:120} INFO - [2022-11-20T13:00:41.354+0000] {dag.py:3340} INFO - Setting next_dagrun for latest_only to 2022-11-20T09:00:41.354199+00:00, run_after=2022-11-20T13:00:41.354199+00:00
[2022-11-20T13:00:41.369+0000] {processor.py:176} INFO - Processing /home/airflow/.local/lib/python3.7/site-packages/airflow/example_dags/example_latest_only.py took 0.087 seconds
[2022-11-20T13:01:12.068+0000] {processor.py:154} INFO - Started process (PID=312) to work on /home/airflow/.local/lib/python3.7/site-packages/airflow/example_dags/example_latest_only.py
[2022-11-20T13:01:12.072+0000] {processor.py:756} INFO - Processing file /home/airflow/.local/lib/python3.7/site-packages/airflow/example_dags/example_latest_only.py for tasks to queue
[2022-11-20T13:01:12.073+0000] {logging_mixin.py:120} INFO - [2022-11-20T13:01:12.073+0000] {dagbag.py:537} INFO - Filling up the DagBag from /home/airflow/.local/lib/python3.7/site-packages/airflow/example_dags/example_latest_only.py
[2022-11-20T13:01:12.100+0000] {processor.py:766} INFO - DAG(s) dict_keys(['latest_only']) retrieved from /home/airflow/.local/lib/python3.7/site-packages/airflow/example_dags/example_latest_only.py
[2022-11-20T13:01:12.142+0000] {logging_mixin.py:120} INFO - [2022-11-20T13:01:12.142+0000] {dag.py:2585} INFO - Sync 1 DAGs
[2022-11-20T13:01:12.173+0000] {logging_mixin.py:120} INFO - [2022-11-20T13:01:12.173+0000] {dag.py:3340} INFO - Setting next_dagrun for latest_only to 2022-11-20T09:01:12.172917+00:00, run_after=2022-11-20T13:01:12.172917+00:00
[2022-11-20T13:01:12.196+0000] {processor.py:176} INFO - Processing /home/airflow/.local/lib/python3.7/site-packages/airflow/example_dags/example_latest_only.py took 0.131 seconds
[2022-11-20T13:01:42.242+0000] {processor.py:154} INFO - Started process (PID=381) to work on /home/airflow/.local/lib/python3.7/site-packages/airflow/example_dags/example_latest_only.py
[2022-11-20T13:01:42.245+0000] {processor.py:756} INFO - Processing file /home/airflow/.local/lib/python3.7/site-packages/airflow/example_dags/example_latest_only.py for tasks to queue
[2022-11-20T13:01:42.246+0000] {logging_mixin.py:120} INFO - [2022-11-20T13:01:42.246+0000] {dagbag.py:537} INFO - Filling up the DagBag from /home/airflow/.local/lib/python3.7/site-packages/airflow/example_dags/example_latest_only.py
[2022-11-20T13:01:42.268+0000] {processor.py:766} INFO - DAG(s) dict_keys(['latest_only']) retrieved from /home/airflow/.local/lib/python3.7/site-packages/airflow/example_dags/example_latest_only.py
[2022-11-20T13:01:42.302+0000] {logging_mixin.py:120} INFO - [2022-11-20T13:01:42.302+0000] {dag.py:2585} INFO - Sync 1 DAGs
[2022-11-20T13:01:42.318+0000] {logging_mixin.py:120} INFO - [2022-11-20T13:01:42.317+0000] {dag.py:3340} INFO - Setting next_dagrun for latest_only to 2022-11-20T09:01:42.317748+00:00, run_after=2022-11-20T13:01:42.317748+00:00
[2022-11-20T13:01:42.329+0000] {processor.py:176} INFO - Processing /home/airflow/.local/lib/python3.7/site-packages/airflow/example_dags/example_latest_only.py took 0.094 seconds
[2022-11-20T13:02:13.350+0000] {processor.py:154} INFO - Started process (PID=448) to work on /home/airflow/.local/lib/python3.7/site-packages/airflow/example_dags/example_latest_only.py
[2022-11-20T13:02:13.353+0000] {processor.py:756} INFO - Processing file /home/airflow/.local/lib/python3.7/site-packages/airflow/example_dags/example_latest_only.py for tasks to queue
[2022-11-20T13:02:13.355+0000] {logging_mixin.py:120} INFO - [2022-11-20T13:02:13.355+0000] {dagbag.py:537} INFO - Filling up the DagBag from /home/airflow/.local/lib/python3.7/site-packages/airflow/example_dags/example_latest_only.py
[2022-11-20T13:02:13.372+0000] {processor.py:766} INFO - DAG(s) dict_keys(['latest_only']) retrieved from /home/airflow/.local/lib/python3.7/site-packages/airflow/example_dags/example_latest_only.py
[2022-11-20T13:02:13.408+0000] {logging_mixin.py:120} INFO - [2022-11-20T13:02:13.408+0000] {dag.py:2585} INFO - Sync 1 DAGs
[2022-11-20T13:02:13.429+0000] {logging_mixin.py:120} INFO - [2022-11-20T13:02:13.429+0000] {dag.py:3340} INFO - Setting next_dagrun for latest_only to 2022-11-20T09:02:13.429448+00:00, run_after=2022-11-20T13:02:13.429448+00:00
[2022-11-20T13:02:13.442+0000] {processor.py:176} INFO - Processing /home/airflow/.local/lib/python3.7/site-packages/airflow/example_dags/example_latest_only.py took 0.095 seconds
[2022-11-20T13:02:44.142+0000] {processor.py:154} INFO - Started process (PID=517) to work on /home/airflow/.local/lib/python3.7/site-packages/airflow/example_dags/example_latest_only.py
[2022-11-20T13:02:44.144+0000] {processor.py:756} INFO - Processing file /home/airflow/.local/lib/python3.7/site-packages/airflow/example_dags/example_latest_only.py for tasks to queue
[2022-11-20T13:02:44.144+0000] {logging_mixin.py:120} INFO - [2022-11-20T13:02:44.144+0000] {dagbag.py:537} INFO - Filling up the DagBag from /home/airflow/.local/lib/python3.7/site-packages/airflow/example_dags/example_latest_only.py
[2022-11-20T13:02:44.157+0000] {processor.py:766} INFO - DAG(s) dict_keys(['latest_only']) retrieved from /home/airflow/.local/lib/python3.7/site-packages/airflow/example_dags/example_latest_only.py
[2022-11-20T13:02:44.180+0000] {logging_mixin.py:120} INFO - [2022-11-20T13:02:44.180+0000] {dag.py:2585} INFO - Sync 1 DAGs
[2022-11-20T13:02:44.193+0000] {logging_mixin.py:120} INFO - [2022-11-20T13:02:44.193+0000] {dag.py:3340} INFO - Setting next_dagrun for latest_only to 2022-11-20T09:02:44.192961+00:00, run_after=2022-11-20T13:02:44.192961+00:00
[2022-11-20T13:02:44.203+0000] {processor.py:176} INFO - Processing /home/airflow/.local/lib/python3.7/site-packages/airflow/example_dags/example_latest_only.py took 0.063 seconds
[2022-11-20T13:03:14.912+0000] {processor.py:154} INFO - Started process (PID=580) to work on /home/airflow/.local/lib/python3.7/site-packages/airflow/example_dags/example_latest_only.py
[2022-11-20T13:03:14.914+0000] {processor.py:756} INFO - Processing file /home/airflow/.local/lib/python3.7/site-packages/airflow/example_dags/example_latest_only.py for tasks to queue
[2022-11-20T13:03:14.915+0000] {logging_mixin.py:120} INFO - [2022-11-20T13:03:14.915+0000] {dagbag.py:537} INFO - Filling up the DagBag from /home/airflow/.local/lib/python3.7/site-packages/airflow/example_dags/example_latest_only.py
[2022-11-20T13:03:14.935+0000] {processor.py:766} INFO - DAG(s) dict_keys(['latest_only']) retrieved from /home/airflow/.local/lib/python3.7/site-packages/airflow/example_dags/example_latest_only.py
[2022-11-20T13:03:14.964+0000] {logging_mixin.py:120} INFO - [2022-11-20T13:03:14.964+0000] {dag.py:2585} INFO - Sync 1 DAGs
[2022-11-20T13:03:14.979+0000] {logging_mixin.py:120} INFO - [2022-11-20T13:03:14.979+0000] {dag.py:3340} INFO - Setting next_dagrun for latest_only to 2022-11-20T09:03:14.979004+00:00, run_after=2022-11-20T13:03:14.979004+00:00
[2022-11-20T13:03:14.990+0000] {processor.py:176} INFO - Processing /home/airflow/.local/lib/python3.7/site-packages/airflow/example_dags/example_latest_only.py took 0.083 seconds
[2022-11-20T13:03:45.874+0000] {processor.py:154} INFO - Started process (PID=648) to work on /home/airflow/.local/lib/python3.7/site-packages/airflow/example_dags/example_latest_only.py
[2022-11-20T13:03:45.875+0000] {processor.py:756} INFO - Processing file /home/airflow/.local/lib/python3.7/site-packages/airflow/example_dags/example_latest_only.py for tasks to queue
[2022-11-20T13:03:45.876+0000] {logging_mixin.py:120} INFO - [2022-11-20T13:03:45.876+0000] {dagbag.py:537} INFO - Filling up the DagBag from /home/airflow/.local/lib/python3.7/site-packages/airflow/example_dags/example_latest_only.py
[2022-11-20T13:03:45.889+0000] {processor.py:766} INFO - DAG(s) dict_keys(['latest_only']) retrieved from /home/airflow/.local/lib/python3.7/site-packages/airflow/example_dags/example_latest_only.py
[2022-11-20T13:03:45.912+0000] {logging_mixin.py:120} INFO - [2022-11-20T13:03:45.912+0000] {dag.py:2585} INFO - Sync 1 DAGs
[2022-11-20T13:03:45.926+0000] {logging_mixin.py:120} INFO - [2022-11-20T13:03:45.926+0000] {dag.py:3340} INFO - Setting next_dagrun for latest_only to 2022-11-20T09:03:45.926081+00:00, run_after=2022-11-20T13:03:45.926081+00:00
[2022-11-20T13:03:45.935+0000] {processor.py:176} INFO - Processing /home/airflow/.local/lib/python3.7/site-packages/airflow/example_dags/example_latest_only.py took 0.065 seconds
[2022-11-20T13:04:16.624+0000] {processor.py:154} INFO - Started process (PID=717) to work on /home/airflow/.local/lib/python3.7/site-packages/airflow/example_dags/example_latest_only.py
[2022-11-20T13:04:16.625+0000] {processor.py:756} INFO - Processing file /home/airflow/.local/lib/python3.7/site-packages/airflow/example_dags/example_latest_only.py for tasks to queue
[2022-11-20T13:04:16.625+0000] {logging_mixin.py:120} INFO - [2022-11-20T13:04:16.625+0000] {dagbag.py:537} INFO - Filling up the DagBag from /home/airflow/.local/lib/python3.7/site-packages/airflow/example_dags/example_latest_only.py
[2022-11-20T13:04:16.635+0000] {processor.py:766} INFO - DAG(s) dict_keys(['latest_only']) retrieved from /home/airflow/.local/lib/python3.7/site-packages/airflow/example_dags/example_latest_only.py
[2022-11-20T13:04:16.668+0000] {logging_mixin.py:120} INFO - [2022-11-20T13:04:16.668+0000] {dag.py:2585} INFO - Sync 1 DAGs
[2022-11-20T13:04:16.701+0000] {logging_mixin.py:120} INFO - [2022-11-20T13:04:16.701+0000] {dag.py:3340} INFO - Setting next_dagrun for latest_only to 2022-11-20T09:04:16.701053+00:00, run_after=2022-11-20T13:04:16.701053+00:00
[2022-11-20T13:04:16.716+0000] {processor.py:176} INFO - Processing /home/airflow/.local/lib/python3.7/site-packages/airflow/example_dags/example_latest_only.py took 0.093 seconds
[2022-11-20T13:04:46.768+0000] {processor.py:154} INFO - Started process (PID=777) to work on /home/airflow/.local/lib/python3.7/site-packages/airflow/example_dags/example_latest_only.py
[2022-11-20T13:04:46.770+0000] {processor.py:756} INFO - Processing file /home/airflow/.local/lib/python3.7/site-packages/airflow/example_dags/example_latest_only.py for tasks to queue
[2022-11-20T13:04:46.772+0000] {logging_mixin.py:120} INFO - [2022-11-20T13:04:46.772+0000] {dagbag.py:537} INFO - Filling up the DagBag from /home/airflow/.local/lib/python3.7/site-packages/airflow/example_dags/example_latest_only.py
[2022-11-20T13:04:46.793+0000] {processor.py:766} INFO - DAG(s) dict_keys(['latest_only']) retrieved from /home/airflow/.local/lib/python3.7/site-packages/airflow/example_dags/example_latest_only.py
[2022-11-20T13:04:46.820+0000] {logging_mixin.py:120} INFO - [2022-11-20T13:04:46.820+0000] {dag.py:2585} INFO - Sync 1 DAGs
[2022-11-20T13:04:46.835+0000] {logging_mixin.py:120} INFO - [2022-11-20T13:04:46.835+0000] {dag.py:3340} INFO - Setting next_dagrun for latest_only to 2022-11-20T09:04:46.834825+00:00, run_after=2022-11-20T13:04:46.834825+00:00
[2022-11-20T13:04:46.845+0000] {processor.py:176} INFO - Processing /home/airflow/.local/lib/python3.7/site-packages/airflow/example_dags/example_latest_only.py took 0.083 seconds
[2022-11-20T13:05:16.886+0000] {processor.py:154} INFO - Started process (PID=842) to work on /home/airflow/.local/lib/python3.7/site-packages/airflow/example_dags/example_latest_only.py
[2022-11-20T13:05:16.887+0000] {processor.py:756} INFO - Processing file /home/airflow/.local/lib/python3.7/site-packages/airflow/example_dags/example_latest_only.py for tasks to queue
[2022-11-20T13:05:16.888+0000] {logging_mixin.py:120} INFO - [2022-11-20T13:05:16.888+0000] {dagbag.py:537} INFO - Filling up the DagBag from /home/airflow/.local/lib/python3.7/site-packages/airflow/example_dags/example_latest_only.py
[2022-11-20T13:05:16.900+0000] {processor.py:766} INFO - DAG(s) dict_keys(['latest_only']) retrieved from /home/airflow/.local/lib/python3.7/site-packages/airflow/example_dags/example_latest_only.py
[2022-11-20T13:05:16.975+0000] {logging_mixin.py:120} INFO - [2022-11-20T13:05:16.974+0000] {dag.py:2585} INFO - Sync 1 DAGs
[2022-11-20T13:05:16.987+0000] {logging_mixin.py:120} INFO - [2022-11-20T13:05:16.987+0000] {dag.py:3340} INFO - Setting next_dagrun for latest_only to 2022-11-20T09:05:16.986898+00:00, run_after=2022-11-20T13:05:16.986898+00:00
[2022-11-20T13:05:16.997+0000] {processor.py:176} INFO - Processing /home/airflow/.local/lib/python3.7/site-packages/airflow/example_dags/example_latest_only.py took 0.115 seconds
[2022-11-20T13:05:47.643+0000] {processor.py:154} INFO - Started process (PID=910) to work on /home/airflow/.local/lib/python3.7/site-packages/airflow/example_dags/example_latest_only.py
[2022-11-20T13:05:47.645+0000] {processor.py:756} INFO - Processing file /home/airflow/.local/lib/python3.7/site-packages/airflow/example_dags/example_latest_only.py for tasks to queue
[2022-11-20T13:05:47.647+0000] {logging_mixin.py:120} INFO - [2022-11-20T13:05:47.647+0000] {dagbag.py:537} INFO - Filling up the DagBag from /home/airflow/.local/lib/python3.7/site-packages/airflow/example_dags/example_latest_only.py
[2022-11-20T13:05:47.656+0000] {processor.py:766} INFO - DAG(s) dict_keys(['latest_only']) retrieved from /home/airflow/.local/lib/python3.7/site-packages/airflow/example_dags/example_latest_only.py
[2022-11-20T13:05:47.678+0000] {logging_mixin.py:120} INFO - [2022-11-20T13:05:47.677+0000] {dag.py:2585} INFO - Sync 1 DAGs
[2022-11-20T13:05:47.690+0000] {logging_mixin.py:120} INFO - [2022-11-20T13:05:47.690+0000] {dag.py:3340} INFO - Setting next_dagrun for latest_only to 2022-11-20T09:05:47.690642+00:00, run_after=2022-11-20T13:05:47.690642+00:00
[2022-11-20T13:05:47.700+0000] {processor.py:176} INFO - Processing /home/airflow/.local/lib/python3.7/site-packages/airflow/example_dags/example_latest_only.py took 0.062 seconds
[2022-11-20T13:06:18.470+0000] {processor.py:154} INFO - Started process (PID=975) to work on /home/airflow/.local/lib/python3.7/site-packages/airflow/example_dags/example_latest_only.py
[2022-11-20T13:06:18.471+0000] {processor.py:756} INFO - Processing file /home/airflow/.local/lib/python3.7/site-packages/airflow/example_dags/example_latest_only.py for tasks to queue
[2022-11-20T13:06:18.472+0000] {logging_mixin.py:120} INFO - [2022-11-20T13:06:18.472+0000] {dagbag.py:537} INFO - Filling up the DagBag from /home/airflow/.local/lib/python3.7/site-packages/airflow/example_dags/example_latest_only.py
[2022-11-20T13:06:18.486+0000] {processor.py:766} INFO - DAG(s) dict_keys(['latest_only']) retrieved from /home/airflow/.local/lib/python3.7/site-packages/airflow/example_dags/example_latest_only.py
[2022-11-20T13:06:18.511+0000] {logging_mixin.py:120} INFO - [2022-11-20T13:06:18.511+0000] {dag.py:2585} INFO - Sync 1 DAGs
[2022-11-20T13:06:18.524+0000] {logging_mixin.py:120} INFO - [2022-11-20T13:06:18.524+0000] {dag.py:3340} INFO - Setting next_dagrun for latest_only to 2022-11-20T09:06:18.523968+00:00, run_after=2022-11-20T13:06:18.523968+00:00
[2022-11-20T13:06:18.534+0000] {processor.py:176} INFO - Processing /home/airflow/.local/lib/python3.7/site-packages/airflow/example_dags/example_latest_only.py took 0.069 seconds
[2022-11-20T13:06:49.267+0000] {processor.py:154} INFO - Started process (PID=1043) to work on /home/airflow/.local/lib/python3.7/site-packages/airflow/example_dags/example_latest_only.py
[2022-11-20T13:06:49.268+0000] {processor.py:756} INFO - Processing file /home/airflow/.local/lib/python3.7/site-packages/airflow/example_dags/example_latest_only.py for tasks to queue
[2022-11-20T13:06:49.268+0000] {logging_mixin.py:120} INFO - [2022-11-20T13:06:49.268+0000] {dagbag.py:537} INFO - Filling up the DagBag from /home/airflow/.local/lib/python3.7/site-packages/airflow/example_dags/example_latest_only.py
[2022-11-20T13:06:49.280+0000] {processor.py:766} INFO - DAG(s) dict_keys(['latest_only']) retrieved from /home/airflow/.local/lib/python3.7/site-packages/airflow/example_dags/example_latest_only.py
[2022-11-20T13:06:49.305+0000] {logging_mixin.py:120} INFO - [2022-11-20T13:06:49.305+0000] {dag.py:2585} INFO - Sync 1 DAGs
[2022-11-20T13:06:49.318+0000] {logging_mixin.py:120} INFO - [2022-11-20T13:06:49.318+0000] {dag.py:3340} INFO - Setting next_dagrun for latest_only to 2022-11-20T09:06:49.318072+00:00, run_after=2022-11-20T13:06:49.318072+00:00
[2022-11-20T13:06:49.328+0000] {processor.py:176} INFO - Processing /home/airflow/.local/lib/python3.7/site-packages/airflow/example_dags/example_latest_only.py took 0.064 seconds
[2022-11-20T13:18:22.426+0000] {processor.py:154} INFO - Started process (PID=1088) to work on /home/airflow/.local/lib/python3.7/site-packages/airflow/example_dags/example_latest_only.py
[2022-11-20T13:18:22.426+0000] {processor.py:756} INFO - Processing file /home/airflow/.local/lib/python3.7/site-packages/airflow/example_dags/example_latest_only.py for tasks to queue
[2022-11-20T13:18:22.427+0000] {logging_mixin.py:120} INFO - [2022-11-20T13:18:22.427+0000] {dagbag.py:537} INFO - Filling up the DagBag from /home/airflow/.local/lib/python3.7/site-packages/airflow/example_dags/example_latest_only.py
[2022-11-20T13:18:22.436+0000] {processor.py:766} INFO - DAG(s) dict_keys(['latest_only']) retrieved from /home/airflow/.local/lib/python3.7/site-packages/airflow/example_dags/example_latest_only.py
[2022-11-20T13:18:22.461+0000] {logging_mixin.py:120} INFO - [2022-11-20T13:18:22.461+0000] {dag.py:2585} INFO - Sync 1 DAGs
[2022-11-20T13:18:22.474+0000] {logging_mixin.py:120} INFO - [2022-11-20T13:18:22.474+0000] {dag.py:3340} INFO - Setting next_dagrun for latest_only to 2022-11-20T09:18:22.474729+00:00, run_after=2022-11-20T13:18:22.474729+00:00
[2022-11-20T13:18:22.488+0000] {processor.py:176} INFO - Processing /home/airflow/.local/lib/python3.7/site-packages/airflow/example_dags/example_latest_only.py took 0.064 seconds
[2022-11-20T13:18:53.325+0000] {processor.py:154} INFO - Started process (PID=1155) to work on /home/airflow/.local/lib/python3.7/site-packages/airflow/example_dags/example_latest_only.py
[2022-11-20T13:18:53.326+0000] {processor.py:756} INFO - Processing file /home/airflow/.local/lib/python3.7/site-packages/airflow/example_dags/example_latest_only.py for tasks to queue
[2022-11-20T13:18:53.327+0000] {logging_mixin.py:120} INFO - [2022-11-20T13:18:53.327+0000] {dagbag.py:537} INFO - Filling up the DagBag from /home/airflow/.local/lib/python3.7/site-packages/airflow/example_dags/example_latest_only.py
[2022-11-20T13:18:53.346+0000] {processor.py:766} INFO - DAG(s) dict_keys(['latest_only']) retrieved from /home/airflow/.local/lib/python3.7/site-packages/airflow/example_dags/example_latest_only.py
[2022-11-20T13:18:53.380+0000] {logging_mixin.py:120} INFO - [2022-11-20T13:18:53.380+0000] {dag.py:2585} INFO - Sync 1 DAGs
[2022-11-20T13:18:53.401+0000] {logging_mixin.py:120} INFO - [2022-11-20T13:18:53.401+0000] {dag.py:3340} INFO - Setting next_dagrun for latest_only to 2022-11-20T09:18:53.400874+00:00, run_after=2022-11-20T13:18:53.400874+00:00
[2022-11-20T13:18:53.411+0000] {processor.py:176} INFO - Processing /home/airflow/.local/lib/python3.7/site-packages/airflow/example_dags/example_latest_only.py took 0.091 seconds
[2022-11-20T13:19:24.329+0000] {processor.py:154} INFO - Started process (PID=1222) to work on /home/airflow/.local/lib/python3.7/site-packages/airflow/example_dags/example_latest_only.py
[2022-11-20T13:19:24.330+0000] {processor.py:756} INFO - Processing file /home/airflow/.local/lib/python3.7/site-packages/airflow/example_dags/example_latest_only.py for tasks to queue
[2022-11-20T13:19:24.330+0000] {logging_mixin.py:120} INFO - [2022-11-20T13:19:24.330+0000] {dagbag.py:537} INFO - Filling up the DagBag from /home/airflow/.local/lib/python3.7/site-packages/airflow/example_dags/example_latest_only.py
[2022-11-20T13:19:24.350+0000] {processor.py:766} INFO - DAG(s) dict_keys(['latest_only']) retrieved from /home/airflow/.local/lib/python3.7/site-packages/airflow/example_dags/example_latest_only.py
[2022-11-20T13:19:24.393+0000] {logging_mixin.py:120} INFO - [2022-11-20T13:19:24.393+0000] {dag.py:2585} INFO - Sync 1 DAGs
[2022-11-20T13:19:24.406+0000] {logging_mixin.py:120} INFO - [2022-11-20T13:19:24.406+0000] {dag.py:3340} INFO - Setting next_dagrun for latest_only to 2022-11-20T09:19:24.406095+00:00, run_after=2022-11-20T13:19:24.406095+00:00
[2022-11-20T13:19:24.442+0000] {processor.py:176} INFO - Processing /home/airflow/.local/lib/python3.7/site-packages/airflow/example_dags/example_latest_only.py took 0.116 seconds
[2022-11-20T13:19:55.164+0000] {processor.py:154} INFO - Started process (PID=1283) to work on /home/airflow/.local/lib/python3.7/site-packages/airflow/example_dags/example_latest_only.py
[2022-11-20T13:19:55.168+0000] {processor.py:756} INFO - Processing file /home/airflow/.local/lib/python3.7/site-packages/airflow/example_dags/example_latest_only.py for tasks to queue
[2022-11-20T13:19:55.170+0000] {logging_mixin.py:120} INFO - [2022-11-20T13:19:55.169+0000] {dagbag.py:537} INFO - Filling up the DagBag from /home/airflow/.local/lib/python3.7/site-packages/airflow/example_dags/example_latest_only.py
[2022-11-20T13:19:55.194+0000] {processor.py:766} INFO - DAG(s) dict_keys(['latest_only']) retrieved from /home/airflow/.local/lib/python3.7/site-packages/airflow/example_dags/example_latest_only.py
[2022-11-20T13:19:55.228+0000] {logging_mixin.py:120} INFO - [2022-11-20T13:19:55.228+0000] {dag.py:2585} INFO - Sync 1 DAGs
[2022-11-20T13:19:55.243+0000] {logging_mixin.py:120} INFO - [2022-11-20T13:19:55.243+0000] {dag.py:3340} INFO - Setting next_dagrun for latest_only to 2022-11-20T09:19:55.243127+00:00, run_after=2022-11-20T13:19:55.243127+00:00
[2022-11-20T13:19:55.255+0000] {processor.py:176} INFO - Processing /home/airflow/.local/lib/python3.7/site-packages/airflow/example_dags/example_latest_only.py took 0.095 seconds
[2022-11-20T13:20:26.294+0000] {processor.py:154} INFO - Started process (PID=1349) to work on /home/airflow/.local/lib/python3.7/site-packages/airflow/example_dags/example_latest_only.py
[2022-11-20T13:20:26.296+0000] {processor.py:756} INFO - Processing file /home/airflow/.local/lib/python3.7/site-packages/airflow/example_dags/example_latest_only.py for tasks to queue
[2022-11-20T13:20:26.297+0000] {logging_mixin.py:120} INFO - [2022-11-20T13:20:26.297+0000] {dagbag.py:537} INFO - Filling up the DagBag from /home/airflow/.local/lib/python3.7/site-packages/airflow/example_dags/example_latest_only.py
[2022-11-20T13:20:26.318+0000] {processor.py:766} INFO - DAG(s) dict_keys(['latest_only']) retrieved from /home/airflow/.local/lib/python3.7/site-packages/airflow/example_dags/example_latest_only.py
[2022-11-20T13:20:26.346+0000] {logging_mixin.py:120} INFO - [2022-11-20T13:20:26.346+0000] {dag.py:2585} INFO - Sync 1 DAGs
[2022-11-20T13:20:26.365+0000] {logging_mixin.py:120} INFO - [2022-11-20T13:20:26.365+0000] {dag.py:3340} INFO - Setting next_dagrun for latest_only to 2022-11-20T09:20:26.365337+00:00, run_after=2022-11-20T13:20:26.365337+00:00
[2022-11-20T13:20:26.376+0000] {processor.py:176} INFO - Processing /home/airflow/.local/lib/python3.7/site-packages/airflow/example_dags/example_latest_only.py took 0.087 seconds
[2022-11-20T13:20:57.230+0000] {processor.py:154} INFO - Started process (PID=1416) to work on /home/airflow/.local/lib/python3.7/site-packages/airflow/example_dags/example_latest_only.py
[2022-11-20T13:20:57.232+0000] {processor.py:756} INFO - Processing file /home/airflow/.local/lib/python3.7/site-packages/airflow/example_dags/example_latest_only.py for tasks to queue
[2022-11-20T13:20:57.234+0000] {logging_mixin.py:120} INFO - [2022-11-20T13:20:57.233+0000] {dagbag.py:537} INFO - Filling up the DagBag from /home/airflow/.local/lib/python3.7/site-packages/airflow/example_dags/example_latest_only.py
[2022-11-20T13:20:57.274+0000] {processor.py:766} INFO - DAG(s) dict_keys(['latest_only']) retrieved from /home/airflow/.local/lib/python3.7/site-packages/airflow/example_dags/example_latest_only.py
[2022-11-20T13:20:57.310+0000] {logging_mixin.py:120} INFO - [2022-11-20T13:20:57.310+0000] {dag.py:2585} INFO - Sync 1 DAGs
[2022-11-20T13:20:57.330+0000] {logging_mixin.py:120} INFO - [2022-11-20T13:20:57.330+0000] {dag.py:3340} INFO - Setting next_dagrun for latest_only to 2022-11-20T09:20:57.330540+00:00, run_after=2022-11-20T13:20:57.330540+00:00
[2022-11-20T13:20:57.342+0000] {processor.py:176} INFO - Processing /home/airflow/.local/lib/python3.7/site-packages/airflow/example_dags/example_latest_only.py took 0.117 seconds
[2022-11-20T13:21:28.142+0000] {processor.py:154} INFO - Started process (PID=1484) to work on /home/airflow/.local/lib/python3.7/site-packages/airflow/example_dags/example_latest_only.py
[2022-11-20T13:21:28.143+0000] {processor.py:756} INFO - Processing file /home/airflow/.local/lib/python3.7/site-packages/airflow/example_dags/example_latest_only.py for tasks to queue
[2022-11-20T13:21:28.145+0000] {logging_mixin.py:120} INFO - [2022-11-20T13:21:28.145+0000] {dagbag.py:537} INFO - Filling up the DagBag from /home/airflow/.local/lib/python3.7/site-packages/airflow/example_dags/example_latest_only.py
[2022-11-20T13:21:28.165+0000] {processor.py:766} INFO - DAG(s) dict_keys(['latest_only']) retrieved from /home/airflow/.local/lib/python3.7/site-packages/airflow/example_dags/example_latest_only.py
[2022-11-20T13:21:28.194+0000] {logging_mixin.py:120} INFO - [2022-11-20T13:21:28.194+0000] {dag.py:2585} INFO - Sync 1 DAGs
[2022-11-20T13:21:28.208+0000] {logging_mixin.py:120} INFO - [2022-11-20T13:21:28.208+0000] {dag.py:3340} INFO - Setting next_dagrun for latest_only to 2022-11-20T09:21:28.208652+00:00, run_after=2022-11-20T13:21:28.208652+00:00
[2022-11-20T13:21:28.220+0000] {processor.py:176} INFO - Processing /home/airflow/.local/lib/python3.7/site-packages/airflow/example_dags/example_latest_only.py took 0.083 seconds
[2022-11-20T13:21:59.179+0000] {processor.py:154} INFO - Started process (PID=1549) to work on /home/airflow/.local/lib/python3.7/site-packages/airflow/example_dags/example_latest_only.py
[2022-11-20T13:21:59.183+0000] {processor.py:756} INFO - Processing file /home/airflow/.local/lib/python3.7/site-packages/airflow/example_dags/example_latest_only.py for tasks to queue
[2022-11-20T13:21:59.184+0000] {logging_mixin.py:120} INFO - [2022-11-20T13:21:59.184+0000] {dagbag.py:537} INFO - Filling up the DagBag from /home/airflow/.local/lib/python3.7/site-packages/airflow/example_dags/example_latest_only.py
[2022-11-20T13:21:59.206+0000] {processor.py:766} INFO - DAG(s) dict_keys(['latest_only']) retrieved from /home/airflow/.local/lib/python3.7/site-packages/airflow/example_dags/example_latest_only.py
[2022-11-20T13:21:59.249+0000] {logging_mixin.py:120} INFO - [2022-11-20T13:21:59.249+0000] {dag.py:2585} INFO - Sync 1 DAGs
[2022-11-20T13:21:59.264+0000] {logging_mixin.py:120} INFO - [2022-11-20T13:21:59.264+0000] {dag.py:3340} INFO - Setting next_dagrun for latest_only to 2022-11-20T09:21:59.264150+00:00, run_after=2022-11-20T13:21:59.264150+00:00
[2022-11-20T13:21:59.275+0000] {processor.py:176} INFO - Processing /home/airflow/.local/lib/python3.7/site-packages/airflow/example_dags/example_latest_only.py took 0.100 seconds
[2022-11-20T13:22:30.250+0000] {processor.py:154} INFO - Started process (PID=1619) to work on /home/airflow/.local/lib/python3.7/site-packages/airflow/example_dags/example_latest_only.py
[2022-11-20T13:22:30.251+0000] {processor.py:756} INFO - Processing file /home/airflow/.local/lib/python3.7/site-packages/airflow/example_dags/example_latest_only.py for tasks to queue
[2022-11-20T13:22:30.251+0000] {logging_mixin.py:120} INFO - [2022-11-20T13:22:30.251+0000] {dagbag.py:537} INFO - Filling up the DagBag from /home/airflow/.local/lib/python3.7/site-packages/airflow/example_dags/example_latest_only.py
[2022-11-20T13:22:30.261+0000] {processor.py:766} INFO - DAG(s) dict_keys(['latest_only']) retrieved from /home/airflow/.local/lib/python3.7/site-packages/airflow/example_dags/example_latest_only.py
[2022-11-20T13:22:30.284+0000] {logging_mixin.py:120} INFO - [2022-11-20T13:22:30.284+0000] {dag.py:2585} INFO - Sync 1 DAGs
[2022-11-20T13:22:30.297+0000] {logging_mixin.py:120} INFO - [2022-11-20T13:22:30.297+0000] {dag.py:3340} INFO - Setting next_dagrun for latest_only to 2022-11-20T09:22:30.297561+00:00, run_after=2022-11-20T13:22:30.297561+00:00
[2022-11-20T13:22:30.313+0000] {processor.py:176} INFO - Processing /home/airflow/.local/lib/python3.7/site-packages/airflow/example_dags/example_latest_only.py took 0.065 seconds
[2022-11-20T13:23:00.400+0000] {processor.py:154} INFO - Started process (PID=1686) to work on /home/airflow/.local/lib/python3.7/site-packages/airflow/example_dags/example_latest_only.py
[2022-11-20T13:23:00.401+0000] {processor.py:756} INFO - Processing file /home/airflow/.local/lib/python3.7/site-packages/airflow/example_dags/example_latest_only.py for tasks to queue
[2022-11-20T13:23:00.402+0000] {logging_mixin.py:120} INFO - [2022-11-20T13:23:00.401+0000] {dagbag.py:537} INFO - Filling up the DagBag from /home/airflow/.local/lib/python3.7/site-packages/airflow/example_dags/example_latest_only.py
[2022-11-20T13:23:00.412+0000] {processor.py:766} INFO - DAG(s) dict_keys(['latest_only']) retrieved from /home/airflow/.local/lib/python3.7/site-packages/airflow/example_dags/example_latest_only.py
[2022-11-20T13:23:00.439+0000] {logging_mixin.py:120} INFO - [2022-11-20T13:23:00.438+0000] {dag.py:2585} INFO - Sync 1 DAGs
[2022-11-20T13:23:00.453+0000] {logging_mixin.py:120} INFO - [2022-11-20T13:23:00.453+0000] {dag.py:3340} INFO - Setting next_dagrun for latest_only to 2022-11-20T09:23:00.453364+00:00, run_after=2022-11-20T13:23:00.453364+00:00
[2022-11-20T13:23:00.466+0000] {processor.py:176} INFO - Processing /home/airflow/.local/lib/python3.7/site-packages/airflow/example_dags/example_latest_only.py took 0.069 seconds
[2022-11-20T13:23:30.627+0000] {processor.py:154} INFO - Started process (PID=1745) to work on /home/airflow/.local/lib/python3.7/site-packages/airflow/example_dags/example_latest_only.py
[2022-11-20T13:23:30.629+0000] {processor.py:756} INFO - Processing file /home/airflow/.local/lib/python3.7/site-packages/airflow/example_dags/example_latest_only.py for tasks to queue
[2022-11-20T13:23:30.630+0000] {logging_mixin.py:120} INFO - [2022-11-20T13:23:30.630+0000] {dagbag.py:537} INFO - Filling up the DagBag from /home/airflow/.local/lib/python3.7/site-packages/airflow/example_dags/example_latest_only.py
[2022-11-20T13:23:30.650+0000] {processor.py:766} INFO - DAG(s) dict_keys(['latest_only']) retrieved from /home/airflow/.local/lib/python3.7/site-packages/airflow/example_dags/example_latest_only.py
[2022-11-20T13:23:30.681+0000] {logging_mixin.py:120} INFO - [2022-11-20T13:23:30.680+0000] {dag.py:2585} INFO - Sync 1 DAGs
[2022-11-20T13:23:30.695+0000] {logging_mixin.py:120} INFO - [2022-11-20T13:23:30.695+0000] {dag.py:3340} INFO - Setting next_dagrun for latest_only to 2022-11-20T09:23:30.694839+00:00, run_after=2022-11-20T13:23:30.694839+00:00
[2022-11-20T13:23:30.707+0000] {processor.py:176} INFO - Processing /home/airflow/.local/lib/python3.7/site-packages/airflow/example_dags/example_latest_only.py took 0.083 seconds
[2022-11-20T13:24:00.788+0000] {processor.py:154} INFO - Started process (PID=1815) to work on /home/airflow/.local/lib/python3.7/site-packages/airflow/example_dags/example_latest_only.py
[2022-11-20T13:24:00.789+0000] {processor.py:756} INFO - Processing file /home/airflow/.local/lib/python3.7/site-packages/airflow/example_dags/example_latest_only.py for tasks to queue
[2022-11-20T13:24:00.790+0000] {logging_mixin.py:120} INFO - [2022-11-20T13:24:00.790+0000] {dagbag.py:537} INFO - Filling up the DagBag from /home/airflow/.local/lib/python3.7/site-packages/airflow/example_dags/example_latest_only.py
[2022-11-20T13:24:00.805+0000] {processor.py:766} INFO - DAG(s) dict_keys(['latest_only']) retrieved from /home/airflow/.local/lib/python3.7/site-packages/airflow/example_dags/example_latest_only.py
[2022-11-20T13:24:00.832+0000] {logging_mixin.py:120} INFO - [2022-11-20T13:24:00.831+0000] {dag.py:2585} INFO - Sync 1 DAGs
[2022-11-20T13:24:00.845+0000] {logging_mixin.py:120} INFO - [2022-11-20T13:24:00.845+0000] {dag.py:3340} INFO - Setting next_dagrun for latest_only to 2022-11-20T09:24:00.844884+00:00, run_after=2022-11-20T13:24:00.844884+00:00
[2022-11-20T13:24:00.855+0000] {processor.py:176} INFO - Processing /home/airflow/.local/lib/python3.7/site-packages/airflow/example_dags/example_latest_only.py took 0.071 seconds
[2022-11-20T13:24:30.879+0000] {processor.py:154} INFO - Started process (PID=1884) to work on /home/airflow/.local/lib/python3.7/site-packages/airflow/example_dags/example_latest_only.py
[2022-11-20T13:24:30.880+0000] {processor.py:756} INFO - Processing file /home/airflow/.local/lib/python3.7/site-packages/airflow/example_dags/example_latest_only.py for tasks to queue
[2022-11-20T13:24:30.880+0000] {logging_mixin.py:120} INFO - [2022-11-20T13:24:30.880+0000] {dagbag.py:537} INFO - Filling up the DagBag from /home/airflow/.local/lib/python3.7/site-packages/airflow/example_dags/example_latest_only.py
[2022-11-20T13:24:30.887+0000] {processor.py:766} INFO - DAG(s) dict_keys(['latest_only']) retrieved from /home/airflow/.local/lib/python3.7/site-packages/airflow/example_dags/example_latest_only.py
[2022-11-20T13:24:30.907+0000] {logging_mixin.py:120} INFO - [2022-11-20T13:24:30.907+0000] {dag.py:2585} INFO - Sync 1 DAGs
[2022-11-20T13:24:30.919+0000] {logging_mixin.py:120} INFO - [2022-11-20T13:24:30.919+0000] {dag.py:3340} INFO - Setting next_dagrun for latest_only to 2022-11-20T09:24:30.919748+00:00, run_after=2022-11-20T13:24:30.919748+00:00
[2022-11-20T13:24:30.929+0000] {processor.py:176} INFO - Processing /home/airflow/.local/lib/python3.7/site-packages/airflow/example_dags/example_latest_only.py took 0.052 seconds
[2022-11-20T13:25:01.925+0000] {processor.py:154} INFO - Started process (PID=1952) to work on /home/airflow/.local/lib/python3.7/site-packages/airflow/example_dags/example_latest_only.py
[2022-11-20T13:25:01.926+0000] {processor.py:756} INFO - Processing file /home/airflow/.local/lib/python3.7/site-packages/airflow/example_dags/example_latest_only.py for tasks to queue
[2022-11-20T13:25:01.927+0000] {logging_mixin.py:120} INFO - [2022-11-20T13:25:01.927+0000] {dagbag.py:537} INFO - Filling up the DagBag from /home/airflow/.local/lib/python3.7/site-packages/airflow/example_dags/example_latest_only.py
[2022-11-20T13:25:01.944+0000] {processor.py:766} INFO - DAG(s) dict_keys(['latest_only']) retrieved from /home/airflow/.local/lib/python3.7/site-packages/airflow/example_dags/example_latest_only.py
[2022-11-20T13:25:01.969+0000] {logging_mixin.py:120} INFO - [2022-11-20T13:25:01.969+0000] {dag.py:2585} INFO - Sync 1 DAGs
[2022-11-20T13:25:01.982+0000] {logging_mixin.py:120} INFO - [2022-11-20T13:25:01.982+0000] {dag.py:3340} INFO - Setting next_dagrun for latest_only to 2022-11-20T09:25:01.982352+00:00, run_after=2022-11-20T13:25:01.982352+00:00
[2022-11-20T13:25:01.994+0000] {processor.py:176} INFO - Processing /home/airflow/.local/lib/python3.7/site-packages/airflow/example_dags/example_latest_only.py took 0.072 seconds
[2022-11-20T13:25:32.673+0000] {processor.py:154} INFO - Started process (PID=2023) to work on /home/airflow/.local/lib/python3.7/site-packages/airflow/example_dags/example_latest_only.py
[2022-11-20T13:25:32.674+0000] {processor.py:756} INFO - Processing file /home/airflow/.local/lib/python3.7/site-packages/airflow/example_dags/example_latest_only.py for tasks to queue
[2022-11-20T13:25:32.674+0000] {logging_mixin.py:120} INFO - [2022-11-20T13:25:32.674+0000] {dagbag.py:537} INFO - Filling up the DagBag from /home/airflow/.local/lib/python3.7/site-packages/airflow/example_dags/example_latest_only.py
[2022-11-20T13:25:32.683+0000] {processor.py:766} INFO - DAG(s) dict_keys(['latest_only']) retrieved from /home/airflow/.local/lib/python3.7/site-packages/airflow/example_dags/example_latest_only.py
[2022-11-20T13:25:32.710+0000] {logging_mixin.py:120} INFO - [2022-11-20T13:25:32.710+0000] {dag.py:2585} INFO - Sync 1 DAGs
[2022-11-20T13:25:32.724+0000] {logging_mixin.py:120} INFO - [2022-11-20T13:25:32.724+0000] {dag.py:3340} INFO - Setting next_dagrun for latest_only to 2022-11-20T09:25:32.724164+00:00, run_after=2022-11-20T13:25:32.724164+00:00
[2022-11-20T13:25:32.736+0000] {processor.py:176} INFO - Processing /home/airflow/.local/lib/python3.7/site-packages/airflow/example_dags/example_latest_only.py took 0.064 seconds
[2022-11-20T13:58:06.287+0000] {processor.py:154} INFO - Started process (PID=2071) to work on /home/airflow/.local/lib/python3.7/site-packages/airflow/example_dags/example_latest_only.py
[2022-11-20T13:58:06.298+0000] {processor.py:756} INFO - Processing file /home/airflow/.local/lib/python3.7/site-packages/airflow/example_dags/example_latest_only.py for tasks to queue
[2022-11-20T13:58:06.298+0000] {logging_mixin.py:120} INFO - [2022-11-20T13:58:06.298+0000] {dagbag.py:537} INFO - Filling up the DagBag from /home/airflow/.local/lib/python3.7/site-packages/airflow/example_dags/example_latest_only.py
[2022-11-20T13:58:06.324+0000] {processor.py:766} INFO - DAG(s) dict_keys(['latest_only']) retrieved from /home/airflow/.local/lib/python3.7/site-packages/airflow/example_dags/example_latest_only.py
[2022-11-20T13:58:06.366+0000] {logging_mixin.py:120} INFO - [2022-11-20T13:58:06.366+0000] {dag.py:2585} INFO - Sync 1 DAGs
[2022-11-20T13:58:06.384+0000] {logging_mixin.py:120} INFO - [2022-11-20T13:58:06.384+0000] {dag.py:3340} INFO - Setting next_dagrun for latest_only to 2022-11-20T09:58:06.384191+00:00, run_after=2022-11-20T13:58:06.384191+00:00
[2022-11-20T13:58:06.396+0000] {processor.py:176} INFO - Processing /home/airflow/.local/lib/python3.7/site-packages/airflow/example_dags/example_latest_only.py took 0.115 seconds
[2022-11-20T14:14:21.827+0000] {processor.py:154} INFO - Started process (PID=2121) to work on /home/airflow/.local/lib/python3.7/site-packages/airflow/example_dags/example_latest_only.py
[2022-11-20T14:14:21.828+0000] {processor.py:756} INFO - Processing file /home/airflow/.local/lib/python3.7/site-packages/airflow/example_dags/example_latest_only.py for tasks to queue
[2022-11-20T14:14:21.829+0000] {logging_mixin.py:120} INFO - [2022-11-20T14:14:21.829+0000] {dagbag.py:537} INFO - Filling up the DagBag from /home/airflow/.local/lib/python3.7/site-packages/airflow/example_dags/example_latest_only.py
[2022-11-20T14:14:21.839+0000] {processor.py:766} INFO - DAG(s) dict_keys(['latest_only']) retrieved from /home/airflow/.local/lib/python3.7/site-packages/airflow/example_dags/example_latest_only.py
[2022-11-20T14:14:21.863+0000] {logging_mixin.py:120} INFO - [2022-11-20T14:14:21.863+0000] {dag.py:2585} INFO - Sync 1 DAGs
[2022-11-20T14:14:21.876+0000] {logging_mixin.py:120} INFO - [2022-11-20T14:14:21.876+0000] {dag.py:3340} INFO - Setting next_dagrun for latest_only to 2022-11-20T10:14:21.876246+00:00, run_after=2022-11-20T14:14:21.876246+00:00
[2022-11-20T14:14:21.891+0000] {processor.py:176} INFO - Processing /home/airflow/.local/lib/python3.7/site-packages/airflow/example_dags/example_latest_only.py took 0.068 seconds
[2022-11-20T14:44:47.510+0000] {processor.py:154} INFO - Started process (PID=2168) to work on /home/airflow/.local/lib/python3.7/site-packages/airflow/example_dags/example_latest_only.py
[2022-11-20T14:44:47.511+0000] {processor.py:756} INFO - Processing file /home/airflow/.local/lib/python3.7/site-packages/airflow/example_dags/example_latest_only.py for tasks to queue
[2022-11-20T14:44:47.511+0000] {logging_mixin.py:120} INFO - [2022-11-20T14:44:47.511+0000] {dagbag.py:537} INFO - Filling up the DagBag from /home/airflow/.local/lib/python3.7/site-packages/airflow/example_dags/example_latest_only.py
[2022-11-20T14:44:47.520+0000] {processor.py:766} INFO - DAG(s) dict_keys(['latest_only']) retrieved from /home/airflow/.local/lib/python3.7/site-packages/airflow/example_dags/example_latest_only.py
[2022-11-20T14:44:47.541+0000] {logging_mixin.py:120} INFO - [2022-11-20T14:44:47.541+0000] {dag.py:2585} INFO - Sync 1 DAGs
[2022-11-20T14:44:47.556+0000] {logging_mixin.py:120} INFO - [2022-11-20T14:44:47.556+0000] {dag.py:3340} INFO - Setting next_dagrun for latest_only to 2022-11-20T10:44:47.556078+00:00, run_after=2022-11-20T14:44:47.556078+00:00
[2022-11-20T14:44:47.568+0000] {processor.py:176} INFO - Processing /home/airflow/.local/lib/python3.7/site-packages/airflow/example_dags/example_latest_only.py took 0.059 seconds
[2022-11-20T15:18:04.932+0000] {processor.py:154} INFO - Started process (PID=2215) to work on /home/airflow/.local/lib/python3.7/site-packages/airflow/example_dags/example_latest_only.py
[2022-11-20T15:18:04.939+0000] {processor.py:756} INFO - Processing file /home/airflow/.local/lib/python3.7/site-packages/airflow/example_dags/example_latest_only.py for tasks to queue
[2022-11-20T15:18:04.939+0000] {logging_mixin.py:120} INFO - [2022-11-20T15:18:04.939+0000] {dagbag.py:537} INFO - Filling up the DagBag from /home/airflow/.local/lib/python3.7/site-packages/airflow/example_dags/example_latest_only.py
[2022-11-20T15:18:04.954+0000] {processor.py:766} INFO - DAG(s) dict_keys(['latest_only']) retrieved from /home/airflow/.local/lib/python3.7/site-packages/airflow/example_dags/example_latest_only.py
[2022-11-20T15:18:05.027+0000] {logging_mixin.py:120} INFO - [2022-11-20T15:18:05.027+0000] {dag.py:2585} INFO - Sync 1 DAGs
[2022-11-20T15:18:05.053+0000] {logging_mixin.py:120} INFO - [2022-11-20T15:18:05.053+0000] {dag.py:3340} INFO - Setting next_dagrun for latest_only to 2022-11-20T11:18:05.053140+00:00, run_after=2022-11-20T15:18:05.053140+00:00
[2022-11-20T15:18:05.080+0000] {processor.py:176} INFO - Processing /home/airflow/.local/lib/python3.7/site-packages/airflow/example_dags/example_latest_only.py took 0.149 seconds
[2022-11-20T15:39:03.114+0000] {processor.py:154} INFO - Started process (PID=2252) to work on /home/airflow/.local/lib/python3.7/site-packages/airflow/example_dags/example_latest_only.py
[2022-11-20T15:39:03.114+0000] {processor.py:756} INFO - Processing file /home/airflow/.local/lib/python3.7/site-packages/airflow/example_dags/example_latest_only.py for tasks to queue
[2022-11-20T15:39:03.115+0000] {logging_mixin.py:120} INFO - [2022-11-20T15:39:03.115+0000] {dagbag.py:537} INFO - Filling up the DagBag from /home/airflow/.local/lib/python3.7/site-packages/airflow/example_dags/example_latest_only.py
[2022-11-20T15:39:03.122+0000] {processor.py:766} INFO - DAG(s) dict_keys(['latest_only']) retrieved from /home/airflow/.local/lib/python3.7/site-packages/airflow/example_dags/example_latest_only.py
[2022-11-20T15:39:03.145+0000] {logging_mixin.py:120} INFO - [2022-11-20T15:39:03.144+0000] {dag.py:2585} INFO - Sync 1 DAGs
[2022-11-20T15:39:03.158+0000] {logging_mixin.py:120} INFO - [2022-11-20T15:39:03.158+0000] {dag.py:3340} INFO - Setting next_dagrun for latest_only to 2022-11-20T11:39:03.158579+00:00, run_after=2022-11-20T15:39:03.158579+00:00
[2022-11-20T15:39:03.169+0000] {processor.py:176} INFO - Processing /home/airflow/.local/lib/python3.7/site-packages/airflow/example_dags/example_latest_only.py took 0.057 seconds
[2022-11-20T15:51:03.239+0000] {processor.py:154} INFO - Started process (PID=2298) to work on /home/airflow/.local/lib/python3.7/site-packages/airflow/example_dags/example_latest_only.py
[2022-11-20T15:51:03.239+0000] {processor.py:756} INFO - Processing file /home/airflow/.local/lib/python3.7/site-packages/airflow/example_dags/example_latest_only.py for tasks to queue
[2022-11-20T15:51:03.241+0000] {logging_mixin.py:120} INFO - [2022-11-20T15:51:03.241+0000] {dagbag.py:537} INFO - Filling up the DagBag from /home/airflow/.local/lib/python3.7/site-packages/airflow/example_dags/example_latest_only.py
[2022-11-20T15:51:03.249+0000] {processor.py:766} INFO - DAG(s) dict_keys(['latest_only']) retrieved from /home/airflow/.local/lib/python3.7/site-packages/airflow/example_dags/example_latest_only.py
[2022-11-20T15:51:03.270+0000] {logging_mixin.py:120} INFO - [2022-11-20T15:51:03.270+0000] {dag.py:2585} INFO - Sync 1 DAGs
[2022-11-20T15:51:03.282+0000] {logging_mixin.py:120} INFO - [2022-11-20T15:51:03.282+0000] {dag.py:3340} INFO - Setting next_dagrun for latest_only to 2022-11-20T11:51:03.282729+00:00, run_after=2022-11-20T15:51:03.282729+00:00
[2022-11-20T15:51:03.292+0000] {processor.py:176} INFO - Processing /home/airflow/.local/lib/python3.7/site-packages/airflow/example_dags/example_latest_only.py took 0.055 seconds
[2022-11-20T16:06:44.838+0000] {processor.py:154} INFO - Started process (PID=2344) to work on /home/airflow/.local/lib/python3.7/site-packages/airflow/example_dags/example_latest_only.py
[2022-11-20T16:06:44.839+0000] {processor.py:756} INFO - Processing file /home/airflow/.local/lib/python3.7/site-packages/airflow/example_dags/example_latest_only.py for tasks to queue
[2022-11-20T16:06:44.840+0000] {logging_mixin.py:120} INFO - [2022-11-20T16:06:44.840+0000] {dagbag.py:537} INFO - Filling up the DagBag from /home/airflow/.local/lib/python3.7/site-packages/airflow/example_dags/example_latest_only.py
[2022-11-20T16:06:44.850+0000] {processor.py:766} INFO - DAG(s) dict_keys(['latest_only']) retrieved from /home/airflow/.local/lib/python3.7/site-packages/airflow/example_dags/example_latest_only.py
[2022-11-20T16:06:44.874+0000] {logging_mixin.py:120} INFO - [2022-11-20T16:06:44.873+0000] {dag.py:2585} INFO - Sync 1 DAGs
[2022-11-20T16:06:44.903+0000] {logging_mixin.py:120} INFO - [2022-11-20T16:06:44.903+0000] {dag.py:3340} INFO - Setting next_dagrun for latest_only to 2022-11-20T12:06:44.903642+00:00, run_after=2022-11-20T16:06:44.903642+00:00
[2022-11-20T16:06:44.921+0000] {processor.py:176} INFO - Processing /home/airflow/.local/lib/python3.7/site-packages/airflow/example_dags/example_latest_only.py took 0.085 seconds
[2022-11-20T16:08:33.298+0000] {processor.py:154} INFO - Started process (PID=2395) to work on /home/airflow/.local/lib/python3.7/site-packages/airflow/example_dags/example_latest_only.py
[2022-11-20T16:08:33.300+0000] {processor.py:756} INFO - Processing file /home/airflow/.local/lib/python3.7/site-packages/airflow/example_dags/example_latest_only.py for tasks to queue
[2022-11-20T16:08:33.301+0000] {logging_mixin.py:120} INFO - [2022-11-20T16:08:33.301+0000] {dagbag.py:537} INFO - Filling up the DagBag from /home/airflow/.local/lib/python3.7/site-packages/airflow/example_dags/example_latest_only.py
[2022-11-20T16:08:33.315+0000] {processor.py:766} INFO - DAG(s) dict_keys(['latest_only']) retrieved from /home/airflow/.local/lib/python3.7/site-packages/airflow/example_dags/example_latest_only.py
[2022-11-20T16:08:33.339+0000] {logging_mixin.py:120} INFO - [2022-11-20T16:08:33.338+0000] {dag.py:2585} INFO - Sync 1 DAGs
[2022-11-20T16:08:33.352+0000] {logging_mixin.py:120} INFO - [2022-11-20T16:08:33.352+0000] {dag.py:3340} INFO - Setting next_dagrun for latest_only to 2022-11-20T12:08:33.352054+00:00, run_after=2022-11-20T16:08:33.352054+00:00
[2022-11-20T16:08:33.363+0000] {processor.py:176} INFO - Processing /home/airflow/.local/lib/python3.7/site-packages/airflow/example_dags/example_latest_only.py took 0.070 seconds
[2022-11-20T16:27:58.985+0000] {processor.py:154} INFO - Started process (PID=2441) to work on /home/airflow/.local/lib/python3.7/site-packages/airflow/example_dags/example_latest_only.py
[2022-11-20T16:27:58.994+0000] {processor.py:756} INFO - Processing file /home/airflow/.local/lib/python3.7/site-packages/airflow/example_dags/example_latest_only.py for tasks to queue
[2022-11-20T16:27:58.995+0000] {logging_mixin.py:120} INFO - [2022-11-20T16:27:58.995+0000] {dagbag.py:537} INFO - Filling up the DagBag from /home/airflow/.local/lib/python3.7/site-packages/airflow/example_dags/example_latest_only.py
[2022-11-20T16:27:59.002+0000] {processor.py:766} INFO - DAG(s) dict_keys(['latest_only']) retrieved from /home/airflow/.local/lib/python3.7/site-packages/airflow/example_dags/example_latest_only.py
[2022-11-20T16:27:59.033+0000] {logging_mixin.py:120} INFO - [2022-11-20T16:27:59.033+0000] {dag.py:2585} INFO - Sync 1 DAGs
[2022-11-20T16:27:59.047+0000] {logging_mixin.py:120} INFO - [2022-11-20T16:27:59.047+0000] {dag.py:3340} INFO - Setting next_dagrun for latest_only to 2022-11-20T12:27:59.047740+00:00, run_after=2022-11-20T16:27:59.047740+00:00
[2022-11-20T16:27:59.060+0000] {processor.py:176} INFO - Processing /home/airflow/.local/lib/python3.7/site-packages/airflow/example_dags/example_latest_only.py took 0.079 seconds
[2022-11-20T16:43:49.321+0000] {processor.py:154} INFO - Started process (PID=2490) to work on /home/airflow/.local/lib/python3.7/site-packages/airflow/example_dags/example_latest_only.py
[2022-11-20T16:43:49.322+0000] {processor.py:756} INFO - Processing file /home/airflow/.local/lib/python3.7/site-packages/airflow/example_dags/example_latest_only.py for tasks to queue
[2022-11-20T16:43:49.322+0000] {logging_mixin.py:120} INFO - [2022-11-20T16:43:49.322+0000] {dagbag.py:537} INFO - Filling up the DagBag from /home/airflow/.local/lib/python3.7/site-packages/airflow/example_dags/example_latest_only.py
[2022-11-20T16:43:49.332+0000] {processor.py:766} INFO - DAG(s) dict_keys(['latest_only']) retrieved from /home/airflow/.local/lib/python3.7/site-packages/airflow/example_dags/example_latest_only.py
[2022-11-20T16:43:49.353+0000] {logging_mixin.py:120} INFO - [2022-11-20T16:43:49.353+0000] {dag.py:2585} INFO - Sync 1 DAGs
[2022-11-20T16:43:49.366+0000] {logging_mixin.py:120} INFO - [2022-11-20T16:43:49.366+0000] {dag.py:3340} INFO - Setting next_dagrun for latest_only to 2022-11-20T12:43:49.366257+00:00, run_after=2022-11-20T16:43:49.366257+00:00
[2022-11-20T16:43:49.376+0000] {processor.py:176} INFO - Processing /home/airflow/.local/lib/python3.7/site-packages/airflow/example_dags/example_latest_only.py took 0.057 seconds
[2022-11-20T17:17:42.743+0000] {processor.py:154} INFO - Started process (PID=2537) to work on /home/airflow/.local/lib/python3.7/site-packages/airflow/example_dags/example_latest_only.py
[2022-11-20T17:17:42.744+0000] {processor.py:756} INFO - Processing file /home/airflow/.local/lib/python3.7/site-packages/airflow/example_dags/example_latest_only.py for tasks to queue
[2022-11-20T17:17:42.744+0000] {logging_mixin.py:120} INFO - [2022-11-20T17:17:42.744+0000] {dagbag.py:537} INFO - Filling up the DagBag from /home/airflow/.local/lib/python3.7/site-packages/airflow/example_dags/example_latest_only.py
[2022-11-20T17:17:42.755+0000] {processor.py:766} INFO - DAG(s) dict_keys(['latest_only']) retrieved from /home/airflow/.local/lib/python3.7/site-packages/airflow/example_dags/example_latest_only.py
[2022-11-20T17:17:42.793+0000] {logging_mixin.py:120} INFO - [2022-11-20T17:17:42.793+0000] {dag.py:2585} INFO - Sync 1 DAGs
[2022-11-20T17:17:42.806+0000] {logging_mixin.py:120} INFO - [2022-11-20T17:17:42.806+0000] {dag.py:3340} INFO - Setting next_dagrun for latest_only to 2022-11-20T13:17:42.806546+00:00, run_after=2022-11-20T17:17:42.806546+00:00
[2022-11-20T17:17:42.816+0000] {processor.py:176} INFO - Processing /home/airflow/.local/lib/python3.7/site-packages/airflow/example_dags/example_latest_only.py took 0.074 seconds
[2022-11-20T17:22:37.018+0000] {processor.py:154} INFO - Started process (PID=2584) to work on /home/airflow/.local/lib/python3.7/site-packages/airflow/example_dags/example_latest_only.py
[2022-11-20T17:22:37.033+0000] {processor.py:756} INFO - Processing file /home/airflow/.local/lib/python3.7/site-packages/airflow/example_dags/example_latest_only.py for tasks to queue
[2022-11-20T17:22:37.034+0000] {logging_mixin.py:120} INFO - [2022-11-20T17:22:37.034+0000] {dagbag.py:537} INFO - Filling up the DagBag from /home/airflow/.local/lib/python3.7/site-packages/airflow/example_dags/example_latest_only.py
[2022-11-20T17:22:37.070+0000] {processor.py:766} INFO - DAG(s) dict_keys(['latest_only']) retrieved from /home/airflow/.local/lib/python3.7/site-packages/airflow/example_dags/example_latest_only.py
[2022-11-20T17:22:37.162+0000] {logging_mixin.py:120} INFO - [2022-11-20T17:22:37.162+0000] {dag.py:2585} INFO - Sync 1 DAGs
[2022-11-20T17:22:37.193+0000] {logging_mixin.py:120} INFO - [2022-11-20T17:22:37.193+0000] {dag.py:3340} INFO - Setting next_dagrun for latest_only to 2022-11-20T13:22:37.193615+00:00, run_after=2022-11-20T17:22:37.193615+00:00
[2022-11-20T17:22:37.220+0000] {processor.py:176} INFO - Processing /home/airflow/.local/lib/python3.7/site-packages/airflow/example_dags/example_latest_only.py took 0.209 seconds
[2022-11-20T17:23:07.251+0000] {processor.py:154} INFO - Started process (PID=2651) to work on /home/airflow/.local/lib/python3.7/site-packages/airflow/example_dags/example_latest_only.py
[2022-11-20T17:23:07.252+0000] {processor.py:756} INFO - Processing file /home/airflow/.local/lib/python3.7/site-packages/airflow/example_dags/example_latest_only.py for tasks to queue
[2022-11-20T17:23:07.252+0000] {logging_mixin.py:120} INFO - [2022-11-20T17:23:07.252+0000] {dagbag.py:537} INFO - Filling up the DagBag from /home/airflow/.local/lib/python3.7/site-packages/airflow/example_dags/example_latest_only.py
[2022-11-20T17:23:07.265+0000] {processor.py:766} INFO - DAG(s) dict_keys(['latest_only']) retrieved from /home/airflow/.local/lib/python3.7/site-packages/airflow/example_dags/example_latest_only.py
[2022-11-20T17:23:07.291+0000] {logging_mixin.py:120} INFO - [2022-11-20T17:23:07.291+0000] {dag.py:2585} INFO - Sync 1 DAGs
[2022-11-20T17:23:07.304+0000] {logging_mixin.py:120} INFO - [2022-11-20T17:23:07.304+0000] {dag.py:3340} INFO - Setting next_dagrun for latest_only to 2022-11-20T13:23:07.304595+00:00, run_after=2022-11-20T17:23:07.304595+00:00
[2022-11-20T17:23:07.315+0000] {processor.py:176} INFO - Processing /home/airflow/.local/lib/python3.7/site-packages/airflow/example_dags/example_latest_only.py took 0.066 seconds
[2022-11-20T17:23:38.018+0000] {processor.py:154} INFO - Started process (PID=2721) to work on /home/airflow/.local/lib/python3.7/site-packages/airflow/example_dags/example_latest_only.py
[2022-11-20T17:23:38.018+0000] {processor.py:756} INFO - Processing file /home/airflow/.local/lib/python3.7/site-packages/airflow/example_dags/example_latest_only.py for tasks to queue
[2022-11-20T17:23:38.020+0000] {logging_mixin.py:120} INFO - [2022-11-20T17:23:38.020+0000] {dagbag.py:537} INFO - Filling up the DagBag from /home/airflow/.local/lib/python3.7/site-packages/airflow/example_dags/example_latest_only.py
[2022-11-20T17:23:38.034+0000] {processor.py:766} INFO - DAG(s) dict_keys(['latest_only']) retrieved from /home/airflow/.local/lib/python3.7/site-packages/airflow/example_dags/example_latest_only.py
[2022-11-20T17:23:38.061+0000] {logging_mixin.py:120} INFO - [2022-11-20T17:23:38.061+0000] {dag.py:2585} INFO - Sync 1 DAGs
[2022-11-20T17:23:38.078+0000] {logging_mixin.py:120} INFO - [2022-11-20T17:23:38.077+0000] {dag.py:3340} INFO - Setting next_dagrun for latest_only to 2022-11-20T13:23:38.077727+00:00, run_after=2022-11-20T17:23:38.077727+00:00
[2022-11-20T17:23:38.088+0000] {processor.py:176} INFO - Processing /home/airflow/.local/lib/python3.7/site-packages/airflow/example_dags/example_latest_only.py took 0.073 seconds
[2022-11-20T17:24:09.092+0000] {processor.py:154} INFO - Started process (PID=2789) to work on /home/airflow/.local/lib/python3.7/site-packages/airflow/example_dags/example_latest_only.py
[2022-11-20T17:24:09.093+0000] {processor.py:756} INFO - Processing file /home/airflow/.local/lib/python3.7/site-packages/airflow/example_dags/example_latest_only.py for tasks to queue
[2022-11-20T17:24:09.093+0000] {logging_mixin.py:120} INFO - [2022-11-20T17:24:09.093+0000] {dagbag.py:537} INFO - Filling up the DagBag from /home/airflow/.local/lib/python3.7/site-packages/airflow/example_dags/example_latest_only.py
[2022-11-20T17:24:09.100+0000] {processor.py:766} INFO - DAG(s) dict_keys(['latest_only']) retrieved from /home/airflow/.local/lib/python3.7/site-packages/airflow/example_dags/example_latest_only.py
[2022-11-20T17:24:09.120+0000] {logging_mixin.py:120} INFO - [2022-11-20T17:24:09.120+0000] {dag.py:2585} INFO - Sync 1 DAGs
[2022-11-20T17:24:09.133+0000] {logging_mixin.py:120} INFO - [2022-11-20T17:24:09.132+0000] {dag.py:3340} INFO - Setting next_dagrun for latest_only to 2022-11-20T13:24:09.132800+00:00, run_after=2022-11-20T17:24:09.132800+00:00
[2022-11-20T17:24:09.142+0000] {processor.py:176} INFO - Processing /home/airflow/.local/lib/python3.7/site-packages/airflow/example_dags/example_latest_only.py took 0.051 seconds
[2022-11-20T17:24:39.198+0000] {processor.py:154} INFO - Started process (PID=2850) to work on /home/airflow/.local/lib/python3.7/site-packages/airflow/example_dags/example_latest_only.py
[2022-11-20T17:24:39.199+0000] {processor.py:756} INFO - Processing file /home/airflow/.local/lib/python3.7/site-packages/airflow/example_dags/example_latest_only.py for tasks to queue
[2022-11-20T17:24:39.200+0000] {logging_mixin.py:120} INFO - [2022-11-20T17:24:39.200+0000] {dagbag.py:537} INFO - Filling up the DagBag from /home/airflow/.local/lib/python3.7/site-packages/airflow/example_dags/example_latest_only.py
[2022-11-20T17:24:39.217+0000] {processor.py:766} INFO - DAG(s) dict_keys(['latest_only']) retrieved from /home/airflow/.local/lib/python3.7/site-packages/airflow/example_dags/example_latest_only.py
[2022-11-20T17:24:39.242+0000] {logging_mixin.py:120} INFO - [2022-11-20T17:24:39.242+0000] {dag.py:2585} INFO - Sync 1 DAGs
[2022-11-20T17:24:39.254+0000] {logging_mixin.py:120} INFO - [2022-11-20T17:24:39.254+0000] {dag.py:3340} INFO - Setting next_dagrun for latest_only to 2022-11-20T13:24:39.254776+00:00, run_after=2022-11-20T17:24:39.254776+00:00
[2022-11-20T17:24:39.264+0000] {processor.py:176} INFO - Processing /home/airflow/.local/lib/python3.7/site-packages/airflow/example_dags/example_latest_only.py took 0.069 seconds
[2022-11-20T17:25:09.930+0000] {processor.py:154} INFO - Started process (PID=2919) to work on /home/airflow/.local/lib/python3.7/site-packages/airflow/example_dags/example_latest_only.py
[2022-11-20T17:25:09.931+0000] {processor.py:756} INFO - Processing file /home/airflow/.local/lib/python3.7/site-packages/airflow/example_dags/example_latest_only.py for tasks to queue
[2022-11-20T17:25:09.931+0000] {logging_mixin.py:120} INFO - [2022-11-20T17:25:09.931+0000] {dagbag.py:537} INFO - Filling up the DagBag from /home/airflow/.local/lib/python3.7/site-packages/airflow/example_dags/example_latest_only.py
[2022-11-20T17:25:09.940+0000] {processor.py:766} INFO - DAG(s) dict_keys(['latest_only']) retrieved from /home/airflow/.local/lib/python3.7/site-packages/airflow/example_dags/example_latest_only.py
[2022-11-20T17:25:09.966+0000] {logging_mixin.py:120} INFO - [2022-11-20T17:25:09.966+0000] {dag.py:2585} INFO - Sync 1 DAGs
[2022-11-20T17:25:09.979+0000] {logging_mixin.py:120} INFO - [2022-11-20T17:25:09.979+0000] {dag.py:3340} INFO - Setting next_dagrun for latest_only to 2022-11-20T13:25:09.979528+00:00, run_after=2022-11-20T17:25:09.979528+00:00
[2022-11-20T17:25:09.992+0000] {processor.py:176} INFO - Processing /home/airflow/.local/lib/python3.7/site-packages/airflow/example_dags/example_latest_only.py took 0.064 seconds
[2022-11-20T17:25:40.897+0000] {processor.py:154} INFO - Started process (PID=2992) to work on /home/airflow/.local/lib/python3.7/site-packages/airflow/example_dags/example_latest_only.py
[2022-11-20T17:25:40.898+0000] {processor.py:756} INFO - Processing file /home/airflow/.local/lib/python3.7/site-packages/airflow/example_dags/example_latest_only.py for tasks to queue
[2022-11-20T17:25:40.899+0000] {logging_mixin.py:120} INFO - [2022-11-20T17:25:40.898+0000] {dagbag.py:537} INFO - Filling up the DagBag from /home/airflow/.local/lib/python3.7/site-packages/airflow/example_dags/example_latest_only.py
[2022-11-20T17:25:40.914+0000] {processor.py:766} INFO - DAG(s) dict_keys(['latest_only']) retrieved from /home/airflow/.local/lib/python3.7/site-packages/airflow/example_dags/example_latest_only.py
[2022-11-20T17:25:40.958+0000] {logging_mixin.py:120} INFO - [2022-11-20T17:25:40.958+0000] {dag.py:2585} INFO - Sync 1 DAGs
[2022-11-20T17:25:40.976+0000] {logging_mixin.py:120} INFO - [2022-11-20T17:25:40.976+0000] {dag.py:3340} INFO - Setting next_dagrun for latest_only to 2022-11-20T13:25:40.975971+00:00, run_after=2022-11-20T17:25:40.975971+00:00
[2022-11-20T17:25:40.990+0000] {processor.py:176} INFO - Processing /home/airflow/.local/lib/python3.7/site-packages/airflow/example_dags/example_latest_only.py took 0.094 seconds
[2022-11-20T17:26:11.265+0000] {processor.py:154} INFO - Started process (PID=3058) to work on /home/airflow/.local/lib/python3.7/site-packages/airflow/example_dags/example_latest_only.py
[2022-11-20T17:26:11.267+0000] {processor.py:756} INFO - Processing file /home/airflow/.local/lib/python3.7/site-packages/airflow/example_dags/example_latest_only.py for tasks to queue
[2022-11-20T17:26:11.268+0000] {logging_mixin.py:120} INFO - [2022-11-20T17:26:11.268+0000] {dagbag.py:537} INFO - Filling up the DagBag from /home/airflow/.local/lib/python3.7/site-packages/airflow/example_dags/example_latest_only.py
[2022-11-20T17:26:11.287+0000] {processor.py:766} INFO - DAG(s) dict_keys(['latest_only']) retrieved from /home/airflow/.local/lib/python3.7/site-packages/airflow/example_dags/example_latest_only.py
[2022-11-20T17:26:11.318+0000] {logging_mixin.py:120} INFO - [2022-11-20T17:26:11.318+0000] {dag.py:2585} INFO - Sync 1 DAGs
[2022-11-20T17:26:11.333+0000] {logging_mixin.py:120} INFO - [2022-11-20T17:26:11.333+0000] {dag.py:3340} INFO - Setting next_dagrun for latest_only to 2022-11-20T13:26:11.333565+00:00, run_after=2022-11-20T17:26:11.333565+00:00
[2022-11-20T17:26:11.345+0000] {processor.py:176} INFO - Processing /home/airflow/.local/lib/python3.7/site-packages/airflow/example_dags/example_latest_only.py took 0.083 seconds
[2022-11-20T17:26:41.467+0000] {processor.py:154} INFO - Started process (PID=3125) to work on /home/airflow/.local/lib/python3.7/site-packages/airflow/example_dags/example_latest_only.py
[2022-11-20T17:26:41.468+0000] {processor.py:756} INFO - Processing file /home/airflow/.local/lib/python3.7/site-packages/airflow/example_dags/example_latest_only.py for tasks to queue
[2022-11-20T17:26:41.469+0000] {logging_mixin.py:120} INFO - [2022-11-20T17:26:41.469+0000] {dagbag.py:537} INFO - Filling up the DagBag from /home/airflow/.local/lib/python3.7/site-packages/airflow/example_dags/example_latest_only.py
[2022-11-20T17:26:41.486+0000] {processor.py:766} INFO - DAG(s) dict_keys(['latest_only']) retrieved from /home/airflow/.local/lib/python3.7/site-packages/airflow/example_dags/example_latest_only.py
[2022-11-20T17:26:41.512+0000] {logging_mixin.py:120} INFO - [2022-11-20T17:26:41.512+0000] {dag.py:2585} INFO - Sync 1 DAGs
[2022-11-20T17:26:41.524+0000] {logging_mixin.py:120} INFO - [2022-11-20T17:26:41.524+0000] {dag.py:3340} INFO - Setting next_dagrun for latest_only to 2022-11-20T13:26:41.524571+00:00, run_after=2022-11-20T17:26:41.524571+00:00
[2022-11-20T17:26:41.535+0000] {processor.py:176} INFO - Processing /home/airflow/.local/lib/python3.7/site-packages/airflow/example_dags/example_latest_only.py took 0.073 seconds
[2022-11-20T17:27:11.692+0000] {processor.py:154} INFO - Started process (PID=3183) to work on /home/airflow/.local/lib/python3.7/site-packages/airflow/example_dags/example_latest_only.py
[2022-11-20T17:27:11.694+0000] {processor.py:756} INFO - Processing file /home/airflow/.local/lib/python3.7/site-packages/airflow/example_dags/example_latest_only.py for tasks to queue
[2022-11-20T17:27:11.695+0000] {logging_mixin.py:120} INFO - [2022-11-20T17:27:11.694+0000] {dagbag.py:537} INFO - Filling up the DagBag from /home/airflow/.local/lib/python3.7/site-packages/airflow/example_dags/example_latest_only.py
[2022-11-20T17:27:11.716+0000] {processor.py:766} INFO - DAG(s) dict_keys(['latest_only']) retrieved from /home/airflow/.local/lib/python3.7/site-packages/airflow/example_dags/example_latest_only.py
[2022-11-20T17:27:11.751+0000] {logging_mixin.py:120} INFO - [2022-11-20T17:27:11.751+0000] {dag.py:2585} INFO - Sync 1 DAGs
[2022-11-20T17:27:11.766+0000] {logging_mixin.py:120} INFO - [2022-11-20T17:27:11.766+0000] {dag.py:3340} INFO - Setting next_dagrun for latest_only to 2022-11-20T13:27:11.766142+00:00, run_after=2022-11-20T17:27:11.766142+00:00
[2022-11-20T17:27:11.778+0000] {processor.py:176} INFO - Processing /home/airflow/.local/lib/python3.7/site-packages/airflow/example_dags/example_latest_only.py took 0.089 seconds
[2022-11-20T17:27:42.720+0000] {processor.py:154} INFO - Started process (PID=3251) to work on /home/airflow/.local/lib/python3.7/site-packages/airflow/example_dags/example_latest_only.py
[2022-11-20T17:27:42.721+0000] {processor.py:756} INFO - Processing file /home/airflow/.local/lib/python3.7/site-packages/airflow/example_dags/example_latest_only.py for tasks to queue
[2022-11-20T17:27:42.721+0000] {logging_mixin.py:120} INFO - [2022-11-20T17:27:42.721+0000] {dagbag.py:537} INFO - Filling up the DagBag from /home/airflow/.local/lib/python3.7/site-packages/airflow/example_dags/example_latest_only.py
[2022-11-20T17:27:42.739+0000] {processor.py:766} INFO - DAG(s) dict_keys(['latest_only']) retrieved from /home/airflow/.local/lib/python3.7/site-packages/airflow/example_dags/example_latest_only.py
[2022-11-20T17:27:42.783+0000] {logging_mixin.py:120} INFO - [2022-11-20T17:27:42.783+0000] {dag.py:2585} INFO - Sync 1 DAGs
[2022-11-20T17:27:42.802+0000] {logging_mixin.py:120} INFO - [2022-11-20T17:27:42.802+0000] {dag.py:3340} INFO - Setting next_dagrun for latest_only to 2022-11-20T13:27:42.801811+00:00, run_after=2022-11-20T17:27:42.801811+00:00
[2022-11-20T17:27:42.818+0000] {processor.py:176} INFO - Processing /home/airflow/.local/lib/python3.7/site-packages/airflow/example_dags/example_latest_only.py took 0.100 seconds
[2022-11-20T17:28:13.668+0000] {processor.py:154} INFO - Started process (PID=3323) to work on /home/airflow/.local/lib/python3.7/site-packages/airflow/example_dags/example_latest_only.py
[2022-11-20T17:28:13.670+0000] {processor.py:756} INFO - Processing file /home/airflow/.local/lib/python3.7/site-packages/airflow/example_dags/example_latest_only.py for tasks to queue
[2022-11-20T17:28:13.671+0000] {logging_mixin.py:120} INFO - [2022-11-20T17:28:13.671+0000] {dagbag.py:537} INFO - Filling up the DagBag from /home/airflow/.local/lib/python3.7/site-packages/airflow/example_dags/example_latest_only.py
[2022-11-20T17:28:13.687+0000] {processor.py:766} INFO - DAG(s) dict_keys(['latest_only']) retrieved from /home/airflow/.local/lib/python3.7/site-packages/airflow/example_dags/example_latest_only.py
[2022-11-20T17:28:13.713+0000] {logging_mixin.py:120} INFO - [2022-11-20T17:28:13.713+0000] {dag.py:2585} INFO - Sync 1 DAGs
[2022-11-20T17:28:13.727+0000] {logging_mixin.py:120} INFO - [2022-11-20T17:28:13.727+0000] {dag.py:3340} INFO - Setting next_dagrun for latest_only to 2022-11-20T13:28:13.726991+00:00, run_after=2022-11-20T17:28:13.726991+00:00
[2022-11-20T17:28:13.738+0000] {processor.py:176} INFO - Processing /home/airflow/.local/lib/python3.7/site-packages/airflow/example_dags/example_latest_only.py took 0.074 seconds
[2022-11-20T17:28:44.456+0000] {processor.py:154} INFO - Started process (PID=3392) to work on /home/airflow/.local/lib/python3.7/site-packages/airflow/example_dags/example_latest_only.py
[2022-11-20T17:28:44.457+0000] {processor.py:756} INFO - Processing file /home/airflow/.local/lib/python3.7/site-packages/airflow/example_dags/example_latest_only.py for tasks to queue
[2022-11-20T17:28:44.458+0000] {logging_mixin.py:120} INFO - [2022-11-20T17:28:44.458+0000] {dagbag.py:537} INFO - Filling up the DagBag from /home/airflow/.local/lib/python3.7/site-packages/airflow/example_dags/example_latest_only.py
[2022-11-20T17:28:44.480+0000] {processor.py:766} INFO - DAG(s) dict_keys(['latest_only']) retrieved from /home/airflow/.local/lib/python3.7/site-packages/airflow/example_dags/example_latest_only.py
[2022-11-20T17:28:44.508+0000] {logging_mixin.py:120} INFO - [2022-11-20T17:28:44.508+0000] {dag.py:2585} INFO - Sync 1 DAGs
[2022-11-20T17:28:44.523+0000] {logging_mixin.py:120} INFO - [2022-11-20T17:28:44.522+0000] {dag.py:3340} INFO - Setting next_dagrun for latest_only to 2022-11-20T13:28:44.522763+00:00, run_after=2022-11-20T17:28:44.522763+00:00
[2022-11-20T17:28:44.533+0000] {processor.py:176} INFO - Processing /home/airflow/.local/lib/python3.7/site-packages/airflow/example_dags/example_latest_only.py took 0.081 seconds
[2022-11-20T17:29:15.332+0000] {processor.py:154} INFO - Started process (PID=3460) to work on /home/airflow/.local/lib/python3.7/site-packages/airflow/example_dags/example_latest_only.py
[2022-11-20T17:29:15.334+0000] {processor.py:756} INFO - Processing file /home/airflow/.local/lib/python3.7/site-packages/airflow/example_dags/example_latest_only.py for tasks to queue
[2022-11-20T17:29:15.334+0000] {logging_mixin.py:120} INFO - [2022-11-20T17:29:15.334+0000] {dagbag.py:537} INFO - Filling up the DagBag from /home/airflow/.local/lib/python3.7/site-packages/airflow/example_dags/example_latest_only.py
[2022-11-20T17:29:15.345+0000] {processor.py:766} INFO - DAG(s) dict_keys(['latest_only']) retrieved from /home/airflow/.local/lib/python3.7/site-packages/airflow/example_dags/example_latest_only.py
[2022-11-20T17:29:15.387+0000] {logging_mixin.py:120} INFO - [2022-11-20T17:29:15.387+0000] {dag.py:2585} INFO - Sync 1 DAGs
[2022-11-20T17:29:15.403+0000] {logging_mixin.py:120} INFO - [2022-11-20T17:29:15.402+0000] {dag.py:3340} INFO - Setting next_dagrun for latest_only to 2022-11-20T13:29:15.402769+00:00, run_after=2022-11-20T17:29:15.402769+00:00
[2022-11-20T17:29:15.413+0000] {processor.py:176} INFO - Processing /home/airflow/.local/lib/python3.7/site-packages/airflow/example_dags/example_latest_only.py took 0.084 seconds
[2022-11-20T17:29:46.257+0000] {processor.py:154} INFO - Started process (PID=3526) to work on /home/airflow/.local/lib/python3.7/site-packages/airflow/example_dags/example_latest_only.py
[2022-11-20T17:29:46.258+0000] {processor.py:756} INFO - Processing file /home/airflow/.local/lib/python3.7/site-packages/airflow/example_dags/example_latest_only.py for tasks to queue
[2022-11-20T17:29:46.259+0000] {logging_mixin.py:120} INFO - [2022-11-20T17:29:46.259+0000] {dagbag.py:537} INFO - Filling up the DagBag from /home/airflow/.local/lib/python3.7/site-packages/airflow/example_dags/example_latest_only.py
[2022-11-20T17:29:46.273+0000] {processor.py:766} INFO - DAG(s) dict_keys(['latest_only']) retrieved from /home/airflow/.local/lib/python3.7/site-packages/airflow/example_dags/example_latest_only.py
[2022-11-20T17:29:46.298+0000] {logging_mixin.py:120} INFO - [2022-11-20T17:29:46.298+0000] {dag.py:2585} INFO - Sync 1 DAGs
[2022-11-20T17:29:46.311+0000] {logging_mixin.py:120} INFO - [2022-11-20T17:29:46.311+0000] {dag.py:3340} INFO - Setting next_dagrun for latest_only to 2022-11-20T13:29:46.311358+00:00, run_after=2022-11-20T17:29:46.311358+00:00
[2022-11-20T17:29:46.321+0000] {processor.py:176} INFO - Processing /home/airflow/.local/lib/python3.7/site-packages/airflow/example_dags/example_latest_only.py took 0.068 seconds
[2022-11-20T17:30:17.084+0000] {processor.py:154} INFO - Started process (PID=3598) to work on /home/airflow/.local/lib/python3.7/site-packages/airflow/example_dags/example_latest_only.py
[2022-11-20T17:30:17.085+0000] {processor.py:756} INFO - Processing file /home/airflow/.local/lib/python3.7/site-packages/airflow/example_dags/example_latest_only.py for tasks to queue
[2022-11-20T17:30:17.086+0000] {logging_mixin.py:120} INFO - [2022-11-20T17:30:17.086+0000] {dagbag.py:537} INFO - Filling up the DagBag from /home/airflow/.local/lib/python3.7/site-packages/airflow/example_dags/example_latest_only.py
[2022-11-20T17:30:17.101+0000] {processor.py:766} INFO - DAG(s) dict_keys(['latest_only']) retrieved from /home/airflow/.local/lib/python3.7/site-packages/airflow/example_dags/example_latest_only.py
[2022-11-20T17:30:17.127+0000] {logging_mixin.py:120} INFO - [2022-11-20T17:30:17.127+0000] {dag.py:2585} INFO - Sync 1 DAGs
[2022-11-20T17:30:17.140+0000] {logging_mixin.py:120} INFO - [2022-11-20T17:30:17.140+0000] {dag.py:3340} INFO - Setting next_dagrun for latest_only to 2022-11-20T13:30:17.139984+00:00, run_after=2022-11-20T17:30:17.139984+00:00
[2022-11-20T17:30:17.150+0000] {processor.py:176} INFO - Processing /home/airflow/.local/lib/python3.7/site-packages/airflow/example_dags/example_latest_only.py took 0.071 seconds
[2022-11-20T17:30:47.917+0000] {processor.py:154} INFO - Started process (PID=3666) to work on /home/airflow/.local/lib/python3.7/site-packages/airflow/example_dags/example_latest_only.py
[2022-11-20T17:30:47.919+0000] {processor.py:756} INFO - Processing file /home/airflow/.local/lib/python3.7/site-packages/airflow/example_dags/example_latest_only.py for tasks to queue
[2022-11-20T17:30:47.920+0000] {logging_mixin.py:120} INFO - [2022-11-20T17:30:47.920+0000] {dagbag.py:537} INFO - Filling up the DagBag from /home/airflow/.local/lib/python3.7/site-packages/airflow/example_dags/example_latest_only.py
[2022-11-20T17:30:47.935+0000] {processor.py:766} INFO - DAG(s) dict_keys(['latest_only']) retrieved from /home/airflow/.local/lib/python3.7/site-packages/airflow/example_dags/example_latest_only.py
[2022-11-20T17:30:47.960+0000] {logging_mixin.py:120} INFO - [2022-11-20T17:30:47.960+0000] {dag.py:2585} INFO - Sync 1 DAGs
[2022-11-20T17:30:47.973+0000] {logging_mixin.py:120} INFO - [2022-11-20T17:30:47.973+0000] {dag.py:3340} INFO - Setting next_dagrun for latest_only to 2022-11-20T13:30:47.973729+00:00, run_after=2022-11-20T17:30:47.973729+00:00
[2022-11-20T17:30:47.985+0000] {processor.py:176} INFO - Processing /home/airflow/.local/lib/python3.7/site-packages/airflow/example_dags/example_latest_only.py took 0.072 seconds
[2022-11-20T17:31:18.884+0000] {processor.py:154} INFO - Started process (PID=3726) to work on /home/airflow/.local/lib/python3.7/site-packages/airflow/example_dags/example_latest_only.py
[2022-11-20T17:31:18.886+0000] {processor.py:756} INFO - Processing file /home/airflow/.local/lib/python3.7/site-packages/airflow/example_dags/example_latest_only.py for tasks to queue
[2022-11-20T17:31:18.887+0000] {logging_mixin.py:120} INFO - [2022-11-20T17:31:18.886+0000] {dagbag.py:537} INFO - Filling up the DagBag from /home/airflow/.local/lib/python3.7/site-packages/airflow/example_dags/example_latest_only.py
[2022-11-20T17:31:18.896+0000] {processor.py:766} INFO - DAG(s) dict_keys(['latest_only']) retrieved from /home/airflow/.local/lib/python3.7/site-packages/airflow/example_dags/example_latest_only.py
[2022-11-20T17:31:18.945+0000] {logging_mixin.py:120} INFO - [2022-11-20T17:31:18.945+0000] {dag.py:2585} INFO - Sync 1 DAGs
[2022-11-20T17:31:18.964+0000] {logging_mixin.py:120} INFO - [2022-11-20T17:31:18.964+0000] {dag.py:3340} INFO - Setting next_dagrun for latest_only to 2022-11-20T13:31:18.964674+00:00, run_after=2022-11-20T17:31:18.964674+00:00
[2022-11-20T17:31:18.975+0000] {processor.py:176} INFO - Processing /home/airflow/.local/lib/python3.7/site-packages/airflow/example_dags/example_latest_only.py took 0.107 seconds
[2022-11-20T17:31:49.981+0000] {processor.py:154} INFO - Started process (PID=3794) to work on /home/airflow/.local/lib/python3.7/site-packages/airflow/example_dags/example_latest_only.py
[2022-11-20T17:31:49.982+0000] {processor.py:756} INFO - Processing file /home/airflow/.local/lib/python3.7/site-packages/airflow/example_dags/example_latest_only.py for tasks to queue
[2022-11-20T17:31:49.983+0000] {logging_mixin.py:120} INFO - [2022-11-20T17:31:49.983+0000] {dagbag.py:537} INFO - Filling up the DagBag from /home/airflow/.local/lib/python3.7/site-packages/airflow/example_dags/example_latest_only.py
[2022-11-20T17:31:49.999+0000] {processor.py:766} INFO - DAG(s) dict_keys(['latest_only']) retrieved from /home/airflow/.local/lib/python3.7/site-packages/airflow/example_dags/example_latest_only.py
[2022-11-20T17:31:50.025+0000] {logging_mixin.py:120} INFO - [2022-11-20T17:31:50.025+0000] {dag.py:2585} INFO - Sync 1 DAGs
[2022-11-20T17:31:50.037+0000] {logging_mixin.py:120} INFO - [2022-11-20T17:31:50.037+0000] {dag.py:3340} INFO - Setting next_dagrun for latest_only to 2022-11-20T13:31:50.037648+00:00, run_after=2022-11-20T17:31:50.037648+00:00
[2022-11-20T17:31:50.047+0000] {processor.py:176} INFO - Processing /home/airflow/.local/lib/python3.7/site-packages/airflow/example_dags/example_latest_only.py took 0.070 seconds
[2022-11-20T17:32:20.887+0000] {processor.py:154} INFO - Started process (PID=3863) to work on /home/airflow/.local/lib/python3.7/site-packages/airflow/example_dags/example_latest_only.py
[2022-11-20T17:32:20.888+0000] {processor.py:756} INFO - Processing file /home/airflow/.local/lib/python3.7/site-packages/airflow/example_dags/example_latest_only.py for tasks to queue
[2022-11-20T17:32:20.889+0000] {logging_mixin.py:120} INFO - [2022-11-20T17:32:20.889+0000] {dagbag.py:537} INFO - Filling up the DagBag from /home/airflow/.local/lib/python3.7/site-packages/airflow/example_dags/example_latest_only.py
[2022-11-20T17:32:20.905+0000] {processor.py:766} INFO - DAG(s) dict_keys(['latest_only']) retrieved from /home/airflow/.local/lib/python3.7/site-packages/airflow/example_dags/example_latest_only.py
[2022-11-20T17:32:20.932+0000] {logging_mixin.py:120} INFO - [2022-11-20T17:32:20.932+0000] {dag.py:2585} INFO - Sync 1 DAGs
[2022-11-20T17:32:20.950+0000] {logging_mixin.py:120} INFO - [2022-11-20T17:32:20.950+0000] {dag.py:3340} INFO - Setting next_dagrun for latest_only to 2022-11-20T13:32:20.950059+00:00, run_after=2022-11-20T17:32:20.950059+00:00
[2022-11-20T17:32:20.960+0000] {processor.py:176} INFO - Processing /home/airflow/.local/lib/python3.7/site-packages/airflow/example_dags/example_latest_only.py took 0.077 seconds
[2022-11-20T17:32:51.081+0000] {processor.py:154} INFO - Started process (PID=3928) to work on /home/airflow/.local/lib/python3.7/site-packages/airflow/example_dags/example_latest_only.py
[2022-11-20T17:32:51.081+0000] {processor.py:756} INFO - Processing file /home/airflow/.local/lib/python3.7/site-packages/airflow/example_dags/example_latest_only.py for tasks to queue
[2022-11-20T17:32:51.082+0000] {logging_mixin.py:120} INFO - [2022-11-20T17:32:51.082+0000] {dagbag.py:537} INFO - Filling up the DagBag from /home/airflow/.local/lib/python3.7/site-packages/airflow/example_dags/example_latest_only.py
[2022-11-20T17:32:51.097+0000] {processor.py:766} INFO - DAG(s) dict_keys(['latest_only']) retrieved from /home/airflow/.local/lib/python3.7/site-packages/airflow/example_dags/example_latest_only.py
[2022-11-20T17:32:51.128+0000] {logging_mixin.py:120} INFO - [2022-11-20T17:32:51.128+0000] {dag.py:2585} INFO - Sync 1 DAGs
[2022-11-20T17:32:51.144+0000] {logging_mixin.py:120} INFO - [2022-11-20T17:32:51.143+0000] {dag.py:3340} INFO - Setting next_dagrun for latest_only to 2022-11-20T13:32:51.143717+00:00, run_after=2022-11-20T17:32:51.143717+00:00
[2022-11-20T17:32:51.156+0000] {processor.py:176} INFO - Processing /home/airflow/.local/lib/python3.7/site-packages/airflow/example_dags/example_latest_only.py took 0.077 seconds
[2022-11-20T17:33:21.209+0000] {processor.py:154} INFO - Started process (PID=3995) to work on /home/airflow/.local/lib/python3.7/site-packages/airflow/example_dags/example_latest_only.py
[2022-11-20T17:33:21.210+0000] {processor.py:756} INFO - Processing file /home/airflow/.local/lib/python3.7/site-packages/airflow/example_dags/example_latest_only.py for tasks to queue
[2022-11-20T17:33:21.211+0000] {logging_mixin.py:120} INFO - [2022-11-20T17:33:21.211+0000] {dagbag.py:537} INFO - Filling up the DagBag from /home/airflow/.local/lib/python3.7/site-packages/airflow/example_dags/example_latest_only.py
[2022-11-20T17:33:21.223+0000] {processor.py:766} INFO - DAG(s) dict_keys(['latest_only']) retrieved from /home/airflow/.local/lib/python3.7/site-packages/airflow/example_dags/example_latest_only.py
[2022-11-20T17:33:21.246+0000] {logging_mixin.py:120} INFO - [2022-11-20T17:33:21.246+0000] {dag.py:2585} INFO - Sync 1 DAGs
[2022-11-20T17:33:21.260+0000] {logging_mixin.py:120} INFO - [2022-11-20T17:33:21.259+0000] {dag.py:3340} INFO - Setting next_dagrun for latest_only to 2022-11-20T13:33:21.259880+00:00, run_after=2022-11-20T17:33:21.259880+00:00
[2022-11-20T17:33:21.270+0000] {processor.py:176} INFO - Processing /home/airflow/.local/lib/python3.7/site-packages/airflow/example_dags/example_latest_only.py took 0.066 seconds
[2022-11-20T17:33:52.260+0000] {processor.py:154} INFO - Started process (PID=4060) to work on /home/airflow/.local/lib/python3.7/site-packages/airflow/example_dags/example_latest_only.py
[2022-11-20T17:33:52.262+0000] {processor.py:756} INFO - Processing file /home/airflow/.local/lib/python3.7/site-packages/airflow/example_dags/example_latest_only.py for tasks to queue
[2022-11-20T17:33:52.264+0000] {logging_mixin.py:120} INFO - [2022-11-20T17:33:52.263+0000] {dagbag.py:537} INFO - Filling up the DagBag from /home/airflow/.local/lib/python3.7/site-packages/airflow/example_dags/example_latest_only.py
[2022-11-20T17:33:52.280+0000] {processor.py:766} INFO - DAG(s) dict_keys(['latest_only']) retrieved from /home/airflow/.local/lib/python3.7/site-packages/airflow/example_dags/example_latest_only.py
[2022-11-20T17:33:52.307+0000] {logging_mixin.py:120} INFO - [2022-11-20T17:33:52.307+0000] {dag.py:2585} INFO - Sync 1 DAGs
[2022-11-20T17:33:52.321+0000] {logging_mixin.py:120} INFO - [2022-11-20T17:33:52.321+0000] {dag.py:3340} INFO - Setting next_dagrun for latest_only to 2022-11-20T13:33:52.321211+00:00, run_after=2022-11-20T17:33:52.321211+00:00
[2022-11-20T17:33:52.333+0000] {processor.py:176} INFO - Processing /home/airflow/.local/lib/python3.7/site-packages/airflow/example_dags/example_latest_only.py took 0.077 seconds
[2022-11-20T17:34:23.249+0000] {processor.py:154} INFO - Started process (PID=4126) to work on /home/airflow/.local/lib/python3.7/site-packages/airflow/example_dags/example_latest_only.py
[2022-11-20T17:34:23.250+0000] {processor.py:756} INFO - Processing file /home/airflow/.local/lib/python3.7/site-packages/airflow/example_dags/example_latest_only.py for tasks to queue
[2022-11-20T17:34:23.251+0000] {logging_mixin.py:120} INFO - [2022-11-20T17:34:23.251+0000] {dagbag.py:537} INFO - Filling up the DagBag from /home/airflow/.local/lib/python3.7/site-packages/airflow/example_dags/example_latest_only.py
[2022-11-20T17:34:23.260+0000] {processor.py:766} INFO - DAG(s) dict_keys(['latest_only']) retrieved from /home/airflow/.local/lib/python3.7/site-packages/airflow/example_dags/example_latest_only.py
[2022-11-20T17:34:23.286+0000] {logging_mixin.py:120} INFO - [2022-11-20T17:34:23.286+0000] {dag.py:2585} INFO - Sync 1 DAGs
[2022-11-20T17:34:23.301+0000] {logging_mixin.py:120} INFO - [2022-11-20T17:34:23.301+0000] {dag.py:3340} INFO - Setting next_dagrun for latest_only to 2022-11-20T13:34:23.301682+00:00, run_after=2022-11-20T17:34:23.301682+00:00
[2022-11-20T17:34:23.316+0000] {processor.py:176} INFO - Processing /home/airflow/.local/lib/python3.7/site-packages/airflow/example_dags/example_latest_only.py took 0.070 seconds
[2022-11-20T17:34:54.150+0000] {processor.py:154} INFO - Started process (PID=4196) to work on /home/airflow/.local/lib/python3.7/site-packages/airflow/example_dags/example_latest_only.py
[2022-11-20T17:34:54.150+0000] {processor.py:756} INFO - Processing file /home/airflow/.local/lib/python3.7/site-packages/airflow/example_dags/example_latest_only.py for tasks to queue
[2022-11-20T17:34:54.151+0000] {logging_mixin.py:120} INFO - [2022-11-20T17:34:54.151+0000] {dagbag.py:537} INFO - Filling up the DagBag from /home/airflow/.local/lib/python3.7/site-packages/airflow/example_dags/example_latest_only.py
[2022-11-20T17:34:54.176+0000] {processor.py:766} INFO - DAG(s) dict_keys(['latest_only']) retrieved from /home/airflow/.local/lib/python3.7/site-packages/airflow/example_dags/example_latest_only.py
[2022-11-20T17:34:54.232+0000] {logging_mixin.py:120} INFO - [2022-11-20T17:34:54.232+0000] {dag.py:2585} INFO - Sync 1 DAGs
[2022-11-20T17:34:54.246+0000] {logging_mixin.py:120} INFO - [2022-11-20T17:34:54.245+0000] {dag.py:3340} INFO - Setting next_dagrun for latest_only to 2022-11-20T13:34:54.245730+00:00, run_after=2022-11-20T17:34:54.245730+00:00
[2022-11-20T17:34:54.257+0000] {processor.py:176} INFO - Processing /home/airflow/.local/lib/python3.7/site-packages/airflow/example_dags/example_latest_only.py took 0.113 seconds
[2022-11-20T17:35:25.197+0000] {processor.py:154} INFO - Started process (PID=4252) to work on /home/airflow/.local/lib/python3.7/site-packages/airflow/example_dags/example_latest_only.py
[2022-11-20T17:35:25.199+0000] {processor.py:756} INFO - Processing file /home/airflow/.local/lib/python3.7/site-packages/airflow/example_dags/example_latest_only.py for tasks to queue
[2022-11-20T17:35:25.200+0000] {logging_mixin.py:120} INFO - [2022-11-20T17:35:25.200+0000] {dagbag.py:537} INFO - Filling up the DagBag from /home/airflow/.local/lib/python3.7/site-packages/airflow/example_dags/example_latest_only.py
[2022-11-20T17:35:25.216+0000] {processor.py:766} INFO - DAG(s) dict_keys(['latest_only']) retrieved from /home/airflow/.local/lib/python3.7/site-packages/airflow/example_dags/example_latest_only.py
[2022-11-20T17:35:25.242+0000] {logging_mixin.py:120} INFO - [2022-11-20T17:35:25.242+0000] {dag.py:2585} INFO - Sync 1 DAGs
[2022-11-20T17:35:25.255+0000] {logging_mixin.py:120} INFO - [2022-11-20T17:35:25.255+0000] {dag.py:3340} INFO - Setting next_dagrun for latest_only to 2022-11-20T13:35:25.255537+00:00, run_after=2022-11-20T17:35:25.255537+00:00
[2022-11-20T17:35:25.266+0000] {processor.py:176} INFO - Processing /home/airflow/.local/lib/python3.7/site-packages/airflow/example_dags/example_latest_only.py took 0.074 seconds
