[2022-11-20T12:59:10.853+0000] {processor.py:154} INFO - Started process (PID=56) to work on /home/airflow/.local/lib/python3.7/site-packages/airflow/example_dags/example_task_group.py
[2022-11-20T12:59:10.863+0000] {processor.py:756} INFO - Processing file /home/airflow/.local/lib/python3.7/site-packages/airflow/example_dags/example_task_group.py for tasks to queue
[2022-11-20T12:59:10.868+0000] {logging_mixin.py:120} INFO - [2022-11-20T12:59:10.868+0000] {dagbag.py:537} INFO - Filling up the DagBag from /home/airflow/.local/lib/python3.7/site-packages/airflow/example_dags/example_task_group.py
[2022-11-20T12:59:10.908+0000] {processor.py:766} INFO - DAG(s) dict_keys(['example_task_group']) retrieved from /home/airflow/.local/lib/python3.7/site-packages/airflow/example_dags/example_task_group.py
[2022-11-20T12:59:10.967+0000] {logging_mixin.py:120} INFO - [2022-11-20T12:59:10.967+0000] {dag.py:2585} INFO - Sync 1 DAGs
[2022-11-20T12:59:11.019+0000] {logging_mixin.py:120} INFO - [2022-11-20T12:59:11.018+0000] {dag.py:3340} INFO - Setting next_dagrun for example_task_group to 2022-11-19T12:59:11.016611+00:00, run_after=2022-11-20T12:59:11.016611+00:00
[2022-11-20T12:59:11.062+0000] {processor.py:176} INFO - Processing /home/airflow/.local/lib/python3.7/site-packages/airflow/example_dags/example_task_group.py took 0.214 seconds
[2022-11-20T12:59:41.239+0000] {processor.py:154} INFO - Started process (PID=131) to work on /home/airflow/.local/lib/python3.7/site-packages/airflow/example_dags/example_task_group.py
[2022-11-20T12:59:41.240+0000] {processor.py:756} INFO - Processing file /home/airflow/.local/lib/python3.7/site-packages/airflow/example_dags/example_task_group.py for tasks to queue
[2022-11-20T12:59:41.242+0000] {logging_mixin.py:120} INFO - [2022-11-20T12:59:41.242+0000] {dagbag.py:537} INFO - Filling up the DagBag from /home/airflow/.local/lib/python3.7/site-packages/airflow/example_dags/example_task_group.py
[2022-11-20T12:59:41.250+0000] {processor.py:766} INFO - DAG(s) dict_keys(['example_task_group']) retrieved from /home/airflow/.local/lib/python3.7/site-packages/airflow/example_dags/example_task_group.py
[2022-11-20T12:59:41.270+0000] {logging_mixin.py:120} INFO - [2022-11-20T12:59:41.270+0000] {dag.py:2585} INFO - Sync 1 DAGs
[2022-11-20T12:59:41.283+0000] {logging_mixin.py:120} INFO - [2022-11-20T12:59:41.283+0000] {dag.py:3340} INFO - Setting next_dagrun for example_task_group to 2022-11-19T12:59:41.283438+00:00, run_after=2022-11-20T12:59:41.283438+00:00
[2022-11-20T12:59:41.293+0000] {processor.py:176} INFO - Processing /home/airflow/.local/lib/python3.7/site-packages/airflow/example_dags/example_task_group.py took 0.055 seconds
[2022-11-20T13:00:12.076+0000] {processor.py:154} INFO - Started process (PID=199) to work on /home/airflow/.local/lib/python3.7/site-packages/airflow/example_dags/example_task_group.py
[2022-11-20T13:00:12.077+0000] {processor.py:756} INFO - Processing file /home/airflow/.local/lib/python3.7/site-packages/airflow/example_dags/example_task_group.py for tasks to queue
[2022-11-20T13:00:12.078+0000] {logging_mixin.py:120} INFO - [2022-11-20T13:00:12.077+0000] {dagbag.py:537} INFO - Filling up the DagBag from /home/airflow/.local/lib/python3.7/site-packages/airflow/example_dags/example_task_group.py
[2022-11-20T13:00:12.086+0000] {processor.py:766} INFO - DAG(s) dict_keys(['example_task_group']) retrieved from /home/airflow/.local/lib/python3.7/site-packages/airflow/example_dags/example_task_group.py
[2022-11-20T13:00:12.106+0000] {logging_mixin.py:120} INFO - [2022-11-20T13:00:12.106+0000] {dag.py:2585} INFO - Sync 1 DAGs
[2022-11-20T13:00:12.119+0000] {logging_mixin.py:120} INFO - [2022-11-20T13:00:12.119+0000] {dag.py:3340} INFO - Setting next_dagrun for example_task_group to 2022-11-19T13:00:12.119353+00:00, run_after=2022-11-20T13:00:12.119353+00:00
[2022-11-20T13:00:12.129+0000] {processor.py:176} INFO - Processing /home/airflow/.local/lib/python3.7/site-packages/airflow/example_dags/example_task_group.py took 0.054 seconds
[2022-11-20T13:00:42.803+0000] {processor.py:154} INFO - Started process (PID=267) to work on /home/airflow/.local/lib/python3.7/site-packages/airflow/example_dags/example_task_group.py
[2022-11-20T13:00:42.804+0000] {processor.py:756} INFO - Processing file /home/airflow/.local/lib/python3.7/site-packages/airflow/example_dags/example_task_group.py for tasks to queue
[2022-11-20T13:00:42.805+0000] {logging_mixin.py:120} INFO - [2022-11-20T13:00:42.805+0000] {dagbag.py:537} INFO - Filling up the DagBag from /home/airflow/.local/lib/python3.7/site-packages/airflow/example_dags/example_task_group.py
[2022-11-20T13:00:42.815+0000] {processor.py:766} INFO - DAG(s) dict_keys(['example_task_group']) retrieved from /home/airflow/.local/lib/python3.7/site-packages/airflow/example_dags/example_task_group.py
[2022-11-20T13:00:42.851+0000] {logging_mixin.py:120} INFO - [2022-11-20T13:00:42.851+0000] {dag.py:2585} INFO - Sync 1 DAGs
[2022-11-20T13:00:42.867+0000] {logging_mixin.py:120} INFO - [2022-11-20T13:00:42.867+0000] {dag.py:3340} INFO - Setting next_dagrun for example_task_group to 2022-11-19T13:00:42.866982+00:00, run_after=2022-11-20T13:00:42.866982+00:00
[2022-11-20T13:00:42.880+0000] {processor.py:176} INFO - Processing /home/airflow/.local/lib/python3.7/site-packages/airflow/example_dags/example_task_group.py took 0.079 seconds
[2022-11-20T13:01:13.793+0000] {processor.py:154} INFO - Started process (PID=335) to work on /home/airflow/.local/lib/python3.7/site-packages/airflow/example_dags/example_task_group.py
[2022-11-20T13:01:13.793+0000] {processor.py:756} INFO - Processing file /home/airflow/.local/lib/python3.7/site-packages/airflow/example_dags/example_task_group.py for tasks to queue
[2022-11-20T13:01:13.794+0000] {logging_mixin.py:120} INFO - [2022-11-20T13:01:13.794+0000] {dagbag.py:537} INFO - Filling up the DagBag from /home/airflow/.local/lib/python3.7/site-packages/airflow/example_dags/example_task_group.py
[2022-11-20T13:01:13.806+0000] {processor.py:766} INFO - DAG(s) dict_keys(['example_task_group']) retrieved from /home/airflow/.local/lib/python3.7/site-packages/airflow/example_dags/example_task_group.py
[2022-11-20T13:01:13.835+0000] {logging_mixin.py:120} INFO - [2022-11-20T13:01:13.834+0000] {dag.py:2585} INFO - Sync 1 DAGs
[2022-11-20T13:01:13.850+0000] {logging_mixin.py:120} INFO - [2022-11-20T13:01:13.850+0000] {dag.py:3340} INFO - Setting next_dagrun for example_task_group to 2022-11-19T13:01:13.850266+00:00, run_after=2022-11-20T13:01:13.850266+00:00
[2022-11-20T13:01:13.861+0000] {processor.py:176} INFO - Processing /home/airflow/.local/lib/python3.7/site-packages/airflow/example_dags/example_task_group.py took 0.074 seconds
[2022-11-20T13:01:43.936+0000] {processor.py:154} INFO - Started process (PID=394) to work on /home/airflow/.local/lib/python3.7/site-packages/airflow/example_dags/example_task_group.py
[2022-11-20T13:01:43.936+0000] {processor.py:756} INFO - Processing file /home/airflow/.local/lib/python3.7/site-packages/airflow/example_dags/example_task_group.py for tasks to queue
[2022-11-20T13:01:43.937+0000] {logging_mixin.py:120} INFO - [2022-11-20T13:01:43.937+0000] {dagbag.py:537} INFO - Filling up the DagBag from /home/airflow/.local/lib/python3.7/site-packages/airflow/example_dags/example_task_group.py
[2022-11-20T13:01:43.945+0000] {processor.py:766} INFO - DAG(s) dict_keys(['example_task_group']) retrieved from /home/airflow/.local/lib/python3.7/site-packages/airflow/example_dags/example_task_group.py
[2022-11-20T13:01:43.965+0000] {logging_mixin.py:120} INFO - [2022-11-20T13:01:43.965+0000] {dag.py:2585} INFO - Sync 1 DAGs
[2022-11-20T13:01:43.978+0000] {logging_mixin.py:120} INFO - [2022-11-20T13:01:43.978+0000] {dag.py:3340} INFO - Setting next_dagrun for example_task_group to 2022-11-19T13:01:43.978023+00:00, run_after=2022-11-20T13:01:43.978023+00:00
[2022-11-20T13:01:43.988+0000] {processor.py:176} INFO - Processing /home/airflow/.local/lib/python3.7/site-packages/airflow/example_dags/example_task_group.py took 0.054 seconds
[2022-11-20T13:02:14.954+0000] {processor.py:154} INFO - Started process (PID=460) to work on /home/airflow/.local/lib/python3.7/site-packages/airflow/example_dags/example_task_group.py
[2022-11-20T13:02:14.955+0000] {processor.py:756} INFO - Processing file /home/airflow/.local/lib/python3.7/site-packages/airflow/example_dags/example_task_group.py for tasks to queue
[2022-11-20T13:02:14.955+0000] {logging_mixin.py:120} INFO - [2022-11-20T13:02:14.955+0000] {dagbag.py:537} INFO - Filling up the DagBag from /home/airflow/.local/lib/python3.7/site-packages/airflow/example_dags/example_task_group.py
[2022-11-20T13:02:14.964+0000] {processor.py:766} INFO - DAG(s) dict_keys(['example_task_group']) retrieved from /home/airflow/.local/lib/python3.7/site-packages/airflow/example_dags/example_task_group.py
[2022-11-20T13:02:14.985+0000] {logging_mixin.py:120} INFO - [2022-11-20T13:02:14.985+0000] {dag.py:2585} INFO - Sync 1 DAGs
[2022-11-20T13:02:14.997+0000] {logging_mixin.py:120} INFO - [2022-11-20T13:02:14.997+0000] {dag.py:3340} INFO - Setting next_dagrun for example_task_group to 2022-11-19T13:02:14.997565+00:00, run_after=2022-11-20T13:02:14.997565+00:00
[2022-11-20T13:02:15.007+0000] {processor.py:176} INFO - Processing /home/airflow/.local/lib/python3.7/site-packages/airflow/example_dags/example_task_group.py took 0.054 seconds
[2022-11-20T13:02:45.601+0000] {processor.py:154} INFO - Started process (PID=529) to work on /home/airflow/.local/lib/python3.7/site-packages/airflow/example_dags/example_task_group.py
[2022-11-20T13:02:45.601+0000] {processor.py:756} INFO - Processing file /home/airflow/.local/lib/python3.7/site-packages/airflow/example_dags/example_task_group.py for tasks to queue
[2022-11-20T13:02:45.602+0000] {logging_mixin.py:120} INFO - [2022-11-20T13:02:45.602+0000] {dagbag.py:537} INFO - Filling up the DagBag from /home/airflow/.local/lib/python3.7/site-packages/airflow/example_dags/example_task_group.py
[2022-11-20T13:02:45.610+0000] {processor.py:766} INFO - DAG(s) dict_keys(['example_task_group']) retrieved from /home/airflow/.local/lib/python3.7/site-packages/airflow/example_dags/example_task_group.py
[2022-11-20T13:02:45.631+0000] {logging_mixin.py:120} INFO - [2022-11-20T13:02:45.631+0000] {dag.py:2585} INFO - Sync 1 DAGs
[2022-11-20T13:02:45.642+0000] {logging_mixin.py:120} INFO - [2022-11-20T13:02:45.642+0000] {dag.py:3340} INFO - Setting next_dagrun for example_task_group to 2022-11-19T13:02:45.642739+00:00, run_after=2022-11-20T13:02:45.642739+00:00
[2022-11-20T13:02:45.653+0000] {processor.py:176} INFO - Processing /home/airflow/.local/lib/python3.7/site-packages/airflow/example_dags/example_task_group.py took 0.054 seconds
[2022-11-20T13:03:16.559+0000] {processor.py:154} INFO - Started process (PID=592) to work on /home/airflow/.local/lib/python3.7/site-packages/airflow/example_dags/example_task_group.py
[2022-11-20T13:03:16.560+0000] {processor.py:756} INFO - Processing file /home/airflow/.local/lib/python3.7/site-packages/airflow/example_dags/example_task_group.py for tasks to queue
[2022-11-20T13:03:16.560+0000] {logging_mixin.py:120} INFO - [2022-11-20T13:03:16.560+0000] {dagbag.py:537} INFO - Filling up the DagBag from /home/airflow/.local/lib/python3.7/site-packages/airflow/example_dags/example_task_group.py
[2022-11-20T13:03:16.572+0000] {processor.py:766} INFO - DAG(s) dict_keys(['example_task_group']) retrieved from /home/airflow/.local/lib/python3.7/site-packages/airflow/example_dags/example_task_group.py
[2022-11-20T13:03:16.600+0000] {logging_mixin.py:120} INFO - [2022-11-20T13:03:16.600+0000] {dag.py:2585} INFO - Sync 1 DAGs
[2022-11-20T13:03:16.615+0000] {logging_mixin.py:120} INFO - [2022-11-20T13:03:16.615+0000] {dag.py:3340} INFO - Setting next_dagrun for example_task_group to 2022-11-19T13:03:16.615383+00:00, run_after=2022-11-20T13:03:16.615383+00:00
[2022-11-20T13:03:16.630+0000] {processor.py:176} INFO - Processing /home/airflow/.local/lib/python3.7/site-packages/airflow/example_dags/example_task_group.py took 0.073 seconds
[2022-11-20T13:03:47.369+0000] {processor.py:154} INFO - Started process (PID=660) to work on /home/airflow/.local/lib/python3.7/site-packages/airflow/example_dags/example_task_group.py
[2022-11-20T13:03:47.370+0000] {processor.py:756} INFO - Processing file /home/airflow/.local/lib/python3.7/site-packages/airflow/example_dags/example_task_group.py for tasks to queue
[2022-11-20T13:03:47.370+0000] {logging_mixin.py:120} INFO - [2022-11-20T13:03:47.370+0000] {dagbag.py:537} INFO - Filling up the DagBag from /home/airflow/.local/lib/python3.7/site-packages/airflow/example_dags/example_task_group.py
[2022-11-20T13:03:47.379+0000] {processor.py:766} INFO - DAG(s) dict_keys(['example_task_group']) retrieved from /home/airflow/.local/lib/python3.7/site-packages/airflow/example_dags/example_task_group.py
[2022-11-20T13:03:47.398+0000] {logging_mixin.py:120} INFO - [2022-11-20T13:03:47.398+0000] {dag.py:2585} INFO - Sync 1 DAGs
[2022-11-20T13:03:47.410+0000] {logging_mixin.py:120} INFO - [2022-11-20T13:03:47.410+0000] {dag.py:3340} INFO - Setting next_dagrun for example_task_group to 2022-11-19T13:03:47.410442+00:00, run_after=2022-11-20T13:03:47.410442+00:00
[2022-11-20T13:03:47.420+0000] {processor.py:176} INFO - Processing /home/airflow/.local/lib/python3.7/site-packages/airflow/example_dags/example_task_group.py took 0.053 seconds
[2022-11-20T13:04:18.195+0000] {processor.py:154} INFO - Started process (PID=729) to work on /home/airflow/.local/lib/python3.7/site-packages/airflow/example_dags/example_task_group.py
[2022-11-20T13:04:18.196+0000] {processor.py:756} INFO - Processing file /home/airflow/.local/lib/python3.7/site-packages/airflow/example_dags/example_task_group.py for tasks to queue
[2022-11-20T13:04:18.196+0000] {logging_mixin.py:120} INFO - [2022-11-20T13:04:18.196+0000] {dagbag.py:537} INFO - Filling up the DagBag from /home/airflow/.local/lib/python3.7/site-packages/airflow/example_dags/example_task_group.py
[2022-11-20T13:04:18.204+0000] {processor.py:766} INFO - DAG(s) dict_keys(['example_task_group']) retrieved from /home/airflow/.local/lib/python3.7/site-packages/airflow/example_dags/example_task_group.py
[2022-11-20T13:04:18.226+0000] {logging_mixin.py:120} INFO - [2022-11-20T13:04:18.226+0000] {dag.py:2585} INFO - Sync 1 DAGs
[2022-11-20T13:04:18.239+0000] {logging_mixin.py:120} INFO - [2022-11-20T13:04:18.239+0000] {dag.py:3340} INFO - Setting next_dagrun for example_task_group to 2022-11-19T13:04:18.239392+00:00, run_after=2022-11-20T13:04:18.239392+00:00
[2022-11-20T13:04:18.250+0000] {processor.py:176} INFO - Processing /home/airflow/.local/lib/python3.7/site-packages/airflow/example_dags/example_task_group.py took 0.056 seconds
[2022-11-20T13:04:48.319+0000] {processor.py:154} INFO - Started process (PID=789) to work on /home/airflow/.local/lib/python3.7/site-packages/airflow/example_dags/example_task_group.py
[2022-11-20T13:04:48.320+0000] {processor.py:756} INFO - Processing file /home/airflow/.local/lib/python3.7/site-packages/airflow/example_dags/example_task_group.py for tasks to queue
[2022-11-20T13:04:48.320+0000] {logging_mixin.py:120} INFO - [2022-11-20T13:04:48.320+0000] {dagbag.py:537} INFO - Filling up the DagBag from /home/airflow/.local/lib/python3.7/site-packages/airflow/example_dags/example_task_group.py
[2022-11-20T13:04:48.329+0000] {processor.py:766} INFO - DAG(s) dict_keys(['example_task_group']) retrieved from /home/airflow/.local/lib/python3.7/site-packages/airflow/example_dags/example_task_group.py
[2022-11-20T13:04:48.349+0000] {logging_mixin.py:120} INFO - [2022-11-20T13:04:48.349+0000] {dag.py:2585} INFO - Sync 1 DAGs
[2022-11-20T13:04:48.361+0000] {logging_mixin.py:120} INFO - [2022-11-20T13:04:48.361+0000] {dag.py:3340} INFO - Setting next_dagrun for example_task_group to 2022-11-19T13:04:48.361402+00:00, run_after=2022-11-20T13:04:48.361402+00:00
[2022-11-20T13:04:48.370+0000] {processor.py:176} INFO - Processing /home/airflow/.local/lib/python3.7/site-packages/airflow/example_dags/example_task_group.py took 0.053 seconds
[2022-11-20T13:05:18.470+0000] {processor.py:154} INFO - Started process (PID=854) to work on /home/airflow/.local/lib/python3.7/site-packages/airflow/example_dags/example_task_group.py
[2022-11-20T13:05:18.471+0000] {processor.py:756} INFO - Processing file /home/airflow/.local/lib/python3.7/site-packages/airflow/example_dags/example_task_group.py for tasks to queue
[2022-11-20T13:05:18.471+0000] {logging_mixin.py:120} INFO - [2022-11-20T13:05:18.471+0000] {dagbag.py:537} INFO - Filling up the DagBag from /home/airflow/.local/lib/python3.7/site-packages/airflow/example_dags/example_task_group.py
[2022-11-20T13:05:18.479+0000] {processor.py:766} INFO - DAG(s) dict_keys(['example_task_group']) retrieved from /home/airflow/.local/lib/python3.7/site-packages/airflow/example_dags/example_task_group.py
[2022-11-20T13:05:18.499+0000] {logging_mixin.py:120} INFO - [2022-11-20T13:05:18.499+0000] {dag.py:2585} INFO - Sync 1 DAGs
[2022-11-20T13:05:18.512+0000] {logging_mixin.py:120} INFO - [2022-11-20T13:05:18.512+0000] {dag.py:3340} INFO - Setting next_dagrun for example_task_group to 2022-11-19T13:05:18.512126+00:00, run_after=2022-11-20T13:05:18.512126+00:00
[2022-11-20T13:05:18.521+0000] {processor.py:176} INFO - Processing /home/airflow/.local/lib/python3.7/site-packages/airflow/example_dags/example_task_group.py took 0.053 seconds
[2022-11-20T13:05:49.142+0000] {processor.py:154} INFO - Started process (PID=922) to work on /home/airflow/.local/lib/python3.7/site-packages/airflow/example_dags/example_task_group.py
[2022-11-20T13:05:49.143+0000] {processor.py:756} INFO - Processing file /home/airflow/.local/lib/python3.7/site-packages/airflow/example_dags/example_task_group.py for tasks to queue
[2022-11-20T13:05:49.143+0000] {logging_mixin.py:120} INFO - [2022-11-20T13:05:49.143+0000] {dagbag.py:537} INFO - Filling up the DagBag from /home/airflow/.local/lib/python3.7/site-packages/airflow/example_dags/example_task_group.py
[2022-11-20T13:05:49.151+0000] {processor.py:766} INFO - DAG(s) dict_keys(['example_task_group']) retrieved from /home/airflow/.local/lib/python3.7/site-packages/airflow/example_dags/example_task_group.py
[2022-11-20T13:05:49.174+0000] {logging_mixin.py:120} INFO - [2022-11-20T13:05:49.173+0000] {dag.py:2585} INFO - Sync 1 DAGs
[2022-11-20T13:05:49.187+0000] {logging_mixin.py:120} INFO - [2022-11-20T13:05:49.186+0000] {dag.py:3340} INFO - Setting next_dagrun for example_task_group to 2022-11-19T13:05:49.186818+00:00, run_after=2022-11-20T13:05:49.186818+00:00
[2022-11-20T13:05:49.197+0000] {processor.py:176} INFO - Processing /home/airflow/.local/lib/python3.7/site-packages/airflow/example_dags/example_task_group.py took 0.057 seconds
[2022-11-20T13:06:19.948+0000] {processor.py:154} INFO - Started process (PID=987) to work on /home/airflow/.local/lib/python3.7/site-packages/airflow/example_dags/example_task_group.py
[2022-11-20T13:06:19.948+0000] {processor.py:756} INFO - Processing file /home/airflow/.local/lib/python3.7/site-packages/airflow/example_dags/example_task_group.py for tasks to queue
[2022-11-20T13:06:19.949+0000] {logging_mixin.py:120} INFO - [2022-11-20T13:06:19.949+0000] {dagbag.py:537} INFO - Filling up the DagBag from /home/airflow/.local/lib/python3.7/site-packages/airflow/example_dags/example_task_group.py
[2022-11-20T13:06:19.958+0000] {processor.py:766} INFO - DAG(s) dict_keys(['example_task_group']) retrieved from /home/airflow/.local/lib/python3.7/site-packages/airflow/example_dags/example_task_group.py
[2022-11-20T13:06:19.982+0000] {logging_mixin.py:120} INFO - [2022-11-20T13:06:19.981+0000] {dag.py:2585} INFO - Sync 1 DAGs
[2022-11-20T13:06:19.995+0000] {logging_mixin.py:120} INFO - [2022-11-20T13:06:19.995+0000] {dag.py:3340} INFO - Setting next_dagrun for example_task_group to 2022-11-19T13:06:19.994909+00:00, run_after=2022-11-20T13:06:19.994909+00:00
[2022-11-20T13:06:20.006+0000] {processor.py:176} INFO - Processing /home/airflow/.local/lib/python3.7/site-packages/airflow/example_dags/example_task_group.py took 0.061 seconds
[2022-11-20T13:06:51.371+0000] {processor.py:154} INFO - Started process (PID=1055) to work on /home/airflow/.local/lib/python3.7/site-packages/airflow/example_dags/example_task_group.py
[2022-11-20T13:06:51.372+0000] {processor.py:756} INFO - Processing file /home/airflow/.local/lib/python3.7/site-packages/airflow/example_dags/example_task_group.py for tasks to queue
[2022-11-20T13:06:51.372+0000] {logging_mixin.py:120} INFO - [2022-11-20T13:06:51.372+0000] {dagbag.py:537} INFO - Filling up the DagBag from /home/airflow/.local/lib/python3.7/site-packages/airflow/example_dags/example_task_group.py
[2022-11-20T13:06:51.381+0000] {processor.py:766} INFO - DAG(s) dict_keys(['example_task_group']) retrieved from /home/airflow/.local/lib/python3.7/site-packages/airflow/example_dags/example_task_group.py
[2022-11-20T13:06:51.401+0000] {logging_mixin.py:120} INFO - [2022-11-20T13:06:51.401+0000] {dag.py:2585} INFO - Sync 1 DAGs
[2022-11-20T13:06:51.415+0000] {logging_mixin.py:120} INFO - [2022-11-20T13:06:51.415+0000] {dag.py:3340} INFO - Setting next_dagrun for example_task_group to 2022-11-19T13:06:51.415166+00:00, run_after=2022-11-20T13:06:51.415166+00:00
[2022-11-20T13:06:51.427+0000] {processor.py:176} INFO - Processing /home/airflow/.local/lib/python3.7/site-packages/airflow/example_dags/example_task_group.py took 0.058 seconds
[2022-11-20T13:18:23.358+0000] {processor.py:154} INFO - Started process (PID=1100) to work on /home/airflow/.local/lib/python3.7/site-packages/airflow/example_dags/example_task_group.py
[2022-11-20T13:18:23.360+0000] {processor.py:756} INFO - Processing file /home/airflow/.local/lib/python3.7/site-packages/airflow/example_dags/example_task_group.py for tasks to queue
[2022-11-20T13:18:23.361+0000] {logging_mixin.py:120} INFO - [2022-11-20T13:18:23.361+0000] {dagbag.py:537} INFO - Filling up the DagBag from /home/airflow/.local/lib/python3.7/site-packages/airflow/example_dags/example_task_group.py
[2022-11-20T13:18:23.377+0000] {processor.py:766} INFO - DAG(s) dict_keys(['example_task_group']) retrieved from /home/airflow/.local/lib/python3.7/site-packages/airflow/example_dags/example_task_group.py
[2022-11-20T13:18:23.419+0000] {logging_mixin.py:120} INFO - [2022-11-20T13:18:23.419+0000] {dag.py:2585} INFO - Sync 1 DAGs
[2022-11-20T13:18:23.442+0000] {logging_mixin.py:120} INFO - [2022-11-20T13:18:23.442+0000] {dag.py:3340} INFO - Setting next_dagrun for example_task_group to 2022-11-19T13:18:23.442628+00:00, run_after=2022-11-20T13:18:23.442628+00:00
[2022-11-20T13:18:23.455+0000] {processor.py:176} INFO - Processing /home/airflow/.local/lib/python3.7/site-packages/airflow/example_dags/example_task_group.py took 0.100 seconds
[2022-11-20T13:18:53.826+0000] {processor.py:154} INFO - Started process (PID=1167) to work on /home/airflow/.local/lib/python3.7/site-packages/airflow/example_dags/example_task_group.py
[2022-11-20T13:18:53.827+0000] {processor.py:756} INFO - Processing file /home/airflow/.local/lib/python3.7/site-packages/airflow/example_dags/example_task_group.py for tasks to queue
[2022-11-20T13:18:53.827+0000] {logging_mixin.py:120} INFO - [2022-11-20T13:18:53.827+0000] {dagbag.py:537} INFO - Filling up the DagBag from /home/airflow/.local/lib/python3.7/site-packages/airflow/example_dags/example_task_group.py
[2022-11-20T13:18:53.836+0000] {processor.py:766} INFO - DAG(s) dict_keys(['example_task_group']) retrieved from /home/airflow/.local/lib/python3.7/site-packages/airflow/example_dags/example_task_group.py
[2022-11-20T13:18:53.856+0000] {logging_mixin.py:120} INFO - [2022-11-20T13:18:53.856+0000] {dag.py:2585} INFO - Sync 1 DAGs
[2022-11-20T13:18:53.869+0000] {logging_mixin.py:120} INFO - [2022-11-20T13:18:53.869+0000] {dag.py:3340} INFO - Setting next_dagrun for example_task_group to 2022-11-19T13:18:53.868948+00:00, run_after=2022-11-20T13:18:53.868948+00:00
[2022-11-20T13:18:53.879+0000] {processor.py:176} INFO - Processing /home/airflow/.local/lib/python3.7/site-packages/airflow/example_dags/example_task_group.py took 0.055 seconds
[2022-11-20T13:19:24.899+0000] {processor.py:154} INFO - Started process (PID=1234) to work on /home/airflow/.local/lib/python3.7/site-packages/airflow/example_dags/example_task_group.py
[2022-11-20T13:19:24.899+0000] {processor.py:756} INFO - Processing file /home/airflow/.local/lib/python3.7/site-packages/airflow/example_dags/example_task_group.py for tasks to queue
[2022-11-20T13:19:24.900+0000] {logging_mixin.py:120} INFO - [2022-11-20T13:19:24.900+0000] {dagbag.py:537} INFO - Filling up the DagBag from /home/airflow/.local/lib/python3.7/site-packages/airflow/example_dags/example_task_group.py
[2022-11-20T13:19:24.909+0000] {processor.py:766} INFO - DAG(s) dict_keys(['example_task_group']) retrieved from /home/airflow/.local/lib/python3.7/site-packages/airflow/example_dags/example_task_group.py
[2022-11-20T13:19:24.930+0000] {logging_mixin.py:120} INFO - [2022-11-20T13:19:24.929+0000] {dag.py:2585} INFO - Sync 1 DAGs
[2022-11-20T13:19:24.941+0000] {logging_mixin.py:120} INFO - [2022-11-20T13:19:24.941+0000] {dag.py:3340} INFO - Setting next_dagrun for example_task_group to 2022-11-19T13:19:24.941567+00:00, run_after=2022-11-20T13:19:24.941567+00:00
[2022-11-20T13:19:24.951+0000] {processor.py:176} INFO - Processing /home/airflow/.local/lib/python3.7/site-packages/airflow/example_dags/example_task_group.py took 0.054 seconds
[2022-11-20T13:19:55.714+0000] {processor.py:154} INFO - Started process (PID=1295) to work on /home/airflow/.local/lib/python3.7/site-packages/airflow/example_dags/example_task_group.py
[2022-11-20T13:19:55.715+0000] {processor.py:756} INFO - Processing file /home/airflow/.local/lib/python3.7/site-packages/airflow/example_dags/example_task_group.py for tasks to queue
[2022-11-20T13:19:55.715+0000] {logging_mixin.py:120} INFO - [2022-11-20T13:19:55.715+0000] {dagbag.py:537} INFO - Filling up the DagBag from /home/airflow/.local/lib/python3.7/site-packages/airflow/example_dags/example_task_group.py
[2022-11-20T13:19:55.723+0000] {processor.py:766} INFO - DAG(s) dict_keys(['example_task_group']) retrieved from /home/airflow/.local/lib/python3.7/site-packages/airflow/example_dags/example_task_group.py
[2022-11-20T13:19:55.745+0000] {logging_mixin.py:120} INFO - [2022-11-20T13:19:55.745+0000] {dag.py:2585} INFO - Sync 1 DAGs
[2022-11-20T13:19:55.758+0000] {logging_mixin.py:120} INFO - [2022-11-20T13:19:55.758+0000] {dag.py:3340} INFO - Setting next_dagrun for example_task_group to 2022-11-19T13:19:55.758495+00:00, run_after=2022-11-20T13:19:55.758495+00:00
[2022-11-20T13:19:55.769+0000] {processor.py:176} INFO - Processing /home/airflow/.local/lib/python3.7/site-packages/airflow/example_dags/example_task_group.py took 0.057 seconds
[2022-11-20T13:20:26.819+0000] {processor.py:154} INFO - Started process (PID=1361) to work on /home/airflow/.local/lib/python3.7/site-packages/airflow/example_dags/example_task_group.py
[2022-11-20T13:20:26.820+0000] {processor.py:756} INFO - Processing file /home/airflow/.local/lib/python3.7/site-packages/airflow/example_dags/example_task_group.py for tasks to queue
[2022-11-20T13:20:26.820+0000] {logging_mixin.py:120} INFO - [2022-11-20T13:20:26.820+0000] {dagbag.py:537} INFO - Filling up the DagBag from /home/airflow/.local/lib/python3.7/site-packages/airflow/example_dags/example_task_group.py
[2022-11-20T13:20:26.828+0000] {processor.py:766} INFO - DAG(s) dict_keys(['example_task_group']) retrieved from /home/airflow/.local/lib/python3.7/site-packages/airflow/example_dags/example_task_group.py
[2022-11-20T13:20:26.848+0000] {logging_mixin.py:120} INFO - [2022-11-20T13:20:26.848+0000] {dag.py:2585} INFO - Sync 1 DAGs
[2022-11-20T13:20:26.862+0000] {logging_mixin.py:120} INFO - [2022-11-20T13:20:26.861+0000] {dag.py:3340} INFO - Setting next_dagrun for example_task_group to 2022-11-19T13:20:26.861769+00:00, run_after=2022-11-20T13:20:26.861769+00:00
[2022-11-20T13:20:26.873+0000] {processor.py:176} INFO - Processing /home/airflow/.local/lib/python3.7/site-packages/airflow/example_dags/example_task_group.py took 0.056 seconds
[2022-11-20T13:20:57.779+0000] {processor.py:154} INFO - Started process (PID=1428) to work on /home/airflow/.local/lib/python3.7/site-packages/airflow/example_dags/example_task_group.py
[2022-11-20T13:20:57.780+0000] {processor.py:756} INFO - Processing file /home/airflow/.local/lib/python3.7/site-packages/airflow/example_dags/example_task_group.py for tasks to queue
[2022-11-20T13:20:57.780+0000] {logging_mixin.py:120} INFO - [2022-11-20T13:20:57.780+0000] {dagbag.py:537} INFO - Filling up the DagBag from /home/airflow/.local/lib/python3.7/site-packages/airflow/example_dags/example_task_group.py
[2022-11-20T13:20:57.789+0000] {processor.py:766} INFO - DAG(s) dict_keys(['example_task_group']) retrieved from /home/airflow/.local/lib/python3.7/site-packages/airflow/example_dags/example_task_group.py
[2022-11-20T13:20:57.811+0000] {logging_mixin.py:120} INFO - [2022-11-20T13:20:57.811+0000] {dag.py:2585} INFO - Sync 1 DAGs
[2022-11-20T13:20:57.825+0000] {logging_mixin.py:120} INFO - [2022-11-20T13:20:57.824+0000] {dag.py:3340} INFO - Setting next_dagrun for example_task_group to 2022-11-19T13:20:57.824725+00:00, run_after=2022-11-20T13:20:57.824725+00:00
[2022-11-20T13:20:57.837+0000] {processor.py:176} INFO - Processing /home/airflow/.local/lib/python3.7/site-packages/airflow/example_dags/example_task_group.py took 0.060 seconds
[2022-11-20T13:21:28.731+0000] {processor.py:154} INFO - Started process (PID=1496) to work on /home/airflow/.local/lib/python3.7/site-packages/airflow/example_dags/example_task_group.py
[2022-11-20T13:21:28.732+0000] {processor.py:756} INFO - Processing file /home/airflow/.local/lib/python3.7/site-packages/airflow/example_dags/example_task_group.py for tasks to queue
[2022-11-20T13:21:28.732+0000] {logging_mixin.py:120} INFO - [2022-11-20T13:21:28.732+0000] {dagbag.py:537} INFO - Filling up the DagBag from /home/airflow/.local/lib/python3.7/site-packages/airflow/example_dags/example_task_group.py
[2022-11-20T13:21:28.741+0000] {processor.py:766} INFO - DAG(s) dict_keys(['example_task_group']) retrieved from /home/airflow/.local/lib/python3.7/site-packages/airflow/example_dags/example_task_group.py
[2022-11-20T13:21:28.763+0000] {logging_mixin.py:120} INFO - [2022-11-20T13:21:28.762+0000] {dag.py:2585} INFO - Sync 1 DAGs
[2022-11-20T13:21:28.774+0000] {logging_mixin.py:120} INFO - [2022-11-20T13:21:28.774+0000] {dag.py:3340} INFO - Setting next_dagrun for example_task_group to 2022-11-19T13:21:28.773950+00:00, run_after=2022-11-20T13:21:28.773950+00:00
[2022-11-20T13:21:28.784+0000] {processor.py:176} INFO - Processing /home/airflow/.local/lib/python3.7/site-packages/airflow/example_dags/example_task_group.py took 0.055 seconds
[2022-11-20T13:21:59.765+0000] {processor.py:154} INFO - Started process (PID=1561) to work on /home/airflow/.local/lib/python3.7/site-packages/airflow/example_dags/example_task_group.py
[2022-11-20T13:21:59.765+0000] {processor.py:756} INFO - Processing file /home/airflow/.local/lib/python3.7/site-packages/airflow/example_dags/example_task_group.py for tasks to queue
[2022-11-20T13:21:59.766+0000] {logging_mixin.py:120} INFO - [2022-11-20T13:21:59.766+0000] {dagbag.py:537} INFO - Filling up the DagBag from /home/airflow/.local/lib/python3.7/site-packages/airflow/example_dags/example_task_group.py
[2022-11-20T13:21:59.774+0000] {processor.py:766} INFO - DAG(s) dict_keys(['example_task_group']) retrieved from /home/airflow/.local/lib/python3.7/site-packages/airflow/example_dags/example_task_group.py
[2022-11-20T13:21:59.795+0000] {logging_mixin.py:120} INFO - [2022-11-20T13:21:59.795+0000] {dag.py:2585} INFO - Sync 1 DAGs
[2022-11-20T13:21:59.806+0000] {logging_mixin.py:120} INFO - [2022-11-20T13:21:59.806+0000] {dag.py:3340} INFO - Setting next_dagrun for example_task_group to 2022-11-19T13:21:59.806384+00:00, run_after=2022-11-20T13:21:59.806384+00:00
[2022-11-20T13:21:59.816+0000] {processor.py:176} INFO - Processing /home/airflow/.local/lib/python3.7/site-packages/airflow/example_dags/example_task_group.py took 0.053 seconds
[2022-11-20T13:22:30.885+0000] {processor.py:154} INFO - Started process (PID=1631) to work on /home/airflow/.local/lib/python3.7/site-packages/airflow/example_dags/example_task_group.py
[2022-11-20T13:22:30.886+0000] {processor.py:756} INFO - Processing file /home/airflow/.local/lib/python3.7/site-packages/airflow/example_dags/example_task_group.py for tasks to queue
[2022-11-20T13:22:30.887+0000] {logging_mixin.py:120} INFO - [2022-11-20T13:22:30.887+0000] {dagbag.py:537} INFO - Filling up the DagBag from /home/airflow/.local/lib/python3.7/site-packages/airflow/example_dags/example_task_group.py
[2022-11-20T13:22:30.896+0000] {processor.py:766} INFO - DAG(s) dict_keys(['example_task_group']) retrieved from /home/airflow/.local/lib/python3.7/site-packages/airflow/example_dags/example_task_group.py
[2022-11-20T13:22:30.921+0000] {logging_mixin.py:120} INFO - [2022-11-20T13:22:30.921+0000] {dag.py:2585} INFO - Sync 1 DAGs
[2022-11-20T13:22:30.935+0000] {logging_mixin.py:120} INFO - [2022-11-20T13:22:30.935+0000] {dag.py:3340} INFO - Setting next_dagrun for example_task_group to 2022-11-19T13:22:30.935543+00:00, run_after=2022-11-20T13:22:30.935543+00:00
[2022-11-20T13:22:30.952+0000] {processor.py:176} INFO - Processing /home/airflow/.local/lib/python3.7/site-packages/airflow/example_dags/example_task_group.py took 0.069 seconds
[2022-11-20T13:23:01.976+0000] {processor.py:154} INFO - Started process (PID=1698) to work on /home/airflow/.local/lib/python3.7/site-packages/airflow/example_dags/example_task_group.py
[2022-11-20T13:23:01.977+0000] {processor.py:756} INFO - Processing file /home/airflow/.local/lib/python3.7/site-packages/airflow/example_dags/example_task_group.py for tasks to queue
[2022-11-20T13:23:01.978+0000] {logging_mixin.py:120} INFO - [2022-11-20T13:23:01.977+0000] {dagbag.py:537} INFO - Filling up the DagBag from /home/airflow/.local/lib/python3.7/site-packages/airflow/example_dags/example_task_group.py
[2022-11-20T13:23:01.986+0000] {processor.py:766} INFO - DAG(s) dict_keys(['example_task_group']) retrieved from /home/airflow/.local/lib/python3.7/site-packages/airflow/example_dags/example_task_group.py
[2022-11-20T13:23:02.010+0000] {logging_mixin.py:120} INFO - [2022-11-20T13:23:02.010+0000] {dag.py:2585} INFO - Sync 1 DAGs
[2022-11-20T13:23:02.025+0000] {logging_mixin.py:120} INFO - [2022-11-20T13:23:02.025+0000] {dag.py:3340} INFO - Setting next_dagrun for example_task_group to 2022-11-19T13:23:02.025404+00:00, run_after=2022-11-20T13:23:02.025404+00:00
[2022-11-20T13:23:02.043+0000] {processor.py:176} INFO - Processing /home/airflow/.local/lib/python3.7/site-packages/airflow/example_dags/example_task_group.py took 0.069 seconds
[2022-11-20T13:23:32.223+0000] {processor.py:154} INFO - Started process (PID=1768) to work on /home/airflow/.local/lib/python3.7/site-packages/airflow/example_dags/example_task_group.py
[2022-11-20T13:23:32.223+0000] {processor.py:756} INFO - Processing file /home/airflow/.local/lib/python3.7/site-packages/airflow/example_dags/example_task_group.py for tasks to queue
[2022-11-20T13:23:32.224+0000] {logging_mixin.py:120} INFO - [2022-11-20T13:23:32.224+0000] {dagbag.py:537} INFO - Filling up the DagBag from /home/airflow/.local/lib/python3.7/site-packages/airflow/example_dags/example_task_group.py
[2022-11-20T13:23:32.234+0000] {processor.py:766} INFO - DAG(s) dict_keys(['example_task_group']) retrieved from /home/airflow/.local/lib/python3.7/site-packages/airflow/example_dags/example_task_group.py
[2022-11-20T13:23:32.269+0000] {logging_mixin.py:120} INFO - [2022-11-20T13:23:32.269+0000] {dag.py:2585} INFO - Sync 1 DAGs
[2022-11-20T13:23:32.297+0000] {logging_mixin.py:120} INFO - [2022-11-20T13:23:32.297+0000] {dag.py:3340} INFO - Setting next_dagrun for example_task_group to 2022-11-19T13:23:32.296755+00:00, run_after=2022-11-20T13:23:32.296755+00:00
[2022-11-20T13:23:32.316+0000] {processor.py:176} INFO - Processing /home/airflow/.local/lib/python3.7/site-packages/airflow/example_dags/example_task_group.py took 0.095 seconds
[2022-11-20T13:24:02.405+0000] {processor.py:154} INFO - Started process (PID=1827) to work on /home/airflow/.local/lib/python3.7/site-packages/airflow/example_dags/example_task_group.py
[2022-11-20T13:24:02.407+0000] {processor.py:756} INFO - Processing file /home/airflow/.local/lib/python3.7/site-packages/airflow/example_dags/example_task_group.py for tasks to queue
[2022-11-20T13:24:02.408+0000] {logging_mixin.py:120} INFO - [2022-11-20T13:24:02.408+0000] {dagbag.py:537} INFO - Filling up the DagBag from /home/airflow/.local/lib/python3.7/site-packages/airflow/example_dags/example_task_group.py
[2022-11-20T13:24:02.425+0000] {processor.py:766} INFO - DAG(s) dict_keys(['example_task_group']) retrieved from /home/airflow/.local/lib/python3.7/site-packages/airflow/example_dags/example_task_group.py
[2022-11-20T13:24:02.452+0000] {logging_mixin.py:120} INFO - [2022-11-20T13:24:02.452+0000] {dag.py:2585} INFO - Sync 1 DAGs
[2022-11-20T13:24:02.465+0000] {logging_mixin.py:120} INFO - [2022-11-20T13:24:02.465+0000] {dag.py:3340} INFO - Setting next_dagrun for example_task_group to 2022-11-19T13:24:02.465532+00:00, run_after=2022-11-20T13:24:02.465532+00:00
[2022-11-20T13:24:02.480+0000] {processor.py:176} INFO - Processing /home/airflow/.local/lib/python3.7/site-packages/airflow/example_dags/example_task_group.py took 0.079 seconds
[2022-11-20T13:24:33.509+0000] {processor.py:154} INFO - Started process (PID=1896) to work on /home/airflow/.local/lib/python3.7/site-packages/airflow/example_dags/example_task_group.py
[2022-11-20T13:24:33.510+0000] {processor.py:756} INFO - Processing file /home/airflow/.local/lib/python3.7/site-packages/airflow/example_dags/example_task_group.py for tasks to queue
[2022-11-20T13:24:33.511+0000] {logging_mixin.py:120} INFO - [2022-11-20T13:24:33.511+0000] {dagbag.py:537} INFO - Filling up the DagBag from /home/airflow/.local/lib/python3.7/site-packages/airflow/example_dags/example_task_group.py
[2022-11-20T13:24:33.525+0000] {processor.py:766} INFO - DAG(s) dict_keys(['example_task_group']) retrieved from /home/airflow/.local/lib/python3.7/site-packages/airflow/example_dags/example_task_group.py
[2022-11-20T13:24:33.550+0000] {logging_mixin.py:120} INFO - [2022-11-20T13:24:33.550+0000] {dag.py:2585} INFO - Sync 1 DAGs
[2022-11-20T13:24:33.563+0000] {logging_mixin.py:120} INFO - [2022-11-20T13:24:33.563+0000] {dag.py:3340} INFO - Setting next_dagrun for example_task_group to 2022-11-19T13:24:33.563178+00:00, run_after=2022-11-20T13:24:33.563178+00:00
[2022-11-20T13:24:33.572+0000] {processor.py:176} INFO - Processing /home/airflow/.local/lib/python3.7/site-packages/airflow/example_dags/example_task_group.py took 0.067 seconds
[2022-11-20T13:25:04.430+0000] {processor.py:154} INFO - Started process (PID=1964) to work on /home/airflow/.local/lib/python3.7/site-packages/airflow/example_dags/example_task_group.py
[2022-11-20T13:25:04.431+0000] {processor.py:756} INFO - Processing file /home/airflow/.local/lib/python3.7/site-packages/airflow/example_dags/example_task_group.py for tasks to queue
[2022-11-20T13:25:04.432+0000] {logging_mixin.py:120} INFO - [2022-11-20T13:25:04.432+0000] {dagbag.py:537} INFO - Filling up the DagBag from /home/airflow/.local/lib/python3.7/site-packages/airflow/example_dags/example_task_group.py
[2022-11-20T13:25:04.448+0000] {processor.py:766} INFO - DAG(s) dict_keys(['example_task_group']) retrieved from /home/airflow/.local/lib/python3.7/site-packages/airflow/example_dags/example_task_group.py
[2022-11-20T13:25:04.473+0000] {logging_mixin.py:120} INFO - [2022-11-20T13:25:04.473+0000] {dag.py:2585} INFO - Sync 1 DAGs
[2022-11-20T13:25:04.486+0000] {logging_mixin.py:120} INFO - [2022-11-20T13:25:04.486+0000] {dag.py:3340} INFO - Setting next_dagrun for example_task_group to 2022-11-19T13:25:04.486259+00:00, run_after=2022-11-20T13:25:04.486259+00:00
[2022-11-20T13:25:04.496+0000] {processor.py:176} INFO - Processing /home/airflow/.local/lib/python3.7/site-packages/airflow/example_dags/example_task_group.py took 0.069 seconds
[2022-11-20T13:25:35.122+0000] {processor.py:154} INFO - Started process (PID=2035) to work on /home/airflow/.local/lib/python3.7/site-packages/airflow/example_dags/example_task_group.py
[2022-11-20T13:25:35.122+0000] {processor.py:756} INFO - Processing file /home/airflow/.local/lib/python3.7/site-packages/airflow/example_dags/example_task_group.py for tasks to queue
[2022-11-20T13:25:35.123+0000] {logging_mixin.py:120} INFO - [2022-11-20T13:25:35.123+0000] {dagbag.py:537} INFO - Filling up the DagBag from /home/airflow/.local/lib/python3.7/site-packages/airflow/example_dags/example_task_group.py
[2022-11-20T13:25:35.131+0000] {processor.py:766} INFO - DAG(s) dict_keys(['example_task_group']) retrieved from /home/airflow/.local/lib/python3.7/site-packages/airflow/example_dags/example_task_group.py
[2022-11-20T13:25:35.152+0000] {logging_mixin.py:120} INFO - [2022-11-20T13:25:35.152+0000] {dag.py:2585} INFO - Sync 1 DAGs
[2022-11-20T13:25:35.166+0000] {logging_mixin.py:120} INFO - [2022-11-20T13:25:35.166+0000] {dag.py:3340} INFO - Setting next_dagrun for example_task_group to 2022-11-19T13:25:35.166212+00:00, run_after=2022-11-20T13:25:35.166212+00:00
[2022-11-20T13:25:35.177+0000] {processor.py:176} INFO - Processing /home/airflow/.local/lib/python3.7/site-packages/airflow/example_dags/example_task_group.py took 0.057 seconds
[2022-11-20T13:58:07.204+0000] {processor.py:154} INFO - Started process (PID=2083) to work on /home/airflow/.local/lib/python3.7/site-packages/airflow/example_dags/example_task_group.py
[2022-11-20T13:58:07.204+0000] {processor.py:756} INFO - Processing file /home/airflow/.local/lib/python3.7/site-packages/airflow/example_dags/example_task_group.py for tasks to queue
[2022-11-20T13:58:07.205+0000] {logging_mixin.py:120} INFO - [2022-11-20T13:58:07.205+0000] {dagbag.py:537} INFO - Filling up the DagBag from /home/airflow/.local/lib/python3.7/site-packages/airflow/example_dags/example_task_group.py
[2022-11-20T13:58:07.214+0000] {processor.py:766} INFO - DAG(s) dict_keys(['example_task_group']) retrieved from /home/airflow/.local/lib/python3.7/site-packages/airflow/example_dags/example_task_group.py
[2022-11-20T13:58:07.239+0000] {logging_mixin.py:120} INFO - [2022-11-20T13:58:07.239+0000] {dag.py:2585} INFO - Sync 1 DAGs
[2022-11-20T13:58:07.277+0000] {logging_mixin.py:120} INFO - [2022-11-20T13:58:07.277+0000] {dag.py:3340} INFO - Setting next_dagrun for example_task_group to 2022-11-19T13:58:07.277433+00:00, run_after=2022-11-20T13:58:07.277433+00:00
[2022-11-20T13:58:07.311+0000] {processor.py:176} INFO - Processing /home/airflow/.local/lib/python3.7/site-packages/airflow/example_dags/example_task_group.py took 0.109 seconds
[2022-11-20T14:14:22.465+0000] {processor.py:154} INFO - Started process (PID=2133) to work on /home/airflow/.local/lib/python3.7/site-packages/airflow/example_dags/example_task_group.py
[2022-11-20T14:14:22.465+0000] {processor.py:756} INFO - Processing file /home/airflow/.local/lib/python3.7/site-packages/airflow/example_dags/example_task_group.py for tasks to queue
[2022-11-20T14:14:22.466+0000] {logging_mixin.py:120} INFO - [2022-11-20T14:14:22.466+0000] {dagbag.py:537} INFO - Filling up the DagBag from /home/airflow/.local/lib/python3.7/site-packages/airflow/example_dags/example_task_group.py
[2022-11-20T14:14:22.475+0000] {processor.py:766} INFO - DAG(s) dict_keys(['example_task_group']) retrieved from /home/airflow/.local/lib/python3.7/site-packages/airflow/example_dags/example_task_group.py
[2022-11-20T14:14:22.544+0000] {logging_mixin.py:120} INFO - [2022-11-20T14:14:22.544+0000] {dag.py:2585} INFO - Sync 1 DAGs
[2022-11-20T14:14:22.560+0000] {logging_mixin.py:120} INFO - [2022-11-20T14:14:22.560+0000] {dag.py:3340} INFO - Setting next_dagrun for example_task_group to 2022-11-19T14:14:22.560080+00:00, run_after=2022-11-20T14:14:22.560080+00:00
[2022-11-20T14:14:22.572+0000] {processor.py:176} INFO - Processing /home/airflow/.local/lib/python3.7/site-packages/airflow/example_dags/example_task_group.py took 0.109 seconds
[2022-11-20T14:44:48.082+0000] {processor.py:154} INFO - Started process (PID=2180) to work on /home/airflow/.local/lib/python3.7/site-packages/airflow/example_dags/example_task_group.py
[2022-11-20T14:44:48.082+0000] {processor.py:756} INFO - Processing file /home/airflow/.local/lib/python3.7/site-packages/airflow/example_dags/example_task_group.py for tasks to queue
[2022-11-20T14:44:48.083+0000] {logging_mixin.py:120} INFO - [2022-11-20T14:44:48.083+0000] {dagbag.py:537} INFO - Filling up the DagBag from /home/airflow/.local/lib/python3.7/site-packages/airflow/example_dags/example_task_group.py
[2022-11-20T14:44:48.091+0000] {processor.py:766} INFO - DAG(s) dict_keys(['example_task_group']) retrieved from /home/airflow/.local/lib/python3.7/site-packages/airflow/example_dags/example_task_group.py
[2022-11-20T14:44:48.472+0000] {logging_mixin.py:120} INFO - [2022-11-20T14:44:48.472+0000] {dag.py:2585} INFO - Sync 1 DAGs
[2022-11-20T14:44:48.497+0000] {logging_mixin.py:120} INFO - [2022-11-20T14:44:48.497+0000] {dag.py:3340} INFO - Setting next_dagrun for example_task_group to 2022-11-19T14:44:48.497480+00:00, run_after=2022-11-20T14:44:48.497480+00:00
[2022-11-20T14:44:48.577+0000] {processor.py:176} INFO - Processing /home/airflow/.local/lib/python3.7/site-packages/airflow/example_dags/example_task_group.py took 0.497 seconds
[2022-11-20T15:18:05.562+0000] {processor.py:154} INFO - Started process (PID=2227) to work on /home/airflow/.local/lib/python3.7/site-packages/airflow/example_dags/example_task_group.py
[2022-11-20T15:18:05.563+0000] {processor.py:756} INFO - Processing file /home/airflow/.local/lib/python3.7/site-packages/airflow/example_dags/example_task_group.py for tasks to queue
[2022-11-20T15:18:05.563+0000] {logging_mixin.py:120} INFO - [2022-11-20T15:18:05.563+0000] {dagbag.py:537} INFO - Filling up the DagBag from /home/airflow/.local/lib/python3.7/site-packages/airflow/example_dags/example_task_group.py
[2022-11-20T15:18:05.572+0000] {processor.py:766} INFO - DAG(s) dict_keys(['example_task_group']) retrieved from /home/airflow/.local/lib/python3.7/site-packages/airflow/example_dags/example_task_group.py
[2022-11-20T15:18:05.593+0000] {logging_mixin.py:120} INFO - [2022-11-20T15:18:05.593+0000] {dag.py:2585} INFO - Sync 1 DAGs
[2022-11-20T15:18:05.605+0000] {logging_mixin.py:120} INFO - [2022-11-20T15:18:05.605+0000] {dag.py:3340} INFO - Setting next_dagrun for example_task_group to 2022-11-19T15:18:05.605168+00:00, run_after=2022-11-20T15:18:05.605168+00:00
[2022-11-20T15:18:05.615+0000] {processor.py:176} INFO - Processing /home/airflow/.local/lib/python3.7/site-packages/airflow/example_dags/example_task_group.py took 0.054 seconds
[2022-11-20T15:39:03.701+0000] {processor.py:154} INFO - Started process (PID=2264) to work on /home/airflow/.local/lib/python3.7/site-packages/airflow/example_dags/example_task_group.py
[2022-11-20T15:39:03.702+0000] {processor.py:756} INFO - Processing file /home/airflow/.local/lib/python3.7/site-packages/airflow/example_dags/example_task_group.py for tasks to queue
[2022-11-20T15:39:03.703+0000] {logging_mixin.py:120} INFO - [2022-11-20T15:39:03.703+0000] {dagbag.py:537} INFO - Filling up the DagBag from /home/airflow/.local/lib/python3.7/site-packages/airflow/example_dags/example_task_group.py
[2022-11-20T15:39:03.716+0000] {processor.py:766} INFO - DAG(s) dict_keys(['example_task_group']) retrieved from /home/airflow/.local/lib/python3.7/site-packages/airflow/example_dags/example_task_group.py
[2022-11-20T15:39:03.739+0000] {logging_mixin.py:120} INFO - [2022-11-20T15:39:03.739+0000] {dag.py:2585} INFO - Sync 1 DAGs
[2022-11-20T15:39:03.755+0000] {logging_mixin.py:120} INFO - [2022-11-20T15:39:03.754+0000] {dag.py:3340} INFO - Setting next_dagrun for example_task_group to 2022-11-19T15:39:03.754769+00:00, run_after=2022-11-20T15:39:03.754769+00:00
[2022-11-20T15:39:03.764+0000] {processor.py:176} INFO - Processing /home/airflow/.local/lib/python3.7/site-packages/airflow/example_dags/example_task_group.py took 0.065 seconds
[2022-11-20T15:51:04.089+0000] {processor.py:154} INFO - Started process (PID=2310) to work on /home/airflow/.local/lib/python3.7/site-packages/airflow/example_dags/example_task_group.py
[2022-11-20T15:51:04.090+0000] {processor.py:756} INFO - Processing file /home/airflow/.local/lib/python3.7/site-packages/airflow/example_dags/example_task_group.py for tasks to queue
[2022-11-20T15:51:04.090+0000] {logging_mixin.py:120} INFO - [2022-11-20T15:51:04.090+0000] {dagbag.py:537} INFO - Filling up the DagBag from /home/airflow/.local/lib/python3.7/site-packages/airflow/example_dags/example_task_group.py
[2022-11-20T15:51:04.099+0000] {processor.py:766} INFO - DAG(s) dict_keys(['example_task_group']) retrieved from /home/airflow/.local/lib/python3.7/site-packages/airflow/example_dags/example_task_group.py
[2022-11-20T15:51:04.123+0000] {logging_mixin.py:120} INFO - [2022-11-20T15:51:04.123+0000] {dag.py:2585} INFO - Sync 1 DAGs
[2022-11-20T15:51:04.136+0000] {logging_mixin.py:120} INFO - [2022-11-20T15:51:04.136+0000] {dag.py:3340} INFO - Setting next_dagrun for example_task_group to 2022-11-19T15:51:04.136420+00:00, run_after=2022-11-20T15:51:04.136420+00:00
[2022-11-20T15:51:04.145+0000] {processor.py:176} INFO - Processing /home/airflow/.local/lib/python3.7/site-packages/airflow/example_dags/example_task_group.py took 0.059 seconds
[2022-11-20T16:06:45.643+0000] {processor.py:154} INFO - Started process (PID=2356) to work on /home/airflow/.local/lib/python3.7/site-packages/airflow/example_dags/example_task_group.py
[2022-11-20T16:06:45.643+0000] {processor.py:756} INFO - Processing file /home/airflow/.local/lib/python3.7/site-packages/airflow/example_dags/example_task_group.py for tasks to queue
[2022-11-20T16:06:45.643+0000] {logging_mixin.py:120} INFO - [2022-11-20T16:06:45.643+0000] {dagbag.py:537} INFO - Filling up the DagBag from /home/airflow/.local/lib/python3.7/site-packages/airflow/example_dags/example_task_group.py
[2022-11-20T16:06:45.652+0000] {processor.py:766} INFO - DAG(s) dict_keys(['example_task_group']) retrieved from /home/airflow/.local/lib/python3.7/site-packages/airflow/example_dags/example_task_group.py
[2022-11-20T16:06:45.690+0000] {logging_mixin.py:120} INFO - [2022-11-20T16:06:45.690+0000] {dag.py:2585} INFO - Sync 1 DAGs
[2022-11-20T16:06:45.711+0000] {logging_mixin.py:120} INFO - [2022-11-20T16:06:45.711+0000] {dag.py:3340} INFO - Setting next_dagrun for example_task_group to 2022-11-19T16:06:45.710905+00:00, run_after=2022-11-20T16:06:45.710905+00:00
[2022-11-20T16:06:45.732+0000] {processor.py:176} INFO - Processing /home/airflow/.local/lib/python3.7/site-packages/airflow/example_dags/example_task_group.py took 0.091 seconds
[2022-11-20T16:08:33.846+0000] {processor.py:154} INFO - Started process (PID=2407) to work on /home/airflow/.local/lib/python3.7/site-packages/airflow/example_dags/example_task_group.py
[2022-11-20T16:08:33.846+0000] {processor.py:756} INFO - Processing file /home/airflow/.local/lib/python3.7/site-packages/airflow/example_dags/example_task_group.py for tasks to queue
[2022-11-20T16:08:33.847+0000] {logging_mixin.py:120} INFO - [2022-11-20T16:08:33.847+0000] {dagbag.py:537} INFO - Filling up the DagBag from /home/airflow/.local/lib/python3.7/site-packages/airflow/example_dags/example_task_group.py
[2022-11-20T16:08:33.855+0000] {processor.py:766} INFO - DAG(s) dict_keys(['example_task_group']) retrieved from /home/airflow/.local/lib/python3.7/site-packages/airflow/example_dags/example_task_group.py
[2022-11-20T16:08:33.874+0000] {logging_mixin.py:120} INFO - [2022-11-20T16:08:33.874+0000] {dag.py:2585} INFO - Sync 1 DAGs
[2022-11-20T16:08:33.887+0000] {logging_mixin.py:120} INFO - [2022-11-20T16:08:33.887+0000] {dag.py:3340} INFO - Setting next_dagrun for example_task_group to 2022-11-19T16:08:33.887022+00:00, run_after=2022-11-20T16:08:33.887022+00:00
[2022-11-20T16:08:33.897+0000] {processor.py:176} INFO - Processing /home/airflow/.local/lib/python3.7/site-packages/airflow/example_dags/example_task_group.py took 0.053 seconds
[2022-11-20T16:27:59.709+0000] {processor.py:154} INFO - Started process (PID=2453) to work on /home/airflow/.local/lib/python3.7/site-packages/airflow/example_dags/example_task_group.py
[2022-11-20T16:27:59.710+0000] {processor.py:756} INFO - Processing file /home/airflow/.local/lib/python3.7/site-packages/airflow/example_dags/example_task_group.py for tasks to queue
[2022-11-20T16:27:59.711+0000] {logging_mixin.py:120} INFO - [2022-11-20T16:27:59.711+0000] {dagbag.py:537} INFO - Filling up the DagBag from /home/airflow/.local/lib/python3.7/site-packages/airflow/example_dags/example_task_group.py
[2022-11-20T16:27:59.724+0000] {processor.py:766} INFO - DAG(s) dict_keys(['example_task_group']) retrieved from /home/airflow/.local/lib/python3.7/site-packages/airflow/example_dags/example_task_group.py
[2022-11-20T16:27:59.757+0000] {logging_mixin.py:120} INFO - [2022-11-20T16:27:59.757+0000] {dag.py:2585} INFO - Sync 1 DAGs
[2022-11-20T16:27:59.772+0000] {logging_mixin.py:120} INFO - [2022-11-20T16:27:59.772+0000] {dag.py:3340} INFO - Setting next_dagrun for example_task_group to 2022-11-19T16:27:59.771938+00:00, run_after=2022-11-20T16:27:59.771938+00:00
[2022-11-20T16:27:59.791+0000] {processor.py:176} INFO - Processing /home/airflow/.local/lib/python3.7/site-packages/airflow/example_dags/example_task_group.py took 0.083 seconds
[2022-11-20T16:43:49.813+0000] {processor.py:154} INFO - Started process (PID=2502) to work on /home/airflow/.local/lib/python3.7/site-packages/airflow/example_dags/example_task_group.py
[2022-11-20T16:43:49.814+0000] {processor.py:756} INFO - Processing file /home/airflow/.local/lib/python3.7/site-packages/airflow/example_dags/example_task_group.py for tasks to queue
[2022-11-20T16:43:49.814+0000] {logging_mixin.py:120} INFO - [2022-11-20T16:43:49.814+0000] {dagbag.py:537} INFO - Filling up the DagBag from /home/airflow/.local/lib/python3.7/site-packages/airflow/example_dags/example_task_group.py
[2022-11-20T16:43:49.824+0000] {processor.py:766} INFO - DAG(s) dict_keys(['example_task_group']) retrieved from /home/airflow/.local/lib/python3.7/site-packages/airflow/example_dags/example_task_group.py
[2022-11-20T16:43:49.846+0000] {logging_mixin.py:120} INFO - [2022-11-20T16:43:49.846+0000] {dag.py:2585} INFO - Sync 1 DAGs
[2022-11-20T16:43:49.859+0000] {logging_mixin.py:120} INFO - [2022-11-20T16:43:49.859+0000] {dag.py:3340} INFO - Setting next_dagrun for example_task_group to 2022-11-19T16:43:49.859202+00:00, run_after=2022-11-20T16:43:49.859202+00:00
[2022-11-20T16:43:49.869+0000] {processor.py:176} INFO - Processing /home/airflow/.local/lib/python3.7/site-packages/airflow/example_dags/example_task_group.py took 0.058 seconds
[2022-11-20T17:17:43.549+0000] {processor.py:154} INFO - Started process (PID=2549) to work on /home/airflow/.local/lib/python3.7/site-packages/airflow/example_dags/example_task_group.py
[2022-11-20T17:17:43.550+0000] {processor.py:756} INFO - Processing file /home/airflow/.local/lib/python3.7/site-packages/airflow/example_dags/example_task_group.py for tasks to queue
[2022-11-20T17:17:43.550+0000] {logging_mixin.py:120} INFO - [2022-11-20T17:17:43.550+0000] {dagbag.py:537} INFO - Filling up the DagBag from /home/airflow/.local/lib/python3.7/site-packages/airflow/example_dags/example_task_group.py
[2022-11-20T17:17:43.567+0000] {processor.py:766} INFO - DAG(s) dict_keys(['example_task_group']) retrieved from /home/airflow/.local/lib/python3.7/site-packages/airflow/example_dags/example_task_group.py
[2022-11-20T17:17:43.605+0000] {logging_mixin.py:120} INFO - [2022-11-20T17:17:43.605+0000] {dag.py:2585} INFO - Sync 1 DAGs
[2022-11-20T17:17:43.623+0000] {logging_mixin.py:120} INFO - [2022-11-20T17:17:43.623+0000] {dag.py:3340} INFO - Setting next_dagrun for example_task_group to 2022-11-19T17:17:43.623512+00:00, run_after=2022-11-20T17:17:43.623512+00:00
[2022-11-20T17:17:43.640+0000] {processor.py:176} INFO - Processing /home/airflow/.local/lib/python3.7/site-packages/airflow/example_dags/example_task_group.py took 0.093 seconds
[2022-11-20T17:22:38.218+0000] {processor.py:154} INFO - Started process (PID=2596) to work on /home/airflow/.local/lib/python3.7/site-packages/airflow/example_dags/example_task_group.py
[2022-11-20T17:22:38.221+0000] {processor.py:756} INFO - Processing file /home/airflow/.local/lib/python3.7/site-packages/airflow/example_dags/example_task_group.py for tasks to queue
[2022-11-20T17:22:38.222+0000] {logging_mixin.py:120} INFO - [2022-11-20T17:22:38.222+0000] {dagbag.py:537} INFO - Filling up the DagBag from /home/airflow/.local/lib/python3.7/site-packages/airflow/example_dags/example_task_group.py
[2022-11-20T17:22:38.239+0000] {processor.py:766} INFO - DAG(s) dict_keys(['example_task_group']) retrieved from /home/airflow/.local/lib/python3.7/site-packages/airflow/example_dags/example_task_group.py
[2022-11-20T17:22:38.272+0000] {logging_mixin.py:120} INFO - [2022-11-20T17:22:38.272+0000] {dag.py:2585} INFO - Sync 1 DAGs
[2022-11-20T17:22:38.298+0000] {logging_mixin.py:120} INFO - [2022-11-20T17:22:38.298+0000] {dag.py:3340} INFO - Setting next_dagrun for example_task_group to 2022-11-19T17:22:38.298646+00:00, run_after=2022-11-20T17:22:38.298646+00:00
[2022-11-20T17:22:38.314+0000] {processor.py:176} INFO - Processing /home/airflow/.local/lib/python3.7/site-packages/airflow/example_dags/example_task_group.py took 0.097 seconds
[2022-11-20T17:23:08.659+0000] {processor.py:154} INFO - Started process (PID=2663) to work on /home/airflow/.local/lib/python3.7/site-packages/airflow/example_dags/example_task_group.py
[2022-11-20T17:23:08.660+0000] {processor.py:756} INFO - Processing file /home/airflow/.local/lib/python3.7/site-packages/airflow/example_dags/example_task_group.py for tasks to queue
[2022-11-20T17:23:08.660+0000] {logging_mixin.py:120} INFO - [2022-11-20T17:23:08.660+0000] {dagbag.py:537} INFO - Filling up the DagBag from /home/airflow/.local/lib/python3.7/site-packages/airflow/example_dags/example_task_group.py
[2022-11-20T17:23:08.669+0000] {processor.py:766} INFO - DAG(s) dict_keys(['example_task_group']) retrieved from /home/airflow/.local/lib/python3.7/site-packages/airflow/example_dags/example_task_group.py
[2022-11-20T17:23:08.695+0000] {logging_mixin.py:120} INFO - [2022-11-20T17:23:08.695+0000] {dag.py:2585} INFO - Sync 1 DAGs
[2022-11-20T17:23:08.707+0000] {logging_mixin.py:120} INFO - [2022-11-20T17:23:08.707+0000] {dag.py:3340} INFO - Setting next_dagrun for example_task_group to 2022-11-19T17:23:08.707208+00:00, run_after=2022-11-20T17:23:08.707208+00:00
[2022-11-20T17:23:08.716+0000] {processor.py:176} INFO - Processing /home/airflow/.local/lib/python3.7/site-packages/airflow/example_dags/example_task_group.py took 0.059 seconds
[2022-11-20T17:23:39.536+0000] {processor.py:154} INFO - Started process (PID=2733) to work on /home/airflow/.local/lib/python3.7/site-packages/airflow/example_dags/example_task_group.py
[2022-11-20T17:23:39.537+0000] {processor.py:756} INFO - Processing file /home/airflow/.local/lib/python3.7/site-packages/airflow/example_dags/example_task_group.py for tasks to queue
[2022-11-20T17:23:39.537+0000] {logging_mixin.py:120} INFO - [2022-11-20T17:23:39.537+0000] {dagbag.py:537} INFO - Filling up the DagBag from /home/airflow/.local/lib/python3.7/site-packages/airflow/example_dags/example_task_group.py
[2022-11-20T17:23:39.548+0000] {processor.py:766} INFO - DAG(s) dict_keys(['example_task_group']) retrieved from /home/airflow/.local/lib/python3.7/site-packages/airflow/example_dags/example_task_group.py
[2022-11-20T17:23:39.581+0000] {logging_mixin.py:120} INFO - [2022-11-20T17:23:39.581+0000] {dag.py:2585} INFO - Sync 1 DAGs
[2022-11-20T17:23:39.600+0000] {logging_mixin.py:120} INFO - [2022-11-20T17:23:39.600+0000] {dag.py:3340} INFO - Setting next_dagrun for example_task_group to 2022-11-19T17:23:39.599957+00:00, run_after=2022-11-20T17:23:39.599957+00:00
[2022-11-20T17:23:39.617+0000] {processor.py:176} INFO - Processing /home/airflow/.local/lib/python3.7/site-packages/airflow/example_dags/example_task_group.py took 0.084 seconds
[2022-11-20T17:24:09.688+0000] {processor.py:154} INFO - Started process (PID=2803) to work on /home/airflow/.local/lib/python3.7/site-packages/airflow/example_dags/example_task_group.py
[2022-11-20T17:24:09.689+0000] {processor.py:756} INFO - Processing file /home/airflow/.local/lib/python3.7/site-packages/airflow/example_dags/example_task_group.py for tasks to queue
[2022-11-20T17:24:09.689+0000] {logging_mixin.py:120} INFO - [2022-11-20T17:24:09.689+0000] {dagbag.py:537} INFO - Filling up the DagBag from /home/airflow/.local/lib/python3.7/site-packages/airflow/example_dags/example_task_group.py
[2022-11-20T17:24:09.700+0000] {processor.py:766} INFO - DAG(s) dict_keys(['example_task_group']) retrieved from /home/airflow/.local/lib/python3.7/site-packages/airflow/example_dags/example_task_group.py
[2022-11-20T17:24:09.722+0000] {logging_mixin.py:120} INFO - [2022-11-20T17:24:09.722+0000] {dag.py:2585} INFO - Sync 1 DAGs
[2022-11-20T17:24:09.734+0000] {logging_mixin.py:120} INFO - [2022-11-20T17:24:09.734+0000] {dag.py:3340} INFO - Setting next_dagrun for example_task_group to 2022-11-19T17:24:09.733971+00:00, run_after=2022-11-20T17:24:09.733971+00:00
[2022-11-20T17:24:09.743+0000] {processor.py:176} INFO - Processing /home/airflow/.local/lib/python3.7/site-packages/airflow/example_dags/example_task_group.py took 0.057 seconds
[2022-11-20T17:24:40.782+0000] {processor.py:154} INFO - Started process (PID=2862) to work on /home/airflow/.local/lib/python3.7/site-packages/airflow/example_dags/example_task_group.py
[2022-11-20T17:24:40.783+0000] {processor.py:756} INFO - Processing file /home/airflow/.local/lib/python3.7/site-packages/airflow/example_dags/example_task_group.py for tasks to queue
[2022-11-20T17:24:40.783+0000] {logging_mixin.py:120} INFO - [2022-11-20T17:24:40.783+0000] {dagbag.py:537} INFO - Filling up the DagBag from /home/airflow/.local/lib/python3.7/site-packages/airflow/example_dags/example_task_group.py
[2022-11-20T17:24:40.791+0000] {processor.py:766} INFO - DAG(s) dict_keys(['example_task_group']) retrieved from /home/airflow/.local/lib/python3.7/site-packages/airflow/example_dags/example_task_group.py
[2022-11-20T17:24:40.812+0000] {logging_mixin.py:120} INFO - [2022-11-20T17:24:40.812+0000] {dag.py:2585} INFO - Sync 1 DAGs
[2022-11-20T17:24:40.823+0000] {logging_mixin.py:120} INFO - [2022-11-20T17:24:40.823+0000] {dag.py:3340} INFO - Setting next_dagrun for example_task_group to 2022-11-19T17:24:40.823538+00:00, run_after=2022-11-20T17:24:40.823538+00:00
[2022-11-20T17:24:40.833+0000] {processor.py:176} INFO - Processing /home/airflow/.local/lib/python3.7/site-packages/airflow/example_dags/example_task_group.py took 0.053 seconds
[2022-11-20T17:25:11.553+0000] {processor.py:154} INFO - Started process (PID=2931) to work on /home/airflow/.local/lib/python3.7/site-packages/airflow/example_dags/example_task_group.py
[2022-11-20T17:25:11.554+0000] {processor.py:756} INFO - Processing file /home/airflow/.local/lib/python3.7/site-packages/airflow/example_dags/example_task_group.py for tasks to queue
[2022-11-20T17:25:11.554+0000] {logging_mixin.py:120} INFO - [2022-11-20T17:25:11.554+0000] {dagbag.py:537} INFO - Filling up the DagBag from /home/airflow/.local/lib/python3.7/site-packages/airflow/example_dags/example_task_group.py
[2022-11-20T17:25:11.564+0000] {processor.py:766} INFO - DAG(s) dict_keys(['example_task_group']) retrieved from /home/airflow/.local/lib/python3.7/site-packages/airflow/example_dags/example_task_group.py
[2022-11-20T17:25:11.587+0000] {logging_mixin.py:120} INFO - [2022-11-20T17:25:11.587+0000] {dag.py:2585} INFO - Sync 1 DAGs
[2022-11-20T17:25:11.603+0000] {logging_mixin.py:120} INFO - [2022-11-20T17:25:11.603+0000] {dag.py:3340} INFO - Setting next_dagrun for example_task_group to 2022-11-19T17:25:11.603097+00:00, run_after=2022-11-20T17:25:11.603097+00:00
[2022-11-20T17:25:11.617+0000] {processor.py:176} INFO - Processing /home/airflow/.local/lib/python3.7/site-packages/airflow/example_dags/example_task_group.py took 0.066 seconds
[2022-11-20T17:25:42.478+0000] {processor.py:154} INFO - Started process (PID=3004) to work on /home/airflow/.local/lib/python3.7/site-packages/airflow/example_dags/example_task_group.py
[2022-11-20T17:25:42.479+0000] {processor.py:756} INFO - Processing file /home/airflow/.local/lib/python3.7/site-packages/airflow/example_dags/example_task_group.py for tasks to queue
[2022-11-20T17:25:42.480+0000] {logging_mixin.py:120} INFO - [2022-11-20T17:25:42.480+0000] {dagbag.py:537} INFO - Filling up the DagBag from /home/airflow/.local/lib/python3.7/site-packages/airflow/example_dags/example_task_group.py
[2022-11-20T17:25:42.490+0000] {processor.py:766} INFO - DAG(s) dict_keys(['example_task_group']) retrieved from /home/airflow/.local/lib/python3.7/site-packages/airflow/example_dags/example_task_group.py
[2022-11-20T17:25:42.531+0000] {logging_mixin.py:120} INFO - [2022-11-20T17:25:42.531+0000] {dag.py:2585} INFO - Sync 1 DAGs
[2022-11-20T17:25:42.551+0000] {logging_mixin.py:120} INFO - [2022-11-20T17:25:42.551+0000] {dag.py:3340} INFO - Setting next_dagrun for example_task_group to 2022-11-19T17:25:42.551124+00:00, run_after=2022-11-20T17:25:42.551124+00:00
[2022-11-20T17:25:42.568+0000] {processor.py:176} INFO - Processing /home/airflow/.local/lib/python3.7/site-packages/airflow/example_dags/example_task_group.py took 0.092 seconds
[2022-11-20T17:26:12.876+0000] {processor.py:154} INFO - Started process (PID=3070) to work on /home/airflow/.local/lib/python3.7/site-packages/airflow/example_dags/example_task_group.py
[2022-11-20T17:26:12.876+0000] {processor.py:756} INFO - Processing file /home/airflow/.local/lib/python3.7/site-packages/airflow/example_dags/example_task_group.py for tasks to queue
[2022-11-20T17:26:12.877+0000] {logging_mixin.py:120} INFO - [2022-11-20T17:26:12.877+0000] {dagbag.py:537} INFO - Filling up the DagBag from /home/airflow/.local/lib/python3.7/site-packages/airflow/example_dags/example_task_group.py
[2022-11-20T17:26:12.885+0000] {processor.py:766} INFO - DAG(s) dict_keys(['example_task_group']) retrieved from /home/airflow/.local/lib/python3.7/site-packages/airflow/example_dags/example_task_group.py
[2022-11-20T17:26:12.905+0000] {logging_mixin.py:120} INFO - [2022-11-20T17:26:12.905+0000] {dag.py:2585} INFO - Sync 1 DAGs
[2022-11-20T17:26:12.916+0000] {logging_mixin.py:120} INFO - [2022-11-20T17:26:12.916+0000] {dag.py:3340} INFO - Setting next_dagrun for example_task_group to 2022-11-19T17:26:12.916605+00:00, run_after=2022-11-20T17:26:12.916605+00:00
[2022-11-20T17:26:12.925+0000] {processor.py:176} INFO - Processing /home/airflow/.local/lib/python3.7/site-packages/airflow/example_dags/example_task_group.py took 0.051 seconds
[2022-11-20T17:26:43.028+0000] {processor.py:154} INFO - Started process (PID=3137) to work on /home/airflow/.local/lib/python3.7/site-packages/airflow/example_dags/example_task_group.py
[2022-11-20T17:26:43.029+0000] {processor.py:756} INFO - Processing file /home/airflow/.local/lib/python3.7/site-packages/airflow/example_dags/example_task_group.py for tasks to queue
[2022-11-20T17:26:43.029+0000] {logging_mixin.py:120} INFO - [2022-11-20T17:26:43.029+0000] {dagbag.py:537} INFO - Filling up the DagBag from /home/airflow/.local/lib/python3.7/site-packages/airflow/example_dags/example_task_group.py
[2022-11-20T17:26:43.037+0000] {processor.py:766} INFO - DAG(s) dict_keys(['example_task_group']) retrieved from /home/airflow/.local/lib/python3.7/site-packages/airflow/example_dags/example_task_group.py
[2022-11-20T17:26:43.057+0000] {logging_mixin.py:120} INFO - [2022-11-20T17:26:43.056+0000] {dag.py:2585} INFO - Sync 1 DAGs
[2022-11-20T17:26:43.068+0000] {logging_mixin.py:120} INFO - [2022-11-20T17:26:43.068+0000] {dag.py:3340} INFO - Setting next_dagrun for example_task_group to 2022-11-19T17:26:43.068486+00:00, run_after=2022-11-20T17:26:43.068486+00:00
[2022-11-20T17:26:43.079+0000] {processor.py:176} INFO - Processing /home/airflow/.local/lib/python3.7/site-packages/airflow/example_dags/example_task_group.py took 0.053 seconds
[2022-11-20T17:27:13.278+0000] {processor.py:154} INFO - Started process (PID=3204) to work on /home/airflow/.local/lib/python3.7/site-packages/airflow/example_dags/example_task_group.py
[2022-11-20T17:27:13.279+0000] {processor.py:756} INFO - Processing file /home/airflow/.local/lib/python3.7/site-packages/airflow/example_dags/example_task_group.py for tasks to queue
[2022-11-20T17:27:13.279+0000] {logging_mixin.py:120} INFO - [2022-11-20T17:27:13.279+0000] {dagbag.py:537} INFO - Filling up the DagBag from /home/airflow/.local/lib/python3.7/site-packages/airflow/example_dags/example_task_group.py
[2022-11-20T17:27:13.288+0000] {processor.py:766} INFO - DAG(s) dict_keys(['example_task_group']) retrieved from /home/airflow/.local/lib/python3.7/site-packages/airflow/example_dags/example_task_group.py
[2022-11-20T17:27:13.309+0000] {logging_mixin.py:120} INFO - [2022-11-20T17:27:13.309+0000] {dag.py:2585} INFO - Sync 1 DAGs
[2022-11-20T17:27:13.324+0000] {logging_mixin.py:120} INFO - [2022-11-20T17:27:13.324+0000] {dag.py:3340} INFO - Setting next_dagrun for example_task_group to 2022-11-19T17:27:13.324084+00:00, run_after=2022-11-20T17:27:13.324084+00:00
[2022-11-20T17:27:13.336+0000] {processor.py:176} INFO - Processing /home/airflow/.local/lib/python3.7/site-packages/airflow/example_dags/example_task_group.py took 0.060 seconds
[2022-11-20T17:27:44.333+0000] {processor.py:154} INFO - Started process (PID=3272) to work on /home/airflow/.local/lib/python3.7/site-packages/airflow/example_dags/example_task_group.py
[2022-11-20T17:27:44.334+0000] {processor.py:756} INFO - Processing file /home/airflow/.local/lib/python3.7/site-packages/airflow/example_dags/example_task_group.py for tasks to queue
[2022-11-20T17:27:44.334+0000] {logging_mixin.py:120} INFO - [2022-11-20T17:27:44.334+0000] {dagbag.py:537} INFO - Filling up the DagBag from /home/airflow/.local/lib/python3.7/site-packages/airflow/example_dags/example_task_group.py
[2022-11-20T17:27:44.345+0000] {processor.py:766} INFO - DAG(s) dict_keys(['example_task_group']) retrieved from /home/airflow/.local/lib/python3.7/site-packages/airflow/example_dags/example_task_group.py
[2022-11-20T17:27:44.381+0000] {logging_mixin.py:120} INFO - [2022-11-20T17:27:44.381+0000] {dag.py:2585} INFO - Sync 1 DAGs
[2022-11-20T17:27:44.394+0000] {logging_mixin.py:120} INFO - [2022-11-20T17:27:44.394+0000] {dag.py:3340} INFO - Setting next_dagrun for example_task_group to 2022-11-19T17:27:44.394693+00:00, run_after=2022-11-20T17:27:44.394693+00:00
[2022-11-20T17:27:44.405+0000] {processor.py:176} INFO - Processing /home/airflow/.local/lib/python3.7/site-packages/airflow/example_dags/example_task_group.py took 0.086 seconds
[2022-11-20T17:28:15.127+0000] {processor.py:154} INFO - Started process (PID=3335) to work on /home/airflow/.local/lib/python3.7/site-packages/airflow/example_dags/example_task_group.py
[2022-11-20T17:28:15.128+0000] {processor.py:756} INFO - Processing file /home/airflow/.local/lib/python3.7/site-packages/airflow/example_dags/example_task_group.py for tasks to queue
[2022-11-20T17:28:15.128+0000] {logging_mixin.py:120} INFO - [2022-11-20T17:28:15.128+0000] {dagbag.py:537} INFO - Filling up the DagBag from /home/airflow/.local/lib/python3.7/site-packages/airflow/example_dags/example_task_group.py
[2022-11-20T17:28:15.138+0000] {processor.py:766} INFO - DAG(s) dict_keys(['example_task_group']) retrieved from /home/airflow/.local/lib/python3.7/site-packages/airflow/example_dags/example_task_group.py
[2022-11-20T17:28:15.164+0000] {logging_mixin.py:120} INFO - [2022-11-20T17:28:15.164+0000] {dag.py:2585} INFO - Sync 1 DAGs
[2022-11-20T17:28:15.176+0000] {logging_mixin.py:120} INFO - [2022-11-20T17:28:15.176+0000] {dag.py:3340} INFO - Setting next_dagrun for example_task_group to 2022-11-19T17:28:15.176410+00:00, run_after=2022-11-20T17:28:15.176410+00:00
[2022-11-20T17:28:15.187+0000] {processor.py:176} INFO - Processing /home/airflow/.local/lib/python3.7/site-packages/airflow/example_dags/example_task_group.py took 0.062 seconds
[2022-11-20T17:28:45.984+0000] {processor.py:154} INFO - Started process (PID=3404) to work on /home/airflow/.local/lib/python3.7/site-packages/airflow/example_dags/example_task_group.py
[2022-11-20T17:28:45.985+0000] {processor.py:756} INFO - Processing file /home/airflow/.local/lib/python3.7/site-packages/airflow/example_dags/example_task_group.py for tasks to queue
[2022-11-20T17:28:45.986+0000] {logging_mixin.py:120} INFO - [2022-11-20T17:28:45.986+0000] {dagbag.py:537} INFO - Filling up the DagBag from /home/airflow/.local/lib/python3.7/site-packages/airflow/example_dags/example_task_group.py
[2022-11-20T17:28:46.003+0000] {processor.py:766} INFO - DAG(s) dict_keys(['example_task_group']) retrieved from /home/airflow/.local/lib/python3.7/site-packages/airflow/example_dags/example_task_group.py
[2022-11-20T17:28:46.029+0000] {logging_mixin.py:120} INFO - [2022-11-20T17:28:46.028+0000] {dag.py:2585} INFO - Sync 1 DAGs
[2022-11-20T17:28:46.041+0000] {logging_mixin.py:120} INFO - [2022-11-20T17:28:46.041+0000] {dag.py:3340} INFO - Setting next_dagrun for example_task_group to 2022-11-19T17:28:46.041551+00:00, run_after=2022-11-20T17:28:46.041551+00:00
[2022-11-20T17:28:46.053+0000] {processor.py:176} INFO - Processing /home/airflow/.local/lib/python3.7/site-packages/airflow/example_dags/example_task_group.py took 0.073 seconds
[2022-11-20T17:29:16.857+0000] {processor.py:154} INFO - Started process (PID=3472) to work on /home/airflow/.local/lib/python3.7/site-packages/airflow/example_dags/example_task_group.py
[2022-11-20T17:29:16.858+0000] {processor.py:756} INFO - Processing file /home/airflow/.local/lib/python3.7/site-packages/airflow/example_dags/example_task_group.py for tasks to queue
[2022-11-20T17:29:16.859+0000] {logging_mixin.py:120} INFO - [2022-11-20T17:29:16.859+0000] {dagbag.py:537} INFO - Filling up the DagBag from /home/airflow/.local/lib/python3.7/site-packages/airflow/example_dags/example_task_group.py
[2022-11-20T17:29:16.875+0000] {processor.py:766} INFO - DAG(s) dict_keys(['example_task_group']) retrieved from /home/airflow/.local/lib/python3.7/site-packages/airflow/example_dags/example_task_group.py
[2022-11-20T17:29:16.901+0000] {logging_mixin.py:120} INFO - [2022-11-20T17:29:16.901+0000] {dag.py:2585} INFO - Sync 1 DAGs
[2022-11-20T17:29:16.914+0000] {logging_mixin.py:120} INFO - [2022-11-20T17:29:16.914+0000] {dag.py:3340} INFO - Setting next_dagrun for example_task_group to 2022-11-19T17:29:16.914698+00:00, run_after=2022-11-20T17:29:16.914698+00:00
[2022-11-20T17:29:16.926+0000] {processor.py:176} INFO - Processing /home/airflow/.local/lib/python3.7/site-packages/airflow/example_dags/example_task_group.py took 0.075 seconds
[2022-11-20T17:29:47.728+0000] {processor.py:154} INFO - Started process (PID=3538) to work on /home/airflow/.local/lib/python3.7/site-packages/airflow/example_dags/example_task_group.py
[2022-11-20T17:29:47.729+0000] {processor.py:756} INFO - Processing file /home/airflow/.local/lib/python3.7/site-packages/airflow/example_dags/example_task_group.py for tasks to queue
[2022-11-20T17:29:47.731+0000] {logging_mixin.py:120} INFO - [2022-11-20T17:29:47.731+0000] {dagbag.py:537} INFO - Filling up the DagBag from /home/airflow/.local/lib/python3.7/site-packages/airflow/example_dags/example_task_group.py
[2022-11-20T17:29:47.746+0000] {processor.py:766} INFO - DAG(s) dict_keys(['example_task_group']) retrieved from /home/airflow/.local/lib/python3.7/site-packages/airflow/example_dags/example_task_group.py
[2022-11-20T17:29:47.772+0000] {logging_mixin.py:120} INFO - [2022-11-20T17:29:47.772+0000] {dag.py:2585} INFO - Sync 1 DAGs
[2022-11-20T17:29:47.784+0000] {logging_mixin.py:120} INFO - [2022-11-20T17:29:47.784+0000] {dag.py:3340} INFO - Setting next_dagrun for example_task_group to 2022-11-19T17:29:47.784239+00:00, run_after=2022-11-20T17:29:47.784239+00:00
[2022-11-20T17:29:47.794+0000] {processor.py:176} INFO - Processing /home/airflow/.local/lib/python3.7/site-packages/airflow/example_dags/example_task_group.py took 0.073 seconds
[2022-11-20T17:30:18.592+0000] {processor.py:154} INFO - Started process (PID=3610) to work on /home/airflow/.local/lib/python3.7/site-packages/airflow/example_dags/example_task_group.py
[2022-11-20T17:30:18.594+0000] {processor.py:756} INFO - Processing file /home/airflow/.local/lib/python3.7/site-packages/airflow/example_dags/example_task_group.py for tasks to queue
[2022-11-20T17:30:18.595+0000] {logging_mixin.py:120} INFO - [2022-11-20T17:30:18.594+0000] {dagbag.py:537} INFO - Filling up the DagBag from /home/airflow/.local/lib/python3.7/site-packages/airflow/example_dags/example_task_group.py
[2022-11-20T17:30:18.611+0000] {processor.py:766} INFO - DAG(s) dict_keys(['example_task_group']) retrieved from /home/airflow/.local/lib/python3.7/site-packages/airflow/example_dags/example_task_group.py
[2022-11-20T17:30:18.637+0000] {logging_mixin.py:120} INFO - [2022-11-20T17:30:18.636+0000] {dag.py:2585} INFO - Sync 1 DAGs
[2022-11-20T17:30:18.649+0000] {logging_mixin.py:120} INFO - [2022-11-20T17:30:18.649+0000] {dag.py:3340} INFO - Setting next_dagrun for example_task_group to 2022-11-19T17:30:18.649146+00:00, run_after=2022-11-20T17:30:18.649146+00:00
[2022-11-20T17:30:18.659+0000] {processor.py:176} INFO - Processing /home/airflow/.local/lib/python3.7/site-packages/airflow/example_dags/example_task_group.py took 0.071 seconds
[2022-11-20T17:30:49.518+0000] {processor.py:154} INFO - Started process (PID=3678) to work on /home/airflow/.local/lib/python3.7/site-packages/airflow/example_dags/example_task_group.py
[2022-11-20T17:30:49.520+0000] {processor.py:756} INFO - Processing file /home/airflow/.local/lib/python3.7/site-packages/airflow/example_dags/example_task_group.py for tasks to queue
[2022-11-20T17:30:49.522+0000] {logging_mixin.py:120} INFO - [2022-11-20T17:30:49.521+0000] {dagbag.py:537} INFO - Filling up the DagBag from /home/airflow/.local/lib/python3.7/site-packages/airflow/example_dags/example_task_group.py
[2022-11-20T17:30:49.538+0000] {processor.py:766} INFO - DAG(s) dict_keys(['example_task_group']) retrieved from /home/airflow/.local/lib/python3.7/site-packages/airflow/example_dags/example_task_group.py
[2022-11-20T17:30:49.564+0000] {logging_mixin.py:120} INFO - [2022-11-20T17:30:49.564+0000] {dag.py:2585} INFO - Sync 1 DAGs
[2022-11-20T17:30:49.581+0000] {logging_mixin.py:120} INFO - [2022-11-20T17:30:49.581+0000] {dag.py:3340} INFO - Setting next_dagrun for example_task_group to 2022-11-19T17:30:49.581624+00:00, run_after=2022-11-20T17:30:49.581624+00:00
[2022-11-20T17:30:49.591+0000] {processor.py:176} INFO - Processing /home/airflow/.local/lib/python3.7/site-packages/airflow/example_dags/example_task_group.py took 0.078 seconds
[2022-11-20T17:31:20.506+0000] {processor.py:154} INFO - Started process (PID=3747) to work on /home/airflow/.local/lib/python3.7/site-packages/airflow/example_dags/example_task_group.py
[2022-11-20T17:31:20.507+0000] {processor.py:756} INFO - Processing file /home/airflow/.local/lib/python3.7/site-packages/airflow/example_dags/example_task_group.py for tasks to queue
[2022-11-20T17:31:20.508+0000] {logging_mixin.py:120} INFO - [2022-11-20T17:31:20.508+0000] {dagbag.py:537} INFO - Filling up the DagBag from /home/airflow/.local/lib/python3.7/site-packages/airflow/example_dags/example_task_group.py
[2022-11-20T17:31:20.524+0000] {processor.py:766} INFO - DAG(s) dict_keys(['example_task_group']) retrieved from /home/airflow/.local/lib/python3.7/site-packages/airflow/example_dags/example_task_group.py
[2022-11-20T17:31:20.550+0000] {logging_mixin.py:120} INFO - [2022-11-20T17:31:20.550+0000] {dag.py:2585} INFO - Sync 1 DAGs
[2022-11-20T17:31:20.563+0000] {logging_mixin.py:120} INFO - [2022-11-20T17:31:20.563+0000] {dag.py:3340} INFO - Setting next_dagrun for example_task_group to 2022-11-19T17:31:20.563592+00:00, run_after=2022-11-20T17:31:20.563592+00:00
[2022-11-20T17:31:20.574+0000] {processor.py:176} INFO - Processing /home/airflow/.local/lib/python3.7/site-packages/airflow/example_dags/example_task_group.py took 0.072 seconds
[2022-11-20T17:31:51.475+0000] {processor.py:154} INFO - Started process (PID=3815) to work on /home/airflow/.local/lib/python3.7/site-packages/airflow/example_dags/example_task_group.py
[2022-11-20T17:31:51.475+0000] {processor.py:756} INFO - Processing file /home/airflow/.local/lib/python3.7/site-packages/airflow/example_dags/example_task_group.py for tasks to queue
[2022-11-20T17:31:51.476+0000] {logging_mixin.py:120} INFO - [2022-11-20T17:31:51.475+0000] {dagbag.py:537} INFO - Filling up the DagBag from /home/airflow/.local/lib/python3.7/site-packages/airflow/example_dags/example_task_group.py
[2022-11-20T17:31:51.484+0000] {processor.py:766} INFO - DAG(s) dict_keys(['example_task_group']) retrieved from /home/airflow/.local/lib/python3.7/site-packages/airflow/example_dags/example_task_group.py
[2022-11-20T17:31:51.505+0000] {logging_mixin.py:120} INFO - [2022-11-20T17:31:51.505+0000] {dag.py:2585} INFO - Sync 1 DAGs
[2022-11-20T17:31:51.527+0000] {logging_mixin.py:120} INFO - [2022-11-20T17:31:51.527+0000] {dag.py:3340} INFO - Setting next_dagrun for example_task_group to 2022-11-19T17:31:51.526942+00:00, run_after=2022-11-20T17:31:51.526942+00:00
[2022-11-20T17:31:51.537+0000] {processor.py:176} INFO - Processing /home/airflow/.local/lib/python3.7/site-packages/airflow/example_dags/example_task_group.py took 0.064 seconds
[2022-11-20T17:32:22.351+0000] {processor.py:154} INFO - Started process (PID=3875) to work on /home/airflow/.local/lib/python3.7/site-packages/airflow/example_dags/example_task_group.py
[2022-11-20T17:32:22.353+0000] {processor.py:756} INFO - Processing file /home/airflow/.local/lib/python3.7/site-packages/airflow/example_dags/example_task_group.py for tasks to queue
[2022-11-20T17:32:22.354+0000] {logging_mixin.py:120} INFO - [2022-11-20T17:32:22.354+0000] {dagbag.py:537} INFO - Filling up the DagBag from /home/airflow/.local/lib/python3.7/site-packages/airflow/example_dags/example_task_group.py
[2022-11-20T17:32:22.370+0000] {processor.py:766} INFO - DAG(s) dict_keys(['example_task_group']) retrieved from /home/airflow/.local/lib/python3.7/site-packages/airflow/example_dags/example_task_group.py
[2022-11-20T17:32:22.396+0000] {logging_mixin.py:120} INFO - [2022-11-20T17:32:22.396+0000] {dag.py:2585} INFO - Sync 1 DAGs
[2022-11-20T17:32:22.414+0000] {logging_mixin.py:120} INFO - [2022-11-20T17:32:22.414+0000] {dag.py:3340} INFO - Setting next_dagrun for example_task_group to 2022-11-19T17:32:22.414572+00:00, run_after=2022-11-20T17:32:22.414572+00:00
[2022-11-20T17:32:22.425+0000] {processor.py:176} INFO - Processing /home/airflow/.local/lib/python3.7/site-packages/airflow/example_dags/example_task_group.py took 0.078 seconds
[2022-11-20T17:32:52.635+0000] {processor.py:154} INFO - Started process (PID=3940) to work on /home/airflow/.local/lib/python3.7/site-packages/airflow/example_dags/example_task_group.py
[2022-11-20T17:32:52.637+0000] {processor.py:756} INFO - Processing file /home/airflow/.local/lib/python3.7/site-packages/airflow/example_dags/example_task_group.py for tasks to queue
[2022-11-20T17:32:52.638+0000] {logging_mixin.py:120} INFO - [2022-11-20T17:32:52.638+0000] {dagbag.py:537} INFO - Filling up the DagBag from /home/airflow/.local/lib/python3.7/site-packages/airflow/example_dags/example_task_group.py
[2022-11-20T17:32:52.654+0000] {processor.py:766} INFO - DAG(s) dict_keys(['example_task_group']) retrieved from /home/airflow/.local/lib/python3.7/site-packages/airflow/example_dags/example_task_group.py
[2022-11-20T17:32:52.679+0000] {logging_mixin.py:120} INFO - [2022-11-20T17:32:52.679+0000] {dag.py:2585} INFO - Sync 1 DAGs
[2022-11-20T17:32:52.692+0000] {logging_mixin.py:120} INFO - [2022-11-20T17:32:52.692+0000] {dag.py:3340} INFO - Setting next_dagrun for example_task_group to 2022-11-19T17:32:52.692424+00:00, run_after=2022-11-20T17:32:52.692424+00:00
[2022-11-20T17:32:52.703+0000] {processor.py:176} INFO - Processing /home/airflow/.local/lib/python3.7/site-packages/airflow/example_dags/example_task_group.py took 0.072 seconds
[2022-11-20T17:33:22.851+0000] {processor.py:154} INFO - Started process (PID=4007) to work on /home/airflow/.local/lib/python3.7/site-packages/airflow/example_dags/example_task_group.py
[2022-11-20T17:33:22.853+0000] {processor.py:756} INFO - Processing file /home/airflow/.local/lib/python3.7/site-packages/airflow/example_dags/example_task_group.py for tasks to queue
[2022-11-20T17:33:22.854+0000] {logging_mixin.py:120} INFO - [2022-11-20T17:33:22.854+0000] {dagbag.py:537} INFO - Filling up the DagBag from /home/airflow/.local/lib/python3.7/site-packages/airflow/example_dags/example_task_group.py
[2022-11-20T17:33:22.871+0000] {processor.py:766} INFO - DAG(s) dict_keys(['example_task_group']) retrieved from /home/airflow/.local/lib/python3.7/site-packages/airflow/example_dags/example_task_group.py
[2022-11-20T17:33:22.897+0000] {logging_mixin.py:120} INFO - [2022-11-20T17:33:22.897+0000] {dag.py:2585} INFO - Sync 1 DAGs
[2022-11-20T17:33:22.911+0000] {logging_mixin.py:120} INFO - [2022-11-20T17:33:22.911+0000] {dag.py:3340} INFO - Setting next_dagrun for example_task_group to 2022-11-19T17:33:22.911775+00:00, run_after=2022-11-20T17:33:22.911775+00:00
[2022-11-20T17:33:22.923+0000] {processor.py:176} INFO - Processing /home/airflow/.local/lib/python3.7/site-packages/airflow/example_dags/example_task_group.py took 0.078 seconds
[2022-11-20T17:33:53.830+0000] {processor.py:154} INFO - Started process (PID=4072) to work on /home/airflow/.local/lib/python3.7/site-packages/airflow/example_dags/example_task_group.py
[2022-11-20T17:33:53.831+0000] {processor.py:756} INFO - Processing file /home/airflow/.local/lib/python3.7/site-packages/airflow/example_dags/example_task_group.py for tasks to queue
[2022-11-20T17:33:53.831+0000] {logging_mixin.py:120} INFO - [2022-11-20T17:33:53.831+0000] {dagbag.py:537} INFO - Filling up the DagBag from /home/airflow/.local/lib/python3.7/site-packages/airflow/example_dags/example_task_group.py
[2022-11-20T17:33:53.846+0000] {processor.py:766} INFO - DAG(s) dict_keys(['example_task_group']) retrieved from /home/airflow/.local/lib/python3.7/site-packages/airflow/example_dags/example_task_group.py
[2022-11-20T17:33:53.875+0000] {logging_mixin.py:120} INFO - [2022-11-20T17:33:53.875+0000] {dag.py:2585} INFO - Sync 1 DAGs
[2022-11-20T17:33:53.888+0000] {logging_mixin.py:120} INFO - [2022-11-20T17:33:53.888+0000] {dag.py:3340} INFO - Setting next_dagrun for example_task_group to 2022-11-19T17:33:53.888075+00:00, run_after=2022-11-20T17:33:53.888075+00:00
[2022-11-20T17:33:53.898+0000] {processor.py:176} INFO - Processing /home/airflow/.local/lib/python3.7/site-packages/airflow/example_dags/example_task_group.py took 0.072 seconds
[2022-11-20T17:34:24.810+0000] {processor.py:154} INFO - Started process (PID=4138) to work on /home/airflow/.local/lib/python3.7/site-packages/airflow/example_dags/example_task_group.py
[2022-11-20T17:34:24.810+0000] {processor.py:756} INFO - Processing file /home/airflow/.local/lib/python3.7/site-packages/airflow/example_dags/example_task_group.py for tasks to queue
[2022-11-20T17:34:24.811+0000] {logging_mixin.py:120} INFO - [2022-11-20T17:34:24.811+0000] {dagbag.py:537} INFO - Filling up the DagBag from /home/airflow/.local/lib/python3.7/site-packages/airflow/example_dags/example_task_group.py
[2022-11-20T17:34:24.822+0000] {processor.py:766} INFO - DAG(s) dict_keys(['example_task_group']) retrieved from /home/airflow/.local/lib/python3.7/site-packages/airflow/example_dags/example_task_group.py
[2022-11-20T17:34:24.849+0000] {logging_mixin.py:120} INFO - [2022-11-20T17:34:24.849+0000] {dag.py:2585} INFO - Sync 1 DAGs
[2022-11-20T17:34:24.865+0000] {logging_mixin.py:120} INFO - [2022-11-20T17:34:24.865+0000] {dag.py:3340} INFO - Setting next_dagrun for example_task_group to 2022-11-19T17:34:24.864955+00:00, run_after=2022-11-20T17:34:24.864955+00:00
[2022-11-20T17:34:24.876+0000] {processor.py:176} INFO - Processing /home/airflow/.local/lib/python3.7/site-packages/airflow/example_dags/example_task_group.py took 0.069 seconds
[2022-11-20T17:34:55.821+0000] {processor.py:154} INFO - Started process (PID=4208) to work on /home/airflow/.local/lib/python3.7/site-packages/airflow/example_dags/example_task_group.py
[2022-11-20T17:34:55.823+0000] {processor.py:756} INFO - Processing file /home/airflow/.local/lib/python3.7/site-packages/airflow/example_dags/example_task_group.py for tasks to queue
[2022-11-20T17:34:55.825+0000] {logging_mixin.py:120} INFO - [2022-11-20T17:34:55.825+0000] {dagbag.py:537} INFO - Filling up the DagBag from /home/airflow/.local/lib/python3.7/site-packages/airflow/example_dags/example_task_group.py
[2022-11-20T17:34:55.840+0000] {processor.py:766} INFO - DAG(s) dict_keys(['example_task_group']) retrieved from /home/airflow/.local/lib/python3.7/site-packages/airflow/example_dags/example_task_group.py
[2022-11-20T17:34:55.871+0000] {logging_mixin.py:120} INFO - [2022-11-20T17:34:55.871+0000] {dag.py:2585} INFO - Sync 1 DAGs
[2022-11-20T17:34:55.888+0000] {logging_mixin.py:120} INFO - [2022-11-20T17:34:55.888+0000] {dag.py:3340} INFO - Setting next_dagrun for example_task_group to 2022-11-19T17:34:55.888018+00:00, run_after=2022-11-20T17:34:55.888018+00:00
[2022-11-20T17:34:55.908+0000] {processor.py:176} INFO - Processing /home/airflow/.local/lib/python3.7/site-packages/airflow/example_dags/example_task_group.py took 0.091 seconds
[2022-11-20T17:35:26.654+0000] {processor.py:154} INFO - Started process (PID=4275) to work on /home/airflow/.local/lib/python3.7/site-packages/airflow/example_dags/example_task_group.py
[2022-11-20T17:35:26.655+0000] {processor.py:756} INFO - Processing file /home/airflow/.local/lib/python3.7/site-packages/airflow/example_dags/example_task_group.py for tasks to queue
[2022-11-20T17:35:26.655+0000] {logging_mixin.py:120} INFO - [2022-11-20T17:35:26.655+0000] {dagbag.py:537} INFO - Filling up the DagBag from /home/airflow/.local/lib/python3.7/site-packages/airflow/example_dags/example_task_group.py
[2022-11-20T17:35:26.663+0000] {processor.py:766} INFO - DAG(s) dict_keys(['example_task_group']) retrieved from /home/airflow/.local/lib/python3.7/site-packages/airflow/example_dags/example_task_group.py
[2022-11-20T17:35:26.723+0000] {logging_mixin.py:120} INFO - [2022-11-20T17:35:26.723+0000] {dag.py:2585} INFO - Sync 1 DAGs
[2022-11-20T17:35:26.753+0000] {logging_mixin.py:120} INFO - [2022-11-20T17:35:26.753+0000] {dag.py:3340} INFO - Setting next_dagrun for example_task_group to 2022-11-19T17:35:26.752921+00:00, run_after=2022-11-20T17:35:26.752921+00:00
[2022-11-20T17:35:26.763+0000] {processor.py:176} INFO - Processing /home/airflow/.local/lib/python3.7/site-packages/airflow/example_dags/example_task_group.py took 0.110 seconds
