[2022-11-20T12:59:12.834+0000] {processor.py:154} INFO - Started process (PID=73) to work on /home/airflow/.local/lib/python3.7/site-packages/airflow/example_dags/example_short_circuit_operator.py
[2022-11-20T12:59:12.835+0000] {processor.py:756} INFO - Processing file /home/airflow/.local/lib/python3.7/site-packages/airflow/example_dags/example_short_circuit_operator.py for tasks to queue
[2022-11-20T12:59:12.835+0000] {logging_mixin.py:120} INFO - [2022-11-20T12:59:12.835+0000] {dagbag.py:537} INFO - Filling up the DagBag from /home/airflow/.local/lib/python3.7/site-packages/airflow/example_dags/example_short_circuit_operator.py
[2022-11-20T12:59:12.854+0000] {processor.py:766} INFO - DAG(s) dict_keys(['example_short_circuit_operator']) retrieved from /home/airflow/.local/lib/python3.7/site-packages/airflow/example_dags/example_short_circuit_operator.py
[2022-11-20T12:59:12.894+0000] {logging_mixin.py:120} INFO - [2022-11-20T12:59:12.894+0000] {dag.py:2585} INFO - Sync 1 DAGs
[2022-11-20T12:59:12.908+0000] {logging_mixin.py:120} INFO - [2022-11-20T12:59:12.908+0000] {dag.py:3340} INFO - Setting next_dagrun for example_short_circuit_operator to 2022-11-19T12:59:12.908429+00:00, run_after=2022-11-20T12:59:12.908429+00:00
[2022-11-20T12:59:12.919+0000] {processor.py:176} INFO - Processing /home/airflow/.local/lib/python3.7/site-packages/airflow/example_dags/example_short_circuit_operator.py took 0.087 seconds
[2022-11-20T12:59:42.980+0000] {processor.py:154} INFO - Started process (PID=148) to work on /home/airflow/.local/lib/python3.7/site-packages/airflow/example_dags/example_short_circuit_operator.py
[2022-11-20T12:59:42.980+0000] {processor.py:756} INFO - Processing file /home/airflow/.local/lib/python3.7/site-packages/airflow/example_dags/example_short_circuit_operator.py for tasks to queue
[2022-11-20T12:59:42.981+0000] {logging_mixin.py:120} INFO - [2022-11-20T12:59:42.981+0000] {dagbag.py:537} INFO - Filling up the DagBag from /home/airflow/.local/lib/python3.7/site-packages/airflow/example_dags/example_short_circuit_operator.py
[2022-11-20T12:59:42.990+0000] {processor.py:766} INFO - DAG(s) dict_keys(['example_short_circuit_operator']) retrieved from /home/airflow/.local/lib/python3.7/site-packages/airflow/example_dags/example_short_circuit_operator.py
[2022-11-20T12:59:43.010+0000] {logging_mixin.py:120} INFO - [2022-11-20T12:59:43.010+0000] {dag.py:2585} INFO - Sync 1 DAGs
[2022-11-20T12:59:43.022+0000] {logging_mixin.py:120} INFO - [2022-11-20T12:59:43.022+0000] {dag.py:3340} INFO - Setting next_dagrun for example_short_circuit_operator to 2022-11-19T12:59:43.022334+00:00, run_after=2022-11-20T12:59:43.022334+00:00
[2022-11-20T12:59:43.031+0000] {processor.py:176} INFO - Processing /home/airflow/.local/lib/python3.7/site-packages/airflow/example_dags/example_short_circuit_operator.py took 0.053 seconds
[2022-11-20T13:00:13.752+0000] {processor.py:154} INFO - Started process (PID=216) to work on /home/airflow/.local/lib/python3.7/site-packages/airflow/example_dags/example_short_circuit_operator.py
[2022-11-20T13:00:13.753+0000] {processor.py:756} INFO - Processing file /home/airflow/.local/lib/python3.7/site-packages/airflow/example_dags/example_short_circuit_operator.py for tasks to queue
[2022-11-20T13:00:13.753+0000] {logging_mixin.py:120} INFO - [2022-11-20T13:00:13.753+0000] {dagbag.py:537} INFO - Filling up the DagBag from /home/airflow/.local/lib/python3.7/site-packages/airflow/example_dags/example_short_circuit_operator.py
[2022-11-20T13:00:13.761+0000] {processor.py:766} INFO - DAG(s) dict_keys(['example_short_circuit_operator']) retrieved from /home/airflow/.local/lib/python3.7/site-packages/airflow/example_dags/example_short_circuit_operator.py
[2022-11-20T13:00:13.782+0000] {logging_mixin.py:120} INFO - [2022-11-20T13:00:13.782+0000] {dag.py:2585} INFO - Sync 1 DAGs
[2022-11-20T13:00:13.793+0000] {logging_mixin.py:120} INFO - [2022-11-20T13:00:13.793+0000] {dag.py:3340} INFO - Setting next_dagrun for example_short_circuit_operator to 2022-11-19T13:00:13.793604+00:00, run_after=2022-11-20T13:00:13.793604+00:00
[2022-11-20T13:00:13.803+0000] {processor.py:176} INFO - Processing /home/airflow/.local/lib/python3.7/site-packages/airflow/example_dags/example_short_circuit_operator.py took 0.052 seconds
[2022-11-20T13:00:44.501+0000] {processor.py:154} INFO - Started process (PID=284) to work on /home/airflow/.local/lib/python3.7/site-packages/airflow/example_dags/example_short_circuit_operator.py
[2022-11-20T13:00:44.502+0000] {processor.py:756} INFO - Processing file /home/airflow/.local/lib/python3.7/site-packages/airflow/example_dags/example_short_circuit_operator.py for tasks to queue
[2022-11-20T13:00:44.503+0000] {logging_mixin.py:120} INFO - [2022-11-20T13:00:44.502+0000] {dagbag.py:537} INFO - Filling up the DagBag from /home/airflow/.local/lib/python3.7/site-packages/airflow/example_dags/example_short_circuit_operator.py
[2022-11-20T13:00:44.510+0000] {processor.py:766} INFO - DAG(s) dict_keys(['example_short_circuit_operator']) retrieved from /home/airflow/.local/lib/python3.7/site-packages/airflow/example_dags/example_short_circuit_operator.py
[2022-11-20T13:00:44.531+0000] {logging_mixin.py:120} INFO - [2022-11-20T13:00:44.531+0000] {dag.py:2585} INFO - Sync 1 DAGs
[2022-11-20T13:00:44.543+0000] {logging_mixin.py:120} INFO - [2022-11-20T13:00:44.543+0000] {dag.py:3340} INFO - Setting next_dagrun for example_short_circuit_operator to 2022-11-19T13:00:44.543263+00:00, run_after=2022-11-20T13:00:44.543263+00:00
[2022-11-20T13:00:44.552+0000] {processor.py:176} INFO - Processing /home/airflow/.local/lib/python3.7/site-packages/airflow/example_dags/example_short_circuit_operator.py took 0.053 seconds
[2022-11-20T13:01:15.600+0000] {processor.py:154} INFO - Started process (PID=352) to work on /home/airflow/.local/lib/python3.7/site-packages/airflow/example_dags/example_short_circuit_operator.py
[2022-11-20T13:01:15.601+0000] {processor.py:756} INFO - Processing file /home/airflow/.local/lib/python3.7/site-packages/airflow/example_dags/example_short_circuit_operator.py for tasks to queue
[2022-11-20T13:01:15.601+0000] {logging_mixin.py:120} INFO - [2022-11-20T13:01:15.601+0000] {dagbag.py:537} INFO - Filling up the DagBag from /home/airflow/.local/lib/python3.7/site-packages/airflow/example_dags/example_short_circuit_operator.py
[2022-11-20T13:01:15.611+0000] {processor.py:766} INFO - DAG(s) dict_keys(['example_short_circuit_operator']) retrieved from /home/airflow/.local/lib/python3.7/site-packages/airflow/example_dags/example_short_circuit_operator.py
[2022-11-20T13:01:15.636+0000] {logging_mixin.py:120} INFO - [2022-11-20T13:01:15.636+0000] {dag.py:2585} INFO - Sync 1 DAGs
[2022-11-20T13:01:15.650+0000] {logging_mixin.py:120} INFO - [2022-11-20T13:01:15.650+0000] {dag.py:3340} INFO - Setting next_dagrun for example_short_circuit_operator to 2022-11-19T13:01:15.649867+00:00, run_after=2022-11-20T13:01:15.649867+00:00
[2022-11-20T13:01:15.661+0000] {processor.py:176} INFO - Processing /home/airflow/.local/lib/python3.7/site-packages/airflow/example_dags/example_short_circuit_operator.py took 0.064 seconds
[2022-11-20T13:01:45.770+0000] {processor.py:154} INFO - Started process (PID=422) to work on /home/airflow/.local/lib/python3.7/site-packages/airflow/example_dags/example_short_circuit_operator.py
[2022-11-20T13:01:45.770+0000] {processor.py:756} INFO - Processing file /home/airflow/.local/lib/python3.7/site-packages/airflow/example_dags/example_short_circuit_operator.py for tasks to queue
[2022-11-20T13:01:45.771+0000] {logging_mixin.py:120} INFO - [2022-11-20T13:01:45.771+0000] {dagbag.py:537} INFO - Filling up the DagBag from /home/airflow/.local/lib/python3.7/site-packages/airflow/example_dags/example_short_circuit_operator.py
[2022-11-20T13:01:45.780+0000] {processor.py:766} INFO - DAG(s) dict_keys(['example_short_circuit_operator']) retrieved from /home/airflow/.local/lib/python3.7/site-packages/airflow/example_dags/example_short_circuit_operator.py
[2022-11-20T13:01:45.810+0000] {logging_mixin.py:120} INFO - [2022-11-20T13:01:45.810+0000] {dag.py:2585} INFO - Sync 1 DAGs
[2022-11-20T13:01:45.830+0000] {logging_mixin.py:120} INFO - [2022-11-20T13:01:45.830+0000] {dag.py:3340} INFO - Setting next_dagrun for example_short_circuit_operator to 2022-11-19T13:01:45.830522+00:00, run_after=2022-11-20T13:01:45.830522+00:00
[2022-11-20T13:01:45.842+0000] {processor.py:176} INFO - Processing /home/airflow/.local/lib/python3.7/site-packages/airflow/example_dags/example_short_circuit_operator.py took 0.075 seconds
[2022-11-20T13:02:16.675+0000] {processor.py:154} INFO - Started process (PID=477) to work on /home/airflow/.local/lib/python3.7/site-packages/airflow/example_dags/example_short_circuit_operator.py
[2022-11-20T13:02:16.675+0000] {processor.py:756} INFO - Processing file /home/airflow/.local/lib/python3.7/site-packages/airflow/example_dags/example_short_circuit_operator.py for tasks to queue
[2022-11-20T13:02:16.676+0000] {logging_mixin.py:120} INFO - [2022-11-20T13:02:16.676+0000] {dagbag.py:537} INFO - Filling up the DagBag from /home/airflow/.local/lib/python3.7/site-packages/airflow/example_dags/example_short_circuit_operator.py
[2022-11-20T13:02:16.684+0000] {processor.py:766} INFO - DAG(s) dict_keys(['example_short_circuit_operator']) retrieved from /home/airflow/.local/lib/python3.7/site-packages/airflow/example_dags/example_short_circuit_operator.py
[2022-11-20T13:02:16.706+0000] {logging_mixin.py:120} INFO - [2022-11-20T13:02:16.706+0000] {dag.py:2585} INFO - Sync 1 DAGs
[2022-11-20T13:02:16.717+0000] {logging_mixin.py:120} INFO - [2022-11-20T13:02:16.717+0000] {dag.py:3340} INFO - Setting next_dagrun for example_short_circuit_operator to 2022-11-19T13:02:16.717629+00:00, run_after=2022-11-20T13:02:16.717629+00:00
[2022-11-20T13:02:16.728+0000] {processor.py:176} INFO - Processing /home/airflow/.local/lib/python3.7/site-packages/airflow/example_dags/example_short_circuit_operator.py took 0.055 seconds
[2022-11-20T13:02:47.315+0000] {processor.py:154} INFO - Started process (PID=546) to work on /home/airflow/.local/lib/python3.7/site-packages/airflow/example_dags/example_short_circuit_operator.py
[2022-11-20T13:02:47.316+0000] {processor.py:756} INFO - Processing file /home/airflow/.local/lib/python3.7/site-packages/airflow/example_dags/example_short_circuit_operator.py for tasks to queue
[2022-11-20T13:02:47.316+0000] {logging_mixin.py:120} INFO - [2022-11-20T13:02:47.316+0000] {dagbag.py:537} INFO - Filling up the DagBag from /home/airflow/.local/lib/python3.7/site-packages/airflow/example_dags/example_short_circuit_operator.py
[2022-11-20T13:02:47.331+0000] {processor.py:766} INFO - DAG(s) dict_keys(['example_short_circuit_operator']) retrieved from /home/airflow/.local/lib/python3.7/site-packages/airflow/example_dags/example_short_circuit_operator.py
[2022-11-20T13:02:47.352+0000] {logging_mixin.py:120} INFO - [2022-11-20T13:02:47.352+0000] {dag.py:2585} INFO - Sync 1 DAGs
[2022-11-20T13:02:47.365+0000] {logging_mixin.py:120} INFO - [2022-11-20T13:02:47.364+0000] {dag.py:3340} INFO - Setting next_dagrun for example_short_circuit_operator to 2022-11-19T13:02:47.364828+00:00, run_after=2022-11-20T13:02:47.364828+00:00
[2022-11-20T13:02:47.375+0000] {processor.py:176} INFO - Processing /home/airflow/.local/lib/python3.7/site-packages/airflow/example_dags/example_short_circuit_operator.py took 0.061 seconds
[2022-11-20T13:03:18.437+0000] {processor.py:154} INFO - Started process (PID=609) to work on /home/airflow/.local/lib/python3.7/site-packages/airflow/example_dags/example_short_circuit_operator.py
[2022-11-20T13:03:18.437+0000] {processor.py:756} INFO - Processing file /home/airflow/.local/lib/python3.7/site-packages/airflow/example_dags/example_short_circuit_operator.py for tasks to queue
[2022-11-20T13:03:18.438+0000] {logging_mixin.py:120} INFO - [2022-11-20T13:03:18.438+0000] {dagbag.py:537} INFO - Filling up the DagBag from /home/airflow/.local/lib/python3.7/site-packages/airflow/example_dags/example_short_circuit_operator.py
[2022-11-20T13:03:18.447+0000] {processor.py:766} INFO - DAG(s) dict_keys(['example_short_circuit_operator']) retrieved from /home/airflow/.local/lib/python3.7/site-packages/airflow/example_dags/example_short_circuit_operator.py
[2022-11-20T13:03:18.468+0000] {logging_mixin.py:120} INFO - [2022-11-20T13:03:18.468+0000] {dag.py:2585} INFO - Sync 1 DAGs
[2022-11-20T13:03:18.481+0000] {logging_mixin.py:120} INFO - [2022-11-20T13:03:18.481+0000] {dag.py:3340} INFO - Setting next_dagrun for example_short_circuit_operator to 2022-11-19T13:03:18.481050+00:00, run_after=2022-11-20T13:03:18.481050+00:00
[2022-11-20T13:03:18.490+0000] {processor.py:176} INFO - Processing /home/airflow/.local/lib/python3.7/site-packages/airflow/example_dags/example_short_circuit_operator.py took 0.055 seconds
[2022-11-20T13:03:49.089+0000] {processor.py:154} INFO - Started process (PID=677) to work on /home/airflow/.local/lib/python3.7/site-packages/airflow/example_dags/example_short_circuit_operator.py
[2022-11-20T13:03:49.090+0000] {processor.py:756} INFO - Processing file /home/airflow/.local/lib/python3.7/site-packages/airflow/example_dags/example_short_circuit_operator.py for tasks to queue
[2022-11-20T13:03:49.090+0000] {logging_mixin.py:120} INFO - [2022-11-20T13:03:49.090+0000] {dagbag.py:537} INFO - Filling up the DagBag from /home/airflow/.local/lib/python3.7/site-packages/airflow/example_dags/example_short_circuit_operator.py
[2022-11-20T13:03:49.099+0000] {processor.py:766} INFO - DAG(s) dict_keys(['example_short_circuit_operator']) retrieved from /home/airflow/.local/lib/python3.7/site-packages/airflow/example_dags/example_short_circuit_operator.py
[2022-11-20T13:03:49.120+0000] {logging_mixin.py:120} INFO - [2022-11-20T13:03:49.120+0000] {dag.py:2585} INFO - Sync 1 DAGs
[2022-11-20T13:03:49.133+0000] {logging_mixin.py:120} INFO - [2022-11-20T13:03:49.133+0000] {dag.py:3340} INFO - Setting next_dagrun for example_short_circuit_operator to 2022-11-19T13:03:49.133678+00:00, run_after=2022-11-20T13:03:49.133678+00:00
[2022-11-20T13:03:49.143+0000] {processor.py:176} INFO - Processing /home/airflow/.local/lib/python3.7/site-packages/airflow/example_dags/example_short_circuit_operator.py took 0.055 seconds
[2022-11-20T13:04:20.166+0000] {processor.py:154} INFO - Started process (PID=746) to work on /home/airflow/.local/lib/python3.7/site-packages/airflow/example_dags/example_short_circuit_operator.py
[2022-11-20T13:04:20.167+0000] {processor.py:756} INFO - Processing file /home/airflow/.local/lib/python3.7/site-packages/airflow/example_dags/example_short_circuit_operator.py for tasks to queue
[2022-11-20T13:04:20.168+0000] {logging_mixin.py:120} INFO - [2022-11-20T13:04:20.168+0000] {dagbag.py:537} INFO - Filling up the DagBag from /home/airflow/.local/lib/python3.7/site-packages/airflow/example_dags/example_short_circuit_operator.py
[2022-11-20T13:04:20.176+0000] {processor.py:766} INFO - DAG(s) dict_keys(['example_short_circuit_operator']) retrieved from /home/airflow/.local/lib/python3.7/site-packages/airflow/example_dags/example_short_circuit_operator.py
[2022-11-20T13:04:20.197+0000] {logging_mixin.py:120} INFO - [2022-11-20T13:04:20.197+0000] {dag.py:2585} INFO - Sync 1 DAGs
[2022-11-20T13:04:20.209+0000] {logging_mixin.py:120} INFO - [2022-11-20T13:04:20.209+0000] {dag.py:3340} INFO - Setting next_dagrun for example_short_circuit_operator to 2022-11-19T13:04:20.209489+00:00, run_after=2022-11-20T13:04:20.209489+00:00
[2022-11-20T13:04:20.219+0000] {processor.py:176} INFO - Processing /home/airflow/.local/lib/python3.7/site-packages/airflow/example_dags/example_short_circuit_operator.py took 0.054 seconds
[2022-11-20T13:04:51.266+0000] {processor.py:154} INFO - Started process (PID=816) to work on /home/airflow/.local/lib/python3.7/site-packages/airflow/example_dags/example_short_circuit_operator.py
[2022-11-20T13:04:51.266+0000] {processor.py:756} INFO - Processing file /home/airflow/.local/lib/python3.7/site-packages/airflow/example_dags/example_short_circuit_operator.py for tasks to queue
[2022-11-20T13:04:51.267+0000] {logging_mixin.py:120} INFO - [2022-11-20T13:04:51.267+0000] {dagbag.py:537} INFO - Filling up the DagBag from /home/airflow/.local/lib/python3.7/site-packages/airflow/example_dags/example_short_circuit_operator.py
[2022-11-20T13:04:51.276+0000] {processor.py:766} INFO - DAG(s) dict_keys(['example_short_circuit_operator']) retrieved from /home/airflow/.local/lib/python3.7/site-packages/airflow/example_dags/example_short_circuit_operator.py
[2022-11-20T13:04:51.298+0000] {logging_mixin.py:120} INFO - [2022-11-20T13:04:51.298+0000] {dag.py:2585} INFO - Sync 1 DAGs
[2022-11-20T13:04:51.311+0000] {logging_mixin.py:120} INFO - [2022-11-20T13:04:51.310+0000] {dag.py:3340} INFO - Setting next_dagrun for example_short_circuit_operator to 2022-11-19T13:04:51.310864+00:00, run_after=2022-11-20T13:04:51.310864+00:00
[2022-11-20T13:04:51.328+0000] {processor.py:176} INFO - Processing /home/airflow/.local/lib/python3.7/site-packages/airflow/example_dags/example_short_circuit_operator.py took 0.065 seconds
[2022-11-20T13:05:22.168+0000] {processor.py:154} INFO - Started process (PID=881) to work on /home/airflow/.local/lib/python3.7/site-packages/airflow/example_dags/example_short_circuit_operator.py
[2022-11-20T13:05:22.169+0000] {processor.py:756} INFO - Processing file /home/airflow/.local/lib/python3.7/site-packages/airflow/example_dags/example_short_circuit_operator.py for tasks to queue
[2022-11-20T13:05:22.169+0000] {logging_mixin.py:120} INFO - [2022-11-20T13:05:22.169+0000] {dagbag.py:537} INFO - Filling up the DagBag from /home/airflow/.local/lib/python3.7/site-packages/airflow/example_dags/example_short_circuit_operator.py
[2022-11-20T13:05:22.178+0000] {processor.py:766} INFO - DAG(s) dict_keys(['example_short_circuit_operator']) retrieved from /home/airflow/.local/lib/python3.7/site-packages/airflow/example_dags/example_short_circuit_operator.py
[2022-11-20T13:05:22.201+0000] {logging_mixin.py:120} INFO - [2022-11-20T13:05:22.201+0000] {dag.py:2585} INFO - Sync 1 DAGs
[2022-11-20T13:05:22.213+0000] {logging_mixin.py:120} INFO - [2022-11-20T13:05:22.213+0000] {dag.py:3340} INFO - Setting next_dagrun for example_short_circuit_operator to 2022-11-19T13:05:22.213663+00:00, run_after=2022-11-20T13:05:22.213663+00:00
[2022-11-20T13:05:22.224+0000] {processor.py:176} INFO - Processing /home/airflow/.local/lib/python3.7/site-packages/airflow/example_dags/example_short_circuit_operator.py took 0.058 seconds
[2022-11-20T13:05:52.902+0000] {processor.py:154} INFO - Started process (PID=948) to work on /home/airflow/.local/lib/python3.7/site-packages/airflow/example_dags/example_short_circuit_operator.py
[2022-11-20T13:05:52.903+0000] {processor.py:756} INFO - Processing file /home/airflow/.local/lib/python3.7/site-packages/airflow/example_dags/example_short_circuit_operator.py for tasks to queue
[2022-11-20T13:05:52.903+0000] {logging_mixin.py:120} INFO - [2022-11-20T13:05:52.903+0000] {dagbag.py:537} INFO - Filling up the DagBag from /home/airflow/.local/lib/python3.7/site-packages/airflow/example_dags/example_short_circuit_operator.py
[2022-11-20T13:05:52.912+0000] {processor.py:766} INFO - DAG(s) dict_keys(['example_short_circuit_operator']) retrieved from /home/airflow/.local/lib/python3.7/site-packages/airflow/example_dags/example_short_circuit_operator.py
[2022-11-20T13:05:52.936+0000] {logging_mixin.py:120} INFO - [2022-11-20T13:05:52.936+0000] {dag.py:2585} INFO - Sync 1 DAGs
[2022-11-20T13:05:52.950+0000] {logging_mixin.py:120} INFO - [2022-11-20T13:05:52.950+0000] {dag.py:3340} INFO - Setting next_dagrun for example_short_circuit_operator to 2022-11-19T13:05:52.950238+00:00, run_after=2022-11-20T13:05:52.950238+00:00
[2022-11-20T13:05:52.959+0000] {processor.py:176} INFO - Processing /home/airflow/.local/lib/python3.7/site-packages/airflow/example_dags/example_short_circuit_operator.py took 0.059 seconds
[2022-11-20T13:06:23.729+0000] {processor.py:154} INFO - Started process (PID=1004) to work on /home/airflow/.local/lib/python3.7/site-packages/airflow/example_dags/example_short_circuit_operator.py
[2022-11-20T13:06:23.730+0000] {processor.py:756} INFO - Processing file /home/airflow/.local/lib/python3.7/site-packages/airflow/example_dags/example_short_circuit_operator.py for tasks to queue
[2022-11-20T13:06:23.730+0000] {logging_mixin.py:120} INFO - [2022-11-20T13:06:23.730+0000] {dagbag.py:537} INFO - Filling up the DagBag from /home/airflow/.local/lib/python3.7/site-packages/airflow/example_dags/example_short_circuit_operator.py
[2022-11-20T13:06:23.739+0000] {processor.py:766} INFO - DAG(s) dict_keys(['example_short_circuit_operator']) retrieved from /home/airflow/.local/lib/python3.7/site-packages/airflow/example_dags/example_short_circuit_operator.py
[2022-11-20T13:06:23.761+0000] {logging_mixin.py:120} INFO - [2022-11-20T13:06:23.760+0000] {dag.py:2585} INFO - Sync 1 DAGs
[2022-11-20T13:06:23.775+0000] {logging_mixin.py:120} INFO - [2022-11-20T13:06:23.775+0000] {dag.py:3340} INFO - Setting next_dagrun for example_short_circuit_operator to 2022-11-19T13:06:23.775729+00:00, run_after=2022-11-20T13:06:23.775729+00:00
[2022-11-20T13:06:23.786+0000] {processor.py:176} INFO - Processing /home/airflow/.local/lib/python3.7/site-packages/airflow/example_dags/example_short_circuit_operator.py took 0.059 seconds
[2022-11-20T13:06:54.208+0000] {processor.py:154} INFO - Started process (PID=1072) to work on /home/airflow/.local/lib/python3.7/site-packages/airflow/example_dags/example_short_circuit_operator.py
[2022-11-20T13:06:54.209+0000] {processor.py:756} INFO - Processing file /home/airflow/.local/lib/python3.7/site-packages/airflow/example_dags/example_short_circuit_operator.py for tasks to queue
[2022-11-20T13:06:54.210+0000] {logging_mixin.py:120} INFO - [2022-11-20T13:06:54.210+0000] {dagbag.py:537} INFO - Filling up the DagBag from /home/airflow/.local/lib/python3.7/site-packages/airflow/example_dags/example_short_circuit_operator.py
[2022-11-20T13:06:54.228+0000] {processor.py:766} INFO - DAG(s) dict_keys(['example_short_circuit_operator']) retrieved from /home/airflow/.local/lib/python3.7/site-packages/airflow/example_dags/example_short_circuit_operator.py
[2022-11-20T13:06:54.267+0000] {logging_mixin.py:120} INFO - [2022-11-20T13:06:54.267+0000] {dag.py:2585} INFO - Sync 1 DAGs
[2022-11-20T13:06:54.287+0000] {logging_mixin.py:120} INFO - [2022-11-20T13:06:54.287+0000] {dag.py:3340} INFO - Setting next_dagrun for example_short_circuit_operator to 2022-11-19T13:06:54.287396+00:00, run_after=2022-11-20T13:06:54.287396+00:00
[2022-11-20T13:06:54.304+0000] {processor.py:176} INFO - Processing /home/airflow/.local/lib/python3.7/site-packages/airflow/example_dags/example_short_circuit_operator.py took 0.099 seconds
[2022-11-20T13:18:24.513+0000] {processor.py:154} INFO - Started process (PID=1117) to work on /home/airflow/.local/lib/python3.7/site-packages/airflow/example_dags/example_short_circuit_operator.py
[2022-11-20T13:18:24.514+0000] {processor.py:756} INFO - Processing file /home/airflow/.local/lib/python3.7/site-packages/airflow/example_dags/example_short_circuit_operator.py for tasks to queue
[2022-11-20T13:18:24.514+0000] {logging_mixin.py:120} INFO - [2022-11-20T13:18:24.514+0000] {dagbag.py:537} INFO - Filling up the DagBag from /home/airflow/.local/lib/python3.7/site-packages/airflow/example_dags/example_short_circuit_operator.py
[2022-11-20T13:18:24.525+0000] {processor.py:766} INFO - DAG(s) dict_keys(['example_short_circuit_operator']) retrieved from /home/airflow/.local/lib/python3.7/site-packages/airflow/example_dags/example_short_circuit_operator.py
[2022-11-20T13:18:24.560+0000] {logging_mixin.py:120} INFO - [2022-11-20T13:18:24.560+0000] {dag.py:2585} INFO - Sync 1 DAGs
[2022-11-20T13:18:24.583+0000] {logging_mixin.py:120} INFO - [2022-11-20T13:18:24.583+0000] {dag.py:3340} INFO - Setting next_dagrun for example_short_circuit_operator to 2022-11-19T13:18:24.583525+00:00, run_after=2022-11-20T13:18:24.583525+00:00
[2022-11-20T13:18:24.600+0000] {processor.py:176} INFO - Processing /home/airflow/.local/lib/python3.7/site-packages/airflow/example_dags/example_short_circuit_operator.py took 0.089 seconds
[2022-11-20T13:18:54.634+0000] {processor.py:154} INFO - Started process (PID=1184) to work on /home/airflow/.local/lib/python3.7/site-packages/airflow/example_dags/example_short_circuit_operator.py
[2022-11-20T13:18:54.635+0000] {processor.py:756} INFO - Processing file /home/airflow/.local/lib/python3.7/site-packages/airflow/example_dags/example_short_circuit_operator.py for tasks to queue
[2022-11-20T13:18:54.636+0000] {logging_mixin.py:120} INFO - [2022-11-20T13:18:54.635+0000] {dagbag.py:537} INFO - Filling up the DagBag from /home/airflow/.local/lib/python3.7/site-packages/airflow/example_dags/example_short_circuit_operator.py
[2022-11-20T13:18:54.644+0000] {processor.py:766} INFO - DAG(s) dict_keys(['example_short_circuit_operator']) retrieved from /home/airflow/.local/lib/python3.7/site-packages/airflow/example_dags/example_short_circuit_operator.py
[2022-11-20T13:18:54.663+0000] {logging_mixin.py:120} INFO - [2022-11-20T13:18:54.663+0000] {dag.py:2585} INFO - Sync 1 DAGs
[2022-11-20T13:18:54.676+0000] {logging_mixin.py:120} INFO - [2022-11-20T13:18:54.676+0000] {dag.py:3340} INFO - Setting next_dagrun for example_short_circuit_operator to 2022-11-19T13:18:54.676557+00:00, run_after=2022-11-20T13:18:54.676557+00:00
[2022-11-20T13:18:54.686+0000] {processor.py:176} INFO - Processing /home/airflow/.local/lib/python3.7/site-packages/airflow/example_dags/example_short_circuit_operator.py took 0.054 seconds
[2022-11-20T13:19:25.610+0000] {processor.py:154} INFO - Started process (PID=1251) to work on /home/airflow/.local/lib/python3.7/site-packages/airflow/example_dags/example_short_circuit_operator.py
[2022-11-20T13:19:25.611+0000] {processor.py:756} INFO - Processing file /home/airflow/.local/lib/python3.7/site-packages/airflow/example_dags/example_short_circuit_operator.py for tasks to queue
[2022-11-20T13:19:25.611+0000] {logging_mixin.py:120} INFO - [2022-11-20T13:19:25.611+0000] {dagbag.py:537} INFO - Filling up the DagBag from /home/airflow/.local/lib/python3.7/site-packages/airflow/example_dags/example_short_circuit_operator.py
[2022-11-20T13:19:25.621+0000] {processor.py:766} INFO - DAG(s) dict_keys(['example_short_circuit_operator']) retrieved from /home/airflow/.local/lib/python3.7/site-packages/airflow/example_dags/example_short_circuit_operator.py
[2022-11-20T13:19:25.644+0000] {logging_mixin.py:120} INFO - [2022-11-20T13:19:25.644+0000] {dag.py:2585} INFO - Sync 1 DAGs
[2022-11-20T13:19:25.657+0000] {logging_mixin.py:120} INFO - [2022-11-20T13:19:25.657+0000] {dag.py:3340} INFO - Setting next_dagrun for example_short_circuit_operator to 2022-11-19T13:19:25.656913+00:00, run_after=2022-11-20T13:19:25.656913+00:00
[2022-11-20T13:19:25.666+0000] {processor.py:176} INFO - Processing /home/airflow/.local/lib/python3.7/site-packages/airflow/example_dags/example_short_circuit_operator.py took 0.058 seconds
[2022-11-20T13:19:56.671+0000] {processor.py:154} INFO - Started process (PID=1320) to work on /home/airflow/.local/lib/python3.7/site-packages/airflow/example_dags/example_short_circuit_operator.py
[2022-11-20T13:19:56.671+0000] {processor.py:756} INFO - Processing file /home/airflow/.local/lib/python3.7/site-packages/airflow/example_dags/example_short_circuit_operator.py for tasks to queue
[2022-11-20T13:19:56.672+0000] {logging_mixin.py:120} INFO - [2022-11-20T13:19:56.672+0000] {dagbag.py:537} INFO - Filling up the DagBag from /home/airflow/.local/lib/python3.7/site-packages/airflow/example_dags/example_short_circuit_operator.py
[2022-11-20T13:19:56.681+0000] {processor.py:766} INFO - DAG(s) dict_keys(['example_short_circuit_operator']) retrieved from /home/airflow/.local/lib/python3.7/site-packages/airflow/example_dags/example_short_circuit_operator.py
[2022-11-20T13:19:56.705+0000] {logging_mixin.py:120} INFO - [2022-11-20T13:19:56.705+0000] {dag.py:2585} INFO - Sync 1 DAGs
[2022-11-20T13:19:56.719+0000] {logging_mixin.py:120} INFO - [2022-11-20T13:19:56.719+0000] {dag.py:3340} INFO - Setting next_dagrun for example_short_circuit_operator to 2022-11-19T13:19:56.718995+00:00, run_after=2022-11-20T13:19:56.718995+00:00
[2022-11-20T13:19:56.730+0000] {processor.py:176} INFO - Processing /home/airflow/.local/lib/python3.7/site-packages/airflow/example_dags/example_short_circuit_operator.py took 0.061 seconds
[2022-11-20T13:20:27.601+0000] {processor.py:154} INFO - Started process (PID=1378) to work on /home/airflow/.local/lib/python3.7/site-packages/airflow/example_dags/example_short_circuit_operator.py
[2022-11-20T13:20:27.602+0000] {processor.py:756} INFO - Processing file /home/airflow/.local/lib/python3.7/site-packages/airflow/example_dags/example_short_circuit_operator.py for tasks to queue
[2022-11-20T13:20:27.602+0000] {logging_mixin.py:120} INFO - [2022-11-20T13:20:27.602+0000] {dagbag.py:537} INFO - Filling up the DagBag from /home/airflow/.local/lib/python3.7/site-packages/airflow/example_dags/example_short_circuit_operator.py
[2022-11-20T13:20:27.615+0000] {processor.py:766} INFO - DAG(s) dict_keys(['example_short_circuit_operator']) retrieved from /home/airflow/.local/lib/python3.7/site-packages/airflow/example_dags/example_short_circuit_operator.py
[2022-11-20T13:20:27.641+0000] {logging_mixin.py:120} INFO - [2022-11-20T13:20:27.641+0000] {dag.py:2585} INFO - Sync 1 DAGs
[2022-11-20T13:20:27.655+0000] {logging_mixin.py:120} INFO - [2022-11-20T13:20:27.655+0000] {dag.py:3340} INFO - Setting next_dagrun for example_short_circuit_operator to 2022-11-19T13:20:27.655252+00:00, run_after=2022-11-20T13:20:27.655252+00:00
[2022-11-20T13:20:27.665+0000] {processor.py:176} INFO - Processing /home/airflow/.local/lib/python3.7/site-packages/airflow/example_dags/example_short_circuit_operator.py took 0.067 seconds
[2022-11-20T13:20:58.562+0000] {processor.py:154} INFO - Started process (PID=1445) to work on /home/airflow/.local/lib/python3.7/site-packages/airflow/example_dags/example_short_circuit_operator.py
[2022-11-20T13:20:58.563+0000] {processor.py:756} INFO - Processing file /home/airflow/.local/lib/python3.7/site-packages/airflow/example_dags/example_short_circuit_operator.py for tasks to queue
[2022-11-20T13:20:58.563+0000] {logging_mixin.py:120} INFO - [2022-11-20T13:20:58.563+0000] {dagbag.py:537} INFO - Filling up the DagBag from /home/airflow/.local/lib/python3.7/site-packages/airflow/example_dags/example_short_circuit_operator.py
[2022-11-20T13:20:58.572+0000] {processor.py:766} INFO - DAG(s) dict_keys(['example_short_circuit_operator']) retrieved from /home/airflow/.local/lib/python3.7/site-packages/airflow/example_dags/example_short_circuit_operator.py
[2022-11-20T13:20:58.595+0000] {logging_mixin.py:120} INFO - [2022-11-20T13:20:58.594+0000] {dag.py:2585} INFO - Sync 1 DAGs
[2022-11-20T13:20:58.608+0000] {logging_mixin.py:120} INFO - [2022-11-20T13:20:58.608+0000] {dag.py:3340} INFO - Setting next_dagrun for example_short_circuit_operator to 2022-11-19T13:20:58.608027+00:00, run_after=2022-11-20T13:20:58.608027+00:00
[2022-11-20T13:20:58.619+0000] {processor.py:176} INFO - Processing /home/airflow/.local/lib/python3.7/site-packages/airflow/example_dags/example_short_circuit_operator.py took 0.059 seconds
[2022-11-20T13:21:29.552+0000] {processor.py:154} INFO - Started process (PID=1513) to work on /home/airflow/.local/lib/python3.7/site-packages/airflow/example_dags/example_short_circuit_operator.py
[2022-11-20T13:21:29.552+0000] {processor.py:756} INFO - Processing file /home/airflow/.local/lib/python3.7/site-packages/airflow/example_dags/example_short_circuit_operator.py for tasks to queue
[2022-11-20T13:21:29.552+0000] {logging_mixin.py:120} INFO - [2022-11-20T13:21:29.552+0000] {dagbag.py:537} INFO - Filling up the DagBag from /home/airflow/.local/lib/python3.7/site-packages/airflow/example_dags/example_short_circuit_operator.py
[2022-11-20T13:21:29.561+0000] {processor.py:766} INFO - DAG(s) dict_keys(['example_short_circuit_operator']) retrieved from /home/airflow/.local/lib/python3.7/site-packages/airflow/example_dags/example_short_circuit_operator.py
[2022-11-20T13:21:29.580+0000] {logging_mixin.py:120} INFO - [2022-11-20T13:21:29.580+0000] {dag.py:2585} INFO - Sync 1 DAGs
[2022-11-20T13:21:29.592+0000] {logging_mixin.py:120} INFO - [2022-11-20T13:21:29.592+0000] {dag.py:3340} INFO - Setting next_dagrun for example_short_circuit_operator to 2022-11-19T13:21:29.592126+00:00, run_after=2022-11-20T13:21:29.592126+00:00
[2022-11-20T13:21:29.605+0000] {processor.py:176} INFO - Processing /home/airflow/.local/lib/python3.7/site-packages/airflow/example_dags/example_short_circuit_operator.py took 0.055 seconds
[2022-11-20T13:22:00.623+0000] {processor.py:154} INFO - Started process (PID=1578) to work on /home/airflow/.local/lib/python3.7/site-packages/airflow/example_dags/example_short_circuit_operator.py
[2022-11-20T13:22:00.624+0000] {processor.py:756} INFO - Processing file /home/airflow/.local/lib/python3.7/site-packages/airflow/example_dags/example_short_circuit_operator.py for tasks to queue
[2022-11-20T13:22:00.625+0000] {logging_mixin.py:120} INFO - [2022-11-20T13:22:00.624+0000] {dagbag.py:537} INFO - Filling up the DagBag from /home/airflow/.local/lib/python3.7/site-packages/airflow/example_dags/example_short_circuit_operator.py
[2022-11-20T13:22:00.635+0000] {processor.py:766} INFO - DAG(s) dict_keys(['example_short_circuit_operator']) retrieved from /home/airflow/.local/lib/python3.7/site-packages/airflow/example_dags/example_short_circuit_operator.py
[2022-11-20T13:22:00.662+0000] {logging_mixin.py:120} INFO - [2022-11-20T13:22:00.662+0000] {dag.py:2585} INFO - Sync 1 DAGs
[2022-11-20T13:22:00.676+0000] {logging_mixin.py:120} INFO - [2022-11-20T13:22:00.676+0000] {dag.py:3340} INFO - Setting next_dagrun for example_short_circuit_operator to 2022-11-19T13:22:00.675891+00:00, run_after=2022-11-20T13:22:00.675891+00:00
[2022-11-20T13:22:00.690+0000] {processor.py:176} INFO - Processing /home/airflow/.local/lib/python3.7/site-packages/airflow/example_dags/example_short_circuit_operator.py took 0.069 seconds
[2022-11-20T13:22:31.933+0000] {processor.py:154} INFO - Started process (PID=1648) to work on /home/airflow/.local/lib/python3.7/site-packages/airflow/example_dags/example_short_circuit_operator.py
[2022-11-20T13:22:31.934+0000] {processor.py:756} INFO - Processing file /home/airflow/.local/lib/python3.7/site-packages/airflow/example_dags/example_short_circuit_operator.py for tasks to queue
[2022-11-20T13:22:31.934+0000] {logging_mixin.py:120} INFO - [2022-11-20T13:22:31.934+0000] {dagbag.py:537} INFO - Filling up the DagBag from /home/airflow/.local/lib/python3.7/site-packages/airflow/example_dags/example_short_circuit_operator.py
[2022-11-20T13:22:31.944+0000] {processor.py:766} INFO - DAG(s) dict_keys(['example_short_circuit_operator']) retrieved from /home/airflow/.local/lib/python3.7/site-packages/airflow/example_dags/example_short_circuit_operator.py
[2022-11-20T13:22:31.968+0000] {logging_mixin.py:120} INFO - [2022-11-20T13:22:31.968+0000] {dag.py:2585} INFO - Sync 1 DAGs
[2022-11-20T13:22:31.982+0000] {logging_mixin.py:120} INFO - [2022-11-20T13:22:31.982+0000] {dag.py:3340} INFO - Setting next_dagrun for example_short_circuit_operator to 2022-11-19T13:22:31.982578+00:00, run_after=2022-11-20T13:22:31.982578+00:00
[2022-11-20T13:22:31.995+0000] {processor.py:176} INFO - Processing /home/airflow/.local/lib/python3.7/site-packages/airflow/example_dags/example_short_circuit_operator.py took 0.064 seconds
[2022-11-20T13:23:03.065+0000] {processor.py:154} INFO - Started process (PID=1715) to work on /home/airflow/.local/lib/python3.7/site-packages/airflow/example_dags/example_short_circuit_operator.py
[2022-11-20T13:23:03.066+0000] {processor.py:756} INFO - Processing file /home/airflow/.local/lib/python3.7/site-packages/airflow/example_dags/example_short_circuit_operator.py for tasks to queue
[2022-11-20T13:23:03.066+0000] {logging_mixin.py:120} INFO - [2022-11-20T13:23:03.066+0000] {dagbag.py:537} INFO - Filling up the DagBag from /home/airflow/.local/lib/python3.7/site-packages/airflow/example_dags/example_short_circuit_operator.py
[2022-11-20T13:23:03.076+0000] {processor.py:766} INFO - DAG(s) dict_keys(['example_short_circuit_operator']) retrieved from /home/airflow/.local/lib/python3.7/site-packages/airflow/example_dags/example_short_circuit_operator.py
[2022-11-20T13:23:03.100+0000] {logging_mixin.py:120} INFO - [2022-11-20T13:23:03.100+0000] {dag.py:2585} INFO - Sync 1 DAGs
[2022-11-20T13:23:03.114+0000] {logging_mixin.py:120} INFO - [2022-11-20T13:23:03.114+0000] {dag.py:3340} INFO - Setting next_dagrun for example_short_circuit_operator to 2022-11-19T13:23:03.114741+00:00, run_after=2022-11-20T13:23:03.114741+00:00
[2022-11-20T13:23:03.127+0000] {processor.py:176} INFO - Processing /home/airflow/.local/lib/python3.7/site-packages/airflow/example_dags/example_short_circuit_operator.py took 0.064 seconds
[2022-11-20T13:23:33.176+0000] {processor.py:154} INFO - Started process (PID=1785) to work on /home/airflow/.local/lib/python3.7/site-packages/airflow/example_dags/example_short_circuit_operator.py
[2022-11-20T13:23:33.177+0000] {processor.py:756} INFO - Processing file /home/airflow/.local/lib/python3.7/site-packages/airflow/example_dags/example_short_circuit_operator.py for tasks to queue
[2022-11-20T13:23:33.177+0000] {logging_mixin.py:120} INFO - [2022-11-20T13:23:33.177+0000] {dagbag.py:537} INFO - Filling up the DagBag from /home/airflow/.local/lib/python3.7/site-packages/airflow/example_dags/example_short_circuit_operator.py
[2022-11-20T13:23:33.186+0000] {processor.py:766} INFO - DAG(s) dict_keys(['example_short_circuit_operator']) retrieved from /home/airflow/.local/lib/python3.7/site-packages/airflow/example_dags/example_short_circuit_operator.py
[2022-11-20T13:23:33.207+0000] {logging_mixin.py:120} INFO - [2022-11-20T13:23:33.207+0000] {dag.py:2585} INFO - Sync 1 DAGs
[2022-11-20T13:23:33.218+0000] {logging_mixin.py:120} INFO - [2022-11-20T13:23:33.218+0000] {dag.py:3340} INFO - Setting next_dagrun for example_short_circuit_operator to 2022-11-19T13:23:33.218345+00:00, run_after=2022-11-20T13:23:33.218345+00:00
[2022-11-20T13:23:33.226+0000] {processor.py:176} INFO - Processing /home/airflow/.local/lib/python3.7/site-packages/airflow/example_dags/example_short_circuit_operator.py took 0.052 seconds
[2022-11-20T13:24:03.375+0000] {processor.py:154} INFO - Started process (PID=1844) to work on /home/airflow/.local/lib/python3.7/site-packages/airflow/example_dags/example_short_circuit_operator.py
[2022-11-20T13:24:03.375+0000] {processor.py:756} INFO - Processing file /home/airflow/.local/lib/python3.7/site-packages/airflow/example_dags/example_short_circuit_operator.py for tasks to queue
[2022-11-20T13:24:03.376+0000] {logging_mixin.py:120} INFO - [2022-11-20T13:24:03.376+0000] {dagbag.py:537} INFO - Filling up the DagBag from /home/airflow/.local/lib/python3.7/site-packages/airflow/example_dags/example_short_circuit_operator.py
[2022-11-20T13:24:03.384+0000] {processor.py:766} INFO - DAG(s) dict_keys(['example_short_circuit_operator']) retrieved from /home/airflow/.local/lib/python3.7/site-packages/airflow/example_dags/example_short_circuit_operator.py
[2022-11-20T13:24:03.403+0000] {logging_mixin.py:120} INFO - [2022-11-20T13:24:03.403+0000] {dag.py:2585} INFO - Sync 1 DAGs
[2022-11-20T13:24:03.414+0000] {logging_mixin.py:120} INFO - [2022-11-20T13:24:03.414+0000] {dag.py:3340} INFO - Setting next_dagrun for example_short_circuit_operator to 2022-11-19T13:24:03.414628+00:00, run_after=2022-11-20T13:24:03.414628+00:00
[2022-11-20T13:24:03.423+0000] {processor.py:176} INFO - Processing /home/airflow/.local/lib/python3.7/site-packages/airflow/example_dags/example_short_circuit_operator.py took 0.050 seconds
[2022-11-20T13:24:34.364+0000] {processor.py:154} INFO - Started process (PID=1913) to work on /home/airflow/.local/lib/python3.7/site-packages/airflow/example_dags/example_short_circuit_operator.py
[2022-11-20T13:24:34.365+0000] {processor.py:756} INFO - Processing file /home/airflow/.local/lib/python3.7/site-packages/airflow/example_dags/example_short_circuit_operator.py for tasks to queue
[2022-11-20T13:24:34.365+0000] {logging_mixin.py:120} INFO - [2022-11-20T13:24:34.365+0000] {dagbag.py:537} INFO - Filling up the DagBag from /home/airflow/.local/lib/python3.7/site-packages/airflow/example_dags/example_short_circuit_operator.py
[2022-11-20T13:24:34.374+0000] {processor.py:766} INFO - DAG(s) dict_keys(['example_short_circuit_operator']) retrieved from /home/airflow/.local/lib/python3.7/site-packages/airflow/example_dags/example_short_circuit_operator.py
[2022-11-20T13:24:34.394+0000] {logging_mixin.py:120} INFO - [2022-11-20T13:24:34.394+0000] {dag.py:2585} INFO - Sync 1 DAGs
[2022-11-20T13:24:34.406+0000] {logging_mixin.py:120} INFO - [2022-11-20T13:24:34.406+0000] {dag.py:3340} INFO - Setting next_dagrun for example_short_circuit_operator to 2022-11-19T13:24:34.406391+00:00, run_after=2022-11-20T13:24:34.406391+00:00
[2022-11-20T13:24:34.415+0000] {processor.py:176} INFO - Processing /home/airflow/.local/lib/python3.7/site-packages/airflow/example_dags/example_short_circuit_operator.py took 0.052 seconds
[2022-11-20T13:25:05.130+0000] {processor.py:154} INFO - Started process (PID=1981) to work on /home/airflow/.local/lib/python3.7/site-packages/airflow/example_dags/example_short_circuit_operator.py
[2022-11-20T13:25:05.131+0000] {processor.py:756} INFO - Processing file /home/airflow/.local/lib/python3.7/site-packages/airflow/example_dags/example_short_circuit_operator.py for tasks to queue
[2022-11-20T13:25:05.132+0000] {logging_mixin.py:120} INFO - [2022-11-20T13:25:05.132+0000] {dagbag.py:537} INFO - Filling up the DagBag from /home/airflow/.local/lib/python3.7/site-packages/airflow/example_dags/example_short_circuit_operator.py
[2022-11-20T13:25:05.141+0000] {processor.py:766} INFO - DAG(s) dict_keys(['example_short_circuit_operator']) retrieved from /home/airflow/.local/lib/python3.7/site-packages/airflow/example_dags/example_short_circuit_operator.py
[2022-11-20T13:25:05.173+0000] {logging_mixin.py:120} INFO - [2022-11-20T13:25:05.173+0000] {dag.py:2585} INFO - Sync 1 DAGs
[2022-11-20T13:25:05.185+0000] {logging_mixin.py:120} INFO - [2022-11-20T13:25:05.185+0000] {dag.py:3340} INFO - Setting next_dagrun for example_short_circuit_operator to 2022-11-19T13:25:05.185467+00:00, run_after=2022-11-20T13:25:05.185467+00:00
[2022-11-20T13:25:05.195+0000] {processor.py:176} INFO - Processing /home/airflow/.local/lib/python3.7/site-packages/airflow/example_dags/example_short_circuit_operator.py took 0.066 seconds
[2022-11-20T13:25:35.841+0000] {processor.py:154} INFO - Started process (PID=2052) to work on /home/airflow/.local/lib/python3.7/site-packages/airflow/example_dags/example_short_circuit_operator.py
[2022-11-20T13:25:35.841+0000] {processor.py:756} INFO - Processing file /home/airflow/.local/lib/python3.7/site-packages/airflow/example_dags/example_short_circuit_operator.py for tasks to queue
[2022-11-20T13:25:35.842+0000] {logging_mixin.py:120} INFO - [2022-11-20T13:25:35.842+0000] {dagbag.py:537} INFO - Filling up the DagBag from /home/airflow/.local/lib/python3.7/site-packages/airflow/example_dags/example_short_circuit_operator.py
[2022-11-20T13:25:35.851+0000] {processor.py:766} INFO - DAG(s) dict_keys(['example_short_circuit_operator']) retrieved from /home/airflow/.local/lib/python3.7/site-packages/airflow/example_dags/example_short_circuit_operator.py
[2022-11-20T13:25:35.913+0000] {logging_mixin.py:120} INFO - [2022-11-20T13:25:35.913+0000] {dag.py:2585} INFO - Sync 1 DAGs
[2022-11-20T13:25:35.927+0000] {logging_mixin.py:120} INFO - [2022-11-20T13:25:35.926+0000] {dag.py:3340} INFO - Setting next_dagrun for example_short_circuit_operator to 2022-11-19T13:25:35.926823+00:00, run_after=2022-11-20T13:25:35.926823+00:00
[2022-11-20T13:25:35.936+0000] {processor.py:176} INFO - Processing /home/airflow/.local/lib/python3.7/site-packages/airflow/example_dags/example_short_circuit_operator.py took 0.097 seconds
[2022-11-20T13:58:08.391+0000] {processor.py:154} INFO - Started process (PID=2100) to work on /home/airflow/.local/lib/python3.7/site-packages/airflow/example_dags/example_short_circuit_operator.py
[2022-11-20T13:58:08.397+0000] {processor.py:756} INFO - Processing file /home/airflow/.local/lib/python3.7/site-packages/airflow/example_dags/example_short_circuit_operator.py for tasks to queue
[2022-11-20T13:58:08.397+0000] {logging_mixin.py:120} INFO - [2022-11-20T13:58:08.397+0000] {dagbag.py:537} INFO - Filling up the DagBag from /home/airflow/.local/lib/python3.7/site-packages/airflow/example_dags/example_short_circuit_operator.py
[2022-11-20T13:58:08.417+0000] {processor.py:766} INFO - DAG(s) dict_keys(['example_short_circuit_operator']) retrieved from /home/airflow/.local/lib/python3.7/site-packages/airflow/example_dags/example_short_circuit_operator.py
[2022-11-20T13:58:08.464+0000] {logging_mixin.py:120} INFO - [2022-11-20T13:58:08.464+0000] {dag.py:2585} INFO - Sync 1 DAGs
[2022-11-20T13:58:08.487+0000] {logging_mixin.py:120} INFO - [2022-11-20T13:58:08.487+0000] {dag.py:3340} INFO - Setting next_dagrun for example_short_circuit_operator to 2022-11-19T13:58:08.486709+00:00, run_after=2022-11-20T13:58:08.486709+00:00
[2022-11-20T13:58:08.503+0000] {processor.py:176} INFO - Processing /home/airflow/.local/lib/python3.7/site-packages/airflow/example_dags/example_short_circuit_operator.py took 0.113 seconds
[2022-11-20T14:14:23.214+0000] {processor.py:154} INFO - Started process (PID=2150) to work on /home/airflow/.local/lib/python3.7/site-packages/airflow/example_dags/example_short_circuit_operator.py
[2022-11-20T14:14:23.215+0000] {processor.py:756} INFO - Processing file /home/airflow/.local/lib/python3.7/site-packages/airflow/example_dags/example_short_circuit_operator.py for tasks to queue
[2022-11-20T14:14:23.215+0000] {logging_mixin.py:120} INFO - [2022-11-20T14:14:23.215+0000] {dagbag.py:537} INFO - Filling up the DagBag from /home/airflow/.local/lib/python3.7/site-packages/airflow/example_dags/example_short_circuit_operator.py
[2022-11-20T14:14:23.224+0000] {processor.py:766} INFO - DAG(s) dict_keys(['example_short_circuit_operator']) retrieved from /home/airflow/.local/lib/python3.7/site-packages/airflow/example_dags/example_short_circuit_operator.py
[2022-11-20T14:14:23.246+0000] {logging_mixin.py:120} INFO - [2022-11-20T14:14:23.246+0000] {dag.py:2585} INFO - Sync 1 DAGs
[2022-11-20T14:14:23.259+0000] {logging_mixin.py:120} INFO - [2022-11-20T14:14:23.258+0000] {dag.py:3340} INFO - Setting next_dagrun for example_short_circuit_operator to 2022-11-19T14:14:23.258843+00:00, run_after=2022-11-20T14:14:23.258843+00:00
[2022-11-20T14:14:23.270+0000] {processor.py:176} INFO - Processing /home/airflow/.local/lib/python3.7/site-packages/airflow/example_dags/example_short_circuit_operator.py took 0.058 seconds
[2022-11-20T14:44:49.390+0000] {processor.py:154} INFO - Started process (PID=2197) to work on /home/airflow/.local/lib/python3.7/site-packages/airflow/example_dags/example_short_circuit_operator.py
[2022-11-20T14:44:49.390+0000] {processor.py:756} INFO - Processing file /home/airflow/.local/lib/python3.7/site-packages/airflow/example_dags/example_short_circuit_operator.py for tasks to queue
[2022-11-20T14:44:49.390+0000] {logging_mixin.py:120} INFO - [2022-11-20T14:44:49.390+0000] {dagbag.py:537} INFO - Filling up the DagBag from /home/airflow/.local/lib/python3.7/site-packages/airflow/example_dags/example_short_circuit_operator.py
[2022-11-20T14:44:49.398+0000] {processor.py:766} INFO - DAG(s) dict_keys(['example_short_circuit_operator']) retrieved from /home/airflow/.local/lib/python3.7/site-packages/airflow/example_dags/example_short_circuit_operator.py
[2022-11-20T14:44:49.418+0000] {logging_mixin.py:120} INFO - [2022-11-20T14:44:49.418+0000] {dag.py:2585} INFO - Sync 1 DAGs
[2022-11-20T14:44:49.430+0000] {logging_mixin.py:120} INFO - [2022-11-20T14:44:49.430+0000] {dag.py:3340} INFO - Setting next_dagrun for example_short_circuit_operator to 2022-11-19T14:44:49.429999+00:00, run_after=2022-11-20T14:44:49.429999+00:00
[2022-11-20T14:44:49.438+0000] {processor.py:176} INFO - Processing /home/airflow/.local/lib/python3.7/site-packages/airflow/example_dags/example_short_circuit_operator.py took 0.051 seconds
[2022-11-20T15:18:06.826+0000] {processor.py:154} INFO - Started process (PID=2244) to work on /home/airflow/.local/lib/python3.7/site-packages/airflow/example_dags/example_short_circuit_operator.py
[2022-11-20T15:18:06.827+0000] {processor.py:756} INFO - Processing file /home/airflow/.local/lib/python3.7/site-packages/airflow/example_dags/example_short_circuit_operator.py for tasks to queue
[2022-11-20T15:18:06.827+0000] {logging_mixin.py:120} INFO - [2022-11-20T15:18:06.827+0000] {dagbag.py:537} INFO - Filling up the DagBag from /home/airflow/.local/lib/python3.7/site-packages/airflow/example_dags/example_short_circuit_operator.py
[2022-11-20T15:18:06.836+0000] {processor.py:766} INFO - DAG(s) dict_keys(['example_short_circuit_operator']) retrieved from /home/airflow/.local/lib/python3.7/site-packages/airflow/example_dags/example_short_circuit_operator.py
[2022-11-20T15:18:06.857+0000] {logging_mixin.py:120} INFO - [2022-11-20T15:18:06.857+0000] {dag.py:2585} INFO - Sync 1 DAGs
[2022-11-20T15:18:06.869+0000] {logging_mixin.py:120} INFO - [2022-11-20T15:18:06.869+0000] {dag.py:3340} INFO - Setting next_dagrun for example_short_circuit_operator to 2022-11-19T15:18:06.869509+00:00, run_after=2022-11-20T15:18:06.869509+00:00
[2022-11-20T15:18:06.878+0000] {processor.py:176} INFO - Processing /home/airflow/.local/lib/python3.7/site-packages/airflow/example_dags/example_short_circuit_operator.py took 0.054 seconds
[2022-11-20T15:39:04.726+0000] {processor.py:154} INFO - Started process (PID=2288) to work on /home/airflow/.local/lib/python3.7/site-packages/airflow/example_dags/example_short_circuit_operator.py
[2022-11-20T15:39:04.727+0000] {processor.py:756} INFO - Processing file /home/airflow/.local/lib/python3.7/site-packages/airflow/example_dags/example_short_circuit_operator.py for tasks to queue
[2022-11-20T15:39:04.729+0000] {logging_mixin.py:120} INFO - [2022-11-20T15:39:04.728+0000] {dagbag.py:537} INFO - Filling up the DagBag from /home/airflow/.local/lib/python3.7/site-packages/airflow/example_dags/example_short_circuit_operator.py
[2022-11-20T15:39:04.743+0000] {processor.py:766} INFO - DAG(s) dict_keys(['example_short_circuit_operator']) retrieved from /home/airflow/.local/lib/python3.7/site-packages/airflow/example_dags/example_short_circuit_operator.py
[2022-11-20T15:39:04.786+0000] {logging_mixin.py:120} INFO - [2022-11-20T15:39:04.785+0000] {dag.py:2585} INFO - Sync 1 DAGs
[2022-11-20T15:39:04.813+0000] {logging_mixin.py:120} INFO - [2022-11-20T15:39:04.813+0000] {dag.py:3340} INFO - Setting next_dagrun for example_short_circuit_operator to 2022-11-19T15:39:04.813327+00:00, run_after=2022-11-20T15:39:04.813327+00:00
[2022-11-20T15:39:04.834+0000] {processor.py:176} INFO - Processing /home/airflow/.local/lib/python3.7/site-packages/airflow/example_dags/example_short_circuit_operator.py took 0.113 seconds
[2022-11-20T15:51:05.131+0000] {processor.py:154} INFO - Started process (PID=2327) to work on /home/airflow/.local/lib/python3.7/site-packages/airflow/example_dags/example_short_circuit_operator.py
[2022-11-20T15:51:05.134+0000] {processor.py:756} INFO - Processing file /home/airflow/.local/lib/python3.7/site-packages/airflow/example_dags/example_short_circuit_operator.py for tasks to queue
[2022-11-20T15:51:05.134+0000] {logging_mixin.py:120} INFO - [2022-11-20T15:51:05.134+0000] {dagbag.py:537} INFO - Filling up the DagBag from /home/airflow/.local/lib/python3.7/site-packages/airflow/example_dags/example_short_circuit_operator.py
[2022-11-20T15:51:05.158+0000] {processor.py:766} INFO - DAG(s) dict_keys(['example_short_circuit_operator']) retrieved from /home/airflow/.local/lib/python3.7/site-packages/airflow/example_dags/example_short_circuit_operator.py
[2022-11-20T15:51:05.207+0000] {logging_mixin.py:120} INFO - [2022-11-20T15:51:05.207+0000] {dag.py:2585} INFO - Sync 1 DAGs
[2022-11-20T15:51:05.232+0000] {logging_mixin.py:120} INFO - [2022-11-20T15:51:05.232+0000] {dag.py:3340} INFO - Setting next_dagrun for example_short_circuit_operator to 2022-11-19T15:51:05.231910+00:00, run_after=2022-11-20T15:51:05.231910+00:00
[2022-11-20T15:51:05.250+0000] {processor.py:176} INFO - Processing /home/airflow/.local/lib/python3.7/site-packages/airflow/example_dags/example_short_circuit_operator.py took 0.121 seconds
[2022-11-20T16:06:46.640+0000] {processor.py:154} INFO - Started process (PID=2373) to work on /home/airflow/.local/lib/python3.7/site-packages/airflow/example_dags/example_short_circuit_operator.py
[2022-11-20T16:06:46.641+0000] {processor.py:756} INFO - Processing file /home/airflow/.local/lib/python3.7/site-packages/airflow/example_dags/example_short_circuit_operator.py for tasks to queue
[2022-11-20T16:06:46.641+0000] {logging_mixin.py:120} INFO - [2022-11-20T16:06:46.641+0000] {dagbag.py:537} INFO - Filling up the DagBag from /home/airflow/.local/lib/python3.7/site-packages/airflow/example_dags/example_short_circuit_operator.py
[2022-11-20T16:06:46.657+0000] {processor.py:766} INFO - DAG(s) dict_keys(['example_short_circuit_operator']) retrieved from /home/airflow/.local/lib/python3.7/site-packages/airflow/example_dags/example_short_circuit_operator.py
[2022-11-20T16:06:46.688+0000] {logging_mixin.py:120} INFO - [2022-11-20T16:06:46.688+0000] {dag.py:2585} INFO - Sync 1 DAGs
[2022-11-20T16:06:46.716+0000] {logging_mixin.py:120} INFO - [2022-11-20T16:06:46.715+0000] {dag.py:3340} INFO - Setting next_dagrun for example_short_circuit_operator to 2022-11-19T16:06:46.715726+00:00, run_after=2022-11-20T16:06:46.715726+00:00
[2022-11-20T16:06:46.730+0000] {processor.py:176} INFO - Processing /home/airflow/.local/lib/python3.7/site-packages/airflow/example_dags/example_short_circuit_operator.py took 0.091 seconds
[2022-11-20T16:08:34.576+0000] {processor.py:154} INFO - Started process (PID=2424) to work on /home/airflow/.local/lib/python3.7/site-packages/airflow/example_dags/example_short_circuit_operator.py
[2022-11-20T16:08:34.577+0000] {processor.py:756} INFO - Processing file /home/airflow/.local/lib/python3.7/site-packages/airflow/example_dags/example_short_circuit_operator.py for tasks to queue
[2022-11-20T16:08:34.577+0000] {logging_mixin.py:120} INFO - [2022-11-20T16:08:34.577+0000] {dagbag.py:537} INFO - Filling up the DagBag from /home/airflow/.local/lib/python3.7/site-packages/airflow/example_dags/example_short_circuit_operator.py
[2022-11-20T16:08:34.585+0000] {processor.py:766} INFO - DAG(s) dict_keys(['example_short_circuit_operator']) retrieved from /home/airflow/.local/lib/python3.7/site-packages/airflow/example_dags/example_short_circuit_operator.py
[2022-11-20T16:08:34.605+0000] {logging_mixin.py:120} INFO - [2022-11-20T16:08:34.605+0000] {dag.py:2585} INFO - Sync 1 DAGs
[2022-11-20T16:08:34.618+0000] {logging_mixin.py:120} INFO - [2022-11-20T16:08:34.618+0000] {dag.py:3340} INFO - Setting next_dagrun for example_short_circuit_operator to 2022-11-19T16:08:34.618376+00:00, run_after=2022-11-20T16:08:34.618376+00:00
[2022-11-20T16:08:34.629+0000] {processor.py:176} INFO - Processing /home/airflow/.local/lib/python3.7/site-packages/airflow/example_dags/example_short_circuit_operator.py took 0.054 seconds
[2022-11-20T16:28:00.580+0000] {processor.py:154} INFO - Started process (PID=2470) to work on /home/airflow/.local/lib/python3.7/site-packages/airflow/example_dags/example_short_circuit_operator.py
[2022-11-20T16:28:00.581+0000] {processor.py:756} INFO - Processing file /home/airflow/.local/lib/python3.7/site-packages/airflow/example_dags/example_short_circuit_operator.py for tasks to queue
[2022-11-20T16:28:00.581+0000] {logging_mixin.py:120} INFO - [2022-11-20T16:28:00.581+0000] {dagbag.py:537} INFO - Filling up the DagBag from /home/airflow/.local/lib/python3.7/site-packages/airflow/example_dags/example_short_circuit_operator.py
[2022-11-20T16:28:00.589+0000] {processor.py:766} INFO - DAG(s) dict_keys(['example_short_circuit_operator']) retrieved from /home/airflow/.local/lib/python3.7/site-packages/airflow/example_dags/example_short_circuit_operator.py
[2022-11-20T16:28:00.632+0000] {logging_mixin.py:120} INFO - [2022-11-20T16:28:00.632+0000] {dag.py:2585} INFO - Sync 1 DAGs
[2022-11-20T16:28:00.650+0000] {logging_mixin.py:120} INFO - [2022-11-20T16:28:00.649+0000] {dag.py:3340} INFO - Setting next_dagrun for example_short_circuit_operator to 2022-11-19T16:28:00.649834+00:00, run_after=2022-11-20T16:28:00.649834+00:00
[2022-11-20T16:28:00.665+0000] {processor.py:176} INFO - Processing /home/airflow/.local/lib/python3.7/site-packages/airflow/example_dags/example_short_circuit_operator.py took 0.087 seconds
[2022-11-20T16:43:51.031+0000] {processor.py:154} INFO - Started process (PID=2519) to work on /home/airflow/.local/lib/python3.7/site-packages/airflow/example_dags/example_short_circuit_operator.py
[2022-11-20T16:43:51.031+0000] {processor.py:756} INFO - Processing file /home/airflow/.local/lib/python3.7/site-packages/airflow/example_dags/example_short_circuit_operator.py for tasks to queue
[2022-11-20T16:43:51.032+0000] {logging_mixin.py:120} INFO - [2022-11-20T16:43:51.031+0000] {dagbag.py:537} INFO - Filling up the DagBag from /home/airflow/.local/lib/python3.7/site-packages/airflow/example_dags/example_short_circuit_operator.py
[2022-11-20T16:43:51.042+0000] {processor.py:766} INFO - DAG(s) dict_keys(['example_short_circuit_operator']) retrieved from /home/airflow/.local/lib/python3.7/site-packages/airflow/example_dags/example_short_circuit_operator.py
[2022-11-20T16:43:51.082+0000] {logging_mixin.py:120} INFO - [2022-11-20T16:43:51.082+0000] {dag.py:2585} INFO - Sync 1 DAGs
[2022-11-20T16:43:51.110+0000] {logging_mixin.py:120} INFO - [2022-11-20T16:43:51.110+0000] {dag.py:3340} INFO - Setting next_dagrun for example_short_circuit_operator to 2022-11-19T16:43:51.110322+00:00, run_after=2022-11-20T16:43:51.110322+00:00
[2022-11-20T16:43:51.136+0000] {processor.py:176} INFO - Processing /home/airflow/.local/lib/python3.7/site-packages/airflow/example_dags/example_short_circuit_operator.py took 0.107 seconds
[2022-11-20T17:17:44.580+0000] {processor.py:154} INFO - Started process (PID=2566) to work on /home/airflow/.local/lib/python3.7/site-packages/airflow/example_dags/example_short_circuit_operator.py
[2022-11-20T17:17:44.581+0000] {processor.py:756} INFO - Processing file /home/airflow/.local/lib/python3.7/site-packages/airflow/example_dags/example_short_circuit_operator.py for tasks to queue
[2022-11-20T17:17:44.581+0000] {logging_mixin.py:120} INFO - [2022-11-20T17:17:44.581+0000] {dagbag.py:537} INFO - Filling up the DagBag from /home/airflow/.local/lib/python3.7/site-packages/airflow/example_dags/example_short_circuit_operator.py
[2022-11-20T17:17:44.590+0000] {processor.py:766} INFO - DAG(s) dict_keys(['example_short_circuit_operator']) retrieved from /home/airflow/.local/lib/python3.7/site-packages/airflow/example_dags/example_short_circuit_operator.py
[2022-11-20T17:17:44.612+0000] {logging_mixin.py:120} INFO - [2022-11-20T17:17:44.612+0000] {dag.py:2585} INFO - Sync 1 DAGs
[2022-11-20T17:17:44.624+0000] {logging_mixin.py:120} INFO - [2022-11-20T17:17:44.624+0000] {dag.py:3340} INFO - Setting next_dagrun for example_short_circuit_operator to 2022-11-19T17:17:44.624350+00:00, run_after=2022-11-20T17:17:44.624350+00:00
[2022-11-20T17:17:44.632+0000] {processor.py:176} INFO - Processing /home/airflow/.local/lib/python3.7/site-packages/airflow/example_dags/example_short_circuit_operator.py took 0.054 seconds
[2022-11-20T17:22:39.532+0000] {processor.py:154} INFO - Started process (PID=2613) to work on /home/airflow/.local/lib/python3.7/site-packages/airflow/example_dags/example_short_circuit_operator.py
[2022-11-20T17:22:39.533+0000] {processor.py:756} INFO - Processing file /home/airflow/.local/lib/python3.7/site-packages/airflow/example_dags/example_short_circuit_operator.py for tasks to queue
[2022-11-20T17:22:39.534+0000] {logging_mixin.py:120} INFO - [2022-11-20T17:22:39.534+0000] {dagbag.py:537} INFO - Filling up the DagBag from /home/airflow/.local/lib/python3.7/site-packages/airflow/example_dags/example_short_circuit_operator.py
[2022-11-20T17:22:39.551+0000] {processor.py:766} INFO - DAG(s) dict_keys(['example_short_circuit_operator']) retrieved from /home/airflow/.local/lib/python3.7/site-packages/airflow/example_dags/example_short_circuit_operator.py
[2022-11-20T17:22:39.579+0000] {logging_mixin.py:120} INFO - [2022-11-20T17:22:39.579+0000] {dag.py:2585} INFO - Sync 1 DAGs
[2022-11-20T17:22:39.601+0000] {logging_mixin.py:120} INFO - [2022-11-20T17:22:39.601+0000] {dag.py:3340} INFO - Setting next_dagrun for example_short_circuit_operator to 2022-11-19T17:22:39.600665+00:00, run_after=2022-11-20T17:22:39.600665+00:00
[2022-11-20T17:22:39.631+0000] {processor.py:176} INFO - Processing /home/airflow/.local/lib/python3.7/site-packages/airflow/example_dags/example_short_circuit_operator.py took 0.101 seconds
[2022-11-20T17:23:10.390+0000] {processor.py:154} INFO - Started process (PID=2680) to work on /home/airflow/.local/lib/python3.7/site-packages/airflow/example_dags/example_short_circuit_operator.py
[2022-11-20T17:23:10.390+0000] {processor.py:756} INFO - Processing file /home/airflow/.local/lib/python3.7/site-packages/airflow/example_dags/example_short_circuit_operator.py for tasks to queue
[2022-11-20T17:23:10.391+0000] {logging_mixin.py:120} INFO - [2022-11-20T17:23:10.391+0000] {dagbag.py:537} INFO - Filling up the DagBag from /home/airflow/.local/lib/python3.7/site-packages/airflow/example_dags/example_short_circuit_operator.py
[2022-11-20T17:23:10.400+0000] {processor.py:766} INFO - DAG(s) dict_keys(['example_short_circuit_operator']) retrieved from /home/airflow/.local/lib/python3.7/site-packages/airflow/example_dags/example_short_circuit_operator.py
[2022-11-20T17:23:10.425+0000] {logging_mixin.py:120} INFO - [2022-11-20T17:23:10.425+0000] {dag.py:2585} INFO - Sync 1 DAGs
[2022-11-20T17:23:10.438+0000] {logging_mixin.py:120} INFO - [2022-11-20T17:23:10.438+0000] {dag.py:3340} INFO - Setting next_dagrun for example_short_circuit_operator to 2022-11-19T17:23:10.438177+00:00, run_after=2022-11-20T17:23:10.438177+00:00
[2022-11-20T17:23:10.448+0000] {processor.py:176} INFO - Processing /home/airflow/.local/lib/python3.7/site-packages/airflow/example_dags/example_short_circuit_operator.py took 0.061 seconds
[2022-11-20T17:23:41.474+0000] {processor.py:154} INFO - Started process (PID=2750) to work on /home/airflow/.local/lib/python3.7/site-packages/airflow/example_dags/example_short_circuit_operator.py
[2022-11-20T17:23:41.474+0000] {processor.py:756} INFO - Processing file /home/airflow/.local/lib/python3.7/site-packages/airflow/example_dags/example_short_circuit_operator.py for tasks to queue
[2022-11-20T17:23:41.474+0000] {logging_mixin.py:120} INFO - [2022-11-20T17:23:41.474+0000] {dagbag.py:537} INFO - Filling up the DagBag from /home/airflow/.local/lib/python3.7/site-packages/airflow/example_dags/example_short_circuit_operator.py
[2022-11-20T17:23:41.483+0000] {processor.py:766} INFO - DAG(s) dict_keys(['example_short_circuit_operator']) retrieved from /home/airflow/.local/lib/python3.7/site-packages/airflow/example_dags/example_short_circuit_operator.py
[2022-11-20T17:23:41.504+0000] {logging_mixin.py:120} INFO - [2022-11-20T17:23:41.504+0000] {dag.py:2585} INFO - Sync 1 DAGs
[2022-11-20T17:23:41.516+0000] {logging_mixin.py:120} INFO - [2022-11-20T17:23:41.516+0000] {dag.py:3340} INFO - Setting next_dagrun for example_short_circuit_operator to 2022-11-19T17:23:41.516525+00:00, run_after=2022-11-20T17:23:41.516525+00:00
[2022-11-20T17:23:41.526+0000] {processor.py:176} INFO - Processing /home/airflow/.local/lib/python3.7/site-packages/airflow/example_dags/example_short_circuit_operator.py took 0.054 seconds
[2022-11-20T17:24:11.648+0000] {processor.py:154} INFO - Started process (PID=2820) to work on /home/airflow/.local/lib/python3.7/site-packages/airflow/example_dags/example_short_circuit_operator.py
[2022-11-20T17:24:11.649+0000] {processor.py:756} INFO - Processing file /home/airflow/.local/lib/python3.7/site-packages/airflow/example_dags/example_short_circuit_operator.py for tasks to queue
[2022-11-20T17:24:11.649+0000] {logging_mixin.py:120} INFO - [2022-11-20T17:24:11.649+0000] {dagbag.py:537} INFO - Filling up the DagBag from /home/airflow/.local/lib/python3.7/site-packages/airflow/example_dags/example_short_circuit_operator.py
[2022-11-20T17:24:11.658+0000] {processor.py:766} INFO - DAG(s) dict_keys(['example_short_circuit_operator']) retrieved from /home/airflow/.local/lib/python3.7/site-packages/airflow/example_dags/example_short_circuit_operator.py
[2022-11-20T17:24:11.679+0000] {logging_mixin.py:120} INFO - [2022-11-20T17:24:11.679+0000] {dag.py:2585} INFO - Sync 1 DAGs
[2022-11-20T17:24:11.691+0000] {logging_mixin.py:120} INFO - [2022-11-20T17:24:11.691+0000] {dag.py:3340} INFO - Setting next_dagrun for example_short_circuit_operator to 2022-11-19T17:24:11.691318+00:00, run_after=2022-11-20T17:24:11.691318+00:00
[2022-11-20T17:24:11.702+0000] {processor.py:176} INFO - Processing /home/airflow/.local/lib/python3.7/site-packages/airflow/example_dags/example_short_circuit_operator.py took 0.055 seconds
[2022-11-20T17:24:42.420+0000] {processor.py:154} INFO - Started process (PID=2889) to work on /home/airflow/.local/lib/python3.7/site-packages/airflow/example_dags/example_short_circuit_operator.py
[2022-11-20T17:24:42.421+0000] {processor.py:756} INFO - Processing file /home/airflow/.local/lib/python3.7/site-packages/airflow/example_dags/example_short_circuit_operator.py for tasks to queue
[2022-11-20T17:24:42.422+0000] {logging_mixin.py:120} INFO - [2022-11-20T17:24:42.422+0000] {dagbag.py:537} INFO - Filling up the DagBag from /home/airflow/.local/lib/python3.7/site-packages/airflow/example_dags/example_short_circuit_operator.py
[2022-11-20T17:24:42.434+0000] {processor.py:766} INFO - DAG(s) dict_keys(['example_short_circuit_operator']) retrieved from /home/airflow/.local/lib/python3.7/site-packages/airflow/example_dags/example_short_circuit_operator.py
[2022-11-20T17:24:42.463+0000] {logging_mixin.py:120} INFO - [2022-11-20T17:24:42.462+0000] {dag.py:2585} INFO - Sync 1 DAGs
[2022-11-20T17:24:42.479+0000] {logging_mixin.py:120} INFO - [2022-11-20T17:24:42.479+0000] {dag.py:3340} INFO - Setting next_dagrun for example_short_circuit_operator to 2022-11-19T17:24:42.478922+00:00, run_after=2022-11-20T17:24:42.478922+00:00
[2022-11-20T17:24:42.494+0000] {processor.py:176} INFO - Processing /home/airflow/.local/lib/python3.7/site-packages/airflow/example_dags/example_short_circuit_operator.py took 0.075 seconds
[2022-11-20T17:25:13.358+0000] {processor.py:154} INFO - Started process (PID=2948) to work on /home/airflow/.local/lib/python3.7/site-packages/airflow/example_dags/example_short_circuit_operator.py
[2022-11-20T17:25:13.359+0000] {processor.py:756} INFO - Processing file /home/airflow/.local/lib/python3.7/site-packages/airflow/example_dags/example_short_circuit_operator.py for tasks to queue
[2022-11-20T17:25:13.360+0000] {logging_mixin.py:120} INFO - [2022-11-20T17:25:13.360+0000] {dagbag.py:537} INFO - Filling up the DagBag from /home/airflow/.local/lib/python3.7/site-packages/airflow/example_dags/example_short_circuit_operator.py
[2022-11-20T17:25:13.369+0000] {processor.py:766} INFO - DAG(s) dict_keys(['example_short_circuit_operator']) retrieved from /home/airflow/.local/lib/python3.7/site-packages/airflow/example_dags/example_short_circuit_operator.py
[2022-11-20T17:25:13.400+0000] {logging_mixin.py:120} INFO - [2022-11-20T17:25:13.399+0000] {dag.py:2585} INFO - Sync 1 DAGs
[2022-11-20T17:25:13.414+0000] {logging_mixin.py:120} INFO - [2022-11-20T17:25:13.414+0000] {dag.py:3340} INFO - Setting next_dagrun for example_short_circuit_operator to 2022-11-19T17:25:13.414488+00:00, run_after=2022-11-20T17:25:13.414488+00:00
[2022-11-20T17:25:13.432+0000] {processor.py:176} INFO - Processing /home/airflow/.local/lib/python3.7/site-packages/airflow/example_dags/example_short_circuit_operator.py took 0.076 seconds
[2022-11-20T17:25:43.673+0000] {processor.py:154} INFO - Started process (PID=3021) to work on /home/airflow/.local/lib/python3.7/site-packages/airflow/example_dags/example_short_circuit_operator.py
[2022-11-20T17:25:43.674+0000] {processor.py:756} INFO - Processing file /home/airflow/.local/lib/python3.7/site-packages/airflow/example_dags/example_short_circuit_operator.py for tasks to queue
[2022-11-20T17:25:43.674+0000] {logging_mixin.py:120} INFO - [2022-11-20T17:25:43.674+0000] {dagbag.py:537} INFO - Filling up the DagBag from /home/airflow/.local/lib/python3.7/site-packages/airflow/example_dags/example_short_circuit_operator.py
[2022-11-20T17:25:43.683+0000] {processor.py:766} INFO - DAG(s) dict_keys(['example_short_circuit_operator']) retrieved from /home/airflow/.local/lib/python3.7/site-packages/airflow/example_dags/example_short_circuit_operator.py
[2022-11-20T17:25:43.722+0000] {logging_mixin.py:120} INFO - [2022-11-20T17:25:43.722+0000] {dag.py:2585} INFO - Sync 1 DAGs
[2022-11-20T17:25:43.736+0000] {logging_mixin.py:120} INFO - [2022-11-20T17:25:43.735+0000] {dag.py:3340} INFO - Setting next_dagrun for example_short_circuit_operator to 2022-11-19T17:25:43.735840+00:00, run_after=2022-11-20T17:25:43.735840+00:00
[2022-11-20T17:25:43.747+0000] {processor.py:176} INFO - Processing /home/airflow/.local/lib/python3.7/site-packages/airflow/example_dags/example_short_circuit_operator.py took 0.077 seconds
[2022-11-20T17:26:13.857+0000] {processor.py:154} INFO - Started process (PID=3087) to work on /home/airflow/.local/lib/python3.7/site-packages/airflow/example_dags/example_short_circuit_operator.py
[2022-11-20T17:26:13.857+0000] {processor.py:756} INFO - Processing file /home/airflow/.local/lib/python3.7/site-packages/airflow/example_dags/example_short_circuit_operator.py for tasks to queue
[2022-11-20T17:26:13.858+0000] {logging_mixin.py:120} INFO - [2022-11-20T17:26:13.858+0000] {dagbag.py:537} INFO - Filling up the DagBag from /home/airflow/.local/lib/python3.7/site-packages/airflow/example_dags/example_short_circuit_operator.py
[2022-11-20T17:26:13.866+0000] {processor.py:766} INFO - DAG(s) dict_keys(['example_short_circuit_operator']) retrieved from /home/airflow/.local/lib/python3.7/site-packages/airflow/example_dags/example_short_circuit_operator.py
[2022-11-20T17:26:13.887+0000] {logging_mixin.py:120} INFO - [2022-11-20T17:26:13.887+0000] {dag.py:2585} INFO - Sync 1 DAGs
[2022-11-20T17:26:13.899+0000] {logging_mixin.py:120} INFO - [2022-11-20T17:26:13.899+0000] {dag.py:3340} INFO - Setting next_dagrun for example_short_circuit_operator to 2022-11-19T17:26:13.899158+00:00, run_after=2022-11-20T17:26:13.899158+00:00
[2022-11-20T17:26:13.907+0000] {processor.py:176} INFO - Processing /home/airflow/.local/lib/python3.7/site-packages/airflow/example_dags/example_short_circuit_operator.py took 0.052 seconds
[2022-11-20T17:26:44.053+0000] {processor.py:154} INFO - Started process (PID=3154) to work on /home/airflow/.local/lib/python3.7/site-packages/airflow/example_dags/example_short_circuit_operator.py
[2022-11-20T17:26:44.054+0000] {processor.py:756} INFO - Processing file /home/airflow/.local/lib/python3.7/site-packages/airflow/example_dags/example_short_circuit_operator.py for tasks to queue
[2022-11-20T17:26:44.055+0000] {logging_mixin.py:120} INFO - [2022-11-20T17:26:44.055+0000] {dagbag.py:537} INFO - Filling up the DagBag from /home/airflow/.local/lib/python3.7/site-packages/airflow/example_dags/example_short_circuit_operator.py
[2022-11-20T17:26:44.066+0000] {processor.py:766} INFO - DAG(s) dict_keys(['example_short_circuit_operator']) retrieved from /home/airflow/.local/lib/python3.7/site-packages/airflow/example_dags/example_short_circuit_operator.py
[2022-11-20T17:26:44.092+0000] {logging_mixin.py:120} INFO - [2022-11-20T17:26:44.091+0000] {dag.py:2585} INFO - Sync 1 DAGs
[2022-11-20T17:26:44.106+0000] {logging_mixin.py:120} INFO - [2022-11-20T17:26:44.106+0000] {dag.py:3340} INFO - Setting next_dagrun for example_short_circuit_operator to 2022-11-19T17:26:44.106615+00:00, run_after=2022-11-20T17:26:44.106615+00:00
[2022-11-20T17:26:44.120+0000] {processor.py:176} INFO - Processing /home/airflow/.local/lib/python3.7/site-packages/airflow/example_dags/example_short_circuit_operator.py took 0.070 seconds
[2022-11-20T17:27:14.238+0000] {processor.py:154} INFO - Started process (PID=3221) to work on /home/airflow/.local/lib/python3.7/site-packages/airflow/example_dags/example_short_circuit_operator.py
[2022-11-20T17:27:14.239+0000] {processor.py:756} INFO - Processing file /home/airflow/.local/lib/python3.7/site-packages/airflow/example_dags/example_short_circuit_operator.py for tasks to queue
[2022-11-20T17:27:14.239+0000] {logging_mixin.py:120} INFO - [2022-11-20T17:27:14.239+0000] {dagbag.py:537} INFO - Filling up the DagBag from /home/airflow/.local/lib/python3.7/site-packages/airflow/example_dags/example_short_circuit_operator.py
[2022-11-20T17:27:14.250+0000] {processor.py:766} INFO - DAG(s) dict_keys(['example_short_circuit_operator']) retrieved from /home/airflow/.local/lib/python3.7/site-packages/airflow/example_dags/example_short_circuit_operator.py
[2022-11-20T17:27:14.272+0000] {logging_mixin.py:120} INFO - [2022-11-20T17:27:14.272+0000] {dag.py:2585} INFO - Sync 1 DAGs
[2022-11-20T17:27:14.285+0000] {logging_mixin.py:120} INFO - [2022-11-20T17:27:14.285+0000] {dag.py:3340} INFO - Setting next_dagrun for example_short_circuit_operator to 2022-11-19T17:27:14.285765+00:00, run_after=2022-11-20T17:27:14.285765+00:00
[2022-11-20T17:27:14.297+0000] {processor.py:176} INFO - Processing /home/airflow/.local/lib/python3.7/site-packages/airflow/example_dags/example_short_circuit_operator.py took 0.061 seconds
[2022-11-20T17:27:45.131+0000] {processor.py:154} INFO - Started process (PID=3291) to work on /home/airflow/.local/lib/python3.7/site-packages/airflow/example_dags/example_short_circuit_operator.py
[2022-11-20T17:27:45.131+0000] {processor.py:756} INFO - Processing file /home/airflow/.local/lib/python3.7/site-packages/airflow/example_dags/example_short_circuit_operator.py for tasks to queue
[2022-11-20T17:27:45.132+0000] {logging_mixin.py:120} INFO - [2022-11-20T17:27:45.132+0000] {dagbag.py:537} INFO - Filling up the DagBag from /home/airflow/.local/lib/python3.7/site-packages/airflow/example_dags/example_short_circuit_operator.py
[2022-11-20T17:27:45.141+0000] {processor.py:766} INFO - DAG(s) dict_keys(['example_short_circuit_operator']) retrieved from /home/airflow/.local/lib/python3.7/site-packages/airflow/example_dags/example_short_circuit_operator.py
[2022-11-20T17:27:45.163+0000] {logging_mixin.py:120} INFO - [2022-11-20T17:27:45.163+0000] {dag.py:2585} INFO - Sync 1 DAGs
[2022-11-20T17:27:45.177+0000] {logging_mixin.py:120} INFO - [2022-11-20T17:27:45.177+0000] {dag.py:3340} INFO - Setting next_dagrun for example_short_circuit_operator to 2022-11-19T17:27:45.177090+00:00, run_after=2022-11-20T17:27:45.177090+00:00
[2022-11-20T17:27:45.187+0000] {processor.py:176} INFO - Processing /home/airflow/.local/lib/python3.7/site-packages/airflow/example_dags/example_short_circuit_operator.py took 0.058 seconds
[2022-11-20T17:28:15.889+0000] {processor.py:154} INFO - Started process (PID=3352) to work on /home/airflow/.local/lib/python3.7/site-packages/airflow/example_dags/example_short_circuit_operator.py
[2022-11-20T17:28:15.889+0000] {processor.py:756} INFO - Processing file /home/airflow/.local/lib/python3.7/site-packages/airflow/example_dags/example_short_circuit_operator.py for tasks to queue
[2022-11-20T17:28:15.890+0000] {logging_mixin.py:120} INFO - [2022-11-20T17:28:15.890+0000] {dagbag.py:537} INFO - Filling up the DagBag from /home/airflow/.local/lib/python3.7/site-packages/airflow/example_dags/example_short_circuit_operator.py
[2022-11-20T17:28:15.900+0000] {processor.py:766} INFO - DAG(s) dict_keys(['example_short_circuit_operator']) retrieved from /home/airflow/.local/lib/python3.7/site-packages/airflow/example_dags/example_short_circuit_operator.py
[2022-11-20T17:28:15.924+0000] {logging_mixin.py:120} INFO - [2022-11-20T17:28:15.924+0000] {dag.py:2585} INFO - Sync 1 DAGs
[2022-11-20T17:28:15.938+0000] {logging_mixin.py:120} INFO - [2022-11-20T17:28:15.938+0000] {dag.py:3340} INFO - Setting next_dagrun for example_short_circuit_operator to 2022-11-19T17:28:15.938270+00:00, run_after=2022-11-20T17:28:15.938270+00:00
[2022-11-20T17:28:15.950+0000] {processor.py:176} INFO - Processing /home/airflow/.local/lib/python3.7/site-packages/airflow/example_dags/example_short_circuit_operator.py took 0.063 seconds
[2022-11-20T17:28:46.724+0000] {processor.py:154} INFO - Started process (PID=3421) to work on /home/airflow/.local/lib/python3.7/site-packages/airflow/example_dags/example_short_circuit_operator.py
[2022-11-20T17:28:46.725+0000] {processor.py:756} INFO - Processing file /home/airflow/.local/lib/python3.7/site-packages/airflow/example_dags/example_short_circuit_operator.py for tasks to queue
[2022-11-20T17:28:46.726+0000] {logging_mixin.py:120} INFO - [2022-11-20T17:28:46.726+0000] {dagbag.py:537} INFO - Filling up the DagBag from /home/airflow/.local/lib/python3.7/site-packages/airflow/example_dags/example_short_circuit_operator.py
[2022-11-20T17:28:46.735+0000] {processor.py:766} INFO - DAG(s) dict_keys(['example_short_circuit_operator']) retrieved from /home/airflow/.local/lib/python3.7/site-packages/airflow/example_dags/example_short_circuit_operator.py
[2022-11-20T17:28:46.810+0000] {logging_mixin.py:120} INFO - [2022-11-20T17:28:46.810+0000] {dag.py:2585} INFO - Sync 1 DAGs
[2022-11-20T17:28:46.824+0000] {logging_mixin.py:120} INFO - [2022-11-20T17:28:46.824+0000] {dag.py:3340} INFO - Setting next_dagrun for example_short_circuit_operator to 2022-11-19T17:28:46.824606+00:00, run_after=2022-11-20T17:28:46.824606+00:00
[2022-11-20T17:28:46.836+0000] {processor.py:176} INFO - Processing /home/airflow/.local/lib/python3.7/site-packages/airflow/example_dags/example_short_circuit_operator.py took 0.114 seconds
[2022-11-20T17:29:17.570+0000] {processor.py:154} INFO - Started process (PID=3489) to work on /home/airflow/.local/lib/python3.7/site-packages/airflow/example_dags/example_short_circuit_operator.py
[2022-11-20T17:29:17.571+0000] {processor.py:756} INFO - Processing file /home/airflow/.local/lib/python3.7/site-packages/airflow/example_dags/example_short_circuit_operator.py for tasks to queue
[2022-11-20T17:29:17.571+0000] {logging_mixin.py:120} INFO - [2022-11-20T17:29:17.571+0000] {dagbag.py:537} INFO - Filling up the DagBag from /home/airflow/.local/lib/python3.7/site-packages/airflow/example_dags/example_short_circuit_operator.py
[2022-11-20T17:29:17.579+0000] {processor.py:766} INFO - DAG(s) dict_keys(['example_short_circuit_operator']) retrieved from /home/airflow/.local/lib/python3.7/site-packages/airflow/example_dags/example_short_circuit_operator.py
[2022-11-20T17:29:17.598+0000] {logging_mixin.py:120} INFO - [2022-11-20T17:29:17.598+0000] {dag.py:2585} INFO - Sync 1 DAGs
[2022-11-20T17:29:17.611+0000] {logging_mixin.py:120} INFO - [2022-11-20T17:29:17.611+0000] {dag.py:3340} INFO - Setting next_dagrun for example_short_circuit_operator to 2022-11-19T17:29:17.611013+00:00, run_after=2022-11-20T17:29:17.611013+00:00
[2022-11-20T17:29:17.621+0000] {processor.py:176} INFO - Processing /home/airflow/.local/lib/python3.7/site-packages/airflow/example_dags/example_short_circuit_operator.py took 0.052 seconds
[2022-11-20T17:29:48.505+0000] {processor.py:154} INFO - Started process (PID=3555) to work on /home/airflow/.local/lib/python3.7/site-packages/airflow/example_dags/example_short_circuit_operator.py
[2022-11-20T17:29:48.505+0000] {processor.py:756} INFO - Processing file /home/airflow/.local/lib/python3.7/site-packages/airflow/example_dags/example_short_circuit_operator.py for tasks to queue
[2022-11-20T17:29:48.506+0000] {logging_mixin.py:120} INFO - [2022-11-20T17:29:48.506+0000] {dagbag.py:537} INFO - Filling up the DagBag from /home/airflow/.local/lib/python3.7/site-packages/airflow/example_dags/example_short_circuit_operator.py
[2022-11-20T17:29:48.515+0000] {processor.py:766} INFO - DAG(s) dict_keys(['example_short_circuit_operator']) retrieved from /home/airflow/.local/lib/python3.7/site-packages/airflow/example_dags/example_short_circuit_operator.py
[2022-11-20T17:29:48.538+0000] {logging_mixin.py:120} INFO - [2022-11-20T17:29:48.538+0000] {dag.py:2585} INFO - Sync 1 DAGs
[2022-11-20T17:29:48.550+0000] {logging_mixin.py:120} INFO - [2022-11-20T17:29:48.550+0000] {dag.py:3340} INFO - Setting next_dagrun for example_short_circuit_operator to 2022-11-19T17:29:48.550136+00:00, run_after=2022-11-20T17:29:48.550136+00:00
[2022-11-20T17:29:48.560+0000] {processor.py:176} INFO - Processing /home/airflow/.local/lib/python3.7/site-packages/airflow/example_dags/example_short_circuit_operator.py took 0.057 seconds
[2022-11-20T17:30:19.311+0000] {processor.py:154} INFO - Started process (PID=3627) to work on /home/airflow/.local/lib/python3.7/site-packages/airflow/example_dags/example_short_circuit_operator.py
[2022-11-20T17:30:19.312+0000] {processor.py:756} INFO - Processing file /home/airflow/.local/lib/python3.7/site-packages/airflow/example_dags/example_short_circuit_operator.py for tasks to queue
[2022-11-20T17:30:19.312+0000] {logging_mixin.py:120} INFO - [2022-11-20T17:30:19.312+0000] {dagbag.py:537} INFO - Filling up the DagBag from /home/airflow/.local/lib/python3.7/site-packages/airflow/example_dags/example_short_circuit_operator.py
[2022-11-20T17:30:19.321+0000] {processor.py:766} INFO - DAG(s) dict_keys(['example_short_circuit_operator']) retrieved from /home/airflow/.local/lib/python3.7/site-packages/airflow/example_dags/example_short_circuit_operator.py
[2022-11-20T17:30:19.342+0000] {logging_mixin.py:120} INFO - [2022-11-20T17:30:19.342+0000] {dag.py:2585} INFO - Sync 1 DAGs
[2022-11-20T17:30:19.354+0000] {logging_mixin.py:120} INFO - [2022-11-20T17:30:19.354+0000] {dag.py:3340} INFO - Setting next_dagrun for example_short_circuit_operator to 2022-11-19T17:30:19.354375+00:00, run_after=2022-11-20T17:30:19.354375+00:00
[2022-11-20T17:30:19.364+0000] {processor.py:176} INFO - Processing /home/airflow/.local/lib/python3.7/site-packages/airflow/example_dags/example_short_circuit_operator.py took 0.055 seconds
[2022-11-20T17:30:50.342+0000] {processor.py:154} INFO - Started process (PID=3695) to work on /home/airflow/.local/lib/python3.7/site-packages/airflow/example_dags/example_short_circuit_operator.py
[2022-11-20T17:30:50.342+0000] {processor.py:756} INFO - Processing file /home/airflow/.local/lib/python3.7/site-packages/airflow/example_dags/example_short_circuit_operator.py for tasks to queue
[2022-11-20T17:30:50.343+0000] {logging_mixin.py:120} INFO - [2022-11-20T17:30:50.343+0000] {dagbag.py:537} INFO - Filling up the DagBag from /home/airflow/.local/lib/python3.7/site-packages/airflow/example_dags/example_short_circuit_operator.py
[2022-11-20T17:30:50.352+0000] {processor.py:766} INFO - DAG(s) dict_keys(['example_short_circuit_operator']) retrieved from /home/airflow/.local/lib/python3.7/site-packages/airflow/example_dags/example_short_circuit_operator.py
[2022-11-20T17:30:50.374+0000] {logging_mixin.py:120} INFO - [2022-11-20T17:30:50.374+0000] {dag.py:2585} INFO - Sync 1 DAGs
[2022-11-20T17:30:50.386+0000] {logging_mixin.py:120} INFO - [2022-11-20T17:30:50.386+0000] {dag.py:3340} INFO - Setting next_dagrun for example_short_circuit_operator to 2022-11-19T17:30:50.386288+00:00, run_after=2022-11-20T17:30:50.386288+00:00
[2022-11-20T17:30:50.396+0000] {processor.py:176} INFO - Processing /home/airflow/.local/lib/python3.7/site-packages/airflow/example_dags/example_short_circuit_operator.py took 0.057 seconds
[2022-11-20T17:31:21.349+0000] {processor.py:154} INFO - Started process (PID=3764) to work on /home/airflow/.local/lib/python3.7/site-packages/airflow/example_dags/example_short_circuit_operator.py
[2022-11-20T17:31:21.349+0000] {processor.py:756} INFO - Processing file /home/airflow/.local/lib/python3.7/site-packages/airflow/example_dags/example_short_circuit_operator.py for tasks to queue
[2022-11-20T17:31:21.350+0000] {logging_mixin.py:120} INFO - [2022-11-20T17:31:21.350+0000] {dagbag.py:537} INFO - Filling up the DagBag from /home/airflow/.local/lib/python3.7/site-packages/airflow/example_dags/example_short_circuit_operator.py
[2022-11-20T17:31:21.360+0000] {processor.py:766} INFO - DAG(s) dict_keys(['example_short_circuit_operator']) retrieved from /home/airflow/.local/lib/python3.7/site-packages/airflow/example_dags/example_short_circuit_operator.py
[2022-11-20T17:31:21.382+0000] {logging_mixin.py:120} INFO - [2022-11-20T17:31:21.382+0000] {dag.py:2585} INFO - Sync 1 DAGs
[2022-11-20T17:31:21.394+0000] {logging_mixin.py:120} INFO - [2022-11-20T17:31:21.394+0000] {dag.py:3340} INFO - Setting next_dagrun for example_short_circuit_operator to 2022-11-19T17:31:21.394764+00:00, run_after=2022-11-20T17:31:21.394764+00:00
[2022-11-20T17:31:21.404+0000] {processor.py:176} INFO - Processing /home/airflow/.local/lib/python3.7/site-packages/airflow/example_dags/example_short_circuit_operator.py took 0.057 seconds
[2022-11-20T17:31:52.272+0000] {processor.py:154} INFO - Started process (PID=3832) to work on /home/airflow/.local/lib/python3.7/site-packages/airflow/example_dags/example_short_circuit_operator.py
[2022-11-20T17:31:52.273+0000] {processor.py:756} INFO - Processing file /home/airflow/.local/lib/python3.7/site-packages/airflow/example_dags/example_short_circuit_operator.py for tasks to queue
[2022-11-20T17:31:52.273+0000] {logging_mixin.py:120} INFO - [2022-11-20T17:31:52.273+0000] {dagbag.py:537} INFO - Filling up the DagBag from /home/airflow/.local/lib/python3.7/site-packages/airflow/example_dags/example_short_circuit_operator.py
[2022-11-20T17:31:52.282+0000] {processor.py:766} INFO - DAG(s) dict_keys(['example_short_circuit_operator']) retrieved from /home/airflow/.local/lib/python3.7/site-packages/airflow/example_dags/example_short_circuit_operator.py
[2022-11-20T17:31:52.303+0000] {logging_mixin.py:120} INFO - [2022-11-20T17:31:52.303+0000] {dag.py:2585} INFO - Sync 1 DAGs
[2022-11-20T17:31:52.314+0000] {logging_mixin.py:120} INFO - [2022-11-20T17:31:52.314+0000] {dag.py:3340} INFO - Setting next_dagrun for example_short_circuit_operator to 2022-11-19T17:31:52.314584+00:00, run_after=2022-11-20T17:31:52.314584+00:00
[2022-11-20T17:31:52.323+0000] {processor.py:176} INFO - Processing /home/airflow/.local/lib/python3.7/site-packages/airflow/example_dags/example_short_circuit_operator.py took 0.053 seconds
[2022-11-20T17:32:23.469+0000] {processor.py:154} INFO - Started process (PID=3900) to work on /home/airflow/.local/lib/python3.7/site-packages/airflow/example_dags/example_short_circuit_operator.py
[2022-11-20T17:32:23.470+0000] {processor.py:756} INFO - Processing file /home/airflow/.local/lib/python3.7/site-packages/airflow/example_dags/example_short_circuit_operator.py for tasks to queue
[2022-11-20T17:32:23.470+0000] {logging_mixin.py:120} INFO - [2022-11-20T17:32:23.470+0000] {dagbag.py:537} INFO - Filling up the DagBag from /home/airflow/.local/lib/python3.7/site-packages/airflow/example_dags/example_short_circuit_operator.py
[2022-11-20T17:32:23.479+0000] {processor.py:766} INFO - DAG(s) dict_keys(['example_short_circuit_operator']) retrieved from /home/airflow/.local/lib/python3.7/site-packages/airflow/example_dags/example_short_circuit_operator.py
[2022-11-20T17:32:23.500+0000] {logging_mixin.py:120} INFO - [2022-11-20T17:32:23.499+0000] {dag.py:2585} INFO - Sync 1 DAGs
[2022-11-20T17:32:23.512+0000] {logging_mixin.py:120} INFO - [2022-11-20T17:32:23.512+0000] {dag.py:3340} INFO - Setting next_dagrun for example_short_circuit_operator to 2022-11-19T17:32:23.511954+00:00, run_after=2022-11-20T17:32:23.511954+00:00
[2022-11-20T17:32:23.524+0000] {processor.py:176} INFO - Processing /home/airflow/.local/lib/python3.7/site-packages/airflow/example_dags/example_short_circuit_operator.py took 0.058 seconds
[2022-11-20T17:32:54.525+0000] {processor.py:154} INFO - Started process (PID=3957) to work on /home/airflow/.local/lib/python3.7/site-packages/airflow/example_dags/example_short_circuit_operator.py
[2022-11-20T17:32:54.526+0000] {processor.py:756} INFO - Processing file /home/airflow/.local/lib/python3.7/site-packages/airflow/example_dags/example_short_circuit_operator.py for tasks to queue
[2022-11-20T17:32:54.526+0000] {logging_mixin.py:120} INFO - [2022-11-20T17:32:54.526+0000] {dagbag.py:537} INFO - Filling up the DagBag from /home/airflow/.local/lib/python3.7/site-packages/airflow/example_dags/example_short_circuit_operator.py
[2022-11-20T17:32:54.536+0000] {processor.py:766} INFO - DAG(s) dict_keys(['example_short_circuit_operator']) retrieved from /home/airflow/.local/lib/python3.7/site-packages/airflow/example_dags/example_short_circuit_operator.py
[2022-11-20T17:32:54.558+0000] {logging_mixin.py:120} INFO - [2022-11-20T17:32:54.558+0000] {dag.py:2585} INFO - Sync 1 DAGs
[2022-11-20T17:32:54.571+0000] {logging_mixin.py:120} INFO - [2022-11-20T17:32:54.571+0000] {dag.py:3340} INFO - Setting next_dagrun for example_short_circuit_operator to 2022-11-19T17:32:54.571371+00:00, run_after=2022-11-20T17:32:54.571371+00:00
[2022-11-20T17:32:54.581+0000] {processor.py:176} INFO - Processing /home/airflow/.local/lib/python3.7/site-packages/airflow/example_dags/example_short_circuit_operator.py took 0.057 seconds
[2022-11-20T17:33:24.680+0000] {processor.py:154} INFO - Started process (PID=4024) to work on /home/airflow/.local/lib/python3.7/site-packages/airflow/example_dags/example_short_circuit_operator.py
[2022-11-20T17:33:24.681+0000] {processor.py:756} INFO - Processing file /home/airflow/.local/lib/python3.7/site-packages/airflow/example_dags/example_short_circuit_operator.py for tasks to queue
[2022-11-20T17:33:24.681+0000] {logging_mixin.py:120} INFO - [2022-11-20T17:33:24.681+0000] {dagbag.py:537} INFO - Filling up the DagBag from /home/airflow/.local/lib/python3.7/site-packages/airflow/example_dags/example_short_circuit_operator.py
[2022-11-20T17:33:24.690+0000] {processor.py:766} INFO - DAG(s) dict_keys(['example_short_circuit_operator']) retrieved from /home/airflow/.local/lib/python3.7/site-packages/airflow/example_dags/example_short_circuit_operator.py
[2022-11-20T17:33:24.711+0000] {logging_mixin.py:120} INFO - [2022-11-20T17:33:24.711+0000] {dag.py:2585} INFO - Sync 1 DAGs
[2022-11-20T17:33:24.724+0000] {logging_mixin.py:120} INFO - [2022-11-20T17:33:24.724+0000] {dag.py:3340} INFO - Setting next_dagrun for example_short_circuit_operator to 2022-11-19T17:33:24.724096+00:00, run_after=2022-11-20T17:33:24.724096+00:00
[2022-11-20T17:33:24.737+0000] {processor.py:176} INFO - Processing /home/airflow/.local/lib/python3.7/site-packages/airflow/example_dags/example_short_circuit_operator.py took 0.059 seconds
[2022-11-20T17:33:55.638+0000] {processor.py:154} INFO - Started process (PID=4089) to work on /home/airflow/.local/lib/python3.7/site-packages/airflow/example_dags/example_short_circuit_operator.py
[2022-11-20T17:33:55.639+0000] {processor.py:756} INFO - Processing file /home/airflow/.local/lib/python3.7/site-packages/airflow/example_dags/example_short_circuit_operator.py for tasks to queue
[2022-11-20T17:33:55.639+0000] {logging_mixin.py:120} INFO - [2022-11-20T17:33:55.639+0000] {dagbag.py:537} INFO - Filling up the DagBag from /home/airflow/.local/lib/python3.7/site-packages/airflow/example_dags/example_short_circuit_operator.py
[2022-11-20T17:33:55.648+0000] {processor.py:766} INFO - DAG(s) dict_keys(['example_short_circuit_operator']) retrieved from /home/airflow/.local/lib/python3.7/site-packages/airflow/example_dags/example_short_circuit_operator.py
[2022-11-20T17:33:55.669+0000] {logging_mixin.py:120} INFO - [2022-11-20T17:33:55.669+0000] {dag.py:2585} INFO - Sync 1 DAGs
[2022-11-20T17:33:55.681+0000] {logging_mixin.py:120} INFO - [2022-11-20T17:33:55.681+0000] {dag.py:3340} INFO - Setting next_dagrun for example_short_circuit_operator to 2022-11-19T17:33:55.681397+00:00, run_after=2022-11-20T17:33:55.681397+00:00
[2022-11-20T17:33:55.690+0000] {processor.py:176} INFO - Processing /home/airflow/.local/lib/python3.7/site-packages/airflow/example_dags/example_short_circuit_operator.py took 0.054 seconds
[2022-11-20T17:34:26.627+0000] {processor.py:154} INFO - Started process (PID=4155) to work on /home/airflow/.local/lib/python3.7/site-packages/airflow/example_dags/example_short_circuit_operator.py
[2022-11-20T17:34:26.627+0000] {processor.py:756} INFO - Processing file /home/airflow/.local/lib/python3.7/site-packages/airflow/example_dags/example_short_circuit_operator.py for tasks to queue
[2022-11-20T17:34:26.628+0000] {logging_mixin.py:120} INFO - [2022-11-20T17:34:26.628+0000] {dagbag.py:537} INFO - Filling up the DagBag from /home/airflow/.local/lib/python3.7/site-packages/airflow/example_dags/example_short_circuit_operator.py
[2022-11-20T17:34:26.637+0000] {processor.py:766} INFO - DAG(s) dict_keys(['example_short_circuit_operator']) retrieved from /home/airflow/.local/lib/python3.7/site-packages/airflow/example_dags/example_short_circuit_operator.py
[2022-11-20T17:34:26.659+0000] {logging_mixin.py:120} INFO - [2022-11-20T17:34:26.658+0000] {dag.py:2585} INFO - Sync 1 DAGs
[2022-11-20T17:34:26.671+0000] {logging_mixin.py:120} INFO - [2022-11-20T17:34:26.671+0000] {dag.py:3340} INFO - Setting next_dagrun for example_short_circuit_operator to 2022-11-19T17:34:26.671152+00:00, run_after=2022-11-20T17:34:26.671152+00:00
[2022-11-20T17:34:26.681+0000] {processor.py:176} INFO - Processing /home/airflow/.local/lib/python3.7/site-packages/airflow/example_dags/example_short_circuit_operator.py took 0.056 seconds
[2022-11-20T17:34:57.684+0000] {processor.py:154} INFO - Started process (PID=4225) to work on /home/airflow/.local/lib/python3.7/site-packages/airflow/example_dags/example_short_circuit_operator.py
[2022-11-20T17:34:57.685+0000] {processor.py:756} INFO - Processing file /home/airflow/.local/lib/python3.7/site-packages/airflow/example_dags/example_short_circuit_operator.py for tasks to queue
[2022-11-20T17:34:57.685+0000] {logging_mixin.py:120} INFO - [2022-11-20T17:34:57.685+0000] {dagbag.py:537} INFO - Filling up the DagBag from /home/airflow/.local/lib/python3.7/site-packages/airflow/example_dags/example_short_circuit_operator.py
[2022-11-20T17:34:57.694+0000] {processor.py:766} INFO - DAG(s) dict_keys(['example_short_circuit_operator']) retrieved from /home/airflow/.local/lib/python3.7/site-packages/airflow/example_dags/example_short_circuit_operator.py
[2022-11-20T17:34:57.716+0000] {logging_mixin.py:120} INFO - [2022-11-20T17:34:57.715+0000] {dag.py:2585} INFO - Sync 1 DAGs
[2022-11-20T17:34:57.729+0000] {logging_mixin.py:120} INFO - [2022-11-20T17:34:57.728+0000] {dag.py:3340} INFO - Setting next_dagrun for example_short_circuit_operator to 2022-11-19T17:34:57.728870+00:00, run_after=2022-11-20T17:34:57.728870+00:00
[2022-11-20T17:34:57.739+0000] {processor.py:176} INFO - Processing /home/airflow/.local/lib/python3.7/site-packages/airflow/example_dags/example_short_circuit_operator.py took 0.056 seconds
[2022-11-20T17:35:28.512+0000] {processor.py:154} INFO - Started process (PID=4292) to work on /home/airflow/.local/lib/python3.7/site-packages/airflow/example_dags/example_short_circuit_operator.py
[2022-11-20T17:35:28.512+0000] {processor.py:756} INFO - Processing file /home/airflow/.local/lib/python3.7/site-packages/airflow/example_dags/example_short_circuit_operator.py for tasks to queue
[2022-11-20T17:35:28.513+0000] {logging_mixin.py:120} INFO - [2022-11-20T17:35:28.513+0000] {dagbag.py:537} INFO - Filling up the DagBag from /home/airflow/.local/lib/python3.7/site-packages/airflow/example_dags/example_short_circuit_operator.py
[2022-11-20T17:35:28.521+0000] {processor.py:766} INFO - DAG(s) dict_keys(['example_short_circuit_operator']) retrieved from /home/airflow/.local/lib/python3.7/site-packages/airflow/example_dags/example_short_circuit_operator.py
[2022-11-20T17:35:28.543+0000] {logging_mixin.py:120} INFO - [2022-11-20T17:35:28.543+0000] {dag.py:2585} INFO - Sync 1 DAGs
[2022-11-20T17:35:28.555+0000] {logging_mixin.py:120} INFO - [2022-11-20T17:35:28.555+0000] {dag.py:3340} INFO - Setting next_dagrun for example_short_circuit_operator to 2022-11-19T17:35:28.555021+00:00, run_after=2022-11-20T17:35:28.555021+00:00
[2022-11-20T17:35:28.564+0000] {processor.py:176} INFO - Processing /home/airflow/.local/lib/python3.7/site-packages/airflow/example_dags/example_short_circuit_operator.py took 0.054 seconds
