[2022-11-20T12:59:10.566+0000] {processor.py:154} INFO - Started process (PID=54) to work on /home/airflow/.local/lib/python3.7/site-packages/airflow/example_dags/example_kubernetes_executor.py
[2022-11-20T12:59:10.567+0000] {processor.py:756} INFO - Processing file /home/airflow/.local/lib/python3.7/site-packages/airflow/example_dags/example_kubernetes_executor.py for tasks to queue
[2022-11-20T12:59:10.568+0000] {logging_mixin.py:120} INFO - [2022-11-20T12:59:10.568+0000] {dagbag.py:537} INFO - Filling up the DagBag from /home/airflow/.local/lib/python3.7/site-packages/airflow/example_dags/example_kubernetes_executor.py
[2022-11-20T12:59:10.619+0000] {processor.py:766} INFO - DAG(s) dict_keys(['example_kubernetes_executor']) retrieved from /home/airflow/.local/lib/python3.7/site-packages/airflow/example_dags/example_kubernetes_executor.py
[2022-11-20T12:59:10.671+0000] {logging_mixin.py:120} INFO - [2022-11-20T12:59:10.671+0000] {dag.py:2585} INFO - Sync 1 DAGs
[2022-11-20T12:59:10.690+0000] {logging_mixin.py:120} INFO - [2022-11-20T12:59:10.690+0000] {dag.py:3340} INFO - Setting next_dagrun for example_kubernetes_executor to None, run_after=None
[2022-11-20T12:59:10.702+0000] {processor.py:176} INFO - Processing /home/airflow/.local/lib/python3.7/site-packages/airflow/example_dags/example_kubernetes_executor.py took 0.149 seconds
[2022-11-20T12:59:41.167+0000] {processor.py:154} INFO - Started process (PID=129) to work on /home/airflow/.local/lib/python3.7/site-packages/airflow/example_dags/example_kubernetes_executor.py
[2022-11-20T12:59:41.167+0000] {processor.py:756} INFO - Processing file /home/airflow/.local/lib/python3.7/site-packages/airflow/example_dags/example_kubernetes_executor.py for tasks to queue
[2022-11-20T12:59:41.168+0000] {logging_mixin.py:120} INFO - [2022-11-20T12:59:41.168+0000] {dagbag.py:537} INFO - Filling up the DagBag from /home/airflow/.local/lib/python3.7/site-packages/airflow/example_dags/example_kubernetes_executor.py
[2022-11-20T12:59:41.184+0000] {processor.py:766} INFO - DAG(s) dict_keys(['example_kubernetes_executor']) retrieved from /home/airflow/.local/lib/python3.7/site-packages/airflow/example_dags/example_kubernetes_executor.py
[2022-11-20T12:59:41.204+0000] {logging_mixin.py:120} INFO - [2022-11-20T12:59:41.204+0000] {dag.py:2585} INFO - Sync 1 DAGs
[2022-11-20T12:59:41.217+0000] {logging_mixin.py:120} INFO - [2022-11-20T12:59:41.217+0000] {dag.py:3340} INFO - Setting next_dagrun for example_kubernetes_executor to None, run_after=None
[2022-11-20T12:59:41.227+0000] {processor.py:176} INFO - Processing /home/airflow/.local/lib/python3.7/site-packages/airflow/example_dags/example_kubernetes_executor.py took 0.062 seconds
[2022-11-20T13:00:12.006+0000] {processor.py:154} INFO - Started process (PID=197) to work on /home/airflow/.local/lib/python3.7/site-packages/airflow/example_dags/example_kubernetes_executor.py
[2022-11-20T13:00:12.007+0000] {processor.py:756} INFO - Processing file /home/airflow/.local/lib/python3.7/site-packages/airflow/example_dags/example_kubernetes_executor.py for tasks to queue
[2022-11-20T13:00:12.007+0000] {logging_mixin.py:120} INFO - [2022-11-20T13:00:12.007+0000] {dagbag.py:537} INFO - Filling up the DagBag from /home/airflow/.local/lib/python3.7/site-packages/airflow/example_dags/example_kubernetes_executor.py
[2022-11-20T13:00:12.020+0000] {processor.py:766} INFO - DAG(s) dict_keys(['example_kubernetes_executor']) retrieved from /home/airflow/.local/lib/python3.7/site-packages/airflow/example_dags/example_kubernetes_executor.py
[2022-11-20T13:00:12.042+0000] {logging_mixin.py:120} INFO - [2022-11-20T13:00:12.042+0000] {dag.py:2585} INFO - Sync 1 DAGs
[2022-11-20T13:00:12.055+0000] {logging_mixin.py:120} INFO - [2022-11-20T13:00:12.055+0000] {dag.py:3340} INFO - Setting next_dagrun for example_kubernetes_executor to None, run_after=None
[2022-11-20T13:00:12.065+0000] {processor.py:176} INFO - Processing /home/airflow/.local/lib/python3.7/site-packages/airflow/example_dags/example_kubernetes_executor.py took 0.061 seconds
[2022-11-20T13:00:42.709+0000] {processor.py:154} INFO - Started process (PID=265) to work on /home/airflow/.local/lib/python3.7/site-packages/airflow/example_dags/example_kubernetes_executor.py
[2022-11-20T13:00:42.710+0000] {processor.py:756} INFO - Processing file /home/airflow/.local/lib/python3.7/site-packages/airflow/example_dags/example_kubernetes_executor.py for tasks to queue
[2022-11-20T13:00:42.710+0000] {logging_mixin.py:120} INFO - [2022-11-20T13:00:42.710+0000] {dagbag.py:537} INFO - Filling up the DagBag from /home/airflow/.local/lib/python3.7/site-packages/airflow/example_dags/example_kubernetes_executor.py
[2022-11-20T13:00:42.727+0000] {processor.py:766} INFO - DAG(s) dict_keys(['example_kubernetes_executor']) retrieved from /home/airflow/.local/lib/python3.7/site-packages/airflow/example_dags/example_kubernetes_executor.py
[2022-11-20T13:00:42.753+0000] {logging_mixin.py:120} INFO - [2022-11-20T13:00:42.753+0000] {dag.py:2585} INFO - Sync 1 DAGs
[2022-11-20T13:00:42.770+0000] {logging_mixin.py:120} INFO - [2022-11-20T13:00:42.770+0000] {dag.py:3340} INFO - Setting next_dagrun for example_kubernetes_executor to None, run_after=None
[2022-11-20T13:00:42.784+0000] {processor.py:176} INFO - Processing /home/airflow/.local/lib/python3.7/site-packages/airflow/example_dags/example_kubernetes_executor.py took 0.077 seconds
[2022-11-20T13:01:13.651+0000] {processor.py:154} INFO - Started process (PID=333) to work on /home/airflow/.local/lib/python3.7/site-packages/airflow/example_dags/example_kubernetes_executor.py
[2022-11-20T13:01:13.652+0000] {processor.py:756} INFO - Processing file /home/airflow/.local/lib/python3.7/site-packages/airflow/example_dags/example_kubernetes_executor.py for tasks to queue
[2022-11-20T13:01:13.652+0000] {logging_mixin.py:120} INFO - [2022-11-20T13:01:13.652+0000] {dagbag.py:537} INFO - Filling up the DagBag from /home/airflow/.local/lib/python3.7/site-packages/airflow/example_dags/example_kubernetes_executor.py
[2022-11-20T13:01:13.676+0000] {processor.py:766} INFO - DAG(s) dict_keys(['example_kubernetes_executor']) retrieved from /home/airflow/.local/lib/python3.7/site-packages/airflow/example_dags/example_kubernetes_executor.py
[2022-11-20T13:01:13.735+0000] {logging_mixin.py:120} INFO - [2022-11-20T13:01:13.735+0000] {dag.py:2585} INFO - Sync 1 DAGs
[2022-11-20T13:01:13.754+0000] {logging_mixin.py:120} INFO - [2022-11-20T13:01:13.753+0000] {dag.py:3340} INFO - Setting next_dagrun for example_kubernetes_executor to None, run_after=None
[2022-11-20T13:01:13.766+0000] {processor.py:176} INFO - Processing /home/airflow/.local/lib/python3.7/site-packages/airflow/example_dags/example_kubernetes_executor.py took 0.117 seconds
[2022-11-20T13:01:43.867+0000] {processor.py:154} INFO - Started process (PID=392) to work on /home/airflow/.local/lib/python3.7/site-packages/airflow/example_dags/example_kubernetes_executor.py
[2022-11-20T13:01:43.868+0000] {processor.py:756} INFO - Processing file /home/airflow/.local/lib/python3.7/site-packages/airflow/example_dags/example_kubernetes_executor.py for tasks to queue
[2022-11-20T13:01:43.868+0000] {logging_mixin.py:120} INFO - [2022-11-20T13:01:43.868+0000] {dagbag.py:537} INFO - Filling up the DagBag from /home/airflow/.local/lib/python3.7/site-packages/airflow/example_dags/example_kubernetes_executor.py
[2022-11-20T13:01:43.882+0000] {processor.py:766} INFO - DAG(s) dict_keys(['example_kubernetes_executor']) retrieved from /home/airflow/.local/lib/python3.7/site-packages/airflow/example_dags/example_kubernetes_executor.py
[2022-11-20T13:01:43.903+0000] {logging_mixin.py:120} INFO - [2022-11-20T13:01:43.903+0000] {dag.py:2585} INFO - Sync 1 DAGs
[2022-11-20T13:01:43.914+0000] {logging_mixin.py:120} INFO - [2022-11-20T13:01:43.914+0000] {dag.py:3340} INFO - Setting next_dagrun for example_kubernetes_executor to None, run_after=None
[2022-11-20T13:01:43.923+0000] {processor.py:176} INFO - Processing /home/airflow/.local/lib/python3.7/site-packages/airflow/example_dags/example_kubernetes_executor.py took 0.057 seconds
[2022-11-20T13:02:14.881+0000] {processor.py:154} INFO - Started process (PID=458) to work on /home/airflow/.local/lib/python3.7/site-packages/airflow/example_dags/example_kubernetes_executor.py
[2022-11-20T13:02:14.882+0000] {processor.py:756} INFO - Processing file /home/airflow/.local/lib/python3.7/site-packages/airflow/example_dags/example_kubernetes_executor.py for tasks to queue
[2022-11-20T13:02:14.883+0000] {logging_mixin.py:120} INFO - [2022-11-20T13:02:14.883+0000] {dagbag.py:537} INFO - Filling up the DagBag from /home/airflow/.local/lib/python3.7/site-packages/airflow/example_dags/example_kubernetes_executor.py
[2022-11-20T13:02:14.897+0000] {processor.py:766} INFO - DAG(s) dict_keys(['example_kubernetes_executor']) retrieved from /home/airflow/.local/lib/python3.7/site-packages/airflow/example_dags/example_kubernetes_executor.py
[2022-11-20T13:02:14.921+0000] {logging_mixin.py:120} INFO - [2022-11-20T13:02:14.921+0000] {dag.py:2585} INFO - Sync 1 DAGs
[2022-11-20T13:02:14.933+0000] {logging_mixin.py:120} INFO - [2022-11-20T13:02:14.933+0000] {dag.py:3340} INFO - Setting next_dagrun for example_kubernetes_executor to None, run_after=None
[2022-11-20T13:02:14.941+0000] {processor.py:176} INFO - Processing /home/airflow/.local/lib/python3.7/site-packages/airflow/example_dags/example_kubernetes_executor.py took 0.062 seconds
[2022-11-20T13:02:45.532+0000] {processor.py:154} INFO - Started process (PID=527) to work on /home/airflow/.local/lib/python3.7/site-packages/airflow/example_dags/example_kubernetes_executor.py
[2022-11-20T13:02:45.532+0000] {processor.py:756} INFO - Processing file /home/airflow/.local/lib/python3.7/site-packages/airflow/example_dags/example_kubernetes_executor.py for tasks to queue
[2022-11-20T13:02:45.533+0000] {logging_mixin.py:120} INFO - [2022-11-20T13:02:45.533+0000] {dagbag.py:537} INFO - Filling up the DagBag from /home/airflow/.local/lib/python3.7/site-packages/airflow/example_dags/example_kubernetes_executor.py
[2022-11-20T13:02:45.547+0000] {processor.py:766} INFO - DAG(s) dict_keys(['example_kubernetes_executor']) retrieved from /home/airflow/.local/lib/python3.7/site-packages/airflow/example_dags/example_kubernetes_executor.py
[2022-11-20T13:02:45.567+0000] {logging_mixin.py:120} INFO - [2022-11-20T13:02:45.567+0000] {dag.py:2585} INFO - Sync 1 DAGs
[2022-11-20T13:02:45.578+0000] {logging_mixin.py:120} INFO - [2022-11-20T13:02:45.578+0000] {dag.py:3340} INFO - Setting next_dagrun for example_kubernetes_executor to None, run_after=None
[2022-11-20T13:02:45.589+0000] {processor.py:176} INFO - Processing /home/airflow/.local/lib/python3.7/site-packages/airflow/example_dags/example_kubernetes_executor.py took 0.059 seconds
[2022-11-20T13:03:16.456+0000] {processor.py:154} INFO - Started process (PID=590) to work on /home/airflow/.local/lib/python3.7/site-packages/airflow/example_dags/example_kubernetes_executor.py
[2022-11-20T13:03:16.457+0000] {processor.py:756} INFO - Processing file /home/airflow/.local/lib/python3.7/site-packages/airflow/example_dags/example_kubernetes_executor.py for tasks to queue
[2022-11-20T13:03:16.457+0000] {logging_mixin.py:120} INFO - [2022-11-20T13:03:16.457+0000] {dagbag.py:537} INFO - Filling up the DagBag from /home/airflow/.local/lib/python3.7/site-packages/airflow/example_dags/example_kubernetes_executor.py
[2022-11-20T13:03:16.477+0000] {processor.py:766} INFO - DAG(s) dict_keys(['example_kubernetes_executor']) retrieved from /home/airflow/.local/lib/python3.7/site-packages/airflow/example_dags/example_kubernetes_executor.py
[2022-11-20T13:03:16.507+0000] {logging_mixin.py:120} INFO - [2022-11-20T13:03:16.507+0000] {dag.py:2585} INFO - Sync 1 DAGs
[2022-11-20T13:03:16.524+0000] {logging_mixin.py:120} INFO - [2022-11-20T13:03:16.524+0000] {dag.py:3340} INFO - Setting next_dagrun for example_kubernetes_executor to None, run_after=None
[2022-11-20T13:03:16.542+0000] {processor.py:176} INFO - Processing /home/airflow/.local/lib/python3.7/site-packages/airflow/example_dags/example_kubernetes_executor.py took 0.088 seconds
[2022-11-20T13:03:47.295+0000] {processor.py:154} INFO - Started process (PID=658) to work on /home/airflow/.local/lib/python3.7/site-packages/airflow/example_dags/example_kubernetes_executor.py
[2022-11-20T13:03:47.296+0000] {processor.py:756} INFO - Processing file /home/airflow/.local/lib/python3.7/site-packages/airflow/example_dags/example_kubernetes_executor.py for tasks to queue
[2022-11-20T13:03:47.296+0000] {logging_mixin.py:120} INFO - [2022-11-20T13:03:47.296+0000] {dagbag.py:537} INFO - Filling up the DagBag from /home/airflow/.local/lib/python3.7/site-packages/airflow/example_dags/example_kubernetes_executor.py
[2022-11-20T13:03:47.311+0000] {processor.py:766} INFO - DAG(s) dict_keys(['example_kubernetes_executor']) retrieved from /home/airflow/.local/lib/python3.7/site-packages/airflow/example_dags/example_kubernetes_executor.py
[2022-11-20T13:03:47.335+0000] {logging_mixin.py:120} INFO - [2022-11-20T13:03:47.334+0000] {dag.py:2585} INFO - Sync 1 DAGs
[2022-11-20T13:03:47.347+0000] {logging_mixin.py:120} INFO - [2022-11-20T13:03:47.346+0000] {dag.py:3340} INFO - Setting next_dagrun for example_kubernetes_executor to None, run_after=None
[2022-11-20T13:03:47.357+0000] {processor.py:176} INFO - Processing /home/airflow/.local/lib/python3.7/site-packages/airflow/example_dags/example_kubernetes_executor.py took 0.064 seconds
[2022-11-20T13:04:18.123+0000] {processor.py:154} INFO - Started process (PID=727) to work on /home/airflow/.local/lib/python3.7/site-packages/airflow/example_dags/example_kubernetes_executor.py
[2022-11-20T13:04:18.124+0000] {processor.py:756} INFO - Processing file /home/airflow/.local/lib/python3.7/site-packages/airflow/example_dags/example_kubernetes_executor.py for tasks to queue
[2022-11-20T13:04:18.124+0000] {logging_mixin.py:120} INFO - [2022-11-20T13:04:18.124+0000] {dagbag.py:537} INFO - Filling up the DagBag from /home/airflow/.local/lib/python3.7/site-packages/airflow/example_dags/example_kubernetes_executor.py
[2022-11-20T13:04:18.138+0000] {processor.py:766} INFO - DAG(s) dict_keys(['example_kubernetes_executor']) retrieved from /home/airflow/.local/lib/python3.7/site-packages/airflow/example_dags/example_kubernetes_executor.py
[2022-11-20T13:04:18.161+0000] {logging_mixin.py:120} INFO - [2022-11-20T13:04:18.161+0000] {dag.py:2585} INFO - Sync 1 DAGs
[2022-11-20T13:04:18.173+0000] {logging_mixin.py:120} INFO - [2022-11-20T13:04:18.173+0000] {dag.py:3340} INFO - Setting next_dagrun for example_kubernetes_executor to None, run_after=None
[2022-11-20T13:04:18.183+0000] {processor.py:176} INFO - Processing /home/airflow/.local/lib/python3.7/site-packages/airflow/example_dags/example_kubernetes_executor.py took 0.062 seconds
[2022-11-20T13:04:48.249+0000] {processor.py:154} INFO - Started process (PID=787) to work on /home/airflow/.local/lib/python3.7/site-packages/airflow/example_dags/example_kubernetes_executor.py
[2022-11-20T13:04:48.250+0000] {processor.py:756} INFO - Processing file /home/airflow/.local/lib/python3.7/site-packages/airflow/example_dags/example_kubernetes_executor.py for tasks to queue
[2022-11-20T13:04:48.251+0000] {logging_mixin.py:120} INFO - [2022-11-20T13:04:48.250+0000] {dagbag.py:537} INFO - Filling up the DagBag from /home/airflow/.local/lib/python3.7/site-packages/airflow/example_dags/example_kubernetes_executor.py
[2022-11-20T13:04:48.264+0000] {processor.py:766} INFO - DAG(s) dict_keys(['example_kubernetes_executor']) retrieved from /home/airflow/.local/lib/python3.7/site-packages/airflow/example_dags/example_kubernetes_executor.py
[2022-11-20T13:04:48.286+0000] {logging_mixin.py:120} INFO - [2022-11-20T13:04:48.286+0000] {dag.py:2585} INFO - Sync 1 DAGs
[2022-11-20T13:04:48.298+0000] {logging_mixin.py:120} INFO - [2022-11-20T13:04:48.297+0000] {dag.py:3340} INFO - Setting next_dagrun for example_kubernetes_executor to None, run_after=None
[2022-11-20T13:04:48.307+0000] {processor.py:176} INFO - Processing /home/airflow/.local/lib/python3.7/site-packages/airflow/example_dags/example_kubernetes_executor.py took 0.060 seconds
[2022-11-20T13:05:18.400+0000] {processor.py:154} INFO - Started process (PID=852) to work on /home/airflow/.local/lib/python3.7/site-packages/airflow/example_dags/example_kubernetes_executor.py
[2022-11-20T13:05:18.401+0000] {processor.py:756} INFO - Processing file /home/airflow/.local/lib/python3.7/site-packages/airflow/example_dags/example_kubernetes_executor.py for tasks to queue
[2022-11-20T13:05:18.402+0000] {logging_mixin.py:120} INFO - [2022-11-20T13:05:18.402+0000] {dagbag.py:537} INFO - Filling up the DagBag from /home/airflow/.local/lib/python3.7/site-packages/airflow/example_dags/example_kubernetes_executor.py
[2022-11-20T13:05:18.416+0000] {processor.py:766} INFO - DAG(s) dict_keys(['example_kubernetes_executor']) retrieved from /home/airflow/.local/lib/python3.7/site-packages/airflow/example_dags/example_kubernetes_executor.py
[2022-11-20T13:05:18.436+0000] {logging_mixin.py:120} INFO - [2022-11-20T13:05:18.435+0000] {dag.py:2585} INFO - Sync 1 DAGs
[2022-11-20T13:05:18.448+0000] {logging_mixin.py:120} INFO - [2022-11-20T13:05:18.448+0000] {dag.py:3340} INFO - Setting next_dagrun for example_kubernetes_executor to None, run_after=None
[2022-11-20T13:05:18.458+0000] {processor.py:176} INFO - Processing /home/airflow/.local/lib/python3.7/site-packages/airflow/example_dags/example_kubernetes_executor.py took 0.059 seconds
[2022-11-20T13:05:49.076+0000] {processor.py:154} INFO - Started process (PID=920) to work on /home/airflow/.local/lib/python3.7/site-packages/airflow/example_dags/example_kubernetes_executor.py
[2022-11-20T13:05:49.076+0000] {processor.py:756} INFO - Processing file /home/airflow/.local/lib/python3.7/site-packages/airflow/example_dags/example_kubernetes_executor.py for tasks to queue
[2022-11-20T13:05:49.077+0000] {logging_mixin.py:120} INFO - [2022-11-20T13:05:49.077+0000] {dagbag.py:537} INFO - Filling up the DagBag from /home/airflow/.local/lib/python3.7/site-packages/airflow/example_dags/example_kubernetes_executor.py
[2022-11-20T13:05:49.090+0000] {processor.py:766} INFO - DAG(s) dict_keys(['example_kubernetes_executor']) retrieved from /home/airflow/.local/lib/python3.7/site-packages/airflow/example_dags/example_kubernetes_executor.py
[2022-11-20T13:05:49.111+0000] {logging_mixin.py:120} INFO - [2022-11-20T13:05:49.111+0000] {dag.py:2585} INFO - Sync 1 DAGs
[2022-11-20T13:05:49.122+0000] {logging_mixin.py:120} INFO - [2022-11-20T13:05:49.122+0000] {dag.py:3340} INFO - Setting next_dagrun for example_kubernetes_executor to None, run_after=None
[2022-11-20T13:05:49.130+0000] {processor.py:176} INFO - Processing /home/airflow/.local/lib/python3.7/site-packages/airflow/example_dags/example_kubernetes_executor.py took 0.057 seconds
[2022-11-20T13:06:19.866+0000] {processor.py:154} INFO - Started process (PID=985) to work on /home/airflow/.local/lib/python3.7/site-packages/airflow/example_dags/example_kubernetes_executor.py
[2022-11-20T13:06:19.867+0000] {processor.py:756} INFO - Processing file /home/airflow/.local/lib/python3.7/site-packages/airflow/example_dags/example_kubernetes_executor.py for tasks to queue
[2022-11-20T13:06:19.868+0000] {logging_mixin.py:120} INFO - [2022-11-20T13:06:19.868+0000] {dagbag.py:537} INFO - Filling up the DagBag from /home/airflow/.local/lib/python3.7/site-packages/airflow/example_dags/example_kubernetes_executor.py
[2022-11-20T13:06:19.881+0000] {processor.py:766} INFO - DAG(s) dict_keys(['example_kubernetes_executor']) retrieved from /home/airflow/.local/lib/python3.7/site-packages/airflow/example_dags/example_kubernetes_executor.py
[2022-11-20T13:06:19.902+0000] {logging_mixin.py:120} INFO - [2022-11-20T13:06:19.902+0000] {dag.py:2585} INFO - Sync 1 DAGs
[2022-11-20T13:06:19.914+0000] {logging_mixin.py:120} INFO - [2022-11-20T13:06:19.914+0000] {dag.py:3340} INFO - Setting next_dagrun for example_kubernetes_executor to None, run_after=None
[2022-11-20T13:06:19.926+0000] {processor.py:176} INFO - Processing /home/airflow/.local/lib/python3.7/site-packages/airflow/example_dags/example_kubernetes_executor.py took 0.061 seconds
[2022-11-20T13:06:51.278+0000] {processor.py:154} INFO - Started process (PID=1053) to work on /home/airflow/.local/lib/python3.7/site-packages/airflow/example_dags/example_kubernetes_executor.py
[2022-11-20T13:06:51.278+0000] {processor.py:756} INFO - Processing file /home/airflow/.local/lib/python3.7/site-packages/airflow/example_dags/example_kubernetes_executor.py for tasks to queue
[2022-11-20T13:06:51.279+0000] {logging_mixin.py:120} INFO - [2022-11-20T13:06:51.279+0000] {dagbag.py:537} INFO - Filling up the DagBag from /home/airflow/.local/lib/python3.7/site-packages/airflow/example_dags/example_kubernetes_executor.py
[2022-11-20T13:06:51.301+0000] {processor.py:766} INFO - DAG(s) dict_keys(['example_kubernetes_executor']) retrieved from /home/airflow/.local/lib/python3.7/site-packages/airflow/example_dags/example_kubernetes_executor.py
[2022-11-20T13:06:51.329+0000] {logging_mixin.py:120} INFO - [2022-11-20T13:06:51.329+0000] {dag.py:2585} INFO - Sync 1 DAGs
[2022-11-20T13:06:51.344+0000] {logging_mixin.py:120} INFO - [2022-11-20T13:06:51.344+0000] {dag.py:3340} INFO - Setting next_dagrun for example_kubernetes_executor to None, run_after=None
[2022-11-20T13:06:51.356+0000] {processor.py:176} INFO - Processing /home/airflow/.local/lib/python3.7/site-packages/airflow/example_dags/example_kubernetes_executor.py took 0.081 seconds
[2022-11-20T13:18:23.206+0000] {processor.py:154} INFO - Started process (PID=1098) to work on /home/airflow/.local/lib/python3.7/site-packages/airflow/example_dags/example_kubernetes_executor.py
[2022-11-20T13:18:23.214+0000] {processor.py:756} INFO - Processing file /home/airflow/.local/lib/python3.7/site-packages/airflow/example_dags/example_kubernetes_executor.py for tasks to queue
[2022-11-20T13:18:23.216+0000] {logging_mixin.py:120} INFO - [2022-11-20T13:18:23.216+0000] {dagbag.py:537} INFO - Filling up the DagBag from /home/airflow/.local/lib/python3.7/site-packages/airflow/example_dags/example_kubernetes_executor.py
[2022-11-20T13:18:23.251+0000] {processor.py:766} INFO - DAG(s) dict_keys(['example_kubernetes_executor']) retrieved from /home/airflow/.local/lib/python3.7/site-packages/airflow/example_dags/example_kubernetes_executor.py
[2022-11-20T13:18:23.287+0000] {logging_mixin.py:120} INFO - [2022-11-20T13:18:23.287+0000] {dag.py:2585} INFO - Sync 1 DAGs
[2022-11-20T13:18:23.327+0000] {logging_mixin.py:120} INFO - [2022-11-20T13:18:23.327+0000] {dag.py:3340} INFO - Setting next_dagrun for example_kubernetes_executor to None, run_after=None
[2022-11-20T13:18:23.341+0000] {processor.py:176} INFO - Processing /home/airflow/.local/lib/python3.7/site-packages/airflow/example_dags/example_kubernetes_executor.py took 0.140 seconds
[2022-11-20T13:18:53.758+0000] {processor.py:154} INFO - Started process (PID=1165) to work on /home/airflow/.local/lib/python3.7/site-packages/airflow/example_dags/example_kubernetes_executor.py
[2022-11-20T13:18:53.758+0000] {processor.py:756} INFO - Processing file /home/airflow/.local/lib/python3.7/site-packages/airflow/example_dags/example_kubernetes_executor.py for tasks to queue
[2022-11-20T13:18:53.759+0000] {logging_mixin.py:120} INFO - [2022-11-20T13:18:53.759+0000] {dagbag.py:537} INFO - Filling up the DagBag from /home/airflow/.local/lib/python3.7/site-packages/airflow/example_dags/example_kubernetes_executor.py
[2022-11-20T13:18:53.773+0000] {processor.py:766} INFO - DAG(s) dict_keys(['example_kubernetes_executor']) retrieved from /home/airflow/.local/lib/python3.7/site-packages/airflow/example_dags/example_kubernetes_executor.py
[2022-11-20T13:18:53.793+0000] {logging_mixin.py:120} INFO - [2022-11-20T13:18:53.793+0000] {dag.py:2585} INFO - Sync 1 DAGs
[2022-11-20T13:18:53.806+0000] {logging_mixin.py:120} INFO - [2022-11-20T13:18:53.805+0000] {dag.py:3340} INFO - Setting next_dagrun for example_kubernetes_executor to None, run_after=None
[2022-11-20T13:18:53.815+0000] {processor.py:176} INFO - Processing /home/airflow/.local/lib/python3.7/site-packages/airflow/example_dags/example_kubernetes_executor.py took 0.059 seconds
[2022-11-20T13:19:24.829+0000] {processor.py:154} INFO - Started process (PID=1232) to work on /home/airflow/.local/lib/python3.7/site-packages/airflow/example_dags/example_kubernetes_executor.py
[2022-11-20T13:19:24.830+0000] {processor.py:756} INFO - Processing file /home/airflow/.local/lib/python3.7/site-packages/airflow/example_dags/example_kubernetes_executor.py for tasks to queue
[2022-11-20T13:19:24.831+0000] {logging_mixin.py:120} INFO - [2022-11-20T13:19:24.830+0000] {dagbag.py:537} INFO - Filling up the DagBag from /home/airflow/.local/lib/python3.7/site-packages/airflow/example_dags/example_kubernetes_executor.py
[2022-11-20T13:19:24.845+0000] {processor.py:766} INFO - DAG(s) dict_keys(['example_kubernetes_executor']) retrieved from /home/airflow/.local/lib/python3.7/site-packages/airflow/example_dags/example_kubernetes_executor.py
[2022-11-20T13:19:24.866+0000] {logging_mixin.py:120} INFO - [2022-11-20T13:19:24.865+0000] {dag.py:2585} INFO - Sync 1 DAGs
[2022-11-20T13:19:24.877+0000] {logging_mixin.py:120} INFO - [2022-11-20T13:19:24.877+0000] {dag.py:3340} INFO - Setting next_dagrun for example_kubernetes_executor to None, run_after=None
[2022-11-20T13:19:24.887+0000] {processor.py:176} INFO - Processing /home/airflow/.local/lib/python3.7/site-packages/airflow/example_dags/example_kubernetes_executor.py took 0.060 seconds
[2022-11-20T13:19:55.641+0000] {processor.py:154} INFO - Started process (PID=1293) to work on /home/airflow/.local/lib/python3.7/site-packages/airflow/example_dags/example_kubernetes_executor.py
[2022-11-20T13:19:55.641+0000] {processor.py:756} INFO - Processing file /home/airflow/.local/lib/python3.7/site-packages/airflow/example_dags/example_kubernetes_executor.py for tasks to queue
[2022-11-20T13:19:55.642+0000] {logging_mixin.py:120} INFO - [2022-11-20T13:19:55.642+0000] {dagbag.py:537} INFO - Filling up the DagBag from /home/airflow/.local/lib/python3.7/site-packages/airflow/example_dags/example_kubernetes_executor.py
[2022-11-20T13:19:55.656+0000] {processor.py:766} INFO - DAG(s) dict_keys(['example_kubernetes_executor']) retrieved from /home/airflow/.local/lib/python3.7/site-packages/airflow/example_dags/example_kubernetes_executor.py
[2022-11-20T13:19:55.679+0000] {logging_mixin.py:120} INFO - [2022-11-20T13:19:55.679+0000] {dag.py:2585} INFO - Sync 1 DAGs
[2022-11-20T13:19:55.691+0000] {logging_mixin.py:120} INFO - [2022-11-20T13:19:55.691+0000] {dag.py:3340} INFO - Setting next_dagrun for example_kubernetes_executor to None, run_after=None
[2022-11-20T13:19:55.703+0000] {processor.py:176} INFO - Processing /home/airflow/.local/lib/python3.7/site-packages/airflow/example_dags/example_kubernetes_executor.py took 0.064 seconds
[2022-11-20T13:20:26.743+0000] {processor.py:154} INFO - Started process (PID=1359) to work on /home/airflow/.local/lib/python3.7/site-packages/airflow/example_dags/example_kubernetes_executor.py
[2022-11-20T13:20:26.744+0000] {processor.py:756} INFO - Processing file /home/airflow/.local/lib/python3.7/site-packages/airflow/example_dags/example_kubernetes_executor.py for tasks to queue
[2022-11-20T13:20:26.745+0000] {logging_mixin.py:120} INFO - [2022-11-20T13:20:26.745+0000] {dagbag.py:537} INFO - Filling up the DagBag from /home/airflow/.local/lib/python3.7/site-packages/airflow/example_dags/example_kubernetes_executor.py
[2022-11-20T13:20:26.760+0000] {processor.py:766} INFO - DAG(s) dict_keys(['example_kubernetes_executor']) retrieved from /home/airflow/.local/lib/python3.7/site-packages/airflow/example_dags/example_kubernetes_executor.py
[2022-11-20T13:20:26.782+0000] {logging_mixin.py:120} INFO - [2022-11-20T13:20:26.782+0000] {dag.py:2585} INFO - Sync 1 DAGs
[2022-11-20T13:20:26.796+0000] {logging_mixin.py:120} INFO - [2022-11-20T13:20:26.796+0000] {dag.py:3340} INFO - Setting next_dagrun for example_kubernetes_executor to None, run_after=None
[2022-11-20T13:20:26.807+0000] {processor.py:176} INFO - Processing /home/airflow/.local/lib/python3.7/site-packages/airflow/example_dags/example_kubernetes_executor.py took 0.065 seconds
[2022-11-20T13:20:57.704+0000] {processor.py:154} INFO - Started process (PID=1426) to work on /home/airflow/.local/lib/python3.7/site-packages/airflow/example_dags/example_kubernetes_executor.py
[2022-11-20T13:20:57.705+0000] {processor.py:756} INFO - Processing file /home/airflow/.local/lib/python3.7/site-packages/airflow/example_dags/example_kubernetes_executor.py for tasks to queue
[2022-11-20T13:20:57.706+0000] {logging_mixin.py:120} INFO - [2022-11-20T13:20:57.705+0000] {dagbag.py:537} INFO - Filling up the DagBag from /home/airflow/.local/lib/python3.7/site-packages/airflow/example_dags/example_kubernetes_executor.py
[2022-11-20T13:20:57.721+0000] {processor.py:766} INFO - DAG(s) dict_keys(['example_kubernetes_executor']) retrieved from /home/airflow/.local/lib/python3.7/site-packages/airflow/example_dags/example_kubernetes_executor.py
[2022-11-20T13:20:57.743+0000] {logging_mixin.py:120} INFO - [2022-11-20T13:20:57.743+0000] {dag.py:2585} INFO - Sync 1 DAGs
[2022-11-20T13:20:57.756+0000] {logging_mixin.py:120} INFO - [2022-11-20T13:20:57.756+0000] {dag.py:3340} INFO - Setting next_dagrun for example_kubernetes_executor to None, run_after=None
[2022-11-20T13:20:57.766+0000] {processor.py:176} INFO - Processing /home/airflow/.local/lib/python3.7/site-packages/airflow/example_dags/example_kubernetes_executor.py took 0.064 seconds
[2022-11-20T13:21:28.654+0000] {processor.py:154} INFO - Started process (PID=1494) to work on /home/airflow/.local/lib/python3.7/site-packages/airflow/example_dags/example_kubernetes_executor.py
[2022-11-20T13:21:28.655+0000] {processor.py:756} INFO - Processing file /home/airflow/.local/lib/python3.7/site-packages/airflow/example_dags/example_kubernetes_executor.py for tasks to queue
[2022-11-20T13:21:28.655+0000] {logging_mixin.py:120} INFO - [2022-11-20T13:21:28.655+0000] {dagbag.py:537} INFO - Filling up the DagBag from /home/airflow/.local/lib/python3.7/site-packages/airflow/example_dags/example_kubernetes_executor.py
[2022-11-20T13:21:28.671+0000] {processor.py:766} INFO - DAG(s) dict_keys(['example_kubernetes_executor']) retrieved from /home/airflow/.local/lib/python3.7/site-packages/airflow/example_dags/example_kubernetes_executor.py
[2022-11-20T13:21:28.694+0000] {logging_mixin.py:120} INFO - [2022-11-20T13:21:28.694+0000] {dag.py:2585} INFO - Sync 1 DAGs
[2022-11-20T13:21:28.707+0000] {logging_mixin.py:120} INFO - [2022-11-20T13:21:28.706+0000] {dag.py:3340} INFO - Setting next_dagrun for example_kubernetes_executor to None, run_after=None
[2022-11-20T13:21:28.718+0000] {processor.py:176} INFO - Processing /home/airflow/.local/lib/python3.7/site-packages/airflow/example_dags/example_kubernetes_executor.py took 0.066 seconds
[2022-11-20T13:21:59.659+0000] {processor.py:154} INFO - Started process (PID=1559) to work on /home/airflow/.local/lib/python3.7/site-packages/airflow/example_dags/example_kubernetes_executor.py
[2022-11-20T13:21:59.660+0000] {processor.py:756} INFO - Processing file /home/airflow/.local/lib/python3.7/site-packages/airflow/example_dags/example_kubernetes_executor.py for tasks to queue
[2022-11-20T13:21:59.660+0000] {logging_mixin.py:120} INFO - [2022-11-20T13:21:59.660+0000] {dagbag.py:537} INFO - Filling up the DagBag from /home/airflow/.local/lib/python3.7/site-packages/airflow/example_dags/example_kubernetes_executor.py
[2022-11-20T13:21:59.678+0000] {processor.py:766} INFO - DAG(s) dict_keys(['example_kubernetes_executor']) retrieved from /home/airflow/.local/lib/python3.7/site-packages/airflow/example_dags/example_kubernetes_executor.py
[2022-11-20T13:21:59.712+0000] {logging_mixin.py:120} INFO - [2022-11-20T13:21:59.712+0000] {dag.py:2585} INFO - Sync 1 DAGs
[2022-11-20T13:21:59.726+0000] {logging_mixin.py:120} INFO - [2022-11-20T13:21:59.726+0000] {dag.py:3340} INFO - Setting next_dagrun for example_kubernetes_executor to None, run_after=None
[2022-11-20T13:21:59.736+0000] {processor.py:176} INFO - Processing /home/airflow/.local/lib/python3.7/site-packages/airflow/example_dags/example_kubernetes_executor.py took 0.079 seconds
[2022-11-20T13:22:30.796+0000] {processor.py:154} INFO - Started process (PID=1629) to work on /home/airflow/.local/lib/python3.7/site-packages/airflow/example_dags/example_kubernetes_executor.py
[2022-11-20T13:22:30.796+0000] {processor.py:756} INFO - Processing file /home/airflow/.local/lib/python3.7/site-packages/airflow/example_dags/example_kubernetes_executor.py for tasks to queue
[2022-11-20T13:22:30.798+0000] {logging_mixin.py:120} INFO - [2022-11-20T13:22:30.798+0000] {dagbag.py:537} INFO - Filling up the DagBag from /home/airflow/.local/lib/python3.7/site-packages/airflow/example_dags/example_kubernetes_executor.py
[2022-11-20T13:22:30.813+0000] {processor.py:766} INFO - DAG(s) dict_keys(['example_kubernetes_executor']) retrieved from /home/airflow/.local/lib/python3.7/site-packages/airflow/example_dags/example_kubernetes_executor.py
[2022-11-20T13:22:30.837+0000] {logging_mixin.py:120} INFO - [2022-11-20T13:22:30.837+0000] {dag.py:2585} INFO - Sync 1 DAGs
[2022-11-20T13:22:30.852+0000] {logging_mixin.py:120} INFO - [2022-11-20T13:22:30.852+0000] {dag.py:3340} INFO - Setting next_dagrun for example_kubernetes_executor to None, run_after=None
[2022-11-20T13:22:30.866+0000] {processor.py:176} INFO - Processing /home/airflow/.local/lib/python3.7/site-packages/airflow/example_dags/example_kubernetes_executor.py took 0.072 seconds
[2022-11-20T13:23:00.881+0000] {processor.py:154} INFO - Started process (PID=1696) to work on /home/airflow/.local/lib/python3.7/site-packages/airflow/example_dags/example_kubernetes_executor.py
[2022-11-20T13:23:00.882+0000] {processor.py:756} INFO - Processing file /home/airflow/.local/lib/python3.7/site-packages/airflow/example_dags/example_kubernetes_executor.py for tasks to queue
[2022-11-20T13:23:00.883+0000] {logging_mixin.py:120} INFO - [2022-11-20T13:23:00.882+0000] {dagbag.py:537} INFO - Filling up the DagBag from /home/airflow/.local/lib/python3.7/site-packages/airflow/example_dags/example_kubernetes_executor.py
[2022-11-20T13:23:00.897+0000] {processor.py:766} INFO - DAG(s) dict_keys(['example_kubernetes_executor']) retrieved from /home/airflow/.local/lib/python3.7/site-packages/airflow/example_dags/example_kubernetes_executor.py
[2022-11-20T13:23:00.921+0000] {logging_mixin.py:120} INFO - [2022-11-20T13:23:00.921+0000] {dag.py:2585} INFO - Sync 1 DAGs
[2022-11-20T13:23:00.934+0000] {logging_mixin.py:120} INFO - [2022-11-20T13:23:00.934+0000] {dag.py:3340} INFO - Setting next_dagrun for example_kubernetes_executor to None, run_after=None
[2022-11-20T13:23:00.946+0000] {processor.py:176} INFO - Processing /home/airflow/.local/lib/python3.7/site-packages/airflow/example_dags/example_kubernetes_executor.py took 0.066 seconds
[2022-11-20T13:23:31.215+0000] {processor.py:154} INFO - Started process (PID=1755) to work on /home/airflow/.local/lib/python3.7/site-packages/airflow/example_dags/example_kubernetes_executor.py
[2022-11-20T13:23:31.216+0000] {processor.py:756} INFO - Processing file /home/airflow/.local/lib/python3.7/site-packages/airflow/example_dags/example_kubernetes_executor.py for tasks to queue
[2022-11-20T13:23:31.216+0000] {logging_mixin.py:120} INFO - [2022-11-20T13:23:31.216+0000] {dagbag.py:537} INFO - Filling up the DagBag from /home/airflow/.local/lib/python3.7/site-packages/airflow/example_dags/example_kubernetes_executor.py
[2022-11-20T13:23:31.232+0000] {processor.py:766} INFO - DAG(s) dict_keys(['example_kubernetes_executor']) retrieved from /home/airflow/.local/lib/python3.7/site-packages/airflow/example_dags/example_kubernetes_executor.py
[2022-11-20T13:23:31.256+0000] {logging_mixin.py:120} INFO - [2022-11-20T13:23:31.256+0000] {dag.py:2585} INFO - Sync 1 DAGs
[2022-11-20T13:23:31.272+0000] {logging_mixin.py:120} INFO - [2022-11-20T13:23:31.272+0000] {dag.py:3340} INFO - Setting next_dagrun for example_kubernetes_executor to None, run_after=None
[2022-11-20T13:23:31.283+0000] {processor.py:176} INFO - Processing /home/airflow/.local/lib/python3.7/site-packages/airflow/example_dags/example_kubernetes_executor.py took 0.070 seconds
[2022-11-20T13:24:01.307+0000] {processor.py:154} INFO - Started process (PID=1825) to work on /home/airflow/.local/lib/python3.7/site-packages/airflow/example_dags/example_kubernetes_executor.py
[2022-11-20T13:24:01.308+0000] {processor.py:756} INFO - Processing file /home/airflow/.local/lib/python3.7/site-packages/airflow/example_dags/example_kubernetes_executor.py for tasks to queue
[2022-11-20T13:24:01.309+0000] {logging_mixin.py:120} INFO - [2022-11-20T13:24:01.309+0000] {dagbag.py:537} INFO - Filling up the DagBag from /home/airflow/.local/lib/python3.7/site-packages/airflow/example_dags/example_kubernetes_executor.py
[2022-11-20T13:24:01.322+0000] {processor.py:766} INFO - DAG(s) dict_keys(['example_kubernetes_executor']) retrieved from /home/airflow/.local/lib/python3.7/site-packages/airflow/example_dags/example_kubernetes_executor.py
[2022-11-20T13:24:01.341+0000] {logging_mixin.py:120} INFO - [2022-11-20T13:24:01.341+0000] {dag.py:2585} INFO - Sync 1 DAGs
[2022-11-20T13:24:01.353+0000] {logging_mixin.py:120} INFO - [2022-11-20T13:24:01.353+0000] {dag.py:3340} INFO - Setting next_dagrun for example_kubernetes_executor to None, run_after=None
[2022-11-20T13:24:01.362+0000] {processor.py:176} INFO - Processing /home/airflow/.local/lib/python3.7/site-packages/airflow/example_dags/example_kubernetes_executor.py took 0.057 seconds
[2022-11-20T13:24:31.409+0000] {processor.py:154} INFO - Started process (PID=1894) to work on /home/airflow/.local/lib/python3.7/site-packages/airflow/example_dags/example_kubernetes_executor.py
[2022-11-20T13:24:31.409+0000] {processor.py:756} INFO - Processing file /home/airflow/.local/lib/python3.7/site-packages/airflow/example_dags/example_kubernetes_executor.py for tasks to queue
[2022-11-20T13:24:31.410+0000] {logging_mixin.py:120} INFO - [2022-11-20T13:24:31.410+0000] {dagbag.py:537} INFO - Filling up the DagBag from /home/airflow/.local/lib/python3.7/site-packages/airflow/example_dags/example_kubernetes_executor.py
[2022-11-20T13:24:31.424+0000] {processor.py:766} INFO - DAG(s) dict_keys(['example_kubernetes_executor']) retrieved from /home/airflow/.local/lib/python3.7/site-packages/airflow/example_dags/example_kubernetes_executor.py
[2022-11-20T13:24:31.446+0000] {logging_mixin.py:120} INFO - [2022-11-20T13:24:31.446+0000] {dag.py:2585} INFO - Sync 1 DAGs
[2022-11-20T13:24:31.458+0000] {logging_mixin.py:120} INFO - [2022-11-20T13:24:31.458+0000] {dag.py:3340} INFO - Setting next_dagrun for example_kubernetes_executor to None, run_after=None
[2022-11-20T13:24:31.468+0000] {processor.py:176} INFO - Processing /home/airflow/.local/lib/python3.7/site-packages/airflow/example_dags/example_kubernetes_executor.py took 0.061 seconds
[2022-11-20T13:25:02.334+0000] {processor.py:154} INFO - Started process (PID=1962) to work on /home/airflow/.local/lib/python3.7/site-packages/airflow/example_dags/example_kubernetes_executor.py
[2022-11-20T13:25:02.335+0000] {processor.py:756} INFO - Processing file /home/airflow/.local/lib/python3.7/site-packages/airflow/example_dags/example_kubernetes_executor.py for tasks to queue
[2022-11-20T13:25:02.335+0000] {logging_mixin.py:120} INFO - [2022-11-20T13:25:02.335+0000] {dagbag.py:537} INFO - Filling up the DagBag from /home/airflow/.local/lib/python3.7/site-packages/airflow/example_dags/example_kubernetes_executor.py
[2022-11-20T13:25:02.347+0000] {processor.py:766} INFO - DAG(s) dict_keys(['example_kubernetes_executor']) retrieved from /home/airflow/.local/lib/python3.7/site-packages/airflow/example_dags/example_kubernetes_executor.py
[2022-11-20T13:25:02.367+0000] {logging_mixin.py:120} INFO - [2022-11-20T13:25:02.367+0000] {dag.py:2585} INFO - Sync 1 DAGs
[2022-11-20T13:25:02.378+0000] {logging_mixin.py:120} INFO - [2022-11-20T13:25:02.378+0000] {dag.py:3340} INFO - Setting next_dagrun for example_kubernetes_executor to None, run_after=None
[2022-11-20T13:25:02.388+0000] {processor.py:176} INFO - Processing /home/airflow/.local/lib/python3.7/site-packages/airflow/example_dags/example_kubernetes_executor.py took 0.055 seconds
[2022-11-20T13:25:33.087+0000] {processor.py:154} INFO - Started process (PID=2033) to work on /home/airflow/.local/lib/python3.7/site-packages/airflow/example_dags/example_kubernetes_executor.py
[2022-11-20T13:25:33.087+0000] {processor.py:756} INFO - Processing file /home/airflow/.local/lib/python3.7/site-packages/airflow/example_dags/example_kubernetes_executor.py for tasks to queue
[2022-11-20T13:25:33.088+0000] {logging_mixin.py:120} INFO - [2022-11-20T13:25:33.088+0000] {dagbag.py:537} INFO - Filling up the DagBag from /home/airflow/.local/lib/python3.7/site-packages/airflow/example_dags/example_kubernetes_executor.py
[2022-11-20T13:25:33.103+0000] {processor.py:766} INFO - DAG(s) dict_keys(['example_kubernetes_executor']) retrieved from /home/airflow/.local/lib/python3.7/site-packages/airflow/example_dags/example_kubernetes_executor.py
[2022-11-20T13:25:33.122+0000] {logging_mixin.py:120} INFO - [2022-11-20T13:25:33.122+0000] {dag.py:2585} INFO - Sync 1 DAGs
[2022-11-20T13:25:33.133+0000] {logging_mixin.py:120} INFO - [2022-11-20T13:25:33.133+0000] {dag.py:3340} INFO - Setting next_dagrun for example_kubernetes_executor to None, run_after=None
[2022-11-20T13:25:33.142+0000] {processor.py:176} INFO - Processing /home/airflow/.local/lib/python3.7/site-packages/airflow/example_dags/example_kubernetes_executor.py took 0.057 seconds
[2022-11-20T13:58:07.113+0000] {processor.py:154} INFO - Started process (PID=2081) to work on /home/airflow/.local/lib/python3.7/site-packages/airflow/example_dags/example_kubernetes_executor.py
[2022-11-20T13:58:07.113+0000] {processor.py:756} INFO - Processing file /home/airflow/.local/lib/python3.7/site-packages/airflow/example_dags/example_kubernetes_executor.py for tasks to queue
[2022-11-20T13:58:07.117+0000] {logging_mixin.py:120} INFO - [2022-11-20T13:58:07.117+0000] {dagbag.py:537} INFO - Filling up the DagBag from /home/airflow/.local/lib/python3.7/site-packages/airflow/example_dags/example_kubernetes_executor.py
[2022-11-20T13:58:07.137+0000] {processor.py:766} INFO - DAG(s) dict_keys(['example_kubernetes_executor']) retrieved from /home/airflow/.local/lib/python3.7/site-packages/airflow/example_dags/example_kubernetes_executor.py
[2022-11-20T13:58:07.162+0000] {logging_mixin.py:120} INFO - [2022-11-20T13:58:07.162+0000] {dag.py:2585} INFO - Sync 1 DAGs
[2022-11-20T13:58:07.176+0000] {logging_mixin.py:120} INFO - [2022-11-20T13:58:07.175+0000] {dag.py:3340} INFO - Setting next_dagrun for example_kubernetes_executor to None, run_after=None
[2022-11-20T13:58:07.187+0000] {processor.py:176} INFO - Processing /home/airflow/.local/lib/python3.7/site-packages/airflow/example_dags/example_kubernetes_executor.py took 0.077 seconds
[2022-11-20T14:14:22.329+0000] {processor.py:154} INFO - Started process (PID=2131) to work on /home/airflow/.local/lib/python3.7/site-packages/airflow/example_dags/example_kubernetes_executor.py
[2022-11-20T14:14:22.330+0000] {processor.py:756} INFO - Processing file /home/airflow/.local/lib/python3.7/site-packages/airflow/example_dags/example_kubernetes_executor.py for tasks to queue
[2022-11-20T14:14:22.330+0000] {logging_mixin.py:120} INFO - [2022-11-20T14:14:22.330+0000] {dagbag.py:537} INFO - Filling up the DagBag from /home/airflow/.local/lib/python3.7/site-packages/airflow/example_dags/example_kubernetes_executor.py
[2022-11-20T14:14:22.344+0000] {processor.py:766} INFO - DAG(s) dict_keys(['example_kubernetes_executor']) retrieved from /home/airflow/.local/lib/python3.7/site-packages/airflow/example_dags/example_kubernetes_executor.py
[2022-11-20T14:14:22.364+0000] {logging_mixin.py:120} INFO - [2022-11-20T14:14:22.364+0000] {dag.py:2585} INFO - Sync 1 DAGs
[2022-11-20T14:14:22.376+0000] {logging_mixin.py:120} INFO - [2022-11-20T14:14:22.376+0000] {dag.py:3340} INFO - Setting next_dagrun for example_kubernetes_executor to None, run_after=None
[2022-11-20T14:14:22.386+0000] {processor.py:176} INFO - Processing /home/airflow/.local/lib/python3.7/site-packages/airflow/example_dags/example_kubernetes_executor.py took 0.059 seconds
[2022-11-20T14:44:48.009+0000] {processor.py:154} INFO - Started process (PID=2178) to work on /home/airflow/.local/lib/python3.7/site-packages/airflow/example_dags/example_kubernetes_executor.py
[2022-11-20T14:44:48.009+0000] {processor.py:756} INFO - Processing file /home/airflow/.local/lib/python3.7/site-packages/airflow/example_dags/example_kubernetes_executor.py for tasks to queue
[2022-11-20T14:44:48.010+0000] {logging_mixin.py:120} INFO - [2022-11-20T14:44:48.010+0000] {dagbag.py:537} INFO - Filling up the DagBag from /home/airflow/.local/lib/python3.7/site-packages/airflow/example_dags/example_kubernetes_executor.py
[2022-11-20T14:44:48.024+0000] {processor.py:766} INFO - DAG(s) dict_keys(['example_kubernetes_executor']) retrieved from /home/airflow/.local/lib/python3.7/site-packages/airflow/example_dags/example_kubernetes_executor.py
[2022-11-20T14:44:48.045+0000] {logging_mixin.py:120} INFO - [2022-11-20T14:44:48.045+0000] {dag.py:2585} INFO - Sync 1 DAGs
[2022-11-20T14:44:48.057+0000] {logging_mixin.py:120} INFO - [2022-11-20T14:44:48.057+0000] {dag.py:3340} INFO - Setting next_dagrun for example_kubernetes_executor to None, run_after=None
[2022-11-20T14:44:48.068+0000] {processor.py:176} INFO - Processing /home/airflow/.local/lib/python3.7/site-packages/airflow/example_dags/example_kubernetes_executor.py took 0.061 seconds
[2022-11-20T15:18:05.491+0000] {processor.py:154} INFO - Started process (PID=2225) to work on /home/airflow/.local/lib/python3.7/site-packages/airflow/example_dags/example_kubernetes_executor.py
[2022-11-20T15:18:05.492+0000] {processor.py:756} INFO - Processing file /home/airflow/.local/lib/python3.7/site-packages/airflow/example_dags/example_kubernetes_executor.py for tasks to queue
[2022-11-20T15:18:05.492+0000] {logging_mixin.py:120} INFO - [2022-11-20T15:18:05.492+0000] {dagbag.py:537} INFO - Filling up the DagBag from /home/airflow/.local/lib/python3.7/site-packages/airflow/example_dags/example_kubernetes_executor.py
[2022-11-20T15:18:05.507+0000] {processor.py:766} INFO - DAG(s) dict_keys(['example_kubernetes_executor']) retrieved from /home/airflow/.local/lib/python3.7/site-packages/airflow/example_dags/example_kubernetes_executor.py
[2022-11-20T15:18:05.528+0000] {logging_mixin.py:120} INFO - [2022-11-20T15:18:05.528+0000] {dag.py:2585} INFO - Sync 1 DAGs
[2022-11-20T15:18:05.540+0000] {logging_mixin.py:120} INFO - [2022-11-20T15:18:05.540+0000] {dag.py:3340} INFO - Setting next_dagrun for example_kubernetes_executor to None, run_after=None
[2022-11-20T15:18:05.550+0000] {processor.py:176} INFO - Processing /home/airflow/.local/lib/python3.7/site-packages/airflow/example_dags/example_kubernetes_executor.py took 0.060 seconds
[2022-11-20T15:39:03.604+0000] {processor.py:154} INFO - Started process (PID=2262) to work on /home/airflow/.local/lib/python3.7/site-packages/airflow/example_dags/example_kubernetes_executor.py
[2022-11-20T15:39:03.605+0000] {processor.py:756} INFO - Processing file /home/airflow/.local/lib/python3.7/site-packages/airflow/example_dags/example_kubernetes_executor.py for tasks to queue
[2022-11-20T15:39:03.605+0000] {logging_mixin.py:120} INFO - [2022-11-20T15:39:03.605+0000] {dagbag.py:537} INFO - Filling up the DagBag from /home/airflow/.local/lib/python3.7/site-packages/airflow/example_dags/example_kubernetes_executor.py
[2022-11-20T15:39:03.621+0000] {processor.py:766} INFO - DAG(s) dict_keys(['example_kubernetes_executor']) retrieved from /home/airflow/.local/lib/python3.7/site-packages/airflow/example_dags/example_kubernetes_executor.py
[2022-11-20T15:39:03.653+0000] {logging_mixin.py:120} INFO - [2022-11-20T15:39:03.653+0000] {dag.py:2585} INFO - Sync 1 DAGs
[2022-11-20T15:39:03.676+0000] {logging_mixin.py:120} INFO - [2022-11-20T15:39:03.676+0000] {dag.py:3340} INFO - Setting next_dagrun for example_kubernetes_executor to None, run_after=None
[2022-11-20T15:39:03.687+0000] {processor.py:176} INFO - Processing /home/airflow/.local/lib/python3.7/site-packages/airflow/example_dags/example_kubernetes_executor.py took 0.087 seconds
[2022-11-20T15:51:04.008+0000] {processor.py:154} INFO - Started process (PID=2308) to work on /home/airflow/.local/lib/python3.7/site-packages/airflow/example_dags/example_kubernetes_executor.py
[2022-11-20T15:51:04.008+0000] {processor.py:756} INFO - Processing file /home/airflow/.local/lib/python3.7/site-packages/airflow/example_dags/example_kubernetes_executor.py for tasks to queue
[2022-11-20T15:51:04.009+0000] {logging_mixin.py:120} INFO - [2022-11-20T15:51:04.008+0000] {dagbag.py:537} INFO - Filling up the DagBag from /home/airflow/.local/lib/python3.7/site-packages/airflow/example_dags/example_kubernetes_executor.py
[2022-11-20T15:51:04.026+0000] {processor.py:766} INFO - DAG(s) dict_keys(['example_kubernetes_executor']) retrieved from /home/airflow/.local/lib/python3.7/site-packages/airflow/example_dags/example_kubernetes_executor.py
[2022-11-20T15:51:04.049+0000] {logging_mixin.py:120} INFO - [2022-11-20T15:51:04.049+0000] {dag.py:2585} INFO - Sync 1 DAGs
[2022-11-20T15:51:04.061+0000] {logging_mixin.py:120} INFO - [2022-11-20T15:51:04.061+0000] {dag.py:3340} INFO - Setting next_dagrun for example_kubernetes_executor to None, run_after=None
[2022-11-20T15:51:04.074+0000] {processor.py:176} INFO - Processing /home/airflow/.local/lib/python3.7/site-packages/airflow/example_dags/example_kubernetes_executor.py took 0.068 seconds
[2022-11-20T16:06:45.569+0000] {processor.py:154} INFO - Started process (PID=2354) to work on /home/airflow/.local/lib/python3.7/site-packages/airflow/example_dags/example_kubernetes_executor.py
[2022-11-20T16:06:45.569+0000] {processor.py:756} INFO - Processing file /home/airflow/.local/lib/python3.7/site-packages/airflow/example_dags/example_kubernetes_executor.py for tasks to queue
[2022-11-20T16:06:45.570+0000] {logging_mixin.py:120} INFO - [2022-11-20T16:06:45.570+0000] {dagbag.py:537} INFO - Filling up the DagBag from /home/airflow/.local/lib/python3.7/site-packages/airflow/example_dags/example_kubernetes_executor.py
[2022-11-20T16:06:45.585+0000] {processor.py:766} INFO - DAG(s) dict_keys(['example_kubernetes_executor']) retrieved from /home/airflow/.local/lib/python3.7/site-packages/airflow/example_dags/example_kubernetes_executor.py
[2022-11-20T16:06:45.607+0000] {logging_mixin.py:120} INFO - [2022-11-20T16:06:45.607+0000] {dag.py:2585} INFO - Sync 1 DAGs
[2022-11-20T16:06:45.620+0000] {logging_mixin.py:120} INFO - [2022-11-20T16:06:45.620+0000] {dag.py:3340} INFO - Setting next_dagrun for example_kubernetes_executor to None, run_after=None
[2022-11-20T16:06:45.631+0000] {processor.py:176} INFO - Processing /home/airflow/.local/lib/python3.7/site-packages/airflow/example_dags/example_kubernetes_executor.py took 0.064 seconds
[2022-11-20T16:08:33.774+0000] {processor.py:154} INFO - Started process (PID=2405) to work on /home/airflow/.local/lib/python3.7/site-packages/airflow/example_dags/example_kubernetes_executor.py
[2022-11-20T16:08:33.775+0000] {processor.py:756} INFO - Processing file /home/airflow/.local/lib/python3.7/site-packages/airflow/example_dags/example_kubernetes_executor.py for tasks to queue
[2022-11-20T16:08:33.775+0000] {logging_mixin.py:120} INFO - [2022-11-20T16:08:33.775+0000] {dagbag.py:537} INFO - Filling up the DagBag from /home/airflow/.local/lib/python3.7/site-packages/airflow/example_dags/example_kubernetes_executor.py
[2022-11-20T16:08:33.788+0000] {processor.py:766} INFO - DAG(s) dict_keys(['example_kubernetes_executor']) retrieved from /home/airflow/.local/lib/python3.7/site-packages/airflow/example_dags/example_kubernetes_executor.py
[2022-11-20T16:08:33.812+0000] {logging_mixin.py:120} INFO - [2022-11-20T16:08:33.812+0000] {dag.py:2585} INFO - Sync 1 DAGs
[2022-11-20T16:08:33.824+0000] {logging_mixin.py:120} INFO - [2022-11-20T16:08:33.824+0000] {dag.py:3340} INFO - Setting next_dagrun for example_kubernetes_executor to None, run_after=None
[2022-11-20T16:08:33.833+0000] {processor.py:176} INFO - Processing /home/airflow/.local/lib/python3.7/site-packages/airflow/example_dags/example_kubernetes_executor.py took 0.061 seconds
[2022-11-20T16:27:59.598+0000] {processor.py:154} INFO - Started process (PID=2451) to work on /home/airflow/.local/lib/python3.7/site-packages/airflow/example_dags/example_kubernetes_executor.py
[2022-11-20T16:27:59.599+0000] {processor.py:756} INFO - Processing file /home/airflow/.local/lib/python3.7/site-packages/airflow/example_dags/example_kubernetes_executor.py for tasks to queue
[2022-11-20T16:27:59.599+0000] {logging_mixin.py:120} INFO - [2022-11-20T16:27:59.599+0000] {dagbag.py:537} INFO - Filling up the DagBag from /home/airflow/.local/lib/python3.7/site-packages/airflow/example_dags/example_kubernetes_executor.py
[2022-11-20T16:27:59.630+0000] {processor.py:766} INFO - DAG(s) dict_keys(['example_kubernetes_executor']) retrieved from /home/airflow/.local/lib/python3.7/site-packages/airflow/example_dags/example_kubernetes_executor.py
[2022-11-20T16:27:59.662+0000] {logging_mixin.py:120} INFO - [2022-11-20T16:27:59.662+0000] {dag.py:2585} INFO - Sync 1 DAGs
[2022-11-20T16:27:59.686+0000] {logging_mixin.py:120} INFO - [2022-11-20T16:27:59.685+0000] {dag.py:3340} INFO - Setting next_dagrun for example_kubernetes_executor to None, run_after=None
[2022-11-20T16:27:59.697+0000] {processor.py:176} INFO - Processing /home/airflow/.local/lib/python3.7/site-packages/airflow/example_dags/example_kubernetes_executor.py took 0.104 seconds
[2022-11-20T16:43:49.739+0000] {processor.py:154} INFO - Started process (PID=2500) to work on /home/airflow/.local/lib/python3.7/site-packages/airflow/example_dags/example_kubernetes_executor.py
[2022-11-20T16:43:49.739+0000] {processor.py:756} INFO - Processing file /home/airflow/.local/lib/python3.7/site-packages/airflow/example_dags/example_kubernetes_executor.py for tasks to queue
[2022-11-20T16:43:49.740+0000] {logging_mixin.py:120} INFO - [2022-11-20T16:43:49.740+0000] {dagbag.py:537} INFO - Filling up the DagBag from /home/airflow/.local/lib/python3.7/site-packages/airflow/example_dags/example_kubernetes_executor.py
[2022-11-20T16:43:49.754+0000] {processor.py:766} INFO - DAG(s) dict_keys(['example_kubernetes_executor']) retrieved from /home/airflow/.local/lib/python3.7/site-packages/airflow/example_dags/example_kubernetes_executor.py
[2022-11-20T16:43:49.776+0000] {logging_mixin.py:120} INFO - [2022-11-20T16:43:49.776+0000] {dag.py:2585} INFO - Sync 1 DAGs
[2022-11-20T16:43:49.788+0000] {logging_mixin.py:120} INFO - [2022-11-20T16:43:49.788+0000] {dag.py:3340} INFO - Setting next_dagrun for example_kubernetes_executor to None, run_after=None
[2022-11-20T16:43:49.799+0000] {processor.py:176} INFO - Processing /home/airflow/.local/lib/python3.7/site-packages/airflow/example_dags/example_kubernetes_executor.py took 0.062 seconds
[2022-11-20T17:17:43.428+0000] {processor.py:154} INFO - Started process (PID=2547) to work on /home/airflow/.local/lib/python3.7/site-packages/airflow/example_dags/example_kubernetes_executor.py
[2022-11-20T17:17:43.429+0000] {processor.py:756} INFO - Processing file /home/airflow/.local/lib/python3.7/site-packages/airflow/example_dags/example_kubernetes_executor.py for tasks to queue
[2022-11-20T17:17:43.429+0000] {logging_mixin.py:120} INFO - [2022-11-20T17:17:43.429+0000] {dagbag.py:537} INFO - Filling up the DagBag from /home/airflow/.local/lib/python3.7/site-packages/airflow/example_dags/example_kubernetes_executor.py
[2022-11-20T17:17:43.462+0000] {processor.py:766} INFO - DAG(s) dict_keys(['example_kubernetes_executor']) retrieved from /home/airflow/.local/lib/python3.7/site-packages/airflow/example_dags/example_kubernetes_executor.py
[2022-11-20T17:17:43.496+0000] {logging_mixin.py:120} INFO - [2022-11-20T17:17:43.496+0000] {dag.py:2585} INFO - Sync 1 DAGs
[2022-11-20T17:17:43.519+0000] {logging_mixin.py:120} INFO - [2022-11-20T17:17:43.519+0000] {dag.py:3340} INFO - Setting next_dagrun for example_kubernetes_executor to None, run_after=None
[2022-11-20T17:17:43.533+0000] {processor.py:176} INFO - Processing /home/airflow/.local/lib/python3.7/site-packages/airflow/example_dags/example_kubernetes_executor.py took 0.106 seconds
[2022-11-20T17:22:38.078+0000] {processor.py:154} INFO - Started process (PID=2594) to work on /home/airflow/.local/lib/python3.7/site-packages/airflow/example_dags/example_kubernetes_executor.py
[2022-11-20T17:22:38.078+0000] {processor.py:756} INFO - Processing file /home/airflow/.local/lib/python3.7/site-packages/airflow/example_dags/example_kubernetes_executor.py for tasks to queue
[2022-11-20T17:22:38.079+0000] {logging_mixin.py:120} INFO - [2022-11-20T17:22:38.078+0000] {dagbag.py:537} INFO - Filling up the DagBag from /home/airflow/.local/lib/python3.7/site-packages/airflow/example_dags/example_kubernetes_executor.py
[2022-11-20T17:22:38.100+0000] {processor.py:766} INFO - DAG(s) dict_keys(['example_kubernetes_executor']) retrieved from /home/airflow/.local/lib/python3.7/site-packages/airflow/example_dags/example_kubernetes_executor.py
[2022-11-20T17:22:38.143+0000] {logging_mixin.py:120} INFO - [2022-11-20T17:22:38.143+0000] {dag.py:2585} INFO - Sync 1 DAGs
[2022-11-20T17:22:38.174+0000] {logging_mixin.py:120} INFO - [2022-11-20T17:22:38.174+0000] {dag.py:3340} INFO - Setting next_dagrun for example_kubernetes_executor to None, run_after=None
[2022-11-20T17:22:38.192+0000] {processor.py:176} INFO - Processing /home/airflow/.local/lib/python3.7/site-packages/airflow/example_dags/example_kubernetes_executor.py took 0.117 seconds
[2022-11-20T17:23:08.586+0000] {processor.py:154} INFO - Started process (PID=2661) to work on /home/airflow/.local/lib/python3.7/site-packages/airflow/example_dags/example_kubernetes_executor.py
[2022-11-20T17:23:08.587+0000] {processor.py:756} INFO - Processing file /home/airflow/.local/lib/python3.7/site-packages/airflow/example_dags/example_kubernetes_executor.py for tasks to queue
[2022-11-20T17:23:08.587+0000] {logging_mixin.py:120} INFO - [2022-11-20T17:23:08.587+0000] {dagbag.py:537} INFO - Filling up the DagBag from /home/airflow/.local/lib/python3.7/site-packages/airflow/example_dags/example_kubernetes_executor.py
[2022-11-20T17:23:08.602+0000] {processor.py:766} INFO - DAG(s) dict_keys(['example_kubernetes_executor']) retrieved from /home/airflow/.local/lib/python3.7/site-packages/airflow/example_dags/example_kubernetes_executor.py
[2022-11-20T17:23:08.624+0000] {logging_mixin.py:120} INFO - [2022-11-20T17:23:08.624+0000] {dag.py:2585} INFO - Sync 1 DAGs
[2022-11-20T17:23:08.637+0000] {logging_mixin.py:120} INFO - [2022-11-20T17:23:08.637+0000] {dag.py:3340} INFO - Setting next_dagrun for example_kubernetes_executor to None, run_after=None
[2022-11-20T17:23:08.646+0000] {processor.py:176} INFO - Processing /home/airflow/.local/lib/python3.7/site-packages/airflow/example_dags/example_kubernetes_executor.py took 0.062 seconds
[2022-11-20T17:23:39.442+0000] {processor.py:154} INFO - Started process (PID=2731) to work on /home/airflow/.local/lib/python3.7/site-packages/airflow/example_dags/example_kubernetes_executor.py
[2022-11-20T17:23:39.443+0000] {processor.py:756} INFO - Processing file /home/airflow/.local/lib/python3.7/site-packages/airflow/example_dags/example_kubernetes_executor.py for tasks to queue
[2022-11-20T17:23:39.443+0000] {logging_mixin.py:120} INFO - [2022-11-20T17:23:39.443+0000] {dagbag.py:537} INFO - Filling up the DagBag from /home/airflow/.local/lib/python3.7/site-packages/airflow/example_dags/example_kubernetes_executor.py
[2022-11-20T17:23:39.458+0000] {processor.py:766} INFO - DAG(s) dict_keys(['example_kubernetes_executor']) retrieved from /home/airflow/.local/lib/python3.7/site-packages/airflow/example_dags/example_kubernetes_executor.py
[2022-11-20T17:23:39.486+0000] {logging_mixin.py:120} INFO - [2022-11-20T17:23:39.486+0000] {dag.py:2585} INFO - Sync 1 DAGs
[2022-11-20T17:23:39.501+0000] {logging_mixin.py:120} INFO - [2022-11-20T17:23:39.501+0000] {dag.py:3340} INFO - Setting next_dagrun for example_kubernetes_executor to None, run_after=None
[2022-11-20T17:23:39.518+0000] {processor.py:176} INFO - Processing /home/airflow/.local/lib/python3.7/site-packages/airflow/example_dags/example_kubernetes_executor.py took 0.078 seconds
[2022-11-20T17:24:09.594+0000] {processor.py:154} INFO - Started process (PID=2801) to work on /home/airflow/.local/lib/python3.7/site-packages/airflow/example_dags/example_kubernetes_executor.py
[2022-11-20T17:24:09.595+0000] {processor.py:756} INFO - Processing file /home/airflow/.local/lib/python3.7/site-packages/airflow/example_dags/example_kubernetes_executor.py for tasks to queue
[2022-11-20T17:24:09.595+0000] {logging_mixin.py:120} INFO - [2022-11-20T17:24:09.595+0000] {dagbag.py:537} INFO - Filling up the DagBag from /home/airflow/.local/lib/python3.7/site-packages/airflow/example_dags/example_kubernetes_executor.py
[2022-11-20T17:24:09.621+0000] {processor.py:766} INFO - DAG(s) dict_keys(['example_kubernetes_executor']) retrieved from /home/airflow/.local/lib/python3.7/site-packages/airflow/example_dags/example_kubernetes_executor.py
[2022-11-20T17:24:09.648+0000] {logging_mixin.py:120} INFO - [2022-11-20T17:24:09.648+0000] {dag.py:2585} INFO - Sync 1 DAGs
[2022-11-20T17:24:09.662+0000] {logging_mixin.py:120} INFO - [2022-11-20T17:24:09.662+0000] {dag.py:3340} INFO - Setting next_dagrun for example_kubernetes_executor to None, run_after=None
[2022-11-20T17:24:09.673+0000] {processor.py:176} INFO - Processing /home/airflow/.local/lib/python3.7/site-packages/airflow/example_dags/example_kubernetes_executor.py took 0.080 seconds
[2022-11-20T17:24:40.636+0000] {processor.py:154} INFO - Started process (PID=2860) to work on /home/airflow/.local/lib/python3.7/site-packages/airflow/example_dags/example_kubernetes_executor.py
[2022-11-20T17:24:40.637+0000] {processor.py:756} INFO - Processing file /home/airflow/.local/lib/python3.7/site-packages/airflow/example_dags/example_kubernetes_executor.py for tasks to queue
[2022-11-20T17:24:40.638+0000] {logging_mixin.py:120} INFO - [2022-11-20T17:24:40.638+0000] {dagbag.py:537} INFO - Filling up the DagBag from /home/airflow/.local/lib/python3.7/site-packages/airflow/example_dags/example_kubernetes_executor.py
[2022-11-20T17:24:40.662+0000] {processor.py:766} INFO - DAG(s) dict_keys(['example_kubernetes_executor']) retrieved from /home/airflow/.local/lib/python3.7/site-packages/airflow/example_dags/example_kubernetes_executor.py
[2022-11-20T17:24:40.685+0000] {logging_mixin.py:120} INFO - [2022-11-20T17:24:40.685+0000] {dag.py:2585} INFO - Sync 1 DAGs
[2022-11-20T17:24:40.698+0000] {logging_mixin.py:120} INFO - [2022-11-20T17:24:40.698+0000] {dag.py:3340} INFO - Setting next_dagrun for example_kubernetes_executor to None, run_after=None
[2022-11-20T17:24:40.707+0000] {processor.py:176} INFO - Processing /home/airflow/.local/lib/python3.7/site-packages/airflow/example_dags/example_kubernetes_executor.py took 0.075 seconds
[2022-11-20T17:25:11.390+0000] {processor.py:154} INFO - Started process (PID=2929) to work on /home/airflow/.local/lib/python3.7/site-packages/airflow/example_dags/example_kubernetes_executor.py
[2022-11-20T17:25:11.392+0000] {processor.py:756} INFO - Processing file /home/airflow/.local/lib/python3.7/site-packages/airflow/example_dags/example_kubernetes_executor.py for tasks to queue
[2022-11-20T17:25:11.393+0000] {logging_mixin.py:120} INFO - [2022-11-20T17:25:11.393+0000] {dagbag.py:537} INFO - Filling up the DagBag from /home/airflow/.local/lib/python3.7/site-packages/airflow/example_dags/example_kubernetes_executor.py
[2022-11-20T17:25:11.409+0000] {processor.py:766} INFO - DAG(s) dict_keys(['example_kubernetes_executor']) retrieved from /home/airflow/.local/lib/python3.7/site-packages/airflow/example_dags/example_kubernetes_executor.py
[2022-11-20T17:25:11.434+0000] {logging_mixin.py:120} INFO - [2022-11-20T17:25:11.434+0000] {dag.py:2585} INFO - Sync 1 DAGs
[2022-11-20T17:25:11.448+0000] {logging_mixin.py:120} INFO - [2022-11-20T17:25:11.448+0000] {dag.py:3340} INFO - Setting next_dagrun for example_kubernetes_executor to None, run_after=None
[2022-11-20T17:25:11.463+0000] {processor.py:176} INFO - Processing /home/airflow/.local/lib/python3.7/site-packages/airflow/example_dags/example_kubernetes_executor.py took 0.075 seconds
[2022-11-20T17:25:42.349+0000] {processor.py:154} INFO - Started process (PID=3002) to work on /home/airflow/.local/lib/python3.7/site-packages/airflow/example_dags/example_kubernetes_executor.py
[2022-11-20T17:25:42.350+0000] {processor.py:756} INFO - Processing file /home/airflow/.local/lib/python3.7/site-packages/airflow/example_dags/example_kubernetes_executor.py for tasks to queue
[2022-11-20T17:25:42.352+0000] {logging_mixin.py:120} INFO - [2022-11-20T17:25:42.352+0000] {dagbag.py:537} INFO - Filling up the DagBag from /home/airflow/.local/lib/python3.7/site-packages/airflow/example_dags/example_kubernetes_executor.py
[2022-11-20T17:25:42.375+0000] {processor.py:766} INFO - DAG(s) dict_keys(['example_kubernetes_executor']) retrieved from /home/airflow/.local/lib/python3.7/site-packages/airflow/example_dags/example_kubernetes_executor.py
[2022-11-20T17:25:42.422+0000] {logging_mixin.py:120} INFO - [2022-11-20T17:25:42.422+0000] {dag.py:2585} INFO - Sync 1 DAGs
[2022-11-20T17:25:42.439+0000] {logging_mixin.py:120} INFO - [2022-11-20T17:25:42.438+0000] {dag.py:3340} INFO - Setting next_dagrun for example_kubernetes_executor to None, run_after=None
[2022-11-20T17:25:42.455+0000] {processor.py:176} INFO - Processing /home/airflow/.local/lib/python3.7/site-packages/airflow/example_dags/example_kubernetes_executor.py took 0.109 seconds
[2022-11-20T17:26:12.733+0000] {processor.py:154} INFO - Started process (PID=3068) to work on /home/airflow/.local/lib/python3.7/site-packages/airflow/example_dags/example_kubernetes_executor.py
[2022-11-20T17:26:12.734+0000] {processor.py:756} INFO - Processing file /home/airflow/.local/lib/python3.7/site-packages/airflow/example_dags/example_kubernetes_executor.py for tasks to queue
[2022-11-20T17:26:12.735+0000] {logging_mixin.py:120} INFO - [2022-11-20T17:26:12.734+0000] {dagbag.py:537} INFO - Filling up the DagBag from /home/airflow/.local/lib/python3.7/site-packages/airflow/example_dags/example_kubernetes_executor.py
[2022-11-20T17:26:12.754+0000] {processor.py:766} INFO - DAG(s) dict_keys(['example_kubernetes_executor']) retrieved from /home/airflow/.local/lib/python3.7/site-packages/airflow/example_dags/example_kubernetes_executor.py
[2022-11-20T17:26:12.775+0000] {logging_mixin.py:120} INFO - [2022-11-20T17:26:12.775+0000] {dag.py:2585} INFO - Sync 1 DAGs
[2022-11-20T17:26:12.787+0000] {logging_mixin.py:120} INFO - [2022-11-20T17:26:12.787+0000] {dag.py:3340} INFO - Setting next_dagrun for example_kubernetes_executor to None, run_after=None
[2022-11-20T17:26:12.797+0000] {processor.py:176} INFO - Processing /home/airflow/.local/lib/python3.7/site-packages/airflow/example_dags/example_kubernetes_executor.py took 0.067 seconds
[2022-11-20T17:26:42.956+0000] {processor.py:154} INFO - Started process (PID=3135) to work on /home/airflow/.local/lib/python3.7/site-packages/airflow/example_dags/example_kubernetes_executor.py
[2022-11-20T17:26:42.957+0000] {processor.py:756} INFO - Processing file /home/airflow/.local/lib/python3.7/site-packages/airflow/example_dags/example_kubernetes_executor.py for tasks to queue
[2022-11-20T17:26:42.957+0000] {logging_mixin.py:120} INFO - [2022-11-20T17:26:42.957+0000] {dagbag.py:537} INFO - Filling up the DagBag from /home/airflow/.local/lib/python3.7/site-packages/airflow/example_dags/example_kubernetes_executor.py
[2022-11-20T17:26:42.973+0000] {processor.py:766} INFO - DAG(s) dict_keys(['example_kubernetes_executor']) retrieved from /home/airflow/.local/lib/python3.7/site-packages/airflow/example_dags/example_kubernetes_executor.py
[2022-11-20T17:26:42.993+0000] {logging_mixin.py:120} INFO - [2022-11-20T17:26:42.993+0000] {dag.py:2585} INFO - Sync 1 DAGs
[2022-11-20T17:26:43.005+0000] {logging_mixin.py:120} INFO - [2022-11-20T17:26:43.005+0000] {dag.py:3340} INFO - Setting next_dagrun for example_kubernetes_executor to None, run_after=None
[2022-11-20T17:26:43.015+0000] {processor.py:176} INFO - Processing /home/airflow/.local/lib/python3.7/site-packages/airflow/example_dags/example_kubernetes_executor.py took 0.062 seconds
[2022-11-20T17:27:13.193+0000] {processor.py:154} INFO - Started process (PID=3202) to work on /home/airflow/.local/lib/python3.7/site-packages/airflow/example_dags/example_kubernetes_executor.py
[2022-11-20T17:27:13.194+0000] {processor.py:756} INFO - Processing file /home/airflow/.local/lib/python3.7/site-packages/airflow/example_dags/example_kubernetes_executor.py for tasks to queue
[2022-11-20T17:27:13.194+0000] {logging_mixin.py:120} INFO - [2022-11-20T17:27:13.194+0000] {dagbag.py:537} INFO - Filling up the DagBag from /home/airflow/.local/lib/python3.7/site-packages/airflow/example_dags/example_kubernetes_executor.py
[2022-11-20T17:27:13.210+0000] {processor.py:766} INFO - DAG(s) dict_keys(['example_kubernetes_executor']) retrieved from /home/airflow/.local/lib/python3.7/site-packages/airflow/example_dags/example_kubernetes_executor.py
[2022-11-20T17:27:13.236+0000] {logging_mixin.py:120} INFO - [2022-11-20T17:27:13.236+0000] {dag.py:2585} INFO - Sync 1 DAGs
[2022-11-20T17:27:13.250+0000] {logging_mixin.py:120} INFO - [2022-11-20T17:27:13.250+0000] {dag.py:3340} INFO - Setting next_dagrun for example_kubernetes_executor to None, run_after=None
[2022-11-20T17:27:13.264+0000] {processor.py:176} INFO - Processing /home/airflow/.local/lib/python3.7/site-packages/airflow/example_dags/example_kubernetes_executor.py took 0.073 seconds
[2022-11-20T17:27:43.298+0000] {processor.py:154} INFO - Started process (PID=3261) to work on /home/airflow/.local/lib/python3.7/site-packages/airflow/example_dags/example_kubernetes_executor.py
[2022-11-20T17:27:43.299+0000] {processor.py:756} INFO - Processing file /home/airflow/.local/lib/python3.7/site-packages/airflow/example_dags/example_kubernetes_executor.py for tasks to queue
[2022-11-20T17:27:43.299+0000] {logging_mixin.py:120} INFO - [2022-11-20T17:27:43.299+0000] {dagbag.py:537} INFO - Filling up the DagBag from /home/airflow/.local/lib/python3.7/site-packages/airflow/example_dags/example_kubernetes_executor.py
[2022-11-20T17:27:43.313+0000] {processor.py:766} INFO - DAG(s) dict_keys(['example_kubernetes_executor']) retrieved from /home/airflow/.local/lib/python3.7/site-packages/airflow/example_dags/example_kubernetes_executor.py
[2022-11-20T17:27:43.335+0000] {logging_mixin.py:120} INFO - [2022-11-20T17:27:43.334+0000] {dag.py:2585} INFO - Sync 1 DAGs
[2022-11-20T17:27:43.346+0000] {logging_mixin.py:120} INFO - [2022-11-20T17:27:43.346+0000] {dag.py:3340} INFO - Setting next_dagrun for example_kubernetes_executor to None, run_after=None
[2022-11-20T17:27:43.355+0000] {processor.py:176} INFO - Processing /home/airflow/.local/lib/python3.7/site-packages/airflow/example_dags/example_kubernetes_executor.py took 0.059 seconds
[2022-11-20T17:28:14.105+0000] {processor.py:154} INFO - Started process (PID=3333) to work on /home/airflow/.local/lib/python3.7/site-packages/airflow/example_dags/example_kubernetes_executor.py
[2022-11-20T17:28:14.106+0000] {processor.py:756} INFO - Processing file /home/airflow/.local/lib/python3.7/site-packages/airflow/example_dags/example_kubernetes_executor.py for tasks to queue
[2022-11-20T17:28:14.106+0000] {logging_mixin.py:120} INFO - [2022-11-20T17:28:14.106+0000] {dagbag.py:537} INFO - Filling up the DagBag from /home/airflow/.local/lib/python3.7/site-packages/airflow/example_dags/example_kubernetes_executor.py
[2022-11-20T17:28:14.121+0000] {processor.py:766} INFO - DAG(s) dict_keys(['example_kubernetes_executor']) retrieved from /home/airflow/.local/lib/python3.7/site-packages/airflow/example_dags/example_kubernetes_executor.py
[2022-11-20T17:28:14.144+0000] {logging_mixin.py:120} INFO - [2022-11-20T17:28:14.144+0000] {dag.py:2585} INFO - Sync 1 DAGs
[2022-11-20T17:28:14.160+0000] {logging_mixin.py:120} INFO - [2022-11-20T17:28:14.160+0000] {dag.py:3340} INFO - Setting next_dagrun for example_kubernetes_executor to None, run_after=None
[2022-11-20T17:28:14.171+0000] {processor.py:176} INFO - Processing /home/airflow/.local/lib/python3.7/site-packages/airflow/example_dags/example_kubernetes_executor.py took 0.068 seconds
[2022-11-20T17:28:44.895+0000] {processor.py:154} INFO - Started process (PID=3402) to work on /home/airflow/.local/lib/python3.7/site-packages/airflow/example_dags/example_kubernetes_executor.py
[2022-11-20T17:28:44.896+0000] {processor.py:756} INFO - Processing file /home/airflow/.local/lib/python3.7/site-packages/airflow/example_dags/example_kubernetes_executor.py for tasks to queue
[2022-11-20T17:28:44.896+0000] {logging_mixin.py:120} INFO - [2022-11-20T17:28:44.896+0000] {dagbag.py:537} INFO - Filling up the DagBag from /home/airflow/.local/lib/python3.7/site-packages/airflow/example_dags/example_kubernetes_executor.py
[2022-11-20T17:28:44.912+0000] {processor.py:766} INFO - DAG(s) dict_keys(['example_kubernetes_executor']) retrieved from /home/airflow/.local/lib/python3.7/site-packages/airflow/example_dags/example_kubernetes_executor.py
[2022-11-20T17:28:44.952+0000] {logging_mixin.py:120} INFO - [2022-11-20T17:28:44.952+0000] {dag.py:2585} INFO - Sync 1 DAGs
[2022-11-20T17:28:44.965+0000] {logging_mixin.py:120} INFO - [2022-11-20T17:28:44.965+0000] {dag.py:3340} INFO - Setting next_dagrun for example_kubernetes_executor to None, run_after=None
[2022-11-20T17:28:44.974+0000] {processor.py:176} INFO - Processing /home/airflow/.local/lib/python3.7/site-packages/airflow/example_dags/example_kubernetes_executor.py took 0.081 seconds
[2022-11-20T17:29:15.767+0000] {processor.py:154} INFO - Started process (PID=3470) to work on /home/airflow/.local/lib/python3.7/site-packages/airflow/example_dags/example_kubernetes_executor.py
[2022-11-20T17:29:15.767+0000] {processor.py:756} INFO - Processing file /home/airflow/.local/lib/python3.7/site-packages/airflow/example_dags/example_kubernetes_executor.py for tasks to queue
[2022-11-20T17:29:15.768+0000] {logging_mixin.py:120} INFO - [2022-11-20T17:29:15.768+0000] {dagbag.py:537} INFO - Filling up the DagBag from /home/airflow/.local/lib/python3.7/site-packages/airflow/example_dags/example_kubernetes_executor.py
[2022-11-20T17:29:15.782+0000] {processor.py:766} INFO - DAG(s) dict_keys(['example_kubernetes_executor']) retrieved from /home/airflow/.local/lib/python3.7/site-packages/airflow/example_dags/example_kubernetes_executor.py
[2022-11-20T17:29:15.803+0000] {logging_mixin.py:120} INFO - [2022-11-20T17:29:15.802+0000] {dag.py:2585} INFO - Sync 1 DAGs
[2022-11-20T17:29:15.816+0000] {logging_mixin.py:120} INFO - [2022-11-20T17:29:15.815+0000] {dag.py:3340} INFO - Setting next_dagrun for example_kubernetes_executor to None, run_after=None
[2022-11-20T17:29:15.825+0000] {processor.py:176} INFO - Processing /home/airflow/.local/lib/python3.7/site-packages/airflow/example_dags/example_kubernetes_executor.py took 0.060 seconds
[2022-11-20T17:29:46.666+0000] {processor.py:154} INFO - Started process (PID=3536) to work on /home/airflow/.local/lib/python3.7/site-packages/airflow/example_dags/example_kubernetes_executor.py
[2022-11-20T17:29:46.666+0000] {processor.py:756} INFO - Processing file /home/airflow/.local/lib/python3.7/site-packages/airflow/example_dags/example_kubernetes_executor.py for tasks to queue
[2022-11-20T17:29:46.667+0000] {logging_mixin.py:120} INFO - [2022-11-20T17:29:46.667+0000] {dagbag.py:537} INFO - Filling up the DagBag from /home/airflow/.local/lib/python3.7/site-packages/airflow/example_dags/example_kubernetes_executor.py
[2022-11-20T17:29:46.682+0000] {processor.py:766} INFO - DAG(s) dict_keys(['example_kubernetes_executor']) retrieved from /home/airflow/.local/lib/python3.7/site-packages/airflow/example_dags/example_kubernetes_executor.py
[2022-11-20T17:29:46.702+0000] {logging_mixin.py:120} INFO - [2022-11-20T17:29:46.702+0000] {dag.py:2585} INFO - Sync 1 DAGs
[2022-11-20T17:29:46.713+0000] {logging_mixin.py:120} INFO - [2022-11-20T17:29:46.713+0000] {dag.py:3340} INFO - Setting next_dagrun for example_kubernetes_executor to None, run_after=None
[2022-11-20T17:29:46.721+0000] {processor.py:176} INFO - Processing /home/airflow/.local/lib/python3.7/site-packages/airflow/example_dags/example_kubernetes_executor.py took 0.057 seconds
[2022-11-20T17:30:17.516+0000] {processor.py:154} INFO - Started process (PID=3608) to work on /home/airflow/.local/lib/python3.7/site-packages/airflow/example_dags/example_kubernetes_executor.py
[2022-11-20T17:30:17.517+0000] {processor.py:756} INFO - Processing file /home/airflow/.local/lib/python3.7/site-packages/airflow/example_dags/example_kubernetes_executor.py for tasks to queue
[2022-11-20T17:30:17.518+0000] {logging_mixin.py:120} INFO - [2022-11-20T17:30:17.518+0000] {dagbag.py:537} INFO - Filling up the DagBag from /home/airflow/.local/lib/python3.7/site-packages/airflow/example_dags/example_kubernetes_executor.py
[2022-11-20T17:30:17.535+0000] {processor.py:766} INFO - DAG(s) dict_keys(['example_kubernetes_executor']) retrieved from /home/airflow/.local/lib/python3.7/site-packages/airflow/example_dags/example_kubernetes_executor.py
[2022-11-20T17:30:17.559+0000] {logging_mixin.py:120} INFO - [2022-11-20T17:30:17.559+0000] {dag.py:2585} INFO - Sync 1 DAGs
[2022-11-20T17:30:17.571+0000] {logging_mixin.py:120} INFO - [2022-11-20T17:30:17.571+0000] {dag.py:3340} INFO - Setting next_dagrun for example_kubernetes_executor to None, run_after=None
[2022-11-20T17:30:17.580+0000] {processor.py:176} INFO - Processing /home/airflow/.local/lib/python3.7/site-packages/airflow/example_dags/example_kubernetes_executor.py took 0.066 seconds
[2022-11-20T17:30:48.465+0000] {processor.py:154} INFO - Started process (PID=3676) to work on /home/airflow/.local/lib/python3.7/site-packages/airflow/example_dags/example_kubernetes_executor.py
[2022-11-20T17:30:48.466+0000] {processor.py:756} INFO - Processing file /home/airflow/.local/lib/python3.7/site-packages/airflow/example_dags/example_kubernetes_executor.py for tasks to queue
[2022-11-20T17:30:48.466+0000] {logging_mixin.py:120} INFO - [2022-11-20T17:30:48.466+0000] {dagbag.py:537} INFO - Filling up the DagBag from /home/airflow/.local/lib/python3.7/site-packages/airflow/example_dags/example_kubernetes_executor.py
[2022-11-20T17:30:48.480+0000] {processor.py:766} INFO - DAG(s) dict_keys(['example_kubernetes_executor']) retrieved from /home/airflow/.local/lib/python3.7/site-packages/airflow/example_dags/example_kubernetes_executor.py
[2022-11-20T17:30:48.502+0000] {logging_mixin.py:120} INFO - [2022-11-20T17:30:48.502+0000] {dag.py:2585} INFO - Sync 1 DAGs
[2022-11-20T17:30:48.516+0000] {logging_mixin.py:120} INFO - [2022-11-20T17:30:48.516+0000] {dag.py:3340} INFO - Setting next_dagrun for example_kubernetes_executor to None, run_after=None
[2022-11-20T17:30:48.527+0000] {processor.py:176} INFO - Processing /home/airflow/.local/lib/python3.7/site-packages/airflow/example_dags/example_kubernetes_executor.py took 0.063 seconds
[2022-11-20T17:31:19.396+0000] {processor.py:154} INFO - Started process (PID=3745) to work on /home/airflow/.local/lib/python3.7/site-packages/airflow/example_dags/example_kubernetes_executor.py
[2022-11-20T17:31:19.396+0000] {processor.py:756} INFO - Processing file /home/airflow/.local/lib/python3.7/site-packages/airflow/example_dags/example_kubernetes_executor.py for tasks to queue
[2022-11-20T17:31:19.396+0000] {logging_mixin.py:120} INFO - [2022-11-20T17:31:19.396+0000] {dagbag.py:537} INFO - Filling up the DagBag from /home/airflow/.local/lib/python3.7/site-packages/airflow/example_dags/example_kubernetes_executor.py
[2022-11-20T17:31:19.411+0000] {processor.py:766} INFO - DAG(s) dict_keys(['example_kubernetes_executor']) retrieved from /home/airflow/.local/lib/python3.7/site-packages/airflow/example_dags/example_kubernetes_executor.py
[2022-11-20T17:31:19.461+0000] {logging_mixin.py:120} INFO - [2022-11-20T17:31:19.461+0000] {dag.py:2585} INFO - Sync 1 DAGs
[2022-11-20T17:31:19.473+0000] {logging_mixin.py:120} INFO - [2022-11-20T17:31:19.473+0000] {dag.py:3340} INFO - Setting next_dagrun for example_kubernetes_executor to None, run_after=None
[2022-11-20T17:31:19.483+0000] {processor.py:176} INFO - Processing /home/airflow/.local/lib/python3.7/site-packages/airflow/example_dags/example_kubernetes_executor.py took 0.089 seconds
[2022-11-20T17:31:50.458+0000] {processor.py:154} INFO - Started process (PID=3804) to work on /home/airflow/.local/lib/python3.7/site-packages/airflow/example_dags/example_kubernetes_executor.py
[2022-11-20T17:31:50.458+0000] {processor.py:756} INFO - Processing file /home/airflow/.local/lib/python3.7/site-packages/airflow/example_dags/example_kubernetes_executor.py for tasks to queue
[2022-11-20T17:31:50.459+0000] {logging_mixin.py:120} INFO - [2022-11-20T17:31:50.459+0000] {dagbag.py:537} INFO - Filling up the DagBag from /home/airflow/.local/lib/python3.7/site-packages/airflow/example_dags/example_kubernetes_executor.py
[2022-11-20T17:31:50.474+0000] {processor.py:766} INFO - DAG(s) dict_keys(['example_kubernetes_executor']) retrieved from /home/airflow/.local/lib/python3.7/site-packages/airflow/example_dags/example_kubernetes_executor.py
[2022-11-20T17:31:50.494+0000] {logging_mixin.py:120} INFO - [2022-11-20T17:31:50.494+0000] {dag.py:2585} INFO - Sync 1 DAGs
[2022-11-20T17:31:50.506+0000] {logging_mixin.py:120} INFO - [2022-11-20T17:31:50.506+0000] {dag.py:3340} INFO - Setting next_dagrun for example_kubernetes_executor to None, run_after=None
[2022-11-20T17:31:50.516+0000] {processor.py:176} INFO - Processing /home/airflow/.local/lib/python3.7/site-packages/airflow/example_dags/example_kubernetes_executor.py took 0.060 seconds
[2022-11-20T17:32:21.297+0000] {processor.py:154} INFO - Started process (PID=3873) to work on /home/airflow/.local/lib/python3.7/site-packages/airflow/example_dags/example_kubernetes_executor.py
[2022-11-20T17:32:21.297+0000] {processor.py:756} INFO - Processing file /home/airflow/.local/lib/python3.7/site-packages/airflow/example_dags/example_kubernetes_executor.py for tasks to queue
[2022-11-20T17:32:21.298+0000] {logging_mixin.py:120} INFO - [2022-11-20T17:32:21.298+0000] {dagbag.py:537} INFO - Filling up the DagBag from /home/airflow/.local/lib/python3.7/site-packages/airflow/example_dags/example_kubernetes_executor.py
[2022-11-20T17:32:21.313+0000] {processor.py:766} INFO - DAG(s) dict_keys(['example_kubernetes_executor']) retrieved from /home/airflow/.local/lib/python3.7/site-packages/airflow/example_dags/example_kubernetes_executor.py
[2022-11-20T17:32:21.334+0000] {logging_mixin.py:120} INFO - [2022-11-20T17:32:21.334+0000] {dag.py:2585} INFO - Sync 1 DAGs
[2022-11-20T17:32:21.346+0000] {logging_mixin.py:120} INFO - [2022-11-20T17:32:21.346+0000] {dag.py:3340} INFO - Setting next_dagrun for example_kubernetes_executor to None, run_after=None
[2022-11-20T17:32:21.356+0000] {processor.py:176} INFO - Processing /home/airflow/.local/lib/python3.7/site-packages/airflow/example_dags/example_kubernetes_executor.py took 0.061 seconds
[2022-11-20T17:32:51.545+0000] {processor.py:154} INFO - Started process (PID=3938) to work on /home/airflow/.local/lib/python3.7/site-packages/airflow/example_dags/example_kubernetes_executor.py
[2022-11-20T17:32:51.545+0000] {processor.py:756} INFO - Processing file /home/airflow/.local/lib/python3.7/site-packages/airflow/example_dags/example_kubernetes_executor.py for tasks to queue
[2022-11-20T17:32:51.546+0000] {logging_mixin.py:120} INFO - [2022-11-20T17:32:51.546+0000] {dagbag.py:537} INFO - Filling up the DagBag from /home/airflow/.local/lib/python3.7/site-packages/airflow/example_dags/example_kubernetes_executor.py
[2022-11-20T17:32:51.560+0000] {processor.py:766} INFO - DAG(s) dict_keys(['example_kubernetes_executor']) retrieved from /home/airflow/.local/lib/python3.7/site-packages/airflow/example_dags/example_kubernetes_executor.py
[2022-11-20T17:32:51.583+0000] {logging_mixin.py:120} INFO - [2022-11-20T17:32:51.583+0000] {dag.py:2585} INFO - Sync 1 DAGs
[2022-11-20T17:32:51.595+0000] {logging_mixin.py:120} INFO - [2022-11-20T17:32:51.595+0000] {dag.py:3340} INFO - Setting next_dagrun for example_kubernetes_executor to None, run_after=None
[2022-11-20T17:32:51.604+0000] {processor.py:176} INFO - Processing /home/airflow/.local/lib/python3.7/site-packages/airflow/example_dags/example_kubernetes_executor.py took 0.062 seconds
[2022-11-20T17:33:21.793+0000] {processor.py:154} INFO - Started process (PID=4005) to work on /home/airflow/.local/lib/python3.7/site-packages/airflow/example_dags/example_kubernetes_executor.py
[2022-11-20T17:33:21.794+0000] {processor.py:756} INFO - Processing file /home/airflow/.local/lib/python3.7/site-packages/airflow/example_dags/example_kubernetes_executor.py for tasks to queue
[2022-11-20T17:33:21.794+0000] {logging_mixin.py:120} INFO - [2022-11-20T17:33:21.794+0000] {dagbag.py:537} INFO - Filling up the DagBag from /home/airflow/.local/lib/python3.7/site-packages/airflow/example_dags/example_kubernetes_executor.py
[2022-11-20T17:33:21.807+0000] {processor.py:766} INFO - DAG(s) dict_keys(['example_kubernetes_executor']) retrieved from /home/airflow/.local/lib/python3.7/site-packages/airflow/example_dags/example_kubernetes_executor.py
[2022-11-20T17:33:21.828+0000] {logging_mixin.py:120} INFO - [2022-11-20T17:33:21.828+0000] {dag.py:2585} INFO - Sync 1 DAGs
[2022-11-20T17:33:21.839+0000] {logging_mixin.py:120} INFO - [2022-11-20T17:33:21.839+0000] {dag.py:3340} INFO - Setting next_dagrun for example_kubernetes_executor to None, run_after=None
[2022-11-20T17:33:21.848+0000] {processor.py:176} INFO - Processing /home/airflow/.local/lib/python3.7/site-packages/airflow/example_dags/example_kubernetes_executor.py took 0.056 seconds
[2022-11-20T17:33:52.736+0000] {processor.py:154} INFO - Started process (PID=4070) to work on /home/airflow/.local/lib/python3.7/site-packages/airflow/example_dags/example_kubernetes_executor.py
[2022-11-20T17:33:52.737+0000] {processor.py:756} INFO - Processing file /home/airflow/.local/lib/python3.7/site-packages/airflow/example_dags/example_kubernetes_executor.py for tasks to queue
[2022-11-20T17:33:52.737+0000] {logging_mixin.py:120} INFO - [2022-11-20T17:33:52.737+0000] {dagbag.py:537} INFO - Filling up the DagBag from /home/airflow/.local/lib/python3.7/site-packages/airflow/example_dags/example_kubernetes_executor.py
[2022-11-20T17:33:52.753+0000] {processor.py:766} INFO - DAG(s) dict_keys(['example_kubernetes_executor']) retrieved from /home/airflow/.local/lib/python3.7/site-packages/airflow/example_dags/example_kubernetes_executor.py
[2022-11-20T17:33:52.778+0000] {logging_mixin.py:120} INFO - [2022-11-20T17:33:52.778+0000] {dag.py:2585} INFO - Sync 1 DAGs
[2022-11-20T17:33:52.791+0000] {logging_mixin.py:120} INFO - [2022-11-20T17:33:52.791+0000] {dag.py:3340} INFO - Setting next_dagrun for example_kubernetes_executor to None, run_after=None
[2022-11-20T17:33:52.801+0000] {processor.py:176} INFO - Processing /home/airflow/.local/lib/python3.7/site-packages/airflow/example_dags/example_kubernetes_executor.py took 0.067 seconds
[2022-11-20T17:34:23.724+0000] {processor.py:154} INFO - Started process (PID=4136) to work on /home/airflow/.local/lib/python3.7/site-packages/airflow/example_dags/example_kubernetes_executor.py
[2022-11-20T17:34:23.724+0000] {processor.py:756} INFO - Processing file /home/airflow/.local/lib/python3.7/site-packages/airflow/example_dags/example_kubernetes_executor.py for tasks to queue
[2022-11-20T17:34:23.725+0000] {logging_mixin.py:120} INFO - [2022-11-20T17:34:23.725+0000] {dagbag.py:537} INFO - Filling up the DagBag from /home/airflow/.local/lib/python3.7/site-packages/airflow/example_dags/example_kubernetes_executor.py
[2022-11-20T17:34:23.742+0000] {processor.py:766} INFO - DAG(s) dict_keys(['example_kubernetes_executor']) retrieved from /home/airflow/.local/lib/python3.7/site-packages/airflow/example_dags/example_kubernetes_executor.py
[2022-11-20T17:34:23.768+0000] {logging_mixin.py:120} INFO - [2022-11-20T17:34:23.768+0000] {dag.py:2585} INFO - Sync 1 DAGs
[2022-11-20T17:34:23.781+0000] {logging_mixin.py:120} INFO - [2022-11-20T17:34:23.781+0000] {dag.py:3340} INFO - Setting next_dagrun for example_kubernetes_executor to None, run_after=None
[2022-11-20T17:34:23.791+0000] {processor.py:176} INFO - Processing /home/airflow/.local/lib/python3.7/site-packages/airflow/example_dags/example_kubernetes_executor.py took 0.069 seconds
[2022-11-20T17:34:54.749+0000] {processor.py:154} INFO - Started process (PID=4206) to work on /home/airflow/.local/lib/python3.7/site-packages/airflow/example_dags/example_kubernetes_executor.py
[2022-11-20T17:34:54.749+0000] {processor.py:756} INFO - Processing file /home/airflow/.local/lib/python3.7/site-packages/airflow/example_dags/example_kubernetes_executor.py for tasks to queue
[2022-11-20T17:34:54.750+0000] {logging_mixin.py:120} INFO - [2022-11-20T17:34:54.750+0000] {dagbag.py:537} INFO - Filling up the DagBag from /home/airflow/.local/lib/python3.7/site-packages/airflow/example_dags/example_kubernetes_executor.py
[2022-11-20T17:34:54.766+0000] {processor.py:766} INFO - DAG(s) dict_keys(['example_kubernetes_executor']) retrieved from /home/airflow/.local/lib/python3.7/site-packages/airflow/example_dags/example_kubernetes_executor.py
[2022-11-20T17:34:54.787+0000] {logging_mixin.py:120} INFO - [2022-11-20T17:34:54.787+0000] {dag.py:2585} INFO - Sync 1 DAGs
[2022-11-20T17:34:54.799+0000] {logging_mixin.py:120} INFO - [2022-11-20T17:34:54.799+0000] {dag.py:3340} INFO - Setting next_dagrun for example_kubernetes_executor to None, run_after=None
[2022-11-20T17:34:54.808+0000] {processor.py:176} INFO - Processing /home/airflow/.local/lib/python3.7/site-packages/airflow/example_dags/example_kubernetes_executor.py took 0.062 seconds
[2022-11-20T17:35:25.621+0000] {processor.py:154} INFO - Started process (PID=4262) to work on /home/airflow/.local/lib/python3.7/site-packages/airflow/example_dags/example_kubernetes_executor.py
[2022-11-20T17:35:25.621+0000] {processor.py:756} INFO - Processing file /home/airflow/.local/lib/python3.7/site-packages/airflow/example_dags/example_kubernetes_executor.py for tasks to queue
[2022-11-20T17:35:25.622+0000] {logging_mixin.py:120} INFO - [2022-11-20T17:35:25.622+0000] {dagbag.py:537} INFO - Filling up the DagBag from /home/airflow/.local/lib/python3.7/site-packages/airflow/example_dags/example_kubernetes_executor.py
[2022-11-20T17:35:25.637+0000] {processor.py:766} INFO - DAG(s) dict_keys(['example_kubernetes_executor']) retrieved from /home/airflow/.local/lib/python3.7/site-packages/airflow/example_dags/example_kubernetes_executor.py
[2022-11-20T17:35:25.657+0000] {logging_mixin.py:120} INFO - [2022-11-20T17:35:25.657+0000] {dag.py:2585} INFO - Sync 1 DAGs
[2022-11-20T17:35:25.669+0000] {logging_mixin.py:120} INFO - [2022-11-20T17:35:25.669+0000] {dag.py:3340} INFO - Setting next_dagrun for example_kubernetes_executor to None, run_after=None
[2022-11-20T17:35:25.677+0000] {processor.py:176} INFO - Processing /home/airflow/.local/lib/python3.7/site-packages/airflow/example_dags/example_kubernetes_executor.py took 0.058 seconds
