[2022-11-20T12:59:11.220+0000] {processor.py:154} INFO - Started process (PID=60) to work on /home/airflow/.local/lib/python3.7/site-packages/airflow/example_dags/example_bash_operator.py
[2022-11-20T12:59:11.221+0000] {processor.py:756} INFO - Processing file /home/airflow/.local/lib/python3.7/site-packages/airflow/example_dags/example_bash_operator.py for tasks to queue
[2022-11-20T12:59:11.221+0000] {logging_mixin.py:120} INFO - [2022-11-20T12:59:11.221+0000] {dagbag.py:537} INFO - Filling up the DagBag from /home/airflow/.local/lib/python3.7/site-packages/airflow/example_dags/example_bash_operator.py
[2022-11-20T12:59:11.245+0000] {processor.py:766} INFO - DAG(s) dict_keys(['example_bash_operator']) retrieved from /home/airflow/.local/lib/python3.7/site-packages/airflow/example_dags/example_bash_operator.py
[2022-11-20T12:59:11.330+0000] {logging_mixin.py:120} INFO - [2022-11-20T12:59:11.330+0000] {dag.py:2585} INFO - Sync 1 DAGs
[2022-11-20T12:59:11.396+0000] {logging_mixin.py:120} INFO - [2022-11-20T12:59:11.395+0000] {dag.py:3340} INFO - Setting next_dagrun for example_bash_operator to 2022-11-19T00:00:00+00:00, run_after=2022-11-20T00:00:00+00:00
[2022-11-20T12:59:11.427+0000] {processor.py:176} INFO - Processing /home/airflow/.local/lib/python3.7/site-packages/airflow/example_dags/example_bash_operator.py took 0.209 seconds
[2022-11-20T12:59:42.410+0000] {processor.py:154} INFO - Started process (PID=135) to work on /home/airflow/.local/lib/python3.7/site-packages/airflow/example_dags/example_bash_operator.py
[2022-11-20T12:59:42.411+0000] {processor.py:756} INFO - Processing file /home/airflow/.local/lib/python3.7/site-packages/airflow/example_dags/example_bash_operator.py for tasks to queue
[2022-11-20T12:59:42.413+0000] {logging_mixin.py:120} INFO - [2022-11-20T12:59:42.413+0000] {dagbag.py:537} INFO - Filling up the DagBag from /home/airflow/.local/lib/python3.7/site-packages/airflow/example_dags/example_bash_operator.py
[2022-11-20T12:59:42.428+0000] {processor.py:766} INFO - DAG(s) dict_keys(['example_bash_operator']) retrieved from /home/airflow/.local/lib/python3.7/site-packages/airflow/example_dags/example_bash_operator.py
[2022-11-20T12:59:42.452+0000] {logging_mixin.py:120} INFO - [2022-11-20T12:59:42.452+0000] {dag.py:2585} INFO - Sync 1 DAGs
[2022-11-20T12:59:42.467+0000] {logging_mixin.py:120} INFO - [2022-11-20T12:59:42.467+0000] {dag.py:3340} INFO - Setting next_dagrun for example_bash_operator to 2022-11-19T00:00:00+00:00, run_after=2022-11-20T00:00:00+00:00
[2022-11-20T12:59:42.479+0000] {processor.py:176} INFO - Processing /home/airflow/.local/lib/python3.7/site-packages/airflow/example_dags/example_bash_operator.py took 0.072 seconds
[2022-11-20T13:00:13.189+0000] {processor.py:154} INFO - Started process (PID=203) to work on /home/airflow/.local/lib/python3.7/site-packages/airflow/example_dags/example_bash_operator.py
[2022-11-20T13:00:13.190+0000] {processor.py:756} INFO - Processing file /home/airflow/.local/lib/python3.7/site-packages/airflow/example_dags/example_bash_operator.py for tasks to queue
[2022-11-20T13:00:13.191+0000] {logging_mixin.py:120} INFO - [2022-11-20T13:00:13.191+0000] {dagbag.py:537} INFO - Filling up the DagBag from /home/airflow/.local/lib/python3.7/site-packages/airflow/example_dags/example_bash_operator.py
[2022-11-20T13:00:13.205+0000] {processor.py:766} INFO - DAG(s) dict_keys(['example_bash_operator']) retrieved from /home/airflow/.local/lib/python3.7/site-packages/airflow/example_dags/example_bash_operator.py
[2022-11-20T13:00:13.239+0000] {logging_mixin.py:120} INFO - [2022-11-20T13:00:13.239+0000] {dag.py:2585} INFO - Sync 1 DAGs
[2022-11-20T13:00:13.254+0000] {logging_mixin.py:120} INFO - [2022-11-20T13:00:13.253+0000] {dag.py:3340} INFO - Setting next_dagrun for example_bash_operator to 2022-11-19T00:00:00+00:00, run_after=2022-11-20T00:00:00+00:00
[2022-11-20T13:00:13.265+0000] {processor.py:176} INFO - Processing /home/airflow/.local/lib/python3.7/site-packages/airflow/example_dags/example_bash_operator.py took 0.078 seconds
[2022-11-20T13:00:43.921+0000] {processor.py:154} INFO - Started process (PID=271) to work on /home/airflow/.local/lib/python3.7/site-packages/airflow/example_dags/example_bash_operator.py
[2022-11-20T13:00:43.922+0000] {processor.py:756} INFO - Processing file /home/airflow/.local/lib/python3.7/site-packages/airflow/example_dags/example_bash_operator.py for tasks to queue
[2022-11-20T13:00:43.923+0000] {logging_mixin.py:120} INFO - [2022-11-20T13:00:43.923+0000] {dagbag.py:537} INFO - Filling up the DagBag from /home/airflow/.local/lib/python3.7/site-packages/airflow/example_dags/example_bash_operator.py
[2022-11-20T13:00:43.939+0000] {processor.py:766} INFO - DAG(s) dict_keys(['example_bash_operator']) retrieved from /home/airflow/.local/lib/python3.7/site-packages/airflow/example_dags/example_bash_operator.py
[2022-11-20T13:00:43.969+0000] {logging_mixin.py:120} INFO - [2022-11-20T13:00:43.969+0000] {dag.py:2585} INFO - Sync 1 DAGs
[2022-11-20T13:00:43.984+0000] {logging_mixin.py:120} INFO - [2022-11-20T13:00:43.984+0000] {dag.py:3340} INFO - Setting next_dagrun for example_bash_operator to 2022-11-19T00:00:00+00:00, run_after=2022-11-20T00:00:00+00:00
[2022-11-20T13:00:43.997+0000] {processor.py:176} INFO - Processing /home/airflow/.local/lib/python3.7/site-packages/airflow/example_dags/example_bash_operator.py took 0.078 seconds
[2022-11-20T13:01:14.958+0000] {processor.py:154} INFO - Started process (PID=339) to work on /home/airflow/.local/lib/python3.7/site-packages/airflow/example_dags/example_bash_operator.py
[2022-11-20T13:01:14.958+0000] {processor.py:756} INFO - Processing file /home/airflow/.local/lib/python3.7/site-packages/airflow/example_dags/example_bash_operator.py for tasks to queue
[2022-11-20T13:01:14.959+0000] {logging_mixin.py:120} INFO - [2022-11-20T13:01:14.959+0000] {dagbag.py:537} INFO - Filling up the DagBag from /home/airflow/.local/lib/python3.7/site-packages/airflow/example_dags/example_bash_operator.py
[2022-11-20T13:01:14.970+0000] {processor.py:766} INFO - DAG(s) dict_keys(['example_bash_operator']) retrieved from /home/airflow/.local/lib/python3.7/site-packages/airflow/example_dags/example_bash_operator.py
[2022-11-20T13:01:14.996+0000] {logging_mixin.py:120} INFO - [2022-11-20T13:01:14.996+0000] {dag.py:2585} INFO - Sync 1 DAGs
[2022-11-20T13:01:15.012+0000] {logging_mixin.py:120} INFO - [2022-11-20T13:01:15.012+0000] {dag.py:3340} INFO - Setting next_dagrun for example_bash_operator to 2022-11-19T00:00:00+00:00, run_after=2022-11-20T00:00:00+00:00
[2022-11-20T13:01:15.026+0000] {processor.py:176} INFO - Processing /home/airflow/.local/lib/python3.7/site-packages/airflow/example_dags/example_bash_operator.py took 0.070 seconds
[2022-11-20T13:01:45.125+0000] {processor.py:154} INFO - Started process (PID=398) to work on /home/airflow/.local/lib/python3.7/site-packages/airflow/example_dags/example_bash_operator.py
[2022-11-20T13:01:45.127+0000] {processor.py:756} INFO - Processing file /home/airflow/.local/lib/python3.7/site-packages/airflow/example_dags/example_bash_operator.py for tasks to queue
[2022-11-20T13:01:45.128+0000] {logging_mixin.py:120} INFO - [2022-11-20T13:01:45.128+0000] {dagbag.py:537} INFO - Filling up the DagBag from /home/airflow/.local/lib/python3.7/site-packages/airflow/example_dags/example_bash_operator.py
[2022-11-20T13:01:45.148+0000] {processor.py:766} INFO - DAG(s) dict_keys(['example_bash_operator']) retrieved from /home/airflow/.local/lib/python3.7/site-packages/airflow/example_dags/example_bash_operator.py
[2022-11-20T13:01:45.174+0000] {logging_mixin.py:120} INFO - [2022-11-20T13:01:45.174+0000] {dag.py:2585} INFO - Sync 1 DAGs
[2022-11-20T13:01:45.187+0000] {logging_mixin.py:120} INFO - [2022-11-20T13:01:45.187+0000] {dag.py:3340} INFO - Setting next_dagrun for example_bash_operator to 2022-11-19T00:00:00+00:00, run_after=2022-11-20T00:00:00+00:00
[2022-11-20T13:01:45.199+0000] {processor.py:176} INFO - Processing /home/airflow/.local/lib/python3.7/site-packages/airflow/example_dags/example_bash_operator.py took 0.078 seconds
[2022-11-20T13:02:16.056+0000] {processor.py:154} INFO - Started process (PID=464) to work on /home/airflow/.local/lib/python3.7/site-packages/airflow/example_dags/example_bash_operator.py
[2022-11-20T13:02:16.059+0000] {processor.py:756} INFO - Processing file /home/airflow/.local/lib/python3.7/site-packages/airflow/example_dags/example_bash_operator.py for tasks to queue
[2022-11-20T13:02:16.060+0000] {logging_mixin.py:120} INFO - [2022-11-20T13:02:16.060+0000] {dagbag.py:537} INFO - Filling up the DagBag from /home/airflow/.local/lib/python3.7/site-packages/airflow/example_dags/example_bash_operator.py
[2022-11-20T13:02:16.079+0000] {processor.py:766} INFO - DAG(s) dict_keys(['example_bash_operator']) retrieved from /home/airflow/.local/lib/python3.7/site-packages/airflow/example_dags/example_bash_operator.py
[2022-11-20T13:02:16.106+0000] {logging_mixin.py:120} INFO - [2022-11-20T13:02:16.106+0000] {dag.py:2585} INFO - Sync 1 DAGs
[2022-11-20T13:02:16.119+0000] {logging_mixin.py:120} INFO - [2022-11-20T13:02:16.119+0000] {dag.py:3340} INFO - Setting next_dagrun for example_bash_operator to 2022-11-19T00:00:00+00:00, run_after=2022-11-20T00:00:00+00:00
[2022-11-20T13:02:16.130+0000] {processor.py:176} INFO - Processing /home/airflow/.local/lib/python3.7/site-packages/airflow/example_dags/example_bash_operator.py took 0.078 seconds
[2022-11-20T13:02:46.768+0000] {processor.py:154} INFO - Started process (PID=533) to work on /home/airflow/.local/lib/python3.7/site-packages/airflow/example_dags/example_bash_operator.py
[2022-11-20T13:02:46.769+0000] {processor.py:756} INFO - Processing file /home/airflow/.local/lib/python3.7/site-packages/airflow/example_dags/example_bash_operator.py for tasks to queue
[2022-11-20T13:02:46.769+0000] {logging_mixin.py:120} INFO - [2022-11-20T13:02:46.769+0000] {dagbag.py:537} INFO - Filling up the DagBag from /home/airflow/.local/lib/python3.7/site-packages/airflow/example_dags/example_bash_operator.py
[2022-11-20T13:02:46.781+0000] {processor.py:766} INFO - DAG(s) dict_keys(['example_bash_operator']) retrieved from /home/airflow/.local/lib/python3.7/site-packages/airflow/example_dags/example_bash_operator.py
[2022-11-20T13:02:46.806+0000] {logging_mixin.py:120} INFO - [2022-11-20T13:02:46.806+0000] {dag.py:2585} INFO - Sync 1 DAGs
[2022-11-20T13:02:46.820+0000] {logging_mixin.py:120} INFO - [2022-11-20T13:02:46.820+0000] {dag.py:3340} INFO - Setting next_dagrun for example_bash_operator to 2022-11-19T00:00:00+00:00, run_after=2022-11-20T00:00:00+00:00
[2022-11-20T13:02:46.832+0000] {processor.py:176} INFO - Processing /home/airflow/.local/lib/python3.7/site-packages/airflow/example_dags/example_bash_operator.py took 0.066 seconds
[2022-11-20T13:03:17.861+0000] {processor.py:154} INFO - Started process (PID=596) to work on /home/airflow/.local/lib/python3.7/site-packages/airflow/example_dags/example_bash_operator.py
[2022-11-20T13:03:17.862+0000] {processor.py:756} INFO - Processing file /home/airflow/.local/lib/python3.7/site-packages/airflow/example_dags/example_bash_operator.py for tasks to queue
[2022-11-20T13:03:17.863+0000] {logging_mixin.py:120} INFO - [2022-11-20T13:03:17.863+0000] {dagbag.py:537} INFO - Filling up the DagBag from /home/airflow/.local/lib/python3.7/site-packages/airflow/example_dags/example_bash_operator.py
[2022-11-20T13:03:17.885+0000] {processor.py:766} INFO - DAG(s) dict_keys(['example_bash_operator']) retrieved from /home/airflow/.local/lib/python3.7/site-packages/airflow/example_dags/example_bash_operator.py
[2022-11-20T13:03:17.913+0000] {logging_mixin.py:120} INFO - [2022-11-20T13:03:17.913+0000] {dag.py:2585} INFO - Sync 1 DAGs
[2022-11-20T13:03:17.926+0000] {logging_mixin.py:120} INFO - [2022-11-20T13:03:17.926+0000] {dag.py:3340} INFO - Setting next_dagrun for example_bash_operator to 2022-11-19T00:00:00+00:00, run_after=2022-11-20T00:00:00+00:00
[2022-11-20T13:03:17.937+0000] {processor.py:176} INFO - Processing /home/airflow/.local/lib/python3.7/site-packages/airflow/example_dags/example_bash_operator.py took 0.080 seconds
[2022-11-20T13:03:48.542+0000] {processor.py:154} INFO - Started process (PID=664) to work on /home/airflow/.local/lib/python3.7/site-packages/airflow/example_dags/example_bash_operator.py
[2022-11-20T13:03:48.543+0000] {processor.py:756} INFO - Processing file /home/airflow/.local/lib/python3.7/site-packages/airflow/example_dags/example_bash_operator.py for tasks to queue
[2022-11-20T13:03:48.544+0000] {logging_mixin.py:120} INFO - [2022-11-20T13:03:48.544+0000] {dagbag.py:537} INFO - Filling up the DagBag from /home/airflow/.local/lib/python3.7/site-packages/airflow/example_dags/example_bash_operator.py
[2022-11-20T13:03:48.561+0000] {processor.py:766} INFO - DAG(s) dict_keys(['example_bash_operator']) retrieved from /home/airflow/.local/lib/python3.7/site-packages/airflow/example_dags/example_bash_operator.py
[2022-11-20T13:03:48.585+0000] {logging_mixin.py:120} INFO - [2022-11-20T13:03:48.585+0000] {dag.py:2585} INFO - Sync 1 DAGs
[2022-11-20T13:03:48.598+0000] {logging_mixin.py:120} INFO - [2022-11-20T13:03:48.598+0000] {dag.py:3340} INFO - Setting next_dagrun for example_bash_operator to 2022-11-19T00:00:00+00:00, run_after=2022-11-20T00:00:00+00:00
[2022-11-20T13:03:48.609+0000] {processor.py:176} INFO - Processing /home/airflow/.local/lib/python3.7/site-packages/airflow/example_dags/example_bash_operator.py took 0.070 seconds
[2022-11-20T13:04:19.427+0000] {processor.py:154} INFO - Started process (PID=733) to work on /home/airflow/.local/lib/python3.7/site-packages/airflow/example_dags/example_bash_operator.py
[2022-11-20T13:04:19.428+0000] {processor.py:756} INFO - Processing file /home/airflow/.local/lib/python3.7/site-packages/airflow/example_dags/example_bash_operator.py for tasks to queue
[2022-11-20T13:04:19.429+0000] {logging_mixin.py:120} INFO - [2022-11-20T13:04:19.429+0000] {dagbag.py:537} INFO - Filling up the DagBag from /home/airflow/.local/lib/python3.7/site-packages/airflow/example_dags/example_bash_operator.py
[2022-11-20T13:04:19.448+0000] {processor.py:766} INFO - DAG(s) dict_keys(['example_bash_operator']) retrieved from /home/airflow/.local/lib/python3.7/site-packages/airflow/example_dags/example_bash_operator.py
[2022-11-20T13:04:19.479+0000] {logging_mixin.py:120} INFO - [2022-11-20T13:04:19.479+0000] {dag.py:2585} INFO - Sync 1 DAGs
[2022-11-20T13:04:19.495+0000] {logging_mixin.py:120} INFO - [2022-11-20T13:04:19.495+0000] {dag.py:3340} INFO - Setting next_dagrun for example_bash_operator to 2022-11-19T00:00:00+00:00, run_after=2022-11-20T00:00:00+00:00
[2022-11-20T13:04:19.508+0000] {processor.py:176} INFO - Processing /home/airflow/.local/lib/python3.7/site-packages/airflow/example_dags/example_bash_operator.py took 0.088 seconds
[2022-11-20T13:04:50.521+0000] {processor.py:154} INFO - Started process (PID=803) to work on /home/airflow/.local/lib/python3.7/site-packages/airflow/example_dags/example_bash_operator.py
[2022-11-20T13:04:50.523+0000] {processor.py:756} INFO - Processing file /home/airflow/.local/lib/python3.7/site-packages/airflow/example_dags/example_bash_operator.py for tasks to queue
[2022-11-20T13:04:50.524+0000] {logging_mixin.py:120} INFO - [2022-11-20T13:04:50.524+0000] {dagbag.py:537} INFO - Filling up the DagBag from /home/airflow/.local/lib/python3.7/site-packages/airflow/example_dags/example_bash_operator.py
[2022-11-20T13:04:50.542+0000] {processor.py:766} INFO - DAG(s) dict_keys(['example_bash_operator']) retrieved from /home/airflow/.local/lib/python3.7/site-packages/airflow/example_dags/example_bash_operator.py
[2022-11-20T13:04:50.569+0000] {logging_mixin.py:120} INFO - [2022-11-20T13:04:50.569+0000] {dag.py:2585} INFO - Sync 1 DAGs
[2022-11-20T13:04:50.584+0000] {logging_mixin.py:120} INFO - [2022-11-20T13:04:50.584+0000] {dag.py:3340} INFO - Setting next_dagrun for example_bash_operator to 2022-11-19T00:00:00+00:00, run_after=2022-11-20T00:00:00+00:00
[2022-11-20T13:04:50.595+0000] {processor.py:176} INFO - Processing /home/airflow/.local/lib/python3.7/site-packages/airflow/example_dags/example_bash_operator.py took 0.079 seconds
[2022-11-20T13:05:21.624+0000] {processor.py:154} INFO - Started process (PID=868) to work on /home/airflow/.local/lib/python3.7/site-packages/airflow/example_dags/example_bash_operator.py
[2022-11-20T13:05:21.626+0000] {processor.py:756} INFO - Processing file /home/airflow/.local/lib/python3.7/site-packages/airflow/example_dags/example_bash_operator.py for tasks to queue
[2022-11-20T13:05:21.627+0000] {logging_mixin.py:120} INFO - [2022-11-20T13:05:21.627+0000] {dagbag.py:537} INFO - Filling up the DagBag from /home/airflow/.local/lib/python3.7/site-packages/airflow/example_dags/example_bash_operator.py
[2022-11-20T13:05:21.647+0000] {processor.py:766} INFO - DAG(s) dict_keys(['example_bash_operator']) retrieved from /home/airflow/.local/lib/python3.7/site-packages/airflow/example_dags/example_bash_operator.py
[2022-11-20T13:05:21.670+0000] {logging_mixin.py:120} INFO - [2022-11-20T13:05:21.670+0000] {dag.py:2585} INFO - Sync 1 DAGs
[2022-11-20T13:05:21.684+0000] {logging_mixin.py:120} INFO - [2022-11-20T13:05:21.683+0000] {dag.py:3340} INFO - Setting next_dagrun for example_bash_operator to 2022-11-19T00:00:00+00:00, run_after=2022-11-20T00:00:00+00:00
[2022-11-20T13:05:21.694+0000] {processor.py:176} INFO - Processing /home/airflow/.local/lib/python3.7/site-packages/airflow/example_dags/example_bash_operator.py took 0.074 seconds
[2022-11-20T13:05:52.263+0000] {processor.py:154} INFO - Started process (PID=926) to work on /home/airflow/.local/lib/python3.7/site-packages/airflow/example_dags/example_bash_operator.py
[2022-11-20T13:05:52.265+0000] {processor.py:756} INFO - Processing file /home/airflow/.local/lib/python3.7/site-packages/airflow/example_dags/example_bash_operator.py for tasks to queue
[2022-11-20T13:05:52.265+0000] {logging_mixin.py:120} INFO - [2022-11-20T13:05:52.265+0000] {dagbag.py:537} INFO - Filling up the DagBag from /home/airflow/.local/lib/python3.7/site-packages/airflow/example_dags/example_bash_operator.py
[2022-11-20T13:05:52.285+0000] {processor.py:766} INFO - DAG(s) dict_keys(['example_bash_operator']) retrieved from /home/airflow/.local/lib/python3.7/site-packages/airflow/example_dags/example_bash_operator.py
[2022-11-20T13:05:52.312+0000] {logging_mixin.py:120} INFO - [2022-11-20T13:05:52.312+0000] {dag.py:2585} INFO - Sync 1 DAGs
[2022-11-20T13:05:52.327+0000] {logging_mixin.py:120} INFO - [2022-11-20T13:05:52.327+0000] {dag.py:3340} INFO - Setting next_dagrun for example_bash_operator to 2022-11-19T00:00:00+00:00, run_after=2022-11-20T00:00:00+00:00
[2022-11-20T13:05:52.339+0000] {processor.py:176} INFO - Processing /home/airflow/.local/lib/python3.7/site-packages/airflow/example_dags/example_bash_operator.py took 0.080 seconds
[2022-11-20T13:06:23.170+0000] {processor.py:154} INFO - Started process (PID=991) to work on /home/airflow/.local/lib/python3.7/site-packages/airflow/example_dags/example_bash_operator.py
[2022-11-20T13:06:23.171+0000] {processor.py:756} INFO - Processing file /home/airflow/.local/lib/python3.7/site-packages/airflow/example_dags/example_bash_operator.py for tasks to queue
[2022-11-20T13:06:23.172+0000] {logging_mixin.py:120} INFO - [2022-11-20T13:06:23.172+0000] {dagbag.py:537} INFO - Filling up the DagBag from /home/airflow/.local/lib/python3.7/site-packages/airflow/example_dags/example_bash_operator.py
[2022-11-20T13:06:23.198+0000] {processor.py:766} INFO - DAG(s) dict_keys(['example_bash_operator']) retrieved from /home/airflow/.local/lib/python3.7/site-packages/airflow/example_dags/example_bash_operator.py
[2022-11-20T13:06:23.225+0000] {logging_mixin.py:120} INFO - [2022-11-20T13:06:23.225+0000] {dag.py:2585} INFO - Sync 1 DAGs
[2022-11-20T13:06:23.239+0000] {logging_mixin.py:120} INFO - [2022-11-20T13:06:23.239+0000] {dag.py:3340} INFO - Setting next_dagrun for example_bash_operator to 2022-11-19T00:00:00+00:00, run_after=2022-11-20T00:00:00+00:00
[2022-11-20T13:06:23.251+0000] {processor.py:176} INFO - Processing /home/airflow/.local/lib/python3.7/site-packages/airflow/example_dags/example_bash_operator.py took 0.087 seconds
[2022-11-20T13:06:53.575+0000] {processor.py:154} INFO - Started process (PID=1059) to work on /home/airflow/.local/lib/python3.7/site-packages/airflow/example_dags/example_bash_operator.py
[2022-11-20T13:06:53.577+0000] {processor.py:756} INFO - Processing file /home/airflow/.local/lib/python3.7/site-packages/airflow/example_dags/example_bash_operator.py for tasks to queue
[2022-11-20T13:06:53.578+0000] {logging_mixin.py:120} INFO - [2022-11-20T13:06:53.578+0000] {dagbag.py:537} INFO - Filling up the DagBag from /home/airflow/.local/lib/python3.7/site-packages/airflow/example_dags/example_bash_operator.py
[2022-11-20T13:06:53.599+0000] {processor.py:766} INFO - DAG(s) dict_keys(['example_bash_operator']) retrieved from /home/airflow/.local/lib/python3.7/site-packages/airflow/example_dags/example_bash_operator.py
[2022-11-20T13:06:53.631+0000] {logging_mixin.py:120} INFO - [2022-11-20T13:06:53.631+0000] {dag.py:2585} INFO - Sync 1 DAGs
[2022-11-20T13:06:53.647+0000] {logging_mixin.py:120} INFO - [2022-11-20T13:06:53.647+0000] {dag.py:3340} INFO - Setting next_dagrun for example_bash_operator to 2022-11-19T00:00:00+00:00, run_after=2022-11-20T00:00:00+00:00
[2022-11-20T13:06:53.660+0000] {processor.py:176} INFO - Processing /home/airflow/.local/lib/python3.7/site-packages/airflow/example_dags/example_bash_operator.py took 0.089 seconds
[2022-11-20T13:18:23.600+0000] {processor.py:154} INFO - Started process (PID=1104) to work on /home/airflow/.local/lib/python3.7/site-packages/airflow/example_dags/example_bash_operator.py
[2022-11-20T13:18:23.602+0000] {processor.py:756} INFO - Processing file /home/airflow/.local/lib/python3.7/site-packages/airflow/example_dags/example_bash_operator.py for tasks to queue
[2022-11-20T13:18:23.603+0000] {logging_mixin.py:120} INFO - [2022-11-20T13:18:23.603+0000] {dagbag.py:537} INFO - Filling up the DagBag from /home/airflow/.local/lib/python3.7/site-packages/airflow/example_dags/example_bash_operator.py
[2022-11-20T13:18:23.625+0000] {processor.py:766} INFO - DAG(s) dict_keys(['example_bash_operator']) retrieved from /home/airflow/.local/lib/python3.7/site-packages/airflow/example_dags/example_bash_operator.py
[2022-11-20T13:18:23.656+0000] {logging_mixin.py:120} INFO - [2022-11-20T13:18:23.656+0000] {dag.py:2585} INFO - Sync 1 DAGs
[2022-11-20T13:18:23.673+0000] {logging_mixin.py:120} INFO - [2022-11-20T13:18:23.673+0000] {dag.py:3340} INFO - Setting next_dagrun for example_bash_operator to 2022-11-19T00:00:00+00:00, run_after=2022-11-20T00:00:00+00:00
[2022-11-20T13:18:23.686+0000] {processor.py:176} INFO - Processing /home/airflow/.local/lib/python3.7/site-packages/airflow/example_dags/example_bash_operator.py took 0.090 seconds
[2022-11-20T13:18:53.977+0000] {processor.py:154} INFO - Started process (PID=1171) to work on /home/airflow/.local/lib/python3.7/site-packages/airflow/example_dags/example_bash_operator.py
[2022-11-20T13:18:53.977+0000] {processor.py:756} INFO - Processing file /home/airflow/.local/lib/python3.7/site-packages/airflow/example_dags/example_bash_operator.py for tasks to queue
[2022-11-20T13:18:53.978+0000] {logging_mixin.py:120} INFO - [2022-11-20T13:18:53.978+0000] {dagbag.py:537} INFO - Filling up the DagBag from /home/airflow/.local/lib/python3.7/site-packages/airflow/example_dags/example_bash_operator.py
[2022-11-20T13:18:53.988+0000] {processor.py:766} INFO - DAG(s) dict_keys(['example_bash_operator']) retrieved from /home/airflow/.local/lib/python3.7/site-packages/airflow/example_dags/example_bash_operator.py
[2022-11-20T13:18:54.011+0000] {logging_mixin.py:120} INFO - [2022-11-20T13:18:54.011+0000] {dag.py:2585} INFO - Sync 1 DAGs
[2022-11-20T13:18:54.024+0000] {logging_mixin.py:120} INFO - [2022-11-20T13:18:54.024+0000] {dag.py:3340} INFO - Setting next_dagrun for example_bash_operator to 2022-11-19T00:00:00+00:00, run_after=2022-11-20T00:00:00+00:00
[2022-11-20T13:18:54.034+0000] {processor.py:176} INFO - Processing /home/airflow/.local/lib/python3.7/site-packages/airflow/example_dags/example_bash_operator.py took 0.059 seconds
[2022-11-20T13:19:25.049+0000] {processor.py:154} INFO - Started process (PID=1238) to work on /home/airflow/.local/lib/python3.7/site-packages/airflow/example_dags/example_bash_operator.py
[2022-11-20T13:19:25.049+0000] {processor.py:756} INFO - Processing file /home/airflow/.local/lib/python3.7/site-packages/airflow/example_dags/example_bash_operator.py for tasks to queue
[2022-11-20T13:19:25.050+0000] {logging_mixin.py:120} INFO - [2022-11-20T13:19:25.050+0000] {dagbag.py:537} INFO - Filling up the DagBag from /home/airflow/.local/lib/python3.7/site-packages/airflow/example_dags/example_bash_operator.py
[2022-11-20T13:19:25.060+0000] {processor.py:766} INFO - DAG(s) dict_keys(['example_bash_operator']) retrieved from /home/airflow/.local/lib/python3.7/site-packages/airflow/example_dags/example_bash_operator.py
[2022-11-20T13:19:25.091+0000] {logging_mixin.py:120} INFO - [2022-11-20T13:19:25.091+0000] {dag.py:2585} INFO - Sync 1 DAGs
[2022-11-20T13:19:25.107+0000] {logging_mixin.py:120} INFO - [2022-11-20T13:19:25.107+0000] {dag.py:3340} INFO - Setting next_dagrun for example_bash_operator to 2022-11-19T00:00:00+00:00, run_after=2022-11-20T00:00:00+00:00
[2022-11-20T13:19:25.117+0000] {processor.py:176} INFO - Processing /home/airflow/.local/lib/python3.7/site-packages/airflow/example_dags/example_bash_operator.py took 0.071 seconds
[2022-11-20T13:19:55.879+0000] {processor.py:154} INFO - Started process (PID=1305) to work on /home/airflow/.local/lib/python3.7/site-packages/airflow/example_dags/example_bash_operator.py
[2022-11-20T13:19:55.880+0000] {processor.py:756} INFO - Processing file /home/airflow/.local/lib/python3.7/site-packages/airflow/example_dags/example_bash_operator.py for tasks to queue
[2022-11-20T13:19:55.880+0000] {logging_mixin.py:120} INFO - [2022-11-20T13:19:55.880+0000] {dagbag.py:537} INFO - Filling up the DagBag from /home/airflow/.local/lib/python3.7/site-packages/airflow/example_dags/example_bash_operator.py
[2022-11-20T13:19:55.891+0000] {processor.py:766} INFO - DAG(s) dict_keys(['example_bash_operator']) retrieved from /home/airflow/.local/lib/python3.7/site-packages/airflow/example_dags/example_bash_operator.py
[2022-11-20T13:19:55.914+0000] {logging_mixin.py:120} INFO - [2022-11-20T13:19:55.914+0000] {dag.py:2585} INFO - Sync 1 DAGs
[2022-11-20T13:19:55.930+0000] {logging_mixin.py:120} INFO - [2022-11-20T13:19:55.930+0000] {dag.py:3340} INFO - Setting next_dagrun for example_bash_operator to 2022-11-19T00:00:00+00:00, run_after=2022-11-20T00:00:00+00:00
[2022-11-20T13:19:55.939+0000] {processor.py:176} INFO - Processing /home/airflow/.local/lib/python3.7/site-packages/airflow/example_dags/example_bash_operator.py took 0.062 seconds
[2022-11-20T13:20:27.029+0000] {processor.py:154} INFO - Started process (PID=1365) to work on /home/airflow/.local/lib/python3.7/site-packages/airflow/example_dags/example_bash_operator.py
[2022-11-20T13:20:27.030+0000] {processor.py:756} INFO - Processing file /home/airflow/.local/lib/python3.7/site-packages/airflow/example_dags/example_bash_operator.py for tasks to queue
[2022-11-20T13:20:27.030+0000] {logging_mixin.py:120} INFO - [2022-11-20T13:20:27.030+0000] {dagbag.py:537} INFO - Filling up the DagBag from /home/airflow/.local/lib/python3.7/site-packages/airflow/example_dags/example_bash_operator.py
[2022-11-20T13:20:27.041+0000] {processor.py:766} INFO - DAG(s) dict_keys(['example_bash_operator']) retrieved from /home/airflow/.local/lib/python3.7/site-packages/airflow/example_dags/example_bash_operator.py
[2022-11-20T13:20:27.065+0000] {logging_mixin.py:120} INFO - [2022-11-20T13:20:27.065+0000] {dag.py:2585} INFO - Sync 1 DAGs
[2022-11-20T13:20:27.079+0000] {logging_mixin.py:120} INFO - [2022-11-20T13:20:27.079+0000] {dag.py:3340} INFO - Setting next_dagrun for example_bash_operator to 2022-11-19T00:00:00+00:00, run_after=2022-11-20T00:00:00+00:00
[2022-11-20T13:20:27.088+0000] {processor.py:176} INFO - Processing /home/airflow/.local/lib/python3.7/site-packages/airflow/example_dags/example_bash_operator.py took 0.060 seconds
[2022-11-20T13:20:57.939+0000] {processor.py:154} INFO - Started process (PID=1432) to work on /home/airflow/.local/lib/python3.7/site-packages/airflow/example_dags/example_bash_operator.py
[2022-11-20T13:20:57.940+0000] {processor.py:756} INFO - Processing file /home/airflow/.local/lib/python3.7/site-packages/airflow/example_dags/example_bash_operator.py for tasks to queue
[2022-11-20T13:20:57.941+0000] {logging_mixin.py:120} INFO - [2022-11-20T13:20:57.941+0000] {dagbag.py:537} INFO - Filling up the DagBag from /home/airflow/.local/lib/python3.7/site-packages/airflow/example_dags/example_bash_operator.py
[2022-11-20T13:20:57.953+0000] {processor.py:766} INFO - DAG(s) dict_keys(['example_bash_operator']) retrieved from /home/airflow/.local/lib/python3.7/site-packages/airflow/example_dags/example_bash_operator.py
[2022-11-20T13:20:57.980+0000] {logging_mixin.py:120} INFO - [2022-11-20T13:20:57.980+0000] {dag.py:2585} INFO - Sync 1 DAGs
[2022-11-20T13:20:57.995+0000] {logging_mixin.py:120} INFO - [2022-11-20T13:20:57.995+0000] {dag.py:3340} INFO - Setting next_dagrun for example_bash_operator to 2022-11-19T00:00:00+00:00, run_after=2022-11-20T00:00:00+00:00
[2022-11-20T13:20:58.006+0000] {processor.py:176} INFO - Processing /home/airflow/.local/lib/python3.7/site-packages/airflow/example_dags/example_bash_operator.py took 0.069 seconds
[2022-11-20T13:21:29.014+0000] {processor.py:154} INFO - Started process (PID=1500) to work on /home/airflow/.local/lib/python3.7/site-packages/airflow/example_dags/example_bash_operator.py
[2022-11-20T13:21:29.014+0000] {processor.py:756} INFO - Processing file /home/airflow/.local/lib/python3.7/site-packages/airflow/example_dags/example_bash_operator.py for tasks to queue
[2022-11-20T13:21:29.015+0000] {logging_mixin.py:120} INFO - [2022-11-20T13:21:29.015+0000] {dagbag.py:537} INFO - Filling up the DagBag from /home/airflow/.local/lib/python3.7/site-packages/airflow/example_dags/example_bash_operator.py
[2022-11-20T13:21:29.026+0000] {processor.py:766} INFO - DAG(s) dict_keys(['example_bash_operator']) retrieved from /home/airflow/.local/lib/python3.7/site-packages/airflow/example_dags/example_bash_operator.py
[2022-11-20T13:21:29.049+0000] {logging_mixin.py:120} INFO - [2022-11-20T13:21:29.049+0000] {dag.py:2585} INFO - Sync 1 DAGs
[2022-11-20T13:21:29.061+0000] {logging_mixin.py:120} INFO - [2022-11-20T13:21:29.061+0000] {dag.py:3340} INFO - Setting next_dagrun for example_bash_operator to 2022-11-19T00:00:00+00:00, run_after=2022-11-20T00:00:00+00:00
[2022-11-20T13:21:29.071+0000] {processor.py:176} INFO - Processing /home/airflow/.local/lib/python3.7/site-packages/airflow/example_dags/example_bash_operator.py took 0.059 seconds
[2022-11-20T13:21:59.926+0000] {processor.py:154} INFO - Started process (PID=1565) to work on /home/airflow/.local/lib/python3.7/site-packages/airflow/example_dags/example_bash_operator.py
[2022-11-20T13:21:59.926+0000] {processor.py:756} INFO - Processing file /home/airflow/.local/lib/python3.7/site-packages/airflow/example_dags/example_bash_operator.py for tasks to queue
[2022-11-20T13:21:59.927+0000] {logging_mixin.py:120} INFO - [2022-11-20T13:21:59.927+0000] {dagbag.py:537} INFO - Filling up the DagBag from /home/airflow/.local/lib/python3.7/site-packages/airflow/example_dags/example_bash_operator.py
[2022-11-20T13:21:59.937+0000] {processor.py:766} INFO - DAG(s) dict_keys(['example_bash_operator']) retrieved from /home/airflow/.local/lib/python3.7/site-packages/airflow/example_dags/example_bash_operator.py
[2022-11-20T13:21:59.963+0000] {logging_mixin.py:120} INFO - [2022-11-20T13:21:59.963+0000] {dag.py:2585} INFO - Sync 1 DAGs
[2022-11-20T13:21:59.976+0000] {logging_mixin.py:120} INFO - [2022-11-20T13:21:59.976+0000] {dag.py:3340} INFO - Setting next_dagrun for example_bash_operator to 2022-11-19T00:00:00+00:00, run_after=2022-11-20T00:00:00+00:00
[2022-11-20T13:21:59.986+0000] {processor.py:176} INFO - Processing /home/airflow/.local/lib/python3.7/site-packages/airflow/example_dags/example_bash_operator.py took 0.062 seconds
[2022-11-20T13:22:31.142+0000] {processor.py:154} INFO - Started process (PID=1635) to work on /home/airflow/.local/lib/python3.7/site-packages/airflow/example_dags/example_bash_operator.py
[2022-11-20T13:22:31.142+0000] {processor.py:756} INFO - Processing file /home/airflow/.local/lib/python3.7/site-packages/airflow/example_dags/example_bash_operator.py for tasks to queue
[2022-11-20T13:22:31.143+0000] {logging_mixin.py:120} INFO - [2022-11-20T13:22:31.143+0000] {dagbag.py:537} INFO - Filling up the DagBag from /home/airflow/.local/lib/python3.7/site-packages/airflow/example_dags/example_bash_operator.py
[2022-11-20T13:22:31.156+0000] {processor.py:766} INFO - DAG(s) dict_keys(['example_bash_operator']) retrieved from /home/airflow/.local/lib/python3.7/site-packages/airflow/example_dags/example_bash_operator.py
[2022-11-20T13:22:31.185+0000] {logging_mixin.py:120} INFO - [2022-11-20T13:22:31.185+0000] {dag.py:2585} INFO - Sync 1 DAGs
[2022-11-20T13:22:31.203+0000] {logging_mixin.py:120} INFO - [2022-11-20T13:22:31.202+0000] {dag.py:3340} INFO - Setting next_dagrun for example_bash_operator to 2022-11-19T00:00:00+00:00, run_after=2022-11-20T00:00:00+00:00
[2022-11-20T13:22:31.213+0000] {processor.py:176} INFO - Processing /home/airflow/.local/lib/python3.7/site-packages/airflow/example_dags/example_bash_operator.py took 0.074 seconds
[2022-11-20T13:23:02.161+0000] {processor.py:154} INFO - Started process (PID=1702) to work on /home/airflow/.local/lib/python3.7/site-packages/airflow/example_dags/example_bash_operator.py
[2022-11-20T13:23:02.162+0000] {processor.py:756} INFO - Processing file /home/airflow/.local/lib/python3.7/site-packages/airflow/example_dags/example_bash_operator.py for tasks to queue
[2022-11-20T13:23:02.163+0000] {logging_mixin.py:120} INFO - [2022-11-20T13:23:02.163+0000] {dagbag.py:537} INFO - Filling up the DagBag from /home/airflow/.local/lib/python3.7/site-packages/airflow/example_dags/example_bash_operator.py
[2022-11-20T13:23:02.176+0000] {processor.py:766} INFO - DAG(s) dict_keys(['example_bash_operator']) retrieved from /home/airflow/.local/lib/python3.7/site-packages/airflow/example_dags/example_bash_operator.py
[2022-11-20T13:23:02.205+0000] {logging_mixin.py:120} INFO - [2022-11-20T13:23:02.205+0000] {dag.py:2585} INFO - Sync 1 DAGs
[2022-11-20T13:23:02.220+0000] {logging_mixin.py:120} INFO - [2022-11-20T13:23:02.220+0000] {dag.py:3340} INFO - Setting next_dagrun for example_bash_operator to 2022-11-19T00:00:00+00:00, run_after=2022-11-20T00:00:00+00:00
[2022-11-20T13:23:02.254+0000] {processor.py:176} INFO - Processing /home/airflow/.local/lib/python3.7/site-packages/airflow/example_dags/example_bash_operator.py took 0.095 seconds
[2022-11-20T13:23:32.423+0000] {processor.py:154} INFO - Started process (PID=1772) to work on /home/airflow/.local/lib/python3.7/site-packages/airflow/example_dags/example_bash_operator.py
[2022-11-20T13:23:32.424+0000] {processor.py:756} INFO - Processing file /home/airflow/.local/lib/python3.7/site-packages/airflow/example_dags/example_bash_operator.py for tasks to queue
[2022-11-20T13:23:32.424+0000] {logging_mixin.py:120} INFO - [2022-11-20T13:23:32.424+0000] {dagbag.py:537} INFO - Filling up the DagBag from /home/airflow/.local/lib/python3.7/site-packages/airflow/example_dags/example_bash_operator.py
[2022-11-20T13:23:32.435+0000] {processor.py:766} INFO - DAG(s) dict_keys(['example_bash_operator']) retrieved from /home/airflow/.local/lib/python3.7/site-packages/airflow/example_dags/example_bash_operator.py
[2022-11-20T13:23:32.457+0000] {logging_mixin.py:120} INFO - [2022-11-20T13:23:32.457+0000] {dag.py:2585} INFO - Sync 1 DAGs
[2022-11-20T13:23:32.469+0000] {logging_mixin.py:120} INFO - [2022-11-20T13:23:32.469+0000] {dag.py:3340} INFO - Setting next_dagrun for example_bash_operator to 2022-11-19T00:00:00+00:00, run_after=2022-11-20T00:00:00+00:00
[2022-11-20T13:23:32.479+0000] {processor.py:176} INFO - Processing /home/airflow/.local/lib/python3.7/site-packages/airflow/example_dags/example_bash_operator.py took 0.057 seconds
[2022-11-20T13:24:02.601+0000] {processor.py:154} INFO - Started process (PID=1830) to work on /home/airflow/.local/lib/python3.7/site-packages/airflow/example_dags/example_bash_operator.py
[2022-11-20T13:24:02.601+0000] {processor.py:756} INFO - Processing file /home/airflow/.local/lib/python3.7/site-packages/airflow/example_dags/example_bash_operator.py for tasks to queue
[2022-11-20T13:24:02.602+0000] {logging_mixin.py:120} INFO - [2022-11-20T13:24:02.602+0000] {dagbag.py:537} INFO - Filling up the DagBag from /home/airflow/.local/lib/python3.7/site-packages/airflow/example_dags/example_bash_operator.py
[2022-11-20T13:24:02.612+0000] {processor.py:766} INFO - DAG(s) dict_keys(['example_bash_operator']) retrieved from /home/airflow/.local/lib/python3.7/site-packages/airflow/example_dags/example_bash_operator.py
[2022-11-20T13:24:02.634+0000] {logging_mixin.py:120} INFO - [2022-11-20T13:24:02.634+0000] {dag.py:2585} INFO - Sync 1 DAGs
[2022-11-20T13:24:02.646+0000] {logging_mixin.py:120} INFO - [2022-11-20T13:24:02.646+0000] {dag.py:3340} INFO - Setting next_dagrun for example_bash_operator to 2022-11-19T00:00:00+00:00, run_after=2022-11-20T00:00:00+00:00
[2022-11-20T13:24:02.657+0000] {processor.py:176} INFO - Processing /home/airflow/.local/lib/python3.7/site-packages/airflow/example_dags/example_bash_operator.py took 0.058 seconds
[2022-11-20T13:24:33.735+0000] {processor.py:154} INFO - Started process (PID=1900) to work on /home/airflow/.local/lib/python3.7/site-packages/airflow/example_dags/example_bash_operator.py
[2022-11-20T13:24:33.736+0000] {processor.py:756} INFO - Processing file /home/airflow/.local/lib/python3.7/site-packages/airflow/example_dags/example_bash_operator.py for tasks to queue
[2022-11-20T13:24:33.736+0000] {logging_mixin.py:120} INFO - [2022-11-20T13:24:33.736+0000] {dagbag.py:537} INFO - Filling up the DagBag from /home/airflow/.local/lib/python3.7/site-packages/airflow/example_dags/example_bash_operator.py
[2022-11-20T13:24:33.748+0000] {processor.py:766} INFO - DAG(s) dict_keys(['example_bash_operator']) retrieved from /home/airflow/.local/lib/python3.7/site-packages/airflow/example_dags/example_bash_operator.py
[2022-11-20T13:24:33.771+0000] {logging_mixin.py:120} INFO - [2022-11-20T13:24:33.771+0000] {dag.py:2585} INFO - Sync 1 DAGs
[2022-11-20T13:24:33.786+0000] {logging_mixin.py:120} INFO - [2022-11-20T13:24:33.786+0000] {dag.py:3340} INFO - Setting next_dagrun for example_bash_operator to 2022-11-19T00:00:00+00:00, run_after=2022-11-20T00:00:00+00:00
[2022-11-20T13:24:33.795+0000] {processor.py:176} INFO - Processing /home/airflow/.local/lib/python3.7/site-packages/airflow/example_dags/example_bash_operator.py took 0.062 seconds
[2022-11-20T13:25:04.654+0000] {processor.py:154} INFO - Started process (PID=1968) to work on /home/airflow/.local/lib/python3.7/site-packages/airflow/example_dags/example_bash_operator.py
[2022-11-20T13:25:04.654+0000] {processor.py:756} INFO - Processing file /home/airflow/.local/lib/python3.7/site-packages/airflow/example_dags/example_bash_operator.py for tasks to queue
[2022-11-20T13:25:04.655+0000] {logging_mixin.py:120} INFO - [2022-11-20T13:25:04.655+0000] {dagbag.py:537} INFO - Filling up the DagBag from /home/airflow/.local/lib/python3.7/site-packages/airflow/example_dags/example_bash_operator.py
[2022-11-20T13:25:04.666+0000] {processor.py:766} INFO - DAG(s) dict_keys(['example_bash_operator']) retrieved from /home/airflow/.local/lib/python3.7/site-packages/airflow/example_dags/example_bash_operator.py
[2022-11-20T13:25:04.689+0000] {logging_mixin.py:120} INFO - [2022-11-20T13:25:04.689+0000] {dag.py:2585} INFO - Sync 1 DAGs
[2022-11-20T13:25:04.701+0000] {logging_mixin.py:120} INFO - [2022-11-20T13:25:04.701+0000] {dag.py:3340} INFO - Setting next_dagrun for example_bash_operator to 2022-11-19T00:00:00+00:00, run_after=2022-11-20T00:00:00+00:00
[2022-11-20T13:25:04.711+0000] {processor.py:176} INFO - Processing /home/airflow/.local/lib/python3.7/site-packages/airflow/example_dags/example_bash_operator.py took 0.058 seconds
[2022-11-20T13:25:35.346+0000] {processor.py:154} INFO - Started process (PID=2039) to work on /home/airflow/.local/lib/python3.7/site-packages/airflow/example_dags/example_bash_operator.py
[2022-11-20T13:25:35.346+0000] {processor.py:756} INFO - Processing file /home/airflow/.local/lib/python3.7/site-packages/airflow/example_dags/example_bash_operator.py for tasks to queue
[2022-11-20T13:25:35.347+0000] {logging_mixin.py:120} INFO - [2022-11-20T13:25:35.347+0000] {dagbag.py:537} INFO - Filling up the DagBag from /home/airflow/.local/lib/python3.7/site-packages/airflow/example_dags/example_bash_operator.py
[2022-11-20T13:25:35.358+0000] {processor.py:766} INFO - DAG(s) dict_keys(['example_bash_operator']) retrieved from /home/airflow/.local/lib/python3.7/site-packages/airflow/example_dags/example_bash_operator.py
[2022-11-20T13:25:35.381+0000] {logging_mixin.py:120} INFO - [2022-11-20T13:25:35.381+0000] {dag.py:2585} INFO - Sync 1 DAGs
[2022-11-20T13:25:35.394+0000] {logging_mixin.py:120} INFO - [2022-11-20T13:25:35.394+0000] {dag.py:3340} INFO - Setting next_dagrun for example_bash_operator to 2022-11-19T00:00:00+00:00, run_after=2022-11-20T00:00:00+00:00
[2022-11-20T13:25:35.403+0000] {processor.py:176} INFO - Processing /home/airflow/.local/lib/python3.7/site-packages/airflow/example_dags/example_bash_operator.py took 0.058 seconds
[2022-11-20T13:58:07.622+0000] {processor.py:154} INFO - Started process (PID=2087) to work on /home/airflow/.local/lib/python3.7/site-packages/airflow/example_dags/example_bash_operator.py
[2022-11-20T13:58:07.625+0000] {processor.py:756} INFO - Processing file /home/airflow/.local/lib/python3.7/site-packages/airflow/example_dags/example_bash_operator.py for tasks to queue
[2022-11-20T13:58:07.626+0000] {logging_mixin.py:120} INFO - [2022-11-20T13:58:07.626+0000] {dagbag.py:537} INFO - Filling up the DagBag from /home/airflow/.local/lib/python3.7/site-packages/airflow/example_dags/example_bash_operator.py
[2022-11-20T13:58:07.641+0000] {processor.py:766} INFO - DAG(s) dict_keys(['example_bash_operator']) retrieved from /home/airflow/.local/lib/python3.7/site-packages/airflow/example_dags/example_bash_operator.py
[2022-11-20T13:58:07.682+0000] {logging_mixin.py:120} INFO - [2022-11-20T13:58:07.682+0000] {dag.py:2585} INFO - Sync 1 DAGs
[2022-11-20T13:58:07.704+0000] {logging_mixin.py:120} INFO - [2022-11-20T13:58:07.704+0000] {dag.py:3340} INFO - Setting next_dagrun for example_bash_operator to 2022-11-19T00:00:00+00:00, run_after=2022-11-20T00:00:00+00:00
[2022-11-20T13:58:07.722+0000] {processor.py:176} INFO - Processing /home/airflow/.local/lib/python3.7/site-packages/airflow/example_dags/example_bash_operator.py took 0.102 seconds
[2022-11-20T14:14:22.665+0000] {processor.py:154} INFO - Started process (PID=2137) to work on /home/airflow/.local/lib/python3.7/site-packages/airflow/example_dags/example_bash_operator.py
[2022-11-20T14:14:22.666+0000] {processor.py:756} INFO - Processing file /home/airflow/.local/lib/python3.7/site-packages/airflow/example_dags/example_bash_operator.py for tasks to queue
[2022-11-20T14:14:22.667+0000] {logging_mixin.py:120} INFO - [2022-11-20T14:14:22.667+0000] {dagbag.py:537} INFO - Filling up the DagBag from /home/airflow/.local/lib/python3.7/site-packages/airflow/example_dags/example_bash_operator.py
[2022-11-20T14:14:22.678+0000] {processor.py:766} INFO - DAG(s) dict_keys(['example_bash_operator']) retrieved from /home/airflow/.local/lib/python3.7/site-packages/airflow/example_dags/example_bash_operator.py
[2022-11-20T14:14:22.705+0000] {logging_mixin.py:120} INFO - [2022-11-20T14:14:22.705+0000] {dag.py:2585} INFO - Sync 1 DAGs
[2022-11-20T14:14:22.721+0000] {logging_mixin.py:120} INFO - [2022-11-20T14:14:22.721+0000] {dag.py:3340} INFO - Setting next_dagrun for example_bash_operator to 2022-11-19T00:00:00+00:00, run_after=2022-11-20T00:00:00+00:00
[2022-11-20T14:14:22.731+0000] {processor.py:176} INFO - Processing /home/airflow/.local/lib/python3.7/site-packages/airflow/example_dags/example_bash_operator.py took 0.067 seconds
[2022-11-20T14:44:48.761+0000] {processor.py:154} INFO - Started process (PID=2184) to work on /home/airflow/.local/lib/python3.7/site-packages/airflow/example_dags/example_bash_operator.py
[2022-11-20T14:44:48.761+0000] {processor.py:756} INFO - Processing file /home/airflow/.local/lib/python3.7/site-packages/airflow/example_dags/example_bash_operator.py for tasks to queue
[2022-11-20T14:44:48.762+0000] {logging_mixin.py:120} INFO - [2022-11-20T14:44:48.762+0000] {dagbag.py:537} INFO - Filling up the DagBag from /home/airflow/.local/lib/python3.7/site-packages/airflow/example_dags/example_bash_operator.py
[2022-11-20T14:44:48.774+0000] {processor.py:766} INFO - DAG(s) dict_keys(['example_bash_operator']) retrieved from /home/airflow/.local/lib/python3.7/site-packages/airflow/example_dags/example_bash_operator.py
[2022-11-20T14:44:48.799+0000] {logging_mixin.py:120} INFO - [2022-11-20T14:44:48.798+0000] {dag.py:2585} INFO - Sync 1 DAGs
[2022-11-20T14:44:48.812+0000] {logging_mixin.py:120} INFO - [2022-11-20T14:44:48.812+0000] {dag.py:3340} INFO - Setting next_dagrun for example_bash_operator to 2022-11-19T00:00:00+00:00, run_after=2022-11-20T00:00:00+00:00
[2022-11-20T14:44:48.825+0000] {processor.py:176} INFO - Processing /home/airflow/.local/lib/python3.7/site-packages/airflow/example_dags/example_bash_operator.py took 0.066 seconds
[2022-11-20T15:18:05.709+0000] {processor.py:154} INFO - Started process (PID=2231) to work on /home/airflow/.local/lib/python3.7/site-packages/airflow/example_dags/example_bash_operator.py
[2022-11-20T15:18:05.710+0000] {processor.py:756} INFO - Processing file /home/airflow/.local/lib/python3.7/site-packages/airflow/example_dags/example_bash_operator.py for tasks to queue
[2022-11-20T15:18:05.710+0000] {logging_mixin.py:120} INFO - [2022-11-20T15:18:05.710+0000] {dagbag.py:537} INFO - Filling up the DagBag from /home/airflow/.local/lib/python3.7/site-packages/airflow/example_dags/example_bash_operator.py
[2022-11-20T15:18:05.723+0000] {processor.py:766} INFO - DAG(s) dict_keys(['example_bash_operator']) retrieved from /home/airflow/.local/lib/python3.7/site-packages/airflow/example_dags/example_bash_operator.py
[2022-11-20T15:18:05.749+0000] {logging_mixin.py:120} INFO - [2022-11-20T15:18:05.748+0000] {dag.py:2585} INFO - Sync 1 DAGs
[2022-11-20T15:18:05.763+0000] {logging_mixin.py:120} INFO - [2022-11-20T15:18:05.763+0000] {dag.py:3340} INFO - Setting next_dagrun for example_bash_operator to 2022-11-19T00:00:00+00:00, run_after=2022-11-20T00:00:00+00:00
[2022-11-20T15:18:05.774+0000] {processor.py:176} INFO - Processing /home/airflow/.local/lib/python3.7/site-packages/airflow/example_dags/example_bash_operator.py took 0.068 seconds
[2022-11-20T15:39:03.898+0000] {processor.py:154} INFO - Started process (PID=2268) to work on /home/airflow/.local/lib/python3.7/site-packages/airflow/example_dags/example_bash_operator.py
[2022-11-20T15:39:03.898+0000] {processor.py:756} INFO - Processing file /home/airflow/.local/lib/python3.7/site-packages/airflow/example_dags/example_bash_operator.py for tasks to queue
[2022-11-20T15:39:03.899+0000] {logging_mixin.py:120} INFO - [2022-11-20T15:39:03.899+0000] {dagbag.py:537} INFO - Filling up the DagBag from /home/airflow/.local/lib/python3.7/site-packages/airflow/example_dags/example_bash_operator.py
[2022-11-20T15:39:03.915+0000] {processor.py:766} INFO - DAG(s) dict_keys(['example_bash_operator']) retrieved from /home/airflow/.local/lib/python3.7/site-packages/airflow/example_dags/example_bash_operator.py
[2022-11-20T15:39:03.951+0000] {logging_mixin.py:120} INFO - [2022-11-20T15:39:03.951+0000] {dag.py:2585} INFO - Sync 1 DAGs
[2022-11-20T15:39:03.966+0000] {logging_mixin.py:120} INFO - [2022-11-20T15:39:03.966+0000] {dag.py:3340} INFO - Setting next_dagrun for example_bash_operator to 2022-11-19T00:00:00+00:00, run_after=2022-11-20T00:00:00+00:00
[2022-11-20T15:39:03.977+0000] {processor.py:176} INFO - Processing /home/airflow/.local/lib/python3.7/site-packages/airflow/example_dags/example_bash_operator.py took 0.082 seconds
[2022-11-20T15:51:04.277+0000] {processor.py:154} INFO - Started process (PID=2314) to work on /home/airflow/.local/lib/python3.7/site-packages/airflow/example_dags/example_bash_operator.py
[2022-11-20T15:51:04.283+0000] {processor.py:756} INFO - Processing file /home/airflow/.local/lib/python3.7/site-packages/airflow/example_dags/example_bash_operator.py for tasks to queue
[2022-11-20T15:51:04.284+0000] {logging_mixin.py:120} INFO - [2022-11-20T15:51:04.284+0000] {dagbag.py:537} INFO - Filling up the DagBag from /home/airflow/.local/lib/python3.7/site-packages/airflow/example_dags/example_bash_operator.py
[2022-11-20T15:51:04.301+0000] {processor.py:766} INFO - DAG(s) dict_keys(['example_bash_operator']) retrieved from /home/airflow/.local/lib/python3.7/site-packages/airflow/example_dags/example_bash_operator.py
[2022-11-20T15:51:04.328+0000] {logging_mixin.py:120} INFO - [2022-11-20T15:51:04.328+0000] {dag.py:2585} INFO - Sync 1 DAGs
[2022-11-20T15:51:04.343+0000] {logging_mixin.py:120} INFO - [2022-11-20T15:51:04.343+0000] {dag.py:3340} INFO - Setting next_dagrun for example_bash_operator to 2022-11-19T00:00:00+00:00, run_after=2022-11-20T00:00:00+00:00
[2022-11-20T15:51:04.354+0000] {processor.py:176} INFO - Processing /home/airflow/.local/lib/python3.7/site-packages/airflow/example_dags/example_bash_operator.py took 0.079 seconds
[2022-11-20T16:06:45.924+0000] {processor.py:154} INFO - Started process (PID=2360) to work on /home/airflow/.local/lib/python3.7/site-packages/airflow/example_dags/example_bash_operator.py
[2022-11-20T16:06:45.925+0000] {processor.py:756} INFO - Processing file /home/airflow/.local/lib/python3.7/site-packages/airflow/example_dags/example_bash_operator.py for tasks to queue
[2022-11-20T16:06:45.927+0000] {logging_mixin.py:120} INFO - [2022-11-20T16:06:45.926+0000] {dagbag.py:537} INFO - Filling up the DagBag from /home/airflow/.local/lib/python3.7/site-packages/airflow/example_dags/example_bash_operator.py
[2022-11-20T16:06:45.939+0000] {processor.py:766} INFO - DAG(s) dict_keys(['example_bash_operator']) retrieved from /home/airflow/.local/lib/python3.7/site-packages/airflow/example_dags/example_bash_operator.py
[2022-11-20T16:06:45.969+0000] {logging_mixin.py:120} INFO - [2022-11-20T16:06:45.969+0000] {dag.py:2585} INFO - Sync 1 DAGs
[2022-11-20T16:06:45.993+0000] {logging_mixin.py:120} INFO - [2022-11-20T16:06:45.993+0000] {dag.py:3340} INFO - Setting next_dagrun for example_bash_operator to 2022-11-19T00:00:00+00:00, run_after=2022-11-20T00:00:00+00:00
[2022-11-20T16:06:46.017+0000] {processor.py:176} INFO - Processing /home/airflow/.local/lib/python3.7/site-packages/airflow/example_dags/example_bash_operator.py took 0.095 seconds
[2022-11-20T16:08:33.992+0000] {processor.py:154} INFO - Started process (PID=2411) to work on /home/airflow/.local/lib/python3.7/site-packages/airflow/example_dags/example_bash_operator.py
[2022-11-20T16:08:33.992+0000] {processor.py:756} INFO - Processing file /home/airflow/.local/lib/python3.7/site-packages/airflow/example_dags/example_bash_operator.py for tasks to queue
[2022-11-20T16:08:33.993+0000] {logging_mixin.py:120} INFO - [2022-11-20T16:08:33.993+0000] {dagbag.py:537} INFO - Filling up the DagBag from /home/airflow/.local/lib/python3.7/site-packages/airflow/example_dags/example_bash_operator.py
[2022-11-20T16:08:34.003+0000] {processor.py:766} INFO - DAG(s) dict_keys(['example_bash_operator']) retrieved from /home/airflow/.local/lib/python3.7/site-packages/airflow/example_dags/example_bash_operator.py
[2022-11-20T16:08:34.025+0000] {logging_mixin.py:120} INFO - [2022-11-20T16:08:34.025+0000] {dag.py:2585} INFO - Sync 1 DAGs
[2022-11-20T16:08:34.038+0000] {logging_mixin.py:120} INFO - [2022-11-20T16:08:34.038+0000] {dag.py:3340} INFO - Setting next_dagrun for example_bash_operator to 2022-11-19T00:00:00+00:00, run_after=2022-11-20T00:00:00+00:00
[2022-11-20T16:08:34.048+0000] {processor.py:176} INFO - Processing /home/airflow/.local/lib/python3.7/site-packages/airflow/example_dags/example_bash_operator.py took 0.058 seconds
[2022-11-20T16:27:59.899+0000] {processor.py:154} INFO - Started process (PID=2457) to work on /home/airflow/.local/lib/python3.7/site-packages/airflow/example_dags/example_bash_operator.py
[2022-11-20T16:27:59.900+0000] {processor.py:756} INFO - Processing file /home/airflow/.local/lib/python3.7/site-packages/airflow/example_dags/example_bash_operator.py for tasks to queue
[2022-11-20T16:27:59.901+0000] {logging_mixin.py:120} INFO - [2022-11-20T16:27:59.901+0000] {dagbag.py:537} INFO - Filling up the DagBag from /home/airflow/.local/lib/python3.7/site-packages/airflow/example_dags/example_bash_operator.py
[2022-11-20T16:27:59.915+0000] {processor.py:766} INFO - DAG(s) dict_keys(['example_bash_operator']) retrieved from /home/airflow/.local/lib/python3.7/site-packages/airflow/example_dags/example_bash_operator.py
[2022-11-20T16:27:59.954+0000] {logging_mixin.py:120} INFO - [2022-11-20T16:27:59.954+0000] {dag.py:2585} INFO - Sync 1 DAGs
[2022-11-20T16:27:59.971+0000] {logging_mixin.py:120} INFO - [2022-11-20T16:27:59.971+0000] {dag.py:3340} INFO - Setting next_dagrun for example_bash_operator to 2022-11-19T00:00:00+00:00, run_after=2022-11-20T00:00:00+00:00
[2022-11-20T16:27:59.994+0000] {processor.py:176} INFO - Processing /home/airflow/.local/lib/python3.7/site-packages/airflow/example_dags/example_bash_operator.py took 0.096 seconds
[2022-11-20T16:43:50.145+0000] {processor.py:154} INFO - Started process (PID=2506) to work on /home/airflow/.local/lib/python3.7/site-packages/airflow/example_dags/example_bash_operator.py
[2022-11-20T16:43:50.147+0000] {processor.py:756} INFO - Processing file /home/airflow/.local/lib/python3.7/site-packages/airflow/example_dags/example_bash_operator.py for tasks to queue
[2022-11-20T16:43:50.150+0000] {logging_mixin.py:120} INFO - [2022-11-20T16:43:50.149+0000] {dagbag.py:537} INFO - Filling up the DagBag from /home/airflow/.local/lib/python3.7/site-packages/airflow/example_dags/example_bash_operator.py
[2022-11-20T16:43:50.183+0000] {processor.py:766} INFO - DAG(s) dict_keys(['example_bash_operator']) retrieved from /home/airflow/.local/lib/python3.7/site-packages/airflow/example_dags/example_bash_operator.py
[2022-11-20T16:43:50.215+0000] {logging_mixin.py:120} INFO - [2022-11-20T16:43:50.215+0000] {dag.py:2585} INFO - Sync 1 DAGs
[2022-11-20T16:43:50.232+0000] {logging_mixin.py:120} INFO - [2022-11-20T16:43:50.232+0000] {dag.py:3340} INFO - Setting next_dagrun for example_bash_operator to 2022-11-19T00:00:00+00:00, run_after=2022-11-20T00:00:00+00:00
[2022-11-20T16:43:50.242+0000] {processor.py:176} INFO - Processing /home/airflow/.local/lib/python3.7/site-packages/airflow/example_dags/example_bash_operator.py took 0.102 seconds
[2022-11-20T17:17:43.766+0000] {processor.py:154} INFO - Started process (PID=2553) to work on /home/airflow/.local/lib/python3.7/site-packages/airflow/example_dags/example_bash_operator.py
[2022-11-20T17:17:43.766+0000] {processor.py:756} INFO - Processing file /home/airflow/.local/lib/python3.7/site-packages/airflow/example_dags/example_bash_operator.py for tasks to queue
[2022-11-20T17:17:43.768+0000] {logging_mixin.py:120} INFO - [2022-11-20T17:17:43.768+0000] {dagbag.py:537} INFO - Filling up the DagBag from /home/airflow/.local/lib/python3.7/site-packages/airflow/example_dags/example_bash_operator.py
[2022-11-20T17:17:43.787+0000] {processor.py:766} INFO - DAG(s) dict_keys(['example_bash_operator']) retrieved from /home/airflow/.local/lib/python3.7/site-packages/airflow/example_dags/example_bash_operator.py
[2022-11-20T17:17:43.835+0000] {logging_mixin.py:120} INFO - [2022-11-20T17:17:43.835+0000] {dag.py:2585} INFO - Sync 1 DAGs
[2022-11-20T17:17:43.855+0000] {logging_mixin.py:120} INFO - [2022-11-20T17:17:43.855+0000] {dag.py:3340} INFO - Setting next_dagrun for example_bash_operator to 2022-11-19T00:00:00+00:00, run_after=2022-11-20T00:00:00+00:00
[2022-11-20T17:17:43.868+0000] {processor.py:176} INFO - Processing /home/airflow/.local/lib/python3.7/site-packages/airflow/example_dags/example_bash_operator.py took 0.105 seconds
[2022-11-20T17:22:38.685+0000] {processor.py:154} INFO - Started process (PID=2600) to work on /home/airflow/.local/lib/python3.7/site-packages/airflow/example_dags/example_bash_operator.py
[2022-11-20T17:22:38.686+0000] {processor.py:756} INFO - Processing file /home/airflow/.local/lib/python3.7/site-packages/airflow/example_dags/example_bash_operator.py for tasks to queue
[2022-11-20T17:22:38.687+0000] {logging_mixin.py:120} INFO - [2022-11-20T17:22:38.687+0000] {dagbag.py:537} INFO - Filling up the DagBag from /home/airflow/.local/lib/python3.7/site-packages/airflow/example_dags/example_bash_operator.py
[2022-11-20T17:22:38.703+0000] {processor.py:766} INFO - DAG(s) dict_keys(['example_bash_operator']) retrieved from /home/airflow/.local/lib/python3.7/site-packages/airflow/example_dags/example_bash_operator.py
[2022-11-20T17:22:38.731+0000] {logging_mixin.py:120} INFO - [2022-11-20T17:22:38.731+0000] {dag.py:2585} INFO - Sync 1 DAGs
[2022-11-20T17:22:38.746+0000] {logging_mixin.py:120} INFO - [2022-11-20T17:22:38.746+0000] {dag.py:3340} INFO - Setting next_dagrun for example_bash_operator to 2022-11-19T00:00:00+00:00, run_after=2022-11-20T00:00:00+00:00
[2022-11-20T17:22:38.758+0000] {processor.py:176} INFO - Processing /home/airflow/.local/lib/python3.7/site-packages/airflow/example_dags/example_bash_operator.py took 0.076 seconds
[2022-11-20T17:23:08.796+0000] {processor.py:154} INFO - Started process (PID=2667) to work on /home/airflow/.local/lib/python3.7/site-packages/airflow/example_dags/example_bash_operator.py
[2022-11-20T17:23:08.797+0000] {processor.py:756} INFO - Processing file /home/airflow/.local/lib/python3.7/site-packages/airflow/example_dags/example_bash_operator.py for tasks to queue
[2022-11-20T17:23:08.797+0000] {logging_mixin.py:120} INFO - [2022-11-20T17:23:08.797+0000] {dagbag.py:537} INFO - Filling up the DagBag from /home/airflow/.local/lib/python3.7/site-packages/airflow/example_dags/example_bash_operator.py
[2022-11-20T17:23:08.809+0000] {processor.py:766} INFO - DAG(s) dict_keys(['example_bash_operator']) retrieved from /home/airflow/.local/lib/python3.7/site-packages/airflow/example_dags/example_bash_operator.py
[2022-11-20T17:23:08.832+0000] {logging_mixin.py:120} INFO - [2022-11-20T17:23:08.832+0000] {dag.py:2585} INFO - Sync 1 DAGs
[2022-11-20T17:23:08.846+0000] {logging_mixin.py:120} INFO - [2022-11-20T17:23:08.846+0000] {dag.py:3340} INFO - Setting next_dagrun for example_bash_operator to 2022-11-19T00:00:00+00:00, run_after=2022-11-20T00:00:00+00:00
[2022-11-20T17:23:08.857+0000] {processor.py:176} INFO - Processing /home/airflow/.local/lib/python3.7/site-packages/airflow/example_dags/example_bash_operator.py took 0.062 seconds
[2022-11-20T17:23:39.756+0000] {processor.py:154} INFO - Started process (PID=2737) to work on /home/airflow/.local/lib/python3.7/site-packages/airflow/example_dags/example_bash_operator.py
[2022-11-20T17:23:39.757+0000] {processor.py:756} INFO - Processing file /home/airflow/.local/lib/python3.7/site-packages/airflow/example_dags/example_bash_operator.py for tasks to queue
[2022-11-20T17:23:39.758+0000] {logging_mixin.py:120} INFO - [2022-11-20T17:23:39.758+0000] {dagbag.py:537} INFO - Filling up the DagBag from /home/airflow/.local/lib/python3.7/site-packages/airflow/example_dags/example_bash_operator.py
[2022-11-20T17:23:39.771+0000] {processor.py:766} INFO - DAG(s) dict_keys(['example_bash_operator']) retrieved from /home/airflow/.local/lib/python3.7/site-packages/airflow/example_dags/example_bash_operator.py
[2022-11-20T17:23:39.801+0000] {logging_mixin.py:120} INFO - [2022-11-20T17:23:39.801+0000] {dag.py:2585} INFO - Sync 1 DAGs
[2022-11-20T17:23:39.819+0000] {logging_mixin.py:120} INFO - [2022-11-20T17:23:39.819+0000] {dag.py:3340} INFO - Setting next_dagrun for example_bash_operator to 2022-11-19T00:00:00+00:00, run_after=2022-11-20T00:00:00+00:00
[2022-11-20T17:23:39.830+0000] {processor.py:176} INFO - Processing /home/airflow/.local/lib/python3.7/site-packages/airflow/example_dags/example_bash_operator.py took 0.076 seconds
[2022-11-20T17:24:09.899+0000] {processor.py:154} INFO - Started process (PID=2807) to work on /home/airflow/.local/lib/python3.7/site-packages/airflow/example_dags/example_bash_operator.py
[2022-11-20T17:24:09.899+0000] {processor.py:756} INFO - Processing file /home/airflow/.local/lib/python3.7/site-packages/airflow/example_dags/example_bash_operator.py for tasks to queue
[2022-11-20T17:24:09.900+0000] {logging_mixin.py:120} INFO - [2022-11-20T17:24:09.900+0000] {dagbag.py:537} INFO - Filling up the DagBag from /home/airflow/.local/lib/python3.7/site-packages/airflow/example_dags/example_bash_operator.py
[2022-11-20T17:24:09.910+0000] {processor.py:766} INFO - DAG(s) dict_keys(['example_bash_operator']) retrieved from /home/airflow/.local/lib/python3.7/site-packages/airflow/example_dags/example_bash_operator.py
[2022-11-20T17:24:09.933+0000] {logging_mixin.py:120} INFO - [2022-11-20T17:24:09.933+0000] {dag.py:2585} INFO - Sync 1 DAGs
[2022-11-20T17:24:09.946+0000] {logging_mixin.py:120} INFO - [2022-11-20T17:24:09.946+0000] {dag.py:3340} INFO - Setting next_dagrun for example_bash_operator to 2022-11-19T00:00:00+00:00, run_after=2022-11-20T00:00:00+00:00
[2022-11-20T17:24:09.956+0000] {processor.py:176} INFO - Processing /home/airflow/.local/lib/python3.7/site-packages/airflow/example_dags/example_bash_operator.py took 0.059 seconds
[2022-11-20T17:24:40.912+0000] {processor.py:154} INFO - Started process (PID=2866) to work on /home/airflow/.local/lib/python3.7/site-packages/airflow/example_dags/example_bash_operator.py
[2022-11-20T17:24:40.912+0000] {processor.py:756} INFO - Processing file /home/airflow/.local/lib/python3.7/site-packages/airflow/example_dags/example_bash_operator.py for tasks to queue
[2022-11-20T17:24:40.913+0000] {logging_mixin.py:120} INFO - [2022-11-20T17:24:40.913+0000] {dagbag.py:537} INFO - Filling up the DagBag from /home/airflow/.local/lib/python3.7/site-packages/airflow/example_dags/example_bash_operator.py
[2022-11-20T17:24:40.925+0000] {processor.py:766} INFO - DAG(s) dict_keys(['example_bash_operator']) retrieved from /home/airflow/.local/lib/python3.7/site-packages/airflow/example_dags/example_bash_operator.py
[2022-11-20T17:24:40.949+0000] {logging_mixin.py:120} INFO - [2022-11-20T17:24:40.948+0000] {dag.py:2585} INFO - Sync 1 DAGs
[2022-11-20T17:24:40.961+0000] {logging_mixin.py:120} INFO - [2022-11-20T17:24:40.961+0000] {dag.py:3340} INFO - Setting next_dagrun for example_bash_operator to 2022-11-19T00:00:00+00:00, run_after=2022-11-20T00:00:00+00:00
[2022-11-20T17:24:40.970+0000] {processor.py:176} INFO - Processing /home/airflow/.local/lib/python3.7/site-packages/airflow/example_dags/example_bash_operator.py took 0.061 seconds
[2022-11-20T17:25:11.729+0000] {processor.py:154} INFO - Started process (PID=2935) to work on /home/airflow/.local/lib/python3.7/site-packages/airflow/example_dags/example_bash_operator.py
[2022-11-20T17:25:11.730+0000] {processor.py:756} INFO - Processing file /home/airflow/.local/lib/python3.7/site-packages/airflow/example_dags/example_bash_operator.py for tasks to queue
[2022-11-20T17:25:11.731+0000] {logging_mixin.py:120} INFO - [2022-11-20T17:25:11.731+0000] {dagbag.py:537} INFO - Filling up the DagBag from /home/airflow/.local/lib/python3.7/site-packages/airflow/example_dags/example_bash_operator.py
[2022-11-20T17:25:11.746+0000] {processor.py:766} INFO - DAG(s) dict_keys(['example_bash_operator']) retrieved from /home/airflow/.local/lib/python3.7/site-packages/airflow/example_dags/example_bash_operator.py
[2022-11-20T17:25:11.777+0000] {logging_mixin.py:120} INFO - [2022-11-20T17:25:11.776+0000] {dag.py:2585} INFO - Sync 1 DAGs
[2022-11-20T17:25:11.792+0000] {logging_mixin.py:120} INFO - [2022-11-20T17:25:11.791+0000] {dag.py:3340} INFO - Setting next_dagrun for example_bash_operator to 2022-11-19T00:00:00+00:00, run_after=2022-11-20T00:00:00+00:00
[2022-11-20T17:25:11.803+0000] {processor.py:176} INFO - Processing /home/airflow/.local/lib/python3.7/site-packages/airflow/example_dags/example_bash_operator.py took 0.078 seconds
[2022-11-20T17:25:42.859+0000] {processor.py:154} INFO - Started process (PID=3008) to work on /home/airflow/.local/lib/python3.7/site-packages/airflow/example_dags/example_bash_operator.py
[2022-11-20T17:25:42.860+0000] {processor.py:756} INFO - Processing file /home/airflow/.local/lib/python3.7/site-packages/airflow/example_dags/example_bash_operator.py for tasks to queue
[2022-11-20T17:25:42.860+0000] {logging_mixin.py:120} INFO - [2022-11-20T17:25:42.860+0000] {dagbag.py:537} INFO - Filling up the DagBag from /home/airflow/.local/lib/python3.7/site-packages/airflow/example_dags/example_bash_operator.py
[2022-11-20T17:25:42.873+0000] {processor.py:766} INFO - DAG(s) dict_keys(['example_bash_operator']) retrieved from /home/airflow/.local/lib/python3.7/site-packages/airflow/example_dags/example_bash_operator.py
[2022-11-20T17:25:42.903+0000] {logging_mixin.py:120} INFO - [2022-11-20T17:25:42.903+0000] {dag.py:2585} INFO - Sync 1 DAGs
[2022-11-20T17:25:42.919+0000] {logging_mixin.py:120} INFO - [2022-11-20T17:25:42.918+0000] {dag.py:3340} INFO - Setting next_dagrun for example_bash_operator to 2022-11-19T00:00:00+00:00, run_after=2022-11-20T00:00:00+00:00
[2022-11-20T17:25:42.994+0000] {processor.py:176} INFO - Processing /home/airflow/.local/lib/python3.7/site-packages/airflow/example_dags/example_bash_operator.py took 0.137 seconds
[2022-11-20T17:26:13.075+0000] {processor.py:154} INFO - Started process (PID=3074) to work on /home/airflow/.local/lib/python3.7/site-packages/airflow/example_dags/example_bash_operator.py
[2022-11-20T17:26:13.075+0000] {processor.py:756} INFO - Processing file /home/airflow/.local/lib/python3.7/site-packages/airflow/example_dags/example_bash_operator.py for tasks to queue
[2022-11-20T17:26:13.076+0000] {logging_mixin.py:120} INFO - [2022-11-20T17:26:13.076+0000] {dagbag.py:537} INFO - Filling up the DagBag from /home/airflow/.local/lib/python3.7/site-packages/airflow/example_dags/example_bash_operator.py
[2022-11-20T17:26:13.087+0000] {processor.py:766} INFO - DAG(s) dict_keys(['example_bash_operator']) retrieved from /home/airflow/.local/lib/python3.7/site-packages/airflow/example_dags/example_bash_operator.py
[2022-11-20T17:26:13.110+0000] {logging_mixin.py:120} INFO - [2022-11-20T17:26:13.110+0000] {dag.py:2585} INFO - Sync 1 DAGs
[2022-11-20T17:26:13.122+0000] {logging_mixin.py:120} INFO - [2022-11-20T17:26:13.122+0000] {dag.py:3340} INFO - Setting next_dagrun for example_bash_operator to 2022-11-19T00:00:00+00:00, run_after=2022-11-20T00:00:00+00:00
[2022-11-20T17:26:13.132+0000] {processor.py:176} INFO - Processing /home/airflow/.local/lib/python3.7/site-packages/airflow/example_dags/example_bash_operator.py took 0.060 seconds
[2022-11-20T17:26:43.263+0000] {processor.py:154} INFO - Started process (PID=3141) to work on /home/airflow/.local/lib/python3.7/site-packages/airflow/example_dags/example_bash_operator.py
[2022-11-20T17:26:43.264+0000] {processor.py:756} INFO - Processing file /home/airflow/.local/lib/python3.7/site-packages/airflow/example_dags/example_bash_operator.py for tasks to queue
[2022-11-20T17:26:43.264+0000] {logging_mixin.py:120} INFO - [2022-11-20T17:26:43.264+0000] {dagbag.py:537} INFO - Filling up the DagBag from /home/airflow/.local/lib/python3.7/site-packages/airflow/example_dags/example_bash_operator.py
[2022-11-20T17:26:43.276+0000] {processor.py:766} INFO - DAG(s) dict_keys(['example_bash_operator']) retrieved from /home/airflow/.local/lib/python3.7/site-packages/airflow/example_dags/example_bash_operator.py
[2022-11-20T17:26:43.298+0000] {logging_mixin.py:120} INFO - [2022-11-20T17:26:43.297+0000] {dag.py:2585} INFO - Sync 1 DAGs
[2022-11-20T17:26:43.311+0000] {logging_mixin.py:120} INFO - [2022-11-20T17:26:43.311+0000] {dag.py:3340} INFO - Setting next_dagrun for example_bash_operator to 2022-11-19T00:00:00+00:00, run_after=2022-11-20T00:00:00+00:00
[2022-11-20T17:26:43.323+0000] {processor.py:176} INFO - Processing /home/airflow/.local/lib/python3.7/site-packages/airflow/example_dags/example_bash_operator.py took 0.062 seconds
[2022-11-20T17:27:13.599+0000] {processor.py:154} INFO - Started process (PID=3208) to work on /home/airflow/.local/lib/python3.7/site-packages/airflow/example_dags/example_bash_operator.py
[2022-11-20T17:27:13.599+0000] {processor.py:756} INFO - Processing file /home/airflow/.local/lib/python3.7/site-packages/airflow/example_dags/example_bash_operator.py for tasks to queue
[2022-11-20T17:27:13.600+0000] {logging_mixin.py:120} INFO - [2022-11-20T17:27:13.600+0000] {dagbag.py:537} INFO - Filling up the DagBag from /home/airflow/.local/lib/python3.7/site-packages/airflow/example_dags/example_bash_operator.py
[2022-11-20T17:27:13.613+0000] {processor.py:766} INFO - DAG(s) dict_keys(['example_bash_operator']) retrieved from /home/airflow/.local/lib/python3.7/site-packages/airflow/example_dags/example_bash_operator.py
[2022-11-20T17:27:13.637+0000] {logging_mixin.py:120} INFO - [2022-11-20T17:27:13.637+0000] {dag.py:2585} INFO - Sync 1 DAGs
[2022-11-20T17:27:13.651+0000] {logging_mixin.py:120} INFO - [2022-11-20T17:27:13.651+0000] {dag.py:3340} INFO - Setting next_dagrun for example_bash_operator to 2022-11-19T00:00:00+00:00, run_after=2022-11-20T00:00:00+00:00
[2022-11-20T17:27:13.661+0000] {processor.py:176} INFO - Processing /home/airflow/.local/lib/python3.7/site-packages/airflow/example_dags/example_bash_operator.py took 0.064 seconds
[2022-11-20T17:27:44.527+0000] {processor.py:154} INFO - Started process (PID=3278) to work on /home/airflow/.local/lib/python3.7/site-packages/airflow/example_dags/example_bash_operator.py
[2022-11-20T17:27:44.528+0000] {processor.py:756} INFO - Processing file /home/airflow/.local/lib/python3.7/site-packages/airflow/example_dags/example_bash_operator.py for tasks to queue
[2022-11-20T17:27:44.528+0000] {logging_mixin.py:120} INFO - [2022-11-20T17:27:44.528+0000] {dagbag.py:537} INFO - Filling up the DagBag from /home/airflow/.local/lib/python3.7/site-packages/airflow/example_dags/example_bash_operator.py
[2022-11-20T17:27:44.538+0000] {processor.py:766} INFO - DAG(s) dict_keys(['example_bash_operator']) retrieved from /home/airflow/.local/lib/python3.7/site-packages/airflow/example_dags/example_bash_operator.py
[2022-11-20T17:27:44.561+0000] {logging_mixin.py:120} INFO - [2022-11-20T17:27:44.561+0000] {dag.py:2585} INFO - Sync 1 DAGs
[2022-11-20T17:27:44.574+0000] {logging_mixin.py:120} INFO - [2022-11-20T17:27:44.574+0000] {dag.py:3340} INFO - Setting next_dagrun for example_bash_operator to 2022-11-19T00:00:00+00:00, run_after=2022-11-20T00:00:00+00:00
[2022-11-20T17:27:44.584+0000] {processor.py:176} INFO - Processing /home/airflow/.local/lib/python3.7/site-packages/airflow/example_dags/example_bash_operator.py took 0.058 seconds
[2022-11-20T17:28:15.349+0000] {processor.py:154} INFO - Started process (PID=3339) to work on /home/airflow/.local/lib/python3.7/site-packages/airflow/example_dags/example_bash_operator.py
[2022-11-20T17:28:15.349+0000] {processor.py:756} INFO - Processing file /home/airflow/.local/lib/python3.7/site-packages/airflow/example_dags/example_bash_operator.py for tasks to queue
[2022-11-20T17:28:15.350+0000] {logging_mixin.py:120} INFO - [2022-11-20T17:28:15.350+0000] {dagbag.py:537} INFO - Filling up the DagBag from /home/airflow/.local/lib/python3.7/site-packages/airflow/example_dags/example_bash_operator.py
[2022-11-20T17:28:15.363+0000] {processor.py:766} INFO - DAG(s) dict_keys(['example_bash_operator']) retrieved from /home/airflow/.local/lib/python3.7/site-packages/airflow/example_dags/example_bash_operator.py
[2022-11-20T17:28:15.388+0000] {logging_mixin.py:120} INFO - [2022-11-20T17:28:15.388+0000] {dag.py:2585} INFO - Sync 1 DAGs
[2022-11-20T17:28:15.400+0000] {logging_mixin.py:120} INFO - [2022-11-20T17:28:15.400+0000] {dag.py:3340} INFO - Setting next_dagrun for example_bash_operator to 2022-11-19T00:00:00+00:00, run_after=2022-11-20T00:00:00+00:00
[2022-11-20T17:28:15.409+0000] {processor.py:176} INFO - Processing /home/airflow/.local/lib/python3.7/site-packages/airflow/example_dags/example_bash_operator.py took 0.061 seconds
[2022-11-20T17:28:46.220+0000] {processor.py:154} INFO - Started process (PID=3408) to work on /home/airflow/.local/lib/python3.7/site-packages/airflow/example_dags/example_bash_operator.py
[2022-11-20T17:28:46.221+0000] {processor.py:756} INFO - Processing file /home/airflow/.local/lib/python3.7/site-packages/airflow/example_dags/example_bash_operator.py for tasks to queue
[2022-11-20T17:28:46.221+0000] {logging_mixin.py:120} INFO - [2022-11-20T17:28:46.221+0000] {dagbag.py:537} INFO - Filling up the DagBag from /home/airflow/.local/lib/python3.7/site-packages/airflow/example_dags/example_bash_operator.py
[2022-11-20T17:28:46.233+0000] {processor.py:766} INFO - DAG(s) dict_keys(['example_bash_operator']) retrieved from /home/airflow/.local/lib/python3.7/site-packages/airflow/example_dags/example_bash_operator.py
[2022-11-20T17:28:46.256+0000] {logging_mixin.py:120} INFO - [2022-11-20T17:28:46.255+0000] {dag.py:2585} INFO - Sync 1 DAGs
[2022-11-20T17:28:46.269+0000] {logging_mixin.py:120} INFO - [2022-11-20T17:28:46.269+0000] {dag.py:3340} INFO - Setting next_dagrun for example_bash_operator to 2022-11-19T00:00:00+00:00, run_after=2022-11-20T00:00:00+00:00
[2022-11-20T17:28:46.280+0000] {processor.py:176} INFO - Processing /home/airflow/.local/lib/python3.7/site-packages/airflow/example_dags/example_bash_operator.py took 0.063 seconds
[2022-11-20T17:29:17.088+0000] {processor.py:154} INFO - Started process (PID=3476) to work on /home/airflow/.local/lib/python3.7/site-packages/airflow/example_dags/example_bash_operator.py
[2022-11-20T17:29:17.088+0000] {processor.py:756} INFO - Processing file /home/airflow/.local/lib/python3.7/site-packages/airflow/example_dags/example_bash_operator.py for tasks to queue
[2022-11-20T17:29:17.089+0000] {logging_mixin.py:120} INFO - [2022-11-20T17:29:17.089+0000] {dagbag.py:537} INFO - Filling up the DagBag from /home/airflow/.local/lib/python3.7/site-packages/airflow/example_dags/example_bash_operator.py
[2022-11-20T17:29:17.100+0000] {processor.py:766} INFO - DAG(s) dict_keys(['example_bash_operator']) retrieved from /home/airflow/.local/lib/python3.7/site-packages/airflow/example_dags/example_bash_operator.py
[2022-11-20T17:29:17.124+0000] {logging_mixin.py:120} INFO - [2022-11-20T17:29:17.124+0000] {dag.py:2585} INFO - Sync 1 DAGs
[2022-11-20T17:29:17.138+0000] {logging_mixin.py:120} INFO - [2022-11-20T17:29:17.138+0000] {dag.py:3340} INFO - Setting next_dagrun for example_bash_operator to 2022-11-19T00:00:00+00:00, run_after=2022-11-20T00:00:00+00:00
[2022-11-20T17:29:17.147+0000] {processor.py:176} INFO - Processing /home/airflow/.local/lib/python3.7/site-packages/airflow/example_dags/example_bash_operator.py took 0.062 seconds
[2022-11-20T17:29:47.962+0000] {processor.py:154} INFO - Started process (PID=3542) to work on /home/airflow/.local/lib/python3.7/site-packages/airflow/example_dags/example_bash_operator.py
[2022-11-20T17:29:47.963+0000] {processor.py:756} INFO - Processing file /home/airflow/.local/lib/python3.7/site-packages/airflow/example_dags/example_bash_operator.py for tasks to queue
[2022-11-20T17:29:47.963+0000] {logging_mixin.py:120} INFO - [2022-11-20T17:29:47.963+0000] {dagbag.py:537} INFO - Filling up the DagBag from /home/airflow/.local/lib/python3.7/site-packages/airflow/example_dags/example_bash_operator.py
[2022-11-20T17:29:47.975+0000] {processor.py:766} INFO - DAG(s) dict_keys(['example_bash_operator']) retrieved from /home/airflow/.local/lib/python3.7/site-packages/airflow/example_dags/example_bash_operator.py
[2022-11-20T17:29:47.998+0000] {logging_mixin.py:120} INFO - [2022-11-20T17:29:47.998+0000] {dag.py:2585} INFO - Sync 1 DAGs
[2022-11-20T17:29:48.010+0000] {logging_mixin.py:120} INFO - [2022-11-20T17:29:48.010+0000] {dag.py:3340} INFO - Setting next_dagrun for example_bash_operator to 2022-11-19T00:00:00+00:00, run_after=2022-11-20T00:00:00+00:00
[2022-11-20T17:29:48.020+0000] {processor.py:176} INFO - Processing /home/airflow/.local/lib/python3.7/site-packages/airflow/example_dags/example_bash_operator.py took 0.060 seconds
[2022-11-20T17:30:18.824+0000] {processor.py:154} INFO - Started process (PID=3614) to work on /home/airflow/.local/lib/python3.7/site-packages/airflow/example_dags/example_bash_operator.py
[2022-11-20T17:30:18.825+0000] {processor.py:756} INFO - Processing file /home/airflow/.local/lib/python3.7/site-packages/airflow/example_dags/example_bash_operator.py for tasks to queue
[2022-11-20T17:30:18.826+0000] {logging_mixin.py:120} INFO - [2022-11-20T17:30:18.826+0000] {dagbag.py:537} INFO - Filling up the DagBag from /home/airflow/.local/lib/python3.7/site-packages/airflow/example_dags/example_bash_operator.py
[2022-11-20T17:30:18.838+0000] {processor.py:766} INFO - DAG(s) dict_keys(['example_bash_operator']) retrieved from /home/airflow/.local/lib/python3.7/site-packages/airflow/example_dags/example_bash_operator.py
[2022-11-20T17:30:18.863+0000] {logging_mixin.py:120} INFO - [2022-11-20T17:30:18.863+0000] {dag.py:2585} INFO - Sync 1 DAGs
[2022-11-20T17:30:18.875+0000] {logging_mixin.py:120} INFO - [2022-11-20T17:30:18.875+0000] {dag.py:3340} INFO - Setting next_dagrun for example_bash_operator to 2022-11-19T00:00:00+00:00, run_after=2022-11-20T00:00:00+00:00
[2022-11-20T17:30:18.885+0000] {processor.py:176} INFO - Processing /home/airflow/.local/lib/python3.7/site-packages/airflow/example_dags/example_bash_operator.py took 0.062 seconds
[2022-11-20T17:30:49.688+0000] {processor.py:154} INFO - Started process (PID=3682) to work on /home/airflow/.local/lib/python3.7/site-packages/airflow/example_dags/example_bash_operator.py
[2022-11-20T17:30:49.689+0000] {processor.py:756} INFO - Processing file /home/airflow/.local/lib/python3.7/site-packages/airflow/example_dags/example_bash_operator.py for tasks to queue
[2022-11-20T17:30:49.689+0000] {logging_mixin.py:120} INFO - [2022-11-20T17:30:49.689+0000] {dagbag.py:537} INFO - Filling up the DagBag from /home/airflow/.local/lib/python3.7/site-packages/airflow/example_dags/example_bash_operator.py
[2022-11-20T17:30:49.701+0000] {processor.py:766} INFO - DAG(s) dict_keys(['example_bash_operator']) retrieved from /home/airflow/.local/lib/python3.7/site-packages/airflow/example_dags/example_bash_operator.py
[2022-11-20T17:30:49.722+0000] {logging_mixin.py:120} INFO - [2022-11-20T17:30:49.722+0000] {dag.py:2585} INFO - Sync 1 DAGs
[2022-11-20T17:30:49.737+0000] {logging_mixin.py:120} INFO - [2022-11-20T17:30:49.737+0000] {dag.py:3340} INFO - Setting next_dagrun for example_bash_operator to 2022-11-19T00:00:00+00:00, run_after=2022-11-20T00:00:00+00:00
[2022-11-20T17:30:49.747+0000] {processor.py:176} INFO - Processing /home/airflow/.local/lib/python3.7/site-packages/airflow/example_dags/example_bash_operator.py took 0.061 seconds
[2022-11-20T17:31:20.736+0000] {processor.py:154} INFO - Started process (PID=3751) to work on /home/airflow/.local/lib/python3.7/site-packages/airflow/example_dags/example_bash_operator.py
[2022-11-20T17:31:20.737+0000] {processor.py:756} INFO - Processing file /home/airflow/.local/lib/python3.7/site-packages/airflow/example_dags/example_bash_operator.py for tasks to queue
[2022-11-20T17:31:20.737+0000] {logging_mixin.py:120} INFO - [2022-11-20T17:31:20.737+0000] {dagbag.py:537} INFO - Filling up the DagBag from /home/airflow/.local/lib/python3.7/site-packages/airflow/example_dags/example_bash_operator.py
[2022-11-20T17:31:20.749+0000] {processor.py:766} INFO - DAG(s) dict_keys(['example_bash_operator']) retrieved from /home/airflow/.local/lib/python3.7/site-packages/airflow/example_dags/example_bash_operator.py
[2022-11-20T17:31:20.772+0000] {logging_mixin.py:120} INFO - [2022-11-20T17:31:20.772+0000] {dag.py:2585} INFO - Sync 1 DAGs
[2022-11-20T17:31:20.786+0000] {logging_mixin.py:120} INFO - [2022-11-20T17:31:20.786+0000] {dag.py:3340} INFO - Setting next_dagrun for example_bash_operator to 2022-11-19T00:00:00+00:00, run_after=2022-11-20T00:00:00+00:00
[2022-11-20T17:31:20.795+0000] {processor.py:176} INFO - Processing /home/airflow/.local/lib/python3.7/site-packages/airflow/example_dags/example_bash_operator.py took 0.060 seconds
[2022-11-20T17:31:51.712+0000] {processor.py:154} INFO - Started process (PID=3819) to work on /home/airflow/.local/lib/python3.7/site-packages/airflow/example_dags/example_bash_operator.py
[2022-11-20T17:31:51.713+0000] {processor.py:756} INFO - Processing file /home/airflow/.local/lib/python3.7/site-packages/airflow/example_dags/example_bash_operator.py for tasks to queue
[2022-11-20T17:31:51.714+0000] {logging_mixin.py:120} INFO - [2022-11-20T17:31:51.714+0000] {dagbag.py:537} INFO - Filling up the DagBag from /home/airflow/.local/lib/python3.7/site-packages/airflow/example_dags/example_bash_operator.py
[2022-11-20T17:31:51.732+0000] {processor.py:766} INFO - DAG(s) dict_keys(['example_bash_operator']) retrieved from /home/airflow/.local/lib/python3.7/site-packages/airflow/example_dags/example_bash_operator.py
[2022-11-20T17:31:51.760+0000] {logging_mixin.py:120} INFO - [2022-11-20T17:31:51.760+0000] {dag.py:2585} INFO - Sync 1 DAGs
[2022-11-20T17:31:51.776+0000] {logging_mixin.py:120} INFO - [2022-11-20T17:31:51.776+0000] {dag.py:3340} INFO - Setting next_dagrun for example_bash_operator to 2022-11-19T00:00:00+00:00, run_after=2022-11-20T00:00:00+00:00
[2022-11-20T17:31:51.786+0000] {processor.py:176} INFO - Processing /home/airflow/.local/lib/python3.7/site-packages/airflow/example_dags/example_bash_operator.py took 0.076 seconds
[2022-11-20T17:32:22.681+0000] {processor.py:154} INFO - Started process (PID=3879) to work on /home/airflow/.local/lib/python3.7/site-packages/airflow/example_dags/example_bash_operator.py
[2022-11-20T17:32:22.682+0000] {processor.py:756} INFO - Processing file /home/airflow/.local/lib/python3.7/site-packages/airflow/example_dags/example_bash_operator.py for tasks to queue
[2022-11-20T17:32:22.683+0000] {logging_mixin.py:120} INFO - [2022-11-20T17:32:22.683+0000] {dagbag.py:537} INFO - Filling up the DagBag from /home/airflow/.local/lib/python3.7/site-packages/airflow/example_dags/example_bash_operator.py
[2022-11-20T17:32:22.701+0000] {processor.py:766} INFO - DAG(s) dict_keys(['example_bash_operator']) retrieved from /home/airflow/.local/lib/python3.7/site-packages/airflow/example_dags/example_bash_operator.py
[2022-11-20T17:32:22.733+0000] {logging_mixin.py:120} INFO - [2022-11-20T17:32:22.733+0000] {dag.py:2585} INFO - Sync 1 DAGs
[2022-11-20T17:32:22.751+0000] {logging_mixin.py:120} INFO - [2022-11-20T17:32:22.751+0000] {dag.py:3340} INFO - Setting next_dagrun for example_bash_operator to 2022-11-19T00:00:00+00:00, run_after=2022-11-20T00:00:00+00:00
[2022-11-20T17:32:22.764+0000] {processor.py:176} INFO - Processing /home/airflow/.local/lib/python3.7/site-packages/airflow/example_dags/example_bash_operator.py took 0.085 seconds
[2022-11-20T17:32:52.871+0000] {processor.py:154} INFO - Started process (PID=3944) to work on /home/airflow/.local/lib/python3.7/site-packages/airflow/example_dags/example_bash_operator.py
[2022-11-20T17:32:52.872+0000] {processor.py:756} INFO - Processing file /home/airflow/.local/lib/python3.7/site-packages/airflow/example_dags/example_bash_operator.py for tasks to queue
[2022-11-20T17:32:52.872+0000] {logging_mixin.py:120} INFO - [2022-11-20T17:32:52.872+0000] {dagbag.py:537} INFO - Filling up the DagBag from /home/airflow/.local/lib/python3.7/site-packages/airflow/example_dags/example_bash_operator.py
[2022-11-20T17:32:52.884+0000] {processor.py:766} INFO - DAG(s) dict_keys(['example_bash_operator']) retrieved from /home/airflow/.local/lib/python3.7/site-packages/airflow/example_dags/example_bash_operator.py
[2022-11-20T17:32:52.907+0000] {logging_mixin.py:120} INFO - [2022-11-20T17:32:52.907+0000] {dag.py:2585} INFO - Sync 1 DAGs
[2022-11-20T17:32:52.921+0000] {logging_mixin.py:120} INFO - [2022-11-20T17:32:52.920+0000] {dag.py:3340} INFO - Setting next_dagrun for example_bash_operator to 2022-11-19T00:00:00+00:00, run_after=2022-11-20T00:00:00+00:00
[2022-11-20T17:32:52.930+0000] {processor.py:176} INFO - Processing /home/airflow/.local/lib/python3.7/site-packages/airflow/example_dags/example_bash_operator.py took 0.061 seconds
[2022-11-20T17:33:23.091+0000] {processor.py:154} INFO - Started process (PID=4011) to work on /home/airflow/.local/lib/python3.7/site-packages/airflow/example_dags/example_bash_operator.py
[2022-11-20T17:33:23.092+0000] {processor.py:756} INFO - Processing file /home/airflow/.local/lib/python3.7/site-packages/airflow/example_dags/example_bash_operator.py for tasks to queue
[2022-11-20T17:33:23.093+0000] {logging_mixin.py:120} INFO - [2022-11-20T17:33:23.092+0000] {dagbag.py:537} INFO - Filling up the DagBag from /home/airflow/.local/lib/python3.7/site-packages/airflow/example_dags/example_bash_operator.py
[2022-11-20T17:33:23.105+0000] {processor.py:766} INFO - DAG(s) dict_keys(['example_bash_operator']) retrieved from /home/airflow/.local/lib/python3.7/site-packages/airflow/example_dags/example_bash_operator.py
[2022-11-20T17:33:23.130+0000] {logging_mixin.py:120} INFO - [2022-11-20T17:33:23.129+0000] {dag.py:2585} INFO - Sync 1 DAGs
[2022-11-20T17:33:23.144+0000] {logging_mixin.py:120} INFO - [2022-11-20T17:33:23.144+0000] {dag.py:3340} INFO - Setting next_dagrun for example_bash_operator to 2022-11-19T00:00:00+00:00, run_after=2022-11-20T00:00:00+00:00
[2022-11-20T17:33:23.153+0000] {processor.py:176} INFO - Processing /home/airflow/.local/lib/python3.7/site-packages/airflow/example_dags/example_bash_operator.py took 0.064 seconds
[2022-11-20T17:33:54.064+0000] {processor.py:154} INFO - Started process (PID=4076) to work on /home/airflow/.local/lib/python3.7/site-packages/airflow/example_dags/example_bash_operator.py
[2022-11-20T17:33:54.065+0000] {processor.py:756} INFO - Processing file /home/airflow/.local/lib/python3.7/site-packages/airflow/example_dags/example_bash_operator.py for tasks to queue
[2022-11-20T17:33:54.065+0000] {logging_mixin.py:120} INFO - [2022-11-20T17:33:54.065+0000] {dagbag.py:537} INFO - Filling up the DagBag from /home/airflow/.local/lib/python3.7/site-packages/airflow/example_dags/example_bash_operator.py
[2022-11-20T17:33:54.077+0000] {processor.py:766} INFO - DAG(s) dict_keys(['example_bash_operator']) retrieved from /home/airflow/.local/lib/python3.7/site-packages/airflow/example_dags/example_bash_operator.py
[2022-11-20T17:33:54.101+0000] {logging_mixin.py:120} INFO - [2022-11-20T17:33:54.101+0000] {dag.py:2585} INFO - Sync 1 DAGs
[2022-11-20T17:33:54.114+0000] {logging_mixin.py:120} INFO - [2022-11-20T17:33:54.114+0000] {dag.py:3340} INFO - Setting next_dagrun for example_bash_operator to 2022-11-19T00:00:00+00:00, run_after=2022-11-20T00:00:00+00:00
[2022-11-20T17:33:54.122+0000] {processor.py:176} INFO - Processing /home/airflow/.local/lib/python3.7/site-packages/airflow/example_dags/example_bash_operator.py took 0.060 seconds
[2022-11-20T17:34:25.042+0000] {processor.py:154} INFO - Started process (PID=4142) to work on /home/airflow/.local/lib/python3.7/site-packages/airflow/example_dags/example_bash_operator.py
[2022-11-20T17:34:25.042+0000] {processor.py:756} INFO - Processing file /home/airflow/.local/lib/python3.7/site-packages/airflow/example_dags/example_bash_operator.py for tasks to queue
[2022-11-20T17:34:25.043+0000] {logging_mixin.py:120} INFO - [2022-11-20T17:34:25.043+0000] {dagbag.py:537} INFO - Filling up the DagBag from /home/airflow/.local/lib/python3.7/site-packages/airflow/example_dags/example_bash_operator.py
[2022-11-20T17:34:25.054+0000] {processor.py:766} INFO - DAG(s) dict_keys(['example_bash_operator']) retrieved from /home/airflow/.local/lib/python3.7/site-packages/airflow/example_dags/example_bash_operator.py
[2022-11-20T17:34:25.076+0000] {logging_mixin.py:120} INFO - [2022-11-20T17:34:25.076+0000] {dag.py:2585} INFO - Sync 1 DAGs
[2022-11-20T17:34:25.089+0000] {logging_mixin.py:120} INFO - [2022-11-20T17:34:25.089+0000] {dag.py:3340} INFO - Setting next_dagrun for example_bash_operator to 2022-11-19T00:00:00+00:00, run_after=2022-11-20T00:00:00+00:00
[2022-11-20T17:34:25.098+0000] {processor.py:176} INFO - Processing /home/airflow/.local/lib/python3.7/site-packages/airflow/example_dags/example_bash_operator.py took 0.059 seconds
[2022-11-20T17:34:56.045+0000] {processor.py:154} INFO - Started process (PID=4212) to work on /home/airflow/.local/lib/python3.7/site-packages/airflow/example_dags/example_bash_operator.py
[2022-11-20T17:34:56.046+0000] {processor.py:756} INFO - Processing file /home/airflow/.local/lib/python3.7/site-packages/airflow/example_dags/example_bash_operator.py for tasks to queue
[2022-11-20T17:34:56.047+0000] {logging_mixin.py:120} INFO - [2022-11-20T17:34:56.047+0000] {dagbag.py:537} INFO - Filling up the DagBag from /home/airflow/.local/lib/python3.7/site-packages/airflow/example_dags/example_bash_operator.py
[2022-11-20T17:34:56.060+0000] {processor.py:766} INFO - DAG(s) dict_keys(['example_bash_operator']) retrieved from /home/airflow/.local/lib/python3.7/site-packages/airflow/example_dags/example_bash_operator.py
[2022-11-20T17:34:56.085+0000] {logging_mixin.py:120} INFO - [2022-11-20T17:34:56.085+0000] {dag.py:2585} INFO - Sync 1 DAGs
[2022-11-20T17:34:56.101+0000] {logging_mixin.py:120} INFO - [2022-11-20T17:34:56.101+0000] {dag.py:3340} INFO - Setting next_dagrun for example_bash_operator to 2022-11-19T00:00:00+00:00, run_after=2022-11-20T00:00:00+00:00
[2022-11-20T17:34:56.112+0000] {processor.py:176} INFO - Processing /home/airflow/.local/lib/python3.7/site-packages/airflow/example_dags/example_bash_operator.py took 0.069 seconds
[2022-11-20T17:35:26.889+0000] {processor.py:154} INFO - Started process (PID=4279) to work on /home/airflow/.local/lib/python3.7/site-packages/airflow/example_dags/example_bash_operator.py
[2022-11-20T17:35:26.889+0000] {processor.py:756} INFO - Processing file /home/airflow/.local/lib/python3.7/site-packages/airflow/example_dags/example_bash_operator.py for tasks to queue
[2022-11-20T17:35:26.890+0000] {logging_mixin.py:120} INFO - [2022-11-20T17:35:26.890+0000] {dagbag.py:537} INFO - Filling up the DagBag from /home/airflow/.local/lib/python3.7/site-packages/airflow/example_dags/example_bash_operator.py
[2022-11-20T17:35:26.906+0000] {processor.py:766} INFO - DAG(s) dict_keys(['example_bash_operator']) retrieved from /home/airflow/.local/lib/python3.7/site-packages/airflow/example_dags/example_bash_operator.py
[2022-11-20T17:35:26.949+0000] {logging_mixin.py:120} INFO - [2022-11-20T17:35:26.949+0000] {dag.py:2585} INFO - Sync 1 DAGs
[2022-11-20T17:35:26.963+0000] {logging_mixin.py:120} INFO - [2022-11-20T17:35:26.963+0000] {dag.py:3340} INFO - Setting next_dagrun for example_bash_operator to 2022-11-19T00:00:00+00:00, run_after=2022-11-20T00:00:00+00:00
[2022-11-20T17:35:26.975+0000] {processor.py:176} INFO - Processing /home/airflow/.local/lib/python3.7/site-packages/airflow/example_dags/example_bash_operator.py took 0.088 seconds
