[2022-11-20T12:59:09.481+0000] {processor.py:154} INFO - Started process (PID=40) to work on /home/airflow/.local/lib/python3.7/site-packages/airflow/example_dags/example_trigger_target_dag.py
[2022-11-20T12:59:09.482+0000] {processor.py:756} INFO - Processing file /home/airflow/.local/lib/python3.7/site-packages/airflow/example_dags/example_trigger_target_dag.py for tasks to queue
[2022-11-20T12:59:09.483+0000] {logging_mixin.py:120} INFO - [2022-11-20T12:59:09.483+0000] {dagbag.py:537} INFO - Filling up the DagBag from /home/airflow/.local/lib/python3.7/site-packages/airflow/example_dags/example_trigger_target_dag.py
[2022-11-20T12:59:09.561+0000] {processor.py:766} INFO - DAG(s) dict_keys(['example_trigger_target_dag']) retrieved from /home/airflow/.local/lib/python3.7/site-packages/airflow/example_dags/example_trigger_target_dag.py
[2022-11-20T12:59:09.642+0000] {logging_mixin.py:120} INFO - [2022-11-20T12:59:09.642+0000] {dag.py:2585} INFO - Sync 1 DAGs
[2022-11-20T12:59:09.670+0000] {logging_mixin.py:120} INFO - [2022-11-20T12:59:09.670+0000] {dag.py:3340} INFO - Setting next_dagrun for example_trigger_target_dag to None, run_after=None
[2022-11-20T12:59:09.741+0000] {processor.py:176} INFO - Processing /home/airflow/.local/lib/python3.7/site-packages/airflow/example_dags/example_trigger_target_dag.py took 0.263 seconds
[2022-11-20T12:59:39.816+0000] {processor.py:154} INFO - Started process (PID=120) to work on /home/airflow/.local/lib/python3.7/site-packages/airflow/example_dags/example_trigger_target_dag.py
[2022-11-20T12:59:39.817+0000] {processor.py:756} INFO - Processing file /home/airflow/.local/lib/python3.7/site-packages/airflow/example_dags/example_trigger_target_dag.py for tasks to queue
[2022-11-20T12:59:39.817+0000] {logging_mixin.py:120} INFO - [2022-11-20T12:59:39.817+0000] {dagbag.py:537} INFO - Filling up the DagBag from /home/airflow/.local/lib/python3.7/site-packages/airflow/example_dags/example_trigger_target_dag.py
[2022-11-20T12:59:39.829+0000] {processor.py:766} INFO - DAG(s) dict_keys(['example_trigger_target_dag']) retrieved from /home/airflow/.local/lib/python3.7/site-packages/airflow/example_dags/example_trigger_target_dag.py
[2022-11-20T12:59:39.849+0000] {logging_mixin.py:120} INFO - [2022-11-20T12:59:39.848+0000] {dag.py:2585} INFO - Sync 1 DAGs
[2022-11-20T12:59:39.864+0000] {logging_mixin.py:120} INFO - [2022-11-20T12:59:39.864+0000] {dag.py:3340} INFO - Setting next_dagrun for example_trigger_target_dag to None, run_after=None
[2022-11-20T12:59:39.874+0000] {processor.py:176} INFO - Processing /home/airflow/.local/lib/python3.7/site-packages/airflow/example_dags/example_trigger_target_dag.py took 0.060 seconds
[2022-11-20T13:00:10.687+0000] {processor.py:154} INFO - Started process (PID=188) to work on /home/airflow/.local/lib/python3.7/site-packages/airflow/example_dags/example_trigger_target_dag.py
[2022-11-20T13:00:10.687+0000] {processor.py:756} INFO - Processing file /home/airflow/.local/lib/python3.7/site-packages/airflow/example_dags/example_trigger_target_dag.py for tasks to queue
[2022-11-20T13:00:10.688+0000] {logging_mixin.py:120} INFO - [2022-11-20T13:00:10.688+0000] {dagbag.py:537} INFO - Filling up the DagBag from /home/airflow/.local/lib/python3.7/site-packages/airflow/example_dags/example_trigger_target_dag.py
[2022-11-20T13:00:10.700+0000] {processor.py:766} INFO - DAG(s) dict_keys(['example_trigger_target_dag']) retrieved from /home/airflow/.local/lib/python3.7/site-packages/airflow/example_dags/example_trigger_target_dag.py
[2022-11-20T13:00:10.723+0000] {logging_mixin.py:120} INFO - [2022-11-20T13:00:10.723+0000] {dag.py:2585} INFO - Sync 1 DAGs
[2022-11-20T13:00:10.735+0000] {logging_mixin.py:120} INFO - [2022-11-20T13:00:10.735+0000] {dag.py:3340} INFO - Setting next_dagrun for example_trigger_target_dag to None, run_after=None
[2022-11-20T13:00:10.745+0000] {processor.py:176} INFO - Processing /home/airflow/.local/lib/python3.7/site-packages/airflow/example_dags/example_trigger_target_dag.py took 0.060 seconds
[2022-11-20T13:00:41.383+0000] {processor.py:154} INFO - Started process (PID=256) to work on /home/airflow/.local/lib/python3.7/site-packages/airflow/example_dags/example_trigger_target_dag.py
[2022-11-20T13:00:41.384+0000] {processor.py:756} INFO - Processing file /home/airflow/.local/lib/python3.7/site-packages/airflow/example_dags/example_trigger_target_dag.py for tasks to queue
[2022-11-20T13:00:41.385+0000] {logging_mixin.py:120} INFO - [2022-11-20T13:00:41.384+0000] {dagbag.py:537} INFO - Filling up the DagBag from /home/airflow/.local/lib/python3.7/site-packages/airflow/example_dags/example_trigger_target_dag.py
[2022-11-20T13:00:41.396+0000] {processor.py:766} INFO - DAG(s) dict_keys(['example_trigger_target_dag']) retrieved from /home/airflow/.local/lib/python3.7/site-packages/airflow/example_dags/example_trigger_target_dag.py
[2022-11-20T13:00:41.419+0000] {logging_mixin.py:120} INFO - [2022-11-20T13:00:41.419+0000] {dag.py:2585} INFO - Sync 1 DAGs
[2022-11-20T13:00:41.431+0000] {logging_mixin.py:120} INFO - [2022-11-20T13:00:41.431+0000] {dag.py:3340} INFO - Setting next_dagrun for example_trigger_target_dag to None, run_after=None
[2022-11-20T13:00:41.447+0000] {processor.py:176} INFO - Processing /home/airflow/.local/lib/python3.7/site-packages/airflow/example_dags/example_trigger_target_dag.py took 0.066 seconds
[2022-11-20T13:01:12.212+0000] {processor.py:154} INFO - Started process (PID=313) to work on /home/airflow/.local/lib/python3.7/site-packages/airflow/example_dags/example_trigger_target_dag.py
[2022-11-20T13:01:12.213+0000] {processor.py:756} INFO - Processing file /home/airflow/.local/lib/python3.7/site-packages/airflow/example_dags/example_trigger_target_dag.py for tasks to queue
[2022-11-20T13:01:12.213+0000] {logging_mixin.py:120} INFO - [2022-11-20T13:01:12.213+0000] {dagbag.py:537} INFO - Filling up the DagBag from /home/airflow/.local/lib/python3.7/site-packages/airflow/example_dags/example_trigger_target_dag.py
[2022-11-20T13:01:12.227+0000] {processor.py:766} INFO - DAG(s) dict_keys(['example_trigger_target_dag']) retrieved from /home/airflow/.local/lib/python3.7/site-packages/airflow/example_dags/example_trigger_target_dag.py
[2022-11-20T13:01:12.250+0000] {logging_mixin.py:120} INFO - [2022-11-20T13:01:12.250+0000] {dag.py:2585} INFO - Sync 1 DAGs
[2022-11-20T13:01:12.265+0000] {logging_mixin.py:120} INFO - [2022-11-20T13:01:12.265+0000] {dag.py:3340} INFO - Setting next_dagrun for example_trigger_target_dag to None, run_after=None
[2022-11-20T13:01:12.276+0000] {processor.py:176} INFO - Processing /home/airflow/.local/lib/python3.7/site-packages/airflow/example_dags/example_trigger_target_dag.py took 0.067 seconds
[2022-11-20T13:01:42.342+0000] {processor.py:154} INFO - Started process (PID=383) to work on /home/airflow/.local/lib/python3.7/site-packages/airflow/example_dags/example_trigger_target_dag.py
[2022-11-20T13:01:42.343+0000] {processor.py:756} INFO - Processing file /home/airflow/.local/lib/python3.7/site-packages/airflow/example_dags/example_trigger_target_dag.py for tasks to queue
[2022-11-20T13:01:42.343+0000] {logging_mixin.py:120} INFO - [2022-11-20T13:01:42.343+0000] {dagbag.py:537} INFO - Filling up the DagBag from /home/airflow/.local/lib/python3.7/site-packages/airflow/example_dags/example_trigger_target_dag.py
[2022-11-20T13:01:42.354+0000] {processor.py:766} INFO - DAG(s) dict_keys(['example_trigger_target_dag']) retrieved from /home/airflow/.local/lib/python3.7/site-packages/airflow/example_dags/example_trigger_target_dag.py
[2022-11-20T13:01:42.374+0000] {logging_mixin.py:120} INFO - [2022-11-20T13:01:42.374+0000] {dag.py:2585} INFO - Sync 1 DAGs
[2022-11-20T13:01:42.386+0000] {logging_mixin.py:120} INFO - [2022-11-20T13:01:42.386+0000] {dag.py:3340} INFO - Setting next_dagrun for example_trigger_target_dag to None, run_after=None
[2022-11-20T13:01:42.394+0000] {processor.py:176} INFO - Processing /home/airflow/.local/lib/python3.7/site-packages/airflow/example_dags/example_trigger_target_dag.py took 0.054 seconds
[2022-11-20T13:02:13.456+0000] {processor.py:154} INFO - Started process (PID=449) to work on /home/airflow/.local/lib/python3.7/site-packages/airflow/example_dags/example_trigger_target_dag.py
[2022-11-20T13:02:13.457+0000] {processor.py:756} INFO - Processing file /home/airflow/.local/lib/python3.7/site-packages/airflow/example_dags/example_trigger_target_dag.py for tasks to queue
[2022-11-20T13:02:13.457+0000] {logging_mixin.py:120} INFO - [2022-11-20T13:02:13.457+0000] {dagbag.py:537} INFO - Filling up the DagBag from /home/airflow/.local/lib/python3.7/site-packages/airflow/example_dags/example_trigger_target_dag.py
[2022-11-20T13:02:13.468+0000] {processor.py:766} INFO - DAG(s) dict_keys(['example_trigger_target_dag']) retrieved from /home/airflow/.local/lib/python3.7/site-packages/airflow/example_dags/example_trigger_target_dag.py
[2022-11-20T13:02:13.488+0000] {logging_mixin.py:120} INFO - [2022-11-20T13:02:13.488+0000] {dag.py:2585} INFO - Sync 1 DAGs
[2022-11-20T13:02:13.499+0000] {logging_mixin.py:120} INFO - [2022-11-20T13:02:13.499+0000] {dag.py:3340} INFO - Setting next_dagrun for example_trigger_target_dag to None, run_after=None
[2022-11-20T13:02:13.507+0000] {processor.py:176} INFO - Processing /home/airflow/.local/lib/python3.7/site-packages/airflow/example_dags/example_trigger_target_dag.py took 0.052 seconds
[2022-11-20T13:02:44.213+0000] {processor.py:154} INFO - Started process (PID=518) to work on /home/airflow/.local/lib/python3.7/site-packages/airflow/example_dags/example_trigger_target_dag.py
[2022-11-20T13:02:44.214+0000] {processor.py:756} INFO - Processing file /home/airflow/.local/lib/python3.7/site-packages/airflow/example_dags/example_trigger_target_dag.py for tasks to queue
[2022-11-20T13:02:44.214+0000] {logging_mixin.py:120} INFO - [2022-11-20T13:02:44.214+0000] {dagbag.py:537} INFO - Filling up the DagBag from /home/airflow/.local/lib/python3.7/site-packages/airflow/example_dags/example_trigger_target_dag.py
[2022-11-20T13:02:44.224+0000] {processor.py:766} INFO - DAG(s) dict_keys(['example_trigger_target_dag']) retrieved from /home/airflow/.local/lib/python3.7/site-packages/airflow/example_dags/example_trigger_target_dag.py
[2022-11-20T13:02:44.244+0000] {logging_mixin.py:120} INFO - [2022-11-20T13:02:44.244+0000] {dag.py:2585} INFO - Sync 1 DAGs
[2022-11-20T13:02:44.255+0000] {logging_mixin.py:120} INFO - [2022-11-20T13:02:44.255+0000] {dag.py:3340} INFO - Setting next_dagrun for example_trigger_target_dag to None, run_after=None
[2022-11-20T13:02:44.264+0000] {processor.py:176} INFO - Processing /home/airflow/.local/lib/python3.7/site-packages/airflow/example_dags/example_trigger_target_dag.py took 0.053 seconds
[2022-11-20T13:03:15.002+0000] {processor.py:154} INFO - Started process (PID=581) to work on /home/airflow/.local/lib/python3.7/site-packages/airflow/example_dags/example_trigger_target_dag.py
[2022-11-20T13:03:15.002+0000] {processor.py:756} INFO - Processing file /home/airflow/.local/lib/python3.7/site-packages/airflow/example_dags/example_trigger_target_dag.py for tasks to queue
[2022-11-20T13:03:15.003+0000] {logging_mixin.py:120} INFO - [2022-11-20T13:03:15.003+0000] {dagbag.py:537} INFO - Filling up the DagBag from /home/airflow/.local/lib/python3.7/site-packages/airflow/example_dags/example_trigger_target_dag.py
[2022-11-20T13:03:15.014+0000] {processor.py:766} INFO - DAG(s) dict_keys(['example_trigger_target_dag']) retrieved from /home/airflow/.local/lib/python3.7/site-packages/airflow/example_dags/example_trigger_target_dag.py
[2022-11-20T13:03:15.034+0000] {logging_mixin.py:120} INFO - [2022-11-20T13:03:15.034+0000] {dag.py:2585} INFO - Sync 1 DAGs
[2022-11-20T13:03:15.046+0000] {logging_mixin.py:120} INFO - [2022-11-20T13:03:15.046+0000] {dag.py:3340} INFO - Setting next_dagrun for example_trigger_target_dag to None, run_after=None
[2022-11-20T13:03:15.054+0000] {processor.py:176} INFO - Processing /home/airflow/.local/lib/python3.7/site-packages/airflow/example_dags/example_trigger_target_dag.py took 0.054 seconds
[2022-11-20T13:03:45.946+0000] {processor.py:154} INFO - Started process (PID=649) to work on /home/airflow/.local/lib/python3.7/site-packages/airflow/example_dags/example_trigger_target_dag.py
[2022-11-20T13:03:45.946+0000] {processor.py:756} INFO - Processing file /home/airflow/.local/lib/python3.7/site-packages/airflow/example_dags/example_trigger_target_dag.py for tasks to queue
[2022-11-20T13:03:45.947+0000] {logging_mixin.py:120} INFO - [2022-11-20T13:03:45.947+0000] {dagbag.py:537} INFO - Filling up the DagBag from /home/airflow/.local/lib/python3.7/site-packages/airflow/example_dags/example_trigger_target_dag.py
[2022-11-20T13:03:45.958+0000] {processor.py:766} INFO - DAG(s) dict_keys(['example_trigger_target_dag']) retrieved from /home/airflow/.local/lib/python3.7/site-packages/airflow/example_dags/example_trigger_target_dag.py
[2022-11-20T13:03:45.978+0000] {logging_mixin.py:120} INFO - [2022-11-20T13:03:45.978+0000] {dag.py:2585} INFO - Sync 1 DAGs
[2022-11-20T13:03:45.991+0000] {logging_mixin.py:120} INFO - [2022-11-20T13:03:45.991+0000] {dag.py:3340} INFO - Setting next_dagrun for example_trigger_target_dag to None, run_after=None
[2022-11-20T13:03:46.003+0000] {processor.py:176} INFO - Processing /home/airflow/.local/lib/python3.7/site-packages/airflow/example_dags/example_trigger_target_dag.py took 0.058 seconds
[2022-11-20T13:04:16.728+0000] {processor.py:154} INFO - Started process (PID=718) to work on /home/airflow/.local/lib/python3.7/site-packages/airflow/example_dags/example_trigger_target_dag.py
[2022-11-20T13:04:16.729+0000] {processor.py:756} INFO - Processing file /home/airflow/.local/lib/python3.7/site-packages/airflow/example_dags/example_trigger_target_dag.py for tasks to queue
[2022-11-20T13:04:16.729+0000] {logging_mixin.py:120} INFO - [2022-11-20T13:04:16.729+0000] {dagbag.py:537} INFO - Filling up the DagBag from /home/airflow/.local/lib/python3.7/site-packages/airflow/example_dags/example_trigger_target_dag.py
[2022-11-20T13:04:16.744+0000] {processor.py:766} INFO - DAG(s) dict_keys(['example_trigger_target_dag']) retrieved from /home/airflow/.local/lib/python3.7/site-packages/airflow/example_dags/example_trigger_target_dag.py
[2022-11-20T13:04:16.771+0000] {logging_mixin.py:120} INFO - [2022-11-20T13:04:16.771+0000] {dag.py:2585} INFO - Sync 1 DAGs
[2022-11-20T13:04:16.785+0000] {logging_mixin.py:120} INFO - [2022-11-20T13:04:16.785+0000] {dag.py:3340} INFO - Setting next_dagrun for example_trigger_target_dag to None, run_after=None
[2022-11-20T13:04:16.823+0000] {processor.py:176} INFO - Processing /home/airflow/.local/lib/python3.7/site-packages/airflow/example_dags/example_trigger_target_dag.py took 0.099 seconds
[2022-11-20T13:04:46.856+0000] {processor.py:154} INFO - Started process (PID=778) to work on /home/airflow/.local/lib/python3.7/site-packages/airflow/example_dags/example_trigger_target_dag.py
[2022-11-20T13:04:46.857+0000] {processor.py:756} INFO - Processing file /home/airflow/.local/lib/python3.7/site-packages/airflow/example_dags/example_trigger_target_dag.py for tasks to queue
[2022-11-20T13:04:46.857+0000] {logging_mixin.py:120} INFO - [2022-11-20T13:04:46.857+0000] {dagbag.py:537} INFO - Filling up the DagBag from /home/airflow/.local/lib/python3.7/site-packages/airflow/example_dags/example_trigger_target_dag.py
[2022-11-20T13:04:46.868+0000] {processor.py:766} INFO - DAG(s) dict_keys(['example_trigger_target_dag']) retrieved from /home/airflow/.local/lib/python3.7/site-packages/airflow/example_dags/example_trigger_target_dag.py
[2022-11-20T13:04:46.888+0000] {logging_mixin.py:120} INFO - [2022-11-20T13:04:46.888+0000] {dag.py:2585} INFO - Sync 1 DAGs
[2022-11-20T13:04:46.899+0000] {logging_mixin.py:120} INFO - [2022-11-20T13:04:46.899+0000] {dag.py:3340} INFO - Setting next_dagrun for example_trigger_target_dag to None, run_after=None
[2022-11-20T13:04:46.908+0000] {processor.py:176} INFO - Processing /home/airflow/.local/lib/python3.7/site-packages/airflow/example_dags/example_trigger_target_dag.py took 0.053 seconds
[2022-11-20T13:05:17.005+0000] {processor.py:154} INFO - Started process (PID=843) to work on /home/airflow/.local/lib/python3.7/site-packages/airflow/example_dags/example_trigger_target_dag.py
[2022-11-20T13:05:17.005+0000] {processor.py:756} INFO - Processing file /home/airflow/.local/lib/python3.7/site-packages/airflow/example_dags/example_trigger_target_dag.py for tasks to queue
[2022-11-20T13:05:17.006+0000] {logging_mixin.py:120} INFO - [2022-11-20T13:05:17.006+0000] {dagbag.py:537} INFO - Filling up the DagBag from /home/airflow/.local/lib/python3.7/site-packages/airflow/example_dags/example_trigger_target_dag.py
[2022-11-20T13:05:17.016+0000] {processor.py:766} INFO - DAG(s) dict_keys(['example_trigger_target_dag']) retrieved from /home/airflow/.local/lib/python3.7/site-packages/airflow/example_dags/example_trigger_target_dag.py
[2022-11-20T13:05:17.036+0000] {logging_mixin.py:120} INFO - [2022-11-20T13:05:17.035+0000] {dag.py:2585} INFO - Sync 1 DAGs
[2022-11-20T13:05:17.047+0000] {logging_mixin.py:120} INFO - [2022-11-20T13:05:17.047+0000] {dag.py:3340} INFO - Setting next_dagrun for example_trigger_target_dag to None, run_after=None
[2022-11-20T13:05:17.056+0000] {processor.py:176} INFO - Processing /home/airflow/.local/lib/python3.7/site-packages/airflow/example_dags/example_trigger_target_dag.py took 0.053 seconds
[2022-11-20T13:05:47.711+0000] {processor.py:154} INFO - Started process (PID=911) to work on /home/airflow/.local/lib/python3.7/site-packages/airflow/example_dags/example_trigger_target_dag.py
[2022-11-20T13:05:47.711+0000] {processor.py:756} INFO - Processing file /home/airflow/.local/lib/python3.7/site-packages/airflow/example_dags/example_trigger_target_dag.py for tasks to queue
[2022-11-20T13:05:47.712+0000] {logging_mixin.py:120} INFO - [2022-11-20T13:05:47.712+0000] {dagbag.py:537} INFO - Filling up the DagBag from /home/airflow/.local/lib/python3.7/site-packages/airflow/example_dags/example_trigger_target_dag.py
[2022-11-20T13:05:47.722+0000] {processor.py:766} INFO - DAG(s) dict_keys(['example_trigger_target_dag']) retrieved from /home/airflow/.local/lib/python3.7/site-packages/airflow/example_dags/example_trigger_target_dag.py
[2022-11-20T13:05:47.741+0000] {logging_mixin.py:120} INFO - [2022-11-20T13:05:47.741+0000] {dag.py:2585} INFO - Sync 1 DAGs
[2022-11-20T13:05:47.753+0000] {logging_mixin.py:120} INFO - [2022-11-20T13:05:47.753+0000] {dag.py:3340} INFO - Setting next_dagrun for example_trigger_target_dag to None, run_after=None
[2022-11-20T13:05:47.761+0000] {processor.py:176} INFO - Processing /home/airflow/.local/lib/python3.7/site-packages/airflow/example_dags/example_trigger_target_dag.py took 0.052 seconds
[2022-11-20T13:06:18.545+0000] {processor.py:154} INFO - Started process (PID=976) to work on /home/airflow/.local/lib/python3.7/site-packages/airflow/example_dags/example_trigger_target_dag.py
[2022-11-20T13:06:18.546+0000] {processor.py:756} INFO - Processing file /home/airflow/.local/lib/python3.7/site-packages/airflow/example_dags/example_trigger_target_dag.py for tasks to queue
[2022-11-20T13:06:18.547+0000] {logging_mixin.py:120} INFO - [2022-11-20T13:06:18.547+0000] {dagbag.py:537} INFO - Filling up the DagBag from /home/airflow/.local/lib/python3.7/site-packages/airflow/example_dags/example_trigger_target_dag.py
[2022-11-20T13:06:18.557+0000] {processor.py:766} INFO - DAG(s) dict_keys(['example_trigger_target_dag']) retrieved from /home/airflow/.local/lib/python3.7/site-packages/airflow/example_dags/example_trigger_target_dag.py
[2022-11-20T13:06:18.576+0000] {logging_mixin.py:120} INFO - [2022-11-20T13:06:18.576+0000] {dag.py:2585} INFO - Sync 1 DAGs
[2022-11-20T13:06:18.588+0000] {logging_mixin.py:120} INFO - [2022-11-20T13:06:18.587+0000] {dag.py:3340} INFO - Setting next_dagrun for example_trigger_target_dag to None, run_after=None
[2022-11-20T13:06:18.597+0000] {processor.py:176} INFO - Processing /home/airflow/.local/lib/python3.7/site-packages/airflow/example_dags/example_trigger_target_dag.py took 0.054 seconds
[2022-11-20T13:06:49.339+0000] {processor.py:154} INFO - Started process (PID=1044) to work on /home/airflow/.local/lib/python3.7/site-packages/airflow/example_dags/example_trigger_target_dag.py
[2022-11-20T13:06:49.340+0000] {processor.py:756} INFO - Processing file /home/airflow/.local/lib/python3.7/site-packages/airflow/example_dags/example_trigger_target_dag.py for tasks to queue
[2022-11-20T13:06:49.341+0000] {logging_mixin.py:120} INFO - [2022-11-20T13:06:49.341+0000] {dagbag.py:537} INFO - Filling up the DagBag from /home/airflow/.local/lib/python3.7/site-packages/airflow/example_dags/example_trigger_target_dag.py
[2022-11-20T13:06:49.351+0000] {processor.py:766} INFO - DAG(s) dict_keys(['example_trigger_target_dag']) retrieved from /home/airflow/.local/lib/python3.7/site-packages/airflow/example_dags/example_trigger_target_dag.py
[2022-11-20T13:06:49.373+0000] {logging_mixin.py:120} INFO - [2022-11-20T13:06:49.373+0000] {dag.py:2585} INFO - Sync 1 DAGs
[2022-11-20T13:06:49.385+0000] {logging_mixin.py:120} INFO - [2022-11-20T13:06:49.385+0000] {dag.py:3340} INFO - Setting next_dagrun for example_trigger_target_dag to None, run_after=None
[2022-11-20T13:06:49.396+0000] {processor.py:176} INFO - Processing /home/airflow/.local/lib/python3.7/site-packages/airflow/example_dags/example_trigger_target_dag.py took 0.058 seconds
[2022-11-20T13:18:22.502+0000] {processor.py:154} INFO - Started process (PID=1089) to work on /home/airflow/.local/lib/python3.7/site-packages/airflow/example_dags/example_trigger_target_dag.py
[2022-11-20T13:18:22.502+0000] {processor.py:756} INFO - Processing file /home/airflow/.local/lib/python3.7/site-packages/airflow/example_dags/example_trigger_target_dag.py for tasks to queue
[2022-11-20T13:18:22.503+0000] {logging_mixin.py:120} INFO - [2022-11-20T13:18:22.503+0000] {dagbag.py:537} INFO - Filling up the DagBag from /home/airflow/.local/lib/python3.7/site-packages/airflow/example_dags/example_trigger_target_dag.py
[2022-11-20T13:18:22.516+0000] {processor.py:766} INFO - DAG(s) dict_keys(['example_trigger_target_dag']) retrieved from /home/airflow/.local/lib/python3.7/site-packages/airflow/example_dags/example_trigger_target_dag.py
[2022-11-20T13:18:22.536+0000] {logging_mixin.py:120} INFO - [2022-11-20T13:18:22.536+0000] {dag.py:2585} INFO - Sync 1 DAGs
[2022-11-20T13:18:22.548+0000] {logging_mixin.py:120} INFO - [2022-11-20T13:18:22.548+0000] {dag.py:3340} INFO - Setting next_dagrun for example_trigger_target_dag to None, run_after=None
[2022-11-20T13:18:22.558+0000] {processor.py:176} INFO - Processing /home/airflow/.local/lib/python3.7/site-packages/airflow/example_dags/example_trigger_target_dag.py took 0.058 seconds
[2022-11-20T13:18:53.422+0000] {processor.py:154} INFO - Started process (PID=1156) to work on /home/airflow/.local/lib/python3.7/site-packages/airflow/example_dags/example_trigger_target_dag.py
[2022-11-20T13:18:53.423+0000] {processor.py:756} INFO - Processing file /home/airflow/.local/lib/python3.7/site-packages/airflow/example_dags/example_trigger_target_dag.py for tasks to queue
[2022-11-20T13:18:53.423+0000] {logging_mixin.py:120} INFO - [2022-11-20T13:18:53.423+0000] {dagbag.py:537} INFO - Filling up the DagBag from /home/airflow/.local/lib/python3.7/site-packages/airflow/example_dags/example_trigger_target_dag.py
[2022-11-20T13:18:53.433+0000] {processor.py:766} INFO - DAG(s) dict_keys(['example_trigger_target_dag']) retrieved from /home/airflow/.local/lib/python3.7/site-packages/airflow/example_dags/example_trigger_target_dag.py
[2022-11-20T13:18:53.453+0000] {logging_mixin.py:120} INFO - [2022-11-20T13:18:53.453+0000] {dag.py:2585} INFO - Sync 1 DAGs
[2022-11-20T13:18:53.465+0000] {logging_mixin.py:120} INFO - [2022-11-20T13:18:53.465+0000] {dag.py:3340} INFO - Setting next_dagrun for example_trigger_target_dag to None, run_after=None
[2022-11-20T13:18:53.473+0000] {processor.py:176} INFO - Processing /home/airflow/.local/lib/python3.7/site-packages/airflow/example_dags/example_trigger_target_dag.py took 0.053 seconds
[2022-11-20T13:19:24.443+0000] {processor.py:154} INFO - Started process (PID=1223) to work on /home/airflow/.local/lib/python3.7/site-packages/airflow/example_dags/example_trigger_target_dag.py
[2022-11-20T13:19:24.443+0000] {processor.py:756} INFO - Processing file /home/airflow/.local/lib/python3.7/site-packages/airflow/example_dags/example_trigger_target_dag.py for tasks to queue
[2022-11-20T13:19:24.444+0000] {logging_mixin.py:120} INFO - [2022-11-20T13:19:24.444+0000] {dagbag.py:537} INFO - Filling up the DagBag from /home/airflow/.local/lib/python3.7/site-packages/airflow/example_dags/example_trigger_target_dag.py
[2022-11-20T13:19:24.454+0000] {processor.py:766} INFO - DAG(s) dict_keys(['example_trigger_target_dag']) retrieved from /home/airflow/.local/lib/python3.7/site-packages/airflow/example_dags/example_trigger_target_dag.py
[2022-11-20T13:19:24.477+0000] {logging_mixin.py:120} INFO - [2022-11-20T13:19:24.477+0000] {dag.py:2585} INFO - Sync 1 DAGs
[2022-11-20T13:19:24.489+0000] {logging_mixin.py:120} INFO - [2022-11-20T13:19:24.489+0000] {dag.py:3340} INFO - Setting next_dagrun for example_trigger_target_dag to None, run_after=None
[2022-11-20T13:19:24.525+0000] {processor.py:176} INFO - Processing /home/airflow/.local/lib/python3.7/site-packages/airflow/example_dags/example_trigger_target_dag.py took 0.084 seconds
[2022-11-20T13:19:55.267+0000] {processor.py:154} INFO - Started process (PID=1284) to work on /home/airflow/.local/lib/python3.7/site-packages/airflow/example_dags/example_trigger_target_dag.py
[2022-11-20T13:19:55.268+0000] {processor.py:756} INFO - Processing file /home/airflow/.local/lib/python3.7/site-packages/airflow/example_dags/example_trigger_target_dag.py for tasks to queue
[2022-11-20T13:19:55.268+0000] {logging_mixin.py:120} INFO - [2022-11-20T13:19:55.268+0000] {dagbag.py:537} INFO - Filling up the DagBag from /home/airflow/.local/lib/python3.7/site-packages/airflow/example_dags/example_trigger_target_dag.py
[2022-11-20T13:19:55.279+0000] {processor.py:766} INFO - DAG(s) dict_keys(['example_trigger_target_dag']) retrieved from /home/airflow/.local/lib/python3.7/site-packages/airflow/example_dags/example_trigger_target_dag.py
[2022-11-20T13:19:55.300+0000] {logging_mixin.py:120} INFO - [2022-11-20T13:19:55.300+0000] {dag.py:2585} INFO - Sync 1 DAGs
[2022-11-20T13:19:55.311+0000] {logging_mixin.py:120} INFO - [2022-11-20T13:19:55.311+0000] {dag.py:3340} INFO - Setting next_dagrun for example_trigger_target_dag to None, run_after=None
[2022-11-20T13:19:55.322+0000] {processor.py:176} INFO - Processing /home/airflow/.local/lib/python3.7/site-packages/airflow/example_dags/example_trigger_target_dag.py took 0.057 seconds
[2022-11-20T13:20:26.386+0000] {processor.py:154} INFO - Started process (PID=1350) to work on /home/airflow/.local/lib/python3.7/site-packages/airflow/example_dags/example_trigger_target_dag.py
[2022-11-20T13:20:26.387+0000] {processor.py:756} INFO - Processing file /home/airflow/.local/lib/python3.7/site-packages/airflow/example_dags/example_trigger_target_dag.py for tasks to queue
[2022-11-20T13:20:26.388+0000] {logging_mixin.py:120} INFO - [2022-11-20T13:20:26.388+0000] {dagbag.py:537} INFO - Filling up the DagBag from /home/airflow/.local/lib/python3.7/site-packages/airflow/example_dags/example_trigger_target_dag.py
[2022-11-20T13:20:26.398+0000] {processor.py:766} INFO - DAG(s) dict_keys(['example_trigger_target_dag']) retrieved from /home/airflow/.local/lib/python3.7/site-packages/airflow/example_dags/example_trigger_target_dag.py
[2022-11-20T13:20:26.420+0000] {logging_mixin.py:120} INFO - [2022-11-20T13:20:26.420+0000] {dag.py:2585} INFO - Sync 1 DAGs
[2022-11-20T13:20:26.432+0000] {logging_mixin.py:120} INFO - [2022-11-20T13:20:26.432+0000] {dag.py:3340} INFO - Setting next_dagrun for example_trigger_target_dag to None, run_after=None
[2022-11-20T13:20:26.441+0000] {processor.py:176} INFO - Processing /home/airflow/.local/lib/python3.7/site-packages/airflow/example_dags/example_trigger_target_dag.py took 0.056 seconds
[2022-11-20T13:20:57.355+0000] {processor.py:154} INFO - Started process (PID=1417) to work on /home/airflow/.local/lib/python3.7/site-packages/airflow/example_dags/example_trigger_target_dag.py
[2022-11-20T13:20:57.356+0000] {processor.py:756} INFO - Processing file /home/airflow/.local/lib/python3.7/site-packages/airflow/example_dags/example_trigger_target_dag.py for tasks to queue
[2022-11-20T13:20:57.356+0000] {logging_mixin.py:120} INFO - [2022-11-20T13:20:57.356+0000] {dagbag.py:537} INFO - Filling up the DagBag from /home/airflow/.local/lib/python3.7/site-packages/airflow/example_dags/example_trigger_target_dag.py
[2022-11-20T13:20:57.367+0000] {processor.py:766} INFO - DAG(s) dict_keys(['example_trigger_target_dag']) retrieved from /home/airflow/.local/lib/python3.7/site-packages/airflow/example_dags/example_trigger_target_dag.py
[2022-11-20T13:20:57.388+0000] {logging_mixin.py:120} INFO - [2022-11-20T13:20:57.388+0000] {dag.py:2585} INFO - Sync 1 DAGs
[2022-11-20T13:20:57.400+0000] {logging_mixin.py:120} INFO - [2022-11-20T13:20:57.400+0000] {dag.py:3340} INFO - Setting next_dagrun for example_trigger_target_dag to None, run_after=None
[2022-11-20T13:20:57.409+0000] {processor.py:176} INFO - Processing /home/airflow/.local/lib/python3.7/site-packages/airflow/example_dags/example_trigger_target_dag.py took 0.055 seconds
[2022-11-20T13:21:28.233+0000] {processor.py:154} INFO - Started process (PID=1485) to work on /home/airflow/.local/lib/python3.7/site-packages/airflow/example_dags/example_trigger_target_dag.py
[2022-11-20T13:21:28.234+0000] {processor.py:756} INFO - Processing file /home/airflow/.local/lib/python3.7/site-packages/airflow/example_dags/example_trigger_target_dag.py for tasks to queue
[2022-11-20T13:21:28.234+0000] {logging_mixin.py:120} INFO - [2022-11-20T13:21:28.234+0000] {dagbag.py:537} INFO - Filling up the DagBag from /home/airflow/.local/lib/python3.7/site-packages/airflow/example_dags/example_trigger_target_dag.py
[2022-11-20T13:21:28.245+0000] {processor.py:766} INFO - DAG(s) dict_keys(['example_trigger_target_dag']) retrieved from /home/airflow/.local/lib/python3.7/site-packages/airflow/example_dags/example_trigger_target_dag.py
[2022-11-20T13:21:28.265+0000] {logging_mixin.py:120} INFO - [2022-11-20T13:21:28.265+0000] {dag.py:2585} INFO - Sync 1 DAGs
[2022-11-20T13:21:28.277+0000] {logging_mixin.py:120} INFO - [2022-11-20T13:21:28.276+0000] {dag.py:3340} INFO - Setting next_dagrun for example_trigger_target_dag to None, run_after=None
[2022-11-20T13:21:28.286+0000] {processor.py:176} INFO - Processing /home/airflow/.local/lib/python3.7/site-packages/airflow/example_dags/example_trigger_target_dag.py took 0.054 seconds
[2022-11-20T13:21:59.288+0000] {processor.py:154} INFO - Started process (PID=1550) to work on /home/airflow/.local/lib/python3.7/site-packages/airflow/example_dags/example_trigger_target_dag.py
[2022-11-20T13:21:59.288+0000] {processor.py:756} INFO - Processing file /home/airflow/.local/lib/python3.7/site-packages/airflow/example_dags/example_trigger_target_dag.py for tasks to queue
[2022-11-20T13:21:59.289+0000] {logging_mixin.py:120} INFO - [2022-11-20T13:21:59.289+0000] {dagbag.py:537} INFO - Filling up the DagBag from /home/airflow/.local/lib/python3.7/site-packages/airflow/example_dags/example_trigger_target_dag.py
[2022-11-20T13:21:59.302+0000] {processor.py:766} INFO - DAG(s) dict_keys(['example_trigger_target_dag']) retrieved from /home/airflow/.local/lib/python3.7/site-packages/airflow/example_dags/example_trigger_target_dag.py
[2022-11-20T13:21:59.323+0000] {logging_mixin.py:120} INFO - [2022-11-20T13:21:59.323+0000] {dag.py:2585} INFO - Sync 1 DAGs
[2022-11-20T13:21:59.337+0000] {logging_mixin.py:120} INFO - [2022-11-20T13:21:59.337+0000] {dag.py:3340} INFO - Setting next_dagrun for example_trigger_target_dag to None, run_after=None
[2022-11-20T13:21:59.348+0000] {processor.py:176} INFO - Processing /home/airflow/.local/lib/python3.7/site-packages/airflow/example_dags/example_trigger_target_dag.py took 0.062 seconds
[2022-11-20T13:22:30.327+0000] {processor.py:154} INFO - Started process (PID=1620) to work on /home/airflow/.local/lib/python3.7/site-packages/airflow/example_dags/example_trigger_target_dag.py
[2022-11-20T13:22:30.328+0000] {processor.py:756} INFO - Processing file /home/airflow/.local/lib/python3.7/site-packages/airflow/example_dags/example_trigger_target_dag.py for tasks to queue
[2022-11-20T13:22:30.329+0000] {logging_mixin.py:120} INFO - [2022-11-20T13:22:30.329+0000] {dagbag.py:537} INFO - Filling up the DagBag from /home/airflow/.local/lib/python3.7/site-packages/airflow/example_dags/example_trigger_target_dag.py
[2022-11-20T13:22:30.341+0000] {processor.py:766} INFO - DAG(s) dict_keys(['example_trigger_target_dag']) retrieved from /home/airflow/.local/lib/python3.7/site-packages/airflow/example_dags/example_trigger_target_dag.py
[2022-11-20T13:22:30.366+0000] {logging_mixin.py:120} INFO - [2022-11-20T13:22:30.365+0000] {dag.py:2585} INFO - Sync 1 DAGs
[2022-11-20T13:22:30.381+0000] {logging_mixin.py:120} INFO - [2022-11-20T13:22:30.380+0000] {dag.py:3340} INFO - Setting next_dagrun for example_trigger_target_dag to None, run_after=None
[2022-11-20T13:22:30.401+0000] {processor.py:176} INFO - Processing /home/airflow/.local/lib/python3.7/site-packages/airflow/example_dags/example_trigger_target_dag.py took 0.075 seconds
[2022-11-20T13:23:00.487+0000] {processor.py:154} INFO - Started process (PID=1687) to work on /home/airflow/.local/lib/python3.7/site-packages/airflow/example_dags/example_trigger_target_dag.py
[2022-11-20T13:23:00.488+0000] {processor.py:756} INFO - Processing file /home/airflow/.local/lib/python3.7/site-packages/airflow/example_dags/example_trigger_target_dag.py for tasks to queue
[2022-11-20T13:23:00.490+0000] {logging_mixin.py:120} INFO - [2022-11-20T13:23:00.490+0000] {dagbag.py:537} INFO - Filling up the DagBag from /home/airflow/.local/lib/python3.7/site-packages/airflow/example_dags/example_trigger_target_dag.py
[2022-11-20T13:23:00.502+0000] {processor.py:766} INFO - DAG(s) dict_keys(['example_trigger_target_dag']) retrieved from /home/airflow/.local/lib/python3.7/site-packages/airflow/example_dags/example_trigger_target_dag.py
[2022-11-20T13:23:00.530+0000] {logging_mixin.py:120} INFO - [2022-11-20T13:23:00.530+0000] {dag.py:2585} INFO - Sync 1 DAGs
[2022-11-20T13:23:00.546+0000] {logging_mixin.py:120} INFO - [2022-11-20T13:23:00.546+0000] {dag.py:3340} INFO - Setting next_dagrun for example_trigger_target_dag to None, run_after=None
[2022-11-20T13:23:00.563+0000] {processor.py:176} INFO - Processing /home/airflow/.local/lib/python3.7/site-packages/airflow/example_dags/example_trigger_target_dag.py took 0.078 seconds
[2022-11-20T13:23:30.719+0000] {processor.py:154} INFO - Started process (PID=1746) to work on /home/airflow/.local/lib/python3.7/site-packages/airflow/example_dags/example_trigger_target_dag.py
[2022-11-20T13:23:30.720+0000] {processor.py:756} INFO - Processing file /home/airflow/.local/lib/python3.7/site-packages/airflow/example_dags/example_trigger_target_dag.py for tasks to queue
[2022-11-20T13:23:30.720+0000] {logging_mixin.py:120} INFO - [2022-11-20T13:23:30.720+0000] {dagbag.py:537} INFO - Filling up the DagBag from /home/airflow/.local/lib/python3.7/site-packages/airflow/example_dags/example_trigger_target_dag.py
[2022-11-20T13:23:30.731+0000] {processor.py:766} INFO - DAG(s) dict_keys(['example_trigger_target_dag']) retrieved from /home/airflow/.local/lib/python3.7/site-packages/airflow/example_dags/example_trigger_target_dag.py
[2022-11-20T13:23:30.765+0000] {logging_mixin.py:120} INFO - [2022-11-20T13:23:30.765+0000] {dag.py:2585} INFO - Sync 1 DAGs
[2022-11-20T13:23:30.778+0000] {logging_mixin.py:120} INFO - [2022-11-20T13:23:30.778+0000] {dag.py:3340} INFO - Setting next_dagrun for example_trigger_target_dag to None, run_after=None
[2022-11-20T13:23:30.790+0000] {processor.py:176} INFO - Processing /home/airflow/.local/lib/python3.7/site-packages/airflow/example_dags/example_trigger_target_dag.py took 0.073 seconds
[2022-11-20T13:24:00.865+0000] {processor.py:154} INFO - Started process (PID=1816) to work on /home/airflow/.local/lib/python3.7/site-packages/airflow/example_dags/example_trigger_target_dag.py
[2022-11-20T13:24:00.866+0000] {processor.py:756} INFO - Processing file /home/airflow/.local/lib/python3.7/site-packages/airflow/example_dags/example_trigger_target_dag.py for tasks to queue
[2022-11-20T13:24:00.866+0000] {logging_mixin.py:120} INFO - [2022-11-20T13:24:00.866+0000] {dagbag.py:537} INFO - Filling up the DagBag from /home/airflow/.local/lib/python3.7/site-packages/airflow/example_dags/example_trigger_target_dag.py
[2022-11-20T13:24:00.877+0000] {processor.py:766} INFO - DAG(s) dict_keys(['example_trigger_target_dag']) retrieved from /home/airflow/.local/lib/python3.7/site-packages/airflow/example_dags/example_trigger_target_dag.py
[2022-11-20T13:24:00.896+0000] {logging_mixin.py:120} INFO - [2022-11-20T13:24:00.896+0000] {dag.py:2585} INFO - Sync 1 DAGs
[2022-11-20T13:24:00.907+0000] {logging_mixin.py:120} INFO - [2022-11-20T13:24:00.907+0000] {dag.py:3340} INFO - Setting next_dagrun for example_trigger_target_dag to None, run_after=None
[2022-11-20T13:24:00.916+0000] {processor.py:176} INFO - Processing /home/airflow/.local/lib/python3.7/site-packages/airflow/example_dags/example_trigger_target_dag.py took 0.053 seconds
[2022-11-20T13:24:30.940+0000] {processor.py:154} INFO - Started process (PID=1885) to work on /home/airflow/.local/lib/python3.7/site-packages/airflow/example_dags/example_trigger_target_dag.py
[2022-11-20T13:24:30.941+0000] {processor.py:756} INFO - Processing file /home/airflow/.local/lib/python3.7/site-packages/airflow/example_dags/example_trigger_target_dag.py for tasks to queue
[2022-11-20T13:24:30.941+0000] {logging_mixin.py:120} INFO - [2022-11-20T13:24:30.941+0000] {dagbag.py:537} INFO - Filling up the DagBag from /home/airflow/.local/lib/python3.7/site-packages/airflow/example_dags/example_trigger_target_dag.py
[2022-11-20T13:24:30.951+0000] {processor.py:766} INFO - DAG(s) dict_keys(['example_trigger_target_dag']) retrieved from /home/airflow/.local/lib/python3.7/site-packages/airflow/example_dags/example_trigger_target_dag.py
[2022-11-20T13:24:30.969+0000] {logging_mixin.py:120} INFO - [2022-11-20T13:24:30.969+0000] {dag.py:2585} INFO - Sync 1 DAGs
[2022-11-20T13:24:30.981+0000] {logging_mixin.py:120} INFO - [2022-11-20T13:24:30.981+0000] {dag.py:3340} INFO - Setting next_dagrun for example_trigger_target_dag to None, run_after=None
[2022-11-20T13:24:30.991+0000] {processor.py:176} INFO - Processing /home/airflow/.local/lib/python3.7/site-packages/airflow/example_dags/example_trigger_target_dag.py took 0.052 seconds
[2022-11-20T13:25:02.003+0000] {processor.py:154} INFO - Started process (PID=1953) to work on /home/airflow/.local/lib/python3.7/site-packages/airflow/example_dags/example_trigger_target_dag.py
[2022-11-20T13:25:02.004+0000] {processor.py:756} INFO - Processing file /home/airflow/.local/lib/python3.7/site-packages/airflow/example_dags/example_trigger_target_dag.py for tasks to queue
[2022-11-20T13:25:02.005+0000] {logging_mixin.py:120} INFO - [2022-11-20T13:25:02.004+0000] {dagbag.py:537} INFO - Filling up the DagBag from /home/airflow/.local/lib/python3.7/site-packages/airflow/example_dags/example_trigger_target_dag.py
[2022-11-20T13:25:02.015+0000] {processor.py:766} INFO - DAG(s) dict_keys(['example_trigger_target_dag']) retrieved from /home/airflow/.local/lib/python3.7/site-packages/airflow/example_dags/example_trigger_target_dag.py
[2022-11-20T13:25:02.035+0000] {logging_mixin.py:120} INFO - [2022-11-20T13:25:02.034+0000] {dag.py:2585} INFO - Sync 1 DAGs
[2022-11-20T13:25:02.046+0000] {logging_mixin.py:120} INFO - [2022-11-20T13:25:02.045+0000] {dag.py:3340} INFO - Setting next_dagrun for example_trigger_target_dag to None, run_after=None
[2022-11-20T13:25:02.055+0000] {processor.py:176} INFO - Processing /home/airflow/.local/lib/python3.7/site-packages/airflow/example_dags/example_trigger_target_dag.py took 0.054 seconds
[2022-11-20T13:25:32.747+0000] {processor.py:154} INFO - Started process (PID=2024) to work on /home/airflow/.local/lib/python3.7/site-packages/airflow/example_dags/example_trigger_target_dag.py
[2022-11-20T13:25:32.747+0000] {processor.py:756} INFO - Processing file /home/airflow/.local/lib/python3.7/site-packages/airflow/example_dags/example_trigger_target_dag.py for tasks to queue
[2022-11-20T13:25:32.748+0000] {logging_mixin.py:120} INFO - [2022-11-20T13:25:32.748+0000] {dagbag.py:537} INFO - Filling up the DagBag from /home/airflow/.local/lib/python3.7/site-packages/airflow/example_dags/example_trigger_target_dag.py
[2022-11-20T13:25:32.762+0000] {processor.py:766} INFO - DAG(s) dict_keys(['example_trigger_target_dag']) retrieved from /home/airflow/.local/lib/python3.7/site-packages/airflow/example_dags/example_trigger_target_dag.py
[2022-11-20T13:25:32.783+0000] {logging_mixin.py:120} INFO - [2022-11-20T13:25:32.783+0000] {dag.py:2585} INFO - Sync 1 DAGs
[2022-11-20T13:25:32.797+0000] {logging_mixin.py:120} INFO - [2022-11-20T13:25:32.797+0000] {dag.py:3340} INFO - Setting next_dagrun for example_trigger_target_dag to None, run_after=None
[2022-11-20T13:25:32.808+0000] {processor.py:176} INFO - Processing /home/airflow/.local/lib/python3.7/site-packages/airflow/example_dags/example_trigger_target_dag.py took 0.063 seconds
[2022-11-20T13:58:06.422+0000] {processor.py:154} INFO - Started process (PID=2072) to work on /home/airflow/.local/lib/python3.7/site-packages/airflow/example_dags/example_trigger_target_dag.py
[2022-11-20T13:58:06.423+0000] {processor.py:756} INFO - Processing file /home/airflow/.local/lib/python3.7/site-packages/airflow/example_dags/example_trigger_target_dag.py for tasks to queue
[2022-11-20T13:58:06.424+0000] {logging_mixin.py:120} INFO - [2022-11-20T13:58:06.424+0000] {dagbag.py:537} INFO - Filling up the DagBag from /home/airflow/.local/lib/python3.7/site-packages/airflow/example_dags/example_trigger_target_dag.py
[2022-11-20T13:58:06.445+0000] {processor.py:766} INFO - DAG(s) dict_keys(['example_trigger_target_dag']) retrieved from /home/airflow/.local/lib/python3.7/site-packages/airflow/example_dags/example_trigger_target_dag.py
[2022-11-20T13:58:06.485+0000] {logging_mixin.py:120} INFO - [2022-11-20T13:58:06.484+0000] {dag.py:2585} INFO - Sync 1 DAGs
[2022-11-20T13:58:06.506+0000] {logging_mixin.py:120} INFO - [2022-11-20T13:58:06.506+0000] {dag.py:3340} INFO - Setting next_dagrun for example_trigger_target_dag to None, run_after=None
[2022-11-20T13:58:06.525+0000] {processor.py:176} INFO - Processing /home/airflow/.local/lib/python3.7/site-packages/airflow/example_dags/example_trigger_target_dag.py took 0.107 seconds
[2022-11-20T14:14:21.905+0000] {processor.py:154} INFO - Started process (PID=2122) to work on /home/airflow/.local/lib/python3.7/site-packages/airflow/example_dags/example_trigger_target_dag.py
[2022-11-20T14:14:21.905+0000] {processor.py:756} INFO - Processing file /home/airflow/.local/lib/python3.7/site-packages/airflow/example_dags/example_trigger_target_dag.py for tasks to queue
[2022-11-20T14:14:21.906+0000] {logging_mixin.py:120} INFO - [2022-11-20T14:14:21.906+0000] {dagbag.py:537} INFO - Filling up the DagBag from /home/airflow/.local/lib/python3.7/site-packages/airflow/example_dags/example_trigger_target_dag.py
[2022-11-20T14:14:21.924+0000] {processor.py:766} INFO - DAG(s) dict_keys(['example_trigger_target_dag']) retrieved from /home/airflow/.local/lib/python3.7/site-packages/airflow/example_dags/example_trigger_target_dag.py
[2022-11-20T14:14:21.967+0000] {logging_mixin.py:120} INFO - [2022-11-20T14:14:21.967+0000] {dag.py:2585} INFO - Sync 1 DAGs
[2022-11-20T14:14:21.989+0000] {logging_mixin.py:120} INFO - [2022-11-20T14:14:21.989+0000] {dag.py:3340} INFO - Setting next_dagrun for example_trigger_target_dag to None, run_after=None
[2022-11-20T14:14:21.999+0000] {processor.py:176} INFO - Processing /home/airflow/.local/lib/python3.7/site-packages/airflow/example_dags/example_trigger_target_dag.py took 0.097 seconds
[2022-11-20T14:44:47.585+0000] {processor.py:154} INFO - Started process (PID=2169) to work on /home/airflow/.local/lib/python3.7/site-packages/airflow/example_dags/example_trigger_target_dag.py
[2022-11-20T14:44:47.585+0000] {processor.py:756} INFO - Processing file /home/airflow/.local/lib/python3.7/site-packages/airflow/example_dags/example_trigger_target_dag.py for tasks to queue
[2022-11-20T14:44:47.586+0000] {logging_mixin.py:120} INFO - [2022-11-20T14:44:47.586+0000] {dagbag.py:537} INFO - Filling up the DagBag from /home/airflow/.local/lib/python3.7/site-packages/airflow/example_dags/example_trigger_target_dag.py
[2022-11-20T14:44:47.597+0000] {processor.py:766} INFO - DAG(s) dict_keys(['example_trigger_target_dag']) retrieved from /home/airflow/.local/lib/python3.7/site-packages/airflow/example_dags/example_trigger_target_dag.py
[2022-11-20T14:44:47.620+0000] {logging_mixin.py:120} INFO - [2022-11-20T14:44:47.620+0000] {dag.py:2585} INFO - Sync 1 DAGs
[2022-11-20T14:44:47.633+0000] {logging_mixin.py:120} INFO - [2022-11-20T14:44:47.633+0000] {dag.py:3340} INFO - Setting next_dagrun for example_trigger_target_dag to None, run_after=None
[2022-11-20T14:44:47.644+0000] {processor.py:176} INFO - Processing /home/airflow/.local/lib/python3.7/site-packages/airflow/example_dags/example_trigger_target_dag.py took 0.063 seconds
[2022-11-20T15:18:04.992+0000] {processor.py:154} INFO - Started process (PID=2216) to work on /home/airflow/.local/lib/python3.7/site-packages/airflow/example_dags/example_trigger_target_dag.py
[2022-11-20T15:18:04.993+0000] {processor.py:756} INFO - Processing file /home/airflow/.local/lib/python3.7/site-packages/airflow/example_dags/example_trigger_target_dag.py for tasks to queue
[2022-11-20T15:18:04.993+0000] {logging_mixin.py:120} INFO - [2022-11-20T15:18:04.993+0000] {dagbag.py:537} INFO - Filling up the DagBag from /home/airflow/.local/lib/python3.7/site-packages/airflow/example_dags/example_trigger_target_dag.py
[2022-11-20T15:18:05.006+0000] {processor.py:766} INFO - DAG(s) dict_keys(['example_trigger_target_dag']) retrieved from /home/airflow/.local/lib/python3.7/site-packages/airflow/example_dags/example_trigger_target_dag.py
[2022-11-20T15:18:05.033+0000] {logging_mixin.py:120} INFO - [2022-11-20T15:18:05.033+0000] {dag.py:2585} INFO - Sync 1 DAGs
[2022-11-20T15:18:05.047+0000] {logging_mixin.py:120} INFO - [2022-11-20T15:18:05.047+0000] {dag.py:3340} INFO - Setting next_dagrun for example_trigger_target_dag to None, run_after=None
[2022-11-20T15:18:05.058+0000] {processor.py:176} INFO - Processing /home/airflow/.local/lib/python3.7/site-packages/airflow/example_dags/example_trigger_target_dag.py took 0.071 seconds
[2022-11-20T15:39:03.180+0000] {processor.py:154} INFO - Started process (PID=2253) to work on /home/airflow/.local/lib/python3.7/site-packages/airflow/example_dags/example_trigger_target_dag.py
[2022-11-20T15:39:03.181+0000] {processor.py:756} INFO - Processing file /home/airflow/.local/lib/python3.7/site-packages/airflow/example_dags/example_trigger_target_dag.py for tasks to queue
[2022-11-20T15:39:03.181+0000] {logging_mixin.py:120} INFO - [2022-11-20T15:39:03.181+0000] {dagbag.py:537} INFO - Filling up the DagBag from /home/airflow/.local/lib/python3.7/site-packages/airflow/example_dags/example_trigger_target_dag.py
[2022-11-20T15:39:03.192+0000] {processor.py:766} INFO - DAG(s) dict_keys(['example_trigger_target_dag']) retrieved from /home/airflow/.local/lib/python3.7/site-packages/airflow/example_dags/example_trigger_target_dag.py
[2022-11-20T15:39:03.213+0000] {logging_mixin.py:120} INFO - [2022-11-20T15:39:03.213+0000] {dag.py:2585} INFO - Sync 1 DAGs
[2022-11-20T15:39:03.225+0000] {logging_mixin.py:120} INFO - [2022-11-20T15:39:03.225+0000] {dag.py:3340} INFO - Setting next_dagrun for example_trigger_target_dag to None, run_after=None
[2022-11-20T15:39:03.235+0000] {processor.py:176} INFO - Processing /home/airflow/.local/lib/python3.7/site-packages/airflow/example_dags/example_trigger_target_dag.py took 0.057 seconds
[2022-11-20T15:51:03.303+0000] {processor.py:154} INFO - Started process (PID=2299) to work on /home/airflow/.local/lib/python3.7/site-packages/airflow/example_dags/example_trigger_target_dag.py
[2022-11-20T15:51:03.304+0000] {processor.py:756} INFO - Processing file /home/airflow/.local/lib/python3.7/site-packages/airflow/example_dags/example_trigger_target_dag.py for tasks to queue
[2022-11-20T15:51:03.305+0000] {logging_mixin.py:120} INFO - [2022-11-20T15:51:03.305+0000] {dagbag.py:537} INFO - Filling up the DagBag from /home/airflow/.local/lib/python3.7/site-packages/airflow/example_dags/example_trigger_target_dag.py
[2022-11-20T15:51:03.319+0000] {processor.py:766} INFO - DAG(s) dict_keys(['example_trigger_target_dag']) retrieved from /home/airflow/.local/lib/python3.7/site-packages/airflow/example_dags/example_trigger_target_dag.py
[2022-11-20T15:51:03.346+0000] {logging_mixin.py:120} INFO - [2022-11-20T15:51:03.346+0000] {dag.py:2585} INFO - Sync 1 DAGs
[2022-11-20T15:51:03.361+0000] {logging_mixin.py:120} INFO - [2022-11-20T15:51:03.361+0000] {dag.py:3340} INFO - Setting next_dagrun for example_trigger_target_dag to None, run_after=None
[2022-11-20T15:51:03.374+0000] {processor.py:176} INFO - Processing /home/airflow/.local/lib/python3.7/site-packages/airflow/example_dags/example_trigger_target_dag.py took 0.072 seconds
[2022-11-20T16:06:44.936+0000] {processor.py:154} INFO - Started process (PID=2345) to work on /home/airflow/.local/lib/python3.7/site-packages/airflow/example_dags/example_trigger_target_dag.py
[2022-11-20T16:06:44.936+0000] {processor.py:756} INFO - Processing file /home/airflow/.local/lib/python3.7/site-packages/airflow/example_dags/example_trigger_target_dag.py for tasks to queue
[2022-11-20T16:06:44.937+0000] {logging_mixin.py:120} INFO - [2022-11-20T16:06:44.937+0000] {dagbag.py:537} INFO - Filling up the DagBag from /home/airflow/.local/lib/python3.7/site-packages/airflow/example_dags/example_trigger_target_dag.py
[2022-11-20T16:06:44.948+0000] {processor.py:766} INFO - DAG(s) dict_keys(['example_trigger_target_dag']) retrieved from /home/airflow/.local/lib/python3.7/site-packages/airflow/example_dags/example_trigger_target_dag.py
[2022-11-20T16:06:44.970+0000] {logging_mixin.py:120} INFO - [2022-11-20T16:06:44.970+0000] {dag.py:2585} INFO - Sync 1 DAGs
[2022-11-20T16:06:44.983+0000] {logging_mixin.py:120} INFO - [2022-11-20T16:06:44.982+0000] {dag.py:3340} INFO - Setting next_dagrun for example_trigger_target_dag to None, run_after=None
[2022-11-20T16:06:44.992+0000] {processor.py:176} INFO - Processing /home/airflow/.local/lib/python3.7/site-packages/airflow/example_dags/example_trigger_target_dag.py took 0.058 seconds
[2022-11-20T16:08:33.377+0000] {processor.py:154} INFO - Started process (PID=2396) to work on /home/airflow/.local/lib/python3.7/site-packages/airflow/example_dags/example_trigger_target_dag.py
[2022-11-20T16:08:33.378+0000] {processor.py:756} INFO - Processing file /home/airflow/.local/lib/python3.7/site-packages/airflow/example_dags/example_trigger_target_dag.py for tasks to queue
[2022-11-20T16:08:33.378+0000] {logging_mixin.py:120} INFO - [2022-11-20T16:08:33.378+0000] {dagbag.py:537} INFO - Filling up the DagBag from /home/airflow/.local/lib/python3.7/site-packages/airflow/example_dags/example_trigger_target_dag.py
[2022-11-20T16:08:33.389+0000] {processor.py:766} INFO - DAG(s) dict_keys(['example_trigger_target_dag']) retrieved from /home/airflow/.local/lib/python3.7/site-packages/airflow/example_dags/example_trigger_target_dag.py
[2022-11-20T16:08:33.431+0000] {logging_mixin.py:120} INFO - [2022-11-20T16:08:33.431+0000] {dag.py:2585} INFO - Sync 1 DAGs
[2022-11-20T16:08:33.444+0000] {logging_mixin.py:120} INFO - [2022-11-20T16:08:33.444+0000] {dag.py:3340} INFO - Setting next_dagrun for example_trigger_target_dag to None, run_after=None
[2022-11-20T16:08:33.453+0000] {processor.py:176} INFO - Processing /home/airflow/.local/lib/python3.7/site-packages/airflow/example_dags/example_trigger_target_dag.py took 0.078 seconds
[2022-11-20T16:27:59.073+0000] {processor.py:154} INFO - Started process (PID=2442) to work on /home/airflow/.local/lib/python3.7/site-packages/airflow/example_dags/example_trigger_target_dag.py
[2022-11-20T16:27:59.074+0000] {processor.py:756} INFO - Processing file /home/airflow/.local/lib/python3.7/site-packages/airflow/example_dags/example_trigger_target_dag.py for tasks to queue
[2022-11-20T16:27:59.074+0000] {logging_mixin.py:120} INFO - [2022-11-20T16:27:59.074+0000] {dagbag.py:537} INFO - Filling up the DagBag from /home/airflow/.local/lib/python3.7/site-packages/airflow/example_dags/example_trigger_target_dag.py
[2022-11-20T16:27:59.086+0000] {processor.py:766} INFO - DAG(s) dict_keys(['example_trigger_target_dag']) retrieved from /home/airflow/.local/lib/python3.7/site-packages/airflow/example_dags/example_trigger_target_dag.py
[2022-11-20T16:27:59.117+0000] {logging_mixin.py:120} INFO - [2022-11-20T16:27:59.117+0000] {dag.py:2585} INFO - Sync 1 DAGs
[2022-11-20T16:27:59.132+0000] {logging_mixin.py:120} INFO - [2022-11-20T16:27:59.132+0000] {dag.py:3340} INFO - Setting next_dagrun for example_trigger_target_dag to None, run_after=None
[2022-11-20T16:27:59.142+0000] {processor.py:176} INFO - Processing /home/airflow/.local/lib/python3.7/site-packages/airflow/example_dags/example_trigger_target_dag.py took 0.071 seconds
[2022-11-20T16:43:49.395+0000] {processor.py:154} INFO - Started process (PID=2491) to work on /home/airflow/.local/lib/python3.7/site-packages/airflow/example_dags/example_trigger_target_dag.py
[2022-11-20T16:43:49.395+0000] {processor.py:756} INFO - Processing file /home/airflow/.local/lib/python3.7/site-packages/airflow/example_dags/example_trigger_target_dag.py for tasks to queue
[2022-11-20T16:43:49.396+0000] {logging_mixin.py:120} INFO - [2022-11-20T16:43:49.396+0000] {dagbag.py:537} INFO - Filling up the DagBag from /home/airflow/.local/lib/python3.7/site-packages/airflow/example_dags/example_trigger_target_dag.py
[2022-11-20T16:43:49.407+0000] {processor.py:766} INFO - DAG(s) dict_keys(['example_trigger_target_dag']) retrieved from /home/airflow/.local/lib/python3.7/site-packages/airflow/example_dags/example_trigger_target_dag.py
[2022-11-20T16:43:49.427+0000] {logging_mixin.py:120} INFO - [2022-11-20T16:43:49.427+0000] {dag.py:2585} INFO - Sync 1 DAGs
[2022-11-20T16:43:49.439+0000] {logging_mixin.py:120} INFO - [2022-11-20T16:43:49.439+0000] {dag.py:3340} INFO - Setting next_dagrun for example_trigger_target_dag to None, run_after=None
[2022-11-20T16:43:49.450+0000] {processor.py:176} INFO - Processing /home/airflow/.local/lib/python3.7/site-packages/airflow/example_dags/example_trigger_target_dag.py took 0.057 seconds
[2022-11-20T17:17:42.827+0000] {processor.py:154} INFO - Started process (PID=2538) to work on /home/airflow/.local/lib/python3.7/site-packages/airflow/example_dags/example_trigger_target_dag.py
[2022-11-20T17:17:42.827+0000] {processor.py:756} INFO - Processing file /home/airflow/.local/lib/python3.7/site-packages/airflow/example_dags/example_trigger_target_dag.py for tasks to queue
[2022-11-20T17:17:42.827+0000] {logging_mixin.py:120} INFO - [2022-11-20T17:17:42.827+0000] {dagbag.py:537} INFO - Filling up the DagBag from /home/airflow/.local/lib/python3.7/site-packages/airflow/example_dags/example_trigger_target_dag.py
[2022-11-20T17:17:42.838+0000] {processor.py:766} INFO - DAG(s) dict_keys(['example_trigger_target_dag']) retrieved from /home/airflow/.local/lib/python3.7/site-packages/airflow/example_dags/example_trigger_target_dag.py
[2022-11-20T17:17:42.858+0000] {logging_mixin.py:120} INFO - [2022-11-20T17:17:42.858+0000] {dag.py:2585} INFO - Sync 1 DAGs
[2022-11-20T17:17:42.870+0000] {logging_mixin.py:120} INFO - [2022-11-20T17:17:42.870+0000] {dag.py:3340} INFO - Setting next_dagrun for example_trigger_target_dag to None, run_after=None
[2022-11-20T17:17:42.879+0000] {processor.py:176} INFO - Processing /home/airflow/.local/lib/python3.7/site-packages/airflow/example_dags/example_trigger_target_dag.py took 0.054 seconds
[2022-11-20T17:22:37.247+0000] {processor.py:154} INFO - Started process (PID=2585) to work on /home/airflow/.local/lib/python3.7/site-packages/airflow/example_dags/example_trigger_target_dag.py
[2022-11-20T17:22:37.256+0000] {processor.py:756} INFO - Processing file /home/airflow/.local/lib/python3.7/site-packages/airflow/example_dags/example_trigger_target_dag.py for tasks to queue
[2022-11-20T17:22:37.257+0000] {logging_mixin.py:120} INFO - [2022-11-20T17:22:37.257+0000] {dagbag.py:537} INFO - Filling up the DagBag from /home/airflow/.local/lib/python3.7/site-packages/airflow/example_dags/example_trigger_target_dag.py
[2022-11-20T17:22:37.448+0000] {processor.py:766} INFO - DAG(s) dict_keys(['example_trigger_target_dag']) retrieved from /home/airflow/.local/lib/python3.7/site-packages/airflow/example_dags/example_trigger_target_dag.py
[2022-11-20T17:22:37.544+0000] {logging_mixin.py:120} INFO - [2022-11-20T17:22:37.543+0000] {dag.py:2585} INFO - Sync 1 DAGs
[2022-11-20T17:22:37.568+0000] {logging_mixin.py:120} INFO - [2022-11-20T17:22:37.568+0000] {dag.py:3340} INFO - Setting next_dagrun for example_trigger_target_dag to None, run_after=None
[2022-11-20T17:22:37.593+0000] {processor.py:176} INFO - Processing /home/airflow/.local/lib/python3.7/site-packages/airflow/example_dags/example_trigger_target_dag.py took 0.349 seconds
[2022-11-20T17:23:08.256+0000] {processor.py:154} INFO - Started process (PID=2652) to work on /home/airflow/.local/lib/python3.7/site-packages/airflow/example_dags/example_trigger_target_dag.py
[2022-11-20T17:23:08.256+0000] {processor.py:756} INFO - Processing file /home/airflow/.local/lib/python3.7/site-packages/airflow/example_dags/example_trigger_target_dag.py for tasks to queue
[2022-11-20T17:23:08.257+0000] {logging_mixin.py:120} INFO - [2022-11-20T17:23:08.256+0000] {dagbag.py:537} INFO - Filling up the DagBag from /home/airflow/.local/lib/python3.7/site-packages/airflow/example_dags/example_trigger_target_dag.py
[2022-11-20T17:23:08.268+0000] {processor.py:766} INFO - DAG(s) dict_keys(['example_trigger_target_dag']) retrieved from /home/airflow/.local/lib/python3.7/site-packages/airflow/example_dags/example_trigger_target_dag.py
[2022-11-20T17:23:08.288+0000] {logging_mixin.py:120} INFO - [2022-11-20T17:23:08.288+0000] {dag.py:2585} INFO - Sync 1 DAGs
[2022-11-20T17:23:08.300+0000] {logging_mixin.py:120} INFO - [2022-11-20T17:23:08.300+0000] {dag.py:3340} INFO - Setting next_dagrun for example_trigger_target_dag to None, run_after=None
[2022-11-20T17:23:08.309+0000] {processor.py:176} INFO - Processing /home/airflow/.local/lib/python3.7/site-packages/airflow/example_dags/example_trigger_target_dag.py took 0.055 seconds
[2022-11-20T17:23:39.030+0000] {processor.py:154} INFO - Started process (PID=2722) to work on /home/airflow/.local/lib/python3.7/site-packages/airflow/example_dags/example_trigger_target_dag.py
[2022-11-20T17:23:39.030+0000] {processor.py:756} INFO - Processing file /home/airflow/.local/lib/python3.7/site-packages/airflow/example_dags/example_trigger_target_dag.py for tasks to queue
[2022-11-20T17:23:39.031+0000] {logging_mixin.py:120} INFO - [2022-11-20T17:23:39.031+0000] {dagbag.py:537} INFO - Filling up the DagBag from /home/airflow/.local/lib/python3.7/site-packages/airflow/example_dags/example_trigger_target_dag.py
[2022-11-20T17:23:39.044+0000] {processor.py:766} INFO - DAG(s) dict_keys(['example_trigger_target_dag']) retrieved from /home/airflow/.local/lib/python3.7/site-packages/airflow/example_dags/example_trigger_target_dag.py
[2022-11-20T17:23:39.070+0000] {logging_mixin.py:120} INFO - [2022-11-20T17:23:39.070+0000] {dag.py:2585} INFO - Sync 1 DAGs
[2022-11-20T17:23:39.086+0000] {logging_mixin.py:120} INFO - [2022-11-20T17:23:39.086+0000] {dag.py:3340} INFO - Setting next_dagrun for example_trigger_target_dag to None, run_after=None
[2022-11-20T17:23:39.099+0000] {processor.py:176} INFO - Processing /home/airflow/.local/lib/python3.7/site-packages/airflow/example_dags/example_trigger_target_dag.py took 0.072 seconds
[2022-11-20T17:24:09.153+0000] {processor.py:154} INFO - Started process (PID=2792) to work on /home/airflow/.local/lib/python3.7/site-packages/airflow/example_dags/example_trigger_target_dag.py
[2022-11-20T17:24:09.153+0000] {processor.py:756} INFO - Processing file /home/airflow/.local/lib/python3.7/site-packages/airflow/example_dags/example_trigger_target_dag.py for tasks to queue
[2022-11-20T17:24:09.154+0000] {logging_mixin.py:120} INFO - [2022-11-20T17:24:09.154+0000] {dagbag.py:537} INFO - Filling up the DagBag from /home/airflow/.local/lib/python3.7/site-packages/airflow/example_dags/example_trigger_target_dag.py
[2022-11-20T17:24:09.164+0000] {processor.py:766} INFO - DAG(s) dict_keys(['example_trigger_target_dag']) retrieved from /home/airflow/.local/lib/python3.7/site-packages/airflow/example_dags/example_trigger_target_dag.py
[2022-11-20T17:24:09.184+0000] {logging_mixin.py:120} INFO - [2022-11-20T17:24:09.184+0000] {dag.py:2585} INFO - Sync 1 DAGs
[2022-11-20T17:24:09.196+0000] {logging_mixin.py:120} INFO - [2022-11-20T17:24:09.196+0000] {dag.py:3340} INFO - Setting next_dagrun for example_trigger_target_dag to None, run_after=None
[2022-11-20T17:24:09.206+0000] {processor.py:176} INFO - Processing /home/airflow/.local/lib/python3.7/site-packages/airflow/example_dags/example_trigger_target_dag.py took 0.054 seconds
[2022-11-20T17:24:39.275+0000] {processor.py:154} INFO - Started process (PID=2851) to work on /home/airflow/.local/lib/python3.7/site-packages/airflow/example_dags/example_trigger_target_dag.py
[2022-11-20T17:24:39.275+0000] {processor.py:756} INFO - Processing file /home/airflow/.local/lib/python3.7/site-packages/airflow/example_dags/example_trigger_target_dag.py for tasks to queue
[2022-11-20T17:24:39.276+0000] {logging_mixin.py:120} INFO - [2022-11-20T17:24:39.275+0000] {dagbag.py:537} INFO - Filling up the DagBag from /home/airflow/.local/lib/python3.7/site-packages/airflow/example_dags/example_trigger_target_dag.py
[2022-11-20T17:24:39.286+0000] {processor.py:766} INFO - DAG(s) dict_keys(['example_trigger_target_dag']) retrieved from /home/airflow/.local/lib/python3.7/site-packages/airflow/example_dags/example_trigger_target_dag.py
[2022-11-20T17:24:39.305+0000] {logging_mixin.py:120} INFO - [2022-11-20T17:24:39.305+0000] {dag.py:2585} INFO - Sync 1 DAGs
[2022-11-20T17:24:39.316+0000] {logging_mixin.py:120} INFO - [2022-11-20T17:24:39.316+0000] {dag.py:3340} INFO - Setting next_dagrun for example_trigger_target_dag to None, run_after=None
[2022-11-20T17:24:39.325+0000] {processor.py:176} INFO - Processing /home/airflow/.local/lib/python3.7/site-packages/airflow/example_dags/example_trigger_target_dag.py took 0.053 seconds
[2022-11-20T17:25:10.007+0000] {processor.py:154} INFO - Started process (PID=2920) to work on /home/airflow/.local/lib/python3.7/site-packages/airflow/example_dags/example_trigger_target_dag.py
[2022-11-20T17:25:10.007+0000] {processor.py:756} INFO - Processing file /home/airflow/.local/lib/python3.7/site-packages/airflow/example_dags/example_trigger_target_dag.py for tasks to queue
[2022-11-20T17:25:10.008+0000] {logging_mixin.py:120} INFO - [2022-11-20T17:25:10.008+0000] {dagbag.py:537} INFO - Filling up the DagBag from /home/airflow/.local/lib/python3.7/site-packages/airflow/example_dags/example_trigger_target_dag.py
[2022-11-20T17:25:10.024+0000] {processor.py:766} INFO - DAG(s) dict_keys(['example_trigger_target_dag']) retrieved from /home/airflow/.local/lib/python3.7/site-packages/airflow/example_dags/example_trigger_target_dag.py
[2022-11-20T17:25:10.047+0000] {logging_mixin.py:120} INFO - [2022-11-20T17:25:10.047+0000] {dag.py:2585} INFO - Sync 1 DAGs
[2022-11-20T17:25:10.063+0000] {logging_mixin.py:120} INFO - [2022-11-20T17:25:10.063+0000] {dag.py:3340} INFO - Setting next_dagrun for example_trigger_target_dag to None, run_after=None
[2022-11-20T17:25:10.078+0000] {processor.py:176} INFO - Processing /home/airflow/.local/lib/python3.7/site-packages/airflow/example_dags/example_trigger_target_dag.py took 0.074 seconds
[2022-11-20T17:25:41.005+0000] {processor.py:154} INFO - Started process (PID=2993) to work on /home/airflow/.local/lib/python3.7/site-packages/airflow/example_dags/example_trigger_target_dag.py
[2022-11-20T17:25:41.006+0000] {processor.py:756} INFO - Processing file /home/airflow/.local/lib/python3.7/site-packages/airflow/example_dags/example_trigger_target_dag.py for tasks to queue
[2022-11-20T17:25:41.008+0000] {logging_mixin.py:120} INFO - [2022-11-20T17:25:41.008+0000] {dagbag.py:537} INFO - Filling up the DagBag from /home/airflow/.local/lib/python3.7/site-packages/airflow/example_dags/example_trigger_target_dag.py
[2022-11-20T17:25:41.019+0000] {processor.py:766} INFO - DAG(s) dict_keys(['example_trigger_target_dag']) retrieved from /home/airflow/.local/lib/python3.7/site-packages/airflow/example_dags/example_trigger_target_dag.py
[2022-11-20T17:25:41.047+0000] {logging_mixin.py:120} INFO - [2022-11-20T17:25:41.047+0000] {dag.py:2585} INFO - Sync 1 DAGs
[2022-11-20T17:25:41.060+0000] {logging_mixin.py:120} INFO - [2022-11-20T17:25:41.060+0000] {dag.py:3340} INFO - Setting next_dagrun for example_trigger_target_dag to None, run_after=None
[2022-11-20T17:25:41.071+0000] {processor.py:176} INFO - Processing /home/airflow/.local/lib/python3.7/site-packages/airflow/example_dags/example_trigger_target_dag.py took 0.069 seconds
[2022-11-20T17:26:11.357+0000] {processor.py:154} INFO - Started process (PID=3059) to work on /home/airflow/.local/lib/python3.7/site-packages/airflow/example_dags/example_trigger_target_dag.py
[2022-11-20T17:26:11.357+0000] {processor.py:756} INFO - Processing file /home/airflow/.local/lib/python3.7/site-packages/airflow/example_dags/example_trigger_target_dag.py for tasks to queue
[2022-11-20T17:26:11.358+0000] {logging_mixin.py:120} INFO - [2022-11-20T17:26:11.357+0000] {dagbag.py:537} INFO - Filling up the DagBag from /home/airflow/.local/lib/python3.7/site-packages/airflow/example_dags/example_trigger_target_dag.py
[2022-11-20T17:26:11.368+0000] {processor.py:766} INFO - DAG(s) dict_keys(['example_trigger_target_dag']) retrieved from /home/airflow/.local/lib/python3.7/site-packages/airflow/example_dags/example_trigger_target_dag.py
[2022-11-20T17:26:11.389+0000] {logging_mixin.py:120} INFO - [2022-11-20T17:26:11.389+0000] {dag.py:2585} INFO - Sync 1 DAGs
[2022-11-20T17:26:11.401+0000] {logging_mixin.py:120} INFO - [2022-11-20T17:26:11.401+0000] {dag.py:3340} INFO - Setting next_dagrun for example_trigger_target_dag to None, run_after=None
[2022-11-20T17:26:11.410+0000] {processor.py:176} INFO - Processing /home/airflow/.local/lib/python3.7/site-packages/airflow/example_dags/example_trigger_target_dag.py took 0.056 seconds
[2022-11-20T17:26:41.545+0000] {processor.py:154} INFO - Started process (PID=3126) to work on /home/airflow/.local/lib/python3.7/site-packages/airflow/example_dags/example_trigger_target_dag.py
[2022-11-20T17:26:41.546+0000] {processor.py:756} INFO - Processing file /home/airflow/.local/lib/python3.7/site-packages/airflow/example_dags/example_trigger_target_dag.py for tasks to queue
[2022-11-20T17:26:41.546+0000] {logging_mixin.py:120} INFO - [2022-11-20T17:26:41.546+0000] {dagbag.py:537} INFO - Filling up the DagBag from /home/airflow/.local/lib/python3.7/site-packages/airflow/example_dags/example_trigger_target_dag.py
[2022-11-20T17:26:41.557+0000] {processor.py:766} INFO - DAG(s) dict_keys(['example_trigger_target_dag']) retrieved from /home/airflow/.local/lib/python3.7/site-packages/airflow/example_dags/example_trigger_target_dag.py
[2022-11-20T17:26:41.577+0000] {logging_mixin.py:120} INFO - [2022-11-20T17:26:41.577+0000] {dag.py:2585} INFO - Sync 1 DAGs
[2022-11-20T17:26:41.588+0000] {logging_mixin.py:120} INFO - [2022-11-20T17:26:41.588+0000] {dag.py:3340} INFO - Setting next_dagrun for example_trigger_target_dag to None, run_after=None
[2022-11-20T17:26:41.597+0000] {processor.py:176} INFO - Processing /home/airflow/.local/lib/python3.7/site-packages/airflow/example_dags/example_trigger_target_dag.py took 0.054 seconds
[2022-11-20T17:27:11.789+0000] {processor.py:154} INFO - Started process (PID=3184) to work on /home/airflow/.local/lib/python3.7/site-packages/airflow/example_dags/example_trigger_target_dag.py
[2022-11-20T17:27:11.789+0000] {processor.py:756} INFO - Processing file /home/airflow/.local/lib/python3.7/site-packages/airflow/example_dags/example_trigger_target_dag.py for tasks to queue
[2022-11-20T17:27:11.790+0000] {logging_mixin.py:120} INFO - [2022-11-20T17:27:11.790+0000] {dagbag.py:537} INFO - Filling up the DagBag from /home/airflow/.local/lib/python3.7/site-packages/airflow/example_dags/example_trigger_target_dag.py
[2022-11-20T17:27:11.801+0000] {processor.py:766} INFO - DAG(s) dict_keys(['example_trigger_target_dag']) retrieved from /home/airflow/.local/lib/python3.7/site-packages/airflow/example_dags/example_trigger_target_dag.py
[2022-11-20T17:27:11.822+0000] {logging_mixin.py:120} INFO - [2022-11-20T17:27:11.822+0000] {dag.py:2585} INFO - Sync 1 DAGs
[2022-11-20T17:27:11.834+0000] {logging_mixin.py:120} INFO - [2022-11-20T17:27:11.834+0000] {dag.py:3340} INFO - Setting next_dagrun for example_trigger_target_dag to None, run_after=None
[2022-11-20T17:27:11.844+0000] {processor.py:176} INFO - Processing /home/airflow/.local/lib/python3.7/site-packages/airflow/example_dags/example_trigger_target_dag.py took 0.058 seconds
[2022-11-20T17:27:42.832+0000] {processor.py:154} INFO - Started process (PID=3252) to work on /home/airflow/.local/lib/python3.7/site-packages/airflow/example_dags/example_trigger_target_dag.py
[2022-11-20T17:27:42.833+0000] {processor.py:756} INFO - Processing file /home/airflow/.local/lib/python3.7/site-packages/airflow/example_dags/example_trigger_target_dag.py for tasks to queue
[2022-11-20T17:27:42.833+0000] {logging_mixin.py:120} INFO - [2022-11-20T17:27:42.833+0000] {dagbag.py:537} INFO - Filling up the DagBag from /home/airflow/.local/lib/python3.7/site-packages/airflow/example_dags/example_trigger_target_dag.py
[2022-11-20T17:27:42.849+0000] {processor.py:766} INFO - DAG(s) dict_keys(['example_trigger_target_dag']) retrieved from /home/airflow/.local/lib/python3.7/site-packages/airflow/example_dags/example_trigger_target_dag.py
[2022-11-20T17:27:42.871+0000] {logging_mixin.py:120} INFO - [2022-11-20T17:27:42.871+0000] {dag.py:2585} INFO - Sync 1 DAGs
[2022-11-20T17:27:42.883+0000] {logging_mixin.py:120} INFO - [2022-11-20T17:27:42.883+0000] {dag.py:3340} INFO - Setting next_dagrun for example_trigger_target_dag to None, run_after=None
[2022-11-20T17:27:42.892+0000] {processor.py:176} INFO - Processing /home/airflow/.local/lib/python3.7/site-packages/airflow/example_dags/example_trigger_target_dag.py took 0.062 seconds
[2022-11-20T17:28:13.749+0000] {processor.py:154} INFO - Started process (PID=3324) to work on /home/airflow/.local/lib/python3.7/site-packages/airflow/example_dags/example_trigger_target_dag.py
[2022-11-20T17:28:13.750+0000] {processor.py:756} INFO - Processing file /home/airflow/.local/lib/python3.7/site-packages/airflow/example_dags/example_trigger_target_dag.py for tasks to queue
[2022-11-20T17:28:13.750+0000] {logging_mixin.py:120} INFO - [2022-11-20T17:28:13.750+0000] {dagbag.py:537} INFO - Filling up the DagBag from /home/airflow/.local/lib/python3.7/site-packages/airflow/example_dags/example_trigger_target_dag.py
[2022-11-20T17:28:13.761+0000] {processor.py:766} INFO - DAG(s) dict_keys(['example_trigger_target_dag']) retrieved from /home/airflow/.local/lib/python3.7/site-packages/airflow/example_dags/example_trigger_target_dag.py
[2022-11-20T17:28:13.781+0000] {logging_mixin.py:120} INFO - [2022-11-20T17:28:13.781+0000] {dag.py:2585} INFO - Sync 1 DAGs
[2022-11-20T17:28:13.794+0000] {logging_mixin.py:120} INFO - [2022-11-20T17:28:13.794+0000] {dag.py:3340} INFO - Setting next_dagrun for example_trigger_target_dag to None, run_after=None
[2022-11-20T17:28:13.803+0000] {processor.py:176} INFO - Processing /home/airflow/.local/lib/python3.7/site-packages/airflow/example_dags/example_trigger_target_dag.py took 0.055 seconds
[2022-11-20T17:28:44.546+0000] {processor.py:154} INFO - Started process (PID=3393) to work on /home/airflow/.local/lib/python3.7/site-packages/airflow/example_dags/example_trigger_target_dag.py
[2022-11-20T17:28:44.546+0000] {processor.py:756} INFO - Processing file /home/airflow/.local/lib/python3.7/site-packages/airflow/example_dags/example_trigger_target_dag.py for tasks to queue
[2022-11-20T17:28:44.547+0000] {logging_mixin.py:120} INFO - [2022-11-20T17:28:44.546+0000] {dagbag.py:537} INFO - Filling up the DagBag from /home/airflow/.local/lib/python3.7/site-packages/airflow/example_dags/example_trigger_target_dag.py
[2022-11-20T17:28:44.557+0000] {processor.py:766} INFO - DAG(s) dict_keys(['example_trigger_target_dag']) retrieved from /home/airflow/.local/lib/python3.7/site-packages/airflow/example_dags/example_trigger_target_dag.py
[2022-11-20T17:28:44.577+0000] {logging_mixin.py:120} INFO - [2022-11-20T17:28:44.577+0000] {dag.py:2585} INFO - Sync 1 DAGs
[2022-11-20T17:28:44.589+0000] {logging_mixin.py:120} INFO - [2022-11-20T17:28:44.589+0000] {dag.py:3340} INFO - Setting next_dagrun for example_trigger_target_dag to None, run_after=None
[2022-11-20T17:28:44.597+0000] {processor.py:176} INFO - Processing /home/airflow/.local/lib/python3.7/site-packages/airflow/example_dags/example_trigger_target_dag.py took 0.053 seconds
[2022-11-20T17:29:15.425+0000] {processor.py:154} INFO - Started process (PID=3461) to work on /home/airflow/.local/lib/python3.7/site-packages/airflow/example_dags/example_trigger_target_dag.py
[2022-11-20T17:29:15.426+0000] {processor.py:756} INFO - Processing file /home/airflow/.local/lib/python3.7/site-packages/airflow/example_dags/example_trigger_target_dag.py for tasks to queue
[2022-11-20T17:29:15.426+0000] {logging_mixin.py:120} INFO - [2022-11-20T17:29:15.426+0000] {dagbag.py:537} INFO - Filling up the DagBag from /home/airflow/.local/lib/python3.7/site-packages/airflow/example_dags/example_trigger_target_dag.py
[2022-11-20T17:29:15.437+0000] {processor.py:766} INFO - DAG(s) dict_keys(['example_trigger_target_dag']) retrieved from /home/airflow/.local/lib/python3.7/site-packages/airflow/example_dags/example_trigger_target_dag.py
[2022-11-20T17:29:15.458+0000] {logging_mixin.py:120} INFO - [2022-11-20T17:29:15.458+0000] {dag.py:2585} INFO - Sync 1 DAGs
[2022-11-20T17:29:15.470+0000] {logging_mixin.py:120} INFO - [2022-11-20T17:29:15.470+0000] {dag.py:3340} INFO - Setting next_dagrun for example_trigger_target_dag to None, run_after=None
[2022-11-20T17:29:15.479+0000] {processor.py:176} INFO - Processing /home/airflow/.local/lib/python3.7/site-packages/airflow/example_dags/example_trigger_target_dag.py took 0.056 seconds
[2022-11-20T17:29:46.331+0000] {processor.py:154} INFO - Started process (PID=3527) to work on /home/airflow/.local/lib/python3.7/site-packages/airflow/example_dags/example_trigger_target_dag.py
[2022-11-20T17:29:46.332+0000] {processor.py:756} INFO - Processing file /home/airflow/.local/lib/python3.7/site-packages/airflow/example_dags/example_trigger_target_dag.py for tasks to queue
[2022-11-20T17:29:46.332+0000] {logging_mixin.py:120} INFO - [2022-11-20T17:29:46.332+0000] {dagbag.py:537} INFO - Filling up the DagBag from /home/airflow/.local/lib/python3.7/site-packages/airflow/example_dags/example_trigger_target_dag.py
[2022-11-20T17:29:46.343+0000] {processor.py:766} INFO - DAG(s) dict_keys(['example_trigger_target_dag']) retrieved from /home/airflow/.local/lib/python3.7/site-packages/airflow/example_dags/example_trigger_target_dag.py
[2022-11-20T17:29:46.364+0000] {logging_mixin.py:120} INFO - [2022-11-20T17:29:46.364+0000] {dag.py:2585} INFO - Sync 1 DAGs
[2022-11-20T17:29:46.376+0000] {logging_mixin.py:120} INFO - [2022-11-20T17:29:46.376+0000] {dag.py:3340} INFO - Setting next_dagrun for example_trigger_target_dag to None, run_after=None
[2022-11-20T17:29:46.385+0000] {processor.py:176} INFO - Processing /home/airflow/.local/lib/python3.7/site-packages/airflow/example_dags/example_trigger_target_dag.py took 0.056 seconds
[2022-11-20T17:30:17.161+0000] {processor.py:154} INFO - Started process (PID=3599) to work on /home/airflow/.local/lib/python3.7/site-packages/airflow/example_dags/example_trigger_target_dag.py
[2022-11-20T17:30:17.161+0000] {processor.py:756} INFO - Processing file /home/airflow/.local/lib/python3.7/site-packages/airflow/example_dags/example_trigger_target_dag.py for tasks to queue
[2022-11-20T17:30:17.162+0000] {logging_mixin.py:120} INFO - [2022-11-20T17:30:17.162+0000] {dagbag.py:537} INFO - Filling up the DagBag from /home/airflow/.local/lib/python3.7/site-packages/airflow/example_dags/example_trigger_target_dag.py
[2022-11-20T17:30:17.173+0000] {processor.py:766} INFO - DAG(s) dict_keys(['example_trigger_target_dag']) retrieved from /home/airflow/.local/lib/python3.7/site-packages/airflow/example_dags/example_trigger_target_dag.py
[2022-11-20T17:30:17.193+0000] {logging_mixin.py:120} INFO - [2022-11-20T17:30:17.193+0000] {dag.py:2585} INFO - Sync 1 DAGs
[2022-11-20T17:30:17.206+0000] {logging_mixin.py:120} INFO - [2022-11-20T17:30:17.206+0000] {dag.py:3340} INFO - Setting next_dagrun for example_trigger_target_dag to None, run_after=None
[2022-11-20T17:30:17.216+0000] {processor.py:176} INFO - Processing /home/airflow/.local/lib/python3.7/site-packages/airflow/example_dags/example_trigger_target_dag.py took 0.056 seconds
[2022-11-20T17:30:47.996+0000] {processor.py:154} INFO - Started process (PID=3667) to work on /home/airflow/.local/lib/python3.7/site-packages/airflow/example_dags/example_trigger_target_dag.py
[2022-11-20T17:30:47.997+0000] {processor.py:756} INFO - Processing file /home/airflow/.local/lib/python3.7/site-packages/airflow/example_dags/example_trigger_target_dag.py for tasks to queue
[2022-11-20T17:30:47.997+0000] {logging_mixin.py:120} INFO - [2022-11-20T17:30:47.997+0000] {dagbag.py:537} INFO - Filling up the DagBag from /home/airflow/.local/lib/python3.7/site-packages/airflow/example_dags/example_trigger_target_dag.py
[2022-11-20T17:30:48.010+0000] {processor.py:766} INFO - DAG(s) dict_keys(['example_trigger_target_dag']) retrieved from /home/airflow/.local/lib/python3.7/site-packages/airflow/example_dags/example_trigger_target_dag.py
[2022-11-20T17:30:48.038+0000] {logging_mixin.py:120} INFO - [2022-11-20T17:30:48.038+0000] {dag.py:2585} INFO - Sync 1 DAGs
[2022-11-20T17:30:48.056+0000] {logging_mixin.py:120} INFO - [2022-11-20T17:30:48.056+0000] {dag.py:3340} INFO - Setting next_dagrun for example_trigger_target_dag to None, run_after=None
[2022-11-20T17:30:48.066+0000] {processor.py:176} INFO - Processing /home/airflow/.local/lib/python3.7/site-packages/airflow/example_dags/example_trigger_target_dag.py took 0.071 seconds
[2022-11-20T17:31:19.002+0000] {processor.py:154} INFO - Started process (PID=3734) to work on /home/airflow/.local/lib/python3.7/site-packages/airflow/example_dags/example_trigger_target_dag.py
[2022-11-20T17:31:19.003+0000] {processor.py:756} INFO - Processing file /home/airflow/.local/lib/python3.7/site-packages/airflow/example_dags/example_trigger_target_dag.py for tasks to queue
[2022-11-20T17:31:19.003+0000] {logging_mixin.py:120} INFO - [2022-11-20T17:31:19.003+0000] {dagbag.py:537} INFO - Filling up the DagBag from /home/airflow/.local/lib/python3.7/site-packages/airflow/example_dags/example_trigger_target_dag.py
[2022-11-20T17:31:19.015+0000] {processor.py:766} INFO - DAG(s) dict_keys(['example_trigger_target_dag']) retrieved from /home/airflow/.local/lib/python3.7/site-packages/airflow/example_dags/example_trigger_target_dag.py
[2022-11-20T17:31:19.037+0000] {logging_mixin.py:120} INFO - [2022-11-20T17:31:19.037+0000] {dag.py:2585} INFO - Sync 1 DAGs
[2022-11-20T17:31:19.051+0000] {logging_mixin.py:120} INFO - [2022-11-20T17:31:19.051+0000] {dag.py:3340} INFO - Setting next_dagrun for example_trigger_target_dag to None, run_after=None
[2022-11-20T17:31:19.060+0000] {processor.py:176} INFO - Processing /home/airflow/.local/lib/python3.7/site-packages/airflow/example_dags/example_trigger_target_dag.py took 0.060 seconds
[2022-11-20T17:31:50.058+0000] {processor.py:154} INFO - Started process (PID=3795) to work on /home/airflow/.local/lib/python3.7/site-packages/airflow/example_dags/example_trigger_target_dag.py
[2022-11-20T17:31:50.059+0000] {processor.py:756} INFO - Processing file /home/airflow/.local/lib/python3.7/site-packages/airflow/example_dags/example_trigger_target_dag.py for tasks to queue
[2022-11-20T17:31:50.059+0000] {logging_mixin.py:120} INFO - [2022-11-20T17:31:50.059+0000] {dagbag.py:537} INFO - Filling up the DagBag from /home/airflow/.local/lib/python3.7/site-packages/airflow/example_dags/example_trigger_target_dag.py
[2022-11-20T17:31:50.071+0000] {processor.py:766} INFO - DAG(s) dict_keys(['example_trigger_target_dag']) retrieved from /home/airflow/.local/lib/python3.7/site-packages/airflow/example_dags/example_trigger_target_dag.py
[2022-11-20T17:31:50.148+0000] {logging_mixin.py:120} INFO - [2022-11-20T17:31:50.148+0000] {dag.py:2585} INFO - Sync 1 DAGs
[2022-11-20T17:31:50.161+0000] {logging_mixin.py:120} INFO - [2022-11-20T17:31:50.161+0000] {dag.py:3340} INFO - Setting next_dagrun for example_trigger_target_dag to None, run_after=None
[2022-11-20T17:31:50.171+0000] {processor.py:176} INFO - Processing /home/airflow/.local/lib/python3.7/site-packages/airflow/example_dags/example_trigger_target_dag.py took 0.115 seconds
[2022-11-20T17:32:20.967+0000] {processor.py:154} INFO - Started process (PID=3864) to work on /home/airflow/.local/lib/python3.7/site-packages/airflow/example_dags/example_trigger_target_dag.py
[2022-11-20T17:32:20.968+0000] {processor.py:756} INFO - Processing file /home/airflow/.local/lib/python3.7/site-packages/airflow/example_dags/example_trigger_target_dag.py for tasks to queue
[2022-11-20T17:32:20.968+0000] {logging_mixin.py:120} INFO - [2022-11-20T17:32:20.968+0000] {dagbag.py:537} INFO - Filling up the DagBag from /home/airflow/.local/lib/python3.7/site-packages/airflow/example_dags/example_trigger_target_dag.py
[2022-11-20T17:32:20.979+0000] {processor.py:766} INFO - DAG(s) dict_keys(['example_trigger_target_dag']) retrieved from /home/airflow/.local/lib/python3.7/site-packages/airflow/example_dags/example_trigger_target_dag.py
[2022-11-20T17:32:20.999+0000] {logging_mixin.py:120} INFO - [2022-11-20T17:32:20.999+0000] {dag.py:2585} INFO - Sync 1 DAGs
[2022-11-20T17:32:21.011+0000] {logging_mixin.py:120} INFO - [2022-11-20T17:32:21.011+0000] {dag.py:3340} INFO - Setting next_dagrun for example_trigger_target_dag to None, run_after=None
[2022-11-20T17:32:21.020+0000] {processor.py:176} INFO - Processing /home/airflow/.local/lib/python3.7/site-packages/airflow/example_dags/example_trigger_target_dag.py took 0.055 seconds
[2022-11-20T17:32:51.171+0000] {processor.py:154} INFO - Started process (PID=3929) to work on /home/airflow/.local/lib/python3.7/site-packages/airflow/example_dags/example_trigger_target_dag.py
[2022-11-20T17:32:51.171+0000] {processor.py:756} INFO - Processing file /home/airflow/.local/lib/python3.7/site-packages/airflow/example_dags/example_trigger_target_dag.py for tasks to queue
[2022-11-20T17:32:51.172+0000] {logging_mixin.py:120} INFO - [2022-11-20T17:32:51.172+0000] {dagbag.py:537} INFO - Filling up the DagBag from /home/airflow/.local/lib/python3.7/site-packages/airflow/example_dags/example_trigger_target_dag.py
[2022-11-20T17:32:51.185+0000] {processor.py:766} INFO - DAG(s) dict_keys(['example_trigger_target_dag']) retrieved from /home/airflow/.local/lib/python3.7/site-packages/airflow/example_dags/example_trigger_target_dag.py
[2022-11-20T17:32:51.209+0000] {logging_mixin.py:120} INFO - [2022-11-20T17:32:51.209+0000] {dag.py:2585} INFO - Sync 1 DAGs
[2022-11-20T17:32:51.223+0000] {logging_mixin.py:120} INFO - [2022-11-20T17:32:51.223+0000] {dag.py:3340} INFO - Setting next_dagrun for example_trigger_target_dag to None, run_after=None
[2022-11-20T17:32:51.234+0000] {processor.py:176} INFO - Processing /home/airflow/.local/lib/python3.7/site-packages/airflow/example_dags/example_trigger_target_dag.py took 0.066 seconds
[2022-11-20T17:33:21.283+0000] {processor.py:154} INFO - Started process (PID=3996) to work on /home/airflow/.local/lib/python3.7/site-packages/airflow/example_dags/example_trigger_target_dag.py
[2022-11-20T17:33:21.284+0000] {processor.py:756} INFO - Processing file /home/airflow/.local/lib/python3.7/site-packages/airflow/example_dags/example_trigger_target_dag.py for tasks to queue
[2022-11-20T17:33:21.284+0000] {logging_mixin.py:120} INFO - [2022-11-20T17:33:21.284+0000] {dagbag.py:537} INFO - Filling up the DagBag from /home/airflow/.local/lib/python3.7/site-packages/airflow/example_dags/example_trigger_target_dag.py
[2022-11-20T17:33:21.295+0000] {processor.py:766} INFO - DAG(s) dict_keys(['example_trigger_target_dag']) retrieved from /home/airflow/.local/lib/python3.7/site-packages/airflow/example_dags/example_trigger_target_dag.py
[2022-11-20T17:33:21.315+0000] {logging_mixin.py:120} INFO - [2022-11-20T17:33:21.315+0000] {dag.py:2585} INFO - Sync 1 DAGs
[2022-11-20T17:33:21.327+0000] {logging_mixin.py:120} INFO - [2022-11-20T17:33:21.327+0000] {dag.py:3340} INFO - Setting next_dagrun for example_trigger_target_dag to None, run_after=None
[2022-11-20T17:33:21.336+0000] {processor.py:176} INFO - Processing /home/airflow/.local/lib/python3.7/site-packages/airflow/example_dags/example_trigger_target_dag.py took 0.055 seconds
[2022-11-20T17:33:52.376+0000] {processor.py:154} INFO - Started process (PID=4061) to work on /home/airflow/.local/lib/python3.7/site-packages/airflow/example_dags/example_trigger_target_dag.py
[2022-11-20T17:33:52.376+0000] {processor.py:756} INFO - Processing file /home/airflow/.local/lib/python3.7/site-packages/airflow/example_dags/example_trigger_target_dag.py for tasks to queue
[2022-11-20T17:33:52.377+0000] {logging_mixin.py:120} INFO - [2022-11-20T17:33:52.377+0000] {dagbag.py:537} INFO - Filling up the DagBag from /home/airflow/.local/lib/python3.7/site-packages/airflow/example_dags/example_trigger_target_dag.py
[2022-11-20T17:33:52.388+0000] {processor.py:766} INFO - DAG(s) dict_keys(['example_trigger_target_dag']) retrieved from /home/airflow/.local/lib/python3.7/site-packages/airflow/example_dags/example_trigger_target_dag.py
[2022-11-20T17:33:52.410+0000] {logging_mixin.py:120} INFO - [2022-11-20T17:33:52.410+0000] {dag.py:2585} INFO - Sync 1 DAGs
[2022-11-20T17:33:52.423+0000] {logging_mixin.py:120} INFO - [2022-11-20T17:33:52.423+0000] {dag.py:3340} INFO - Setting next_dagrun for example_trigger_target_dag to None, run_after=None
[2022-11-20T17:33:52.433+0000] {processor.py:176} INFO - Processing /home/airflow/.local/lib/python3.7/site-packages/airflow/example_dags/example_trigger_target_dag.py took 0.059 seconds
[2022-11-20T17:34:23.329+0000] {processor.py:154} INFO - Started process (PID=4127) to work on /home/airflow/.local/lib/python3.7/site-packages/airflow/example_dags/example_trigger_target_dag.py
[2022-11-20T17:34:23.329+0000] {processor.py:756} INFO - Processing file /home/airflow/.local/lib/python3.7/site-packages/airflow/example_dags/example_trigger_target_dag.py for tasks to queue
[2022-11-20T17:34:23.330+0000] {logging_mixin.py:120} INFO - [2022-11-20T17:34:23.329+0000] {dagbag.py:537} INFO - Filling up the DagBag from /home/airflow/.local/lib/python3.7/site-packages/airflow/example_dags/example_trigger_target_dag.py
[2022-11-20T17:34:23.342+0000] {processor.py:766} INFO - DAG(s) dict_keys(['example_trigger_target_dag']) retrieved from /home/airflow/.local/lib/python3.7/site-packages/airflow/example_dags/example_trigger_target_dag.py
[2022-11-20T17:34:23.367+0000] {logging_mixin.py:120} INFO - [2022-11-20T17:34:23.367+0000] {dag.py:2585} INFO - Sync 1 DAGs
[2022-11-20T17:34:23.381+0000] {logging_mixin.py:120} INFO - [2022-11-20T17:34:23.381+0000] {dag.py:3340} INFO - Setting next_dagrun for example_trigger_target_dag to None, run_after=None
[2022-11-20T17:34:23.395+0000] {processor.py:176} INFO - Processing /home/airflow/.local/lib/python3.7/site-packages/airflow/example_dags/example_trigger_target_dag.py took 0.068 seconds
[2022-11-20T17:34:54.260+0000] {processor.py:154} INFO - Started process (PID=4197) to work on /home/airflow/.local/lib/python3.7/site-packages/airflow/example_dags/example_trigger_target_dag.py
[2022-11-20T17:34:54.268+0000] {processor.py:756} INFO - Processing file /home/airflow/.local/lib/python3.7/site-packages/airflow/example_dags/example_trigger_target_dag.py for tasks to queue
[2022-11-20T17:34:54.269+0000] {logging_mixin.py:120} INFO - [2022-11-20T17:34:54.269+0000] {dagbag.py:537} INFO - Filling up the DagBag from /home/airflow/.local/lib/python3.7/site-packages/airflow/example_dags/example_trigger_target_dag.py
[2022-11-20T17:34:54.293+0000] {processor.py:766} INFO - DAG(s) dict_keys(['example_trigger_target_dag']) retrieved from /home/airflow/.local/lib/python3.7/site-packages/airflow/example_dags/example_trigger_target_dag.py
[2022-11-20T17:34:54.333+0000] {logging_mixin.py:120} INFO - [2022-11-20T17:34:54.333+0000] {dag.py:2585} INFO - Sync 1 DAGs
[2022-11-20T17:34:54.359+0000] {logging_mixin.py:120} INFO - [2022-11-20T17:34:54.359+0000] {dag.py:3340} INFO - Setting next_dagrun for example_trigger_target_dag to None, run_after=None
[2022-11-20T17:34:54.381+0000] {processor.py:176} INFO - Processing /home/airflow/.local/lib/python3.7/site-packages/airflow/example_dags/example_trigger_target_dag.py took 0.123 seconds
[2022-11-20T17:35:25.277+0000] {processor.py:154} INFO - Started process (PID=4253) to work on /home/airflow/.local/lib/python3.7/site-packages/airflow/example_dags/example_trigger_target_dag.py
[2022-11-20T17:35:25.277+0000] {processor.py:756} INFO - Processing file /home/airflow/.local/lib/python3.7/site-packages/airflow/example_dags/example_trigger_target_dag.py for tasks to queue
[2022-11-20T17:35:25.278+0000] {logging_mixin.py:120} INFO - [2022-11-20T17:35:25.278+0000] {dagbag.py:537} INFO - Filling up the DagBag from /home/airflow/.local/lib/python3.7/site-packages/airflow/example_dags/example_trigger_target_dag.py
[2022-11-20T17:35:25.290+0000] {processor.py:766} INFO - DAG(s) dict_keys(['example_trigger_target_dag']) retrieved from /home/airflow/.local/lib/python3.7/site-packages/airflow/example_dags/example_trigger_target_dag.py
[2022-11-20T17:35:25.310+0000] {logging_mixin.py:120} INFO - [2022-11-20T17:35:25.310+0000] {dag.py:2585} INFO - Sync 1 DAGs
[2022-11-20T17:35:25.324+0000] {logging_mixin.py:120} INFO - [2022-11-20T17:35:25.324+0000] {dag.py:3340} INFO - Setting next_dagrun for example_trigger_target_dag to None, run_after=None
[2022-11-20T17:35:25.334+0000] {processor.py:176} INFO - Processing /home/airflow/.local/lib/python3.7/site-packages/airflow/example_dags/example_trigger_target_dag.py took 0.060 seconds
