[2022-11-20T12:59:11.478+0000] {processor.py:154} INFO - Started process (PID=62) to work on /home/airflow/.local/lib/python3.7/site-packages/airflow/example_dags/tutorial_dag.py
[2022-11-20T12:59:11.479+0000] {processor.py:756} INFO - Processing file /home/airflow/.local/lib/python3.7/site-packages/airflow/example_dags/tutorial_dag.py for tasks to queue
[2022-11-20T12:59:11.479+0000] {logging_mixin.py:120} INFO - [2022-11-20T12:59:11.479+0000] {dagbag.py:537} INFO - Filling up the DagBag from /home/airflow/.local/lib/python3.7/site-packages/airflow/example_dags/tutorial_dag.py
[2022-11-20T12:59:11.489+0000] {processor.py:766} INFO - DAG(s) dict_keys(['tutorial_dag']) retrieved from /home/airflow/.local/lib/python3.7/site-packages/airflow/example_dags/tutorial_dag.py
[2022-11-20T12:59:11.580+0000] {logging_mixin.py:120} INFO - [2022-11-20T12:59:11.580+0000] {dag.py:2585} INFO - Sync 1 DAGs
[2022-11-20T12:59:11.621+0000] {logging_mixin.py:120} INFO - [2022-11-20T12:59:11.621+0000] {dag.py:3340} INFO - Setting next_dagrun for tutorial_dag to None, run_after=None
[2022-11-20T12:59:11.666+0000] {processor.py:176} INFO - Processing /home/airflow/.local/lib/python3.7/site-packages/airflow/example_dags/tutorial_dag.py took 0.189 seconds
[2022-11-20T12:59:42.506+0000] {processor.py:154} INFO - Started process (PID=137) to work on /home/airflow/.local/lib/python3.7/site-packages/airflow/example_dags/tutorial_dag.py
[2022-11-20T12:59:42.506+0000] {processor.py:756} INFO - Processing file /home/airflow/.local/lib/python3.7/site-packages/airflow/example_dags/tutorial_dag.py for tasks to queue
[2022-11-20T12:59:42.507+0000] {logging_mixin.py:120} INFO - [2022-11-20T12:59:42.507+0000] {dagbag.py:537} INFO - Filling up the DagBag from /home/airflow/.local/lib/python3.7/site-packages/airflow/example_dags/tutorial_dag.py
[2022-11-20T12:59:42.514+0000] {processor.py:766} INFO - DAG(s) dict_keys(['tutorial_dag']) retrieved from /home/airflow/.local/lib/python3.7/site-packages/airflow/example_dags/tutorial_dag.py
[2022-11-20T12:59:42.535+0000] {logging_mixin.py:120} INFO - [2022-11-20T12:59:42.534+0000] {dag.py:2585} INFO - Sync 1 DAGs
[2022-11-20T12:59:42.547+0000] {logging_mixin.py:120} INFO - [2022-11-20T12:59:42.547+0000] {dag.py:3340} INFO - Setting next_dagrun for tutorial_dag to None, run_after=None
[2022-11-20T12:59:42.556+0000] {processor.py:176} INFO - Processing /home/airflow/.local/lib/python3.7/site-packages/airflow/example_dags/tutorial_dag.py took 0.052 seconds
[2022-11-20T13:00:13.294+0000] {processor.py:154} INFO - Started process (PID=205) to work on /home/airflow/.local/lib/python3.7/site-packages/airflow/example_dags/tutorial_dag.py
[2022-11-20T13:00:13.295+0000] {processor.py:756} INFO - Processing file /home/airflow/.local/lib/python3.7/site-packages/airflow/example_dags/tutorial_dag.py for tasks to queue
[2022-11-20T13:00:13.295+0000] {logging_mixin.py:120} INFO - [2022-11-20T13:00:13.295+0000] {dagbag.py:537} INFO - Filling up the DagBag from /home/airflow/.local/lib/python3.7/site-packages/airflow/example_dags/tutorial_dag.py
[2022-11-20T13:00:13.302+0000] {processor.py:766} INFO - DAG(s) dict_keys(['tutorial_dag']) retrieved from /home/airflow/.local/lib/python3.7/site-packages/airflow/example_dags/tutorial_dag.py
[2022-11-20T13:00:13.324+0000] {logging_mixin.py:120} INFO - [2022-11-20T13:00:13.324+0000] {dag.py:2585} INFO - Sync 1 DAGs
[2022-11-20T13:00:13.336+0000] {logging_mixin.py:120} INFO - [2022-11-20T13:00:13.336+0000] {dag.py:3340} INFO - Setting next_dagrun for tutorial_dag to None, run_after=None
[2022-11-20T13:00:13.347+0000] {processor.py:176} INFO - Processing /home/airflow/.local/lib/python3.7/site-packages/airflow/example_dags/tutorial_dag.py took 0.055 seconds
[2022-11-20T13:00:44.024+0000] {processor.py:154} INFO - Started process (PID=273) to work on /home/airflow/.local/lib/python3.7/site-packages/airflow/example_dags/tutorial_dag.py
[2022-11-20T13:00:44.024+0000] {processor.py:756} INFO - Processing file /home/airflow/.local/lib/python3.7/site-packages/airflow/example_dags/tutorial_dag.py for tasks to queue
[2022-11-20T13:00:44.025+0000] {logging_mixin.py:120} INFO - [2022-11-20T13:00:44.025+0000] {dagbag.py:537} INFO - Filling up the DagBag from /home/airflow/.local/lib/python3.7/site-packages/airflow/example_dags/tutorial_dag.py
[2022-11-20T13:00:44.032+0000] {processor.py:766} INFO - DAG(s) dict_keys(['tutorial_dag']) retrieved from /home/airflow/.local/lib/python3.7/site-packages/airflow/example_dags/tutorial_dag.py
[2022-11-20T13:00:44.054+0000] {logging_mixin.py:120} INFO - [2022-11-20T13:00:44.054+0000] {dag.py:2585} INFO - Sync 1 DAGs
[2022-11-20T13:00:44.066+0000] {logging_mixin.py:120} INFO - [2022-11-20T13:00:44.066+0000] {dag.py:3340} INFO - Setting next_dagrun for tutorial_dag to None, run_after=None
[2022-11-20T13:00:44.077+0000] {processor.py:176} INFO - Processing /home/airflow/.local/lib/python3.7/site-packages/airflow/example_dags/tutorial_dag.py took 0.055 seconds
[2022-11-20T13:01:15.054+0000] {processor.py:154} INFO - Started process (PID=341) to work on /home/airflow/.local/lib/python3.7/site-packages/airflow/example_dags/tutorial_dag.py
[2022-11-20T13:01:15.054+0000] {processor.py:756} INFO - Processing file /home/airflow/.local/lib/python3.7/site-packages/airflow/example_dags/tutorial_dag.py for tasks to queue
[2022-11-20T13:01:15.055+0000] {logging_mixin.py:120} INFO - [2022-11-20T13:01:15.055+0000] {dagbag.py:537} INFO - Filling up the DagBag from /home/airflow/.local/lib/python3.7/site-packages/airflow/example_dags/tutorial_dag.py
[2022-11-20T13:01:15.062+0000] {processor.py:766} INFO - DAG(s) dict_keys(['tutorial_dag']) retrieved from /home/airflow/.local/lib/python3.7/site-packages/airflow/example_dags/tutorial_dag.py
[2022-11-20T13:01:15.084+0000] {logging_mixin.py:120} INFO - [2022-11-20T13:01:15.084+0000] {dag.py:2585} INFO - Sync 1 DAGs
[2022-11-20T13:01:15.097+0000] {logging_mixin.py:120} INFO - [2022-11-20T13:01:15.097+0000] {dag.py:3340} INFO - Setting next_dagrun for tutorial_dag to None, run_after=None
[2022-11-20T13:01:15.110+0000] {processor.py:176} INFO - Processing /home/airflow/.local/lib/python3.7/site-packages/airflow/example_dags/tutorial_dag.py took 0.058 seconds
[2022-11-20T13:01:45.210+0000] {processor.py:154} INFO - Started process (PID=399) to work on /home/airflow/.local/lib/python3.7/site-packages/airflow/example_dags/tutorial_dag.py
[2022-11-20T13:01:45.210+0000] {processor.py:756} INFO - Processing file /home/airflow/.local/lib/python3.7/site-packages/airflow/example_dags/tutorial_dag.py for tasks to queue
[2022-11-20T13:01:45.210+0000] {logging_mixin.py:120} INFO - [2022-11-20T13:01:45.210+0000] {dagbag.py:537} INFO - Filling up the DagBag from /home/airflow/.local/lib/python3.7/site-packages/airflow/example_dags/tutorial_dag.py
[2022-11-20T13:01:45.218+0000] {processor.py:766} INFO - DAG(s) dict_keys(['tutorial_dag']) retrieved from /home/airflow/.local/lib/python3.7/site-packages/airflow/example_dags/tutorial_dag.py
[2022-11-20T13:01:45.238+0000] {logging_mixin.py:120} INFO - [2022-11-20T13:01:45.238+0000] {dag.py:2585} INFO - Sync 1 DAGs
[2022-11-20T13:01:45.251+0000] {logging_mixin.py:120} INFO - [2022-11-20T13:01:45.251+0000] {dag.py:3340} INFO - Setting next_dagrun for tutorial_dag to None, run_after=None
[2022-11-20T13:01:45.261+0000] {processor.py:176} INFO - Processing /home/airflow/.local/lib/python3.7/site-packages/airflow/example_dags/tutorial_dag.py took 0.053 seconds
[2022-11-20T13:02:16.156+0000] {processor.py:154} INFO - Started process (PID=466) to work on /home/airflow/.local/lib/python3.7/site-packages/airflow/example_dags/tutorial_dag.py
[2022-11-20T13:02:16.157+0000] {processor.py:756} INFO - Processing file /home/airflow/.local/lib/python3.7/site-packages/airflow/example_dags/tutorial_dag.py for tasks to queue
[2022-11-20T13:02:16.157+0000] {logging_mixin.py:120} INFO - [2022-11-20T13:02:16.157+0000] {dagbag.py:537} INFO - Filling up the DagBag from /home/airflow/.local/lib/python3.7/site-packages/airflow/example_dags/tutorial_dag.py
[2022-11-20T13:02:16.164+0000] {processor.py:766} INFO - DAG(s) dict_keys(['tutorial_dag']) retrieved from /home/airflow/.local/lib/python3.7/site-packages/airflow/example_dags/tutorial_dag.py
[2022-11-20T13:02:16.184+0000] {logging_mixin.py:120} INFO - [2022-11-20T13:02:16.184+0000] {dag.py:2585} INFO - Sync 1 DAGs
[2022-11-20T13:02:16.195+0000] {logging_mixin.py:120} INFO - [2022-11-20T13:02:16.195+0000] {dag.py:3340} INFO - Setting next_dagrun for tutorial_dag to None, run_after=None
[2022-11-20T13:02:16.204+0000] {processor.py:176} INFO - Processing /home/airflow/.local/lib/python3.7/site-packages/airflow/example_dags/tutorial_dag.py took 0.050 seconds
[2022-11-20T13:02:46.860+0000] {processor.py:154} INFO - Started process (PID=535) to work on /home/airflow/.local/lib/python3.7/site-packages/airflow/example_dags/tutorial_dag.py
[2022-11-20T13:02:46.861+0000] {processor.py:756} INFO - Processing file /home/airflow/.local/lib/python3.7/site-packages/airflow/example_dags/tutorial_dag.py for tasks to queue
[2022-11-20T13:02:46.861+0000] {logging_mixin.py:120} INFO - [2022-11-20T13:02:46.861+0000] {dagbag.py:537} INFO - Filling up the DagBag from /home/airflow/.local/lib/python3.7/site-packages/airflow/example_dags/tutorial_dag.py
[2022-11-20T13:02:46.869+0000] {processor.py:766} INFO - DAG(s) dict_keys(['tutorial_dag']) retrieved from /home/airflow/.local/lib/python3.7/site-packages/airflow/example_dags/tutorial_dag.py
[2022-11-20T13:02:46.889+0000] {logging_mixin.py:120} INFO - [2022-11-20T13:02:46.889+0000] {dag.py:2585} INFO - Sync 1 DAGs
[2022-11-20T13:02:46.901+0000] {logging_mixin.py:120} INFO - [2022-11-20T13:02:46.901+0000] {dag.py:3340} INFO - Setting next_dagrun for tutorial_dag to None, run_after=None
[2022-11-20T13:02:46.910+0000] {processor.py:176} INFO - Processing /home/airflow/.local/lib/python3.7/site-packages/airflow/example_dags/tutorial_dag.py took 0.052 seconds
[2022-11-20T13:03:17.967+0000] {processor.py:154} INFO - Started process (PID=598) to work on /home/airflow/.local/lib/python3.7/site-packages/airflow/example_dags/tutorial_dag.py
[2022-11-20T13:03:17.968+0000] {processor.py:756} INFO - Processing file /home/airflow/.local/lib/python3.7/site-packages/airflow/example_dags/tutorial_dag.py for tasks to queue
[2022-11-20T13:03:17.968+0000] {logging_mixin.py:120} INFO - [2022-11-20T13:03:17.968+0000] {dagbag.py:537} INFO - Filling up the DagBag from /home/airflow/.local/lib/python3.7/site-packages/airflow/example_dags/tutorial_dag.py
[2022-11-20T13:03:17.976+0000] {processor.py:766} INFO - DAG(s) dict_keys(['tutorial_dag']) retrieved from /home/airflow/.local/lib/python3.7/site-packages/airflow/example_dags/tutorial_dag.py
[2022-11-20T13:03:17.998+0000] {logging_mixin.py:120} INFO - [2022-11-20T13:03:17.998+0000] {dag.py:2585} INFO - Sync 1 DAGs
[2022-11-20T13:03:18.011+0000] {logging_mixin.py:120} INFO - [2022-11-20T13:03:18.011+0000] {dag.py:3340} INFO - Setting next_dagrun for tutorial_dag to None, run_after=None
[2022-11-20T13:03:18.021+0000] {processor.py:176} INFO - Processing /home/airflow/.local/lib/python3.7/site-packages/airflow/example_dags/tutorial_dag.py took 0.057 seconds
[2022-11-20T13:03:48.634+0000] {processor.py:154} INFO - Started process (PID=666) to work on /home/airflow/.local/lib/python3.7/site-packages/airflow/example_dags/tutorial_dag.py
[2022-11-20T13:03:48.634+0000] {processor.py:756} INFO - Processing file /home/airflow/.local/lib/python3.7/site-packages/airflow/example_dags/tutorial_dag.py for tasks to queue
[2022-11-20T13:03:48.635+0000] {logging_mixin.py:120} INFO - [2022-11-20T13:03:48.634+0000] {dagbag.py:537} INFO - Filling up the DagBag from /home/airflow/.local/lib/python3.7/site-packages/airflow/example_dags/tutorial_dag.py
[2022-11-20T13:03:48.641+0000] {processor.py:766} INFO - DAG(s) dict_keys(['tutorial_dag']) retrieved from /home/airflow/.local/lib/python3.7/site-packages/airflow/example_dags/tutorial_dag.py
[2022-11-20T13:03:48.661+0000] {logging_mixin.py:120} INFO - [2022-11-20T13:03:48.661+0000] {dag.py:2585} INFO - Sync 1 DAGs
[2022-11-20T13:03:48.674+0000] {logging_mixin.py:120} INFO - [2022-11-20T13:03:48.674+0000] {dag.py:3340} INFO - Setting next_dagrun for tutorial_dag to None, run_after=None
[2022-11-20T13:03:48.683+0000] {processor.py:176} INFO - Processing /home/airflow/.local/lib/python3.7/site-packages/airflow/example_dags/tutorial_dag.py took 0.051 seconds
[2022-11-20T13:04:19.534+0000] {processor.py:154} INFO - Started process (PID=735) to work on /home/airflow/.local/lib/python3.7/site-packages/airflow/example_dags/tutorial_dag.py
[2022-11-20T13:04:19.535+0000] {processor.py:756} INFO - Processing file /home/airflow/.local/lib/python3.7/site-packages/airflow/example_dags/tutorial_dag.py for tasks to queue
[2022-11-20T13:04:19.535+0000] {logging_mixin.py:120} INFO - [2022-11-20T13:04:19.535+0000] {dagbag.py:537} INFO - Filling up the DagBag from /home/airflow/.local/lib/python3.7/site-packages/airflow/example_dags/tutorial_dag.py
[2022-11-20T13:04:19.545+0000] {processor.py:766} INFO - DAG(s) dict_keys(['tutorial_dag']) retrieved from /home/airflow/.local/lib/python3.7/site-packages/airflow/example_dags/tutorial_dag.py
[2022-11-20T13:04:19.580+0000] {logging_mixin.py:120} INFO - [2022-11-20T13:04:19.580+0000] {dag.py:2585} INFO - Sync 1 DAGs
[2022-11-20T13:04:19.592+0000] {logging_mixin.py:120} INFO - [2022-11-20T13:04:19.592+0000] {dag.py:3340} INFO - Setting next_dagrun for tutorial_dag to None, run_after=None
[2022-11-20T13:04:19.603+0000] {processor.py:176} INFO - Processing /home/airflow/.local/lib/python3.7/site-packages/airflow/example_dags/tutorial_dag.py took 0.070 seconds
[2022-11-20T13:04:50.802+0000] {processor.py:154} INFO - Started process (PID=805) to work on /home/airflow/.local/lib/python3.7/site-packages/airflow/example_dags/tutorial_dag.py
[2022-11-20T13:04:50.803+0000] {processor.py:756} INFO - Processing file /home/airflow/.local/lib/python3.7/site-packages/airflow/example_dags/tutorial_dag.py for tasks to queue
[2022-11-20T13:04:50.803+0000] {logging_mixin.py:120} INFO - [2022-11-20T13:04:50.803+0000] {dagbag.py:537} INFO - Filling up the DagBag from /home/airflow/.local/lib/python3.7/site-packages/airflow/example_dags/tutorial_dag.py
[2022-11-20T13:04:50.810+0000] {processor.py:766} INFO - DAG(s) dict_keys(['tutorial_dag']) retrieved from /home/airflow/.local/lib/python3.7/site-packages/airflow/example_dags/tutorial_dag.py
[2022-11-20T13:04:50.831+0000] {logging_mixin.py:120} INFO - [2022-11-20T13:04:50.831+0000] {dag.py:2585} INFO - Sync 1 DAGs
[2022-11-20T13:04:50.843+0000] {logging_mixin.py:120} INFO - [2022-11-20T13:04:50.843+0000] {dag.py:3340} INFO - Setting next_dagrun for tutorial_dag to None, run_after=None
[2022-11-20T13:04:50.852+0000] {processor.py:176} INFO - Processing /home/airflow/.local/lib/python3.7/site-packages/airflow/example_dags/tutorial_dag.py took 0.052 seconds
[2022-11-20T13:05:21.721+0000] {processor.py:154} INFO - Started process (PID=870) to work on /home/airflow/.local/lib/python3.7/site-packages/airflow/example_dags/tutorial_dag.py
[2022-11-20T13:05:21.722+0000] {processor.py:756} INFO - Processing file /home/airflow/.local/lib/python3.7/site-packages/airflow/example_dags/tutorial_dag.py for tasks to queue
[2022-11-20T13:05:21.722+0000] {logging_mixin.py:120} INFO - [2022-11-20T13:05:21.722+0000] {dagbag.py:537} INFO - Filling up the DagBag from /home/airflow/.local/lib/python3.7/site-packages/airflow/example_dags/tutorial_dag.py
[2022-11-20T13:05:21.729+0000] {processor.py:766} INFO - DAG(s) dict_keys(['tutorial_dag']) retrieved from /home/airflow/.local/lib/python3.7/site-packages/airflow/example_dags/tutorial_dag.py
[2022-11-20T13:05:21.749+0000] {logging_mixin.py:120} INFO - [2022-11-20T13:05:21.749+0000] {dag.py:2585} INFO - Sync 1 DAGs
[2022-11-20T13:05:21.760+0000] {logging_mixin.py:120} INFO - [2022-11-20T13:05:21.760+0000] {dag.py:3340} INFO - Setting next_dagrun for tutorial_dag to None, run_after=None
[2022-11-20T13:05:21.771+0000] {processor.py:176} INFO - Processing /home/airflow/.local/lib/python3.7/site-packages/airflow/example_dags/tutorial_dag.py took 0.052 seconds
[2022-11-20T13:05:52.366+0000] {processor.py:154} INFO - Started process (PID=928) to work on /home/airflow/.local/lib/python3.7/site-packages/airflow/example_dags/tutorial_dag.py
[2022-11-20T13:05:52.366+0000] {processor.py:756} INFO - Processing file /home/airflow/.local/lib/python3.7/site-packages/airflow/example_dags/tutorial_dag.py for tasks to queue
[2022-11-20T13:05:52.367+0000] {logging_mixin.py:120} INFO - [2022-11-20T13:05:52.367+0000] {dagbag.py:537} INFO - Filling up the DagBag from /home/airflow/.local/lib/python3.7/site-packages/airflow/example_dags/tutorial_dag.py
[2022-11-20T13:05:52.375+0000] {processor.py:766} INFO - DAG(s) dict_keys(['tutorial_dag']) retrieved from /home/airflow/.local/lib/python3.7/site-packages/airflow/example_dags/tutorial_dag.py
[2022-11-20T13:05:52.398+0000] {logging_mixin.py:120} INFO - [2022-11-20T13:05:52.398+0000] {dag.py:2585} INFO - Sync 1 DAGs
[2022-11-20T13:05:52.411+0000] {logging_mixin.py:120} INFO - [2022-11-20T13:05:52.411+0000] {dag.py:3340} INFO - Setting next_dagrun for tutorial_dag to None, run_after=None
[2022-11-20T13:05:52.420+0000] {processor.py:176} INFO - Processing /home/airflow/.local/lib/python3.7/site-packages/airflow/example_dags/tutorial_dag.py took 0.056 seconds
[2022-11-20T13:06:23.276+0000] {processor.py:154} INFO - Started process (PID=993) to work on /home/airflow/.local/lib/python3.7/site-packages/airflow/example_dags/tutorial_dag.py
[2022-11-20T13:06:23.276+0000] {processor.py:756} INFO - Processing file /home/airflow/.local/lib/python3.7/site-packages/airflow/example_dags/tutorial_dag.py for tasks to queue
[2022-11-20T13:06:23.277+0000] {logging_mixin.py:120} INFO - [2022-11-20T13:06:23.277+0000] {dagbag.py:537} INFO - Filling up the DagBag from /home/airflow/.local/lib/python3.7/site-packages/airflow/example_dags/tutorial_dag.py
[2022-11-20T13:06:23.284+0000] {processor.py:766} INFO - DAG(s) dict_keys(['tutorial_dag']) retrieved from /home/airflow/.local/lib/python3.7/site-packages/airflow/example_dags/tutorial_dag.py
[2022-11-20T13:06:23.305+0000] {logging_mixin.py:120} INFO - [2022-11-20T13:06:23.304+0000] {dag.py:2585} INFO - Sync 1 DAGs
[2022-11-20T13:06:23.316+0000] {logging_mixin.py:120} INFO - [2022-11-20T13:06:23.316+0000] {dag.py:3340} INFO - Setting next_dagrun for tutorial_dag to None, run_after=None
[2022-11-20T13:06:23.326+0000] {processor.py:176} INFO - Processing /home/airflow/.local/lib/python3.7/site-packages/airflow/example_dags/tutorial_dag.py took 0.052 seconds
[2022-11-20T13:06:53.695+0000] {processor.py:154} INFO - Started process (PID=1061) to work on /home/airflow/.local/lib/python3.7/site-packages/airflow/example_dags/tutorial_dag.py
[2022-11-20T13:06:53.696+0000] {processor.py:756} INFO - Processing file /home/airflow/.local/lib/python3.7/site-packages/airflow/example_dags/tutorial_dag.py for tasks to queue
[2022-11-20T13:06:53.696+0000] {logging_mixin.py:120} INFO - [2022-11-20T13:06:53.696+0000] {dagbag.py:537} INFO - Filling up the DagBag from /home/airflow/.local/lib/python3.7/site-packages/airflow/example_dags/tutorial_dag.py
[2022-11-20T13:06:53.705+0000] {processor.py:766} INFO - DAG(s) dict_keys(['tutorial_dag']) retrieved from /home/airflow/.local/lib/python3.7/site-packages/airflow/example_dags/tutorial_dag.py
[2022-11-20T13:06:53.728+0000] {logging_mixin.py:120} INFO - [2022-11-20T13:06:53.728+0000] {dag.py:2585} INFO - Sync 1 DAGs
[2022-11-20T13:06:53.741+0000] {logging_mixin.py:120} INFO - [2022-11-20T13:06:53.741+0000] {dag.py:3340} INFO - Setting next_dagrun for tutorial_dag to None, run_after=None
[2022-11-20T13:06:53.752+0000] {processor.py:176} INFO - Processing /home/airflow/.local/lib/python3.7/site-packages/airflow/example_dags/tutorial_dag.py took 0.059 seconds
[2022-11-20T13:18:23.706+0000] {processor.py:154} INFO - Started process (PID=1106) to work on /home/airflow/.local/lib/python3.7/site-packages/airflow/example_dags/tutorial_dag.py
[2022-11-20T13:18:23.706+0000] {processor.py:756} INFO - Processing file /home/airflow/.local/lib/python3.7/site-packages/airflow/example_dags/tutorial_dag.py for tasks to queue
[2022-11-20T13:18:23.708+0000] {logging_mixin.py:120} INFO - [2022-11-20T13:18:23.708+0000] {dagbag.py:537} INFO - Filling up the DagBag from /home/airflow/.local/lib/python3.7/site-packages/airflow/example_dags/tutorial_dag.py
[2022-11-20T13:18:23.717+0000] {processor.py:766} INFO - DAG(s) dict_keys(['tutorial_dag']) retrieved from /home/airflow/.local/lib/python3.7/site-packages/airflow/example_dags/tutorial_dag.py
[2022-11-20T13:18:23.744+0000] {logging_mixin.py:120} INFO - [2022-11-20T13:18:23.744+0000] {dag.py:2585} INFO - Sync 1 DAGs
[2022-11-20T13:18:23.760+0000] {logging_mixin.py:120} INFO - [2022-11-20T13:18:23.759+0000] {dag.py:3340} INFO - Setting next_dagrun for tutorial_dag to None, run_after=None
[2022-11-20T13:18:23.772+0000] {processor.py:176} INFO - Processing /home/airflow/.local/lib/python3.7/site-packages/airflow/example_dags/tutorial_dag.py took 0.070 seconds
[2022-11-20T13:18:54.056+0000] {processor.py:154} INFO - Started process (PID=1173) to work on /home/airflow/.local/lib/python3.7/site-packages/airflow/example_dags/tutorial_dag.py
[2022-11-20T13:18:54.056+0000] {processor.py:756} INFO - Processing file /home/airflow/.local/lib/python3.7/site-packages/airflow/example_dags/tutorial_dag.py for tasks to queue
[2022-11-20T13:18:54.057+0000] {logging_mixin.py:120} INFO - [2022-11-20T13:18:54.057+0000] {dagbag.py:537} INFO - Filling up the DagBag from /home/airflow/.local/lib/python3.7/site-packages/airflow/example_dags/tutorial_dag.py
[2022-11-20T13:18:54.063+0000] {processor.py:766} INFO - DAG(s) dict_keys(['tutorial_dag']) retrieved from /home/airflow/.local/lib/python3.7/site-packages/airflow/example_dags/tutorial_dag.py
[2022-11-20T13:18:54.083+0000] {logging_mixin.py:120} INFO - [2022-11-20T13:18:54.083+0000] {dag.py:2585} INFO - Sync 1 DAGs
[2022-11-20T13:18:54.096+0000] {logging_mixin.py:120} INFO - [2022-11-20T13:18:54.096+0000] {dag.py:3340} INFO - Setting next_dagrun for tutorial_dag to None, run_after=None
[2022-11-20T13:18:54.106+0000] {processor.py:176} INFO - Processing /home/airflow/.local/lib/python3.7/site-packages/airflow/example_dags/tutorial_dag.py took 0.052 seconds
[2022-11-20T13:19:25.130+0000] {processor.py:154} INFO - Started process (PID=1240) to work on /home/airflow/.local/lib/python3.7/site-packages/airflow/example_dags/tutorial_dag.py
[2022-11-20T13:19:25.130+0000] {processor.py:756} INFO - Processing file /home/airflow/.local/lib/python3.7/site-packages/airflow/example_dags/tutorial_dag.py for tasks to queue
[2022-11-20T13:19:25.130+0000] {logging_mixin.py:120} INFO - [2022-11-20T13:19:25.130+0000] {dagbag.py:537} INFO - Filling up the DagBag from /home/airflow/.local/lib/python3.7/site-packages/airflow/example_dags/tutorial_dag.py
[2022-11-20T13:19:25.136+0000] {processor.py:766} INFO - DAG(s) dict_keys(['tutorial_dag']) retrieved from /home/airflow/.local/lib/python3.7/site-packages/airflow/example_dags/tutorial_dag.py
[2022-11-20T13:19:25.157+0000] {logging_mixin.py:120} INFO - [2022-11-20T13:19:25.157+0000] {dag.py:2585} INFO - Sync 1 DAGs
[2022-11-20T13:19:25.168+0000] {logging_mixin.py:120} INFO - [2022-11-20T13:19:25.168+0000] {dag.py:3340} INFO - Setting next_dagrun for tutorial_dag to None, run_after=None
[2022-11-20T13:19:25.178+0000] {processor.py:176} INFO - Processing /home/airflow/.local/lib/python3.7/site-packages/airflow/example_dags/tutorial_dag.py took 0.050 seconds
[2022-11-20T13:19:55.952+0000] {processor.py:154} INFO - Started process (PID=1307) to work on /home/airflow/.local/lib/python3.7/site-packages/airflow/example_dags/tutorial_dag.py
[2022-11-20T13:19:55.953+0000] {processor.py:756} INFO - Processing file /home/airflow/.local/lib/python3.7/site-packages/airflow/example_dags/tutorial_dag.py for tasks to queue
[2022-11-20T13:19:55.953+0000] {logging_mixin.py:120} INFO - [2022-11-20T13:19:55.953+0000] {dagbag.py:537} INFO - Filling up the DagBag from /home/airflow/.local/lib/python3.7/site-packages/airflow/example_dags/tutorial_dag.py
[2022-11-20T13:19:55.960+0000] {processor.py:766} INFO - DAG(s) dict_keys(['tutorial_dag']) retrieved from /home/airflow/.local/lib/python3.7/site-packages/airflow/example_dags/tutorial_dag.py
[2022-11-20T13:19:55.980+0000] {logging_mixin.py:120} INFO - [2022-11-20T13:19:55.980+0000] {dag.py:2585} INFO - Sync 1 DAGs
[2022-11-20T13:19:55.991+0000] {logging_mixin.py:120} INFO - [2022-11-20T13:19:55.991+0000] {dag.py:3340} INFO - Setting next_dagrun for tutorial_dag to None, run_after=None
[2022-11-20T13:19:56.001+0000] {processor.py:176} INFO - Processing /home/airflow/.local/lib/python3.7/site-packages/airflow/example_dags/tutorial_dag.py took 0.050 seconds
[2022-11-20T13:20:27.100+0000] {processor.py:154} INFO - Started process (PID=1367) to work on /home/airflow/.local/lib/python3.7/site-packages/airflow/example_dags/tutorial_dag.py
[2022-11-20T13:20:27.101+0000] {processor.py:756} INFO - Processing file /home/airflow/.local/lib/python3.7/site-packages/airflow/example_dags/tutorial_dag.py for tasks to queue
[2022-11-20T13:20:27.101+0000] {logging_mixin.py:120} INFO - [2022-11-20T13:20:27.101+0000] {dagbag.py:537} INFO - Filling up the DagBag from /home/airflow/.local/lib/python3.7/site-packages/airflow/example_dags/tutorial_dag.py
[2022-11-20T13:20:27.109+0000] {processor.py:766} INFO - DAG(s) dict_keys(['tutorial_dag']) retrieved from /home/airflow/.local/lib/python3.7/site-packages/airflow/example_dags/tutorial_dag.py
[2022-11-20T13:20:27.133+0000] {logging_mixin.py:120} INFO - [2022-11-20T13:20:27.133+0000] {dag.py:2585} INFO - Sync 1 DAGs
[2022-11-20T13:20:27.146+0000] {logging_mixin.py:120} INFO - [2022-11-20T13:20:27.146+0000] {dag.py:3340} INFO - Setting next_dagrun for tutorial_dag to None, run_after=None
[2022-11-20T13:20:27.163+0000] {processor.py:176} INFO - Processing /home/airflow/.local/lib/python3.7/site-packages/airflow/example_dags/tutorial_dag.py took 0.065 seconds
[2022-11-20T13:20:58.050+0000] {processor.py:154} INFO - Started process (PID=1434) to work on /home/airflow/.local/lib/python3.7/site-packages/airflow/example_dags/tutorial_dag.py
[2022-11-20T13:20:58.051+0000] {processor.py:756} INFO - Processing file /home/airflow/.local/lib/python3.7/site-packages/airflow/example_dags/tutorial_dag.py for tasks to queue
[2022-11-20T13:20:58.052+0000] {logging_mixin.py:120} INFO - [2022-11-20T13:20:58.052+0000] {dagbag.py:537} INFO - Filling up the DagBag from /home/airflow/.local/lib/python3.7/site-packages/airflow/example_dags/tutorial_dag.py
[2022-11-20T13:20:58.063+0000] {processor.py:766} INFO - DAG(s) dict_keys(['tutorial_dag']) retrieved from /home/airflow/.local/lib/python3.7/site-packages/airflow/example_dags/tutorial_dag.py
[2022-11-20T13:20:58.105+0000] {logging_mixin.py:120} INFO - [2022-11-20T13:20:58.105+0000] {dag.py:2585} INFO - Sync 1 DAGs
[2022-11-20T13:20:58.121+0000] {logging_mixin.py:120} INFO - [2022-11-20T13:20:58.121+0000] {dag.py:3340} INFO - Setting next_dagrun for tutorial_dag to None, run_after=None
[2022-11-20T13:20:58.132+0000] {processor.py:176} INFO - Processing /home/airflow/.local/lib/python3.7/site-packages/airflow/example_dags/tutorial_dag.py took 0.085 seconds
[2022-11-20T13:21:29.084+0000] {processor.py:154} INFO - Started process (PID=1502) to work on /home/airflow/.local/lib/python3.7/site-packages/airflow/example_dags/tutorial_dag.py
[2022-11-20T13:21:29.085+0000] {processor.py:756} INFO - Processing file /home/airflow/.local/lib/python3.7/site-packages/airflow/example_dags/tutorial_dag.py for tasks to queue
[2022-11-20T13:21:29.085+0000] {logging_mixin.py:120} INFO - [2022-11-20T13:21:29.085+0000] {dagbag.py:537} INFO - Filling up the DagBag from /home/airflow/.local/lib/python3.7/site-packages/airflow/example_dags/tutorial_dag.py
[2022-11-20T13:21:29.092+0000] {processor.py:766} INFO - DAG(s) dict_keys(['tutorial_dag']) retrieved from /home/airflow/.local/lib/python3.7/site-packages/airflow/example_dags/tutorial_dag.py
[2022-11-20T13:21:29.111+0000] {logging_mixin.py:120} INFO - [2022-11-20T13:21:29.111+0000] {dag.py:2585} INFO - Sync 1 DAGs
[2022-11-20T13:21:29.123+0000] {logging_mixin.py:120} INFO - [2022-11-20T13:21:29.123+0000] {dag.py:3340} INFO - Setting next_dagrun for tutorial_dag to None, run_after=None
[2022-11-20T13:21:29.133+0000] {processor.py:176} INFO - Processing /home/airflow/.local/lib/python3.7/site-packages/airflow/example_dags/tutorial_dag.py took 0.051 seconds
[2022-11-20T13:21:59.987+0000] {processor.py:154} INFO - Started process (PID=1566) to work on /home/airflow/.local/lib/python3.7/site-packages/airflow/example_dags/tutorial_dag.py
[2022-11-20T13:21:59.987+0000] {processor.py:756} INFO - Processing file /home/airflow/.local/lib/python3.7/site-packages/airflow/example_dags/tutorial_dag.py for tasks to queue
[2022-11-20T13:21:59.988+0000] {logging_mixin.py:120} INFO - [2022-11-20T13:21:59.988+0000] {dagbag.py:537} INFO - Filling up the DagBag from /home/airflow/.local/lib/python3.7/site-packages/airflow/example_dags/tutorial_dag.py
[2022-11-20T13:21:59.995+0000] {processor.py:766} INFO - DAG(s) dict_keys(['tutorial_dag']) retrieved from /home/airflow/.local/lib/python3.7/site-packages/airflow/example_dags/tutorial_dag.py
[2022-11-20T13:22:00.019+0000] {logging_mixin.py:120} INFO - [2022-11-20T13:22:00.019+0000] {dag.py:2585} INFO - Sync 1 DAGs
[2022-11-20T13:22:00.032+0000] {logging_mixin.py:120} INFO - [2022-11-20T13:22:00.032+0000] {dag.py:3340} INFO - Setting next_dagrun for tutorial_dag to None, run_after=None
[2022-11-20T13:22:00.041+0000] {processor.py:176} INFO - Processing /home/airflow/.local/lib/python3.7/site-packages/airflow/example_dags/tutorial_dag.py took 0.056 seconds
[2022-11-20T13:22:31.228+0000] {processor.py:154} INFO - Started process (PID=1637) to work on /home/airflow/.local/lib/python3.7/site-packages/airflow/example_dags/tutorial_dag.py
[2022-11-20T13:22:31.229+0000] {processor.py:756} INFO - Processing file /home/airflow/.local/lib/python3.7/site-packages/airflow/example_dags/tutorial_dag.py for tasks to queue
[2022-11-20T13:22:31.229+0000] {logging_mixin.py:120} INFO - [2022-11-20T13:22:31.229+0000] {dagbag.py:537} INFO - Filling up the DagBag from /home/airflow/.local/lib/python3.7/site-packages/airflow/example_dags/tutorial_dag.py
[2022-11-20T13:22:31.238+0000] {processor.py:766} INFO - DAG(s) dict_keys(['tutorial_dag']) retrieved from /home/airflow/.local/lib/python3.7/site-packages/airflow/example_dags/tutorial_dag.py
[2022-11-20T13:22:31.261+0000] {logging_mixin.py:120} INFO - [2022-11-20T13:22:31.261+0000] {dag.py:2585} INFO - Sync 1 DAGs
[2022-11-20T13:22:31.276+0000] {logging_mixin.py:120} INFO - [2022-11-20T13:22:31.276+0000] {dag.py:3340} INFO - Setting next_dagrun for tutorial_dag to None, run_after=None
[2022-11-20T13:22:31.291+0000] {processor.py:176} INFO - Processing /home/airflow/.local/lib/python3.7/site-packages/airflow/example_dags/tutorial_dag.py took 0.064 seconds
[2022-11-20T13:23:02.478+0000] {processor.py:154} INFO - Started process (PID=1704) to work on /home/airflow/.local/lib/python3.7/site-packages/airflow/example_dags/tutorial_dag.py
[2022-11-20T13:23:02.479+0000] {processor.py:756} INFO - Processing file /home/airflow/.local/lib/python3.7/site-packages/airflow/example_dags/tutorial_dag.py for tasks to queue
[2022-11-20T13:23:02.479+0000] {logging_mixin.py:120} INFO - [2022-11-20T13:23:02.479+0000] {dagbag.py:537} INFO - Filling up the DagBag from /home/airflow/.local/lib/python3.7/site-packages/airflow/example_dags/tutorial_dag.py
[2022-11-20T13:23:02.487+0000] {processor.py:766} INFO - DAG(s) dict_keys(['tutorial_dag']) retrieved from /home/airflow/.local/lib/python3.7/site-packages/airflow/example_dags/tutorial_dag.py
[2022-11-20T13:23:02.515+0000] {logging_mixin.py:120} INFO - [2022-11-20T13:23:02.515+0000] {dag.py:2585} INFO - Sync 1 DAGs
[2022-11-20T13:23:02.534+0000] {logging_mixin.py:120} INFO - [2022-11-20T13:23:02.534+0000] {dag.py:3340} INFO - Setting next_dagrun for tutorial_dag to None, run_after=None
[2022-11-20T13:23:02.551+0000] {processor.py:176} INFO - Processing /home/airflow/.local/lib/python3.7/site-packages/airflow/example_dags/tutorial_dag.py took 0.075 seconds
[2022-11-20T13:23:32.611+0000] {processor.py:154} INFO - Started process (PID=1774) to work on /home/airflow/.local/lib/python3.7/site-packages/airflow/example_dags/tutorial_dag.py
[2022-11-20T13:23:32.612+0000] {processor.py:756} INFO - Processing file /home/airflow/.local/lib/python3.7/site-packages/airflow/example_dags/tutorial_dag.py for tasks to queue
[2022-11-20T13:23:32.613+0000] {logging_mixin.py:120} INFO - [2022-11-20T13:23:32.613+0000] {dagbag.py:537} INFO - Filling up the DagBag from /home/airflow/.local/lib/python3.7/site-packages/airflow/example_dags/tutorial_dag.py
[2022-11-20T13:23:32.620+0000] {processor.py:766} INFO - DAG(s) dict_keys(['tutorial_dag']) retrieved from /home/airflow/.local/lib/python3.7/site-packages/airflow/example_dags/tutorial_dag.py
[2022-11-20T13:23:32.641+0000] {logging_mixin.py:120} INFO - [2022-11-20T13:23:32.641+0000] {dag.py:2585} INFO - Sync 1 DAGs
[2022-11-20T13:23:32.652+0000] {logging_mixin.py:120} INFO - [2022-11-20T13:23:32.652+0000] {dag.py:3340} INFO - Setting next_dagrun for tutorial_dag to None, run_after=None
[2022-11-20T13:23:32.663+0000] {processor.py:176} INFO - Processing /home/airflow/.local/lib/python3.7/site-packages/airflow/example_dags/tutorial_dag.py took 0.054 seconds
[2022-11-20T13:24:02.866+0000] {processor.py:154} INFO - Started process (PID=1833) to work on /home/airflow/.local/lib/python3.7/site-packages/airflow/example_dags/tutorial_dag.py
[2022-11-20T13:24:02.866+0000] {processor.py:756} INFO - Processing file /home/airflow/.local/lib/python3.7/site-packages/airflow/example_dags/tutorial_dag.py for tasks to queue
[2022-11-20T13:24:02.867+0000] {logging_mixin.py:120} INFO - [2022-11-20T13:24:02.866+0000] {dagbag.py:537} INFO - Filling up the DagBag from /home/airflow/.local/lib/python3.7/site-packages/airflow/example_dags/tutorial_dag.py
[2022-11-20T13:24:02.873+0000] {processor.py:766} INFO - DAG(s) dict_keys(['tutorial_dag']) retrieved from /home/airflow/.local/lib/python3.7/site-packages/airflow/example_dags/tutorial_dag.py
[2022-11-20T13:24:02.894+0000] {logging_mixin.py:120} INFO - [2022-11-20T13:24:02.894+0000] {dag.py:2585} INFO - Sync 1 DAGs
[2022-11-20T13:24:02.906+0000] {logging_mixin.py:120} INFO - [2022-11-20T13:24:02.906+0000] {dag.py:3340} INFO - Setting next_dagrun for tutorial_dag to None, run_after=None
[2022-11-20T13:24:02.917+0000] {processor.py:176} INFO - Processing /home/airflow/.local/lib/python3.7/site-packages/airflow/example_dags/tutorial_dag.py took 0.053 seconds
[2022-11-20T13:24:33.807+0000] {processor.py:154} INFO - Started process (PID=1902) to work on /home/airflow/.local/lib/python3.7/site-packages/airflow/example_dags/tutorial_dag.py
[2022-11-20T13:24:33.808+0000] {processor.py:756} INFO - Processing file /home/airflow/.local/lib/python3.7/site-packages/airflow/example_dags/tutorial_dag.py for tasks to queue
[2022-11-20T13:24:33.809+0000] {logging_mixin.py:120} INFO - [2022-11-20T13:24:33.808+0000] {dagbag.py:537} INFO - Filling up the DagBag from /home/airflow/.local/lib/python3.7/site-packages/airflow/example_dags/tutorial_dag.py
[2022-11-20T13:24:33.815+0000] {processor.py:766} INFO - DAG(s) dict_keys(['tutorial_dag']) retrieved from /home/airflow/.local/lib/python3.7/site-packages/airflow/example_dags/tutorial_dag.py
[2022-11-20T13:24:33.835+0000] {logging_mixin.py:120} INFO - [2022-11-20T13:24:33.835+0000] {dag.py:2585} INFO - Sync 1 DAGs
[2022-11-20T13:24:33.847+0000] {logging_mixin.py:120} INFO - [2022-11-20T13:24:33.847+0000] {dag.py:3340} INFO - Setting next_dagrun for tutorial_dag to None, run_after=None
[2022-11-20T13:24:33.856+0000] {processor.py:176} INFO - Processing /home/airflow/.local/lib/python3.7/site-packages/airflow/example_dags/tutorial_dag.py took 0.050 seconds
[2022-11-20T13:25:04.721+0000] {processor.py:154} INFO - Started process (PID=1970) to work on /home/airflow/.local/lib/python3.7/site-packages/airflow/example_dags/tutorial_dag.py
[2022-11-20T13:25:04.721+0000] {processor.py:756} INFO - Processing file /home/airflow/.local/lib/python3.7/site-packages/airflow/example_dags/tutorial_dag.py for tasks to queue
[2022-11-20T13:25:04.722+0000] {logging_mixin.py:120} INFO - [2022-11-20T13:25:04.722+0000] {dagbag.py:537} INFO - Filling up the DagBag from /home/airflow/.local/lib/python3.7/site-packages/airflow/example_dags/tutorial_dag.py
[2022-11-20T13:25:04.728+0000] {processor.py:766} INFO - DAG(s) dict_keys(['tutorial_dag']) retrieved from /home/airflow/.local/lib/python3.7/site-packages/airflow/example_dags/tutorial_dag.py
[2022-11-20T13:25:04.748+0000] {logging_mixin.py:120} INFO - [2022-11-20T13:25:04.748+0000] {dag.py:2585} INFO - Sync 1 DAGs
[2022-11-20T13:25:04.760+0000] {logging_mixin.py:120} INFO - [2022-11-20T13:25:04.760+0000] {dag.py:3340} INFO - Setting next_dagrun for tutorial_dag to None, run_after=None
[2022-11-20T13:25:04.770+0000] {processor.py:176} INFO - Processing /home/airflow/.local/lib/python3.7/site-packages/airflow/example_dags/tutorial_dag.py took 0.050 seconds
[2022-11-20T13:25:35.414+0000] {processor.py:154} INFO - Started process (PID=2041) to work on /home/airflow/.local/lib/python3.7/site-packages/airflow/example_dags/tutorial_dag.py
[2022-11-20T13:25:35.414+0000] {processor.py:756} INFO - Processing file /home/airflow/.local/lib/python3.7/site-packages/airflow/example_dags/tutorial_dag.py for tasks to queue
[2022-11-20T13:25:35.415+0000] {logging_mixin.py:120} INFO - [2022-11-20T13:25:35.415+0000] {dagbag.py:537} INFO - Filling up the DagBag from /home/airflow/.local/lib/python3.7/site-packages/airflow/example_dags/tutorial_dag.py
[2022-11-20T13:25:35.422+0000] {processor.py:766} INFO - DAG(s) dict_keys(['tutorial_dag']) retrieved from /home/airflow/.local/lib/python3.7/site-packages/airflow/example_dags/tutorial_dag.py
[2022-11-20T13:25:35.442+0000] {logging_mixin.py:120} INFO - [2022-11-20T13:25:35.442+0000] {dag.py:2585} INFO - Sync 1 DAGs
[2022-11-20T13:25:35.454+0000] {logging_mixin.py:120} INFO - [2022-11-20T13:25:35.454+0000] {dag.py:3340} INFO - Setting next_dagrun for tutorial_dag to None, run_after=None
[2022-11-20T13:25:35.464+0000] {processor.py:176} INFO - Processing /home/airflow/.local/lib/python3.7/site-packages/airflow/example_dags/tutorial_dag.py took 0.052 seconds
[2022-11-20T13:58:07.742+0000] {processor.py:154} INFO - Started process (PID=2089) to work on /home/airflow/.local/lib/python3.7/site-packages/airflow/example_dags/tutorial_dag.py
[2022-11-20T13:58:07.747+0000] {processor.py:756} INFO - Processing file /home/airflow/.local/lib/python3.7/site-packages/airflow/example_dags/tutorial_dag.py for tasks to queue
[2022-11-20T13:58:07.747+0000] {logging_mixin.py:120} INFO - [2022-11-20T13:58:07.747+0000] {dagbag.py:537} INFO - Filling up the DagBag from /home/airflow/.local/lib/python3.7/site-packages/airflow/example_dags/tutorial_dag.py
[2022-11-20T13:58:07.754+0000] {processor.py:766} INFO - DAG(s) dict_keys(['tutorial_dag']) retrieved from /home/airflow/.local/lib/python3.7/site-packages/airflow/example_dags/tutorial_dag.py
[2022-11-20T13:58:07.792+0000] {logging_mixin.py:120} INFO - [2022-11-20T13:58:07.792+0000] {dag.py:2585} INFO - Sync 1 DAGs
[2022-11-20T13:58:07.809+0000] {logging_mixin.py:120} INFO - [2022-11-20T13:58:07.809+0000] {dag.py:3340} INFO - Setting next_dagrun for tutorial_dag to None, run_after=None
[2022-11-20T13:58:07.821+0000] {processor.py:176} INFO - Processing /home/airflow/.local/lib/python3.7/site-packages/airflow/example_dags/tutorial_dag.py took 0.081 seconds
[2022-11-20T14:14:22.750+0000] {processor.py:154} INFO - Started process (PID=2139) to work on /home/airflow/.local/lib/python3.7/site-packages/airflow/example_dags/tutorial_dag.py
[2022-11-20T14:14:22.750+0000] {processor.py:756} INFO - Processing file /home/airflow/.local/lib/python3.7/site-packages/airflow/example_dags/tutorial_dag.py for tasks to queue
[2022-11-20T14:14:22.761+0000] {logging_mixin.py:120} INFO - [2022-11-20T14:14:22.761+0000] {dagbag.py:537} INFO - Filling up the DagBag from /home/airflow/.local/lib/python3.7/site-packages/airflow/example_dags/tutorial_dag.py
[2022-11-20T14:14:22.768+0000] {processor.py:766} INFO - DAG(s) dict_keys(['tutorial_dag']) retrieved from /home/airflow/.local/lib/python3.7/site-packages/airflow/example_dags/tutorial_dag.py
[2022-11-20T14:14:22.792+0000] {logging_mixin.py:120} INFO - [2022-11-20T14:14:22.792+0000] {dag.py:2585} INFO - Sync 1 DAGs
[2022-11-20T14:14:22.805+0000] {logging_mixin.py:120} INFO - [2022-11-20T14:14:22.805+0000] {dag.py:3340} INFO - Setting next_dagrun for tutorial_dag to None, run_after=None
[2022-11-20T14:14:22.817+0000] {processor.py:176} INFO - Processing /home/airflow/.local/lib/python3.7/site-packages/airflow/example_dags/tutorial_dag.py took 0.069 seconds
[2022-11-20T14:44:48.840+0000] {processor.py:154} INFO - Started process (PID=2186) to work on /home/airflow/.local/lib/python3.7/site-packages/airflow/example_dags/tutorial_dag.py
[2022-11-20T14:44:48.841+0000] {processor.py:756} INFO - Processing file /home/airflow/.local/lib/python3.7/site-packages/airflow/example_dags/tutorial_dag.py for tasks to queue
[2022-11-20T14:44:48.842+0000] {logging_mixin.py:120} INFO - [2022-11-20T14:44:48.842+0000] {dagbag.py:537} INFO - Filling up the DagBag from /home/airflow/.local/lib/python3.7/site-packages/airflow/example_dags/tutorial_dag.py
[2022-11-20T14:44:48.849+0000] {processor.py:766} INFO - DAG(s) dict_keys(['tutorial_dag']) retrieved from /home/airflow/.local/lib/python3.7/site-packages/airflow/example_dags/tutorial_dag.py
[2022-11-20T14:44:48.880+0000] {logging_mixin.py:120} INFO - [2022-11-20T14:44:48.880+0000] {dag.py:2585} INFO - Sync 1 DAGs
[2022-11-20T14:44:48.893+0000] {logging_mixin.py:120} INFO - [2022-11-20T14:44:48.893+0000] {dag.py:3340} INFO - Setting next_dagrun for tutorial_dag to None, run_after=None
[2022-11-20T14:44:48.905+0000] {processor.py:176} INFO - Processing /home/airflow/.local/lib/python3.7/site-packages/airflow/example_dags/tutorial_dag.py took 0.067 seconds
[2022-11-20T15:18:05.796+0000] {processor.py:154} INFO - Started process (PID=2233) to work on /home/airflow/.local/lib/python3.7/site-packages/airflow/example_dags/tutorial_dag.py
[2022-11-20T15:18:05.797+0000] {processor.py:756} INFO - Processing file /home/airflow/.local/lib/python3.7/site-packages/airflow/example_dags/tutorial_dag.py for tasks to queue
[2022-11-20T15:18:05.798+0000] {logging_mixin.py:120} INFO - [2022-11-20T15:18:05.798+0000] {dagbag.py:537} INFO - Filling up the DagBag from /home/airflow/.local/lib/python3.7/site-packages/airflow/example_dags/tutorial_dag.py
[2022-11-20T15:18:05.805+0000] {processor.py:766} INFO - DAG(s) dict_keys(['tutorial_dag']) retrieved from /home/airflow/.local/lib/python3.7/site-packages/airflow/example_dags/tutorial_dag.py
[2022-11-20T15:18:05.826+0000] {logging_mixin.py:120} INFO - [2022-11-20T15:18:05.826+0000] {dag.py:2585} INFO - Sync 1 DAGs
[2022-11-20T15:18:05.838+0000] {logging_mixin.py:120} INFO - [2022-11-20T15:18:05.838+0000] {dag.py:3340} INFO - Setting next_dagrun for tutorial_dag to None, run_after=None
[2022-11-20T15:18:05.846+0000] {processor.py:176} INFO - Processing /home/airflow/.local/lib/python3.7/site-packages/airflow/example_dags/tutorial_dag.py took 0.054 seconds
[2022-11-20T15:39:03.997+0000] {processor.py:154} INFO - Started process (PID=2270) to work on /home/airflow/.local/lib/python3.7/site-packages/airflow/example_dags/tutorial_dag.py
[2022-11-20T15:39:03.998+0000] {processor.py:756} INFO - Processing file /home/airflow/.local/lib/python3.7/site-packages/airflow/example_dags/tutorial_dag.py for tasks to queue
[2022-11-20T15:39:03.999+0000] {logging_mixin.py:120} INFO - [2022-11-20T15:39:03.999+0000] {dagbag.py:537} INFO - Filling up the DagBag from /home/airflow/.local/lib/python3.7/site-packages/airflow/example_dags/tutorial_dag.py
[2022-11-20T15:39:04.014+0000] {processor.py:766} INFO - DAG(s) dict_keys(['tutorial_dag']) retrieved from /home/airflow/.local/lib/python3.7/site-packages/airflow/example_dags/tutorial_dag.py
[2022-11-20T15:39:04.056+0000] {logging_mixin.py:120} INFO - [2022-11-20T15:39:04.056+0000] {dag.py:2585} INFO - Sync 1 DAGs
[2022-11-20T15:39:04.070+0000] {logging_mixin.py:120} INFO - [2022-11-20T15:39:04.070+0000] {dag.py:3340} INFO - Setting next_dagrun for tutorial_dag to None, run_after=None
[2022-11-20T15:39:04.081+0000] {processor.py:176} INFO - Processing /home/airflow/.local/lib/python3.7/site-packages/airflow/example_dags/tutorial_dag.py took 0.088 seconds
[2022-11-20T15:51:04.366+0000] {processor.py:154} INFO - Started process (PID=2316) to work on /home/airflow/.local/lib/python3.7/site-packages/airflow/example_dags/tutorial_dag.py
[2022-11-20T15:51:04.367+0000] {processor.py:756} INFO - Processing file /home/airflow/.local/lib/python3.7/site-packages/airflow/example_dags/tutorial_dag.py for tasks to queue
[2022-11-20T15:51:04.367+0000] {logging_mixin.py:120} INFO - [2022-11-20T15:51:04.367+0000] {dagbag.py:537} INFO - Filling up the DagBag from /home/airflow/.local/lib/python3.7/site-packages/airflow/example_dags/tutorial_dag.py
[2022-11-20T15:51:04.375+0000] {processor.py:766} INFO - DAG(s) dict_keys(['tutorial_dag']) retrieved from /home/airflow/.local/lib/python3.7/site-packages/airflow/example_dags/tutorial_dag.py
[2022-11-20T15:51:04.394+0000] {logging_mixin.py:120} INFO - [2022-11-20T15:51:04.394+0000] {dag.py:2585} INFO - Sync 1 DAGs
[2022-11-20T15:51:04.408+0000] {logging_mixin.py:120} INFO - [2022-11-20T15:51:04.408+0000] {dag.py:3340} INFO - Setting next_dagrun for tutorial_dag to None, run_after=None
[2022-11-20T15:51:04.418+0000] {processor.py:176} INFO - Processing /home/airflow/.local/lib/python3.7/site-packages/airflow/example_dags/tutorial_dag.py took 0.054 seconds
[2022-11-20T16:06:46.042+0000] {processor.py:154} INFO - Started process (PID=2362) to work on /home/airflow/.local/lib/python3.7/site-packages/airflow/example_dags/tutorial_dag.py
[2022-11-20T16:06:46.049+0000] {processor.py:756} INFO - Processing file /home/airflow/.local/lib/python3.7/site-packages/airflow/example_dags/tutorial_dag.py for tasks to queue
[2022-11-20T16:06:46.049+0000] {logging_mixin.py:120} INFO - [2022-11-20T16:06:46.049+0000] {dagbag.py:537} INFO - Filling up the DagBag from /home/airflow/.local/lib/python3.7/site-packages/airflow/example_dags/tutorial_dag.py
[2022-11-20T16:06:46.057+0000] {processor.py:766} INFO - DAG(s) dict_keys(['tutorial_dag']) retrieved from /home/airflow/.local/lib/python3.7/site-packages/airflow/example_dags/tutorial_dag.py
[2022-11-20T16:06:46.104+0000] {logging_mixin.py:120} INFO - [2022-11-20T16:06:46.103+0000] {dag.py:2585} INFO - Sync 1 DAGs
[2022-11-20T16:06:46.133+0000] {logging_mixin.py:120} INFO - [2022-11-20T16:06:46.133+0000] {dag.py:3340} INFO - Setting next_dagrun for tutorial_dag to None, run_after=None
[2022-11-20T16:06:46.151+0000] {processor.py:176} INFO - Processing /home/airflow/.local/lib/python3.7/site-packages/airflow/example_dags/tutorial_dag.py took 0.111 seconds
[2022-11-20T16:08:34.059+0000] {processor.py:154} INFO - Started process (PID=2413) to work on /home/airflow/.local/lib/python3.7/site-packages/airflow/example_dags/tutorial_dag.py
[2022-11-20T16:08:34.059+0000] {processor.py:756} INFO - Processing file /home/airflow/.local/lib/python3.7/site-packages/airflow/example_dags/tutorial_dag.py for tasks to queue
[2022-11-20T16:08:34.060+0000] {logging_mixin.py:120} INFO - [2022-11-20T16:08:34.060+0000] {dagbag.py:537} INFO - Filling up the DagBag from /home/airflow/.local/lib/python3.7/site-packages/airflow/example_dags/tutorial_dag.py
[2022-11-20T16:08:34.066+0000] {processor.py:766} INFO - DAG(s) dict_keys(['tutorial_dag']) retrieved from /home/airflow/.local/lib/python3.7/site-packages/airflow/example_dags/tutorial_dag.py
[2022-11-20T16:08:34.086+0000] {logging_mixin.py:120} INFO - [2022-11-20T16:08:34.085+0000] {dag.py:2585} INFO - Sync 1 DAGs
[2022-11-20T16:08:34.098+0000] {logging_mixin.py:120} INFO - [2022-11-20T16:08:34.098+0000] {dag.py:3340} INFO - Setting next_dagrun for tutorial_dag to None, run_after=None
[2022-11-20T16:08:34.107+0000] {processor.py:176} INFO - Processing /home/airflow/.local/lib/python3.7/site-packages/airflow/example_dags/tutorial_dag.py took 0.049 seconds
[2022-11-20T16:28:00.020+0000] {processor.py:154} INFO - Started process (PID=2459) to work on /home/airflow/.local/lib/python3.7/site-packages/airflow/example_dags/tutorial_dag.py
[2022-11-20T16:28:00.021+0000] {processor.py:756} INFO - Processing file /home/airflow/.local/lib/python3.7/site-packages/airflow/example_dags/tutorial_dag.py for tasks to queue
[2022-11-20T16:28:00.021+0000] {logging_mixin.py:120} INFO - [2022-11-20T16:28:00.021+0000] {dagbag.py:537} INFO - Filling up the DagBag from /home/airflow/.local/lib/python3.7/site-packages/airflow/example_dags/tutorial_dag.py
[2022-11-20T16:28:00.028+0000] {processor.py:766} INFO - DAG(s) dict_keys(['tutorial_dag']) retrieved from /home/airflow/.local/lib/python3.7/site-packages/airflow/example_dags/tutorial_dag.py
[2022-11-20T16:28:00.052+0000] {logging_mixin.py:120} INFO - [2022-11-20T16:28:00.052+0000] {dag.py:2585} INFO - Sync 1 DAGs
[2022-11-20T16:28:00.066+0000] {logging_mixin.py:120} INFO - [2022-11-20T16:28:00.066+0000] {dag.py:3340} INFO - Setting next_dagrun for tutorial_dag to None, run_after=None
[2022-11-20T16:28:00.075+0000] {processor.py:176} INFO - Processing /home/airflow/.local/lib/python3.7/site-packages/airflow/example_dags/tutorial_dag.py took 0.057 seconds
[2022-11-20T16:43:50.313+0000] {processor.py:154} INFO - Started process (PID=2508) to work on /home/airflow/.local/lib/python3.7/site-packages/airflow/example_dags/tutorial_dag.py
[2022-11-20T16:43:50.318+0000] {processor.py:756} INFO - Processing file /home/airflow/.local/lib/python3.7/site-packages/airflow/example_dags/tutorial_dag.py for tasks to queue
[2022-11-20T16:43:50.319+0000] {logging_mixin.py:120} INFO - [2022-11-20T16:43:50.318+0000] {dagbag.py:537} INFO - Filling up the DagBag from /home/airflow/.local/lib/python3.7/site-packages/airflow/example_dags/tutorial_dag.py
[2022-11-20T16:43:50.338+0000] {processor.py:766} INFO - DAG(s) dict_keys(['tutorial_dag']) retrieved from /home/airflow/.local/lib/python3.7/site-packages/airflow/example_dags/tutorial_dag.py
[2022-11-20T16:43:50.383+0000] {logging_mixin.py:120} INFO - [2022-11-20T16:43:50.383+0000] {dag.py:2585} INFO - Sync 1 DAGs
[2022-11-20T16:43:50.409+0000] {logging_mixin.py:120} INFO - [2022-11-20T16:43:50.409+0000] {dag.py:3340} INFO - Setting next_dagrun for tutorial_dag to None, run_after=None
[2022-11-20T16:43:50.440+0000] {processor.py:176} INFO - Processing /home/airflow/.local/lib/python3.7/site-packages/airflow/example_dags/tutorial_dag.py took 0.132 seconds
[2022-11-20T17:17:43.893+0000] {processor.py:154} INFO - Started process (PID=2555) to work on /home/airflow/.local/lib/python3.7/site-packages/airflow/example_dags/tutorial_dag.py
[2022-11-20T17:17:43.895+0000] {processor.py:756} INFO - Processing file /home/airflow/.local/lib/python3.7/site-packages/airflow/example_dags/tutorial_dag.py for tasks to queue
[2022-11-20T17:17:43.895+0000] {logging_mixin.py:120} INFO - [2022-11-20T17:17:43.895+0000] {dagbag.py:537} INFO - Filling up the DagBag from /home/airflow/.local/lib/python3.7/site-packages/airflow/example_dags/tutorial_dag.py
[2022-11-20T17:17:43.914+0000] {processor.py:766} INFO - DAG(s) dict_keys(['tutorial_dag']) retrieved from /home/airflow/.local/lib/python3.7/site-packages/airflow/example_dags/tutorial_dag.py
[2022-11-20T17:17:43.953+0000] {logging_mixin.py:120} INFO - [2022-11-20T17:17:43.952+0000] {dag.py:2585} INFO - Sync 1 DAGs
[2022-11-20T17:17:43.982+0000] {logging_mixin.py:120} INFO - [2022-11-20T17:17:43.982+0000] {dag.py:3340} INFO - Setting next_dagrun for tutorial_dag to None, run_after=None
[2022-11-20T17:17:44.007+0000] {processor.py:176} INFO - Processing /home/airflow/.local/lib/python3.7/site-packages/airflow/example_dags/tutorial_dag.py took 0.117 seconds
[2022-11-20T17:22:38.780+0000] {processor.py:154} INFO - Started process (PID=2602) to work on /home/airflow/.local/lib/python3.7/site-packages/airflow/example_dags/tutorial_dag.py
[2022-11-20T17:22:38.780+0000] {processor.py:756} INFO - Processing file /home/airflow/.local/lib/python3.7/site-packages/airflow/example_dags/tutorial_dag.py for tasks to queue
[2022-11-20T17:22:38.781+0000] {logging_mixin.py:120} INFO - [2022-11-20T17:22:38.781+0000] {dagbag.py:537} INFO - Filling up the DagBag from /home/airflow/.local/lib/python3.7/site-packages/airflow/example_dags/tutorial_dag.py
[2022-11-20T17:22:38.796+0000] {processor.py:766} INFO - DAG(s) dict_keys(['tutorial_dag']) retrieved from /home/airflow/.local/lib/python3.7/site-packages/airflow/example_dags/tutorial_dag.py
[2022-11-20T17:22:38.832+0000] {logging_mixin.py:120} INFO - [2022-11-20T17:22:38.832+0000] {dag.py:2585} INFO - Sync 1 DAGs
[2022-11-20T17:22:38.857+0000] {logging_mixin.py:120} INFO - [2022-11-20T17:22:38.857+0000] {dag.py:3340} INFO - Setting next_dagrun for tutorial_dag to None, run_after=None
[2022-11-20T17:22:38.875+0000] {processor.py:176} INFO - Processing /home/airflow/.local/lib/python3.7/site-packages/airflow/example_dags/tutorial_dag.py took 0.097 seconds
[2022-11-20T17:23:09.875+0000] {processor.py:154} INFO - Started process (PID=2669) to work on /home/airflow/.local/lib/python3.7/site-packages/airflow/example_dags/tutorial_dag.py
[2022-11-20T17:23:09.875+0000] {processor.py:756} INFO - Processing file /home/airflow/.local/lib/python3.7/site-packages/airflow/example_dags/tutorial_dag.py for tasks to queue
[2022-11-20T17:23:09.876+0000] {logging_mixin.py:120} INFO - [2022-11-20T17:23:09.876+0000] {dagbag.py:537} INFO - Filling up the DagBag from /home/airflow/.local/lib/python3.7/site-packages/airflow/example_dags/tutorial_dag.py
[2022-11-20T17:23:09.883+0000] {processor.py:766} INFO - DAG(s) dict_keys(['tutorial_dag']) retrieved from /home/airflow/.local/lib/python3.7/site-packages/airflow/example_dags/tutorial_dag.py
[2022-11-20T17:23:09.909+0000] {logging_mixin.py:120} INFO - [2022-11-20T17:23:09.909+0000] {dag.py:2585} INFO - Sync 1 DAGs
[2022-11-20T17:23:09.921+0000] {logging_mixin.py:120} INFO - [2022-11-20T17:23:09.921+0000] {dag.py:3340} INFO - Setting next_dagrun for tutorial_dag to None, run_after=None
[2022-11-20T17:23:09.932+0000] {processor.py:176} INFO - Processing /home/airflow/.local/lib/python3.7/site-packages/airflow/example_dags/tutorial_dag.py took 0.058 seconds
[2022-11-20T17:23:40.868+0000] {processor.py:154} INFO - Started process (PID=2739) to work on /home/airflow/.local/lib/python3.7/site-packages/airflow/example_dags/tutorial_dag.py
[2022-11-20T17:23:40.869+0000] {processor.py:756} INFO - Processing file /home/airflow/.local/lib/python3.7/site-packages/airflow/example_dags/tutorial_dag.py for tasks to queue
[2022-11-20T17:23:40.870+0000] {logging_mixin.py:120} INFO - [2022-11-20T17:23:40.870+0000] {dagbag.py:537} INFO - Filling up the DagBag from /home/airflow/.local/lib/python3.7/site-packages/airflow/example_dags/tutorial_dag.py
[2022-11-20T17:23:40.886+0000] {processor.py:766} INFO - DAG(s) dict_keys(['tutorial_dag']) retrieved from /home/airflow/.local/lib/python3.7/site-packages/airflow/example_dags/tutorial_dag.py
[2022-11-20T17:23:40.911+0000] {logging_mixin.py:120} INFO - [2022-11-20T17:23:40.911+0000] {dag.py:2585} INFO - Sync 1 DAGs
[2022-11-20T17:23:40.924+0000] {logging_mixin.py:120} INFO - [2022-11-20T17:23:40.924+0000] {dag.py:3340} INFO - Setting next_dagrun for tutorial_dag to None, run_after=None
[2022-11-20T17:23:40.934+0000] {processor.py:176} INFO - Processing /home/airflow/.local/lib/python3.7/site-packages/airflow/example_dags/tutorial_dag.py took 0.070 seconds
[2022-11-20T17:24:11.002+0000] {processor.py:154} INFO - Started process (PID=2808) to work on /home/airflow/.local/lib/python3.7/site-packages/airflow/example_dags/tutorial_dag.py
[2022-11-20T17:24:11.003+0000] {processor.py:756} INFO - Processing file /home/airflow/.local/lib/python3.7/site-packages/airflow/example_dags/tutorial_dag.py for tasks to queue
[2022-11-20T17:24:11.004+0000] {logging_mixin.py:120} INFO - [2022-11-20T17:24:11.004+0000] {dagbag.py:537} INFO - Filling up the DagBag from /home/airflow/.local/lib/python3.7/site-packages/airflow/example_dags/tutorial_dag.py
[2022-11-20T17:24:11.019+0000] {processor.py:766} INFO - DAG(s) dict_keys(['tutorial_dag']) retrieved from /home/airflow/.local/lib/python3.7/site-packages/airflow/example_dags/tutorial_dag.py
[2022-11-20T17:24:11.046+0000] {logging_mixin.py:120} INFO - [2022-11-20T17:24:11.046+0000] {dag.py:2585} INFO - Sync 1 DAGs
[2022-11-20T17:24:11.059+0000] {logging_mixin.py:120} INFO - [2022-11-20T17:24:11.059+0000] {dag.py:3340} INFO - Setting next_dagrun for tutorial_dag to None, run_after=None
[2022-11-20T17:24:11.069+0000] {processor.py:176} INFO - Processing /home/airflow/.local/lib/python3.7/site-packages/airflow/example_dags/tutorial_dag.py took 0.072 seconds
[2022-11-20T17:24:41.960+0000] {processor.py:154} INFO - Started process (PID=2878) to work on /home/airflow/.local/lib/python3.7/site-packages/airflow/example_dags/tutorial_dag.py
[2022-11-20T17:24:41.960+0000] {processor.py:756} INFO - Processing file /home/airflow/.local/lib/python3.7/site-packages/airflow/example_dags/tutorial_dag.py for tasks to queue
[2022-11-20T17:24:41.961+0000] {logging_mixin.py:120} INFO - [2022-11-20T17:24:41.961+0000] {dagbag.py:537} INFO - Filling up the DagBag from /home/airflow/.local/lib/python3.7/site-packages/airflow/example_dags/tutorial_dag.py
[2022-11-20T17:24:41.968+0000] {processor.py:766} INFO - DAG(s) dict_keys(['tutorial_dag']) retrieved from /home/airflow/.local/lib/python3.7/site-packages/airflow/example_dags/tutorial_dag.py
[2022-11-20T17:24:41.989+0000] {logging_mixin.py:120} INFO - [2022-11-20T17:24:41.989+0000] {dag.py:2585} INFO - Sync 1 DAGs
[2022-11-20T17:24:42.000+0000] {logging_mixin.py:120} INFO - [2022-11-20T17:24:42.000+0000] {dag.py:3340} INFO - Setting next_dagrun for tutorial_dag to None, run_after=None
[2022-11-20T17:24:42.009+0000] {processor.py:176} INFO - Processing /home/airflow/.local/lib/python3.7/site-packages/airflow/example_dags/tutorial_dag.py took 0.051 seconds
[2022-11-20T17:25:12.805+0000] {processor.py:154} INFO - Started process (PID=2937) to work on /home/airflow/.local/lib/python3.7/site-packages/airflow/example_dags/tutorial_dag.py
[2022-11-20T17:25:12.806+0000] {processor.py:756} INFO - Processing file /home/airflow/.local/lib/python3.7/site-packages/airflow/example_dags/tutorial_dag.py for tasks to queue
[2022-11-20T17:25:12.808+0000] {logging_mixin.py:120} INFO - [2022-11-20T17:25:12.807+0000] {dagbag.py:537} INFO - Filling up the DagBag from /home/airflow/.local/lib/python3.7/site-packages/airflow/example_dags/tutorial_dag.py
[2022-11-20T17:25:12.816+0000] {processor.py:766} INFO - DAG(s) dict_keys(['tutorial_dag']) retrieved from /home/airflow/.local/lib/python3.7/site-packages/airflow/example_dags/tutorial_dag.py
[2022-11-20T17:25:12.840+0000] {logging_mixin.py:120} INFO - [2022-11-20T17:25:12.839+0000] {dag.py:2585} INFO - Sync 1 DAGs
[2022-11-20T17:25:12.854+0000] {logging_mixin.py:120} INFO - [2022-11-20T17:25:12.853+0000] {dag.py:3340} INFO - Setting next_dagrun for tutorial_dag to None, run_after=None
[2022-11-20T17:25:12.863+0000] {processor.py:176} INFO - Processing /home/airflow/.local/lib/python3.7/site-packages/airflow/example_dags/tutorial_dag.py took 0.060 seconds
[2022-11-20T17:25:42.890+0000] {processor.py:154} INFO - Started process (PID=3009) to work on /home/airflow/.local/lib/python3.7/site-packages/airflow/example_dags/tutorial_dag.py
[2022-11-20T17:25:42.891+0000] {processor.py:756} INFO - Processing file /home/airflow/.local/lib/python3.7/site-packages/airflow/example_dags/tutorial_dag.py for tasks to queue
[2022-11-20T17:25:42.892+0000] {logging_mixin.py:120} INFO - [2022-11-20T17:25:42.892+0000] {dagbag.py:537} INFO - Filling up the DagBag from /home/airflow/.local/lib/python3.7/site-packages/airflow/example_dags/tutorial_dag.py
[2022-11-20T17:25:42.901+0000] {processor.py:766} INFO - DAG(s) dict_keys(['tutorial_dag']) retrieved from /home/airflow/.local/lib/python3.7/site-packages/airflow/example_dags/tutorial_dag.py
[2022-11-20T17:25:42.977+0000] {logging_mixin.py:120} INFO - [2022-11-20T17:25:42.977+0000] {dag.py:2585} INFO - Sync 1 DAGs
[2022-11-20T17:25:43.004+0000] {logging_mixin.py:120} INFO - [2022-11-20T17:25:43.004+0000] {dag.py:3340} INFO - Setting next_dagrun for tutorial_dag to None, run_after=None
[2022-11-20T17:25:43.018+0000] {processor.py:176} INFO - Processing /home/airflow/.local/lib/python3.7/site-packages/airflow/example_dags/tutorial_dag.py took 0.130 seconds
[2022-11-20T17:26:13.139+0000] {processor.py:154} INFO - Started process (PID=3075) to work on /home/airflow/.local/lib/python3.7/site-packages/airflow/example_dags/tutorial_dag.py
[2022-11-20T17:26:13.139+0000] {processor.py:756} INFO - Processing file /home/airflow/.local/lib/python3.7/site-packages/airflow/example_dags/tutorial_dag.py for tasks to queue
[2022-11-20T17:26:13.140+0000] {logging_mixin.py:120} INFO - [2022-11-20T17:26:13.140+0000] {dagbag.py:537} INFO - Filling up the DagBag from /home/airflow/.local/lib/python3.7/site-packages/airflow/example_dags/tutorial_dag.py
[2022-11-20T17:26:13.147+0000] {processor.py:766} INFO - DAG(s) dict_keys(['tutorial_dag']) retrieved from /home/airflow/.local/lib/python3.7/site-packages/airflow/example_dags/tutorial_dag.py
[2022-11-20T17:26:13.167+0000] {logging_mixin.py:120} INFO - [2022-11-20T17:26:13.167+0000] {dag.py:2585} INFO - Sync 1 DAGs
[2022-11-20T17:26:13.178+0000] {logging_mixin.py:120} INFO - [2022-11-20T17:26:13.178+0000] {dag.py:3340} INFO - Setting next_dagrun for tutorial_dag to None, run_after=None
[2022-11-20T17:26:13.187+0000] {processor.py:176} INFO - Processing /home/airflow/.local/lib/python3.7/site-packages/airflow/example_dags/tutorial_dag.py took 0.050 seconds
[2022-11-20T17:26:43.336+0000] {processor.py:154} INFO - Started process (PID=3142) to work on /home/airflow/.local/lib/python3.7/site-packages/airflow/example_dags/tutorial_dag.py
[2022-11-20T17:26:43.336+0000] {processor.py:756} INFO - Processing file /home/airflow/.local/lib/python3.7/site-packages/airflow/example_dags/tutorial_dag.py for tasks to queue
[2022-11-20T17:26:43.337+0000] {logging_mixin.py:120} INFO - [2022-11-20T17:26:43.337+0000] {dagbag.py:537} INFO - Filling up the DagBag from /home/airflow/.local/lib/python3.7/site-packages/airflow/example_dags/tutorial_dag.py
[2022-11-20T17:26:43.345+0000] {processor.py:766} INFO - DAG(s) dict_keys(['tutorial_dag']) retrieved from /home/airflow/.local/lib/python3.7/site-packages/airflow/example_dags/tutorial_dag.py
[2022-11-20T17:26:43.365+0000] {logging_mixin.py:120} INFO - [2022-11-20T17:26:43.365+0000] {dag.py:2585} INFO - Sync 1 DAGs
[2022-11-20T17:26:43.378+0000] {logging_mixin.py:120} INFO - [2022-11-20T17:26:43.377+0000] {dag.py:3340} INFO - Setting next_dagrun for tutorial_dag to None, run_after=None
[2022-11-20T17:26:43.389+0000] {processor.py:176} INFO - Processing /home/airflow/.local/lib/python3.7/site-packages/airflow/example_dags/tutorial_dag.py took 0.056 seconds
[2022-11-20T17:27:13.675+0000] {processor.py:154} INFO - Started process (PID=3210) to work on /home/airflow/.local/lib/python3.7/site-packages/airflow/example_dags/tutorial_dag.py
[2022-11-20T17:27:13.675+0000] {processor.py:756} INFO - Processing file /home/airflow/.local/lib/python3.7/site-packages/airflow/example_dags/tutorial_dag.py for tasks to queue
[2022-11-20T17:27:13.676+0000] {logging_mixin.py:120} INFO - [2022-11-20T17:27:13.676+0000] {dagbag.py:537} INFO - Filling up the DagBag from /home/airflow/.local/lib/python3.7/site-packages/airflow/example_dags/tutorial_dag.py
[2022-11-20T17:27:13.684+0000] {processor.py:766} INFO - DAG(s) dict_keys(['tutorial_dag']) retrieved from /home/airflow/.local/lib/python3.7/site-packages/airflow/example_dags/tutorial_dag.py
[2022-11-20T17:27:13.707+0000] {logging_mixin.py:120} INFO - [2022-11-20T17:27:13.706+0000] {dag.py:2585} INFO - Sync 1 DAGs
[2022-11-20T17:27:13.720+0000] {logging_mixin.py:120} INFO - [2022-11-20T17:27:13.720+0000] {dag.py:3340} INFO - Setting next_dagrun for tutorial_dag to None, run_after=None
[2022-11-20T17:27:13.731+0000] {processor.py:176} INFO - Processing /home/airflow/.local/lib/python3.7/site-packages/airflow/example_dags/tutorial_dag.py took 0.058 seconds
[2022-11-20T17:27:44.604+0000] {processor.py:154} INFO - Started process (PID=3280) to work on /home/airflow/.local/lib/python3.7/site-packages/airflow/example_dags/tutorial_dag.py
[2022-11-20T17:27:44.604+0000] {processor.py:756} INFO - Processing file /home/airflow/.local/lib/python3.7/site-packages/airflow/example_dags/tutorial_dag.py for tasks to queue
[2022-11-20T17:27:44.605+0000] {logging_mixin.py:120} INFO - [2022-11-20T17:27:44.605+0000] {dagbag.py:537} INFO - Filling up the DagBag from /home/airflow/.local/lib/python3.7/site-packages/airflow/example_dags/tutorial_dag.py
[2022-11-20T17:27:44.611+0000] {processor.py:766} INFO - DAG(s) dict_keys(['tutorial_dag']) retrieved from /home/airflow/.local/lib/python3.7/site-packages/airflow/example_dags/tutorial_dag.py
[2022-11-20T17:27:44.636+0000] {logging_mixin.py:120} INFO - [2022-11-20T17:27:44.636+0000] {dag.py:2585} INFO - Sync 1 DAGs
[2022-11-20T17:27:44.649+0000] {logging_mixin.py:120} INFO - [2022-11-20T17:27:44.649+0000] {dag.py:3340} INFO - Setting next_dagrun for tutorial_dag to None, run_after=None
[2022-11-20T17:27:44.659+0000] {processor.py:176} INFO - Processing /home/airflow/.local/lib/python3.7/site-packages/airflow/example_dags/tutorial_dag.py took 0.057 seconds
[2022-11-20T17:28:15.420+0000] {processor.py:154} INFO - Started process (PID=3341) to work on /home/airflow/.local/lib/python3.7/site-packages/airflow/example_dags/tutorial_dag.py
[2022-11-20T17:28:15.420+0000] {processor.py:756} INFO - Processing file /home/airflow/.local/lib/python3.7/site-packages/airflow/example_dags/tutorial_dag.py for tasks to queue
[2022-11-20T17:28:15.421+0000] {logging_mixin.py:120} INFO - [2022-11-20T17:28:15.421+0000] {dagbag.py:537} INFO - Filling up the DagBag from /home/airflow/.local/lib/python3.7/site-packages/airflow/example_dags/tutorial_dag.py
[2022-11-20T17:28:15.428+0000] {processor.py:766} INFO - DAG(s) dict_keys(['tutorial_dag']) retrieved from /home/airflow/.local/lib/python3.7/site-packages/airflow/example_dags/tutorial_dag.py
[2022-11-20T17:28:15.449+0000] {logging_mixin.py:120} INFO - [2022-11-20T17:28:15.449+0000] {dag.py:2585} INFO - Sync 1 DAGs
[2022-11-20T17:28:15.461+0000] {logging_mixin.py:120} INFO - [2022-11-20T17:28:15.461+0000] {dag.py:3340} INFO - Setting next_dagrun for tutorial_dag to None, run_after=None
[2022-11-20T17:28:15.472+0000] {processor.py:176} INFO - Processing /home/airflow/.local/lib/python3.7/site-packages/airflow/example_dags/tutorial_dag.py took 0.054 seconds
[2022-11-20T17:28:46.294+0000] {processor.py:154} INFO - Started process (PID=3410) to work on /home/airflow/.local/lib/python3.7/site-packages/airflow/example_dags/tutorial_dag.py
[2022-11-20T17:28:46.295+0000] {processor.py:756} INFO - Processing file /home/airflow/.local/lib/python3.7/site-packages/airflow/example_dags/tutorial_dag.py for tasks to queue
[2022-11-20T17:28:46.295+0000] {logging_mixin.py:120} INFO - [2022-11-20T17:28:46.295+0000] {dagbag.py:537} INFO - Filling up the DagBag from /home/airflow/.local/lib/python3.7/site-packages/airflow/example_dags/tutorial_dag.py
[2022-11-20T17:28:46.303+0000] {processor.py:766} INFO - DAG(s) dict_keys(['tutorial_dag']) retrieved from /home/airflow/.local/lib/python3.7/site-packages/airflow/example_dags/tutorial_dag.py
[2022-11-20T17:28:46.325+0000] {logging_mixin.py:120} INFO - [2022-11-20T17:28:46.325+0000] {dag.py:2585} INFO - Sync 1 DAGs
[2022-11-20T17:28:46.337+0000] {logging_mixin.py:120} INFO - [2022-11-20T17:28:46.337+0000] {dag.py:3340} INFO - Setting next_dagrun for tutorial_dag to None, run_after=None
[2022-11-20T17:28:46.348+0000] {processor.py:176} INFO - Processing /home/airflow/.local/lib/python3.7/site-packages/airflow/example_dags/tutorial_dag.py took 0.057 seconds
[2022-11-20T17:29:17.159+0000] {processor.py:154} INFO - Started process (PID=3478) to work on /home/airflow/.local/lib/python3.7/site-packages/airflow/example_dags/tutorial_dag.py
[2022-11-20T17:29:17.159+0000] {processor.py:756} INFO - Processing file /home/airflow/.local/lib/python3.7/site-packages/airflow/example_dags/tutorial_dag.py for tasks to queue
[2022-11-20T17:29:17.160+0000] {logging_mixin.py:120} INFO - [2022-11-20T17:29:17.160+0000] {dagbag.py:537} INFO - Filling up the DagBag from /home/airflow/.local/lib/python3.7/site-packages/airflow/example_dags/tutorial_dag.py
[2022-11-20T17:29:17.167+0000] {processor.py:766} INFO - DAG(s) dict_keys(['tutorial_dag']) retrieved from /home/airflow/.local/lib/python3.7/site-packages/airflow/example_dags/tutorial_dag.py
[2022-11-20T17:29:17.187+0000] {logging_mixin.py:120} INFO - [2022-11-20T17:29:17.187+0000] {dag.py:2585} INFO - Sync 1 DAGs
[2022-11-20T17:29:17.200+0000] {logging_mixin.py:120} INFO - [2022-11-20T17:29:17.200+0000] {dag.py:3340} INFO - Setting next_dagrun for tutorial_dag to None, run_after=None
[2022-11-20T17:29:17.210+0000] {processor.py:176} INFO - Processing /home/airflow/.local/lib/python3.7/site-packages/airflow/example_dags/tutorial_dag.py took 0.053 seconds
[2022-11-20T17:29:48.032+0000] {processor.py:154} INFO - Started process (PID=3544) to work on /home/airflow/.local/lib/python3.7/site-packages/airflow/example_dags/tutorial_dag.py
[2022-11-20T17:29:48.032+0000] {processor.py:756} INFO - Processing file /home/airflow/.local/lib/python3.7/site-packages/airflow/example_dags/tutorial_dag.py for tasks to queue
[2022-11-20T17:29:48.033+0000] {logging_mixin.py:120} INFO - [2022-11-20T17:29:48.033+0000] {dagbag.py:537} INFO - Filling up the DagBag from /home/airflow/.local/lib/python3.7/site-packages/airflow/example_dags/tutorial_dag.py
[2022-11-20T17:29:48.039+0000] {processor.py:766} INFO - DAG(s) dict_keys(['tutorial_dag']) retrieved from /home/airflow/.local/lib/python3.7/site-packages/airflow/example_dags/tutorial_dag.py
[2022-11-20T17:29:48.061+0000] {logging_mixin.py:120} INFO - [2022-11-20T17:29:48.061+0000] {dag.py:2585} INFO - Sync 1 DAGs
[2022-11-20T17:29:48.073+0000] {logging_mixin.py:120} INFO - [2022-11-20T17:29:48.073+0000] {dag.py:3340} INFO - Setting next_dagrun for tutorial_dag to None, run_after=None
[2022-11-20T17:29:48.082+0000] {processor.py:176} INFO - Processing /home/airflow/.local/lib/python3.7/site-packages/airflow/example_dags/tutorial_dag.py took 0.053 seconds
[2022-11-20T17:30:18.896+0000] {processor.py:154} INFO - Started process (PID=3616) to work on /home/airflow/.local/lib/python3.7/site-packages/airflow/example_dags/tutorial_dag.py
[2022-11-20T17:30:18.896+0000] {processor.py:756} INFO - Processing file /home/airflow/.local/lib/python3.7/site-packages/airflow/example_dags/tutorial_dag.py for tasks to queue
[2022-11-20T17:30:18.896+0000] {logging_mixin.py:120} INFO - [2022-11-20T17:30:18.896+0000] {dagbag.py:537} INFO - Filling up the DagBag from /home/airflow/.local/lib/python3.7/site-packages/airflow/example_dags/tutorial_dag.py
[2022-11-20T17:30:18.903+0000] {processor.py:766} INFO - DAG(s) dict_keys(['tutorial_dag']) retrieved from /home/airflow/.local/lib/python3.7/site-packages/airflow/example_dags/tutorial_dag.py
[2022-11-20T17:30:18.924+0000] {logging_mixin.py:120} INFO - [2022-11-20T17:30:18.924+0000] {dag.py:2585} INFO - Sync 1 DAGs
[2022-11-20T17:30:18.936+0000] {logging_mixin.py:120} INFO - [2022-11-20T17:30:18.936+0000] {dag.py:3340} INFO - Setting next_dagrun for tutorial_dag to None, run_after=None
[2022-11-20T17:30:18.947+0000] {processor.py:176} INFO - Processing /home/airflow/.local/lib/python3.7/site-packages/airflow/example_dags/tutorial_dag.py took 0.053 seconds
[2022-11-20T17:30:49.877+0000] {processor.py:154} INFO - Started process (PID=3684) to work on /home/airflow/.local/lib/python3.7/site-packages/airflow/example_dags/tutorial_dag.py
[2022-11-20T17:30:49.878+0000] {processor.py:756} INFO - Processing file /home/airflow/.local/lib/python3.7/site-packages/airflow/example_dags/tutorial_dag.py for tasks to queue
[2022-11-20T17:30:49.878+0000] {logging_mixin.py:120} INFO - [2022-11-20T17:30:49.878+0000] {dagbag.py:537} INFO - Filling up the DagBag from /home/airflow/.local/lib/python3.7/site-packages/airflow/example_dags/tutorial_dag.py
[2022-11-20T17:30:49.886+0000] {processor.py:766} INFO - DAG(s) dict_keys(['tutorial_dag']) retrieved from /home/airflow/.local/lib/python3.7/site-packages/airflow/example_dags/tutorial_dag.py
[2022-11-20T17:30:49.906+0000] {logging_mixin.py:120} INFO - [2022-11-20T17:30:49.906+0000] {dag.py:2585} INFO - Sync 1 DAGs
[2022-11-20T17:30:49.918+0000] {logging_mixin.py:120} INFO - [2022-11-20T17:30:49.918+0000] {dag.py:3340} INFO - Setting next_dagrun for tutorial_dag to None, run_after=None
[2022-11-20T17:30:49.928+0000] {processor.py:176} INFO - Processing /home/airflow/.local/lib/python3.7/site-packages/airflow/example_dags/tutorial_dag.py took 0.052 seconds
[2022-11-20T17:31:20.810+0000] {processor.py:154} INFO - Started process (PID=3753) to work on /home/airflow/.local/lib/python3.7/site-packages/airflow/example_dags/tutorial_dag.py
[2022-11-20T17:31:20.811+0000] {processor.py:756} INFO - Processing file /home/airflow/.local/lib/python3.7/site-packages/airflow/example_dags/tutorial_dag.py for tasks to queue
[2022-11-20T17:31:20.811+0000] {logging_mixin.py:120} INFO - [2022-11-20T17:31:20.811+0000] {dagbag.py:537} INFO - Filling up the DagBag from /home/airflow/.local/lib/python3.7/site-packages/airflow/example_dags/tutorial_dag.py
[2022-11-20T17:31:20.819+0000] {processor.py:766} INFO - DAG(s) dict_keys(['tutorial_dag']) retrieved from /home/airflow/.local/lib/python3.7/site-packages/airflow/example_dags/tutorial_dag.py
[2022-11-20T17:31:20.843+0000] {logging_mixin.py:120} INFO - [2022-11-20T17:31:20.843+0000] {dag.py:2585} INFO - Sync 1 DAGs
[2022-11-20T17:31:20.857+0000] {logging_mixin.py:120} INFO - [2022-11-20T17:31:20.857+0000] {dag.py:3340} INFO - Setting next_dagrun for tutorial_dag to None, run_after=None
[2022-11-20T17:31:20.867+0000] {processor.py:176} INFO - Processing /home/airflow/.local/lib/python3.7/site-packages/airflow/example_dags/tutorial_dag.py took 0.059 seconds
[2022-11-20T17:31:51.804+0000] {processor.py:154} INFO - Started process (PID=3821) to work on /home/airflow/.local/lib/python3.7/site-packages/airflow/example_dags/tutorial_dag.py
[2022-11-20T17:31:51.805+0000] {processor.py:756} INFO - Processing file /home/airflow/.local/lib/python3.7/site-packages/airflow/example_dags/tutorial_dag.py for tasks to queue
[2022-11-20T17:31:51.805+0000] {logging_mixin.py:120} INFO - [2022-11-20T17:31:51.805+0000] {dagbag.py:537} INFO - Filling up the DagBag from /home/airflow/.local/lib/python3.7/site-packages/airflow/example_dags/tutorial_dag.py
[2022-11-20T17:31:51.812+0000] {processor.py:766} INFO - DAG(s) dict_keys(['tutorial_dag']) retrieved from /home/airflow/.local/lib/python3.7/site-packages/airflow/example_dags/tutorial_dag.py
[2022-11-20T17:31:51.832+0000] {logging_mixin.py:120} INFO - [2022-11-20T17:31:51.832+0000] {dag.py:2585} INFO - Sync 1 DAGs
[2022-11-20T17:31:51.844+0000] {logging_mixin.py:120} INFO - [2022-11-20T17:31:51.844+0000] {dag.py:3340} INFO - Setting next_dagrun for tutorial_dag to None, run_after=None
[2022-11-20T17:31:51.854+0000] {processor.py:176} INFO - Processing /home/airflow/.local/lib/python3.7/site-packages/airflow/example_dags/tutorial_dag.py took 0.052 seconds
[2022-11-20T17:32:22.779+0000] {processor.py:154} INFO - Started process (PID=3881) to work on /home/airflow/.local/lib/python3.7/site-packages/airflow/example_dags/tutorial_dag.py
[2022-11-20T17:32:22.780+0000] {processor.py:756} INFO - Processing file /home/airflow/.local/lib/python3.7/site-packages/airflow/example_dags/tutorial_dag.py for tasks to queue
[2022-11-20T17:32:22.781+0000] {logging_mixin.py:120} INFO - [2022-11-20T17:32:22.781+0000] {dagbag.py:537} INFO - Filling up the DagBag from /home/airflow/.local/lib/python3.7/site-packages/airflow/example_dags/tutorial_dag.py
[2022-11-20T17:32:22.791+0000] {processor.py:766} INFO - DAG(s) dict_keys(['tutorial_dag']) retrieved from /home/airflow/.local/lib/python3.7/site-packages/airflow/example_dags/tutorial_dag.py
[2022-11-20T17:32:22.819+0000] {logging_mixin.py:120} INFO - [2022-11-20T17:32:22.819+0000] {dag.py:2585} INFO - Sync 1 DAGs
[2022-11-20T17:32:22.841+0000] {logging_mixin.py:120} INFO - [2022-11-20T17:32:22.841+0000] {dag.py:3340} INFO - Setting next_dagrun for tutorial_dag to None, run_after=None
[2022-11-20T17:32:22.858+0000] {processor.py:176} INFO - Processing /home/airflow/.local/lib/python3.7/site-packages/airflow/example_dags/tutorial_dag.py took 0.081 seconds
[2022-11-20T17:32:52.942+0000] {processor.py:154} INFO - Started process (PID=3946) to work on /home/airflow/.local/lib/python3.7/site-packages/airflow/example_dags/tutorial_dag.py
[2022-11-20T17:32:52.943+0000] {processor.py:756} INFO - Processing file /home/airflow/.local/lib/python3.7/site-packages/airflow/example_dags/tutorial_dag.py for tasks to queue
[2022-11-20T17:32:52.943+0000] {logging_mixin.py:120} INFO - [2022-11-20T17:32:52.943+0000] {dagbag.py:537} INFO - Filling up the DagBag from /home/airflow/.local/lib/python3.7/site-packages/airflow/example_dags/tutorial_dag.py
[2022-11-20T17:32:52.950+0000] {processor.py:766} INFO - DAG(s) dict_keys(['tutorial_dag']) retrieved from /home/airflow/.local/lib/python3.7/site-packages/airflow/example_dags/tutorial_dag.py
[2022-11-20T17:32:52.971+0000] {logging_mixin.py:120} INFO - [2022-11-20T17:32:52.971+0000] {dag.py:2585} INFO - Sync 1 DAGs
[2022-11-20T17:32:52.983+0000] {logging_mixin.py:120} INFO - [2022-11-20T17:32:52.983+0000] {dag.py:3340} INFO - Setting next_dagrun for tutorial_dag to None, run_after=None
[2022-11-20T17:32:52.993+0000] {processor.py:176} INFO - Processing /home/airflow/.local/lib/python3.7/site-packages/airflow/example_dags/tutorial_dag.py took 0.053 seconds
[2022-11-20T17:33:23.164+0000] {processor.py:154} INFO - Started process (PID=4013) to work on /home/airflow/.local/lib/python3.7/site-packages/airflow/example_dags/tutorial_dag.py
[2022-11-20T17:33:23.165+0000] {processor.py:756} INFO - Processing file /home/airflow/.local/lib/python3.7/site-packages/airflow/example_dags/tutorial_dag.py for tasks to queue
[2022-11-20T17:33:23.165+0000] {logging_mixin.py:120} INFO - [2022-11-20T17:33:23.165+0000] {dagbag.py:537} INFO - Filling up the DagBag from /home/airflow/.local/lib/python3.7/site-packages/airflow/example_dags/tutorial_dag.py
[2022-11-20T17:33:23.172+0000] {processor.py:766} INFO - DAG(s) dict_keys(['tutorial_dag']) retrieved from /home/airflow/.local/lib/python3.7/site-packages/airflow/example_dags/tutorial_dag.py
[2022-11-20T17:33:23.192+0000] {logging_mixin.py:120} INFO - [2022-11-20T17:33:23.192+0000] {dag.py:2585} INFO - Sync 1 DAGs
[2022-11-20T17:33:23.204+0000] {logging_mixin.py:120} INFO - [2022-11-20T17:33:23.204+0000] {dag.py:3340} INFO - Setting next_dagrun for tutorial_dag to None, run_after=None
[2022-11-20T17:33:23.214+0000] {processor.py:176} INFO - Processing /home/airflow/.local/lib/python3.7/site-packages/airflow/example_dags/tutorial_dag.py took 0.051 seconds
[2022-11-20T17:33:54.134+0000] {processor.py:154} INFO - Started process (PID=4078) to work on /home/airflow/.local/lib/python3.7/site-packages/airflow/example_dags/tutorial_dag.py
[2022-11-20T17:33:54.135+0000] {processor.py:756} INFO - Processing file /home/airflow/.local/lib/python3.7/site-packages/airflow/example_dags/tutorial_dag.py for tasks to queue
[2022-11-20T17:33:54.135+0000] {logging_mixin.py:120} INFO - [2022-11-20T17:33:54.135+0000] {dagbag.py:537} INFO - Filling up the DagBag from /home/airflow/.local/lib/python3.7/site-packages/airflow/example_dags/tutorial_dag.py
[2022-11-20T17:33:54.142+0000] {processor.py:766} INFO - DAG(s) dict_keys(['tutorial_dag']) retrieved from /home/airflow/.local/lib/python3.7/site-packages/airflow/example_dags/tutorial_dag.py
[2022-11-20T17:33:54.162+0000] {logging_mixin.py:120} INFO - [2022-11-20T17:33:54.162+0000] {dag.py:2585} INFO - Sync 1 DAGs
[2022-11-20T17:33:54.173+0000] {logging_mixin.py:120} INFO - [2022-11-20T17:33:54.173+0000] {dag.py:3340} INFO - Setting next_dagrun for tutorial_dag to None, run_after=None
[2022-11-20T17:33:54.182+0000] {processor.py:176} INFO - Processing /home/airflow/.local/lib/python3.7/site-packages/airflow/example_dags/tutorial_dag.py took 0.050 seconds
[2022-11-20T17:34:25.109+0000] {processor.py:154} INFO - Started process (PID=4144) to work on /home/airflow/.local/lib/python3.7/site-packages/airflow/example_dags/tutorial_dag.py
[2022-11-20T17:34:25.109+0000] {processor.py:756} INFO - Processing file /home/airflow/.local/lib/python3.7/site-packages/airflow/example_dags/tutorial_dag.py for tasks to queue
[2022-11-20T17:34:25.110+0000] {logging_mixin.py:120} INFO - [2022-11-20T17:34:25.110+0000] {dagbag.py:537} INFO - Filling up the DagBag from /home/airflow/.local/lib/python3.7/site-packages/airflow/example_dags/tutorial_dag.py
[2022-11-20T17:34:25.117+0000] {processor.py:766} INFO - DAG(s) dict_keys(['tutorial_dag']) retrieved from /home/airflow/.local/lib/python3.7/site-packages/airflow/example_dags/tutorial_dag.py
[2022-11-20T17:34:25.138+0000] {logging_mixin.py:120} INFO - [2022-11-20T17:34:25.138+0000] {dag.py:2585} INFO - Sync 1 DAGs
[2022-11-20T17:34:25.150+0000] {logging_mixin.py:120} INFO - [2022-11-20T17:34:25.150+0000] {dag.py:3340} INFO - Setting next_dagrun for tutorial_dag to None, run_after=None
[2022-11-20T17:34:25.160+0000] {processor.py:176} INFO - Processing /home/airflow/.local/lib/python3.7/site-packages/airflow/example_dags/tutorial_dag.py took 0.053 seconds
[2022-11-20T17:34:56.128+0000] {processor.py:154} INFO - Started process (PID=4214) to work on /home/airflow/.local/lib/python3.7/site-packages/airflow/example_dags/tutorial_dag.py
[2022-11-20T17:34:56.129+0000] {processor.py:756} INFO - Processing file /home/airflow/.local/lib/python3.7/site-packages/airflow/example_dags/tutorial_dag.py for tasks to queue
[2022-11-20T17:34:56.130+0000] {logging_mixin.py:120} INFO - [2022-11-20T17:34:56.130+0000] {dagbag.py:537} INFO - Filling up the DagBag from /home/airflow/.local/lib/python3.7/site-packages/airflow/example_dags/tutorial_dag.py
[2022-11-20T17:34:56.139+0000] {processor.py:766} INFO - DAG(s) dict_keys(['tutorial_dag']) retrieved from /home/airflow/.local/lib/python3.7/site-packages/airflow/example_dags/tutorial_dag.py
[2022-11-20T17:34:56.162+0000] {logging_mixin.py:120} INFO - [2022-11-20T17:34:56.161+0000] {dag.py:2585} INFO - Sync 1 DAGs
[2022-11-20T17:34:56.175+0000] {logging_mixin.py:120} INFO - [2022-11-20T17:34:56.175+0000] {dag.py:3340} INFO - Setting next_dagrun for tutorial_dag to None, run_after=None
[2022-11-20T17:34:56.187+0000] {processor.py:176} INFO - Processing /home/airflow/.local/lib/python3.7/site-packages/airflow/example_dags/tutorial_dag.py took 0.062 seconds
[2022-11-20T17:35:26.987+0000] {processor.py:154} INFO - Started process (PID=4281) to work on /home/airflow/.local/lib/python3.7/site-packages/airflow/example_dags/tutorial_dag.py
[2022-11-20T17:35:26.988+0000] {processor.py:756} INFO - Processing file /home/airflow/.local/lib/python3.7/site-packages/airflow/example_dags/tutorial_dag.py for tasks to queue
[2022-11-20T17:35:26.988+0000] {logging_mixin.py:120} INFO - [2022-11-20T17:35:26.988+0000] {dagbag.py:537} INFO - Filling up the DagBag from /home/airflow/.local/lib/python3.7/site-packages/airflow/example_dags/tutorial_dag.py
[2022-11-20T17:35:26.996+0000] {processor.py:766} INFO - DAG(s) dict_keys(['tutorial_dag']) retrieved from /home/airflow/.local/lib/python3.7/site-packages/airflow/example_dags/tutorial_dag.py
[2022-11-20T17:35:27.016+0000] {logging_mixin.py:120} INFO - [2022-11-20T17:35:27.016+0000] {dag.py:2585} INFO - Sync 1 DAGs
[2022-11-20T17:35:27.028+0000] {logging_mixin.py:120} INFO - [2022-11-20T17:35:27.028+0000] {dag.py:3340} INFO - Setting next_dagrun for tutorial_dag to None, run_after=None
[2022-11-20T17:35:27.038+0000] {processor.py:176} INFO - Processing /home/airflow/.local/lib/python3.7/site-packages/airflow/example_dags/tutorial_dag.py took 0.052 seconds
