[2022-11-20T12:59:12.424+0000] {processor.py:154} INFO - Started process (PID=69) to work on /home/airflow/.local/lib/python3.7/site-packages/airflow/example_dags/tutorial.py
[2022-11-20T12:59:12.427+0000] {processor.py:756} INFO - Processing file /home/airflow/.local/lib/python3.7/site-packages/airflow/example_dags/tutorial.py for tasks to queue
[2022-11-20T12:59:12.428+0000] {logging_mixin.py:120} INFO - [2022-11-20T12:59:12.428+0000] {dagbag.py:537} INFO - Filling up the DagBag from /home/airflow/.local/lib/python3.7/site-packages/airflow/example_dags/tutorial.py
[2022-11-20T12:59:12.467+0000] {processor.py:766} INFO - DAG(s) dict_keys(['tutorial']) retrieved from /home/airflow/.local/lib/python3.7/site-packages/airflow/example_dags/tutorial.py
[2022-11-20T12:59:12.547+0000] {logging_mixin.py:120} INFO - [2022-11-20T12:59:12.547+0000] {dag.py:2585} INFO - Sync 1 DAGs
[2022-11-20T12:59:12.603+0000] {logging_mixin.py:120} INFO - [2022-11-20T12:59:12.603+0000] {dag.py:3340} INFO - Setting next_dagrun for tutorial to 2022-11-19T12:59:12.603295+00:00, run_after=2022-11-20T12:59:12.603295+00:00
[2022-11-20T12:59:12.636+0000] {processor.py:176} INFO - Processing /home/airflow/.local/lib/python3.7/site-packages/airflow/example_dags/tutorial.py took 0.214 seconds
[2022-11-20T12:59:42.838+0000] {processor.py:154} INFO - Started process (PID=144) to work on /home/airflow/.local/lib/python3.7/site-packages/airflow/example_dags/tutorial.py
[2022-11-20T12:59:42.839+0000] {processor.py:756} INFO - Processing file /home/airflow/.local/lib/python3.7/site-packages/airflow/example_dags/tutorial.py for tasks to queue
[2022-11-20T12:59:42.839+0000] {logging_mixin.py:120} INFO - [2022-11-20T12:59:42.839+0000] {dagbag.py:537} INFO - Filling up the DagBag from /home/airflow/.local/lib/python3.7/site-packages/airflow/example_dags/tutorial.py
[2022-11-20T12:59:42.847+0000] {processor.py:766} INFO - DAG(s) dict_keys(['tutorial']) retrieved from /home/airflow/.local/lib/python3.7/site-packages/airflow/example_dags/tutorial.py
[2022-11-20T12:59:42.874+0000] {logging_mixin.py:120} INFO - [2022-11-20T12:59:42.874+0000] {dag.py:2585} INFO - Sync 1 DAGs
[2022-11-20T12:59:42.890+0000] {logging_mixin.py:120} INFO - [2022-11-20T12:59:42.890+0000] {dag.py:3340} INFO - Setting next_dagrun for tutorial to 2022-11-19T12:59:42.890282+00:00, run_after=2022-11-20T12:59:42.890282+00:00
[2022-11-20T12:59:42.901+0000] {processor.py:176} INFO - Processing /home/airflow/.local/lib/python3.7/site-packages/airflow/example_dags/tutorial.py took 0.064 seconds
[2022-11-20T13:00:13.622+0000] {processor.py:154} INFO - Started process (PID=212) to work on /home/airflow/.local/lib/python3.7/site-packages/airflow/example_dags/tutorial.py
[2022-11-20T13:00:13.623+0000] {processor.py:756} INFO - Processing file /home/airflow/.local/lib/python3.7/site-packages/airflow/example_dags/tutorial.py for tasks to queue
[2022-11-20T13:00:13.624+0000] {logging_mixin.py:120} INFO - [2022-11-20T13:00:13.624+0000] {dagbag.py:537} INFO - Filling up the DagBag from /home/airflow/.local/lib/python3.7/site-packages/airflow/example_dags/tutorial.py
[2022-11-20T13:00:13.632+0000] {processor.py:766} INFO - DAG(s) dict_keys(['tutorial']) retrieved from /home/airflow/.local/lib/python3.7/site-packages/airflow/example_dags/tutorial.py
[2022-11-20T13:00:13.654+0000] {logging_mixin.py:120} INFO - [2022-11-20T13:00:13.654+0000] {dag.py:2585} INFO - Sync 1 DAGs
[2022-11-20T13:00:13.666+0000] {logging_mixin.py:120} INFO - [2022-11-20T13:00:13.666+0000] {dag.py:3340} INFO - Setting next_dagrun for tutorial to 2022-11-19T13:00:13.666134+00:00, run_after=2022-11-20T13:00:13.666134+00:00
[2022-11-20T13:00:13.676+0000] {processor.py:176} INFO - Processing /home/airflow/.local/lib/python3.7/site-packages/airflow/example_dags/tutorial.py took 0.055 seconds
[2022-11-20T13:00:44.357+0000] {processor.py:154} INFO - Started process (PID=280) to work on /home/airflow/.local/lib/python3.7/site-packages/airflow/example_dags/tutorial.py
[2022-11-20T13:00:44.358+0000] {processor.py:756} INFO - Processing file /home/airflow/.local/lib/python3.7/site-packages/airflow/example_dags/tutorial.py for tasks to queue
[2022-11-20T13:00:44.360+0000] {logging_mixin.py:120} INFO - [2022-11-20T13:00:44.359+0000] {dagbag.py:537} INFO - Filling up the DagBag from /home/airflow/.local/lib/python3.7/site-packages/airflow/example_dags/tutorial.py
[2022-11-20T13:00:44.369+0000] {processor.py:766} INFO - DAG(s) dict_keys(['tutorial']) retrieved from /home/airflow/.local/lib/python3.7/site-packages/airflow/example_dags/tutorial.py
[2022-11-20T13:00:44.394+0000] {logging_mixin.py:120} INFO - [2022-11-20T13:00:44.394+0000] {dag.py:2585} INFO - Sync 1 DAGs
[2022-11-20T13:00:44.409+0000] {logging_mixin.py:120} INFO - [2022-11-20T13:00:44.409+0000] {dag.py:3340} INFO - Setting next_dagrun for tutorial to 2022-11-19T13:00:44.409389+00:00, run_after=2022-11-20T13:00:44.409389+00:00
[2022-11-20T13:00:44.421+0000] {processor.py:176} INFO - Processing /home/airflow/.local/lib/python3.7/site-packages/airflow/example_dags/tutorial.py took 0.065 seconds
[2022-11-20T13:01:15.412+0000] {processor.py:154} INFO - Started process (PID=348) to work on /home/airflow/.local/lib/python3.7/site-packages/airflow/example_dags/tutorial.py
[2022-11-20T13:01:15.413+0000] {processor.py:756} INFO - Processing file /home/airflow/.local/lib/python3.7/site-packages/airflow/example_dags/tutorial.py for tasks to queue
[2022-11-20T13:01:15.414+0000] {logging_mixin.py:120} INFO - [2022-11-20T13:01:15.414+0000] {dagbag.py:537} INFO - Filling up the DagBag from /home/airflow/.local/lib/python3.7/site-packages/airflow/example_dags/tutorial.py
[2022-11-20T13:01:15.423+0000] {processor.py:766} INFO - DAG(s) dict_keys(['tutorial']) retrieved from /home/airflow/.local/lib/python3.7/site-packages/airflow/example_dags/tutorial.py
[2022-11-20T13:01:15.448+0000] {logging_mixin.py:120} INFO - [2022-11-20T13:01:15.448+0000] {dag.py:2585} INFO - Sync 1 DAGs
[2022-11-20T13:01:15.471+0000] {logging_mixin.py:120} INFO - [2022-11-20T13:01:15.471+0000] {dag.py:3340} INFO - Setting next_dagrun for tutorial to 2022-11-19T13:01:15.471387+00:00, run_after=2022-11-20T13:01:15.471387+00:00
[2022-11-20T13:01:15.498+0000] {processor.py:176} INFO - Processing /home/airflow/.local/lib/python3.7/site-packages/airflow/example_dags/tutorial.py took 0.092 seconds
[2022-11-20T13:01:45.615+0000] {processor.py:154} INFO - Started process (PID=418) to work on /home/airflow/.local/lib/python3.7/site-packages/airflow/example_dags/tutorial.py
[2022-11-20T13:01:45.616+0000] {processor.py:756} INFO - Processing file /home/airflow/.local/lib/python3.7/site-packages/airflow/example_dags/tutorial.py for tasks to queue
[2022-11-20T13:01:45.616+0000] {logging_mixin.py:120} INFO - [2022-11-20T13:01:45.616+0000] {dagbag.py:537} INFO - Filling up the DagBag from /home/airflow/.local/lib/python3.7/site-packages/airflow/example_dags/tutorial.py
[2022-11-20T13:01:45.624+0000] {processor.py:766} INFO - DAG(s) dict_keys(['tutorial']) retrieved from /home/airflow/.local/lib/python3.7/site-packages/airflow/example_dags/tutorial.py
[2022-11-20T13:01:45.647+0000] {logging_mixin.py:120} INFO - [2022-11-20T13:01:45.647+0000] {dag.py:2585} INFO - Sync 1 DAGs
[2022-11-20T13:01:45.660+0000] {logging_mixin.py:120} INFO - [2022-11-20T13:01:45.660+0000] {dag.py:3340} INFO - Setting next_dagrun for tutorial to 2022-11-19T13:01:45.660135+00:00, run_after=2022-11-20T13:01:45.660135+00:00
[2022-11-20T13:01:45.669+0000] {processor.py:176} INFO - Processing /home/airflow/.local/lib/python3.7/site-packages/airflow/example_dags/tutorial.py took 0.057 seconds
[2022-11-20T13:02:16.478+0000] {processor.py:154} INFO - Started process (PID=473) to work on /home/airflow/.local/lib/python3.7/site-packages/airflow/example_dags/tutorial.py
[2022-11-20T13:02:16.478+0000] {processor.py:756} INFO - Processing file /home/airflow/.local/lib/python3.7/site-packages/airflow/example_dags/tutorial.py for tasks to queue
[2022-11-20T13:02:16.479+0000] {logging_mixin.py:120} INFO - [2022-11-20T13:02:16.479+0000] {dagbag.py:537} INFO - Filling up the DagBag from /home/airflow/.local/lib/python3.7/site-packages/airflow/example_dags/tutorial.py
[2022-11-20T13:02:16.486+0000] {processor.py:766} INFO - DAG(s) dict_keys(['tutorial']) retrieved from /home/airflow/.local/lib/python3.7/site-packages/airflow/example_dags/tutorial.py
[2022-11-20T13:02:16.507+0000] {logging_mixin.py:120} INFO - [2022-11-20T13:02:16.507+0000] {dag.py:2585} INFO - Sync 1 DAGs
[2022-11-20T13:02:16.519+0000] {logging_mixin.py:120} INFO - [2022-11-20T13:02:16.519+0000] {dag.py:3340} INFO - Setting next_dagrun for tutorial to 2022-11-19T13:02:16.519154+00:00, run_after=2022-11-20T13:02:16.519154+00:00
[2022-11-20T13:02:16.528+0000] {processor.py:176} INFO - Processing /home/airflow/.local/lib/python3.7/site-packages/airflow/example_dags/tutorial.py took 0.052 seconds
[2022-11-20T13:02:47.188+0000] {processor.py:154} INFO - Started process (PID=542) to work on /home/airflow/.local/lib/python3.7/site-packages/airflow/example_dags/tutorial.py
[2022-11-20T13:02:47.188+0000] {processor.py:756} INFO - Processing file /home/airflow/.local/lib/python3.7/site-packages/airflow/example_dags/tutorial.py for tasks to queue
[2022-11-20T13:02:47.189+0000] {logging_mixin.py:120} INFO - [2022-11-20T13:02:47.189+0000] {dagbag.py:537} INFO - Filling up the DagBag from /home/airflow/.local/lib/python3.7/site-packages/airflow/example_dags/tutorial.py
[2022-11-20T13:02:47.196+0000] {processor.py:766} INFO - DAG(s) dict_keys(['tutorial']) retrieved from /home/airflow/.local/lib/python3.7/site-packages/airflow/example_dags/tutorial.py
[2022-11-20T13:02:47.216+0000] {logging_mixin.py:120} INFO - [2022-11-20T13:02:47.216+0000] {dag.py:2585} INFO - Sync 1 DAGs
[2022-11-20T13:02:47.227+0000] {logging_mixin.py:120} INFO - [2022-11-20T13:02:47.227+0000] {dag.py:3340} INFO - Setting next_dagrun for tutorial to 2022-11-19T13:02:47.227584+00:00, run_after=2022-11-20T13:02:47.227584+00:00
[2022-11-20T13:02:47.236+0000] {processor.py:176} INFO - Processing /home/airflow/.local/lib/python3.7/site-packages/airflow/example_dags/tutorial.py took 0.050 seconds
[2022-11-20T13:03:18.305+0000] {processor.py:154} INFO - Started process (PID=605) to work on /home/airflow/.local/lib/python3.7/site-packages/airflow/example_dags/tutorial.py
[2022-11-20T13:03:18.306+0000] {processor.py:756} INFO - Processing file /home/airflow/.local/lib/python3.7/site-packages/airflow/example_dags/tutorial.py for tasks to queue
[2022-11-20T13:03:18.306+0000] {logging_mixin.py:120} INFO - [2022-11-20T13:03:18.306+0000] {dagbag.py:537} INFO - Filling up the DagBag from /home/airflow/.local/lib/python3.7/site-packages/airflow/example_dags/tutorial.py
[2022-11-20T13:03:18.314+0000] {processor.py:766} INFO - DAG(s) dict_keys(['tutorial']) retrieved from /home/airflow/.local/lib/python3.7/site-packages/airflow/example_dags/tutorial.py
[2022-11-20T13:03:18.334+0000] {logging_mixin.py:120} INFO - [2022-11-20T13:03:18.334+0000] {dag.py:2585} INFO - Sync 1 DAGs
[2022-11-20T13:03:18.347+0000] {logging_mixin.py:120} INFO - [2022-11-20T13:03:18.347+0000] {dag.py:3340} INFO - Setting next_dagrun for tutorial to 2022-11-19T13:03:18.347249+00:00, run_after=2022-11-20T13:03:18.347249+00:00
[2022-11-20T13:03:18.357+0000] {processor.py:176} INFO - Processing /home/airflow/.local/lib/python3.7/site-packages/airflow/example_dags/tutorial.py took 0.053 seconds
[2022-11-20T13:03:48.958+0000] {processor.py:154} INFO - Started process (PID=673) to work on /home/airflow/.local/lib/python3.7/site-packages/airflow/example_dags/tutorial.py
[2022-11-20T13:03:48.959+0000] {processor.py:756} INFO - Processing file /home/airflow/.local/lib/python3.7/site-packages/airflow/example_dags/tutorial.py for tasks to queue
[2022-11-20T13:03:48.959+0000] {logging_mixin.py:120} INFO - [2022-11-20T13:03:48.959+0000] {dagbag.py:537} INFO - Filling up the DagBag from /home/airflow/.local/lib/python3.7/site-packages/airflow/example_dags/tutorial.py
[2022-11-20T13:03:48.966+0000] {processor.py:766} INFO - DAG(s) dict_keys(['tutorial']) retrieved from /home/airflow/.local/lib/python3.7/site-packages/airflow/example_dags/tutorial.py
[2022-11-20T13:03:48.988+0000] {logging_mixin.py:120} INFO - [2022-11-20T13:03:48.988+0000] {dag.py:2585} INFO - Sync 1 DAGs
[2022-11-20T13:03:49.000+0000] {logging_mixin.py:120} INFO - [2022-11-20T13:03:49.000+0000] {dag.py:3340} INFO - Setting next_dagrun for tutorial to 2022-11-19T13:03:49.000359+00:00, run_after=2022-11-20T13:03:49.000359+00:00
[2022-11-20T13:03:49.010+0000] {processor.py:176} INFO - Processing /home/airflow/.local/lib/python3.7/site-packages/airflow/example_dags/tutorial.py took 0.054 seconds
[2022-11-20T13:04:19.931+0000] {processor.py:154} INFO - Started process (PID=742) to work on /home/airflow/.local/lib/python3.7/site-packages/airflow/example_dags/tutorial.py
[2022-11-20T13:04:19.932+0000] {processor.py:756} INFO - Processing file /home/airflow/.local/lib/python3.7/site-packages/airflow/example_dags/tutorial.py for tasks to queue
[2022-11-20T13:04:19.932+0000] {logging_mixin.py:120} INFO - [2022-11-20T13:04:19.932+0000] {dagbag.py:537} INFO - Filling up the DagBag from /home/airflow/.local/lib/python3.7/site-packages/airflow/example_dags/tutorial.py
[2022-11-20T13:04:19.941+0000] {processor.py:766} INFO - DAG(s) dict_keys(['tutorial']) retrieved from /home/airflow/.local/lib/python3.7/site-packages/airflow/example_dags/tutorial.py
[2022-11-20T13:04:19.964+0000] {logging_mixin.py:120} INFO - [2022-11-20T13:04:19.964+0000] {dag.py:2585} INFO - Sync 1 DAGs
[2022-11-20T13:04:19.978+0000] {logging_mixin.py:120} INFO - [2022-11-20T13:04:19.978+0000] {dag.py:3340} INFO - Setting next_dagrun for tutorial to 2022-11-19T13:04:19.977958+00:00, run_after=2022-11-20T13:04:19.977958+00:00
[2022-11-20T13:04:20.021+0000] {processor.py:176} INFO - Processing /home/airflow/.local/lib/python3.7/site-packages/airflow/example_dags/tutorial.py took 0.092 seconds
[2022-11-20T13:04:51.067+0000] {processor.py:154} INFO - Started process (PID=812) to work on /home/airflow/.local/lib/python3.7/site-packages/airflow/example_dags/tutorial.py
[2022-11-20T13:04:51.067+0000] {processor.py:756} INFO - Processing file /home/airflow/.local/lib/python3.7/site-packages/airflow/example_dags/tutorial.py for tasks to queue
[2022-11-20T13:04:51.068+0000] {logging_mixin.py:120} INFO - [2022-11-20T13:04:51.068+0000] {dagbag.py:537} INFO - Filling up the DagBag from /home/airflow/.local/lib/python3.7/site-packages/airflow/example_dags/tutorial.py
[2022-11-20T13:04:51.075+0000] {processor.py:766} INFO - DAG(s) dict_keys(['tutorial']) retrieved from /home/airflow/.local/lib/python3.7/site-packages/airflow/example_dags/tutorial.py
[2022-11-20T13:04:51.095+0000] {logging_mixin.py:120} INFO - [2022-11-20T13:04:51.095+0000] {dag.py:2585} INFO - Sync 1 DAGs
[2022-11-20T13:04:51.107+0000] {logging_mixin.py:120} INFO - [2022-11-20T13:04:51.107+0000] {dag.py:3340} INFO - Setting next_dagrun for tutorial to 2022-11-19T13:04:51.107320+00:00, run_after=2022-11-20T13:04:51.107320+00:00
[2022-11-20T13:04:51.117+0000] {processor.py:176} INFO - Processing /home/airflow/.local/lib/python3.7/site-packages/airflow/example_dags/tutorial.py took 0.052 seconds
[2022-11-20T13:05:22.036+0000] {processor.py:154} INFO - Started process (PID=877) to work on /home/airflow/.local/lib/python3.7/site-packages/airflow/example_dags/tutorial.py
[2022-11-20T13:05:22.037+0000] {processor.py:756} INFO - Processing file /home/airflow/.local/lib/python3.7/site-packages/airflow/example_dags/tutorial.py for tasks to queue
[2022-11-20T13:05:22.037+0000] {logging_mixin.py:120} INFO - [2022-11-20T13:05:22.037+0000] {dagbag.py:537} INFO - Filling up the DagBag from /home/airflow/.local/lib/python3.7/site-packages/airflow/example_dags/tutorial.py
[2022-11-20T13:05:22.045+0000] {processor.py:766} INFO - DAG(s) dict_keys(['tutorial']) retrieved from /home/airflow/.local/lib/python3.7/site-packages/airflow/example_dags/tutorial.py
[2022-11-20T13:05:22.065+0000] {logging_mixin.py:120} INFO - [2022-11-20T13:05:22.065+0000] {dag.py:2585} INFO - Sync 1 DAGs
[2022-11-20T13:05:22.078+0000] {logging_mixin.py:120} INFO - [2022-11-20T13:05:22.078+0000] {dag.py:3340} INFO - Setting next_dagrun for tutorial to 2022-11-19T13:05:22.078332+00:00, run_after=2022-11-20T13:05:22.078332+00:00
[2022-11-20T13:05:22.089+0000] {processor.py:176} INFO - Processing /home/airflow/.local/lib/python3.7/site-packages/airflow/example_dags/tutorial.py took 0.055 seconds
[2022-11-20T13:05:52.748+0000] {processor.py:154} INFO - Started process (PID=942) to work on /home/airflow/.local/lib/python3.7/site-packages/airflow/example_dags/tutorial.py
[2022-11-20T13:05:52.748+0000] {processor.py:756} INFO - Processing file /home/airflow/.local/lib/python3.7/site-packages/airflow/example_dags/tutorial.py for tasks to queue
[2022-11-20T13:05:52.749+0000] {logging_mixin.py:120} INFO - [2022-11-20T13:05:52.749+0000] {dagbag.py:537} INFO - Filling up the DagBag from /home/airflow/.local/lib/python3.7/site-packages/airflow/example_dags/tutorial.py
[2022-11-20T13:05:52.758+0000] {processor.py:766} INFO - DAG(s) dict_keys(['tutorial']) retrieved from /home/airflow/.local/lib/python3.7/site-packages/airflow/example_dags/tutorial.py
[2022-11-20T13:05:52.779+0000] {logging_mixin.py:120} INFO - [2022-11-20T13:05:52.779+0000] {dag.py:2585} INFO - Sync 1 DAGs
[2022-11-20T13:05:52.792+0000] {logging_mixin.py:120} INFO - [2022-11-20T13:05:52.792+0000] {dag.py:3340} INFO - Setting next_dagrun for tutorial to 2022-11-19T13:05:52.792279+00:00, run_after=2022-11-20T13:05:52.792279+00:00
[2022-11-20T13:05:52.814+0000] {processor.py:176} INFO - Processing /home/airflow/.local/lib/python3.7/site-packages/airflow/example_dags/tutorial.py took 0.068 seconds
[2022-11-20T13:06:23.602+0000] {processor.py:154} INFO - Started process (PID=1000) to work on /home/airflow/.local/lib/python3.7/site-packages/airflow/example_dags/tutorial.py
[2022-11-20T13:06:23.602+0000] {processor.py:756} INFO - Processing file /home/airflow/.local/lib/python3.7/site-packages/airflow/example_dags/tutorial.py for tasks to queue
[2022-11-20T13:06:23.603+0000] {logging_mixin.py:120} INFO - [2022-11-20T13:06:23.603+0000] {dagbag.py:537} INFO - Filling up the DagBag from /home/airflow/.local/lib/python3.7/site-packages/airflow/example_dags/tutorial.py
[2022-11-20T13:06:23.610+0000] {processor.py:766} INFO - DAG(s) dict_keys(['tutorial']) retrieved from /home/airflow/.local/lib/python3.7/site-packages/airflow/example_dags/tutorial.py
[2022-11-20T13:06:23.631+0000] {logging_mixin.py:120} INFO - [2022-11-20T13:06:23.631+0000] {dag.py:2585} INFO - Sync 1 DAGs
[2022-11-20T13:06:23.644+0000] {logging_mixin.py:120} INFO - [2022-11-20T13:06:23.644+0000] {dag.py:3340} INFO - Setting next_dagrun for tutorial to 2022-11-19T13:06:23.643963+00:00, run_after=2022-11-20T13:06:23.643963+00:00
[2022-11-20T13:06:23.654+0000] {processor.py:176} INFO - Processing /home/airflow/.local/lib/python3.7/site-packages/airflow/example_dags/tutorial.py took 0.054 seconds
[2022-11-20T13:06:54.048+0000] {processor.py:154} INFO - Started process (PID=1068) to work on /home/airflow/.local/lib/python3.7/site-packages/airflow/example_dags/tutorial.py
[2022-11-20T13:06:54.048+0000] {processor.py:756} INFO - Processing file /home/airflow/.local/lib/python3.7/site-packages/airflow/example_dags/tutorial.py for tasks to queue
[2022-11-20T13:06:54.049+0000] {logging_mixin.py:120} INFO - [2022-11-20T13:06:54.049+0000] {dagbag.py:537} INFO - Filling up the DagBag from /home/airflow/.local/lib/python3.7/site-packages/airflow/example_dags/tutorial.py
[2022-11-20T13:06:54.058+0000] {processor.py:766} INFO - DAG(s) dict_keys(['tutorial']) retrieved from /home/airflow/.local/lib/python3.7/site-packages/airflow/example_dags/tutorial.py
[2022-11-20T13:06:54.079+0000] {logging_mixin.py:120} INFO - [2022-11-20T13:06:54.079+0000] {dag.py:2585} INFO - Sync 1 DAGs
[2022-11-20T13:06:54.093+0000] {logging_mixin.py:120} INFO - [2022-11-20T13:06:54.093+0000] {dag.py:3340} INFO - Setting next_dagrun for tutorial to 2022-11-19T13:06:54.093370+00:00, run_after=2022-11-20T13:06:54.093370+00:00
[2022-11-20T13:06:54.105+0000] {processor.py:176} INFO - Processing /home/airflow/.local/lib/python3.7/site-packages/airflow/example_dags/tutorial.py took 0.059 seconds
[2022-11-20T13:18:24.271+0000] {processor.py:154} INFO - Started process (PID=1113) to work on /home/airflow/.local/lib/python3.7/site-packages/airflow/example_dags/tutorial.py
[2022-11-20T13:18:24.272+0000] {processor.py:756} INFO - Processing file /home/airflow/.local/lib/python3.7/site-packages/airflow/example_dags/tutorial.py for tasks to queue
[2022-11-20T13:18:24.272+0000] {logging_mixin.py:120} INFO - [2022-11-20T13:18:24.272+0000] {dagbag.py:537} INFO - Filling up the DagBag from /home/airflow/.local/lib/python3.7/site-packages/airflow/example_dags/tutorial.py
[2022-11-20T13:18:24.292+0000] {processor.py:766} INFO - DAG(s) dict_keys(['tutorial']) retrieved from /home/airflow/.local/lib/python3.7/site-packages/airflow/example_dags/tutorial.py
[2022-11-20T13:18:24.331+0000] {logging_mixin.py:120} INFO - [2022-11-20T13:18:24.331+0000] {dag.py:2585} INFO - Sync 1 DAGs
[2022-11-20T13:18:24.350+0000] {logging_mixin.py:120} INFO - [2022-11-20T13:18:24.350+0000] {dag.py:3340} INFO - Setting next_dagrun for tutorial to 2022-11-19T13:18:24.350248+00:00, run_after=2022-11-20T13:18:24.350248+00:00
[2022-11-20T13:18:24.372+0000] {processor.py:176} INFO - Processing /home/airflow/.local/lib/python3.7/site-packages/airflow/example_dags/tutorial.py took 0.104 seconds
[2022-11-20T13:18:54.440+0000] {processor.py:154} INFO - Started process (PID=1180) to work on /home/airflow/.local/lib/python3.7/site-packages/airflow/example_dags/tutorial.py
[2022-11-20T13:18:54.441+0000] {processor.py:756} INFO - Processing file /home/airflow/.local/lib/python3.7/site-packages/airflow/example_dags/tutorial.py for tasks to queue
[2022-11-20T13:18:54.441+0000] {logging_mixin.py:120} INFO - [2022-11-20T13:18:54.441+0000] {dagbag.py:537} INFO - Filling up the DagBag from /home/airflow/.local/lib/python3.7/site-packages/airflow/example_dags/tutorial.py
[2022-11-20T13:18:54.448+0000] {processor.py:766} INFO - DAG(s) dict_keys(['tutorial']) retrieved from /home/airflow/.local/lib/python3.7/site-packages/airflow/example_dags/tutorial.py
[2022-11-20T13:18:54.468+0000] {logging_mixin.py:120} INFO - [2022-11-20T13:18:54.468+0000] {dag.py:2585} INFO - Sync 1 DAGs
[2022-11-20T13:18:54.481+0000] {logging_mixin.py:120} INFO - [2022-11-20T13:18:54.481+0000] {dag.py:3340} INFO - Setting next_dagrun for tutorial to 2022-11-19T13:18:54.481700+00:00, run_after=2022-11-20T13:18:54.481700+00:00
[2022-11-20T13:18:54.491+0000] {processor.py:176} INFO - Processing /home/airflow/.local/lib/python3.7/site-packages/airflow/example_dags/tutorial.py took 0.053 seconds
[2022-11-20T13:19:25.447+0000] {processor.py:154} INFO - Started process (PID=1247) to work on /home/airflow/.local/lib/python3.7/site-packages/airflow/example_dags/tutorial.py
[2022-11-20T13:19:25.448+0000] {processor.py:756} INFO - Processing file /home/airflow/.local/lib/python3.7/site-packages/airflow/example_dags/tutorial.py for tasks to queue
[2022-11-20T13:19:25.449+0000] {logging_mixin.py:120} INFO - [2022-11-20T13:19:25.448+0000] {dagbag.py:537} INFO - Filling up the DagBag from /home/airflow/.local/lib/python3.7/site-packages/airflow/example_dags/tutorial.py
[2022-11-20T13:19:25.456+0000] {processor.py:766} INFO - DAG(s) dict_keys(['tutorial']) retrieved from /home/airflow/.local/lib/python3.7/site-packages/airflow/example_dags/tutorial.py
[2022-11-20T13:19:25.481+0000] {logging_mixin.py:120} INFO - [2022-11-20T13:19:25.481+0000] {dag.py:2585} INFO - Sync 1 DAGs
[2022-11-20T13:19:25.496+0000] {logging_mixin.py:120} INFO - [2022-11-20T13:19:25.496+0000] {dag.py:3340} INFO - Setting next_dagrun for tutorial to 2022-11-19T13:19:25.496617+00:00, run_after=2022-11-20T13:19:25.496617+00:00
[2022-11-20T13:19:25.507+0000] {processor.py:176} INFO - Processing /home/airflow/.local/lib/python3.7/site-packages/airflow/example_dags/tutorial.py took 0.061 seconds
[2022-11-20T13:19:56.327+0000] {processor.py:154} INFO - Started process (PID=1316) to work on /home/airflow/.local/lib/python3.7/site-packages/airflow/example_dags/tutorial.py
[2022-11-20T13:19:56.328+0000] {processor.py:756} INFO - Processing file /home/airflow/.local/lib/python3.7/site-packages/airflow/example_dags/tutorial.py for tasks to queue
[2022-11-20T13:19:56.328+0000] {logging_mixin.py:120} INFO - [2022-11-20T13:19:56.328+0000] {dagbag.py:537} INFO - Filling up the DagBag from /home/airflow/.local/lib/python3.7/site-packages/airflow/example_dags/tutorial.py
[2022-11-20T13:19:56.337+0000] {processor.py:766} INFO - DAG(s) dict_keys(['tutorial']) retrieved from /home/airflow/.local/lib/python3.7/site-packages/airflow/example_dags/tutorial.py
[2022-11-20T13:19:56.362+0000] {logging_mixin.py:120} INFO - [2022-11-20T13:19:56.362+0000] {dag.py:2585} INFO - Sync 1 DAGs
[2022-11-20T13:19:56.389+0000] {logging_mixin.py:120} INFO - [2022-11-20T13:19:56.389+0000] {dag.py:3340} INFO - Setting next_dagrun for tutorial to 2022-11-19T13:19:56.389032+00:00, run_after=2022-11-20T13:19:56.389032+00:00
[2022-11-20T13:19:56.405+0000] {processor.py:176} INFO - Processing /home/airflow/.local/lib/python3.7/site-packages/airflow/example_dags/tutorial.py took 0.093 seconds
[2022-11-20T13:20:27.434+0000] {processor.py:154} INFO - Started process (PID=1374) to work on /home/airflow/.local/lib/python3.7/site-packages/airflow/example_dags/tutorial.py
[2022-11-20T13:20:27.435+0000] {processor.py:756} INFO - Processing file /home/airflow/.local/lib/python3.7/site-packages/airflow/example_dags/tutorial.py for tasks to queue
[2022-11-20T13:20:27.435+0000] {logging_mixin.py:120} INFO - [2022-11-20T13:20:27.435+0000] {dagbag.py:537} INFO - Filling up the DagBag from /home/airflow/.local/lib/python3.7/site-packages/airflow/example_dags/tutorial.py
[2022-11-20T13:20:27.443+0000] {processor.py:766} INFO - DAG(s) dict_keys(['tutorial']) retrieved from /home/airflow/.local/lib/python3.7/site-packages/airflow/example_dags/tutorial.py
[2022-11-20T13:20:27.464+0000] {logging_mixin.py:120} INFO - [2022-11-20T13:20:27.464+0000] {dag.py:2585} INFO - Sync 1 DAGs
[2022-11-20T13:20:27.478+0000] {logging_mixin.py:120} INFO - [2022-11-20T13:20:27.478+0000] {dag.py:3340} INFO - Setting next_dagrun for tutorial to 2022-11-19T13:20:27.477960+00:00, run_after=2022-11-20T13:20:27.477960+00:00
[2022-11-20T13:20:27.487+0000] {processor.py:176} INFO - Processing /home/airflow/.local/lib/python3.7/site-packages/airflow/example_dags/tutorial.py took 0.055 seconds
[2022-11-20T13:20:58.424+0000] {processor.py:154} INFO - Started process (PID=1441) to work on /home/airflow/.local/lib/python3.7/site-packages/airflow/example_dags/tutorial.py
[2022-11-20T13:20:58.425+0000] {processor.py:756} INFO - Processing file /home/airflow/.local/lib/python3.7/site-packages/airflow/example_dags/tutorial.py for tasks to queue
[2022-11-20T13:20:58.425+0000] {logging_mixin.py:120} INFO - [2022-11-20T13:20:58.425+0000] {dagbag.py:537} INFO - Filling up the DagBag from /home/airflow/.local/lib/python3.7/site-packages/airflow/example_dags/tutorial.py
[2022-11-20T13:20:58.433+0000] {processor.py:766} INFO - DAG(s) dict_keys(['tutorial']) retrieved from /home/airflow/.local/lib/python3.7/site-packages/airflow/example_dags/tutorial.py
[2022-11-20T13:20:58.455+0000] {logging_mixin.py:120} INFO - [2022-11-20T13:20:58.455+0000] {dag.py:2585} INFO - Sync 1 DAGs
[2022-11-20T13:20:58.468+0000] {logging_mixin.py:120} INFO - [2022-11-20T13:20:58.468+0000] {dag.py:3340} INFO - Setting next_dagrun for tutorial to 2022-11-19T13:20:58.468298+00:00, run_after=2022-11-20T13:20:58.468298+00:00
[2022-11-20T13:20:58.477+0000] {processor.py:176} INFO - Processing /home/airflow/.local/lib/python3.7/site-packages/airflow/example_dags/tutorial.py took 0.055 seconds
[2022-11-20T13:21:29.419+0000] {processor.py:154} INFO - Started process (PID=1509) to work on /home/airflow/.local/lib/python3.7/site-packages/airflow/example_dags/tutorial.py
[2022-11-20T13:21:29.420+0000] {processor.py:756} INFO - Processing file /home/airflow/.local/lib/python3.7/site-packages/airflow/example_dags/tutorial.py for tasks to queue
[2022-11-20T13:21:29.421+0000] {logging_mixin.py:120} INFO - [2022-11-20T13:21:29.420+0000] {dagbag.py:537} INFO - Filling up the DagBag from /home/airflow/.local/lib/python3.7/site-packages/airflow/example_dags/tutorial.py
[2022-11-20T13:21:29.430+0000] {processor.py:766} INFO - DAG(s) dict_keys(['tutorial']) retrieved from /home/airflow/.local/lib/python3.7/site-packages/airflow/example_dags/tutorial.py
[2022-11-20T13:21:29.452+0000] {logging_mixin.py:120} INFO - [2022-11-20T13:21:29.452+0000] {dag.py:2585} INFO - Sync 1 DAGs
[2022-11-20T13:21:29.463+0000] {logging_mixin.py:120} INFO - [2022-11-20T13:21:29.463+0000] {dag.py:3340} INFO - Setting next_dagrun for tutorial to 2022-11-19T13:21:29.463653+00:00, run_after=2022-11-20T13:21:29.463653+00:00
[2022-11-20T13:21:29.473+0000] {processor.py:176} INFO - Processing /home/airflow/.local/lib/python3.7/site-packages/airflow/example_dags/tutorial.py took 0.056 seconds
[2022-11-20T13:22:00.352+0000] {processor.py:154} INFO - Started process (PID=1574) to work on /home/airflow/.local/lib/python3.7/site-packages/airflow/example_dags/tutorial.py
[2022-11-20T13:22:00.353+0000] {processor.py:756} INFO - Processing file /home/airflow/.local/lib/python3.7/site-packages/airflow/example_dags/tutorial.py for tasks to queue
[2022-11-20T13:22:00.353+0000] {logging_mixin.py:120} INFO - [2022-11-20T13:22:00.353+0000] {dagbag.py:537} INFO - Filling up the DagBag from /home/airflow/.local/lib/python3.7/site-packages/airflow/example_dags/tutorial.py
[2022-11-20T13:22:00.362+0000] {processor.py:766} INFO - DAG(s) dict_keys(['tutorial']) retrieved from /home/airflow/.local/lib/python3.7/site-packages/airflow/example_dags/tutorial.py
[2022-11-20T13:22:00.384+0000] {logging_mixin.py:120} INFO - [2022-11-20T13:22:00.384+0000] {dag.py:2585} INFO - Sync 1 DAGs
[2022-11-20T13:22:00.397+0000] {logging_mixin.py:120} INFO - [2022-11-20T13:22:00.397+0000] {dag.py:3340} INFO - Setting next_dagrun for tutorial to 2022-11-19T13:22:00.397181+00:00, run_after=2022-11-20T13:22:00.397181+00:00
[2022-11-20T13:22:00.408+0000] {processor.py:176} INFO - Processing /home/airflow/.local/lib/python3.7/site-packages/airflow/example_dags/tutorial.py took 0.059 seconds
[2022-11-20T13:22:31.737+0000] {processor.py:154} INFO - Started process (PID=1644) to work on /home/airflow/.local/lib/python3.7/site-packages/airflow/example_dags/tutorial.py
[2022-11-20T13:22:31.738+0000] {processor.py:756} INFO - Processing file /home/airflow/.local/lib/python3.7/site-packages/airflow/example_dags/tutorial.py for tasks to queue
[2022-11-20T13:22:31.739+0000] {logging_mixin.py:120} INFO - [2022-11-20T13:22:31.739+0000] {dagbag.py:537} INFO - Filling up the DagBag from /home/airflow/.local/lib/python3.7/site-packages/airflow/example_dags/tutorial.py
[2022-11-20T13:22:31.747+0000] {processor.py:766} INFO - DAG(s) dict_keys(['tutorial']) retrieved from /home/airflow/.local/lib/python3.7/site-packages/airflow/example_dags/tutorial.py
[2022-11-20T13:22:31.785+0000] {logging_mixin.py:120} INFO - [2022-11-20T13:22:31.785+0000] {dag.py:2585} INFO - Sync 1 DAGs
[2022-11-20T13:22:31.800+0000] {logging_mixin.py:120} INFO - [2022-11-20T13:22:31.800+0000] {dag.py:3340} INFO - Setting next_dagrun for tutorial to 2022-11-19T13:22:31.800458+00:00, run_after=2022-11-20T13:22:31.800458+00:00
[2022-11-20T13:22:31.819+0000] {processor.py:176} INFO - Processing /home/airflow/.local/lib/python3.7/site-packages/airflow/example_dags/tutorial.py took 0.083 seconds
[2022-11-20T13:23:02.817+0000] {processor.py:154} INFO - Started process (PID=1711) to work on /home/airflow/.local/lib/python3.7/site-packages/airflow/example_dags/tutorial.py
[2022-11-20T13:23:02.818+0000] {processor.py:756} INFO - Processing file /home/airflow/.local/lib/python3.7/site-packages/airflow/example_dags/tutorial.py for tasks to queue
[2022-11-20T13:23:02.819+0000] {logging_mixin.py:120} INFO - [2022-11-20T13:23:02.818+0000] {dagbag.py:537} INFO - Filling up the DagBag from /home/airflow/.local/lib/python3.7/site-packages/airflow/example_dags/tutorial.py
[2022-11-20T13:23:02.826+0000] {processor.py:766} INFO - DAG(s) dict_keys(['tutorial']) retrieved from /home/airflow/.local/lib/python3.7/site-packages/airflow/example_dags/tutorial.py
[2022-11-20T13:23:02.851+0000] {logging_mixin.py:120} INFO - [2022-11-20T13:23:02.851+0000] {dag.py:2585} INFO - Sync 1 DAGs
[2022-11-20T13:23:02.867+0000] {logging_mixin.py:120} INFO - [2022-11-20T13:23:02.867+0000] {dag.py:3340} INFO - Setting next_dagrun for tutorial to 2022-11-19T13:23:02.867057+00:00, run_after=2022-11-20T13:23:02.867057+00:00
[2022-11-20T13:23:02.880+0000] {processor.py:176} INFO - Processing /home/airflow/.local/lib/python3.7/site-packages/airflow/example_dags/tutorial.py took 0.064 seconds
[2022-11-20T13:23:33.051+0000] {processor.py:154} INFO - Started process (PID=1781) to work on /home/airflow/.local/lib/python3.7/site-packages/airflow/example_dags/tutorial.py
[2022-11-20T13:23:33.051+0000] {processor.py:756} INFO - Processing file /home/airflow/.local/lib/python3.7/site-packages/airflow/example_dags/tutorial.py for tasks to queue
[2022-11-20T13:23:33.052+0000] {logging_mixin.py:120} INFO - [2022-11-20T13:23:33.051+0000] {dagbag.py:537} INFO - Filling up the DagBag from /home/airflow/.local/lib/python3.7/site-packages/airflow/example_dags/tutorial.py
[2022-11-20T13:23:33.059+0000] {processor.py:766} INFO - DAG(s) dict_keys(['tutorial']) retrieved from /home/airflow/.local/lib/python3.7/site-packages/airflow/example_dags/tutorial.py
[2022-11-20T13:23:33.079+0000] {logging_mixin.py:120} INFO - [2022-11-20T13:23:33.079+0000] {dag.py:2585} INFO - Sync 1 DAGs
[2022-11-20T13:23:33.091+0000] {logging_mixin.py:120} INFO - [2022-11-20T13:23:33.091+0000] {dag.py:3340} INFO - Setting next_dagrun for tutorial to 2022-11-19T13:23:33.091564+00:00, run_after=2022-11-20T13:23:33.091564+00:00
[2022-11-20T13:23:33.101+0000] {processor.py:176} INFO - Processing /home/airflow/.local/lib/python3.7/site-packages/airflow/example_dags/tutorial.py took 0.052 seconds
[2022-11-20T13:24:03.182+0000] {processor.py:154} INFO - Started process (PID=1840) to work on /home/airflow/.local/lib/python3.7/site-packages/airflow/example_dags/tutorial.py
[2022-11-20T13:24:03.182+0000] {processor.py:756} INFO - Processing file /home/airflow/.local/lib/python3.7/site-packages/airflow/example_dags/tutorial.py for tasks to queue
[2022-11-20T13:24:03.183+0000] {logging_mixin.py:120} INFO - [2022-11-20T13:24:03.183+0000] {dagbag.py:537} INFO - Filling up the DagBag from /home/airflow/.local/lib/python3.7/site-packages/airflow/example_dags/tutorial.py
[2022-11-20T13:24:03.190+0000] {processor.py:766} INFO - DAG(s) dict_keys(['tutorial']) retrieved from /home/airflow/.local/lib/python3.7/site-packages/airflow/example_dags/tutorial.py
[2022-11-20T13:24:03.210+0000] {logging_mixin.py:120} INFO - [2022-11-20T13:24:03.210+0000] {dag.py:2585} INFO - Sync 1 DAGs
[2022-11-20T13:24:03.221+0000] {logging_mixin.py:120} INFO - [2022-11-20T13:24:03.221+0000] {dag.py:3340} INFO - Setting next_dagrun for tutorial to 2022-11-19T13:24:03.221424+00:00, run_after=2022-11-20T13:24:03.221424+00:00
[2022-11-20T13:24:03.230+0000] {processor.py:176} INFO - Processing /home/airflow/.local/lib/python3.7/site-packages/airflow/example_dags/tutorial.py took 0.050 seconds
[2022-11-20T13:24:34.082+0000] {processor.py:154} INFO - Started process (PID=1909) to work on /home/airflow/.local/lib/python3.7/site-packages/airflow/example_dags/tutorial.py
[2022-11-20T13:24:34.083+0000] {processor.py:756} INFO - Processing file /home/airflow/.local/lib/python3.7/site-packages/airflow/example_dags/tutorial.py for tasks to queue
[2022-11-20T13:24:34.083+0000] {logging_mixin.py:120} INFO - [2022-11-20T13:24:34.083+0000] {dagbag.py:537} INFO - Filling up the DagBag from /home/airflow/.local/lib/python3.7/site-packages/airflow/example_dags/tutorial.py
[2022-11-20T13:24:34.090+0000] {processor.py:766} INFO - DAG(s) dict_keys(['tutorial']) retrieved from /home/airflow/.local/lib/python3.7/site-packages/airflow/example_dags/tutorial.py
[2022-11-20T13:24:34.111+0000] {logging_mixin.py:120} INFO - [2022-11-20T13:24:34.111+0000] {dag.py:2585} INFO - Sync 1 DAGs
[2022-11-20T13:24:34.123+0000] {logging_mixin.py:120} INFO - [2022-11-20T13:24:34.123+0000] {dag.py:3340} INFO - Setting next_dagrun for tutorial to 2022-11-19T13:24:34.123391+00:00, run_after=2022-11-20T13:24:34.123391+00:00
[2022-11-20T13:24:34.151+0000] {processor.py:176} INFO - Processing /home/airflow/.local/lib/python3.7/site-packages/airflow/example_dags/tutorial.py took 0.071 seconds
[2022-11-20T13:25:04.997+0000] {processor.py:154} INFO - Started process (PID=1977) to work on /home/airflow/.local/lib/python3.7/site-packages/airflow/example_dags/tutorial.py
[2022-11-20T13:25:04.998+0000] {processor.py:756} INFO - Processing file /home/airflow/.local/lib/python3.7/site-packages/airflow/example_dags/tutorial.py for tasks to queue
[2022-11-20T13:25:04.998+0000] {logging_mixin.py:120} INFO - [2022-11-20T13:25:04.998+0000] {dagbag.py:537} INFO - Filling up the DagBag from /home/airflow/.local/lib/python3.7/site-packages/airflow/example_dags/tutorial.py
[2022-11-20T13:25:05.006+0000] {processor.py:766} INFO - DAG(s) dict_keys(['tutorial']) retrieved from /home/airflow/.local/lib/python3.7/site-packages/airflow/example_dags/tutorial.py
[2022-11-20T13:25:05.029+0000] {logging_mixin.py:120} INFO - [2022-11-20T13:25:05.029+0000] {dag.py:2585} INFO - Sync 1 DAGs
[2022-11-20T13:25:05.041+0000] {logging_mixin.py:120} INFO - [2022-11-20T13:25:05.040+0000] {dag.py:3340} INFO - Setting next_dagrun for tutorial to 2022-11-19T13:25:05.040819+00:00, run_after=2022-11-20T13:25:05.040819+00:00
[2022-11-20T13:25:05.050+0000] {processor.py:176} INFO - Processing /home/airflow/.local/lib/python3.7/site-packages/airflow/example_dags/tutorial.py took 0.055 seconds
[2022-11-20T13:25:35.694+0000] {processor.py:154} INFO - Started process (PID=2048) to work on /home/airflow/.local/lib/python3.7/site-packages/airflow/example_dags/tutorial.py
[2022-11-20T13:25:35.694+0000] {processor.py:756} INFO - Processing file /home/airflow/.local/lib/python3.7/site-packages/airflow/example_dags/tutorial.py for tasks to queue
[2022-11-20T13:25:35.695+0000] {logging_mixin.py:120} INFO - [2022-11-20T13:25:35.695+0000] {dagbag.py:537} INFO - Filling up the DagBag from /home/airflow/.local/lib/python3.7/site-packages/airflow/example_dags/tutorial.py
[2022-11-20T13:25:35.702+0000] {processor.py:766} INFO - DAG(s) dict_keys(['tutorial']) retrieved from /home/airflow/.local/lib/python3.7/site-packages/airflow/example_dags/tutorial.py
[2022-11-20T13:25:35.729+0000] {logging_mixin.py:120} INFO - [2022-11-20T13:25:35.729+0000] {dag.py:2585} INFO - Sync 1 DAGs
[2022-11-20T13:25:35.741+0000] {logging_mixin.py:120} INFO - [2022-11-20T13:25:35.741+0000] {dag.py:3340} INFO - Setting next_dagrun for tutorial to 2022-11-19T13:25:35.741563+00:00, run_after=2022-11-20T13:25:35.741563+00:00
[2022-11-20T13:25:35.752+0000] {processor.py:176} INFO - Processing /home/airflow/.local/lib/python3.7/site-packages/airflow/example_dags/tutorial.py took 0.060 seconds
[2022-11-20T13:58:08.222+0000] {processor.py:154} INFO - Started process (PID=2096) to work on /home/airflow/.local/lib/python3.7/site-packages/airflow/example_dags/tutorial.py
[2022-11-20T13:58:08.223+0000] {processor.py:756} INFO - Processing file /home/airflow/.local/lib/python3.7/site-packages/airflow/example_dags/tutorial.py for tasks to queue
[2022-11-20T13:58:08.224+0000] {logging_mixin.py:120} INFO - [2022-11-20T13:58:08.224+0000] {dagbag.py:537} INFO - Filling up the DagBag from /home/airflow/.local/lib/python3.7/site-packages/airflow/example_dags/tutorial.py
[2022-11-20T13:58:08.235+0000] {processor.py:766} INFO - DAG(s) dict_keys(['tutorial']) retrieved from /home/airflow/.local/lib/python3.7/site-packages/airflow/example_dags/tutorial.py
[2022-11-20T13:58:08.259+0000] {logging_mixin.py:120} INFO - [2022-11-20T13:58:08.259+0000] {dag.py:2585} INFO - Sync 1 DAGs
[2022-11-20T13:58:08.271+0000] {logging_mixin.py:120} INFO - [2022-11-20T13:58:08.271+0000] {dag.py:3340} INFO - Setting next_dagrun for tutorial to 2022-11-19T13:58:08.271665+00:00, run_after=2022-11-20T13:58:08.271665+00:00
[2022-11-20T13:58:08.282+0000] {processor.py:176} INFO - Processing /home/airflow/.local/lib/python3.7/site-packages/airflow/example_dags/tutorial.py took 0.062 seconds
[2022-11-20T14:14:23.081+0000] {processor.py:154} INFO - Started process (PID=2146) to work on /home/airflow/.local/lib/python3.7/site-packages/airflow/example_dags/tutorial.py
[2022-11-20T14:14:23.082+0000] {processor.py:756} INFO - Processing file /home/airflow/.local/lib/python3.7/site-packages/airflow/example_dags/tutorial.py for tasks to queue
[2022-11-20T14:14:23.082+0000] {logging_mixin.py:120} INFO - [2022-11-20T14:14:23.082+0000] {dagbag.py:537} INFO - Filling up the DagBag from /home/airflow/.local/lib/python3.7/site-packages/airflow/example_dags/tutorial.py
[2022-11-20T14:14:23.090+0000] {processor.py:766} INFO - DAG(s) dict_keys(['tutorial']) retrieved from /home/airflow/.local/lib/python3.7/site-packages/airflow/example_dags/tutorial.py
[2022-11-20T14:14:23.112+0000] {logging_mixin.py:120} INFO - [2022-11-20T14:14:23.112+0000] {dag.py:2585} INFO - Sync 1 DAGs
[2022-11-20T14:14:23.126+0000] {logging_mixin.py:120} INFO - [2022-11-20T14:14:23.126+0000] {dag.py:3340} INFO - Setting next_dagrun for tutorial to 2022-11-19T14:14:23.126065+00:00, run_after=2022-11-20T14:14:23.126065+00:00
[2022-11-20T14:14:23.136+0000] {processor.py:176} INFO - Processing /home/airflow/.local/lib/python3.7/site-packages/airflow/example_dags/tutorial.py took 0.057 seconds
[2022-11-20T14:44:49.191+0000] {processor.py:154} INFO - Started process (PID=2193) to work on /home/airflow/.local/lib/python3.7/site-packages/airflow/example_dags/tutorial.py
[2022-11-20T14:44:49.191+0000] {processor.py:756} INFO - Processing file /home/airflow/.local/lib/python3.7/site-packages/airflow/example_dags/tutorial.py for tasks to queue
[2022-11-20T14:44:49.192+0000] {logging_mixin.py:120} INFO - [2022-11-20T14:44:49.192+0000] {dagbag.py:537} INFO - Filling up the DagBag from /home/airflow/.local/lib/python3.7/site-packages/airflow/example_dags/tutorial.py
[2022-11-20T14:44:49.199+0000] {processor.py:766} INFO - DAG(s) dict_keys(['tutorial']) retrieved from /home/airflow/.local/lib/python3.7/site-packages/airflow/example_dags/tutorial.py
[2022-11-20T14:44:49.219+0000] {logging_mixin.py:120} INFO - [2022-11-20T14:44:49.219+0000] {dag.py:2585} INFO - Sync 1 DAGs
[2022-11-20T14:44:49.233+0000] {logging_mixin.py:120} INFO - [2022-11-20T14:44:49.233+0000] {dag.py:3340} INFO - Setting next_dagrun for tutorial to 2022-11-19T14:44:49.232793+00:00, run_after=2022-11-20T14:44:49.232793+00:00
[2022-11-20T14:44:49.242+0000] {processor.py:176} INFO - Processing /home/airflow/.local/lib/python3.7/site-packages/airflow/example_dags/tutorial.py took 0.054 seconds
[2022-11-20T15:18:06.694+0000] {processor.py:154} INFO - Started process (PID=2240) to work on /home/airflow/.local/lib/python3.7/site-packages/airflow/example_dags/tutorial.py
[2022-11-20T15:18:06.694+0000] {processor.py:756} INFO - Processing file /home/airflow/.local/lib/python3.7/site-packages/airflow/example_dags/tutorial.py for tasks to queue
[2022-11-20T15:18:06.695+0000] {logging_mixin.py:120} INFO - [2022-11-20T15:18:06.694+0000] {dagbag.py:537} INFO - Filling up the DagBag from /home/airflow/.local/lib/python3.7/site-packages/airflow/example_dags/tutorial.py
[2022-11-20T15:18:06.703+0000] {processor.py:766} INFO - DAG(s) dict_keys(['tutorial']) retrieved from /home/airflow/.local/lib/python3.7/site-packages/airflow/example_dags/tutorial.py
[2022-11-20T15:18:06.726+0000] {logging_mixin.py:120} INFO - [2022-11-20T15:18:06.726+0000] {dag.py:2585} INFO - Sync 1 DAGs
[2022-11-20T15:18:06.739+0000] {logging_mixin.py:120} INFO - [2022-11-20T15:18:06.739+0000] {dag.py:3340} INFO - Setting next_dagrun for tutorial to 2022-11-19T15:18:06.739318+00:00, run_after=2022-11-20T15:18:06.739318+00:00
[2022-11-20T15:18:06.749+0000] {processor.py:176} INFO - Processing /home/airflow/.local/lib/python3.7/site-packages/airflow/example_dags/tutorial.py took 0.057 seconds
[2022-11-20T15:39:04.404+0000] {processor.py:154} INFO - Started process (PID=2277) to work on /home/airflow/.local/lib/python3.7/site-packages/airflow/example_dags/tutorial.py
[2022-11-20T15:39:04.408+0000] {processor.py:756} INFO - Processing file /home/airflow/.local/lib/python3.7/site-packages/airflow/example_dags/tutorial.py for tasks to queue
[2022-11-20T15:39:04.409+0000] {logging_mixin.py:120} INFO - [2022-11-20T15:39:04.408+0000] {dagbag.py:537} INFO - Filling up the DagBag from /home/airflow/.local/lib/python3.7/site-packages/airflow/example_dags/tutorial.py
[2022-11-20T15:39:04.417+0000] {processor.py:766} INFO - DAG(s) dict_keys(['tutorial']) retrieved from /home/airflow/.local/lib/python3.7/site-packages/airflow/example_dags/tutorial.py
[2022-11-20T15:39:04.504+0000] {logging_mixin.py:120} INFO - [2022-11-20T15:39:04.504+0000] {dag.py:2585} INFO - Sync 1 DAGs
[2022-11-20T15:39:04.529+0000] {logging_mixin.py:120} INFO - [2022-11-20T15:39:04.529+0000] {dag.py:3340} INFO - Setting next_dagrun for tutorial to 2022-11-19T15:39:04.528900+00:00, run_after=2022-11-20T15:39:04.528900+00:00
[2022-11-20T15:39:04.553+0000] {processor.py:176} INFO - Processing /home/airflow/.local/lib/python3.7/site-packages/airflow/example_dags/tutorial.py took 0.151 seconds
[2022-11-20T15:51:04.851+0000] {processor.py:154} INFO - Started process (PID=2323) to work on /home/airflow/.local/lib/python3.7/site-packages/airflow/example_dags/tutorial.py
[2022-11-20T15:51:04.852+0000] {processor.py:756} INFO - Processing file /home/airflow/.local/lib/python3.7/site-packages/airflow/example_dags/tutorial.py for tasks to queue
[2022-11-20T15:51:04.852+0000] {logging_mixin.py:120} INFO - [2022-11-20T15:51:04.852+0000] {dagbag.py:537} INFO - Filling up the DagBag from /home/airflow/.local/lib/python3.7/site-packages/airflow/example_dags/tutorial.py
[2022-11-20T15:51:04.863+0000] {processor.py:766} INFO - DAG(s) dict_keys(['tutorial']) retrieved from /home/airflow/.local/lib/python3.7/site-packages/airflow/example_dags/tutorial.py
[2022-11-20T15:51:04.891+0000] {logging_mixin.py:120} INFO - [2022-11-20T15:51:04.891+0000] {dag.py:2585} INFO - Sync 1 DAGs
[2022-11-20T15:51:04.909+0000] {logging_mixin.py:120} INFO - [2022-11-20T15:51:04.909+0000] {dag.py:3340} INFO - Setting next_dagrun for tutorial to 2022-11-19T15:51:04.909012+00:00, run_after=2022-11-20T15:51:04.909012+00:00
[2022-11-20T15:51:04.927+0000] {processor.py:176} INFO - Processing /home/airflow/.local/lib/python3.7/site-packages/airflow/example_dags/tutorial.py took 0.078 seconds
[2022-11-20T16:06:46.438+0000] {processor.py:154} INFO - Started process (PID=2369) to work on /home/airflow/.local/lib/python3.7/site-packages/airflow/example_dags/tutorial.py
[2022-11-20T16:06:46.438+0000] {processor.py:756} INFO - Processing file /home/airflow/.local/lib/python3.7/site-packages/airflow/example_dags/tutorial.py for tasks to queue
[2022-11-20T16:06:46.438+0000] {logging_mixin.py:120} INFO - [2022-11-20T16:06:46.438+0000] {dagbag.py:537} INFO - Filling up the DagBag from /home/airflow/.local/lib/python3.7/site-packages/airflow/example_dags/tutorial.py
[2022-11-20T16:06:46.452+0000] {processor.py:766} INFO - DAG(s) dict_keys(['tutorial']) retrieved from /home/airflow/.local/lib/python3.7/site-packages/airflow/example_dags/tutorial.py
[2022-11-20T16:06:46.486+0000] {logging_mixin.py:120} INFO - [2022-11-20T16:06:46.486+0000] {dag.py:2585} INFO - Sync 1 DAGs
[2022-11-20T16:06:46.505+0000] {logging_mixin.py:120} INFO - [2022-11-20T16:06:46.505+0000] {dag.py:3340} INFO - Setting next_dagrun for tutorial to 2022-11-19T16:06:46.505357+00:00, run_after=2022-11-20T16:06:46.505357+00:00
[2022-11-20T16:06:46.539+0000] {processor.py:176} INFO - Processing /home/airflow/.local/lib/python3.7/site-packages/airflow/example_dags/tutorial.py took 0.103 seconds
[2022-11-20T16:08:34.382+0000] {processor.py:154} INFO - Started process (PID=2420) to work on /home/airflow/.local/lib/python3.7/site-packages/airflow/example_dags/tutorial.py
[2022-11-20T16:08:34.383+0000] {processor.py:756} INFO - Processing file /home/airflow/.local/lib/python3.7/site-packages/airflow/example_dags/tutorial.py for tasks to queue
[2022-11-20T16:08:34.383+0000] {logging_mixin.py:120} INFO - [2022-11-20T16:08:34.383+0000] {dagbag.py:537} INFO - Filling up the DagBag from /home/airflow/.local/lib/python3.7/site-packages/airflow/example_dags/tutorial.py
[2022-11-20T16:08:34.391+0000] {processor.py:766} INFO - DAG(s) dict_keys(['tutorial']) retrieved from /home/airflow/.local/lib/python3.7/site-packages/airflow/example_dags/tutorial.py
[2022-11-20T16:08:34.410+0000] {logging_mixin.py:120} INFO - [2022-11-20T16:08:34.410+0000] {dag.py:2585} INFO - Sync 1 DAGs
[2022-11-20T16:08:34.422+0000] {logging_mixin.py:120} INFO - [2022-11-20T16:08:34.422+0000] {dag.py:3340} INFO - Setting next_dagrun for tutorial to 2022-11-19T16:08:34.422566+00:00, run_after=2022-11-20T16:08:34.422566+00:00
[2022-11-20T16:08:34.431+0000] {processor.py:176} INFO - Processing /home/airflow/.local/lib/python3.7/site-packages/airflow/example_dags/tutorial.py took 0.051 seconds
[2022-11-20T16:28:00.440+0000] {processor.py:154} INFO - Started process (PID=2466) to work on /home/airflow/.local/lib/python3.7/site-packages/airflow/example_dags/tutorial.py
[2022-11-20T16:28:00.440+0000] {processor.py:756} INFO - Processing file /home/airflow/.local/lib/python3.7/site-packages/airflow/example_dags/tutorial.py for tasks to queue
[2022-11-20T16:28:00.440+0000] {logging_mixin.py:120} INFO - [2022-11-20T16:28:00.440+0000] {dagbag.py:537} INFO - Filling up the DagBag from /home/airflow/.local/lib/python3.7/site-packages/airflow/example_dags/tutorial.py
[2022-11-20T16:28:00.456+0000] {processor.py:766} INFO - DAG(s) dict_keys(['tutorial']) retrieved from /home/airflow/.local/lib/python3.7/site-packages/airflow/example_dags/tutorial.py
[2022-11-20T16:28:00.476+0000] {logging_mixin.py:120} INFO - [2022-11-20T16:28:00.476+0000] {dag.py:2585} INFO - Sync 1 DAGs
[2022-11-20T16:28:00.488+0000] {logging_mixin.py:120} INFO - [2022-11-20T16:28:00.488+0000] {dag.py:3340} INFO - Setting next_dagrun for tutorial to 2022-11-19T16:28:00.488422+00:00, run_after=2022-11-20T16:28:00.488422+00:00
[2022-11-20T16:28:00.496+0000] {processor.py:176} INFO - Processing /home/airflow/.local/lib/python3.7/site-packages/airflow/example_dags/tutorial.py took 0.058 seconds
[2022-11-20T16:43:50.784+0000] {processor.py:154} INFO - Started process (PID=2515) to work on /home/airflow/.local/lib/python3.7/site-packages/airflow/example_dags/tutorial.py
[2022-11-20T16:43:50.788+0000] {processor.py:756} INFO - Processing file /home/airflow/.local/lib/python3.7/site-packages/airflow/example_dags/tutorial.py for tasks to queue
[2022-11-20T16:43:50.788+0000] {logging_mixin.py:120} INFO - [2022-11-20T16:43:50.788+0000] {dagbag.py:537} INFO - Filling up the DagBag from /home/airflow/.local/lib/python3.7/site-packages/airflow/example_dags/tutorial.py
[2022-11-20T16:43:50.804+0000] {processor.py:766} INFO - DAG(s) dict_keys(['tutorial']) retrieved from /home/airflow/.local/lib/python3.7/site-packages/airflow/example_dags/tutorial.py
[2022-11-20T16:43:50.838+0000] {logging_mixin.py:120} INFO - [2022-11-20T16:43:50.838+0000] {dag.py:2585} INFO - Sync 1 DAGs
[2022-11-20T16:43:50.858+0000] {logging_mixin.py:120} INFO - [2022-11-20T16:43:50.858+0000] {dag.py:3340} INFO - Setting next_dagrun for tutorial to 2022-11-19T16:43:50.858489+00:00, run_after=2022-11-20T16:43:50.858489+00:00
[2022-11-20T16:43:50.882+0000] {processor.py:176} INFO - Processing /home/airflow/.local/lib/python3.7/site-packages/airflow/example_dags/tutorial.py took 0.099 seconds
[2022-11-20T17:17:44.383+0000] {processor.py:154} INFO - Started process (PID=2562) to work on /home/airflow/.local/lib/python3.7/site-packages/airflow/example_dags/tutorial.py
[2022-11-20T17:17:44.384+0000] {processor.py:756} INFO - Processing file /home/airflow/.local/lib/python3.7/site-packages/airflow/example_dags/tutorial.py for tasks to queue
[2022-11-20T17:17:44.384+0000] {logging_mixin.py:120} INFO - [2022-11-20T17:17:44.384+0000] {dagbag.py:537} INFO - Filling up the DagBag from /home/airflow/.local/lib/python3.7/site-packages/airflow/example_dags/tutorial.py
[2022-11-20T17:17:44.401+0000] {processor.py:766} INFO - DAG(s) dict_keys(['tutorial']) retrieved from /home/airflow/.local/lib/python3.7/site-packages/airflow/example_dags/tutorial.py
[2022-11-20T17:17:44.433+0000] {logging_mixin.py:120} INFO - [2022-11-20T17:17:44.433+0000] {dag.py:2585} INFO - Sync 1 DAGs
[2022-11-20T17:17:44.445+0000] {logging_mixin.py:120} INFO - [2022-11-20T17:17:44.445+0000] {dag.py:3340} INFO - Setting next_dagrun for tutorial to 2022-11-19T17:17:44.444924+00:00, run_after=2022-11-20T17:17:44.444924+00:00
[2022-11-20T17:17:44.454+0000] {processor.py:176} INFO - Processing /home/airflow/.local/lib/python3.7/site-packages/airflow/example_dags/tutorial.py took 0.072 seconds
[2022-11-20T17:22:39.283+0000] {processor.py:154} INFO - Started process (PID=2609) to work on /home/airflow/.local/lib/python3.7/site-packages/airflow/example_dags/tutorial.py
[2022-11-20T17:22:39.284+0000] {processor.py:756} INFO - Processing file /home/airflow/.local/lib/python3.7/site-packages/airflow/example_dags/tutorial.py for tasks to queue
[2022-11-20T17:22:39.284+0000] {logging_mixin.py:120} INFO - [2022-11-20T17:22:39.284+0000] {dagbag.py:537} INFO - Filling up the DagBag from /home/airflow/.local/lib/python3.7/site-packages/airflow/example_dags/tutorial.py
[2022-11-20T17:22:39.295+0000] {processor.py:766} INFO - DAG(s) dict_keys(['tutorial']) retrieved from /home/airflow/.local/lib/python3.7/site-packages/airflow/example_dags/tutorial.py
[2022-11-20T17:22:39.326+0000] {logging_mixin.py:120} INFO - [2022-11-20T17:22:39.326+0000] {dag.py:2585} INFO - Sync 1 DAGs
[2022-11-20T17:22:39.349+0000] {logging_mixin.py:120} INFO - [2022-11-20T17:22:39.348+0000] {dag.py:3340} INFO - Setting next_dagrun for tutorial to 2022-11-19T17:22:39.348504+00:00, run_after=2022-11-20T17:22:39.348504+00:00
[2022-11-20T17:22:39.381+0000] {processor.py:176} INFO - Processing /home/airflow/.local/lib/python3.7/site-packages/airflow/example_dags/tutorial.py took 0.100 seconds
[2022-11-20T17:23:10.248+0000] {processor.py:154} INFO - Started process (PID=2676) to work on /home/airflow/.local/lib/python3.7/site-packages/airflow/example_dags/tutorial.py
[2022-11-20T17:23:10.249+0000] {processor.py:756} INFO - Processing file /home/airflow/.local/lib/python3.7/site-packages/airflow/example_dags/tutorial.py for tasks to queue
[2022-11-20T17:23:10.249+0000] {logging_mixin.py:120} INFO - [2022-11-20T17:23:10.249+0000] {dagbag.py:537} INFO - Filling up the DagBag from /home/airflow/.local/lib/python3.7/site-packages/airflow/example_dags/tutorial.py
[2022-11-20T17:23:10.259+0000] {processor.py:766} INFO - DAG(s) dict_keys(['tutorial']) retrieved from /home/airflow/.local/lib/python3.7/site-packages/airflow/example_dags/tutorial.py
[2022-11-20T17:23:10.279+0000] {logging_mixin.py:120} INFO - [2022-11-20T17:23:10.279+0000] {dag.py:2585} INFO - Sync 1 DAGs
[2022-11-20T17:23:10.292+0000] {logging_mixin.py:120} INFO - [2022-11-20T17:23:10.292+0000] {dag.py:3340} INFO - Setting next_dagrun for tutorial to 2022-11-19T17:23:10.292550+00:00, run_after=2022-11-20T17:23:10.292550+00:00
[2022-11-20T17:23:10.303+0000] {processor.py:176} INFO - Processing /home/airflow/.local/lib/python3.7/site-packages/airflow/example_dags/tutorial.py took 0.057 seconds
[2022-11-20T17:23:41.279+0000] {processor.py:154} INFO - Started process (PID=2746) to work on /home/airflow/.local/lib/python3.7/site-packages/airflow/example_dags/tutorial.py
[2022-11-20T17:23:41.279+0000] {processor.py:756} INFO - Processing file /home/airflow/.local/lib/python3.7/site-packages/airflow/example_dags/tutorial.py for tasks to queue
[2022-11-20T17:23:41.280+0000] {logging_mixin.py:120} INFO - [2022-11-20T17:23:41.280+0000] {dagbag.py:537} INFO - Filling up the DagBag from /home/airflow/.local/lib/python3.7/site-packages/airflow/example_dags/tutorial.py
[2022-11-20T17:23:41.287+0000] {processor.py:766} INFO - DAG(s) dict_keys(['tutorial']) retrieved from /home/airflow/.local/lib/python3.7/site-packages/airflow/example_dags/tutorial.py
[2022-11-20T17:23:41.307+0000] {logging_mixin.py:120} INFO - [2022-11-20T17:23:41.307+0000] {dag.py:2585} INFO - Sync 1 DAGs
[2022-11-20T17:23:41.319+0000] {logging_mixin.py:120} INFO - [2022-11-20T17:23:41.319+0000] {dag.py:3340} INFO - Setting next_dagrun for tutorial to 2022-11-19T17:23:41.319490+00:00, run_after=2022-11-20T17:23:41.319490+00:00
[2022-11-20T17:23:41.329+0000] {processor.py:176} INFO - Processing /home/airflow/.local/lib/python3.7/site-packages/airflow/example_dags/tutorial.py took 0.052 seconds
[2022-11-20T17:24:11.406+0000] {processor.py:154} INFO - Started process (PID=2816) to work on /home/airflow/.local/lib/python3.7/site-packages/airflow/example_dags/tutorial.py
[2022-11-20T17:24:11.407+0000] {processor.py:756} INFO - Processing file /home/airflow/.local/lib/python3.7/site-packages/airflow/example_dags/tutorial.py for tasks to queue
[2022-11-20T17:24:11.407+0000] {logging_mixin.py:120} INFO - [2022-11-20T17:24:11.407+0000] {dagbag.py:537} INFO - Filling up the DagBag from /home/airflow/.local/lib/python3.7/site-packages/airflow/example_dags/tutorial.py
[2022-11-20T17:24:11.416+0000] {processor.py:766} INFO - DAG(s) dict_keys(['tutorial']) retrieved from /home/airflow/.local/lib/python3.7/site-packages/airflow/example_dags/tutorial.py
[2022-11-20T17:24:11.441+0000] {logging_mixin.py:120} INFO - [2022-11-20T17:24:11.441+0000] {dag.py:2585} INFO - Sync 1 DAGs
[2022-11-20T17:24:11.454+0000] {logging_mixin.py:120} INFO - [2022-11-20T17:24:11.454+0000] {dag.py:3340} INFO - Setting next_dagrun for tutorial to 2022-11-19T17:24:11.454320+00:00, run_after=2022-11-20T17:24:11.454320+00:00
[2022-11-20T17:24:11.464+0000] {processor.py:176} INFO - Processing /home/airflow/.local/lib/python3.7/site-packages/airflow/example_dags/tutorial.py took 0.060 seconds
[2022-11-20T17:24:42.286+0000] {processor.py:154} INFO - Started process (PID=2885) to work on /home/airflow/.local/lib/python3.7/site-packages/airflow/example_dags/tutorial.py
[2022-11-20T17:24:42.287+0000] {processor.py:756} INFO - Processing file /home/airflow/.local/lib/python3.7/site-packages/airflow/example_dags/tutorial.py for tasks to queue
[2022-11-20T17:24:42.287+0000] {logging_mixin.py:120} INFO - [2022-11-20T17:24:42.287+0000] {dagbag.py:537} INFO - Filling up the DagBag from /home/airflow/.local/lib/python3.7/site-packages/airflow/example_dags/tutorial.py
[2022-11-20T17:24:42.295+0000] {processor.py:766} INFO - DAG(s) dict_keys(['tutorial']) retrieved from /home/airflow/.local/lib/python3.7/site-packages/airflow/example_dags/tutorial.py
[2022-11-20T17:24:42.315+0000] {logging_mixin.py:120} INFO - [2022-11-20T17:24:42.315+0000] {dag.py:2585} INFO - Sync 1 DAGs
[2022-11-20T17:24:42.327+0000] {logging_mixin.py:120} INFO - [2022-11-20T17:24:42.327+0000] {dag.py:3340} INFO - Setting next_dagrun for tutorial to 2022-11-19T17:24:42.327749+00:00, run_after=2022-11-20T17:24:42.327749+00:00
[2022-11-20T17:24:42.338+0000] {processor.py:176} INFO - Processing /home/airflow/.local/lib/python3.7/site-packages/airflow/example_dags/tutorial.py took 0.054 seconds
[2022-11-20T17:25:13.199+0000] {processor.py:154} INFO - Started process (PID=2944) to work on /home/airflow/.local/lib/python3.7/site-packages/airflow/example_dags/tutorial.py
[2022-11-20T17:25:13.199+0000] {processor.py:756} INFO - Processing file /home/airflow/.local/lib/python3.7/site-packages/airflow/example_dags/tutorial.py for tasks to queue
[2022-11-20T17:25:13.200+0000] {logging_mixin.py:120} INFO - [2022-11-20T17:25:13.199+0000] {dagbag.py:537} INFO - Filling up the DagBag from /home/airflow/.local/lib/python3.7/site-packages/airflow/example_dags/tutorial.py
[2022-11-20T17:25:13.207+0000] {processor.py:766} INFO - DAG(s) dict_keys(['tutorial']) retrieved from /home/airflow/.local/lib/python3.7/site-packages/airflow/example_dags/tutorial.py
[2022-11-20T17:25:13.237+0000] {logging_mixin.py:120} INFO - [2022-11-20T17:25:13.237+0000] {dag.py:2585} INFO - Sync 1 DAGs
[2022-11-20T17:25:13.252+0000] {logging_mixin.py:120} INFO - [2022-11-20T17:25:13.252+0000] {dag.py:3340} INFO - Setting next_dagrun for tutorial to 2022-11-19T17:25:13.252119+00:00, run_after=2022-11-20T17:25:13.252119+00:00
[2022-11-20T17:25:13.267+0000] {processor.py:176} INFO - Processing /home/airflow/.local/lib/python3.7/site-packages/airflow/example_dags/tutorial.py took 0.070 seconds
[2022-11-20T17:25:43.492+0000] {processor.py:154} INFO - Started process (PID=3017) to work on /home/airflow/.local/lib/python3.7/site-packages/airflow/example_dags/tutorial.py
[2022-11-20T17:25:43.493+0000] {processor.py:756} INFO - Processing file /home/airflow/.local/lib/python3.7/site-packages/airflow/example_dags/tutorial.py for tasks to queue
[2022-11-20T17:25:43.493+0000] {logging_mixin.py:120} INFO - [2022-11-20T17:25:43.493+0000] {dagbag.py:537} INFO - Filling up the DagBag from /home/airflow/.local/lib/python3.7/site-packages/airflow/example_dags/tutorial.py
[2022-11-20T17:25:43.503+0000] {processor.py:766} INFO - DAG(s) dict_keys(['tutorial']) retrieved from /home/airflow/.local/lib/python3.7/site-packages/airflow/example_dags/tutorial.py
[2022-11-20T17:25:43.535+0000] {logging_mixin.py:120} INFO - [2022-11-20T17:25:43.535+0000] {dag.py:2585} INFO - Sync 1 DAGs
[2022-11-20T17:25:43.551+0000] {logging_mixin.py:120} INFO - [2022-11-20T17:25:43.551+0000] {dag.py:3340} INFO - Setting next_dagrun for tutorial to 2022-11-19T17:25:43.551225+00:00, run_after=2022-11-20T17:25:43.551225+00:00
[2022-11-20T17:25:43.566+0000] {processor.py:176} INFO - Processing /home/airflow/.local/lib/python3.7/site-packages/airflow/example_dags/tutorial.py took 0.077 seconds
[2022-11-20T17:26:13.653+0000] {processor.py:154} INFO - Started process (PID=3083) to work on /home/airflow/.local/lib/python3.7/site-packages/airflow/example_dags/tutorial.py
[2022-11-20T17:26:13.653+0000] {processor.py:756} INFO - Processing file /home/airflow/.local/lib/python3.7/site-packages/airflow/example_dags/tutorial.py for tasks to queue
[2022-11-20T17:26:13.654+0000] {logging_mixin.py:120} INFO - [2022-11-20T17:26:13.654+0000] {dagbag.py:537} INFO - Filling up the DagBag from /home/airflow/.local/lib/python3.7/site-packages/airflow/example_dags/tutorial.py
[2022-11-20T17:26:13.661+0000] {processor.py:766} INFO - DAG(s) dict_keys(['tutorial']) retrieved from /home/airflow/.local/lib/python3.7/site-packages/airflow/example_dags/tutorial.py
[2022-11-20T17:26:13.682+0000] {logging_mixin.py:120} INFO - [2022-11-20T17:26:13.682+0000] {dag.py:2585} INFO - Sync 1 DAGs
[2022-11-20T17:26:13.694+0000] {logging_mixin.py:120} INFO - [2022-11-20T17:26:13.694+0000] {dag.py:3340} INFO - Setting next_dagrun for tutorial to 2022-11-19T17:26:13.694770+00:00, run_after=2022-11-20T17:26:13.694770+00:00
[2022-11-20T17:26:13.704+0000] {processor.py:176} INFO - Processing /home/airflow/.local/lib/python3.7/site-packages/airflow/example_dags/tutorial.py took 0.053 seconds
[2022-11-20T17:26:43.809+0000] {processor.py:154} INFO - Started process (PID=3150) to work on /home/airflow/.local/lib/python3.7/site-packages/airflow/example_dags/tutorial.py
[2022-11-20T17:26:43.810+0000] {processor.py:756} INFO - Processing file /home/airflow/.local/lib/python3.7/site-packages/airflow/example_dags/tutorial.py for tasks to queue
[2022-11-20T17:26:43.810+0000] {logging_mixin.py:120} INFO - [2022-11-20T17:26:43.810+0000] {dagbag.py:537} INFO - Filling up the DagBag from /home/airflow/.local/lib/python3.7/site-packages/airflow/example_dags/tutorial.py
[2022-11-20T17:26:43.818+0000] {processor.py:766} INFO - DAG(s) dict_keys(['tutorial']) retrieved from /home/airflow/.local/lib/python3.7/site-packages/airflow/example_dags/tutorial.py
[2022-11-20T17:26:43.844+0000] {logging_mixin.py:120} INFO - [2022-11-20T17:26:43.844+0000] {dag.py:2585} INFO - Sync 1 DAGs
[2022-11-20T17:26:43.858+0000] {logging_mixin.py:120} INFO - [2022-11-20T17:26:43.858+0000] {dag.py:3340} INFO - Setting next_dagrun for tutorial to 2022-11-19T17:26:43.857904+00:00, run_after=2022-11-20T17:26:43.857904+00:00
[2022-11-20T17:26:43.868+0000] {processor.py:176} INFO - Processing /home/airflow/.local/lib/python3.7/site-packages/airflow/example_dags/tutorial.py took 0.061 seconds
[2022-11-20T17:27:14.031+0000] {processor.py:154} INFO - Started process (PID=3217) to work on /home/airflow/.local/lib/python3.7/site-packages/airflow/example_dags/tutorial.py
[2022-11-20T17:27:14.032+0000] {processor.py:756} INFO - Processing file /home/airflow/.local/lib/python3.7/site-packages/airflow/example_dags/tutorial.py for tasks to queue
[2022-11-20T17:27:14.032+0000] {logging_mixin.py:120} INFO - [2022-11-20T17:27:14.032+0000] {dagbag.py:537} INFO - Filling up the DagBag from /home/airflow/.local/lib/python3.7/site-packages/airflow/example_dags/tutorial.py
[2022-11-20T17:27:14.040+0000] {processor.py:766} INFO - DAG(s) dict_keys(['tutorial']) retrieved from /home/airflow/.local/lib/python3.7/site-packages/airflow/example_dags/tutorial.py
[2022-11-20T17:27:14.060+0000] {logging_mixin.py:120} INFO - [2022-11-20T17:27:14.060+0000] {dag.py:2585} INFO - Sync 1 DAGs
[2022-11-20T17:27:14.074+0000] {logging_mixin.py:120} INFO - [2022-11-20T17:27:14.073+0000] {dag.py:3340} INFO - Setting next_dagrun for tutorial to 2022-11-19T17:27:14.073856+00:00, run_after=2022-11-20T17:27:14.073856+00:00
[2022-11-20T17:27:14.084+0000] {processor.py:176} INFO - Processing /home/airflow/.local/lib/python3.7/site-packages/airflow/example_dags/tutorial.py took 0.054 seconds
[2022-11-20T17:27:44.993+0000] {processor.py:154} INFO - Started process (PID=3287) to work on /home/airflow/.local/lib/python3.7/site-packages/airflow/example_dags/tutorial.py
[2022-11-20T17:27:44.994+0000] {processor.py:756} INFO - Processing file /home/airflow/.local/lib/python3.7/site-packages/airflow/example_dags/tutorial.py for tasks to queue
[2022-11-20T17:27:44.994+0000] {logging_mixin.py:120} INFO - [2022-11-20T17:27:44.994+0000] {dagbag.py:537} INFO - Filling up the DagBag from /home/airflow/.local/lib/python3.7/site-packages/airflow/example_dags/tutorial.py
[2022-11-20T17:27:45.003+0000] {processor.py:766} INFO - DAG(s) dict_keys(['tutorial']) retrieved from /home/airflow/.local/lib/python3.7/site-packages/airflow/example_dags/tutorial.py
[2022-11-20T17:27:45.029+0000] {logging_mixin.py:120} INFO - [2022-11-20T17:27:45.029+0000] {dag.py:2585} INFO - Sync 1 DAGs
[2022-11-20T17:27:45.041+0000] {logging_mixin.py:120} INFO - [2022-11-20T17:27:45.041+0000] {dag.py:3340} INFO - Setting next_dagrun for tutorial to 2022-11-19T17:27:45.041700+00:00, run_after=2022-11-20T17:27:45.041700+00:00
[2022-11-20T17:27:45.051+0000] {processor.py:176} INFO - Processing /home/airflow/.local/lib/python3.7/site-packages/airflow/example_dags/tutorial.py took 0.061 seconds
[2022-11-20T17:28:15.737+0000] {processor.py:154} INFO - Started process (PID=3348) to work on /home/airflow/.local/lib/python3.7/site-packages/airflow/example_dags/tutorial.py
[2022-11-20T17:28:15.737+0000] {processor.py:756} INFO - Processing file /home/airflow/.local/lib/python3.7/site-packages/airflow/example_dags/tutorial.py for tasks to queue
[2022-11-20T17:28:15.738+0000] {logging_mixin.py:120} INFO - [2022-11-20T17:28:15.738+0000] {dagbag.py:537} INFO - Filling up the DagBag from /home/airflow/.local/lib/python3.7/site-packages/airflow/example_dags/tutorial.py
[2022-11-20T17:28:15.746+0000] {processor.py:766} INFO - DAG(s) dict_keys(['tutorial']) retrieved from /home/airflow/.local/lib/python3.7/site-packages/airflow/example_dags/tutorial.py
[2022-11-20T17:28:15.769+0000] {logging_mixin.py:120} INFO - [2022-11-20T17:28:15.769+0000] {dag.py:2585} INFO - Sync 1 DAGs
[2022-11-20T17:28:15.784+0000] {logging_mixin.py:120} INFO - [2022-11-20T17:28:15.784+0000] {dag.py:3340} INFO - Setting next_dagrun for tutorial to 2022-11-19T17:28:15.784496+00:00, run_after=2022-11-20T17:28:15.784496+00:00
[2022-11-20T17:28:15.798+0000] {processor.py:176} INFO - Processing /home/airflow/.local/lib/python3.7/site-packages/airflow/example_dags/tutorial.py took 0.063 seconds
[2022-11-20T17:28:46.590+0000] {processor.py:154} INFO - Started process (PID=3417) to work on /home/airflow/.local/lib/python3.7/site-packages/airflow/example_dags/tutorial.py
[2022-11-20T17:28:46.591+0000] {processor.py:756} INFO - Processing file /home/airflow/.local/lib/python3.7/site-packages/airflow/example_dags/tutorial.py for tasks to queue
[2022-11-20T17:28:46.591+0000] {logging_mixin.py:120} INFO - [2022-11-20T17:28:46.591+0000] {dagbag.py:537} INFO - Filling up the DagBag from /home/airflow/.local/lib/python3.7/site-packages/airflow/example_dags/tutorial.py
[2022-11-20T17:28:46.600+0000] {processor.py:766} INFO - DAG(s) dict_keys(['tutorial']) retrieved from /home/airflow/.local/lib/python3.7/site-packages/airflow/example_dags/tutorial.py
[2022-11-20T17:28:46.621+0000] {logging_mixin.py:120} INFO - [2022-11-20T17:28:46.621+0000] {dag.py:2585} INFO - Sync 1 DAGs
[2022-11-20T17:28:46.634+0000] {logging_mixin.py:120} INFO - [2022-11-20T17:28:46.634+0000] {dag.py:3340} INFO - Setting next_dagrun for tutorial to 2022-11-19T17:28:46.633864+00:00, run_after=2022-11-20T17:28:46.633864+00:00
[2022-11-20T17:28:46.645+0000] {processor.py:176} INFO - Processing /home/airflow/.local/lib/python3.7/site-packages/airflow/example_dags/tutorial.py took 0.057 seconds
[2022-11-20T17:29:17.441+0000] {processor.py:154} INFO - Started process (PID=3485) to work on /home/airflow/.local/lib/python3.7/site-packages/airflow/example_dags/tutorial.py
[2022-11-20T17:29:17.441+0000] {processor.py:756} INFO - Processing file /home/airflow/.local/lib/python3.7/site-packages/airflow/example_dags/tutorial.py for tasks to queue
[2022-11-20T17:29:17.442+0000] {logging_mixin.py:120} INFO - [2022-11-20T17:29:17.442+0000] {dagbag.py:537} INFO - Filling up the DagBag from /home/airflow/.local/lib/python3.7/site-packages/airflow/example_dags/tutorial.py
[2022-11-20T17:29:17.449+0000] {processor.py:766} INFO - DAG(s) dict_keys(['tutorial']) retrieved from /home/airflow/.local/lib/python3.7/site-packages/airflow/example_dags/tutorial.py
[2022-11-20T17:29:17.470+0000] {logging_mixin.py:120} INFO - [2022-11-20T17:29:17.469+0000] {dag.py:2585} INFO - Sync 1 DAGs
[2022-11-20T17:29:17.483+0000] {logging_mixin.py:120} INFO - [2022-11-20T17:29:17.483+0000] {dag.py:3340} INFO - Setting next_dagrun for tutorial to 2022-11-19T17:29:17.483346+00:00, run_after=2022-11-20T17:29:17.483346+00:00
[2022-11-20T17:29:17.493+0000] {processor.py:176} INFO - Processing /home/airflow/.local/lib/python3.7/site-packages/airflow/example_dags/tutorial.py took 0.054 seconds
[2022-11-20T17:29:48.319+0000] {processor.py:154} INFO - Started process (PID=3551) to work on /home/airflow/.local/lib/python3.7/site-packages/airflow/example_dags/tutorial.py
[2022-11-20T17:29:48.320+0000] {processor.py:756} INFO - Processing file /home/airflow/.local/lib/python3.7/site-packages/airflow/example_dags/tutorial.py for tasks to queue
[2022-11-20T17:29:48.320+0000] {logging_mixin.py:120} INFO - [2022-11-20T17:29:48.320+0000] {dagbag.py:537} INFO - Filling up the DagBag from /home/airflow/.local/lib/python3.7/site-packages/airflow/example_dags/tutorial.py
[2022-11-20T17:29:48.330+0000] {processor.py:766} INFO - DAG(s) dict_keys(['tutorial']) retrieved from /home/airflow/.local/lib/python3.7/site-packages/airflow/example_dags/tutorial.py
[2022-11-20T17:29:48.356+0000] {logging_mixin.py:120} INFO - [2022-11-20T17:29:48.356+0000] {dag.py:2585} INFO - Sync 1 DAGs
[2022-11-20T17:29:48.372+0000] {logging_mixin.py:120} INFO - [2022-11-20T17:29:48.372+0000] {dag.py:3340} INFO - Setting next_dagrun for tutorial to 2022-11-19T17:29:48.372448+00:00, run_after=2022-11-20T17:29:48.372448+00:00
[2022-11-20T17:29:48.389+0000] {processor.py:176} INFO - Processing /home/airflow/.local/lib/python3.7/site-packages/airflow/example_dags/tutorial.py took 0.072 seconds
[2022-11-20T17:30:19.177+0000] {processor.py:154} INFO - Started process (PID=3623) to work on /home/airflow/.local/lib/python3.7/site-packages/airflow/example_dags/tutorial.py
[2022-11-20T17:30:19.178+0000] {processor.py:756} INFO - Processing file /home/airflow/.local/lib/python3.7/site-packages/airflow/example_dags/tutorial.py for tasks to queue
[2022-11-20T17:30:19.178+0000] {logging_mixin.py:120} INFO - [2022-11-20T17:30:19.178+0000] {dagbag.py:537} INFO - Filling up the DagBag from /home/airflow/.local/lib/python3.7/site-packages/airflow/example_dags/tutorial.py
[2022-11-20T17:30:19.186+0000] {processor.py:766} INFO - DAG(s) dict_keys(['tutorial']) retrieved from /home/airflow/.local/lib/python3.7/site-packages/airflow/example_dags/tutorial.py
[2022-11-20T17:30:19.207+0000] {logging_mixin.py:120} INFO - [2022-11-20T17:30:19.207+0000] {dag.py:2585} INFO - Sync 1 DAGs
[2022-11-20T17:30:19.219+0000] {logging_mixin.py:120} INFO - [2022-11-20T17:30:19.219+0000] {dag.py:3340} INFO - Setting next_dagrun for tutorial to 2022-11-19T17:30:19.219343+00:00, run_after=2022-11-20T17:30:19.219343+00:00
[2022-11-20T17:30:19.230+0000] {processor.py:176} INFO - Processing /home/airflow/.local/lib/python3.7/site-packages/airflow/example_dags/tutorial.py took 0.055 seconds
[2022-11-20T17:30:50.141+0000] {processor.py:154} INFO - Started process (PID=3691) to work on /home/airflow/.local/lib/python3.7/site-packages/airflow/example_dags/tutorial.py
[2022-11-20T17:30:50.141+0000] {processor.py:756} INFO - Processing file /home/airflow/.local/lib/python3.7/site-packages/airflow/example_dags/tutorial.py for tasks to queue
[2022-11-20T17:30:50.142+0000] {logging_mixin.py:120} INFO - [2022-11-20T17:30:50.142+0000] {dagbag.py:537} INFO - Filling up the DagBag from /home/airflow/.local/lib/python3.7/site-packages/airflow/example_dags/tutorial.py
[2022-11-20T17:30:50.149+0000] {processor.py:766} INFO - DAG(s) dict_keys(['tutorial']) retrieved from /home/airflow/.local/lib/python3.7/site-packages/airflow/example_dags/tutorial.py
[2022-11-20T17:30:50.170+0000] {logging_mixin.py:120} INFO - [2022-11-20T17:30:50.170+0000] {dag.py:2585} INFO - Sync 1 DAGs
[2022-11-20T17:30:50.183+0000] {logging_mixin.py:120} INFO - [2022-11-20T17:30:50.183+0000] {dag.py:3340} INFO - Setting next_dagrun for tutorial to 2022-11-19T17:30:50.183469+00:00, run_after=2022-11-20T17:30:50.183469+00:00
[2022-11-20T17:30:50.193+0000] {processor.py:176} INFO - Processing /home/airflow/.local/lib/python3.7/site-packages/airflow/example_dags/tutorial.py took 0.054 seconds
[2022-11-20T17:31:21.221+0000] {processor.py:154} INFO - Started process (PID=3760) to work on /home/airflow/.local/lib/python3.7/site-packages/airflow/example_dags/tutorial.py
[2022-11-20T17:31:21.222+0000] {processor.py:756} INFO - Processing file /home/airflow/.local/lib/python3.7/site-packages/airflow/example_dags/tutorial.py for tasks to queue
[2022-11-20T17:31:21.222+0000] {logging_mixin.py:120} INFO - [2022-11-20T17:31:21.222+0000] {dagbag.py:537} INFO - Filling up the DagBag from /home/airflow/.local/lib/python3.7/site-packages/airflow/example_dags/tutorial.py
[2022-11-20T17:31:21.230+0000] {processor.py:766} INFO - DAG(s) dict_keys(['tutorial']) retrieved from /home/airflow/.local/lib/python3.7/site-packages/airflow/example_dags/tutorial.py
[2022-11-20T17:31:21.250+0000] {logging_mixin.py:120} INFO - [2022-11-20T17:31:21.250+0000] {dag.py:2585} INFO - Sync 1 DAGs
[2022-11-20T17:31:21.263+0000] {logging_mixin.py:120} INFO - [2022-11-20T17:31:21.263+0000] {dag.py:3340} INFO - Setting next_dagrun for tutorial to 2022-11-19T17:31:21.263311+00:00, run_after=2022-11-20T17:31:21.263311+00:00
[2022-11-20T17:31:21.272+0000] {processor.py:176} INFO - Processing /home/airflow/.local/lib/python3.7/site-packages/airflow/example_dags/tutorial.py took 0.053 seconds
[2022-11-20T17:31:52.078+0000] {processor.py:154} INFO - Started process (PID=3828) to work on /home/airflow/.local/lib/python3.7/site-packages/airflow/example_dags/tutorial.py
[2022-11-20T17:31:52.078+0000] {processor.py:756} INFO - Processing file /home/airflow/.local/lib/python3.7/site-packages/airflow/example_dags/tutorial.py for tasks to queue
[2022-11-20T17:31:52.079+0000] {logging_mixin.py:120} INFO - [2022-11-20T17:31:52.079+0000] {dagbag.py:537} INFO - Filling up the DagBag from /home/airflow/.local/lib/python3.7/site-packages/airflow/example_dags/tutorial.py
[2022-11-20T17:31:52.086+0000] {processor.py:766} INFO - DAG(s) dict_keys(['tutorial']) retrieved from /home/airflow/.local/lib/python3.7/site-packages/airflow/example_dags/tutorial.py
[2022-11-20T17:31:52.106+0000] {logging_mixin.py:120} INFO - [2022-11-20T17:31:52.106+0000] {dag.py:2585} INFO - Sync 1 DAGs
[2022-11-20T17:31:52.117+0000] {logging_mixin.py:120} INFO - [2022-11-20T17:31:52.117+0000] {dag.py:3340} INFO - Setting next_dagrun for tutorial to 2022-11-19T17:31:52.117808+00:00, run_after=2022-11-20T17:31:52.117808+00:00
[2022-11-20T17:31:52.127+0000] {processor.py:176} INFO - Processing /home/airflow/.local/lib/python3.7/site-packages/airflow/example_dags/tutorial.py took 0.052 seconds
[2022-11-20T17:32:23.194+0000] {processor.py:154} INFO - Started process (PID=3888) to work on /home/airflow/.local/lib/python3.7/site-packages/airflow/example_dags/tutorial.py
[2022-11-20T17:32:23.195+0000] {processor.py:756} INFO - Processing file /home/airflow/.local/lib/python3.7/site-packages/airflow/example_dags/tutorial.py for tasks to queue
[2022-11-20T17:32:23.196+0000] {logging_mixin.py:120} INFO - [2022-11-20T17:32:23.196+0000] {dagbag.py:537} INFO - Filling up the DagBag from /home/airflow/.local/lib/python3.7/site-packages/airflow/example_dags/tutorial.py
[2022-11-20T17:32:23.204+0000] {processor.py:766} INFO - DAG(s) dict_keys(['tutorial']) retrieved from /home/airflow/.local/lib/python3.7/site-packages/airflow/example_dags/tutorial.py
[2022-11-20T17:32:23.268+0000] {logging_mixin.py:120} INFO - [2022-11-20T17:32:23.268+0000] {dag.py:2585} INFO - Sync 1 DAGs
[2022-11-20T17:32:23.285+0000] {logging_mixin.py:120} INFO - [2022-11-20T17:32:23.285+0000] {dag.py:3340} INFO - Setting next_dagrun for tutorial to 2022-11-19T17:32:23.285632+00:00, run_after=2022-11-20T17:32:23.285632+00:00
[2022-11-20T17:32:23.297+0000] {processor.py:176} INFO - Processing /home/airflow/.local/lib/python3.7/site-packages/airflow/example_dags/tutorial.py took 0.105 seconds
[2022-11-20T17:32:54.307+0000] {processor.py:154} INFO - Started process (PID=3953) to work on /home/airflow/.local/lib/python3.7/site-packages/airflow/example_dags/tutorial.py
[2022-11-20T17:32:54.309+0000] {processor.py:756} INFO - Processing file /home/airflow/.local/lib/python3.7/site-packages/airflow/example_dags/tutorial.py for tasks to queue
[2022-11-20T17:32:54.310+0000] {logging_mixin.py:120} INFO - [2022-11-20T17:32:54.309+0000] {dagbag.py:537} INFO - Filling up the DagBag from /home/airflow/.local/lib/python3.7/site-packages/airflow/example_dags/tutorial.py
[2022-11-20T17:32:54.328+0000] {processor.py:766} INFO - DAG(s) dict_keys(['tutorial']) retrieved from /home/airflow/.local/lib/python3.7/site-packages/airflow/example_dags/tutorial.py
[2022-11-20T17:32:54.355+0000] {logging_mixin.py:120} INFO - [2022-11-20T17:32:54.354+0000] {dag.py:2585} INFO - Sync 1 DAGs
[2022-11-20T17:32:54.368+0000] {logging_mixin.py:120} INFO - [2022-11-20T17:32:54.368+0000] {dag.py:3340} INFO - Setting next_dagrun for tutorial to 2022-11-19T17:32:54.367957+00:00, run_after=2022-11-20T17:32:54.367957+00:00
[2022-11-20T17:32:54.378+0000] {processor.py:176} INFO - Processing /home/airflow/.local/lib/python3.7/site-packages/airflow/example_dags/tutorial.py took 0.075 seconds
[2022-11-20T17:33:24.457+0000] {processor.py:154} INFO - Started process (PID=4020) to work on /home/airflow/.local/lib/python3.7/site-packages/airflow/example_dags/tutorial.py
[2022-11-20T17:33:24.458+0000] {processor.py:756} INFO - Processing file /home/airflow/.local/lib/python3.7/site-packages/airflow/example_dags/tutorial.py for tasks to queue
[2022-11-20T17:33:24.459+0000] {logging_mixin.py:120} INFO - [2022-11-20T17:33:24.459+0000] {dagbag.py:537} INFO - Filling up the DagBag from /home/airflow/.local/lib/python3.7/site-packages/airflow/example_dags/tutorial.py
[2022-11-20T17:33:24.476+0000] {processor.py:766} INFO - DAG(s) dict_keys(['tutorial']) retrieved from /home/airflow/.local/lib/python3.7/site-packages/airflow/example_dags/tutorial.py
[2022-11-20T17:33:24.506+0000] {logging_mixin.py:120} INFO - [2022-11-20T17:33:24.506+0000] {dag.py:2585} INFO - Sync 1 DAGs
[2022-11-20T17:33:24.521+0000] {logging_mixin.py:120} INFO - [2022-11-20T17:33:24.521+0000] {dag.py:3340} INFO - Setting next_dagrun for tutorial to 2022-11-19T17:33:24.521051+00:00, run_after=2022-11-20T17:33:24.521051+00:00
[2022-11-20T17:33:24.531+0000] {processor.py:176} INFO - Processing /home/airflow/.local/lib/python3.7/site-packages/airflow/example_dags/tutorial.py took 0.081 seconds
[2022-11-20T17:33:55.427+0000] {processor.py:154} INFO - Started process (PID=4085) to work on /home/airflow/.local/lib/python3.7/site-packages/airflow/example_dags/tutorial.py
[2022-11-20T17:33:55.429+0000] {processor.py:756} INFO - Processing file /home/airflow/.local/lib/python3.7/site-packages/airflow/example_dags/tutorial.py for tasks to queue
[2022-11-20T17:33:55.429+0000] {logging_mixin.py:120} INFO - [2022-11-20T17:33:55.429+0000] {dagbag.py:537} INFO - Filling up the DagBag from /home/airflow/.local/lib/python3.7/site-packages/airflow/example_dags/tutorial.py
[2022-11-20T17:33:55.444+0000] {processor.py:766} INFO - DAG(s) dict_keys(['tutorial']) retrieved from /home/airflow/.local/lib/python3.7/site-packages/airflow/example_dags/tutorial.py
[2022-11-20T17:33:55.470+0000] {logging_mixin.py:120} INFO - [2022-11-20T17:33:55.470+0000] {dag.py:2585} INFO - Sync 1 DAGs
[2022-11-20T17:33:55.483+0000] {logging_mixin.py:120} INFO - [2022-11-20T17:33:55.483+0000] {dag.py:3340} INFO - Setting next_dagrun for tutorial to 2022-11-19T17:33:55.483123+00:00, run_after=2022-11-20T17:33:55.483123+00:00
[2022-11-20T17:33:55.493+0000] {processor.py:176} INFO - Processing /home/airflow/.local/lib/python3.7/site-packages/airflow/example_dags/tutorial.py took 0.070 seconds
[2022-11-20T17:34:26.413+0000] {processor.py:154} INFO - Started process (PID=4151) to work on /home/airflow/.local/lib/python3.7/site-packages/airflow/example_dags/tutorial.py
[2022-11-20T17:34:26.414+0000] {processor.py:756} INFO - Processing file /home/airflow/.local/lib/python3.7/site-packages/airflow/example_dags/tutorial.py for tasks to queue
[2022-11-20T17:34:26.415+0000] {logging_mixin.py:120} INFO - [2022-11-20T17:34:26.415+0000] {dagbag.py:537} INFO - Filling up the DagBag from /home/airflow/.local/lib/python3.7/site-packages/airflow/example_dags/tutorial.py
[2022-11-20T17:34:26.432+0000] {processor.py:766} INFO - DAG(s) dict_keys(['tutorial']) retrieved from /home/airflow/.local/lib/python3.7/site-packages/airflow/example_dags/tutorial.py
[2022-11-20T17:34:26.458+0000] {logging_mixin.py:120} INFO - [2022-11-20T17:34:26.458+0000] {dag.py:2585} INFO - Sync 1 DAGs
[2022-11-20T17:34:26.470+0000] {logging_mixin.py:120} INFO - [2022-11-20T17:34:26.470+0000] {dag.py:3340} INFO - Setting next_dagrun for tutorial to 2022-11-19T17:34:26.470467+00:00, run_after=2022-11-20T17:34:26.470467+00:00
[2022-11-20T17:34:26.480+0000] {processor.py:176} INFO - Processing /home/airflow/.local/lib/python3.7/site-packages/airflow/example_dags/tutorial.py took 0.072 seconds
[2022-11-20T17:34:57.451+0000] {processor.py:154} INFO - Started process (PID=4221) to work on /home/airflow/.local/lib/python3.7/site-packages/airflow/example_dags/tutorial.py
[2022-11-20T17:34:57.452+0000] {processor.py:756} INFO - Processing file /home/airflow/.local/lib/python3.7/site-packages/airflow/example_dags/tutorial.py for tasks to queue
[2022-11-20T17:34:57.454+0000] {logging_mixin.py:120} INFO - [2022-11-20T17:34:57.453+0000] {dagbag.py:537} INFO - Filling up the DagBag from /home/airflow/.local/lib/python3.7/site-packages/airflow/example_dags/tutorial.py
[2022-11-20T17:34:57.471+0000] {processor.py:766} INFO - DAG(s) dict_keys(['tutorial']) retrieved from /home/airflow/.local/lib/python3.7/site-packages/airflow/example_dags/tutorial.py
[2022-11-20T17:34:57.500+0000] {logging_mixin.py:120} INFO - [2022-11-20T17:34:57.499+0000] {dag.py:2585} INFO - Sync 1 DAGs
[2022-11-20T17:34:57.514+0000] {logging_mixin.py:120} INFO - [2022-11-20T17:34:57.514+0000] {dag.py:3340} INFO - Setting next_dagrun for tutorial to 2022-11-19T17:34:57.514221+00:00, run_after=2022-11-20T17:34:57.514221+00:00
[2022-11-20T17:34:57.526+0000] {processor.py:176} INFO - Processing /home/airflow/.local/lib/python3.7/site-packages/airflow/example_dags/tutorial.py took 0.080 seconds
[2022-11-20T17:35:28.296+0000] {processor.py:154} INFO - Started process (PID=4288) to work on /home/airflow/.local/lib/python3.7/site-packages/airflow/example_dags/tutorial.py
[2022-11-20T17:35:28.297+0000] {processor.py:756} INFO - Processing file /home/airflow/.local/lib/python3.7/site-packages/airflow/example_dags/tutorial.py for tasks to queue
[2022-11-20T17:35:28.298+0000] {logging_mixin.py:120} INFO - [2022-11-20T17:35:28.298+0000] {dagbag.py:537} INFO - Filling up the DagBag from /home/airflow/.local/lib/python3.7/site-packages/airflow/example_dags/tutorial.py
[2022-11-20T17:35:28.309+0000] {processor.py:766} INFO - DAG(s) dict_keys(['tutorial']) retrieved from /home/airflow/.local/lib/python3.7/site-packages/airflow/example_dags/tutorial.py
[2022-11-20T17:35:28.333+0000] {logging_mixin.py:120} INFO - [2022-11-20T17:35:28.333+0000] {dag.py:2585} INFO - Sync 1 DAGs
[2022-11-20T17:35:28.346+0000] {logging_mixin.py:120} INFO - [2022-11-20T17:35:28.345+0000] {dag.py:3340} INFO - Setting next_dagrun for tutorial to 2022-11-19T17:35:28.345780+00:00, run_after=2022-11-20T17:35:28.345780+00:00
[2022-11-20T17:35:28.355+0000] {processor.py:176} INFO - Processing /home/airflow/.local/lib/python3.7/site-packages/airflow/example_dags/tutorial.py took 0.063 seconds
