[2022-11-20T12:59:09.255+0000] {processor.py:154} INFO - Started process (PID=33) to work on /opt/airflow/dags/my_dag.py
[2022-11-20T12:59:09.256+0000] {processor.py:756} INFO - Processing file /opt/airflow/dags/my_dag.py for tasks to queue
[2022-11-20T12:59:09.257+0000] {logging_mixin.py:120} INFO - [2022-11-20T12:59:09.257+0000] {dagbag.py:537} INFO - Filling up the DagBag from /opt/airflow/dags/my_dag.py
[2022-11-20T12:59:09.307+0000] {processor.py:766} INFO - DAG(s) dict_keys(['my_dag']) retrieved from /opt/airflow/dags/my_dag.py
[2022-11-20T12:59:09.364+0000] {logging_mixin.py:120} INFO - [2022-11-20T12:59:09.364+0000] {dag.py:2585} INFO - Sync 1 DAGs
[2022-11-20T12:59:09.382+0000] {logging_mixin.py:120} INFO - [2022-11-20T12:59:09.382+0000] {dag.py:3340} INFO - Setting next_dagrun for my_dag to 2022-11-19T00:00:00+00:00, run_after=2022-11-20T00:00:00+00:00
[2022-11-20T12:59:09.416+0000] {processor.py:176} INFO - Processing /opt/airflow/dags/my_dag.py took 0.164 seconds
[2022-11-20T12:59:39.700+0000] {processor.py:154} INFO - Started process (PID=118) to work on /opt/airflow/dags/my_dag.py
[2022-11-20T12:59:39.701+0000] {processor.py:756} INFO - Processing file /opt/airflow/dags/my_dag.py for tasks to queue
[2022-11-20T12:59:39.702+0000] {logging_mixin.py:120} INFO - [2022-11-20T12:59:39.702+0000] {dagbag.py:537} INFO - Filling up the DagBag from /opt/airflow/dags/my_dag.py
[2022-11-20T12:59:39.730+0000] {processor.py:766} INFO - DAG(s) dict_keys(['my_dag']) retrieved from /opt/airflow/dags/my_dag.py
[2022-11-20T12:59:39.775+0000] {logging_mixin.py:120} INFO - [2022-11-20T12:59:39.775+0000] {dag.py:2585} INFO - Sync 1 DAGs
[2022-11-20T12:59:39.792+0000] {logging_mixin.py:120} INFO - [2022-11-20T12:59:39.792+0000] {dag.py:3340} INFO - Setting next_dagrun for my_dag to 2022-11-20T00:00:00+00:00, run_after=2022-11-21T00:00:00+00:00
[2022-11-20T12:59:39.802+0000] {processor.py:176} INFO - Processing /opt/airflow/dags/my_dag.py took 0.108 seconds
[2022-11-20T13:00:10.572+0000] {processor.py:154} INFO - Started process (PID=186) to work on /opt/airflow/dags/my_dag.py
[2022-11-20T13:00:10.574+0000] {processor.py:756} INFO - Processing file /opt/airflow/dags/my_dag.py for tasks to queue
[2022-11-20T13:00:10.575+0000] {logging_mixin.py:120} INFO - [2022-11-20T13:00:10.575+0000] {dagbag.py:537} INFO - Filling up the DagBag from /opt/airflow/dags/my_dag.py
[2022-11-20T13:00:10.603+0000] {processor.py:766} INFO - DAG(s) dict_keys(['my_dag']) retrieved from /opt/airflow/dags/my_dag.py
[2022-11-20T13:00:10.639+0000] {logging_mixin.py:120} INFO - [2022-11-20T13:00:10.639+0000] {dag.py:2585} INFO - Sync 1 DAGs
[2022-11-20T13:00:10.657+0000] {logging_mixin.py:120} INFO - [2022-11-20T13:00:10.657+0000] {dag.py:3340} INFO - Setting next_dagrun for my_dag to 2022-11-20T00:00:00+00:00, run_after=2022-11-21T00:00:00+00:00
[2022-11-20T13:00:10.671+0000] {processor.py:176} INFO - Processing /opt/airflow/dags/my_dag.py took 0.102 seconds
[2022-11-20T13:00:41.285+0000] {processor.py:154} INFO - Started process (PID=254) to work on /opt/airflow/dags/my_dag.py
[2022-11-20T13:00:41.287+0000] {processor.py:756} INFO - Processing file /opt/airflow/dags/my_dag.py for tasks to queue
[2022-11-20T13:00:41.287+0000] {logging_mixin.py:120} INFO - [2022-11-20T13:00:41.287+0000] {dagbag.py:537} INFO - Filling up the DagBag from /opt/airflow/dags/my_dag.py
[2022-11-20T13:00:41.307+0000] {processor.py:766} INFO - DAG(s) dict_keys(['my_dag']) retrieved from /opt/airflow/dags/my_dag.py
[2022-11-20T13:00:41.337+0000] {logging_mixin.py:120} INFO - [2022-11-20T13:00:41.337+0000] {dag.py:2585} INFO - Sync 1 DAGs
[2022-11-20T13:00:41.357+0000] {logging_mixin.py:120} INFO - [2022-11-20T13:00:41.357+0000] {dag.py:3340} INFO - Setting next_dagrun for my_dag to 2022-11-20T00:00:00+00:00, run_after=2022-11-21T00:00:00+00:00
[2022-11-20T13:00:41.372+0000] {processor.py:176} INFO - Processing /opt/airflow/dags/my_dag.py took 0.091 seconds
[2022-11-20T13:01:12.068+0000] {processor.py:154} INFO - Started process (PID=311) to work on /opt/airflow/dags/my_dag.py
[2022-11-20T13:01:12.070+0000] {processor.py:756} INFO - Processing file /opt/airflow/dags/my_dag.py for tasks to queue
[2022-11-20T13:01:12.071+0000] {logging_mixin.py:120} INFO - [2022-11-20T13:01:12.071+0000] {dagbag.py:537} INFO - Filling up the DagBag from /opt/airflow/dags/my_dag.py
[2022-11-20T13:01:12.102+0000] {processor.py:766} INFO - DAG(s) dict_keys(['my_dag']) retrieved from /opt/airflow/dags/my_dag.py
[2022-11-20T13:01:12.142+0000] {logging_mixin.py:120} INFO - [2022-11-20T13:01:12.142+0000] {dag.py:2585} INFO - Sync 1 DAGs
[2022-11-20T13:01:12.178+0000] {logging_mixin.py:120} INFO - [2022-11-20T13:01:12.178+0000] {dag.py:3340} INFO - Setting next_dagrun for my_dag to 2022-11-20T00:00:00+00:00, run_after=2022-11-21T00:00:00+00:00
[2022-11-20T13:01:12.197+0000] {processor.py:176} INFO - Processing /opt/airflow/dags/my_dag.py took 0.132 seconds
[2022-11-20T13:01:42.255+0000] {processor.py:154} INFO - Started process (PID=382) to work on /opt/airflow/dags/my_dag.py
[2022-11-20T13:01:42.256+0000] {processor.py:756} INFO - Processing file /opt/airflow/dags/my_dag.py for tasks to queue
[2022-11-20T13:01:42.259+0000] {logging_mixin.py:120} INFO - [2022-11-20T13:01:42.258+0000] {dagbag.py:537} INFO - Filling up the DagBag from /opt/airflow/dags/my_dag.py
[2022-11-20T13:01:42.281+0000] {processor.py:766} INFO - DAG(s) dict_keys(['my_dag']) retrieved from /opt/airflow/dags/my_dag.py
[2022-11-20T13:01:42.307+0000] {logging_mixin.py:120} INFO - [2022-11-20T13:01:42.307+0000] {dag.py:2585} INFO - Sync 1 DAGs
[2022-11-20T13:01:42.321+0000] {logging_mixin.py:120} INFO - [2022-11-20T13:01:42.321+0000] {dag.py:3340} INFO - Setting next_dagrun for my_dag to 2022-11-20T00:00:00+00:00, run_after=2022-11-21T00:00:00+00:00
[2022-11-20T13:01:42.331+0000] {processor.py:176} INFO - Processing /opt/airflow/dags/my_dag.py took 0.083 seconds
[2022-11-20T13:02:13.350+0000] {processor.py:154} INFO - Started process (PID=447) to work on /opt/airflow/dags/my_dag.py
[2022-11-20T13:02:13.353+0000] {processor.py:756} INFO - Processing file /opt/airflow/dags/my_dag.py for tasks to queue
[2022-11-20T13:02:13.355+0000] {logging_mixin.py:120} INFO - [2022-11-20T13:02:13.355+0000] {dagbag.py:537} INFO - Filling up the DagBag from /opt/airflow/dags/my_dag.py
[2022-11-20T13:02:13.375+0000] {processor.py:766} INFO - DAG(s) dict_keys(['my_dag']) retrieved from /opt/airflow/dags/my_dag.py
[2022-11-20T13:02:13.409+0000] {logging_mixin.py:120} INFO - [2022-11-20T13:02:13.409+0000] {dag.py:2585} INFO - Sync 1 DAGs
[2022-11-20T13:02:13.430+0000] {logging_mixin.py:120} INFO - [2022-11-20T13:02:13.430+0000] {dag.py:3340} INFO - Setting next_dagrun for my_dag to 2022-11-20T00:00:00+00:00, run_after=2022-11-21T00:00:00+00:00
[2022-11-20T13:02:13.442+0000] {processor.py:176} INFO - Processing /opt/airflow/dags/my_dag.py took 0.095 seconds
[2022-11-20T13:02:44.141+0000] {processor.py:154} INFO - Started process (PID=516) to work on /opt/airflow/dags/my_dag.py
[2022-11-20T13:02:44.143+0000] {processor.py:756} INFO - Processing file /opt/airflow/dags/my_dag.py for tasks to queue
[2022-11-20T13:02:44.144+0000] {logging_mixin.py:120} INFO - [2022-11-20T13:02:44.143+0000] {dagbag.py:537} INFO - Filling up the DagBag from /opt/airflow/dags/my_dag.py
[2022-11-20T13:02:44.163+0000] {processor.py:766} INFO - DAG(s) dict_keys(['my_dag']) retrieved from /opt/airflow/dags/my_dag.py
[2022-11-20T13:02:44.185+0000] {logging_mixin.py:120} INFO - [2022-11-20T13:02:44.184+0000] {dag.py:2585} INFO - Sync 1 DAGs
[2022-11-20T13:02:44.196+0000] {logging_mixin.py:120} INFO - [2022-11-20T13:02:44.196+0000] {dag.py:3340} INFO - Setting next_dagrun for my_dag to 2022-11-20T00:00:00+00:00, run_after=2022-11-21T00:00:00+00:00
[2022-11-20T13:02:44.205+0000] {processor.py:176} INFO - Processing /opt/airflow/dags/my_dag.py took 0.069 seconds
[2022-11-20T13:03:14.912+0000] {processor.py:154} INFO - Started process (PID=579) to work on /opt/airflow/dags/my_dag.py
[2022-11-20T13:03:14.914+0000] {processor.py:756} INFO - Processing file /opt/airflow/dags/my_dag.py for tasks to queue
[2022-11-20T13:03:14.915+0000] {logging_mixin.py:120} INFO - [2022-11-20T13:03:14.915+0000] {dagbag.py:537} INFO - Filling up the DagBag from /opt/airflow/dags/my_dag.py
[2022-11-20T13:03:14.935+0000] {processor.py:766} INFO - DAG(s) dict_keys(['my_dag']) retrieved from /opt/airflow/dags/my_dag.py
[2022-11-20T13:03:14.964+0000] {logging_mixin.py:120} INFO - [2022-11-20T13:03:14.964+0000] {dag.py:2585} INFO - Sync 1 DAGs
[2022-11-20T13:03:14.980+0000] {logging_mixin.py:120} INFO - [2022-11-20T13:03:14.980+0000] {dag.py:3340} INFO - Setting next_dagrun for my_dag to 2022-11-20T00:00:00+00:00, run_after=2022-11-21T00:00:00+00:00
[2022-11-20T13:03:14.990+0000] {processor.py:176} INFO - Processing /opt/airflow/dags/my_dag.py took 0.084 seconds
[2022-11-20T13:03:45.871+0000] {processor.py:154} INFO - Started process (PID=647) to work on /opt/airflow/dags/my_dag.py
[2022-11-20T13:03:45.872+0000] {processor.py:756} INFO - Processing file /opt/airflow/dags/my_dag.py for tasks to queue
[2022-11-20T13:03:45.873+0000] {logging_mixin.py:120} INFO - [2022-11-20T13:03:45.873+0000] {dagbag.py:537} INFO - Filling up the DagBag from /opt/airflow/dags/my_dag.py
[2022-11-20T13:03:45.894+0000] {processor.py:766} INFO - DAG(s) dict_keys(['my_dag']) retrieved from /opt/airflow/dags/my_dag.py
[2022-11-20T13:03:45.915+0000] {logging_mixin.py:120} INFO - [2022-11-20T13:03:45.915+0000] {dag.py:2585} INFO - Sync 1 DAGs
[2022-11-20T13:03:45.930+0000] {logging_mixin.py:120} INFO - [2022-11-20T13:03:45.929+0000] {dag.py:3340} INFO - Setting next_dagrun for my_dag to 2022-11-20T00:00:00+00:00, run_after=2022-11-21T00:00:00+00:00
[2022-11-20T13:03:45.940+0000] {processor.py:176} INFO - Processing /opt/airflow/dags/my_dag.py took 0.074 seconds
[2022-11-20T13:04:16.616+0000] {processor.py:154} INFO - Started process (PID=716) to work on /opt/airflow/dags/my_dag.py
[2022-11-20T13:04:16.617+0000] {processor.py:756} INFO - Processing file /opt/airflow/dags/my_dag.py for tasks to queue
[2022-11-20T13:04:16.618+0000] {logging_mixin.py:120} INFO - [2022-11-20T13:04:16.617+0000] {dagbag.py:537} INFO - Filling up the DagBag from /opt/airflow/dags/my_dag.py
[2022-11-20T13:04:16.634+0000] {processor.py:766} INFO - DAG(s) dict_keys(['my_dag']) retrieved from /opt/airflow/dags/my_dag.py
[2022-11-20T13:04:16.670+0000] {logging_mixin.py:120} INFO - [2022-11-20T13:04:16.670+0000] {dag.py:2585} INFO - Sync 1 DAGs
[2022-11-20T13:04:16.686+0000] {logging_mixin.py:120} INFO - [2022-11-20T13:04:16.686+0000] {dag.py:3340} INFO - Setting next_dagrun for my_dag to 2022-11-20T00:00:00+00:00, run_after=2022-11-21T00:00:00+00:00
[2022-11-20T13:04:16.704+0000] {processor.py:176} INFO - Processing /opt/airflow/dags/my_dag.py took 0.090 seconds
[2022-11-20T13:04:46.768+0000] {processor.py:154} INFO - Started process (PID=776) to work on /opt/airflow/dags/my_dag.py
[2022-11-20T13:04:46.770+0000] {processor.py:756} INFO - Processing file /opt/airflow/dags/my_dag.py for tasks to queue
[2022-11-20T13:04:46.771+0000] {logging_mixin.py:120} INFO - [2022-11-20T13:04:46.770+0000] {dagbag.py:537} INFO - Filling up the DagBag from /opt/airflow/dags/my_dag.py
[2022-11-20T13:04:46.793+0000] {processor.py:766} INFO - DAG(s) dict_keys(['my_dag']) retrieved from /opt/airflow/dags/my_dag.py
[2022-11-20T13:04:46.820+0000] {logging_mixin.py:120} INFO - [2022-11-20T13:04:46.820+0000] {dag.py:2585} INFO - Sync 1 DAGs
[2022-11-20T13:04:46.835+0000] {logging_mixin.py:120} INFO - [2022-11-20T13:04:46.835+0000] {dag.py:3340} INFO - Setting next_dagrun for my_dag to 2022-11-20T00:00:00+00:00, run_after=2022-11-21T00:00:00+00:00
[2022-11-20T13:04:46.845+0000] {processor.py:176} INFO - Processing /opt/airflow/dags/my_dag.py took 0.084 seconds
[2022-11-20T13:05:16.880+0000] {processor.py:154} INFO - Started process (PID=841) to work on /opt/airflow/dags/my_dag.py
[2022-11-20T13:05:16.881+0000] {processor.py:756} INFO - Processing file /opt/airflow/dags/my_dag.py for tasks to queue
[2022-11-20T13:05:16.883+0000] {logging_mixin.py:120} INFO - [2022-11-20T13:05:16.882+0000] {dagbag.py:537} INFO - Filling up the DagBag from /opt/airflow/dags/my_dag.py
[2022-11-20T13:05:16.905+0000] {processor.py:766} INFO - DAG(s) dict_keys(['my_dag']) retrieved from /opt/airflow/dags/my_dag.py
[2022-11-20T13:05:16.968+0000] {logging_mixin.py:120} INFO - [2022-11-20T13:05:16.968+0000] {dag.py:2585} INFO - Sync 1 DAGs
[2022-11-20T13:05:16.983+0000] {logging_mixin.py:120} INFO - [2022-11-20T13:05:16.983+0000] {dag.py:3340} INFO - Setting next_dagrun for my_dag to 2022-11-20T00:00:00+00:00, run_after=2022-11-21T00:00:00+00:00
[2022-11-20T13:05:16.993+0000] {processor.py:176} INFO - Processing /opt/airflow/dags/my_dag.py took 0.117 seconds
[2022-11-20T13:05:47.639+0000] {processor.py:154} INFO - Started process (PID=909) to work on /opt/airflow/dags/my_dag.py
[2022-11-20T13:05:47.640+0000] {processor.py:756} INFO - Processing file /opt/airflow/dags/my_dag.py for tasks to queue
[2022-11-20T13:05:47.641+0000] {logging_mixin.py:120} INFO - [2022-11-20T13:05:47.640+0000] {dagbag.py:537} INFO - Filling up the DagBag from /opt/airflow/dags/my_dag.py
[2022-11-20T13:05:47.658+0000] {processor.py:766} INFO - DAG(s) dict_keys(['my_dag']) retrieved from /opt/airflow/dags/my_dag.py
[2022-11-20T13:05:47.678+0000] {logging_mixin.py:120} INFO - [2022-11-20T13:05:47.678+0000] {dag.py:2585} INFO - Sync 1 DAGs
[2022-11-20T13:05:47.692+0000] {logging_mixin.py:120} INFO - [2022-11-20T13:05:47.692+0000] {dag.py:3340} INFO - Setting next_dagrun for my_dag to 2022-11-20T00:00:00+00:00, run_after=2022-11-21T00:00:00+00:00
[2022-11-20T13:05:47.700+0000] {processor.py:176} INFO - Processing /opt/airflow/dags/my_dag.py took 0.064 seconds
[2022-11-20T13:06:18.465+0000] {processor.py:154} INFO - Started process (PID=974) to work on /opt/airflow/dags/my_dag.py
[2022-11-20T13:06:18.467+0000] {processor.py:756} INFO - Processing file /opt/airflow/dags/my_dag.py for tasks to queue
[2022-11-20T13:06:18.467+0000] {logging_mixin.py:120} INFO - [2022-11-20T13:06:18.467+0000] {dagbag.py:537} INFO - Filling up the DagBag from /opt/airflow/dags/my_dag.py
[2022-11-20T13:06:18.490+0000] {processor.py:766} INFO - DAG(s) dict_keys(['my_dag']) retrieved from /opt/airflow/dags/my_dag.py
[2022-11-20T13:06:18.512+0000] {logging_mixin.py:120} INFO - [2022-11-20T13:06:18.512+0000] {dag.py:2585} INFO - Sync 1 DAGs
[2022-11-20T13:06:18.525+0000] {logging_mixin.py:120} INFO - [2022-11-20T13:06:18.525+0000] {dag.py:3340} INFO - Setting next_dagrun for my_dag to 2022-11-20T00:00:00+00:00, run_after=2022-11-21T00:00:00+00:00
[2022-11-20T13:06:18.534+0000] {processor.py:176} INFO - Processing /opt/airflow/dags/my_dag.py took 0.073 seconds
[2022-11-20T13:06:49.258+0000] {processor.py:154} INFO - Started process (PID=1042) to work on /opt/airflow/dags/my_dag.py
[2022-11-20T13:06:49.259+0000] {processor.py:756} INFO - Processing file /opt/airflow/dags/my_dag.py for tasks to queue
[2022-11-20T13:06:49.260+0000] {logging_mixin.py:120} INFO - [2022-11-20T13:06:49.260+0000] {dagbag.py:537} INFO - Filling up the DagBag from /opt/airflow/dags/my_dag.py
[2022-11-20T13:06:49.282+0000] {processor.py:766} INFO - DAG(s) dict_keys(['my_dag']) retrieved from /opt/airflow/dags/my_dag.py
[2022-11-20T13:06:49.305+0000] {logging_mixin.py:120} INFO - [2022-11-20T13:06:49.305+0000] {dag.py:2585} INFO - Sync 1 DAGs
[2022-11-20T13:06:49.318+0000] {logging_mixin.py:120} INFO - [2022-11-20T13:06:49.318+0000] {dag.py:3340} INFO - Setting next_dagrun for my_dag to 2022-11-20T00:00:00+00:00, run_after=2022-11-21T00:00:00+00:00
[2022-11-20T13:06:49.328+0000] {processor.py:176} INFO - Processing /opt/airflow/dags/my_dag.py took 0.075 seconds
[2022-11-20T13:18:22.426+0000] {processor.py:154} INFO - Started process (PID=1087) to work on /opt/airflow/dags/my_dag.py
[2022-11-20T13:18:22.426+0000] {processor.py:756} INFO - Processing file /opt/airflow/dags/my_dag.py for tasks to queue
[2022-11-20T13:18:22.427+0000] {logging_mixin.py:120} INFO - [2022-11-20T13:18:22.427+0000] {dagbag.py:537} INFO - Filling up the DagBag from /opt/airflow/dags/my_dag.py
[2022-11-20T13:18:22.444+0000] {processor.py:766} INFO - DAG(s) dict_keys(['my_dag']) retrieved from /opt/airflow/dags/my_dag.py
[2022-11-20T13:18:22.468+0000] {logging_mixin.py:120} INFO - [2022-11-20T13:18:22.468+0000] {dag.py:2585} INFO - Sync 1 DAGs
[2022-11-20T13:18:22.482+0000] {logging_mixin.py:120} INFO - [2022-11-20T13:18:22.481+0000] {dag.py:3340} INFO - Setting next_dagrun for my_dag to 2022-11-20T00:00:00+00:00, run_after=2022-11-21T00:00:00+00:00
[2022-11-20T13:18:22.494+0000] {processor.py:176} INFO - Processing /opt/airflow/dags/my_dag.py took 0.070 seconds
[2022-11-20T13:18:53.325+0000] {processor.py:154} INFO - Started process (PID=1154) to work on /opt/airflow/dags/my_dag.py
[2022-11-20T13:18:53.326+0000] {processor.py:756} INFO - Processing file /opt/airflow/dags/my_dag.py for tasks to queue
[2022-11-20T13:18:53.327+0000] {logging_mixin.py:120} INFO - [2022-11-20T13:18:53.327+0000] {dagbag.py:537} INFO - Filling up the DagBag from /opt/airflow/dags/my_dag.py
[2022-11-20T13:18:53.347+0000] {processor.py:766} INFO - DAG(s) dict_keys(['my_dag']) retrieved from /opt/airflow/dags/my_dag.py
[2022-11-20T13:18:53.380+0000] {logging_mixin.py:120} INFO - [2022-11-20T13:18:53.380+0000] {dag.py:2585} INFO - Sync 1 DAGs
[2022-11-20T13:18:53.398+0000] {logging_mixin.py:120} INFO - [2022-11-20T13:18:53.398+0000] {dag.py:3340} INFO - Setting next_dagrun for my_dag to 2022-11-20T00:00:00+00:00, run_after=2022-11-21T00:00:00+00:00
[2022-11-20T13:18:53.409+0000] {processor.py:176} INFO - Processing /opt/airflow/dags/my_dag.py took 0.091 seconds
[2022-11-20T13:19:24.329+0000] {processor.py:154} INFO - Started process (PID=1221) to work on /opt/airflow/dags/my_dag.py
[2022-11-20T13:19:24.330+0000] {processor.py:756} INFO - Processing file /opt/airflow/dags/my_dag.py for tasks to queue
[2022-11-20T13:19:24.330+0000] {logging_mixin.py:120} INFO - [2022-11-20T13:19:24.330+0000] {dagbag.py:537} INFO - Filling up the DagBag from /opt/airflow/dags/my_dag.py
[2022-11-20T13:19:24.351+0000] {processor.py:766} INFO - DAG(s) dict_keys(['my_dag']) retrieved from /opt/airflow/dags/my_dag.py
[2022-11-20T13:19:24.390+0000] {logging_mixin.py:120} INFO - [2022-11-20T13:19:24.390+0000] {dag.py:2585} INFO - Sync 1 DAGs
[2022-11-20T13:19:24.406+0000] {logging_mixin.py:120} INFO - [2022-11-20T13:19:24.406+0000] {dag.py:3340} INFO - Setting next_dagrun for my_dag to 2022-11-20T00:00:00+00:00, run_after=2022-11-21T00:00:00+00:00
[2022-11-20T13:19:24.423+0000] {processor.py:176} INFO - Processing /opt/airflow/dags/my_dag.py took 0.097 seconds
[2022-11-20T13:19:55.164+0000] {processor.py:154} INFO - Started process (PID=1282) to work on /opt/airflow/dags/my_dag.py
[2022-11-20T13:19:55.169+0000] {processor.py:756} INFO - Processing file /opt/airflow/dags/my_dag.py for tasks to queue
[2022-11-20T13:19:55.170+0000] {logging_mixin.py:120} INFO - [2022-11-20T13:19:55.170+0000] {dagbag.py:537} INFO - Filling up the DagBag from /opt/airflow/dags/my_dag.py
[2022-11-20T13:19:55.196+0000] {processor.py:766} INFO - DAG(s) dict_keys(['my_dag']) retrieved from /opt/airflow/dags/my_dag.py
[2022-11-20T13:19:55.228+0000] {logging_mixin.py:120} INFO - [2022-11-20T13:19:55.228+0000] {dag.py:2585} INFO - Sync 1 DAGs
[2022-11-20T13:19:55.244+0000] {logging_mixin.py:120} INFO - [2022-11-20T13:19:55.243+0000] {dag.py:3340} INFO - Setting next_dagrun for my_dag to 2022-11-20T00:00:00+00:00, run_after=2022-11-21T00:00:00+00:00
[2022-11-20T13:19:55.255+0000] {processor.py:176} INFO - Processing /opt/airflow/dags/my_dag.py took 0.098 seconds
[2022-11-20T13:20:26.294+0000] {processor.py:154} INFO - Started process (PID=1348) to work on /opt/airflow/dags/my_dag.py
[2022-11-20T13:20:26.296+0000] {processor.py:756} INFO - Processing file /opt/airflow/dags/my_dag.py for tasks to queue
[2022-11-20T13:20:26.297+0000] {logging_mixin.py:120} INFO - [2022-11-20T13:20:26.297+0000] {dagbag.py:537} INFO - Filling up the DagBag from /opt/airflow/dags/my_dag.py
[2022-11-20T13:20:26.322+0000] {processor.py:766} INFO - DAG(s) dict_keys(['my_dag']) retrieved from /opt/airflow/dags/my_dag.py
[2022-11-20T13:20:26.346+0000] {logging_mixin.py:120} INFO - [2022-11-20T13:20:26.346+0000] {dag.py:2585} INFO - Sync 1 DAGs
[2022-11-20T13:20:26.362+0000] {logging_mixin.py:120} INFO - [2022-11-20T13:20:26.362+0000] {dag.py:3340} INFO - Setting next_dagrun for my_dag to 2022-11-20T00:00:00+00:00, run_after=2022-11-21T00:00:00+00:00
[2022-11-20T13:20:26.374+0000] {processor.py:176} INFO - Processing /opt/airflow/dags/my_dag.py took 0.087 seconds
[2022-11-20T13:20:57.230+0000] {processor.py:154} INFO - Started process (PID=1415) to work on /opt/airflow/dags/my_dag.py
[2022-11-20T13:20:57.232+0000] {processor.py:756} INFO - Processing file /opt/airflow/dags/my_dag.py for tasks to queue
[2022-11-20T13:20:57.234+0000] {logging_mixin.py:120} INFO - [2022-11-20T13:20:57.233+0000] {dagbag.py:537} INFO - Filling up the DagBag from /opt/airflow/dags/my_dag.py
[2022-11-20T13:20:57.277+0000] {processor.py:766} INFO - DAG(s) dict_keys(['my_dag']) retrieved from /opt/airflow/dags/my_dag.py
[2022-11-20T13:20:57.310+0000] {logging_mixin.py:120} INFO - [2022-11-20T13:20:57.310+0000] {dag.py:2585} INFO - Sync 1 DAGs
[2022-11-20T13:20:57.331+0000] {logging_mixin.py:120} INFO - [2022-11-20T13:20:57.331+0000] {dag.py:3340} INFO - Setting next_dagrun for my_dag to 2022-11-20T00:00:00+00:00, run_after=2022-11-21T00:00:00+00:00
[2022-11-20T13:20:57.342+0000] {processor.py:176} INFO - Processing /opt/airflow/dags/my_dag.py took 0.119 seconds
[2022-11-20T13:21:28.142+0000] {processor.py:154} INFO - Started process (PID=1483) to work on /opt/airflow/dags/my_dag.py
[2022-11-20T13:21:28.144+0000] {processor.py:756} INFO - Processing file /opt/airflow/dags/my_dag.py for tasks to queue
[2022-11-20T13:21:28.145+0000] {logging_mixin.py:120} INFO - [2022-11-20T13:21:28.145+0000] {dagbag.py:537} INFO - Filling up the DagBag from /opt/airflow/dags/my_dag.py
[2022-11-20T13:21:28.165+0000] {processor.py:766} INFO - DAG(s) dict_keys(['my_dag']) retrieved from /opt/airflow/dags/my_dag.py
[2022-11-20T13:21:28.194+0000] {logging_mixin.py:120} INFO - [2022-11-20T13:21:28.194+0000] {dag.py:2585} INFO - Sync 1 DAGs
[2022-11-20T13:21:28.209+0000] {logging_mixin.py:120} INFO - [2022-11-20T13:21:28.209+0000] {dag.py:3340} INFO - Setting next_dagrun for my_dag to 2022-11-20T00:00:00+00:00, run_after=2022-11-21T00:00:00+00:00
[2022-11-20T13:21:28.220+0000] {processor.py:176} INFO - Processing /opt/airflow/dags/my_dag.py took 0.085 seconds
[2022-11-20T13:21:59.179+0000] {processor.py:154} INFO - Started process (PID=1548) to work on /opt/airflow/dags/my_dag.py
[2022-11-20T13:21:59.183+0000] {processor.py:756} INFO - Processing file /opt/airflow/dags/my_dag.py for tasks to queue
[2022-11-20T13:21:59.184+0000] {logging_mixin.py:120} INFO - [2022-11-20T13:21:59.184+0000] {dagbag.py:537} INFO - Filling up the DagBag from /opt/airflow/dags/my_dag.py
[2022-11-20T13:21:59.206+0000] {processor.py:766} INFO - DAG(s) dict_keys(['my_dag']) retrieved from /opt/airflow/dags/my_dag.py
[2022-11-20T13:21:59.249+0000] {logging_mixin.py:120} INFO - [2022-11-20T13:21:59.249+0000] {dag.py:2585} INFO - Sync 1 DAGs
[2022-11-20T13:21:59.266+0000] {logging_mixin.py:120} INFO - [2022-11-20T13:21:59.266+0000] {dag.py:3340} INFO - Setting next_dagrun for my_dag to 2022-11-20T00:00:00+00:00, run_after=2022-11-21T00:00:00+00:00
[2022-11-20T13:21:59.280+0000] {processor.py:176} INFO - Processing /opt/airflow/dags/my_dag.py took 0.105 seconds
[2022-11-20T13:22:30.248+0000] {processor.py:154} INFO - Started process (PID=1618) to work on /opt/airflow/dags/my_dag.py
[2022-11-20T13:22:30.248+0000] {processor.py:756} INFO - Processing file /opt/airflow/dags/my_dag.py for tasks to queue
[2022-11-20T13:22:30.249+0000] {logging_mixin.py:120} INFO - [2022-11-20T13:22:30.249+0000] {dagbag.py:537} INFO - Filling up the DagBag from /opt/airflow/dags/my_dag.py
[2022-11-20T13:22:30.266+0000] {processor.py:766} INFO - DAG(s) dict_keys(['my_dag']) retrieved from /opt/airflow/dags/my_dag.py
[2022-11-20T13:22:30.290+0000] {logging_mixin.py:120} INFO - [2022-11-20T13:22:30.290+0000] {dag.py:2585} INFO - Sync 1 DAGs
[2022-11-20T13:22:30.304+0000] {logging_mixin.py:120} INFO - [2022-11-20T13:22:30.304+0000] {dag.py:3340} INFO - Setting next_dagrun for my_dag to 2022-11-20T00:00:00+00:00, run_after=2022-11-21T00:00:00+00:00
[2022-11-20T13:22:30.319+0000] {processor.py:176} INFO - Processing /opt/airflow/dags/my_dag.py took 0.075 seconds
[2022-11-20T13:23:00.397+0000] {processor.py:154} INFO - Started process (PID=1685) to work on /opt/airflow/dags/my_dag.py
[2022-11-20T13:23:00.398+0000] {processor.py:756} INFO - Processing file /opt/airflow/dags/my_dag.py for tasks to queue
[2022-11-20T13:23:00.399+0000] {logging_mixin.py:120} INFO - [2022-11-20T13:23:00.399+0000] {dagbag.py:537} INFO - Filling up the DagBag from /opt/airflow/dags/my_dag.py
[2022-11-20T13:23:00.417+0000] {processor.py:766} INFO - DAG(s) dict_keys(['my_dag']) retrieved from /opt/airflow/dags/my_dag.py
[2022-11-20T13:23:00.440+0000] {logging_mixin.py:120} INFO - [2022-11-20T13:23:00.440+0000] {dag.py:2585} INFO - Sync 1 DAGs
[2022-11-20T13:23:00.455+0000] {logging_mixin.py:120} INFO - [2022-11-20T13:23:00.455+0000] {dag.py:3340} INFO - Setting next_dagrun for my_dag to 2022-11-20T00:00:00+00:00, run_after=2022-11-21T00:00:00+00:00
[2022-11-20T13:23:00.468+0000] {processor.py:176} INFO - Processing /opt/airflow/dags/my_dag.py took 0.073 seconds
[2022-11-20T13:23:30.625+0000] {processor.py:154} INFO - Started process (PID=1744) to work on /opt/airflow/dags/my_dag.py
[2022-11-20T13:23:30.627+0000] {processor.py:756} INFO - Processing file /opt/airflow/dags/my_dag.py for tasks to queue
[2022-11-20T13:23:30.628+0000] {logging_mixin.py:120} INFO - [2022-11-20T13:23:30.628+0000] {dagbag.py:537} INFO - Filling up the DagBag from /opt/airflow/dags/my_dag.py
[2022-11-20T13:23:30.655+0000] {processor.py:766} INFO - DAG(s) dict_keys(['my_dag']) retrieved from /opt/airflow/dags/my_dag.py
[2022-11-20T13:23:30.681+0000] {logging_mixin.py:120} INFO - [2022-11-20T13:23:30.681+0000] {dag.py:2585} INFO - Sync 1 DAGs
[2022-11-20T13:23:30.696+0000] {logging_mixin.py:120} INFO - [2022-11-20T13:23:30.695+0000] {dag.py:3340} INFO - Setting next_dagrun for my_dag to 2022-11-20T00:00:00+00:00, run_after=2022-11-21T00:00:00+00:00
[2022-11-20T13:23:30.707+0000] {processor.py:176} INFO - Processing /opt/airflow/dags/my_dag.py took 0.087 seconds
[2022-11-20T13:24:00.784+0000] {processor.py:154} INFO - Started process (PID=1814) to work on /opt/airflow/dags/my_dag.py
[2022-11-20T13:24:00.786+0000] {processor.py:756} INFO - Processing file /opt/airflow/dags/my_dag.py for tasks to queue
[2022-11-20T13:24:00.787+0000] {logging_mixin.py:120} INFO - [2022-11-20T13:24:00.787+0000] {dagbag.py:537} INFO - Filling up the DagBag from /opt/airflow/dags/my_dag.py
[2022-11-20T13:24:00.810+0000] {processor.py:766} INFO - DAG(s) dict_keys(['my_dag']) retrieved from /opt/airflow/dags/my_dag.py
[2022-11-20T13:24:00.834+0000] {logging_mixin.py:120} INFO - [2022-11-20T13:24:00.834+0000] {dag.py:2585} INFO - Sync 1 DAGs
[2022-11-20T13:24:00.846+0000] {logging_mixin.py:120} INFO - [2022-11-20T13:24:00.846+0000] {dag.py:3340} INFO - Setting next_dagrun for my_dag to 2022-11-20T00:00:00+00:00, run_after=2022-11-21T00:00:00+00:00
[2022-11-20T13:24:00.856+0000] {processor.py:176} INFO - Processing /opt/airflow/dags/my_dag.py took 0.078 seconds
[2022-11-20T13:24:30.878+0000] {processor.py:154} INFO - Started process (PID=1883) to work on /opt/airflow/dags/my_dag.py
[2022-11-20T13:24:30.878+0000] {processor.py:756} INFO - Processing file /opt/airflow/dags/my_dag.py for tasks to queue
[2022-11-20T13:24:30.879+0000] {logging_mixin.py:120} INFO - [2022-11-20T13:24:30.879+0000] {dagbag.py:537} INFO - Filling up the DagBag from /opt/airflow/dags/my_dag.py
[2022-11-20T13:24:30.892+0000] {processor.py:766} INFO - DAG(s) dict_keys(['my_dag']) retrieved from /opt/airflow/dags/my_dag.py
[2022-11-20T13:24:30.910+0000] {logging_mixin.py:120} INFO - [2022-11-20T13:24:30.910+0000] {dag.py:2585} INFO - Sync 1 DAGs
[2022-11-20T13:24:30.924+0000] {logging_mixin.py:120} INFO - [2022-11-20T13:24:30.923+0000] {dag.py:3340} INFO - Setting next_dagrun for my_dag to 2022-11-20T00:00:00+00:00, run_after=2022-11-21T00:00:00+00:00
[2022-11-20T13:24:30.934+0000] {processor.py:176} INFO - Processing /opt/airflow/dags/my_dag.py took 0.058 seconds
[2022-11-20T13:25:01.921+0000] {processor.py:154} INFO - Started process (PID=1951) to work on /opt/airflow/dags/my_dag.py
[2022-11-20T13:25:01.923+0000] {processor.py:756} INFO - Processing file /opt/airflow/dags/my_dag.py for tasks to queue
[2022-11-20T13:25:01.924+0000] {logging_mixin.py:120} INFO - [2022-11-20T13:25:01.924+0000] {dagbag.py:537} INFO - Filling up the DagBag from /opt/airflow/dags/my_dag.py
[2022-11-20T13:25:01.948+0000] {processor.py:766} INFO - DAG(s) dict_keys(['my_dag']) retrieved from /opt/airflow/dags/my_dag.py
[2022-11-20T13:25:01.970+0000] {logging_mixin.py:120} INFO - [2022-11-20T13:25:01.970+0000] {dag.py:2585} INFO - Sync 1 DAGs
[2022-11-20T13:25:01.983+0000] {logging_mixin.py:120} INFO - [2022-11-20T13:25:01.983+0000] {dag.py:3340} INFO - Setting next_dagrun for my_dag to 2022-11-20T00:00:00+00:00, run_after=2022-11-21T00:00:00+00:00
[2022-11-20T13:25:01.993+0000] {processor.py:176} INFO - Processing /opt/airflow/dags/my_dag.py took 0.076 seconds
[2022-11-20T13:25:32.672+0000] {processor.py:154} INFO - Started process (PID=2022) to work on /opt/airflow/dags/my_dag.py
[2022-11-20T13:25:32.672+0000] {processor.py:756} INFO - Processing file /opt/airflow/dags/my_dag.py for tasks to queue
[2022-11-20T13:25:32.673+0000] {logging_mixin.py:120} INFO - [2022-11-20T13:25:32.673+0000] {dagbag.py:537} INFO - Filling up the DagBag from /opt/airflow/dags/my_dag.py
[2022-11-20T13:25:32.689+0000] {processor.py:766} INFO - DAG(s) dict_keys(['my_dag']) retrieved from /opt/airflow/dags/my_dag.py
[2022-11-20T13:25:32.714+0000] {logging_mixin.py:120} INFO - [2022-11-20T13:25:32.714+0000] {dag.py:2585} INFO - Sync 1 DAGs
[2022-11-20T13:25:32.730+0000] {logging_mixin.py:120} INFO - [2022-11-20T13:25:32.730+0000] {dag.py:3340} INFO - Setting next_dagrun for my_dag to 2022-11-20T00:00:00+00:00, run_after=2022-11-21T00:00:00+00:00
[2022-11-20T13:25:32.742+0000] {processor.py:176} INFO - Processing /opt/airflow/dags/my_dag.py took 0.072 seconds
[2022-11-20T13:58:06.277+0000] {processor.py:154} INFO - Started process (PID=2070) to work on /opt/airflow/dags/my_dag.py
[2022-11-20T13:58:06.281+0000] {processor.py:756} INFO - Processing file /opt/airflow/dags/my_dag.py for tasks to queue
[2022-11-20T13:58:06.287+0000] {logging_mixin.py:120} INFO - [2022-11-20T13:58:06.287+0000] {dagbag.py:537} INFO - Filling up the DagBag from /opt/airflow/dags/my_dag.py
[2022-11-20T13:58:06.315+0000] {processor.py:766} INFO - DAG(s) dict_keys(['my_dag']) retrieved from /opt/airflow/dags/my_dag.py
[2022-11-20T13:58:06.381+0000] {logging_mixin.py:120} INFO - [2022-11-20T13:58:06.381+0000] {dag.py:2585} INFO - Sync 1 DAGs
[2022-11-20T13:58:06.415+0000] {logging_mixin.py:120} INFO - [2022-11-20T13:58:06.415+0000] {dag.py:3340} INFO - Setting next_dagrun for my_dag to 2022-11-20T00:00:00+00:00, run_after=2022-11-21T00:00:00+00:00
[2022-11-20T13:58:06.478+0000] {processor.py:176} INFO - Processing /opt/airflow/dags/my_dag.py took 0.206 seconds
[2022-11-20T14:14:21.824+0000] {processor.py:154} INFO - Started process (PID=2120) to work on /opt/airflow/dags/my_dag.py
[2022-11-20T14:14:21.825+0000] {processor.py:756} INFO - Processing file /opt/airflow/dags/my_dag.py for tasks to queue
[2022-11-20T14:14:21.825+0000] {logging_mixin.py:120} INFO - [2022-11-20T14:14:21.825+0000] {dagbag.py:537} INFO - Filling up the DagBag from /opt/airflow/dags/my_dag.py
[2022-11-20T14:14:21.841+0000] {processor.py:766} INFO - DAG(s) dict_keys(['my_dag']) retrieved from /opt/airflow/dags/my_dag.py
[2022-11-20T14:14:21.870+0000] {logging_mixin.py:120} INFO - [2022-11-20T14:14:21.870+0000] {dag.py:2585} INFO - Sync 1 DAGs
[2022-11-20T14:14:21.884+0000] {logging_mixin.py:120} INFO - [2022-11-20T14:14:21.884+0000] {dag.py:3340} INFO - Setting next_dagrun for my_dag to 2022-11-20T00:00:00+00:00, run_after=2022-11-21T00:00:00+00:00
[2022-11-20T14:14:21.897+0000] {processor.py:176} INFO - Processing /opt/airflow/dags/my_dag.py took 0.076 seconds
[2022-11-20T14:44:47.505+0000] {processor.py:154} INFO - Started process (PID=2167) to work on /opt/airflow/dags/my_dag.py
[2022-11-20T14:44:47.505+0000] {processor.py:756} INFO - Processing file /opt/airflow/dags/my_dag.py for tasks to queue
[2022-11-20T14:44:47.506+0000] {logging_mixin.py:120} INFO - [2022-11-20T14:44:47.506+0000] {dagbag.py:537} INFO - Filling up the DagBag from /opt/airflow/dags/my_dag.py
[2022-11-20T14:44:47.522+0000] {processor.py:766} INFO - DAG(s) dict_keys(['my_dag']) retrieved from /opt/airflow/dags/my_dag.py
[2022-11-20T14:44:47.542+0000] {logging_mixin.py:120} INFO - [2022-11-20T14:44:47.542+0000] {dag.py:2585} INFO - Sync 1 DAGs
[2022-11-20T14:44:47.557+0000] {logging_mixin.py:120} INFO - [2022-11-20T14:44:47.556+0000] {dag.py:3340} INFO - Setting next_dagrun for my_dag to 2022-11-20T00:00:00+00:00, run_after=2022-11-21T00:00:00+00:00
[2022-11-20T14:44:47.568+0000] {processor.py:176} INFO - Processing /opt/airflow/dags/my_dag.py took 0.065 seconds
[2022-11-20T15:18:04.903+0000] {processor.py:154} INFO - Started process (PID=2214) to work on /opt/airflow/dags/my_dag.py
[2022-11-20T15:18:04.904+0000] {processor.py:756} INFO - Processing file /opt/airflow/dags/my_dag.py for tasks to queue
[2022-11-20T15:18:04.904+0000] {logging_mixin.py:120} INFO - [2022-11-20T15:18:04.904+0000] {dagbag.py:537} INFO - Filling up the DagBag from /opt/airflow/dags/my_dag.py
[2022-11-20T15:18:04.918+0000] {processor.py:766} INFO - DAG(s) dict_keys(['my_dag']) retrieved from /opt/airflow/dags/my_dag.py
[2022-11-20T15:18:04.942+0000] {logging_mixin.py:120} INFO - [2022-11-20T15:18:04.942+0000] {dag.py:2585} INFO - Sync 1 DAGs
[2022-11-20T15:18:04.957+0000] {logging_mixin.py:120} INFO - [2022-11-20T15:18:04.956+0000] {dag.py:3340} INFO - Setting next_dagrun for my_dag to 2022-11-20T00:00:00+00:00, run_after=2022-11-21T00:00:00+00:00
[2022-11-20T15:18:04.966+0000] {processor.py:176} INFO - Processing /opt/airflow/dags/my_dag.py took 0.065 seconds
[2022-11-20T15:39:03.113+0000] {processor.py:154} INFO - Started process (PID=2251) to work on /opt/airflow/dags/my_dag.py
[2022-11-20T15:39:03.114+0000] {processor.py:756} INFO - Processing file /opt/airflow/dags/my_dag.py for tasks to queue
[2022-11-20T15:39:03.115+0000] {logging_mixin.py:120} INFO - [2022-11-20T15:39:03.115+0000] {dagbag.py:537} INFO - Filling up the DagBag from /opt/airflow/dags/my_dag.py
[2022-11-20T15:39:03.127+0000] {processor.py:766} INFO - DAG(s) dict_keys(['my_dag']) retrieved from /opt/airflow/dags/my_dag.py
[2022-11-20T15:39:03.148+0000] {logging_mixin.py:120} INFO - [2022-11-20T15:39:03.147+0000] {dag.py:2585} INFO - Sync 1 DAGs
[2022-11-20T15:39:03.161+0000] {logging_mixin.py:120} INFO - [2022-11-20T15:39:03.161+0000] {dag.py:3340} INFO - Setting next_dagrun for my_dag to 2022-11-20T00:00:00+00:00, run_after=2022-11-21T00:00:00+00:00
[2022-11-20T15:39:03.170+0000] {processor.py:176} INFO - Processing /opt/airflow/dags/my_dag.py took 0.059 seconds
[2022-11-20T15:51:03.239+0000] {processor.py:154} INFO - Started process (PID=2297) to work on /opt/airflow/dags/my_dag.py
[2022-11-20T15:51:03.240+0000] {processor.py:756} INFO - Processing file /opt/airflow/dags/my_dag.py for tasks to queue
[2022-11-20T15:51:03.241+0000] {logging_mixin.py:120} INFO - [2022-11-20T15:51:03.241+0000] {dagbag.py:537} INFO - Filling up the DagBag from /opt/airflow/dags/my_dag.py
[2022-11-20T15:51:03.255+0000] {processor.py:766} INFO - DAG(s) dict_keys(['my_dag']) retrieved from /opt/airflow/dags/my_dag.py
[2022-11-20T15:51:03.276+0000] {logging_mixin.py:120} INFO - [2022-11-20T15:51:03.276+0000] {dag.py:2585} INFO - Sync 1 DAGs
[2022-11-20T15:51:03.289+0000] {logging_mixin.py:120} INFO - [2022-11-20T15:51:03.289+0000] {dag.py:3340} INFO - Setting next_dagrun for my_dag to 2022-11-20T00:00:00+00:00, run_after=2022-11-21T00:00:00+00:00
[2022-11-20T15:51:03.299+0000] {processor.py:176} INFO - Processing /opt/airflow/dags/my_dag.py took 0.062 seconds
[2022-11-20T16:06:44.838+0000] {processor.py:154} INFO - Started process (PID=2343) to work on /opt/airflow/dags/my_dag.py
[2022-11-20T16:06:44.839+0000] {processor.py:756} INFO - Processing file /opt/airflow/dags/my_dag.py for tasks to queue
[2022-11-20T16:06:44.839+0000] {logging_mixin.py:120} INFO - [2022-11-20T16:06:44.839+0000] {dagbag.py:537} INFO - Filling up the DagBag from /opt/airflow/dags/my_dag.py
[2022-11-20T16:06:44.853+0000] {processor.py:766} INFO - DAG(s) dict_keys(['my_dag']) retrieved from /opt/airflow/dags/my_dag.py
[2022-11-20T16:06:44.887+0000] {logging_mixin.py:120} INFO - [2022-11-20T16:06:44.887+0000] {dag.py:2585} INFO - Sync 1 DAGs
[2022-11-20T16:06:44.905+0000] {logging_mixin.py:120} INFO - [2022-11-20T16:06:44.905+0000] {dag.py:3340} INFO - Setting next_dagrun for my_dag to 2022-11-20T00:00:00+00:00, run_after=2022-11-21T00:00:00+00:00
[2022-11-20T16:06:44.925+0000] {processor.py:176} INFO - Processing /opt/airflow/dags/my_dag.py took 0.090 seconds
[2022-11-20T16:08:33.297+0000] {processor.py:154} INFO - Started process (PID=2394) to work on /opt/airflow/dags/my_dag.py
[2022-11-20T16:08:33.298+0000] {processor.py:756} INFO - Processing file /opt/airflow/dags/my_dag.py for tasks to queue
[2022-11-20T16:08:33.300+0000] {logging_mixin.py:120} INFO - [2022-11-20T16:08:33.299+0000] {dagbag.py:537} INFO - Filling up the DagBag from /opt/airflow/dags/my_dag.py
[2022-11-20T16:08:33.322+0000] {processor.py:766} INFO - DAG(s) dict_keys(['my_dag']) retrieved from /opt/airflow/dags/my_dag.py
[2022-11-20T16:08:33.343+0000] {logging_mixin.py:120} INFO - [2022-11-20T16:08:33.342+0000] {dag.py:2585} INFO - Sync 1 DAGs
[2022-11-20T16:08:33.356+0000] {logging_mixin.py:120} INFO - [2022-11-20T16:08:33.356+0000] {dag.py:3340} INFO - Setting next_dagrun for my_dag to 2022-11-20T00:00:00+00:00, run_after=2022-11-21T00:00:00+00:00
[2022-11-20T16:08:33.366+0000] {processor.py:176} INFO - Processing /opt/airflow/dags/my_dag.py took 0.074 seconds
[2022-11-20T16:27:58.981+0000] {processor.py:154} INFO - Started process (PID=2440) to work on /opt/airflow/dags/my_dag.py
[2022-11-20T16:27:58.981+0000] {processor.py:756} INFO - Processing file /opt/airflow/dags/my_dag.py for tasks to queue
[2022-11-20T16:27:58.982+0000] {logging_mixin.py:120} INFO - [2022-11-20T16:27:58.982+0000] {dagbag.py:537} INFO - Filling up the DagBag from /opt/airflow/dags/my_dag.py
[2022-11-20T16:27:59.005+0000] {processor.py:766} INFO - DAG(s) dict_keys(['my_dag']) retrieved from /opt/airflow/dags/my_dag.py
[2022-11-20T16:27:59.034+0000] {logging_mixin.py:120} INFO - [2022-11-20T16:27:59.034+0000] {dag.py:2585} INFO - Sync 1 DAGs
[2022-11-20T16:27:59.049+0000] {logging_mixin.py:120} INFO - [2022-11-20T16:27:59.049+0000] {dag.py:3340} INFO - Setting next_dagrun for my_dag to 2022-11-20T00:00:00+00:00, run_after=2022-11-21T00:00:00+00:00
[2022-11-20T16:27:59.065+0000] {processor.py:176} INFO - Processing /opt/airflow/dags/my_dag.py took 0.086 seconds
[2022-11-20T16:43:49.323+0000] {processor.py:154} INFO - Started process (PID=2489) to work on /opt/airflow/dags/my_dag.py
[2022-11-20T16:43:49.324+0000] {processor.py:756} INFO - Processing file /opt/airflow/dags/my_dag.py for tasks to queue
[2022-11-20T16:43:49.324+0000] {logging_mixin.py:120} INFO - [2022-11-20T16:43:49.324+0000] {dagbag.py:537} INFO - Filling up the DagBag from /opt/airflow/dags/my_dag.py
[2022-11-20T16:43:49.337+0000] {processor.py:766} INFO - DAG(s) dict_keys(['my_dag']) retrieved from /opt/airflow/dags/my_dag.py
[2022-11-20T16:43:49.357+0000] {logging_mixin.py:120} INFO - [2022-11-20T16:43:49.357+0000] {dag.py:2585} INFO - Sync 1 DAGs
[2022-11-20T16:43:49.370+0000] {logging_mixin.py:120} INFO - [2022-11-20T16:43:49.370+0000] {dag.py:3340} INFO - Setting next_dagrun for my_dag to 2022-11-20T00:00:00+00:00, run_after=2022-11-21T00:00:00+00:00
[2022-11-20T16:43:49.381+0000] {processor.py:176} INFO - Processing /opt/airflow/dags/my_dag.py took 0.059 seconds
[2022-11-20T17:17:42.742+0000] {processor.py:154} INFO - Started process (PID=2536) to work on /opt/airflow/dags/my_dag.py
[2022-11-20T17:17:42.743+0000] {processor.py:756} INFO - Processing file /opt/airflow/dags/my_dag.py for tasks to queue
[2022-11-20T17:17:42.743+0000] {logging_mixin.py:120} INFO - [2022-11-20T17:17:42.743+0000] {dagbag.py:537} INFO - Filling up the DagBag from /opt/airflow/dags/my_dag.py
[2022-11-20T17:17:42.764+0000] {processor.py:766} INFO - DAG(s) dict_keys(['my_dag']) retrieved from /opt/airflow/dags/my_dag.py
[2022-11-20T17:17:42.816+0000] {logging_mixin.py:120} INFO - [2022-11-20T17:17:42.816+0000] {dag.py:2585} INFO - Sync 1 DAGs
[2022-11-20T17:17:42.838+0000] {logging_mixin.py:120} INFO - [2022-11-20T17:17:42.838+0000] {dag.py:3340} INFO - Setting next_dagrun for my_dag to 2022-11-20T00:00:00+00:00, run_after=2022-11-21T00:00:00+00:00
[2022-11-20T17:17:42.864+0000] {processor.py:176} INFO - Processing /opt/airflow/dags/my_dag.py took 0.123 seconds
[2022-11-20T17:22:37.011+0000] {processor.py:154} INFO - Started process (PID=2583) to work on /opt/airflow/dags/my_dag.py
[2022-11-20T17:22:37.012+0000] {processor.py:756} INFO - Processing file /opt/airflow/dags/my_dag.py for tasks to queue
[2022-11-20T17:22:37.015+0000] {logging_mixin.py:120} INFO - [2022-11-20T17:22:37.015+0000] {dagbag.py:537} INFO - Filling up the DagBag from /opt/airflow/dags/my_dag.py
[2022-11-20T17:22:37.086+0000] {processor.py:766} INFO - DAG(s) dict_keys(['my_dag']) retrieved from /opt/airflow/dags/my_dag.py
[2022-11-20T17:22:37.150+0000] {logging_mixin.py:120} INFO - [2022-11-20T17:22:37.150+0000] {dag.py:2585} INFO - Sync 1 DAGs
[2022-11-20T17:22:37.175+0000] {logging_mixin.py:120} INFO - [2022-11-20T17:22:37.175+0000] {dag.py:3340} INFO - Setting next_dagrun for my_dag to 2022-11-20T00:00:00+00:00, run_after=2022-11-21T00:00:00+00:00
[2022-11-20T17:22:37.196+0000] {processor.py:176} INFO - Processing /opt/airflow/dags/my_dag.py took 0.203 seconds
[2022-11-20T17:23:07.240+0000] {processor.py:154} INFO - Started process (PID=2650) to work on /opt/airflow/dags/my_dag.py
[2022-11-20T17:23:07.241+0000] {processor.py:756} INFO - Processing file /opt/airflow/dags/my_dag.py for tasks to queue
[2022-11-20T17:23:07.242+0000] {logging_mixin.py:120} INFO - [2022-11-20T17:23:07.242+0000] {dagbag.py:537} INFO - Filling up the DagBag from /opt/airflow/dags/my_dag.py
[2022-11-20T17:23:07.262+0000] {processor.py:766} INFO - DAG(s) dict_keys(['my_dag']) retrieved from /opt/airflow/dags/my_dag.py
[2022-11-20T17:23:07.291+0000] {logging_mixin.py:120} INFO - [2022-11-20T17:23:07.291+0000] {dag.py:2585} INFO - Sync 1 DAGs
[2022-11-20T17:23:07.304+0000] {logging_mixin.py:120} INFO - [2022-11-20T17:23:07.304+0000] {dag.py:3340} INFO - Setting next_dagrun for my_dag to 2022-11-20T00:00:00+00:00, run_after=2022-11-21T00:00:00+00:00
[2022-11-20T17:23:07.315+0000] {processor.py:176} INFO - Processing /opt/airflow/dags/my_dag.py took 0.077 seconds
[2022-11-20T17:23:38.015+0000] {processor.py:154} INFO - Started process (PID=2720) to work on /opt/airflow/dags/my_dag.py
[2022-11-20T17:23:38.016+0000] {processor.py:756} INFO - Processing file /opt/airflow/dags/my_dag.py for tasks to queue
[2022-11-20T17:23:38.017+0000] {logging_mixin.py:120} INFO - [2022-11-20T17:23:38.017+0000] {dagbag.py:537} INFO - Filling up the DagBag from /opt/airflow/dags/my_dag.py
[2022-11-20T17:23:38.039+0000] {processor.py:766} INFO - DAG(s) dict_keys(['my_dag']) retrieved from /opt/airflow/dags/my_dag.py
[2022-11-20T17:23:38.065+0000] {logging_mixin.py:120} INFO - [2022-11-20T17:23:38.064+0000] {dag.py:2585} INFO - Sync 1 DAGs
[2022-11-20T17:23:38.079+0000] {logging_mixin.py:120} INFO - [2022-11-20T17:23:38.079+0000] {dag.py:3340} INFO - Setting next_dagrun for my_dag to 2022-11-20T00:00:00+00:00, run_after=2022-11-21T00:00:00+00:00
[2022-11-20T17:23:38.088+0000] {processor.py:176} INFO - Processing /opt/airflow/dags/my_dag.py took 0.077 seconds
[2022-11-20T17:24:09.087+0000] {processor.py:154} INFO - Started process (PID=2788) to work on /opt/airflow/dags/my_dag.py
[2022-11-20T17:24:09.087+0000] {processor.py:756} INFO - Processing file /opt/airflow/dags/my_dag.py for tasks to queue
[2022-11-20T17:24:09.088+0000] {logging_mixin.py:120} INFO - [2022-11-20T17:24:09.088+0000] {dagbag.py:537} INFO - Filling up the DagBag from /opt/airflow/dags/my_dag.py
[2022-11-20T17:24:09.102+0000] {processor.py:766} INFO - DAG(s) dict_keys(['my_dag']) retrieved from /opt/airflow/dags/my_dag.py
[2022-11-20T17:24:09.120+0000] {logging_mixin.py:120} INFO - [2022-11-20T17:24:09.120+0000] {dag.py:2585} INFO - Sync 1 DAGs
[2022-11-20T17:24:09.134+0000] {logging_mixin.py:120} INFO - [2022-11-20T17:24:09.133+0000] {dag.py:3340} INFO - Setting next_dagrun for my_dag to 2022-11-20T00:00:00+00:00, run_after=2022-11-21T00:00:00+00:00
[2022-11-20T17:24:09.142+0000] {processor.py:176} INFO - Processing /opt/airflow/dags/my_dag.py took 0.057 seconds
[2022-11-20T17:24:39.197+0000] {processor.py:154} INFO - Started process (PID=2849) to work on /opt/airflow/dags/my_dag.py
[2022-11-20T17:24:39.198+0000] {processor.py:756} INFO - Processing file /opt/airflow/dags/my_dag.py for tasks to queue
[2022-11-20T17:24:39.199+0000] {logging_mixin.py:120} INFO - [2022-11-20T17:24:39.199+0000] {dagbag.py:537} INFO - Filling up the DagBag from /opt/airflow/dags/my_dag.py
[2022-11-20T17:24:39.222+0000] {processor.py:766} INFO - DAG(s) dict_keys(['my_dag']) retrieved from /opt/airflow/dags/my_dag.py
[2022-11-20T17:24:39.243+0000] {logging_mixin.py:120} INFO - [2022-11-20T17:24:39.243+0000] {dag.py:2585} INFO - Sync 1 DAGs
[2022-11-20T17:24:39.256+0000] {logging_mixin.py:120} INFO - [2022-11-20T17:24:39.256+0000] {dag.py:3340} INFO - Setting next_dagrun for my_dag to 2022-11-20T00:00:00+00:00, run_after=2022-11-21T00:00:00+00:00
[2022-11-20T17:24:39.265+0000] {processor.py:176} INFO - Processing /opt/airflow/dags/my_dag.py took 0.074 seconds
[2022-11-20T17:25:09.930+0000] {processor.py:154} INFO - Started process (PID=2918) to work on /opt/airflow/dags/my_dag.py
[2022-11-20T17:25:09.931+0000] {processor.py:756} INFO - Processing file /opt/airflow/dags/my_dag.py for tasks to queue
[2022-11-20T17:25:09.932+0000] {logging_mixin.py:120} INFO - [2022-11-20T17:25:09.932+0000] {dagbag.py:537} INFO - Filling up the DagBag from /opt/airflow/dags/my_dag.py
[2022-11-20T17:25:09.949+0000] {processor.py:766} INFO - DAG(s) dict_keys(['my_dag']) retrieved from /opt/airflow/dags/my_dag.py
[2022-11-20T17:25:09.978+0000] {logging_mixin.py:120} INFO - [2022-11-20T17:25:09.978+0000] {dag.py:2585} INFO - Sync 1 DAGs
[2022-11-20T17:25:09.992+0000] {logging_mixin.py:120} INFO - [2022-11-20T17:25:09.992+0000] {dag.py:3340} INFO - Setting next_dagrun for my_dag to 2022-11-20T00:00:00+00:00, run_after=2022-11-21T00:00:00+00:00
[2022-11-20T17:25:10.005+0000] {processor.py:176} INFO - Processing /opt/airflow/dags/my_dag.py took 0.077 seconds
[2022-11-20T17:25:40.896+0000] {processor.py:154} INFO - Started process (PID=2991) to work on /opt/airflow/dags/my_dag.py
[2022-11-20T17:25:40.897+0000] {processor.py:756} INFO - Processing file /opt/airflow/dags/my_dag.py for tasks to queue
[2022-11-20T17:25:40.898+0000] {logging_mixin.py:120} INFO - [2022-11-20T17:25:40.898+0000] {dagbag.py:537} INFO - Filling up the DagBag from /opt/airflow/dags/my_dag.py
[2022-11-20T17:25:40.918+0000] {processor.py:766} INFO - DAG(s) dict_keys(['my_dag']) retrieved from /opt/airflow/dags/my_dag.py
[2022-11-20T17:25:40.958+0000] {logging_mixin.py:120} INFO - [2022-11-20T17:25:40.958+0000] {dag.py:2585} INFO - Sync 1 DAGs
[2022-11-20T17:25:40.977+0000] {logging_mixin.py:120} INFO - [2022-11-20T17:25:40.976+0000] {dag.py:3340} INFO - Setting next_dagrun for my_dag to 2022-11-20T00:00:00+00:00, run_after=2022-11-21T00:00:00+00:00
[2022-11-20T17:25:40.990+0000] {processor.py:176} INFO - Processing /opt/airflow/dags/my_dag.py took 0.097 seconds
[2022-11-20T17:26:11.265+0000] {processor.py:154} INFO - Started process (PID=3057) to work on /opt/airflow/dags/my_dag.py
[2022-11-20T17:26:11.267+0000] {processor.py:756} INFO - Processing file /opt/airflow/dags/my_dag.py for tasks to queue
[2022-11-20T17:26:11.268+0000] {logging_mixin.py:120} INFO - [2022-11-20T17:26:11.267+0000] {dagbag.py:537} INFO - Filling up the DagBag from /opt/airflow/dags/my_dag.py
[2022-11-20T17:26:11.291+0000] {processor.py:766} INFO - DAG(s) dict_keys(['my_dag']) retrieved from /opt/airflow/dags/my_dag.py
[2022-11-20T17:26:11.319+0000] {logging_mixin.py:120} INFO - [2022-11-20T17:26:11.318+0000] {dag.py:2585} INFO - Sync 1 DAGs
[2022-11-20T17:26:11.335+0000] {logging_mixin.py:120} INFO - [2022-11-20T17:26:11.334+0000] {dag.py:3340} INFO - Setting next_dagrun for my_dag to 2022-11-20T00:00:00+00:00, run_after=2022-11-21T00:00:00+00:00
[2022-11-20T17:26:11.345+0000] {processor.py:176} INFO - Processing /opt/airflow/dags/my_dag.py took 0.085 seconds
[2022-11-20T17:26:41.463+0000] {processor.py:154} INFO - Started process (PID=3124) to work on /opt/airflow/dags/my_dag.py
[2022-11-20T17:26:41.464+0000] {processor.py:756} INFO - Processing file /opt/airflow/dags/my_dag.py for tasks to queue
[2022-11-20T17:26:41.465+0000] {logging_mixin.py:120} INFO - [2022-11-20T17:26:41.465+0000] {dagbag.py:537} INFO - Filling up the DagBag from /opt/airflow/dags/my_dag.py
[2022-11-20T17:26:41.491+0000] {processor.py:766} INFO - DAG(s) dict_keys(['my_dag']) retrieved from /opt/airflow/dags/my_dag.py
[2022-11-20T17:26:41.514+0000] {logging_mixin.py:120} INFO - [2022-11-20T17:26:41.514+0000] {dag.py:2585} INFO - Sync 1 DAGs
[2022-11-20T17:26:41.526+0000] {logging_mixin.py:120} INFO - [2022-11-20T17:26:41.526+0000] {dag.py:3340} INFO - Setting next_dagrun for my_dag to 2022-11-20T00:00:00+00:00, run_after=2022-11-21T00:00:00+00:00
[2022-11-20T17:26:41.536+0000] {processor.py:176} INFO - Processing /opt/airflow/dags/my_dag.py took 0.079 seconds
[2022-11-20T17:27:11.692+0000] {processor.py:154} INFO - Started process (PID=3182) to work on /opt/airflow/dags/my_dag.py
[2022-11-20T17:27:11.694+0000] {processor.py:756} INFO - Processing file /opt/airflow/dags/my_dag.py for tasks to queue
[2022-11-20T17:27:11.695+0000] {logging_mixin.py:120} INFO - [2022-11-20T17:27:11.694+0000] {dagbag.py:537} INFO - Filling up the DagBag from /opt/airflow/dags/my_dag.py
[2022-11-20T17:27:11.717+0000] {processor.py:766} INFO - DAG(s) dict_keys(['my_dag']) retrieved from /opt/airflow/dags/my_dag.py
[2022-11-20T17:27:11.751+0000] {logging_mixin.py:120} INFO - [2022-11-20T17:27:11.751+0000] {dag.py:2585} INFO - Sync 1 DAGs
[2022-11-20T17:27:11.767+0000] {logging_mixin.py:120} INFO - [2022-11-20T17:27:11.767+0000] {dag.py:3340} INFO - Setting next_dagrun for my_dag to 2022-11-20T00:00:00+00:00, run_after=2022-11-21T00:00:00+00:00
[2022-11-20T17:27:11.777+0000] {processor.py:176} INFO - Processing /opt/airflow/dags/my_dag.py took 0.090 seconds
[2022-11-20T17:27:42.718+0000] {processor.py:154} INFO - Started process (PID=3250) to work on /opt/airflow/dags/my_dag.py
[2022-11-20T17:27:42.719+0000] {processor.py:756} INFO - Processing file /opt/airflow/dags/my_dag.py for tasks to queue
[2022-11-20T17:27:42.720+0000] {logging_mixin.py:120} INFO - [2022-11-20T17:27:42.720+0000] {dagbag.py:537} INFO - Filling up the DagBag from /opt/airflow/dags/my_dag.py
[2022-11-20T17:27:42.752+0000] {processor.py:766} INFO - DAG(s) dict_keys(['my_dag']) retrieved from /opt/airflow/dags/my_dag.py
[2022-11-20T17:27:42.785+0000] {logging_mixin.py:120} INFO - [2022-11-20T17:27:42.785+0000] {dag.py:2585} INFO - Sync 1 DAGs
[2022-11-20T17:27:42.803+0000] {logging_mixin.py:120} INFO - [2022-11-20T17:27:42.803+0000] {dag.py:3340} INFO - Setting next_dagrun for my_dag to 2022-11-20T00:00:00+00:00, run_after=2022-11-21T00:00:00+00:00
[2022-11-20T17:27:42.818+0000] {processor.py:176} INFO - Processing /opt/airflow/dags/my_dag.py took 0.104 seconds
[2022-11-20T17:28:13.665+0000] {processor.py:154} INFO - Started process (PID=3322) to work on /opt/airflow/dags/my_dag.py
[2022-11-20T17:28:13.667+0000] {processor.py:756} INFO - Processing file /opt/airflow/dags/my_dag.py for tasks to queue
[2022-11-20T17:28:13.668+0000] {logging_mixin.py:120} INFO - [2022-11-20T17:28:13.667+0000] {dagbag.py:537} INFO - Filling up the DagBag from /opt/airflow/dags/my_dag.py
[2022-11-20T17:28:13.692+0000] {processor.py:766} INFO - DAG(s) dict_keys(['my_dag']) retrieved from /opt/airflow/dags/my_dag.py
[2022-11-20T17:28:13.717+0000] {logging_mixin.py:120} INFO - [2022-11-20T17:28:13.717+0000] {dag.py:2585} INFO - Sync 1 DAGs
[2022-11-20T17:28:13.730+0000] {logging_mixin.py:120} INFO - [2022-11-20T17:28:13.730+0000] {dag.py:3340} INFO - Setting next_dagrun for my_dag to 2022-11-20T00:00:00+00:00, run_after=2022-11-21T00:00:00+00:00
[2022-11-20T17:28:13.741+0000] {processor.py:176} INFO - Processing /opt/airflow/dags/my_dag.py took 0.081 seconds
[2022-11-20T17:28:44.456+0000] {processor.py:154} INFO - Started process (PID=3391) to work on /opt/airflow/dags/my_dag.py
[2022-11-20T17:28:44.457+0000] {processor.py:756} INFO - Processing file /opt/airflow/dags/my_dag.py for tasks to queue
[2022-11-20T17:28:44.458+0000] {logging_mixin.py:120} INFO - [2022-11-20T17:28:44.458+0000] {dagbag.py:537} INFO - Filling up the DagBag from /opt/airflow/dags/my_dag.py
[2022-11-20T17:28:44.481+0000] {processor.py:766} INFO - DAG(s) dict_keys(['my_dag']) retrieved from /opt/airflow/dags/my_dag.py
[2022-11-20T17:28:44.508+0000] {logging_mixin.py:120} INFO - [2022-11-20T17:28:44.508+0000] {dag.py:2585} INFO - Sync 1 DAGs
[2022-11-20T17:28:44.523+0000] {logging_mixin.py:120} INFO - [2022-11-20T17:28:44.523+0000] {dag.py:3340} INFO - Setting next_dagrun for my_dag to 2022-11-20T00:00:00+00:00, run_after=2022-11-21T00:00:00+00:00
[2022-11-20T17:28:44.534+0000] {processor.py:176} INFO - Processing /opt/airflow/dags/my_dag.py took 0.085 seconds
[2022-11-20T17:29:15.323+0000] {processor.py:154} INFO - Started process (PID=3459) to work on /opt/airflow/dags/my_dag.py
[2022-11-20T17:29:15.324+0000] {processor.py:756} INFO - Processing file /opt/airflow/dags/my_dag.py for tasks to queue
[2022-11-20T17:29:15.325+0000] {logging_mixin.py:120} INFO - [2022-11-20T17:29:15.325+0000] {dagbag.py:537} INFO - Filling up the DagBag from /opt/airflow/dags/my_dag.py
[2022-11-20T17:29:15.347+0000] {processor.py:766} INFO - DAG(s) dict_keys(['my_dag']) retrieved from /opt/airflow/dags/my_dag.py
[2022-11-20T17:29:15.388+0000] {logging_mixin.py:120} INFO - [2022-11-20T17:29:15.388+0000] {dag.py:2585} INFO - Sync 1 DAGs
[2022-11-20T17:29:15.403+0000] {logging_mixin.py:120} INFO - [2022-11-20T17:29:15.403+0000] {dag.py:3340} INFO - Setting next_dagrun for my_dag to 2022-11-20T00:00:00+00:00, run_after=2022-11-21T00:00:00+00:00
[2022-11-20T17:29:15.413+0000] {processor.py:176} INFO - Processing /opt/airflow/dags/my_dag.py took 0.096 seconds
[2022-11-20T17:29:46.253+0000] {processor.py:154} INFO - Started process (PID=3525) to work on /opt/airflow/dags/my_dag.py
[2022-11-20T17:29:46.254+0000] {processor.py:756} INFO - Processing file /opt/airflow/dags/my_dag.py for tasks to queue
[2022-11-20T17:29:46.255+0000] {logging_mixin.py:120} INFO - [2022-11-20T17:29:46.255+0000] {dagbag.py:537} INFO - Filling up the DagBag from /opt/airflow/dags/my_dag.py
[2022-11-20T17:29:46.279+0000] {processor.py:766} INFO - DAG(s) dict_keys(['my_dag']) retrieved from /opt/airflow/dags/my_dag.py
[2022-11-20T17:29:46.303+0000] {logging_mixin.py:120} INFO - [2022-11-20T17:29:46.303+0000] {dag.py:2585} INFO - Sync 1 DAGs
[2022-11-20T17:29:46.317+0000] {logging_mixin.py:120} INFO - [2022-11-20T17:29:46.317+0000] {dag.py:3340} INFO - Setting next_dagrun for my_dag to 2022-11-20T00:00:00+00:00, run_after=2022-11-21T00:00:00+00:00
[2022-11-20T17:29:46.327+0000] {processor.py:176} INFO - Processing /opt/airflow/dags/my_dag.py took 0.079 seconds
[2022-11-20T17:30:17.079+0000] {processor.py:154} INFO - Started process (PID=3597) to work on /opt/airflow/dags/my_dag.py
[2022-11-20T17:30:17.080+0000] {processor.py:756} INFO - Processing file /opt/airflow/dags/my_dag.py for tasks to queue
[2022-11-20T17:30:17.081+0000] {logging_mixin.py:120} INFO - [2022-11-20T17:30:17.081+0000] {dagbag.py:537} INFO - Filling up the DagBag from /opt/airflow/dags/my_dag.py
[2022-11-20T17:30:17.105+0000] {processor.py:766} INFO - DAG(s) dict_keys(['my_dag']) retrieved from /opt/airflow/dags/my_dag.py
[2022-11-20T17:30:17.127+0000] {logging_mixin.py:120} INFO - [2022-11-20T17:30:17.127+0000] {dag.py:2585} INFO - Sync 1 DAGs
[2022-11-20T17:30:17.145+0000] {logging_mixin.py:120} INFO - [2022-11-20T17:30:17.145+0000] {dag.py:3340} INFO - Setting next_dagrun for my_dag to 2022-11-20T00:00:00+00:00, run_after=2022-11-21T00:00:00+00:00
[2022-11-20T17:30:17.155+0000] {processor.py:176} INFO - Processing /opt/airflow/dags/my_dag.py took 0.082 seconds
[2022-11-20T17:30:47.913+0000] {processor.py:154} INFO - Started process (PID=3665) to work on /opt/airflow/dags/my_dag.py
[2022-11-20T17:30:47.915+0000] {processor.py:756} INFO - Processing file /opt/airflow/dags/my_dag.py for tasks to queue
[2022-11-20T17:30:47.916+0000] {logging_mixin.py:120} INFO - [2022-11-20T17:30:47.916+0000] {dagbag.py:537} INFO - Filling up the DagBag from /opt/airflow/dags/my_dag.py
[2022-11-20T17:30:47.940+0000] {processor.py:766} INFO - DAG(s) dict_keys(['my_dag']) retrieved from /opt/airflow/dags/my_dag.py
[2022-11-20T17:30:47.963+0000] {logging_mixin.py:120} INFO - [2022-11-20T17:30:47.963+0000] {dag.py:2585} INFO - Sync 1 DAGs
[2022-11-20T17:30:47.977+0000] {logging_mixin.py:120} INFO - [2022-11-20T17:30:47.977+0000] {dag.py:3340} INFO - Setting next_dagrun for my_dag to 2022-11-20T00:00:00+00:00, run_after=2022-11-21T00:00:00+00:00
[2022-11-20T17:30:47.988+0000] {processor.py:176} INFO - Processing /opt/airflow/dags/my_dag.py took 0.080 seconds
[2022-11-20T17:31:18.865+0000] {processor.py:154} INFO - Started process (PID=3725) to work on /opt/airflow/dags/my_dag.py
[2022-11-20T17:31:18.867+0000] {processor.py:756} INFO - Processing file /opt/airflow/dags/my_dag.py for tasks to queue
[2022-11-20T17:31:18.869+0000] {logging_mixin.py:120} INFO - [2022-11-20T17:31:18.869+0000] {dagbag.py:537} INFO - Filling up the DagBag from /opt/airflow/dags/my_dag.py
[2022-11-20T17:31:18.894+0000] {processor.py:766} INFO - DAG(s) dict_keys(['my_dag']) retrieved from /opt/airflow/dags/my_dag.py
[2022-11-20T17:31:18.952+0000] {logging_mixin.py:120} INFO - [2022-11-20T17:31:18.952+0000] {dag.py:2585} INFO - Sync 1 DAGs
[2022-11-20T17:31:18.999+0000] {logging_mixin.py:120} INFO - [2022-11-20T17:31:18.999+0000] {dag.py:3340} INFO - Setting next_dagrun for my_dag to 2022-11-20T00:00:00+00:00, run_after=2022-11-21T00:00:00+00:00
[2022-11-20T17:31:19.034+0000] {processor.py:176} INFO - Processing /opt/airflow/dags/my_dag.py took 0.173 seconds
[2022-11-20T17:31:49.978+0000] {processor.py:154} INFO - Started process (PID=3793) to work on /opt/airflow/dags/my_dag.py
[2022-11-20T17:31:49.979+0000] {processor.py:756} INFO - Processing file /opt/airflow/dags/my_dag.py for tasks to queue
[2022-11-20T17:31:49.980+0000] {logging_mixin.py:120} INFO - [2022-11-20T17:31:49.980+0000] {dagbag.py:537} INFO - Filling up the DagBag from /opt/airflow/dags/my_dag.py
[2022-11-20T17:31:50.006+0000] {processor.py:766} INFO - DAG(s) dict_keys(['my_dag']) retrieved from /opt/airflow/dags/my_dag.py
[2022-11-20T17:31:50.029+0000] {logging_mixin.py:120} INFO - [2022-11-20T17:31:50.029+0000] {dag.py:2585} INFO - Sync 1 DAGs
[2022-11-20T17:31:50.042+0000] {logging_mixin.py:120} INFO - [2022-11-20T17:31:50.042+0000] {dag.py:3340} INFO - Setting next_dagrun for my_dag to 2022-11-20T00:00:00+00:00, run_after=2022-11-21T00:00:00+00:00
[2022-11-20T17:31:50.053+0000] {processor.py:176} INFO - Processing /opt/airflow/dags/my_dag.py took 0.080 seconds
[2022-11-20T17:32:20.884+0000] {processor.py:154} INFO - Started process (PID=3862) to work on /opt/airflow/dags/my_dag.py
[2022-11-20T17:32:20.885+0000] {processor.py:756} INFO - Processing file /opt/airflow/dags/my_dag.py for tasks to queue
[2022-11-20T17:32:20.886+0000] {logging_mixin.py:120} INFO - [2022-11-20T17:32:20.886+0000] {dagbag.py:537} INFO - Filling up the DagBag from /opt/airflow/dags/my_dag.py
[2022-11-20T17:32:20.909+0000] {processor.py:766} INFO - DAG(s) dict_keys(['my_dag']) retrieved from /opt/airflow/dags/my_dag.py
[2022-11-20T17:32:20.932+0000] {logging_mixin.py:120} INFO - [2022-11-20T17:32:20.932+0000] {dag.py:2585} INFO - Sync 1 DAGs
[2022-11-20T17:32:20.946+0000] {logging_mixin.py:120} INFO - [2022-11-20T17:32:20.945+0000] {dag.py:3340} INFO - Setting next_dagrun for my_dag to 2022-11-20T00:00:00+00:00, run_after=2022-11-21T00:00:00+00:00
[2022-11-20T17:32:20.956+0000] {processor.py:176} INFO - Processing /opt/airflow/dags/my_dag.py took 0.080 seconds
[2022-11-20T17:32:51.080+0000] {processor.py:154} INFO - Started process (PID=3927) to work on /opt/airflow/dags/my_dag.py
[2022-11-20T17:32:51.081+0000] {processor.py:756} INFO - Processing file /opt/airflow/dags/my_dag.py for tasks to queue
[2022-11-20T17:32:51.082+0000] {logging_mixin.py:120} INFO - [2022-11-20T17:32:51.082+0000] {dagbag.py:537} INFO - Filling up the DagBag from /opt/airflow/dags/my_dag.py
[2022-11-20T17:32:51.097+0000] {processor.py:766} INFO - DAG(s) dict_keys(['my_dag']) retrieved from /opt/airflow/dags/my_dag.py
[2022-11-20T17:32:51.128+0000] {logging_mixin.py:120} INFO - [2022-11-20T17:32:51.128+0000] {dag.py:2585} INFO - Sync 1 DAGs
[2022-11-20T17:32:51.144+0000] {logging_mixin.py:120} INFO - [2022-11-20T17:32:51.144+0000] {dag.py:3340} INFO - Setting next_dagrun for my_dag to 2022-11-20T00:00:00+00:00, run_after=2022-11-21T00:00:00+00:00
[2022-11-20T17:32:51.156+0000] {processor.py:176} INFO - Processing /opt/airflow/dags/my_dag.py took 0.079 seconds
[2022-11-20T17:33:21.193+0000] {processor.py:154} INFO - Started process (PID=3994) to work on /opt/airflow/dags/my_dag.py
[2022-11-20T17:33:21.194+0000] {processor.py:756} INFO - Processing file /opt/airflow/dags/my_dag.py for tasks to queue
[2022-11-20T17:33:21.195+0000] {logging_mixin.py:120} INFO - [2022-11-20T17:33:21.195+0000] {dagbag.py:537} INFO - Filling up the DagBag from /opt/airflow/dags/my_dag.py
[2022-11-20T17:33:21.222+0000] {processor.py:766} INFO - DAG(s) dict_keys(['my_dag']) retrieved from /opt/airflow/dags/my_dag.py
[2022-11-20T17:33:21.246+0000] {logging_mixin.py:120} INFO - [2022-11-20T17:33:21.246+0000] {dag.py:2585} INFO - Sync 1 DAGs
[2022-11-20T17:33:21.260+0000] {logging_mixin.py:120} INFO - [2022-11-20T17:33:21.260+0000] {dag.py:3340} INFO - Setting next_dagrun for my_dag to 2022-11-20T00:00:00+00:00, run_after=2022-11-21T00:00:00+00:00
[2022-11-20T17:33:21.270+0000] {processor.py:176} INFO - Processing /opt/airflow/dags/my_dag.py took 0.082 seconds
[2022-11-20T17:33:52.257+0000] {processor.py:154} INFO - Started process (PID=4059) to work on /opt/airflow/dags/my_dag.py
[2022-11-20T17:33:52.259+0000] {processor.py:756} INFO - Processing file /opt/airflow/dags/my_dag.py for tasks to queue
[2022-11-20T17:33:52.260+0000] {logging_mixin.py:120} INFO - [2022-11-20T17:33:52.260+0000] {dagbag.py:537} INFO - Filling up the DagBag from /opt/airflow/dags/my_dag.py
[2022-11-20T17:33:52.284+0000] {processor.py:766} INFO - DAG(s) dict_keys(['my_dag']) retrieved from /opt/airflow/dags/my_dag.py
[2022-11-20T17:33:52.307+0000] {logging_mixin.py:120} INFO - [2022-11-20T17:33:52.307+0000] {dag.py:2585} INFO - Sync 1 DAGs
[2022-11-20T17:33:52.320+0000] {logging_mixin.py:120} INFO - [2022-11-20T17:33:52.320+0000] {dag.py:3340} INFO - Setting next_dagrun for my_dag to 2022-11-20T00:00:00+00:00, run_after=2022-11-21T00:00:00+00:00
[2022-11-20T17:33:52.333+0000] {processor.py:176} INFO - Processing /opt/airflow/dags/my_dag.py took 0.082 seconds
[2022-11-20T17:34:23.245+0000] {processor.py:154} INFO - Started process (PID=4125) to work on /opt/airflow/dags/my_dag.py
[2022-11-20T17:34:23.246+0000] {processor.py:756} INFO - Processing file /opt/airflow/dags/my_dag.py for tasks to queue
[2022-11-20T17:34:23.246+0000] {logging_mixin.py:120} INFO - [2022-11-20T17:34:23.246+0000] {dagbag.py:537} INFO - Filling up the DagBag from /opt/airflow/dags/my_dag.py
[2022-11-20T17:34:23.263+0000] {processor.py:766} INFO - DAG(s) dict_keys(['my_dag']) retrieved from /opt/airflow/dags/my_dag.py
[2022-11-20T17:34:23.287+0000] {logging_mixin.py:120} INFO - [2022-11-20T17:34:23.286+0000] {dag.py:2585} INFO - Sync 1 DAGs
[2022-11-20T17:34:23.303+0000] {logging_mixin.py:120} INFO - [2022-11-20T17:34:23.303+0000] {dag.py:3340} INFO - Setting next_dagrun for my_dag to 2022-11-20T00:00:00+00:00, run_after=2022-11-21T00:00:00+00:00
[2022-11-20T17:34:23.316+0000] {processor.py:176} INFO - Processing /opt/airflow/dags/my_dag.py took 0.073 seconds
[2022-11-20T17:34:54.149+0000] {processor.py:154} INFO - Started process (PID=4195) to work on /opt/airflow/dags/my_dag.py
[2022-11-20T17:34:54.157+0000] {processor.py:756} INFO - Processing file /opt/airflow/dags/my_dag.py for tasks to queue
[2022-11-20T17:34:54.157+0000] {logging_mixin.py:120} INFO - [2022-11-20T17:34:54.157+0000] {dagbag.py:537} INFO - Filling up the DagBag from /opt/airflow/dags/my_dag.py
[2022-11-20T17:34:54.174+0000] {processor.py:766} INFO - DAG(s) dict_keys(['my_dag']) retrieved from /opt/airflow/dags/my_dag.py
[2022-11-20T17:34:54.214+0000] {logging_mixin.py:120} INFO - [2022-11-20T17:34:54.214+0000] {dag.py:2585} INFO - Sync 1 DAGs
[2022-11-20T17:34:54.230+0000] {logging_mixin.py:120} INFO - [2022-11-20T17:34:54.230+0000] {dag.py:3340} INFO - Setting next_dagrun for my_dag to 2022-11-20T00:00:00+00:00, run_after=2022-11-21T00:00:00+00:00
[2022-11-20T17:34:54.241+0000] {processor.py:176} INFO - Processing /opt/airflow/dags/my_dag.py took 0.094 seconds
[2022-11-20T17:35:25.191+0000] {processor.py:154} INFO - Started process (PID=4251) to work on /opt/airflow/dags/my_dag.py
[2022-11-20T17:35:25.193+0000] {processor.py:756} INFO - Processing file /opt/airflow/dags/my_dag.py for tasks to queue
[2022-11-20T17:35:25.194+0000] {logging_mixin.py:120} INFO - [2022-11-20T17:35:25.194+0000] {dagbag.py:537} INFO - Filling up the DagBag from /opt/airflow/dags/my_dag.py
[2022-11-20T17:35:25.219+0000] {processor.py:766} INFO - DAG(s) dict_keys(['my_dag']) retrieved from /opt/airflow/dags/my_dag.py
[2022-11-20T17:35:25.242+0000] {logging_mixin.py:120} INFO - [2022-11-20T17:35:25.242+0000] {dag.py:2585} INFO - Sync 1 DAGs
[2022-11-20T17:35:25.261+0000] {logging_mixin.py:120} INFO - [2022-11-20T17:35:25.261+0000] {dag.py:3340} INFO - Setting next_dagrun for my_dag to 2022-11-20T00:00:00+00:00, run_after=2022-11-21T00:00:00+00:00
[2022-11-20T17:35:25.271+0000] {processor.py:176} INFO - Processing /opt/airflow/dags/my_dag.py took 0.086 seconds
