[2022-11-20T12:59:13.947+0000] {taskinstance.py:1165} INFO - Dependencies all met for <TaskInstance: my_dag.training_model_A scheduled__2022-11-09T00:00:00+00:00 [queued]>
[2022-11-20T12:59:13.988+0000] {taskinstance.py:1165} INFO - Dependencies all met for <TaskInstance: my_dag.training_model_A scheduled__2022-11-09T00:00:00+00:00 [queued]>
[2022-11-20T12:59:13.988+0000] {taskinstance.py:1362} INFO - 
--------------------------------------------------------------------------------
[2022-11-20T12:59:13.988+0000] {taskinstance.py:1363} INFO - Starting attempt 1 of 1
[2022-11-20T12:59:13.989+0000] {taskinstance.py:1364} INFO - 
--------------------------------------------------------------------------------
[2022-11-20T12:59:14.055+0000] {taskinstance.py:1383} INFO - Executing <Task(PythonOperator): training_model_A> on 2022-11-09 00:00:00+00:00
[2022-11-20T12:59:14.058+0000] {standard_task_runner.py:55} INFO - Started process 58 to run task
[2022-11-20T12:59:14.061+0000] {standard_task_runner.py:82} INFO - Running: ['***', 'tasks', 'run', 'my_dag', 'training_model_A', 'scheduled__2022-11-09T00:00:00+00:00', '--job-id', '181', '--raw', '--subdir', 'DAGS_FOLDER/my_dag.py', '--cfg-path', '/tmp/tmpmxwe9n9b']
[2022-11-20T12:59:14.086+0000] {standard_task_runner.py:83} INFO - Job 181: Subtask training_model_A
[2022-11-20T12:59:14.399+0000] {task_command.py:376} INFO - Running <TaskInstance: my_dag.training_model_A scheduled__2022-11-09T00:00:00+00:00 [running]> on host 65bebd3e66a2
[2022-11-20T12:59:14.694+0000] {taskinstance.py:1592} INFO - Exporting the following env vars:
AIRFLOW_CTX_DAG_OWNER=***
AIRFLOW_CTX_DAG_ID=my_dag
AIRFLOW_CTX_TASK_ID=training_model_A
AIRFLOW_CTX_EXECUTION_DATE=2022-11-09T00:00:00+00:00
AIRFLOW_CTX_TRY_NUMBER=1
AIRFLOW_CTX_DAG_RUN_ID=scheduled__2022-11-09T00:00:00+00:00
[2022-11-20T12:59:14.695+0000] {python.py:177} INFO - Done. Returned value was: 7
[2022-11-20T12:59:14.788+0000] {taskinstance.py:1406} INFO - Marking task as SUCCESS. dag_id=my_dag, task_id=training_model_A, execution_date=20221109T000000, start_date=20221120T125913, end_date=20221120T125914
[2022-11-20T12:59:14.844+0000] {local_task_job.py:164} INFO - Task exited with return code 0
[2022-11-20T12:59:14.988+0000] {local_task_job.py:273} INFO - 0 downstream tasks scheduled from follow-on schedule check
