[2022-11-09T00:11:59.363+0000] {processor.py:154} INFO - Started process (PID=30686) to work on /opt/airflow/dags/my_dag.py
[2022-11-09T00:11:59.365+0000] {processor.py:756} INFO - Processing file /opt/airflow/dags/my_dag.py for tasks to queue
[2022-11-09T00:11:59.369+0000] {logging_mixin.py:120} INFO - [2022-11-09T00:11:59.369+0000] {dagbag.py:537} INFO - Filling up the DagBag from /opt/airflow/dags/my_dag.py
[2022-11-09T00:11:59.392+0000] {processor.py:766} INFO - DAG(s) dict_keys(['my_dag']) retrieved from /opt/airflow/dags/my_dag.py
[2022-11-09T00:11:59.461+0000] {logging_mixin.py:120} INFO - [2022-11-09T00:11:59.461+0000] {dag.py:2585} INFO - Sync 1 DAGs
[2022-11-09T00:11:59.489+0000] {logging_mixin.py:120} INFO - [2022-11-09T00:11:59.489+0000] {dag.py:3340} INFO - Setting next_dagrun for my_dag to 2022-11-09T00:00:00+00:00, run_after=2022-11-10T00:00:00+00:00
[2022-11-09T00:11:59.515+0000] {processor.py:176} INFO - Processing /opt/airflow/dags/my_dag.py took 0.154 seconds
[2022-11-09T00:27:32.701+0000] {processor.py:154} INFO - Started process (PID=30733) to work on /opt/airflow/dags/my_dag.py
[2022-11-09T00:27:32.709+0000] {processor.py:756} INFO - Processing file /opt/airflow/dags/my_dag.py for tasks to queue
[2022-11-09T00:27:32.709+0000] {logging_mixin.py:120} INFO - [2022-11-09T00:27:32.709+0000] {dagbag.py:537} INFO - Filling up the DagBag from /opt/airflow/dags/my_dag.py
[2022-11-09T00:27:32.739+0000] {processor.py:766} INFO - DAG(s) dict_keys(['my_dag']) retrieved from /opt/airflow/dags/my_dag.py
[2022-11-09T00:27:32.799+0000] {logging_mixin.py:120} INFO - [2022-11-09T00:27:32.799+0000] {dag.py:2585} INFO - Sync 1 DAGs
[2022-11-09T00:27:32.832+0000] {logging_mixin.py:120} INFO - [2022-11-09T00:27:32.831+0000] {dag.py:3340} INFO - Setting next_dagrun for my_dag to 2022-11-09T00:00:00+00:00, run_after=2022-11-10T00:00:00+00:00
[2022-11-09T00:27:32.870+0000] {processor.py:176} INFO - Processing /opt/airflow/dags/my_dag.py took 0.172 seconds
[2022-11-09T01:00:46.558+0000] {processor.py:154} INFO - Started process (PID=30783) to work on /opt/airflow/dags/my_dag.py
[2022-11-09T01:00:46.559+0000] {processor.py:756} INFO - Processing file /opt/airflow/dags/my_dag.py for tasks to queue
[2022-11-09T01:00:46.562+0000] {logging_mixin.py:120} INFO - [2022-11-09T01:00:46.561+0000] {dagbag.py:537} INFO - Filling up the DagBag from /opt/airflow/dags/my_dag.py
[2022-11-09T01:00:46.590+0000] {processor.py:766} INFO - DAG(s) dict_keys(['my_dag']) retrieved from /opt/airflow/dags/my_dag.py
[2022-11-09T01:00:46.638+0000] {logging_mixin.py:120} INFO - [2022-11-09T01:00:46.638+0000] {dag.py:2585} INFO - Sync 1 DAGs
[2022-11-09T01:00:46.667+0000] {logging_mixin.py:120} INFO - [2022-11-09T01:00:46.667+0000] {dag.py:3340} INFO - Setting next_dagrun for my_dag to 2022-11-09T00:00:00+00:00, run_after=2022-11-10T00:00:00+00:00
[2022-11-09T01:00:46.697+0000] {processor.py:176} INFO - Processing /opt/airflow/dags/my_dag.py took 0.141 seconds
[2022-11-09T01:34:42.644+0000] {processor.py:154} INFO - Started process (PID=30831) to work on /opt/airflow/dags/my_dag.py
[2022-11-09T01:34:42.645+0000] {processor.py:756} INFO - Processing file /opt/airflow/dags/my_dag.py for tasks to queue
[2022-11-09T01:34:42.645+0000] {logging_mixin.py:120} INFO - [2022-11-09T01:34:42.645+0000] {dagbag.py:537} INFO - Filling up the DagBag from /opt/airflow/dags/my_dag.py
[2022-11-09T01:34:42.660+0000] {processor.py:766} INFO - DAG(s) dict_keys(['my_dag']) retrieved from /opt/airflow/dags/my_dag.py
[2022-11-09T01:34:42.680+0000] {logging_mixin.py:120} INFO - [2022-11-09T01:34:42.680+0000] {dag.py:2585} INFO - Sync 1 DAGs
[2022-11-09T01:34:42.736+0000] {logging_mixin.py:120} INFO - [2022-11-09T01:34:42.736+0000] {dag.py:3340} INFO - Setting next_dagrun for my_dag to 2022-11-09T00:00:00+00:00, run_after=2022-11-10T00:00:00+00:00
[2022-11-09T01:34:42.770+0000] {processor.py:176} INFO - Processing /opt/airflow/dags/my_dag.py took 0.127 seconds
[2022-11-09T01:50:22.683+0000] {processor.py:154} INFO - Started process (PID=30878) to work on /opt/airflow/dags/my_dag.py
[2022-11-09T01:50:22.696+0000] {processor.py:756} INFO - Processing file /opt/airflow/dags/my_dag.py for tasks to queue
[2022-11-09T01:50:22.697+0000] {logging_mixin.py:120} INFO - [2022-11-09T01:50:22.697+0000] {dagbag.py:537} INFO - Filling up the DagBag from /opt/airflow/dags/my_dag.py
[2022-11-09T01:50:22.729+0000] {processor.py:766} INFO - DAG(s) dict_keys(['my_dag']) retrieved from /opt/airflow/dags/my_dag.py
[2022-11-09T01:50:22.796+0000] {logging_mixin.py:120} INFO - [2022-11-09T01:50:22.796+0000] {dag.py:2585} INFO - Sync 1 DAGs
[2022-11-09T01:50:22.837+0000] {logging_mixin.py:120} INFO - [2022-11-09T01:50:22.837+0000] {dag.py:3340} INFO - Setting next_dagrun for my_dag to 2022-11-09T00:00:00+00:00, run_after=2022-11-10T00:00:00+00:00
[2022-11-09T01:50:22.858+0000] {processor.py:176} INFO - Processing /opt/airflow/dags/my_dag.py took 0.182 seconds
[2022-11-09T01:55:22.417+0000] {processor.py:154} INFO - Started process (PID=30926) to work on /opt/airflow/dags/my_dag.py
[2022-11-09T01:55:22.418+0000] {processor.py:756} INFO - Processing file /opt/airflow/dags/my_dag.py for tasks to queue
[2022-11-09T01:55:22.419+0000] {logging_mixin.py:120} INFO - [2022-11-09T01:55:22.418+0000] {dagbag.py:537} INFO - Filling up the DagBag from /opt/airflow/dags/my_dag.py
[2022-11-09T01:55:22.432+0000] {processor.py:766} INFO - DAG(s) dict_keys(['my_dag']) retrieved from /opt/airflow/dags/my_dag.py
[2022-11-09T01:55:22.456+0000] {logging_mixin.py:120} INFO - [2022-11-09T01:55:22.456+0000] {dag.py:2585} INFO - Sync 1 DAGs
[2022-11-09T01:55:22.469+0000] {logging_mixin.py:120} INFO - [2022-11-09T01:55:22.469+0000] {dag.py:3340} INFO - Setting next_dagrun for my_dag to 2022-11-09T00:00:00+00:00, run_after=2022-11-10T00:00:00+00:00
[2022-11-09T01:55:22.483+0000] {processor.py:176} INFO - Processing /opt/airflow/dags/my_dag.py took 0.068 seconds
[2022-11-09T02:10:47.694+0000] {processor.py:154} INFO - Started process (PID=30973) to work on /opt/airflow/dags/my_dag.py
[2022-11-09T02:10:47.698+0000] {processor.py:756} INFO - Processing file /opt/airflow/dags/my_dag.py for tasks to queue
[2022-11-09T02:10:47.700+0000] {logging_mixin.py:120} INFO - [2022-11-09T02:10:47.699+0000] {dagbag.py:537} INFO - Filling up the DagBag from /opt/airflow/dags/my_dag.py
[2022-11-09T02:10:47.731+0000] {processor.py:766} INFO - DAG(s) dict_keys(['my_dag']) retrieved from /opt/airflow/dags/my_dag.py
[2022-11-09T02:10:47.777+0000] {logging_mixin.py:120} INFO - [2022-11-09T02:10:47.777+0000] {dag.py:2585} INFO - Sync 1 DAGs
[2022-11-09T02:10:47.792+0000] {logging_mixin.py:120} INFO - [2022-11-09T02:10:47.792+0000] {dag.py:3340} INFO - Setting next_dagrun for my_dag to 2022-11-09T00:00:00+00:00, run_after=2022-11-10T00:00:00+00:00
[2022-11-09T02:10:47.826+0000] {processor.py:176} INFO - Processing /opt/airflow/dags/my_dag.py took 0.135 seconds
[2022-11-09T02:26:22.386+0000] {processor.py:154} INFO - Started process (PID=31020) to work on /opt/airflow/dags/my_dag.py
[2022-11-09T02:26:22.386+0000] {processor.py:756} INFO - Processing file /opt/airflow/dags/my_dag.py for tasks to queue
[2022-11-09T02:26:22.387+0000] {logging_mixin.py:120} INFO - [2022-11-09T02:26:22.387+0000] {dagbag.py:537} INFO - Filling up the DagBag from /opt/airflow/dags/my_dag.py
[2022-11-09T02:26:22.402+0000] {processor.py:766} INFO - DAG(s) dict_keys(['my_dag']) retrieved from /opt/airflow/dags/my_dag.py
[2022-11-09T02:26:22.422+0000] {logging_mixin.py:120} INFO - [2022-11-09T02:26:22.422+0000] {dag.py:2585} INFO - Sync 1 DAGs
[2022-11-09T02:26:22.436+0000] {logging_mixin.py:120} INFO - [2022-11-09T02:26:22.436+0000] {dag.py:3340} INFO - Setting next_dagrun for my_dag to 2022-11-09T00:00:00+00:00, run_after=2022-11-10T00:00:00+00:00
[2022-11-09T02:26:22.446+0000] {processor.py:176} INFO - Processing /opt/airflow/dags/my_dag.py took 0.063 seconds
[2022-11-09T02:43:59.847+0000] {processor.py:154} INFO - Started process (PID=31068) to work on /opt/airflow/dags/my_dag.py
[2022-11-09T02:43:59.848+0000] {processor.py:756} INFO - Processing file /opt/airflow/dags/my_dag.py for tasks to queue
[2022-11-09T02:43:59.848+0000] {logging_mixin.py:120} INFO - [2022-11-09T02:43:59.848+0000] {dagbag.py:537} INFO - Filling up the DagBag from /opt/airflow/dags/my_dag.py
[2022-11-09T02:43:59.863+0000] {processor.py:766} INFO - DAG(s) dict_keys(['my_dag']) retrieved from /opt/airflow/dags/my_dag.py
[2022-11-09T02:43:59.894+0000] {logging_mixin.py:120} INFO - [2022-11-09T02:43:59.894+0000] {dag.py:2585} INFO - Sync 1 DAGs
[2022-11-09T02:43:59.915+0000] {logging_mixin.py:120} INFO - [2022-11-09T02:43:59.915+0000] {dag.py:3340} INFO - Setting next_dagrun for my_dag to 2022-11-09T00:00:00+00:00, run_after=2022-11-10T00:00:00+00:00
[2022-11-09T02:43:59.931+0000] {processor.py:176} INFO - Processing /opt/airflow/dags/my_dag.py took 0.086 seconds
[2022-11-09T03:01:02.052+0000] {processor.py:154} INFO - Started process (PID=31127) to work on /opt/airflow/dags/my_dag.py
[2022-11-09T03:01:02.052+0000] {processor.py:756} INFO - Processing file /opt/airflow/dags/my_dag.py for tasks to queue
[2022-11-09T03:01:02.053+0000] {logging_mixin.py:120} INFO - [2022-11-09T03:01:02.053+0000] {dagbag.py:537} INFO - Filling up the DagBag from /opt/airflow/dags/my_dag.py
[2022-11-09T03:01:02.068+0000] {processor.py:766} INFO - DAG(s) dict_keys(['my_dag']) retrieved from /opt/airflow/dags/my_dag.py
[2022-11-09T03:01:02.093+0000] {logging_mixin.py:120} INFO - [2022-11-09T03:01:02.093+0000] {dag.py:2585} INFO - Sync 1 DAGs
[2022-11-09T03:01:02.111+0000] {logging_mixin.py:120} INFO - [2022-11-09T03:01:02.111+0000] {dag.py:3340} INFO - Setting next_dagrun for my_dag to 2022-11-09T00:00:00+00:00, run_after=2022-11-10T00:00:00+00:00
[2022-11-09T03:01:02.122+0000] {processor.py:176} INFO - Processing /opt/airflow/dags/my_dag.py took 0.073 seconds
[2022-11-09T03:03:51.226+0000] {processor.py:154} INFO - Started process (PID=31192) to work on /opt/airflow/dags/my_dag.py
[2022-11-09T03:03:51.227+0000] {processor.py:756} INFO - Processing file /opt/airflow/dags/my_dag.py for tasks to queue
[2022-11-09T03:03:51.228+0000] {logging_mixin.py:120} INFO - [2022-11-09T03:03:51.228+0000] {dagbag.py:537} INFO - Filling up the DagBag from /opt/airflow/dags/my_dag.py
[2022-11-09T03:03:51.251+0000] {processor.py:766} INFO - DAG(s) dict_keys(['my_dag']) retrieved from /opt/airflow/dags/my_dag.py
[2022-11-09T03:03:51.284+0000] {logging_mixin.py:120} INFO - [2022-11-09T03:03:51.283+0000] {dag.py:2585} INFO - Sync 1 DAGs
[2022-11-09T03:03:51.297+0000] {logging_mixin.py:120} INFO - [2022-11-09T03:03:51.297+0000] {dag.py:3340} INFO - Setting next_dagrun for my_dag to 2022-11-09T00:00:00+00:00, run_after=2022-11-10T00:00:00+00:00
[2022-11-09T03:03:51.307+0000] {processor.py:176} INFO - Processing /opt/airflow/dags/my_dag.py took 0.087 seconds
[2022-11-09T03:19:26.915+0000] {processor.py:154} INFO - Started process (PID=31239) to work on /opt/airflow/dags/my_dag.py
[2022-11-09T03:19:26.923+0000] {processor.py:756} INFO - Processing file /opt/airflow/dags/my_dag.py for tasks to queue
[2022-11-09T03:19:26.924+0000] {logging_mixin.py:120} INFO - [2022-11-09T03:19:26.924+0000] {dagbag.py:537} INFO - Filling up the DagBag from /opt/airflow/dags/my_dag.py
[2022-11-09T03:19:26.952+0000] {processor.py:766} INFO - DAG(s) dict_keys(['my_dag']) retrieved from /opt/airflow/dags/my_dag.py
[2022-11-09T03:19:27.008+0000] {logging_mixin.py:120} INFO - [2022-11-09T03:19:27.007+0000] {dag.py:2585} INFO - Sync 1 DAGs
[2022-11-09T03:19:27.036+0000] {logging_mixin.py:120} INFO - [2022-11-09T03:19:27.036+0000] {dag.py:3340} INFO - Setting next_dagrun for my_dag to 2022-11-09T00:00:00+00:00, run_after=2022-11-10T00:00:00+00:00
[2022-11-09T03:19:27.118+0000] {processor.py:176} INFO - Processing /opt/airflow/dags/my_dag.py took 0.206 seconds
[2022-11-09T03:35:50.598+0000] {processor.py:154} INFO - Started process (PID=31297) to work on /opt/airflow/dags/my_dag.py
[2022-11-09T03:35:50.599+0000] {processor.py:756} INFO - Processing file /opt/airflow/dags/my_dag.py for tasks to queue
[2022-11-09T03:35:50.600+0000] {logging_mixin.py:120} INFO - [2022-11-09T03:35:50.600+0000] {dagbag.py:537} INFO - Filling up the DagBag from /opt/airflow/dags/my_dag.py
[2022-11-09T03:35:50.617+0000] {processor.py:766} INFO - DAG(s) dict_keys(['my_dag']) retrieved from /opt/airflow/dags/my_dag.py
[2022-11-09T03:35:50.664+0000] {logging_mixin.py:120} INFO - [2022-11-09T03:35:50.664+0000] {dag.py:2585} INFO - Sync 1 DAGs
[2022-11-09T03:35:50.692+0000] {logging_mixin.py:120} INFO - [2022-11-09T03:35:50.692+0000] {dag.py:3340} INFO - Setting next_dagrun for my_dag to 2022-11-09T00:00:00+00:00, run_after=2022-11-10T00:00:00+00:00
[2022-11-09T03:35:50.744+0000] {processor.py:176} INFO - Processing /opt/airflow/dags/my_dag.py took 0.148 seconds
[2022-11-09T03:58:26.288+0000] {processor.py:154} INFO - Started process (PID=31344) to work on /opt/airflow/dags/my_dag.py
[2022-11-09T03:58:26.289+0000] {processor.py:756} INFO - Processing file /opt/airflow/dags/my_dag.py for tasks to queue
[2022-11-09T03:58:26.290+0000] {logging_mixin.py:120} INFO - [2022-11-09T03:58:26.290+0000] {dagbag.py:537} INFO - Filling up the DagBag from /opt/airflow/dags/my_dag.py
[2022-11-09T03:58:26.316+0000] {processor.py:766} INFO - DAG(s) dict_keys(['my_dag']) retrieved from /opt/airflow/dags/my_dag.py
[2022-11-09T03:58:26.340+0000] {logging_mixin.py:120} INFO - [2022-11-09T03:58:26.340+0000] {dag.py:2585} INFO - Sync 1 DAGs
[2022-11-09T03:58:26.355+0000] {logging_mixin.py:120} INFO - [2022-11-09T03:58:26.355+0000] {dag.py:3340} INFO - Setting next_dagrun for my_dag to 2022-11-09T00:00:00+00:00, run_after=2022-11-10T00:00:00+00:00
[2022-11-09T03:58:26.366+0000] {processor.py:176} INFO - Processing /opt/airflow/dags/my_dag.py took 0.080 seconds
[2022-11-09T03:58:57.035+0000] {processor.py:154} INFO - Started process (PID=31414) to work on /opt/airflow/dags/my_dag.py
[2022-11-09T03:58:57.035+0000] {processor.py:756} INFO - Processing file /opt/airflow/dags/my_dag.py for tasks to queue
[2022-11-09T03:58:57.036+0000] {logging_mixin.py:120} INFO - [2022-11-09T03:58:57.036+0000] {dagbag.py:537} INFO - Filling up the DagBag from /opt/airflow/dags/my_dag.py
[2022-11-09T03:58:57.051+0000] {processor.py:766} INFO - DAG(s) dict_keys(['my_dag']) retrieved from /opt/airflow/dags/my_dag.py
[2022-11-09T03:58:57.073+0000] {logging_mixin.py:120} INFO - [2022-11-09T03:58:57.073+0000] {dag.py:2585} INFO - Sync 1 DAGs
[2022-11-09T03:58:57.089+0000] {logging_mixin.py:120} INFO - [2022-11-09T03:58:57.089+0000] {dag.py:3340} INFO - Setting next_dagrun for my_dag to 2022-11-09T00:00:00+00:00, run_after=2022-11-10T00:00:00+00:00
[2022-11-09T03:58:57.100+0000] {processor.py:176} INFO - Processing /opt/airflow/dags/my_dag.py took 0.067 seconds
[2022-11-09T03:59:28.030+0000] {processor.py:154} INFO - Started process (PID=31486) to work on /opt/airflow/dags/my_dag.py
[2022-11-09T03:59:28.031+0000] {processor.py:756} INFO - Processing file /opt/airflow/dags/my_dag.py for tasks to queue
[2022-11-09T03:59:28.032+0000] {logging_mixin.py:120} INFO - [2022-11-09T03:59:28.032+0000] {dagbag.py:537} INFO - Filling up the DagBag from /opt/airflow/dags/my_dag.py
[2022-11-09T03:59:28.049+0000] {processor.py:766} INFO - DAG(s) dict_keys(['my_dag']) retrieved from /opt/airflow/dags/my_dag.py
[2022-11-09T03:59:28.074+0000] {logging_mixin.py:120} INFO - [2022-11-09T03:59:28.074+0000] {dag.py:2585} INFO - Sync 1 DAGs
[2022-11-09T03:59:28.089+0000] {logging_mixin.py:120} INFO - [2022-11-09T03:59:28.089+0000] {dag.py:3340} INFO - Setting next_dagrun for my_dag to 2022-11-09T00:00:00+00:00, run_after=2022-11-10T00:00:00+00:00
[2022-11-09T03:59:28.100+0000] {processor.py:176} INFO - Processing /opt/airflow/dags/my_dag.py took 0.072 seconds
[2022-11-09T03:59:58.936+0000] {processor.py:154} INFO - Started process (PID=31543) to work on /opt/airflow/dags/my_dag.py
[2022-11-09T03:59:58.937+0000] {processor.py:756} INFO - Processing file /opt/airflow/dags/my_dag.py for tasks to queue
[2022-11-09T03:59:58.939+0000] {logging_mixin.py:120} INFO - [2022-11-09T03:59:58.938+0000] {dagbag.py:537} INFO - Filling up the DagBag from /opt/airflow/dags/my_dag.py
[2022-11-09T03:59:58.964+0000] {processor.py:766} INFO - DAG(s) dict_keys(['my_dag']) retrieved from /opt/airflow/dags/my_dag.py
[2022-11-09T03:59:58.993+0000] {logging_mixin.py:120} INFO - [2022-11-09T03:59:58.992+0000] {dag.py:2585} INFO - Sync 1 DAGs
[2022-11-09T03:59:59.007+0000] {logging_mixin.py:120} INFO - [2022-11-09T03:59:59.007+0000] {dag.py:3340} INFO - Setting next_dagrun for my_dag to 2022-11-09T00:00:00+00:00, run_after=2022-11-10T00:00:00+00:00
[2022-11-09T03:59:59.018+0000] {processor.py:176} INFO - Processing /opt/airflow/dags/my_dag.py took 0.087 seconds
[2022-11-09T04:00:29.857+0000] {processor.py:154} INFO - Started process (PID=31609) to work on /opt/airflow/dags/my_dag.py
[2022-11-09T04:00:29.858+0000] {processor.py:756} INFO - Processing file /opt/airflow/dags/my_dag.py for tasks to queue
[2022-11-09T04:00:29.858+0000] {logging_mixin.py:120} INFO - [2022-11-09T04:00:29.858+0000] {dagbag.py:537} INFO - Filling up the DagBag from /opt/airflow/dags/my_dag.py
[2022-11-09T04:00:29.874+0000] {processor.py:766} INFO - DAG(s) dict_keys(['my_dag']) retrieved from /opt/airflow/dags/my_dag.py
[2022-11-09T04:00:29.895+0000] {logging_mixin.py:120} INFO - [2022-11-09T04:00:29.895+0000] {dag.py:2585} INFO - Sync 1 DAGs
[2022-11-09T04:00:29.909+0000] {logging_mixin.py:120} INFO - [2022-11-09T04:00:29.909+0000] {dag.py:3340} INFO - Setting next_dagrun for my_dag to 2022-11-09T00:00:00+00:00, run_after=2022-11-10T00:00:00+00:00
[2022-11-09T04:00:29.920+0000] {processor.py:176} INFO - Processing /opt/airflow/dags/my_dag.py took 0.066 seconds
[2022-11-09T04:01:00.914+0000] {processor.py:154} INFO - Started process (PID=31674) to work on /opt/airflow/dags/my_dag.py
[2022-11-09T04:01:00.916+0000] {processor.py:756} INFO - Processing file /opt/airflow/dags/my_dag.py for tasks to queue
[2022-11-09T04:01:00.917+0000] {logging_mixin.py:120} INFO - [2022-11-09T04:01:00.917+0000] {dagbag.py:537} INFO - Filling up the DagBag from /opt/airflow/dags/my_dag.py
[2022-11-09T04:01:00.943+0000] {processor.py:766} INFO - DAG(s) dict_keys(['my_dag']) retrieved from /opt/airflow/dags/my_dag.py
[2022-11-09T04:01:00.967+0000] {logging_mixin.py:120} INFO - [2022-11-09T04:01:00.967+0000] {dag.py:2585} INFO - Sync 1 DAGs
[2022-11-09T04:01:00.981+0000] {logging_mixin.py:120} INFO - [2022-11-09T04:01:00.981+0000] {dag.py:3340} INFO - Setting next_dagrun for my_dag to 2022-11-09T00:00:00+00:00, run_after=2022-11-10T00:00:00+00:00
[2022-11-09T04:01:00.991+0000] {processor.py:176} INFO - Processing /opt/airflow/dags/my_dag.py took 0.083 seconds
[2022-11-09T04:01:31.052+0000] {processor.py:154} INFO - Started process (PID=31740) to work on /opt/airflow/dags/my_dag.py
[2022-11-09T04:01:31.054+0000] {processor.py:756} INFO - Processing file /opt/airflow/dags/my_dag.py for tasks to queue
[2022-11-09T04:01:31.055+0000] {logging_mixin.py:120} INFO - [2022-11-09T04:01:31.055+0000] {dagbag.py:537} INFO - Filling up the DagBag from /opt/airflow/dags/my_dag.py
[2022-11-09T04:01:31.080+0000] {processor.py:766} INFO - DAG(s) dict_keys(['my_dag']) retrieved from /opt/airflow/dags/my_dag.py
[2022-11-09T04:01:31.104+0000] {logging_mixin.py:120} INFO - [2022-11-09T04:01:31.104+0000] {dag.py:2585} INFO - Sync 1 DAGs
[2022-11-09T04:01:31.118+0000] {logging_mixin.py:120} INFO - [2022-11-09T04:01:31.118+0000] {dag.py:3340} INFO - Setting next_dagrun for my_dag to 2022-11-09T00:00:00+00:00, run_after=2022-11-10T00:00:00+00:00
[2022-11-09T04:01:31.128+0000] {processor.py:176} INFO - Processing /opt/airflow/dags/my_dag.py took 0.081 seconds
[2022-11-09T04:02:01.161+0000] {processor.py:154} INFO - Started process (PID=31810) to work on /opt/airflow/dags/my_dag.py
[2022-11-09T04:02:01.162+0000] {processor.py:756} INFO - Processing file /opt/airflow/dags/my_dag.py for tasks to queue
[2022-11-09T04:02:01.163+0000] {logging_mixin.py:120} INFO - [2022-11-09T04:02:01.163+0000] {dagbag.py:537} INFO - Filling up the DagBag from /opt/airflow/dags/my_dag.py
[2022-11-09T04:02:01.189+0000] {processor.py:766} INFO - DAG(s) dict_keys(['my_dag']) retrieved from /opt/airflow/dags/my_dag.py
[2022-11-09T04:02:01.214+0000] {logging_mixin.py:120} INFO - [2022-11-09T04:02:01.214+0000] {dag.py:2585} INFO - Sync 1 DAGs
[2022-11-09T04:02:01.228+0000] {logging_mixin.py:120} INFO - [2022-11-09T04:02:01.228+0000] {dag.py:3340} INFO - Setting next_dagrun for my_dag to 2022-11-09T00:00:00+00:00, run_after=2022-11-10T00:00:00+00:00
[2022-11-09T04:02:01.238+0000] {processor.py:176} INFO - Processing /opt/airflow/dags/my_dag.py took 0.083 seconds
[2022-11-09T04:02:31.367+0000] {processor.py:154} INFO - Started process (PID=31878) to work on /opt/airflow/dags/my_dag.py
[2022-11-09T04:02:31.368+0000] {processor.py:756} INFO - Processing file /opt/airflow/dags/my_dag.py for tasks to queue
[2022-11-09T04:02:31.369+0000] {logging_mixin.py:120} INFO - [2022-11-09T04:02:31.369+0000] {dagbag.py:537} INFO - Filling up the DagBag from /opt/airflow/dags/my_dag.py
[2022-11-09T04:02:31.396+0000] {processor.py:766} INFO - DAG(s) dict_keys(['my_dag']) retrieved from /opt/airflow/dags/my_dag.py
[2022-11-09T04:02:31.420+0000] {logging_mixin.py:120} INFO - [2022-11-09T04:02:31.420+0000] {dag.py:2585} INFO - Sync 1 DAGs
[2022-11-09T04:02:31.434+0000] {logging_mixin.py:120} INFO - [2022-11-09T04:02:31.434+0000] {dag.py:3340} INFO - Setting next_dagrun for my_dag to 2022-11-09T00:00:00+00:00, run_after=2022-11-10T00:00:00+00:00
[2022-11-09T04:02:31.444+0000] {processor.py:176} INFO - Processing /opt/airflow/dags/my_dag.py took 0.083 seconds
[2022-11-09T04:03:02.410+0000] {processor.py:154} INFO - Started process (PID=31943) to work on /opt/airflow/dags/my_dag.py
[2022-11-09T04:03:02.411+0000] {processor.py:756} INFO - Processing file /opt/airflow/dags/my_dag.py for tasks to queue
[2022-11-09T04:03:02.411+0000] {logging_mixin.py:120} INFO - [2022-11-09T04:03:02.411+0000] {dagbag.py:537} INFO - Filling up the DagBag from /opt/airflow/dags/my_dag.py
[2022-11-09T04:03:02.428+0000] {processor.py:766} INFO - DAG(s) dict_keys(['my_dag']) retrieved from /opt/airflow/dags/my_dag.py
[2022-11-09T04:03:02.487+0000] {logging_mixin.py:120} INFO - [2022-11-09T04:03:02.486+0000] {dag.py:2585} INFO - Sync 1 DAGs
[2022-11-09T04:03:02.503+0000] {logging_mixin.py:120} INFO - [2022-11-09T04:03:02.503+0000] {dag.py:3340} INFO - Setting next_dagrun for my_dag to 2022-11-09T00:00:00+00:00, run_after=2022-11-10T00:00:00+00:00
[2022-11-09T04:03:02.515+0000] {processor.py:176} INFO - Processing /opt/airflow/dags/my_dag.py took 0.108 seconds
[2022-11-09T04:03:32.747+0000] {processor.py:154} INFO - Started process (PID=31999) to work on /opt/airflow/dags/my_dag.py
[2022-11-09T04:03:32.748+0000] {processor.py:756} INFO - Processing file /opt/airflow/dags/my_dag.py for tasks to queue
[2022-11-09T04:03:32.749+0000] {logging_mixin.py:120} INFO - [2022-11-09T04:03:32.749+0000] {dagbag.py:537} INFO - Filling up the DagBag from /opt/airflow/dags/my_dag.py
[2022-11-09T04:03:32.773+0000] {processor.py:766} INFO - DAG(s) dict_keys(['my_dag']) retrieved from /opt/airflow/dags/my_dag.py
[2022-11-09T04:03:32.796+0000] {logging_mixin.py:120} INFO - [2022-11-09T04:03:32.796+0000] {dag.py:2585} INFO - Sync 1 DAGs
[2022-11-09T04:03:32.810+0000] {logging_mixin.py:120} INFO - [2022-11-09T04:03:32.810+0000] {dag.py:3340} INFO - Setting next_dagrun for my_dag to 2022-11-09T00:00:00+00:00, run_after=2022-11-10T00:00:00+00:00
[2022-11-09T04:03:32.819+0000] {processor.py:176} INFO - Processing /opt/airflow/dags/my_dag.py took 0.078 seconds
[2022-11-09T04:04:03.882+0000] {processor.py:154} INFO - Started process (PID=32068) to work on /opt/airflow/dags/my_dag.py
[2022-11-09T04:04:03.883+0000] {processor.py:756} INFO - Processing file /opt/airflow/dags/my_dag.py for tasks to queue
[2022-11-09T04:04:03.883+0000] {logging_mixin.py:120} INFO - [2022-11-09T04:04:03.883+0000] {dagbag.py:537} INFO - Filling up the DagBag from /opt/airflow/dags/my_dag.py
[2022-11-09T04:04:03.904+0000] {processor.py:766} INFO - DAG(s) dict_keys(['my_dag']) retrieved from /opt/airflow/dags/my_dag.py
[2022-11-09T04:04:03.925+0000] {logging_mixin.py:120} INFO - [2022-11-09T04:04:03.925+0000] {dag.py:2585} INFO - Sync 1 DAGs
[2022-11-09T04:04:03.944+0000] {logging_mixin.py:120} INFO - [2022-11-09T04:04:03.944+0000] {dag.py:3340} INFO - Setting next_dagrun for my_dag to 2022-11-09T00:00:00+00:00, run_after=2022-11-10T00:00:00+00:00
[2022-11-09T04:04:03.955+0000] {processor.py:176} INFO - Processing /opt/airflow/dags/my_dag.py took 0.078 seconds
[2022-11-09T04:04:34.983+0000] {processor.py:154} INFO - Started process (PID=32139) to work on /opt/airflow/dags/my_dag.py
[2022-11-09T04:04:34.984+0000] {processor.py:756} INFO - Processing file /opt/airflow/dags/my_dag.py for tasks to queue
[2022-11-09T04:04:34.985+0000] {logging_mixin.py:120} INFO - [2022-11-09T04:04:34.985+0000] {dagbag.py:537} INFO - Filling up the DagBag from /opt/airflow/dags/my_dag.py
[2022-11-09T04:04:35.009+0000] {processor.py:766} INFO - DAG(s) dict_keys(['my_dag']) retrieved from /opt/airflow/dags/my_dag.py
[2022-11-09T04:04:35.035+0000] {logging_mixin.py:120} INFO - [2022-11-09T04:04:35.034+0000] {dag.py:2585} INFO - Sync 1 DAGs
[2022-11-09T04:04:35.049+0000] {logging_mixin.py:120} INFO - [2022-11-09T04:04:35.049+0000] {dag.py:3340} INFO - Setting next_dagrun for my_dag to 2022-11-09T00:00:00+00:00, run_after=2022-11-10T00:00:00+00:00
[2022-11-09T04:04:35.060+0000] {processor.py:176} INFO - Processing /opt/airflow/dags/my_dag.py took 0.084 seconds
[2022-11-09T04:05:06.005+0000] {processor.py:154} INFO - Started process (PID=32206) to work on /opt/airflow/dags/my_dag.py
[2022-11-09T04:05:06.006+0000] {processor.py:756} INFO - Processing file /opt/airflow/dags/my_dag.py for tasks to queue
[2022-11-09T04:05:06.007+0000] {logging_mixin.py:120} INFO - [2022-11-09T04:05:06.007+0000] {dagbag.py:537} INFO - Filling up the DagBag from /opt/airflow/dags/my_dag.py
[2022-11-09T04:05:06.031+0000] {processor.py:766} INFO - DAG(s) dict_keys(['my_dag']) retrieved from /opt/airflow/dags/my_dag.py
[2022-11-09T04:05:06.056+0000] {logging_mixin.py:120} INFO - [2022-11-09T04:05:06.056+0000] {dag.py:2585} INFO - Sync 1 DAGs
[2022-11-09T04:05:06.071+0000] {logging_mixin.py:120} INFO - [2022-11-09T04:05:06.071+0000] {dag.py:3340} INFO - Setting next_dagrun for my_dag to 2022-11-09T00:00:00+00:00, run_after=2022-11-10T00:00:00+00:00
[2022-11-09T04:05:06.083+0000] {processor.py:176} INFO - Processing /opt/airflow/dags/my_dag.py took 0.085 seconds
[2022-11-09T04:05:36.912+0000] {processor.py:154} INFO - Started process (PID=32271) to work on /opt/airflow/dags/my_dag.py
[2022-11-09T04:05:36.913+0000] {processor.py:756} INFO - Processing file /opt/airflow/dags/my_dag.py for tasks to queue
[2022-11-09T04:05:36.914+0000] {logging_mixin.py:120} INFO - [2022-11-09T04:05:36.914+0000] {dagbag.py:537} INFO - Filling up the DagBag from /opt/airflow/dags/my_dag.py
[2022-11-09T04:05:36.927+0000] {processor.py:766} INFO - DAG(s) dict_keys(['my_dag']) retrieved from /opt/airflow/dags/my_dag.py
[2022-11-09T04:05:36.948+0000] {logging_mixin.py:120} INFO - [2022-11-09T04:05:36.947+0000] {dag.py:2585} INFO - Sync 1 DAGs
[2022-11-09T04:05:36.961+0000] {logging_mixin.py:120} INFO - [2022-11-09T04:05:36.960+0000] {dag.py:3340} INFO - Setting next_dagrun for my_dag to 2022-11-09T00:00:00+00:00, run_after=2022-11-10T00:00:00+00:00
[2022-11-09T04:05:36.971+0000] {processor.py:176} INFO - Processing /opt/airflow/dags/my_dag.py took 0.061 seconds
[2022-11-09T04:06:07.715+0000] {processor.py:154} INFO - Started process (PID=32336) to work on /opt/airflow/dags/my_dag.py
[2022-11-09T04:06:07.715+0000] {processor.py:756} INFO - Processing file /opt/airflow/dags/my_dag.py for tasks to queue
[2022-11-09T04:06:07.716+0000] {logging_mixin.py:120} INFO - [2022-11-09T04:06:07.716+0000] {dagbag.py:537} INFO - Filling up the DagBag from /opt/airflow/dags/my_dag.py
[2022-11-09T04:06:07.731+0000] {processor.py:766} INFO - DAG(s) dict_keys(['my_dag']) retrieved from /opt/airflow/dags/my_dag.py
[2022-11-09T04:06:07.751+0000] {logging_mixin.py:120} INFO - [2022-11-09T04:06:07.751+0000] {dag.py:2585} INFO - Sync 1 DAGs
[2022-11-09T04:06:07.764+0000] {logging_mixin.py:120} INFO - [2022-11-09T04:06:07.764+0000] {dag.py:3340} INFO - Setting next_dagrun for my_dag to 2022-11-09T00:00:00+00:00, run_after=2022-11-10T00:00:00+00:00
[2022-11-09T04:06:07.775+0000] {processor.py:176} INFO - Processing /opt/airflow/dags/my_dag.py took 0.063 seconds
[2022-11-09T04:06:38.559+0000] {processor.py:154} INFO - Started process (PID=32405) to work on /opt/airflow/dags/my_dag.py
[2022-11-09T04:06:38.560+0000] {processor.py:756} INFO - Processing file /opt/airflow/dags/my_dag.py for tasks to queue
[2022-11-09T04:06:38.560+0000] {logging_mixin.py:120} INFO - [2022-11-09T04:06:38.560+0000] {dagbag.py:537} INFO - Filling up the DagBag from /opt/airflow/dags/my_dag.py
[2022-11-09T04:06:38.577+0000] {processor.py:766} INFO - DAG(s) dict_keys(['my_dag']) retrieved from /opt/airflow/dags/my_dag.py
[2022-11-09T04:06:38.598+0000] {logging_mixin.py:120} INFO - [2022-11-09T04:06:38.598+0000] {dag.py:2585} INFO - Sync 1 DAGs
[2022-11-09T04:06:38.612+0000] {logging_mixin.py:120} INFO - [2022-11-09T04:06:38.612+0000] {dag.py:3340} INFO - Setting next_dagrun for my_dag to 2022-11-09T00:00:00+00:00, run_after=2022-11-10T00:00:00+00:00
[2022-11-09T04:06:38.623+0000] {processor.py:176} INFO - Processing /opt/airflow/dags/my_dag.py took 0.067 seconds
[2022-11-09T04:17:37.771+0000] {processor.py:154} INFO - Started process (PID=32464) to work on /opt/airflow/dags/my_dag.py
[2022-11-09T04:17:37.771+0000] {processor.py:756} INFO - Processing file /opt/airflow/dags/my_dag.py for tasks to queue
[2022-11-09T04:17:37.772+0000] {logging_mixin.py:120} INFO - [2022-11-09T04:17:37.772+0000] {dagbag.py:537} INFO - Filling up the DagBag from /opt/airflow/dags/my_dag.py
[2022-11-09T04:17:37.789+0000] {processor.py:766} INFO - DAG(s) dict_keys(['my_dag']) retrieved from /opt/airflow/dags/my_dag.py
[2022-11-09T04:17:37.812+0000] {logging_mixin.py:120} INFO - [2022-11-09T04:17:37.812+0000] {dag.py:2585} INFO - Sync 1 DAGs
[2022-11-09T04:17:37.826+0000] {logging_mixin.py:120} INFO - [2022-11-09T04:17:37.826+0000] {dag.py:3340} INFO - Setting next_dagrun for my_dag to 2022-11-09T00:00:00+00:00, run_after=2022-11-10T00:00:00+00:00
[2022-11-09T04:17:37.837+0000] {processor.py:176} INFO - Processing /opt/airflow/dags/my_dag.py took 0.069 seconds
[2022-11-09T04:18:08.268+0000] {processor.py:154} INFO - Started process (PID=32531) to work on /opt/airflow/dags/my_dag.py
[2022-11-09T04:18:08.269+0000] {processor.py:756} INFO - Processing file /opt/airflow/dags/my_dag.py for tasks to queue
[2022-11-09T04:18:08.271+0000] {logging_mixin.py:120} INFO - [2022-11-09T04:18:08.270+0000] {dagbag.py:537} INFO - Filling up the DagBag from /opt/airflow/dags/my_dag.py
[2022-11-09T04:18:08.297+0000] {processor.py:766} INFO - DAG(s) dict_keys(['my_dag']) retrieved from /opt/airflow/dags/my_dag.py
[2022-11-09T04:18:08.321+0000] {logging_mixin.py:120} INFO - [2022-11-09T04:18:08.321+0000] {dag.py:2585} INFO - Sync 1 DAGs
[2022-11-09T04:18:08.334+0000] {logging_mixin.py:120} INFO - [2022-11-09T04:18:08.334+0000] {dag.py:3340} INFO - Setting next_dagrun for my_dag to 2022-11-09T00:00:00+00:00, run_after=2022-11-10T00:00:00+00:00
[2022-11-09T04:18:08.345+0000] {processor.py:176} INFO - Processing /opt/airflow/dags/my_dag.py took 0.082 seconds
[2022-11-09T04:18:39.344+0000] {processor.py:154} INFO - Started process (PID=32598) to work on /opt/airflow/dags/my_dag.py
[2022-11-09T04:18:39.345+0000] {processor.py:756} INFO - Processing file /opt/airflow/dags/my_dag.py for tasks to queue
[2022-11-09T04:18:39.346+0000] {logging_mixin.py:120} INFO - [2022-11-09T04:18:39.346+0000] {dagbag.py:537} INFO - Filling up the DagBag from /opt/airflow/dags/my_dag.py
[2022-11-09T04:18:39.373+0000] {processor.py:766} INFO - DAG(s) dict_keys(['my_dag']) retrieved from /opt/airflow/dags/my_dag.py
[2022-11-09T04:18:39.396+0000] {logging_mixin.py:120} INFO - [2022-11-09T04:18:39.396+0000] {dag.py:2585} INFO - Sync 1 DAGs
[2022-11-09T04:18:39.410+0000] {logging_mixin.py:120} INFO - [2022-11-09T04:18:39.410+0000] {dag.py:3340} INFO - Setting next_dagrun for my_dag to 2022-11-09T00:00:00+00:00, run_after=2022-11-10T00:00:00+00:00
[2022-11-09T04:18:39.420+0000] {processor.py:176} INFO - Processing /opt/airflow/dags/my_dag.py took 0.083 seconds
[2022-11-09T04:19:10.344+0000] {processor.py:154} INFO - Started process (PID=32664) to work on /opt/airflow/dags/my_dag.py
[2022-11-09T04:19:10.346+0000] {processor.py:756} INFO - Processing file /opt/airflow/dags/my_dag.py for tasks to queue
[2022-11-09T04:19:10.347+0000] {logging_mixin.py:120} INFO - [2022-11-09T04:19:10.347+0000] {dagbag.py:537} INFO - Filling up the DagBag from /opt/airflow/dags/my_dag.py
[2022-11-09T04:19:10.376+0000] {processor.py:766} INFO - DAG(s) dict_keys(['my_dag']) retrieved from /opt/airflow/dags/my_dag.py
[2022-11-09T04:19:10.415+0000] {logging_mixin.py:120} INFO - [2022-11-09T04:19:10.414+0000] {dag.py:2585} INFO - Sync 1 DAGs
[2022-11-09T04:19:10.437+0000] {logging_mixin.py:120} INFO - [2022-11-09T04:19:10.437+0000] {dag.py:3340} INFO - Setting next_dagrun for my_dag to 2022-11-09T00:00:00+00:00, run_after=2022-11-10T00:00:00+00:00
[2022-11-09T04:19:10.451+0000] {processor.py:176} INFO - Processing /opt/airflow/dags/my_dag.py took 0.110 seconds
[2022-11-09T04:19:41.287+0000] {processor.py:154} INFO - Started process (PID=32731) to work on /opt/airflow/dags/my_dag.py
[2022-11-09T04:19:41.288+0000] {processor.py:756} INFO - Processing file /opt/airflow/dags/my_dag.py for tasks to queue
[2022-11-09T04:19:41.289+0000] {logging_mixin.py:120} INFO - [2022-11-09T04:19:41.289+0000] {dagbag.py:537} INFO - Filling up the DagBag from /opt/airflow/dags/my_dag.py
[2022-11-09T04:19:41.320+0000] {processor.py:766} INFO - DAG(s) dict_keys(['my_dag']) retrieved from /opt/airflow/dags/my_dag.py
[2022-11-09T04:19:41.349+0000] {logging_mixin.py:120} INFO - [2022-11-09T04:19:41.349+0000] {dag.py:2585} INFO - Sync 1 DAGs
[2022-11-09T04:19:41.364+0000] {logging_mixin.py:120} INFO - [2022-11-09T04:19:41.364+0000] {dag.py:3340} INFO - Setting next_dagrun for my_dag to 2022-11-09T00:00:00+00:00, run_after=2022-11-10T00:00:00+00:00
[2022-11-09T04:19:41.376+0000] {processor.py:176} INFO - Processing /opt/airflow/dags/my_dag.py took 0.092 seconds
