[2022-11-07T04:59:16.583+0000] {taskinstance.py:1165} INFO - Dependencies all met for <TaskInstance: my_dag.training_model_B manual__2022-11-07T04:59:15.785214+00:00 [queued]>
[2022-11-07T04:59:16.588+0000] {taskinstance.py:1165} INFO - Dependencies all met for <TaskInstance: my_dag.training_model_B manual__2022-11-07T04:59:15.785214+00:00 [queued]>
[2022-11-07T04:59:16.589+0000] {taskinstance.py:1362} INFO - 
--------------------------------------------------------------------------------
[2022-11-07T04:59:16.589+0000] {taskinstance.py:1363} INFO - Starting attempt 1 of 1
[2022-11-07T04:59:16.589+0000] {taskinstance.py:1364} INFO - 
--------------------------------------------------------------------------------
[2022-11-07T04:59:16.596+0000] {taskinstance.py:1383} INFO - Executing <Task(PythonOperator): training_model_B> on 2022-11-07 04:59:15.785214+00:00
[2022-11-07T04:59:16.598+0000] {standard_task_runner.py:55} INFO - Started process 758 to run task
[2022-11-07T04:59:16.601+0000] {standard_task_runner.py:82} INFO - Running: ['***', 'tasks', 'run', 'my_dag', 'training_model_B', 'manual__2022-11-07T04:59:15.785214+00:00', '--job-id', '164', '--raw', '--subdir', 'DAGS_FOLDER/my_dag.py', '--cfg-path', '/tmp/tmpsgbfqli5']
[2022-11-07T04:59:16.601+0000] {standard_task_runner.py:83} INFO - Job 164: Subtask training_model_B
[2022-11-07T04:59:16.638+0000] {task_command.py:376} INFO - Running <TaskInstance: my_dag.training_model_B manual__2022-11-07T04:59:15.785214+00:00 [running]> on host 65bebd3e66a2
[2022-11-07T04:59:16.678+0000] {taskinstance.py:1592} INFO - Exporting the following env vars:
AIRFLOW_CTX_DAG_OWNER=***
AIRFLOW_CTX_DAG_ID=my_dag
AIRFLOW_CTX_TASK_ID=training_model_B
AIRFLOW_CTX_EXECUTION_DATE=2022-11-07T04:59:15.785214+00:00
AIRFLOW_CTX_TRY_NUMBER=1
AIRFLOW_CTX_DAG_RUN_ID=manual__2022-11-07T04:59:15.785214+00:00
[2022-11-07T04:59:16.678+0000] {python.py:177} INFO - Done. Returned value was: 7
[2022-11-07T04:59:16.691+0000] {taskinstance.py:1406} INFO - Marking task as SUCCESS. dag_id=my_dag, task_id=training_model_B, execution_date=20221107T045915, start_date=20221107T045916, end_date=20221107T045916
[2022-11-07T04:59:16.733+0000] {local_task_job.py:164} INFO - Task exited with return code 0
[2022-11-07T04:59:16.750+0000] {local_task_job.py:273} INFO - 1 downstream tasks scheduled from follow-on schedule check
